[2024-01-14T15:08:50.388+0200] {processor.py:161} INFO - Started process (PID=16290) to work on /home/mahmoud/airflow_env/lib/python3.10/site-packages/airflow/example_dags/plugins/event_listener.py
[2024-01-14T15:08:50.390+0200] {processor.py:830} INFO - Processing file /home/mahmoud/airflow_env/lib/python3.10/site-packages/airflow/example_dags/plugins/event_listener.py for tasks to queue
[2024-01-14T15:08:50.391+0200] {logging_mixin.py:188} INFO - [2024-01-14T15:08:50.390+0200] {dagbag.py:538} INFO - Filling up the DagBag from /home/mahmoud/airflow_env/lib/python3.10/site-packages/airflow/example_dags/plugins/event_listener.py
[2024-01-14T15:08:50.394+0200] {processor.py:842} WARNING - No viable dags retrieved from /home/mahmoud/airflow_env/lib/python3.10/site-packages/airflow/example_dags/plugins/event_listener.py
[2024-01-14T15:08:50.406+0200] {processor.py:183} INFO - Processing /home/mahmoud/airflow_env/lib/python3.10/site-packages/airflow/example_dags/plugins/event_listener.py took 0.022 seconds
[2024-01-14T15:09:51.202+0200] {processor.py:161} INFO - Started process (PID=16632) to work on /home/mahmoud/airflow_env/lib/python3.10/site-packages/airflow/example_dags/plugins/event_listener.py
[2024-01-14T15:09:51.204+0200] {processor.py:830} INFO - Processing file /home/mahmoud/airflow_env/lib/python3.10/site-packages/airflow/example_dags/plugins/event_listener.py for tasks to queue
[2024-01-14T15:09:51.205+0200] {logging_mixin.py:188} INFO - [2024-01-14T15:09:51.204+0200] {dagbag.py:538} INFO - Filling up the DagBag from /home/mahmoud/airflow_env/lib/python3.10/site-packages/airflow/example_dags/plugins/event_listener.py
[2024-01-14T15:09:51.208+0200] {processor.py:842} WARNING - No viable dags retrieved from /home/mahmoud/airflow_env/lib/python3.10/site-packages/airflow/example_dags/plugins/event_listener.py
[2024-01-14T15:09:51.221+0200] {processor.py:183} INFO - Processing /home/mahmoud/airflow_env/lib/python3.10/site-packages/airflow/example_dags/plugins/event_listener.py took 0.025 seconds
[2024-01-14T15:10:49.503+0200] {processor.py:161} INFO - Started process (PID=16871) to work on /home/mahmoud/airflow_env/lib/python3.10/site-packages/airflow/example_dags/plugins/event_listener.py
[2024-01-14T15:10:49.504+0200] {processor.py:830} INFO - Processing file /home/mahmoud/airflow_env/lib/python3.10/site-packages/airflow/example_dags/plugins/event_listener.py for tasks to queue
[2024-01-14T15:10:49.505+0200] {logging_mixin.py:188} INFO - [2024-01-14T15:10:49.505+0200] {dagbag.py:538} INFO - Filling up the DagBag from /home/mahmoud/airflow_env/lib/python3.10/site-packages/airflow/example_dags/plugins/event_listener.py
[2024-01-14T15:10:49.508+0200] {processor.py:842} WARNING - No viable dags retrieved from /home/mahmoud/airflow_env/lib/python3.10/site-packages/airflow/example_dags/plugins/event_listener.py
[2024-01-14T15:10:49.519+0200] {processor.py:183} INFO - Processing /home/mahmoud/airflow_env/lib/python3.10/site-packages/airflow/example_dags/plugins/event_listener.py took 0.020 seconds
[2024-01-14T15:11:47.942+0200] {processor.py:161} INFO - Started process (PID=17143) to work on /home/mahmoud/airflow_env/lib/python3.10/site-packages/airflow/example_dags/plugins/event_listener.py
[2024-01-14T15:11:47.945+0200] {processor.py:830} INFO - Processing file /home/mahmoud/airflow_env/lib/python3.10/site-packages/airflow/example_dags/plugins/event_listener.py for tasks to queue
[2024-01-14T15:11:47.945+0200] {logging_mixin.py:188} INFO - [2024-01-14T15:11:47.945+0200] {dagbag.py:538} INFO - Filling up the DagBag from /home/mahmoud/airflow_env/lib/python3.10/site-packages/airflow/example_dags/plugins/event_listener.py
[2024-01-14T15:11:47.947+0200] {processor.py:842} WARNING - No viable dags retrieved from /home/mahmoud/airflow_env/lib/python3.10/site-packages/airflow/example_dags/plugins/event_listener.py
[2024-01-14T15:11:47.956+0200] {processor.py:183} INFO - Processing /home/mahmoud/airflow_env/lib/python3.10/site-packages/airflow/example_dags/plugins/event_listener.py took 0.018 seconds
[2024-01-14T15:12:40.268+0200] {processor.py:161} INFO - Started process (PID=17350) to work on /home/mahmoud/airflow_env/lib/python3.10/site-packages/airflow/example_dags/plugins/event_listener.py
[2024-01-14T15:12:40.271+0200] {processor.py:830} INFO - Processing file /home/mahmoud/airflow_env/lib/python3.10/site-packages/airflow/example_dags/plugins/event_listener.py for tasks to queue
[2024-01-14T15:12:40.272+0200] {logging_mixin.py:188} INFO - [2024-01-14T15:12:40.271+0200] {dagbag.py:538} INFO - Filling up the DagBag from /home/mahmoud/airflow_env/lib/python3.10/site-packages/airflow/example_dags/plugins/event_listener.py
[2024-01-14T15:12:40.274+0200] {processor.py:842} WARNING - No viable dags retrieved from /home/mahmoud/airflow_env/lib/python3.10/site-packages/airflow/example_dags/plugins/event_listener.py
[2024-01-14T15:12:40.284+0200] {processor.py:183} INFO - Processing /home/mahmoud/airflow_env/lib/python3.10/site-packages/airflow/example_dags/plugins/event_listener.py took 0.020 seconds
[2024-01-14T15:13:34.814+0200] {processor.py:161} INFO - Started process (PID=17588) to work on /home/mahmoud/airflow_env/lib/python3.10/site-packages/airflow/example_dags/plugins/event_listener.py
[2024-01-14T15:13:34.816+0200] {processor.py:830} INFO - Processing file /home/mahmoud/airflow_env/lib/python3.10/site-packages/airflow/example_dags/plugins/event_listener.py for tasks to queue
[2024-01-14T15:13:34.818+0200] {logging_mixin.py:188} INFO - [2024-01-14T15:13:34.817+0200] {dagbag.py:538} INFO - Filling up the DagBag from /home/mahmoud/airflow_env/lib/python3.10/site-packages/airflow/example_dags/plugins/event_listener.py
[2024-01-14T15:13:34.821+0200] {processor.py:842} WARNING - No viable dags retrieved from /home/mahmoud/airflow_env/lib/python3.10/site-packages/airflow/example_dags/plugins/event_listener.py
[2024-01-14T15:13:34.833+0200] {processor.py:183} INFO - Processing /home/mahmoud/airflow_env/lib/python3.10/site-packages/airflow/example_dags/plugins/event_listener.py took 0.025 seconds
[2024-01-14T15:20:37.039+0200] {processor.py:161} INFO - Started process (PID=19606) to work on /home/mahmoud/airflow_env/lib/python3.10/site-packages/airflow/example_dags/plugins/event_listener.py
[2024-01-14T15:20:37.041+0200] {processor.py:830} INFO - Processing file /home/mahmoud/airflow_env/lib/python3.10/site-packages/airflow/example_dags/plugins/event_listener.py for tasks to queue
[2024-01-14T15:20:37.042+0200] {logging_mixin.py:188} INFO - [2024-01-14T15:20:37.042+0200] {dagbag.py:538} INFO - Filling up the DagBag from /home/mahmoud/airflow_env/lib/python3.10/site-packages/airflow/example_dags/plugins/event_listener.py
[2024-01-14T15:20:37.045+0200] {processor.py:842} WARNING - No viable dags retrieved from /home/mahmoud/airflow_env/lib/python3.10/site-packages/airflow/example_dags/plugins/event_listener.py
[2024-01-14T15:20:37.057+0200] {processor.py:183} INFO - Processing /home/mahmoud/airflow_env/lib/python3.10/site-packages/airflow/example_dags/plugins/event_listener.py took 0.022 seconds
[2024-01-14T15:21:36.732+0200] {processor.py:161} INFO - Started process (PID=19840) to work on /home/mahmoud/airflow_env/lib/python3.10/site-packages/airflow/example_dags/plugins/event_listener.py
[2024-01-14T15:21:36.735+0200] {processor.py:830} INFO - Processing file /home/mahmoud/airflow_env/lib/python3.10/site-packages/airflow/example_dags/plugins/event_listener.py for tasks to queue
[2024-01-14T15:21:36.735+0200] {logging_mixin.py:188} INFO - [2024-01-14T15:21:36.735+0200] {dagbag.py:538} INFO - Filling up the DagBag from /home/mahmoud/airflow_env/lib/python3.10/site-packages/airflow/example_dags/plugins/event_listener.py
[2024-01-14T15:21:36.738+0200] {processor.py:842} WARNING - No viable dags retrieved from /home/mahmoud/airflow_env/lib/python3.10/site-packages/airflow/example_dags/plugins/event_listener.py
[2024-01-14T15:21:36.747+0200] {processor.py:183} INFO - Processing /home/mahmoud/airflow_env/lib/python3.10/site-packages/airflow/example_dags/plugins/event_listener.py took 0.018 seconds
[2024-01-14T15:22:32.252+0200] {processor.py:161} INFO - Started process (PID=20060) to work on /home/mahmoud/airflow_env/lib/python3.10/site-packages/airflow/example_dags/plugins/event_listener.py
[2024-01-14T15:22:32.255+0200] {processor.py:830} INFO - Processing file /home/mahmoud/airflow_env/lib/python3.10/site-packages/airflow/example_dags/plugins/event_listener.py for tasks to queue
[2024-01-14T15:22:32.257+0200] {logging_mixin.py:188} INFO - [2024-01-14T15:22:32.256+0200] {dagbag.py:538} INFO - Filling up the DagBag from /home/mahmoud/airflow_env/lib/python3.10/site-packages/airflow/example_dags/plugins/event_listener.py
[2024-01-14T15:22:32.261+0200] {processor.py:842} WARNING - No viable dags retrieved from /home/mahmoud/airflow_env/lib/python3.10/site-packages/airflow/example_dags/plugins/event_listener.py
[2024-01-14T15:22:32.275+0200] {processor.py:183} INFO - Processing /home/mahmoud/airflow_env/lib/python3.10/site-packages/airflow/example_dags/plugins/event_listener.py took 0.028 seconds
[2024-01-14T15:38:29.518+0200] {processor.py:161} INFO - Started process (PID=24779) to work on /home/mahmoud/airflow_env/lib/python3.10/site-packages/airflow/example_dags/plugins/event_listener.py
[2024-01-14T15:38:29.521+0200] {processor.py:830} INFO - Processing file /home/mahmoud/airflow_env/lib/python3.10/site-packages/airflow/example_dags/plugins/event_listener.py for tasks to queue
[2024-01-14T15:38:29.522+0200] {logging_mixin.py:188} INFO - [2024-01-14T15:38:29.522+0200] {dagbag.py:538} INFO - Filling up the DagBag from /home/mahmoud/airflow_env/lib/python3.10/site-packages/airflow/example_dags/plugins/event_listener.py
[2024-01-14T15:38:29.526+0200] {processor.py:842} WARNING - No viable dags retrieved from /home/mahmoud/airflow_env/lib/python3.10/site-packages/airflow/example_dags/plugins/event_listener.py
[2024-01-14T15:38:29.537+0200] {processor.py:183} INFO - Processing /home/mahmoud/airflow_env/lib/python3.10/site-packages/airflow/example_dags/plugins/event_listener.py took 0.026 seconds
[2024-01-14T15:39:26.146+0200] {processor.py:161} INFO - Started process (PID=25156) to work on /home/mahmoud/airflow_env/lib/python3.10/site-packages/airflow/example_dags/plugins/event_listener.py
[2024-01-14T15:39:26.148+0200] {processor.py:830} INFO - Processing file /home/mahmoud/airflow_env/lib/python3.10/site-packages/airflow/example_dags/plugins/event_listener.py for tasks to queue
[2024-01-14T15:39:26.149+0200] {logging_mixin.py:188} INFO - [2024-01-14T15:39:26.148+0200] {dagbag.py:538} INFO - Filling up the DagBag from /home/mahmoud/airflow_env/lib/python3.10/site-packages/airflow/example_dags/plugins/event_listener.py
[2024-01-14T15:39:26.150+0200] {processor.py:842} WARNING - No viable dags retrieved from /home/mahmoud/airflow_env/lib/python3.10/site-packages/airflow/example_dags/plugins/event_listener.py
[2024-01-14T15:39:26.159+0200] {processor.py:183} INFO - Processing /home/mahmoud/airflow_env/lib/python3.10/site-packages/airflow/example_dags/plugins/event_listener.py took 0.015 seconds
[2024-01-14T15:40:14.343+0200] {processor.py:161} INFO - Started process (PID=25352) to work on /home/mahmoud/airflow_env/lib/python3.10/site-packages/airflow/example_dags/plugins/event_listener.py
[2024-01-14T15:40:14.362+0200] {processor.py:830} INFO - Processing file /home/mahmoud/airflow_env/lib/python3.10/site-packages/airflow/example_dags/plugins/event_listener.py for tasks to queue
[2024-01-14T15:40:14.363+0200] {logging_mixin.py:188} INFO - [2024-01-14T15:40:14.362+0200] {dagbag.py:538} INFO - Filling up the DagBag from /home/mahmoud/airflow_env/lib/python3.10/site-packages/airflow/example_dags/plugins/event_listener.py
[2024-01-14T15:40:14.364+0200] {processor.py:842} WARNING - No viable dags retrieved from /home/mahmoud/airflow_env/lib/python3.10/site-packages/airflow/example_dags/plugins/event_listener.py
[2024-01-14T15:40:14.373+0200] {processor.py:183} INFO - Processing /home/mahmoud/airflow_env/lib/python3.10/site-packages/airflow/example_dags/plugins/event_listener.py took 0.032 seconds
[2024-01-14T15:41:11.923+0200] {processor.py:161} INFO - Started process (PID=25641) to work on /home/mahmoud/airflow_env/lib/python3.10/site-packages/airflow/example_dags/plugins/event_listener.py
[2024-01-14T15:41:11.925+0200] {processor.py:830} INFO - Processing file /home/mahmoud/airflow_env/lib/python3.10/site-packages/airflow/example_dags/plugins/event_listener.py for tasks to queue
[2024-01-14T15:41:11.926+0200] {logging_mixin.py:188} INFO - [2024-01-14T15:41:11.926+0200] {dagbag.py:538} INFO - Filling up the DagBag from /home/mahmoud/airflow_env/lib/python3.10/site-packages/airflow/example_dags/plugins/event_listener.py
[2024-01-14T15:41:11.928+0200] {processor.py:842} WARNING - No viable dags retrieved from /home/mahmoud/airflow_env/lib/python3.10/site-packages/airflow/example_dags/plugins/event_listener.py
[2024-01-14T15:41:11.939+0200] {processor.py:183} INFO - Processing /home/mahmoud/airflow_env/lib/python3.10/site-packages/airflow/example_dags/plugins/event_listener.py took 0.019 seconds
[2024-01-14T15:42:03.579+0200] {processor.py:161} INFO - Started process (PID=25844) to work on /home/mahmoud/airflow_env/lib/python3.10/site-packages/airflow/example_dags/plugins/event_listener.py
[2024-01-14T15:42:03.581+0200] {processor.py:830} INFO - Processing file /home/mahmoud/airflow_env/lib/python3.10/site-packages/airflow/example_dags/plugins/event_listener.py for tasks to queue
[2024-01-14T15:42:03.582+0200] {logging_mixin.py:188} INFO - [2024-01-14T15:42:03.582+0200] {dagbag.py:538} INFO - Filling up the DagBag from /home/mahmoud/airflow_env/lib/python3.10/site-packages/airflow/example_dags/plugins/event_listener.py
[2024-01-14T15:42:03.585+0200] {processor.py:842} WARNING - No viable dags retrieved from /home/mahmoud/airflow_env/lib/python3.10/site-packages/airflow/example_dags/plugins/event_listener.py
[2024-01-14T15:42:03.593+0200] {processor.py:183} INFO - Processing /home/mahmoud/airflow_env/lib/python3.10/site-packages/airflow/example_dags/plugins/event_listener.py took 0.016 seconds
[2024-01-14T15:43:33.319+0200] {processor.py:161} INFO - Started process (PID=26756) to work on /home/mahmoud/airflow_env/lib/python3.10/site-packages/airflow/example_dags/plugins/event_listener.py
[2024-01-14T15:43:33.322+0200] {processor.py:830} INFO - Processing file /home/mahmoud/airflow_env/lib/python3.10/site-packages/airflow/example_dags/plugins/event_listener.py for tasks to queue
[2024-01-14T15:43:33.324+0200] {logging_mixin.py:188} INFO - [2024-01-14T15:43:33.323+0200] {dagbag.py:538} INFO - Filling up the DagBag from /home/mahmoud/airflow_env/lib/python3.10/site-packages/airflow/example_dags/plugins/event_listener.py
[2024-01-14T15:43:33.327+0200] {processor.py:842} WARNING - No viable dags retrieved from /home/mahmoud/airflow_env/lib/python3.10/site-packages/airflow/example_dags/plugins/event_listener.py
[2024-01-14T15:43:33.340+0200] {processor.py:183} INFO - Processing /home/mahmoud/airflow_env/lib/python3.10/site-packages/airflow/example_dags/plugins/event_listener.py took 0.027 seconds
[2024-01-14T15:44:39.662+0200] {processor.py:161} INFO - Started process (PID=27468) to work on /home/mahmoud/airflow_env/lib/python3.10/site-packages/airflow/example_dags/plugins/event_listener.py
[2024-01-14T15:44:39.664+0200] {processor.py:830} INFO - Processing file /home/mahmoud/airflow_env/lib/python3.10/site-packages/airflow/example_dags/plugins/event_listener.py for tasks to queue
[2024-01-14T15:44:39.665+0200] {logging_mixin.py:188} INFO - [2024-01-14T15:44:39.665+0200] {dagbag.py:538} INFO - Filling up the DagBag from /home/mahmoud/airflow_env/lib/python3.10/site-packages/airflow/example_dags/plugins/event_listener.py
[2024-01-14T15:44:39.667+0200] {processor.py:842} WARNING - No viable dags retrieved from /home/mahmoud/airflow_env/lib/python3.10/site-packages/airflow/example_dags/plugins/event_listener.py
[2024-01-14T15:44:39.678+0200] {processor.py:183} INFO - Processing /home/mahmoud/airflow_env/lib/python3.10/site-packages/airflow/example_dags/plugins/event_listener.py took 0.019 seconds
[2024-01-14T15:45:27.445+0200] {processor.py:161} INFO - Started process (PID=27792) to work on /home/mahmoud/airflow_env/lib/python3.10/site-packages/airflow/example_dags/plugins/event_listener.py
[2024-01-14T15:45:27.447+0200] {processor.py:830} INFO - Processing file /home/mahmoud/airflow_env/lib/python3.10/site-packages/airflow/example_dags/plugins/event_listener.py for tasks to queue
[2024-01-14T15:45:27.448+0200] {logging_mixin.py:188} INFO - [2024-01-14T15:45:27.447+0200] {dagbag.py:538} INFO - Filling up the DagBag from /home/mahmoud/airflow_env/lib/python3.10/site-packages/airflow/example_dags/plugins/event_listener.py
[2024-01-14T15:45:27.449+0200] {processor.py:842} WARNING - No viable dags retrieved from /home/mahmoud/airflow_env/lib/python3.10/site-packages/airflow/example_dags/plugins/event_listener.py
[2024-01-14T15:45:27.459+0200] {processor.py:183} INFO - Processing /home/mahmoud/airflow_env/lib/python3.10/site-packages/airflow/example_dags/plugins/event_listener.py took 0.018 seconds
[2024-01-14T15:46:19.397+0200] {processor.py:161} INFO - Started process (PID=27995) to work on /home/mahmoud/airflow_env/lib/python3.10/site-packages/airflow/example_dags/plugins/event_listener.py
[2024-01-14T15:46:19.399+0200] {processor.py:830} INFO - Processing file /home/mahmoud/airflow_env/lib/python3.10/site-packages/airflow/example_dags/plugins/event_listener.py for tasks to queue
[2024-01-14T15:46:19.400+0200] {logging_mixin.py:188} INFO - [2024-01-14T15:46:19.399+0200] {dagbag.py:538} INFO - Filling up the DagBag from /home/mahmoud/airflow_env/lib/python3.10/site-packages/airflow/example_dags/plugins/event_listener.py
[2024-01-14T15:46:19.402+0200] {processor.py:842} WARNING - No viable dags retrieved from /home/mahmoud/airflow_env/lib/python3.10/site-packages/airflow/example_dags/plugins/event_listener.py
[2024-01-14T15:46:19.410+0200] {processor.py:183} INFO - Processing /home/mahmoud/airflow_env/lib/python3.10/site-packages/airflow/example_dags/plugins/event_listener.py took 0.016 seconds
[2024-01-14T15:47:13.088+0200] {processor.py:161} INFO - Started process (PID=28273) to work on /home/mahmoud/airflow_env/lib/python3.10/site-packages/airflow/example_dags/plugins/event_listener.py
[2024-01-14T15:47:13.089+0200] {processor.py:830} INFO - Processing file /home/mahmoud/airflow_env/lib/python3.10/site-packages/airflow/example_dags/plugins/event_listener.py for tasks to queue
[2024-01-14T15:47:13.090+0200] {logging_mixin.py:188} INFO - [2024-01-14T15:47:13.090+0200] {dagbag.py:538} INFO - Filling up the DagBag from /home/mahmoud/airflow_env/lib/python3.10/site-packages/airflow/example_dags/plugins/event_listener.py
[2024-01-14T15:47:13.092+0200] {processor.py:842} WARNING - No viable dags retrieved from /home/mahmoud/airflow_env/lib/python3.10/site-packages/airflow/example_dags/plugins/event_listener.py
[2024-01-14T15:47:13.099+0200] {processor.py:183} INFO - Processing /home/mahmoud/airflow_env/lib/python3.10/site-packages/airflow/example_dags/plugins/event_listener.py took 0.014 seconds
[2024-01-14T15:48:05.472+0200] {processor.py:161} INFO - Started process (PID=28511) to work on /home/mahmoud/airflow_env/lib/python3.10/site-packages/airflow/example_dags/plugins/event_listener.py
[2024-01-14T15:48:05.475+0200] {processor.py:830} INFO - Processing file /home/mahmoud/airflow_env/lib/python3.10/site-packages/airflow/example_dags/plugins/event_listener.py for tasks to queue
[2024-01-14T15:48:05.475+0200] {logging_mixin.py:188} INFO - [2024-01-14T15:48:05.475+0200] {dagbag.py:538} INFO - Filling up the DagBag from /home/mahmoud/airflow_env/lib/python3.10/site-packages/airflow/example_dags/plugins/event_listener.py
[2024-01-14T15:48:05.478+0200] {processor.py:842} WARNING - No viable dags retrieved from /home/mahmoud/airflow_env/lib/python3.10/site-packages/airflow/example_dags/plugins/event_listener.py
[2024-01-14T15:48:05.487+0200] {processor.py:183} INFO - Processing /home/mahmoud/airflow_env/lib/python3.10/site-packages/airflow/example_dags/plugins/event_listener.py took 0.018 seconds
[2024-01-14T15:48:59.148+0200] {processor.py:161} INFO - Started process (PID=28722) to work on /home/mahmoud/airflow_env/lib/python3.10/site-packages/airflow/example_dags/plugins/event_listener.py
[2024-01-14T15:48:59.150+0200] {processor.py:830} INFO - Processing file /home/mahmoud/airflow_env/lib/python3.10/site-packages/airflow/example_dags/plugins/event_listener.py for tasks to queue
[2024-01-14T15:48:59.151+0200] {logging_mixin.py:188} INFO - [2024-01-14T15:48:59.150+0200] {dagbag.py:538} INFO - Filling up the DagBag from /home/mahmoud/airflow_env/lib/python3.10/site-packages/airflow/example_dags/plugins/event_listener.py
[2024-01-14T15:48:59.153+0200] {processor.py:842} WARNING - No viable dags retrieved from /home/mahmoud/airflow_env/lib/python3.10/site-packages/airflow/example_dags/plugins/event_listener.py
[2024-01-14T15:48:59.165+0200] {processor.py:183} INFO - Processing /home/mahmoud/airflow_env/lib/python3.10/site-packages/airflow/example_dags/plugins/event_listener.py took 0.021 seconds
[2024-01-14T15:49:53.593+0200] {processor.py:161} INFO - Started process (PID=28934) to work on /home/mahmoud/airflow_env/lib/python3.10/site-packages/airflow/example_dags/plugins/event_listener.py
[2024-01-14T15:49:53.595+0200] {processor.py:830} INFO - Processing file /home/mahmoud/airflow_env/lib/python3.10/site-packages/airflow/example_dags/plugins/event_listener.py for tasks to queue
[2024-01-14T15:49:53.596+0200] {logging_mixin.py:188} INFO - [2024-01-14T15:49:53.596+0200] {dagbag.py:538} INFO - Filling up the DagBag from /home/mahmoud/airflow_env/lib/python3.10/site-packages/airflow/example_dags/plugins/event_listener.py
[2024-01-14T15:49:53.599+0200] {processor.py:842} WARNING - No viable dags retrieved from /home/mahmoud/airflow_env/lib/python3.10/site-packages/airflow/example_dags/plugins/event_listener.py
[2024-01-14T15:49:53.608+0200] {processor.py:183} INFO - Processing /home/mahmoud/airflow_env/lib/python3.10/site-packages/airflow/example_dags/plugins/event_listener.py took 0.018 seconds
[2024-01-14T15:50:44.135+0200] {processor.py:161} INFO - Started process (PID=29137) to work on /home/mahmoud/airflow_env/lib/python3.10/site-packages/airflow/example_dags/plugins/event_listener.py
[2024-01-14T15:50:44.138+0200] {processor.py:830} INFO - Processing file /home/mahmoud/airflow_env/lib/python3.10/site-packages/airflow/example_dags/plugins/event_listener.py for tasks to queue
[2024-01-14T15:50:44.139+0200] {logging_mixin.py:188} INFO - [2024-01-14T15:50:44.138+0200] {dagbag.py:538} INFO - Filling up the DagBag from /home/mahmoud/airflow_env/lib/python3.10/site-packages/airflow/example_dags/plugins/event_listener.py
[2024-01-14T15:50:44.143+0200] {processor.py:842} WARNING - No viable dags retrieved from /home/mahmoud/airflow_env/lib/python3.10/site-packages/airflow/example_dags/plugins/event_listener.py
[2024-01-14T15:50:44.161+0200] {processor.py:183} INFO - Processing /home/mahmoud/airflow_env/lib/python3.10/site-packages/airflow/example_dags/plugins/event_listener.py took 0.032 seconds
[2024-01-14T15:51:36.375+0200] {processor.py:161} INFO - Started process (PID=29341) to work on /home/mahmoud/airflow_env/lib/python3.10/site-packages/airflow/example_dags/plugins/event_listener.py
[2024-01-14T15:51:36.376+0200] {processor.py:830} INFO - Processing file /home/mahmoud/airflow_env/lib/python3.10/site-packages/airflow/example_dags/plugins/event_listener.py for tasks to queue
[2024-01-14T15:51:36.377+0200] {logging_mixin.py:188} INFO - [2024-01-14T15:51:36.377+0200] {dagbag.py:538} INFO - Filling up the DagBag from /home/mahmoud/airflow_env/lib/python3.10/site-packages/airflow/example_dags/plugins/event_listener.py
[2024-01-14T15:51:36.379+0200] {processor.py:842} WARNING - No viable dags retrieved from /home/mahmoud/airflow_env/lib/python3.10/site-packages/airflow/example_dags/plugins/event_listener.py
[2024-01-14T15:51:36.388+0200] {processor.py:183} INFO - Processing /home/mahmoud/airflow_env/lib/python3.10/site-packages/airflow/example_dags/plugins/event_listener.py took 0.015 seconds
[2024-01-14T15:52:28.276+0200] {processor.py:161} INFO - Started process (PID=29545) to work on /home/mahmoud/airflow_env/lib/python3.10/site-packages/airflow/example_dags/plugins/event_listener.py
[2024-01-14T15:52:28.277+0200] {processor.py:830} INFO - Processing file /home/mahmoud/airflow_env/lib/python3.10/site-packages/airflow/example_dags/plugins/event_listener.py for tasks to queue
[2024-01-14T15:52:28.278+0200] {logging_mixin.py:188} INFO - [2024-01-14T15:52:28.278+0200] {dagbag.py:538} INFO - Filling up the DagBag from /home/mahmoud/airflow_env/lib/python3.10/site-packages/airflow/example_dags/plugins/event_listener.py
[2024-01-14T15:52:28.280+0200] {processor.py:842} WARNING - No viable dags retrieved from /home/mahmoud/airflow_env/lib/python3.10/site-packages/airflow/example_dags/plugins/event_listener.py
[2024-01-14T15:52:28.289+0200] {processor.py:183} INFO - Processing /home/mahmoud/airflow_env/lib/python3.10/site-packages/airflow/example_dags/plugins/event_listener.py took 0.016 seconds
[2024-01-14T15:53:18.567+0200] {processor.py:161} INFO - Started process (PID=29777) to work on /home/mahmoud/airflow_env/lib/python3.10/site-packages/airflow/example_dags/plugins/event_listener.py
[2024-01-14T15:53:18.568+0200] {processor.py:830} INFO - Processing file /home/mahmoud/airflow_env/lib/python3.10/site-packages/airflow/example_dags/plugins/event_listener.py for tasks to queue
[2024-01-14T15:53:18.569+0200] {logging_mixin.py:188} INFO - [2024-01-14T15:53:18.568+0200] {dagbag.py:538} INFO - Filling up the DagBag from /home/mahmoud/airflow_env/lib/python3.10/site-packages/airflow/example_dags/plugins/event_listener.py
[2024-01-14T15:53:18.571+0200] {processor.py:842} WARNING - No viable dags retrieved from /home/mahmoud/airflow_env/lib/python3.10/site-packages/airflow/example_dags/plugins/event_listener.py
[2024-01-14T15:53:18.579+0200] {processor.py:183} INFO - Processing /home/mahmoud/airflow_env/lib/python3.10/site-packages/airflow/example_dags/plugins/event_listener.py took 0.015 seconds
[2024-01-14T15:54:29.078+0200] {processor.py:161} INFO - Started process (PID=30029) to work on /home/mahmoud/airflow_env/lib/python3.10/site-packages/airflow/example_dags/plugins/event_listener.py
[2024-01-14T15:54:29.082+0200] {processor.py:830} INFO - Processing file /home/mahmoud/airflow_env/lib/python3.10/site-packages/airflow/example_dags/plugins/event_listener.py for tasks to queue
[2024-01-14T15:54:29.085+0200] {logging_mixin.py:188} INFO - [2024-01-14T15:54:29.084+0200] {dagbag.py:538} INFO - Filling up the DagBag from /home/mahmoud/airflow_env/lib/python3.10/site-packages/airflow/example_dags/plugins/event_listener.py
[2024-01-14T15:54:29.092+0200] {processor.py:842} WARNING - No viable dags retrieved from /home/mahmoud/airflow_env/lib/python3.10/site-packages/airflow/example_dags/plugins/event_listener.py
[2024-01-14T15:54:29.128+0200] {processor.py:183} INFO - Processing /home/mahmoud/airflow_env/lib/python3.10/site-packages/airflow/example_dags/plugins/event_listener.py took 0.060 seconds
[2024-01-14T15:55:41.050+0200] {processor.py:161} INFO - Started process (PID=30277) to work on /home/mahmoud/airflow_env/lib/python3.10/site-packages/airflow/example_dags/plugins/event_listener.py
[2024-01-14T15:55:41.054+0200] {processor.py:830} INFO - Processing file /home/mahmoud/airflow_env/lib/python3.10/site-packages/airflow/example_dags/plugins/event_listener.py for tasks to queue
[2024-01-14T15:55:41.056+0200] {logging_mixin.py:188} INFO - [2024-01-14T15:55:41.055+0200] {dagbag.py:538} INFO - Filling up the DagBag from /home/mahmoud/airflow_env/lib/python3.10/site-packages/airflow/example_dags/plugins/event_listener.py
[2024-01-14T15:55:41.062+0200] {processor.py:842} WARNING - No viable dags retrieved from /home/mahmoud/airflow_env/lib/python3.10/site-packages/airflow/example_dags/plugins/event_listener.py
[2024-01-14T15:55:41.093+0200] {processor.py:183} INFO - Processing /home/mahmoud/airflow_env/lib/python3.10/site-packages/airflow/example_dags/plugins/event_listener.py took 0.052 seconds
[2024-01-14T15:56:41.335+0200] {processor.py:161} INFO - Started process (PID=30489) to work on /home/mahmoud/airflow_env/lib/python3.10/site-packages/airflow/example_dags/plugins/event_listener.py
[2024-01-14T15:56:41.338+0200] {processor.py:830} INFO - Processing file /home/mahmoud/airflow_env/lib/python3.10/site-packages/airflow/example_dags/plugins/event_listener.py for tasks to queue
[2024-01-14T15:56:41.341+0200] {logging_mixin.py:188} INFO - [2024-01-14T15:56:41.340+0200] {dagbag.py:538} INFO - Filling up the DagBag from /home/mahmoud/airflow_env/lib/python3.10/site-packages/airflow/example_dags/plugins/event_listener.py
[2024-01-14T15:56:41.347+0200] {processor.py:842} WARNING - No viable dags retrieved from /home/mahmoud/airflow_env/lib/python3.10/site-packages/airflow/example_dags/plugins/event_listener.py
[2024-01-14T15:56:41.376+0200] {processor.py:183} INFO - Processing /home/mahmoud/airflow_env/lib/python3.10/site-packages/airflow/example_dags/plugins/event_listener.py took 0.050 seconds
[2024-01-14T15:57:57.153+0200] {processor.py:161} INFO - Started process (PID=30795) to work on /home/mahmoud/airflow_env/lib/python3.10/site-packages/airflow/example_dags/plugins/event_listener.py
[2024-01-14T15:57:57.154+0200] {processor.py:830} INFO - Processing file /home/mahmoud/airflow_env/lib/python3.10/site-packages/airflow/example_dags/plugins/event_listener.py for tasks to queue
[2024-01-14T15:57:57.155+0200] {logging_mixin.py:188} INFO - [2024-01-14T15:57:57.155+0200] {dagbag.py:538} INFO - Filling up the DagBag from /home/mahmoud/airflow_env/lib/python3.10/site-packages/airflow/example_dags/plugins/event_listener.py
[2024-01-14T15:57:57.157+0200] {processor.py:842} WARNING - No viable dags retrieved from /home/mahmoud/airflow_env/lib/python3.10/site-packages/airflow/example_dags/plugins/event_listener.py
[2024-01-14T15:57:57.165+0200] {processor.py:183} INFO - Processing /home/mahmoud/airflow_env/lib/python3.10/site-packages/airflow/example_dags/plugins/event_listener.py took 0.014 seconds
