[2024-01-14T15:08:51.542+0200] {processor.py:161} INFO - Started process (PID=16291) to work on /home/mahmoud/airflow_env/lib/python3.10/site-packages/airflow/example_dags/plugins/listener_plugin.py
[2024-01-14T15:08:51.543+0200] {processor.py:830} INFO - Processing file /home/mahmoud/airflow_env/lib/python3.10/site-packages/airflow/example_dags/plugins/listener_plugin.py for tasks to queue
[2024-01-14T15:08:51.544+0200] {logging_mixin.py:188} INFO - [2024-01-14T15:08:51.544+0200] {dagbag.py:538} INFO - Filling up the DagBag from /home/mahmoud/airflow_env/lib/python3.10/site-packages/airflow/example_dags/plugins/listener_plugin.py
[2024-01-14T15:08:51.547+0200] {processor.py:842} WARNING - No viable dags retrieved from /home/mahmoud/airflow_env/lib/python3.10/site-packages/airflow/example_dags/plugins/listener_plugin.py
[2024-01-14T15:08:51.556+0200] {processor.py:183} INFO - Processing /home/mahmoud/airflow_env/lib/python3.10/site-packages/airflow/example_dags/plugins/listener_plugin.py took 0.017 seconds
[2024-01-14T15:09:52.387+0200] {processor.py:161} INFO - Started process (PID=16639) to work on /home/mahmoud/airflow_env/lib/python3.10/site-packages/airflow/example_dags/plugins/listener_plugin.py
[2024-01-14T15:09:52.390+0200] {processor.py:830} INFO - Processing file /home/mahmoud/airflow_env/lib/python3.10/site-packages/airflow/example_dags/plugins/listener_plugin.py for tasks to queue
[2024-01-14T15:09:52.392+0200] {logging_mixin.py:188} INFO - [2024-01-14T15:09:52.391+0200] {dagbag.py:538} INFO - Filling up the DagBag from /home/mahmoud/airflow_env/lib/python3.10/site-packages/airflow/example_dags/plugins/listener_plugin.py
[2024-01-14T15:09:52.396+0200] {processor.py:842} WARNING - No viable dags retrieved from /home/mahmoud/airflow_env/lib/python3.10/site-packages/airflow/example_dags/plugins/listener_plugin.py
[2024-01-14T15:09:52.413+0200] {processor.py:183} INFO - Processing /home/mahmoud/airflow_env/lib/python3.10/site-packages/airflow/example_dags/plugins/listener_plugin.py took 0.031 seconds
[2024-01-14T15:10:50.666+0200] {processor.py:161} INFO - Started process (PID=16878) to work on /home/mahmoud/airflow_env/lib/python3.10/site-packages/airflow/example_dags/plugins/listener_plugin.py
[2024-01-14T15:10:50.669+0200] {processor.py:830} INFO - Processing file /home/mahmoud/airflow_env/lib/python3.10/site-packages/airflow/example_dags/plugins/listener_plugin.py for tasks to queue
[2024-01-14T15:10:50.670+0200] {logging_mixin.py:188} INFO - [2024-01-14T15:10:50.670+0200] {dagbag.py:538} INFO - Filling up the DagBag from /home/mahmoud/airflow_env/lib/python3.10/site-packages/airflow/example_dags/plugins/listener_plugin.py
[2024-01-14T15:10:50.674+0200] {processor.py:842} WARNING - No viable dags retrieved from /home/mahmoud/airflow_env/lib/python3.10/site-packages/airflow/example_dags/plugins/listener_plugin.py
[2024-01-14T15:10:50.685+0200] {processor.py:183} INFO - Processing /home/mahmoud/airflow_env/lib/python3.10/site-packages/airflow/example_dags/plugins/listener_plugin.py took 0.025 seconds
[2024-01-14T15:11:48.900+0200] {processor.py:161} INFO - Started process (PID=17144) to work on /home/mahmoud/airflow_env/lib/python3.10/site-packages/airflow/example_dags/plugins/listener_plugin.py
[2024-01-14T15:11:48.901+0200] {processor.py:830} INFO - Processing file /home/mahmoud/airflow_env/lib/python3.10/site-packages/airflow/example_dags/plugins/listener_plugin.py for tasks to queue
[2024-01-14T15:11:48.902+0200] {logging_mixin.py:188} INFO - [2024-01-14T15:11:48.901+0200] {dagbag.py:538} INFO - Filling up the DagBag from /home/mahmoud/airflow_env/lib/python3.10/site-packages/airflow/example_dags/plugins/listener_plugin.py
[2024-01-14T15:11:48.904+0200] {processor.py:842} WARNING - No viable dags retrieved from /home/mahmoud/airflow_env/lib/python3.10/site-packages/airflow/example_dags/plugins/listener_plugin.py
[2024-01-14T15:11:48.913+0200] {processor.py:183} INFO - Processing /home/mahmoud/airflow_env/lib/python3.10/site-packages/airflow/example_dags/plugins/listener_plugin.py took 0.016 seconds
[2024-01-14T15:12:41.403+0200] {processor.py:161} INFO - Started process (PID=17357) to work on /home/mahmoud/airflow_env/lib/python3.10/site-packages/airflow/example_dags/plugins/listener_plugin.py
[2024-01-14T15:12:41.404+0200] {processor.py:830} INFO - Processing file /home/mahmoud/airflow_env/lib/python3.10/site-packages/airflow/example_dags/plugins/listener_plugin.py for tasks to queue
[2024-01-14T15:12:41.405+0200] {logging_mixin.py:188} INFO - [2024-01-14T15:12:41.404+0200] {dagbag.py:538} INFO - Filling up the DagBag from /home/mahmoud/airflow_env/lib/python3.10/site-packages/airflow/example_dags/plugins/listener_plugin.py
[2024-01-14T15:12:41.407+0200] {processor.py:842} WARNING - No viable dags retrieved from /home/mahmoud/airflow_env/lib/python3.10/site-packages/airflow/example_dags/plugins/listener_plugin.py
[2024-01-14T15:12:41.415+0200] {processor.py:183} INFO - Processing /home/mahmoud/airflow_env/lib/python3.10/site-packages/airflow/example_dags/plugins/listener_plugin.py took 0.014 seconds
[2024-01-14T15:13:34.977+0200] {processor.py:161} INFO - Started process (PID=17592) to work on /home/mahmoud/airflow_env/lib/python3.10/site-packages/airflow/example_dags/plugins/listener_plugin.py
[2024-01-14T15:13:34.978+0200] {processor.py:830} INFO - Processing file /home/mahmoud/airflow_env/lib/python3.10/site-packages/airflow/example_dags/plugins/listener_plugin.py for tasks to queue
[2024-01-14T15:13:34.978+0200] {logging_mixin.py:188} INFO - [2024-01-14T15:13:34.978+0200] {dagbag.py:538} INFO - Filling up the DagBag from /home/mahmoud/airflow_env/lib/python3.10/site-packages/airflow/example_dags/plugins/listener_plugin.py
[2024-01-14T15:13:34.980+0200] {processor.py:842} WARNING - No viable dags retrieved from /home/mahmoud/airflow_env/lib/python3.10/site-packages/airflow/example_dags/plugins/listener_plugin.py
[2024-01-14T15:13:34.989+0200] {processor.py:183} INFO - Processing /home/mahmoud/airflow_env/lib/python3.10/site-packages/airflow/example_dags/plugins/listener_plugin.py took 0.014 seconds
[2024-01-14T15:20:37.699+0200] {processor.py:161} INFO - Started process (PID=19607) to work on /home/mahmoud/airflow_env/lib/python3.10/site-packages/airflow/example_dags/plugins/listener_plugin.py
[2024-01-14T15:20:37.701+0200] {processor.py:830} INFO - Processing file /home/mahmoud/airflow_env/lib/python3.10/site-packages/airflow/example_dags/plugins/listener_plugin.py for tasks to queue
[2024-01-14T15:20:37.702+0200] {logging_mixin.py:188} INFO - [2024-01-14T15:20:37.701+0200] {dagbag.py:538} INFO - Filling up the DagBag from /home/mahmoud/airflow_env/lib/python3.10/site-packages/airflow/example_dags/plugins/listener_plugin.py
[2024-01-14T15:20:37.704+0200] {processor.py:842} WARNING - No viable dags retrieved from /home/mahmoud/airflow_env/lib/python3.10/site-packages/airflow/example_dags/plugins/listener_plugin.py
[2024-01-14T15:20:37.714+0200] {processor.py:183} INFO - Processing /home/mahmoud/airflow_env/lib/python3.10/site-packages/airflow/example_dags/plugins/listener_plugin.py took 0.019 seconds
[2024-01-14T15:21:37.672+0200] {processor.py:161} INFO - Started process (PID=19841) to work on /home/mahmoud/airflow_env/lib/python3.10/site-packages/airflow/example_dags/plugins/listener_plugin.py
[2024-01-14T15:21:37.674+0200] {processor.py:830} INFO - Processing file /home/mahmoud/airflow_env/lib/python3.10/site-packages/airflow/example_dags/plugins/listener_plugin.py for tasks to queue
[2024-01-14T15:21:37.675+0200] {logging_mixin.py:188} INFO - [2024-01-14T15:21:37.675+0200] {dagbag.py:538} INFO - Filling up the DagBag from /home/mahmoud/airflow_env/lib/python3.10/site-packages/airflow/example_dags/plugins/listener_plugin.py
[2024-01-14T15:21:37.678+0200] {processor.py:842} WARNING - No viable dags retrieved from /home/mahmoud/airflow_env/lib/python3.10/site-packages/airflow/example_dags/plugins/listener_plugin.py
[2024-01-14T15:21:37.688+0200] {processor.py:183} INFO - Processing /home/mahmoud/airflow_env/lib/python3.10/site-packages/airflow/example_dags/plugins/listener_plugin.py took 0.020 seconds
[2024-01-14T15:22:33.108+0200] {processor.py:161} INFO - Started process (PID=20061) to work on /home/mahmoud/airflow_env/lib/python3.10/site-packages/airflow/example_dags/plugins/listener_plugin.py
[2024-01-14T15:22:33.110+0200] {processor.py:830} INFO - Processing file /home/mahmoud/airflow_env/lib/python3.10/site-packages/airflow/example_dags/plugins/listener_plugin.py for tasks to queue
[2024-01-14T15:22:33.111+0200] {logging_mixin.py:188} INFO - [2024-01-14T15:22:33.111+0200] {dagbag.py:538} INFO - Filling up the DagBag from /home/mahmoud/airflow_env/lib/python3.10/site-packages/airflow/example_dags/plugins/listener_plugin.py
[2024-01-14T15:22:33.114+0200] {processor.py:842} WARNING - No viable dags retrieved from /home/mahmoud/airflow_env/lib/python3.10/site-packages/airflow/example_dags/plugins/listener_plugin.py
[2024-01-14T15:22:33.122+0200] {processor.py:183} INFO - Processing /home/mahmoud/airflow_env/lib/python3.10/site-packages/airflow/example_dags/plugins/listener_plugin.py took 0.017 seconds
[2024-01-14T15:38:30.658+0200] {processor.py:161} INFO - Started process (PID=24789) to work on /home/mahmoud/airflow_env/lib/python3.10/site-packages/airflow/example_dags/plugins/listener_plugin.py
[2024-01-14T15:38:30.660+0200] {processor.py:830} INFO - Processing file /home/mahmoud/airflow_env/lib/python3.10/site-packages/airflow/example_dags/plugins/listener_plugin.py for tasks to queue
[2024-01-14T15:38:30.661+0200] {logging_mixin.py:188} INFO - [2024-01-14T15:38:30.661+0200] {dagbag.py:538} INFO - Filling up the DagBag from /home/mahmoud/airflow_env/lib/python3.10/site-packages/airflow/example_dags/plugins/listener_plugin.py
[2024-01-14T15:38:30.664+0200] {processor.py:842} WARNING - No viable dags retrieved from /home/mahmoud/airflow_env/lib/python3.10/site-packages/airflow/example_dags/plugins/listener_plugin.py
[2024-01-14T15:38:30.672+0200] {processor.py:183} INFO - Processing /home/mahmoud/airflow_env/lib/python3.10/site-packages/airflow/example_dags/plugins/listener_plugin.py took 0.018 seconds
[2024-01-14T15:39:26.381+0200] {processor.py:161} INFO - Started process (PID=25157) to work on /home/mahmoud/airflow_env/lib/python3.10/site-packages/airflow/example_dags/plugins/listener_plugin.py
[2024-01-14T15:39:26.390+0200] {processor.py:830} INFO - Processing file /home/mahmoud/airflow_env/lib/python3.10/site-packages/airflow/example_dags/plugins/listener_plugin.py for tasks to queue
[2024-01-14T15:39:26.391+0200] {logging_mixin.py:188} INFO - [2024-01-14T15:39:26.391+0200] {dagbag.py:538} INFO - Filling up the DagBag from /home/mahmoud/airflow_env/lib/python3.10/site-packages/airflow/example_dags/plugins/listener_plugin.py
[2024-01-14T15:39:26.394+0200] {processor.py:842} WARNING - No viable dags retrieved from /home/mahmoud/airflow_env/lib/python3.10/site-packages/airflow/example_dags/plugins/listener_plugin.py
[2024-01-14T15:39:26.402+0200] {processor.py:183} INFO - Processing /home/mahmoud/airflow_env/lib/python3.10/site-packages/airflow/example_dags/plugins/listener_plugin.py took 0.024 seconds
[2024-01-14T15:40:15.507+0200] {processor.py:161} INFO - Started process (PID=25353) to work on /home/mahmoud/airflow_env/lib/python3.10/site-packages/airflow/example_dags/plugins/listener_plugin.py
[2024-01-14T15:40:15.524+0200] {processor.py:830} INFO - Processing file /home/mahmoud/airflow_env/lib/python3.10/site-packages/airflow/example_dags/plugins/listener_plugin.py for tasks to queue
[2024-01-14T15:40:15.525+0200] {logging_mixin.py:188} INFO - [2024-01-14T15:40:15.524+0200] {dagbag.py:538} INFO - Filling up the DagBag from /home/mahmoud/airflow_env/lib/python3.10/site-packages/airflow/example_dags/plugins/listener_plugin.py
[2024-01-14T15:40:15.527+0200] {processor.py:842} WARNING - No viable dags retrieved from /home/mahmoud/airflow_env/lib/python3.10/site-packages/airflow/example_dags/plugins/listener_plugin.py
[2024-01-14T15:40:15.534+0200] {processor.py:183} INFO - Processing /home/mahmoud/airflow_env/lib/python3.10/site-packages/airflow/example_dags/plugins/listener_plugin.py took 0.040 seconds
[2024-01-14T15:41:12.478+0200] {processor.py:161} INFO - Started process (PID=25642) to work on /home/mahmoud/airflow_env/lib/python3.10/site-packages/airflow/example_dags/plugins/listener_plugin.py
[2024-01-14T15:41:12.480+0200] {processor.py:830} INFO - Processing file /home/mahmoud/airflow_env/lib/python3.10/site-packages/airflow/example_dags/plugins/listener_plugin.py for tasks to queue
[2024-01-14T15:41:12.481+0200] {logging_mixin.py:188} INFO - [2024-01-14T15:41:12.481+0200] {dagbag.py:538} INFO - Filling up the DagBag from /home/mahmoud/airflow_env/lib/python3.10/site-packages/airflow/example_dags/plugins/listener_plugin.py
[2024-01-14T15:41:12.484+0200] {processor.py:842} WARNING - No viable dags retrieved from /home/mahmoud/airflow_env/lib/python3.10/site-packages/airflow/example_dags/plugins/listener_plugin.py
[2024-01-14T15:41:12.494+0200] {processor.py:183} INFO - Processing /home/mahmoud/airflow_env/lib/python3.10/site-packages/airflow/example_dags/plugins/listener_plugin.py took 0.020 seconds
[2024-01-14T15:42:03.841+0200] {processor.py:161} INFO - Started process (PID=25845) to work on /home/mahmoud/airflow_env/lib/python3.10/site-packages/airflow/example_dags/plugins/listener_plugin.py
[2024-01-14T15:42:03.843+0200] {processor.py:830} INFO - Processing file /home/mahmoud/airflow_env/lib/python3.10/site-packages/airflow/example_dags/plugins/listener_plugin.py for tasks to queue
[2024-01-14T15:42:03.844+0200] {logging_mixin.py:188} INFO - [2024-01-14T15:42:03.843+0200] {dagbag.py:538} INFO - Filling up the DagBag from /home/mahmoud/airflow_env/lib/python3.10/site-packages/airflow/example_dags/plugins/listener_plugin.py
[2024-01-14T15:42:03.847+0200] {processor.py:842} WARNING - No viable dags retrieved from /home/mahmoud/airflow_env/lib/python3.10/site-packages/airflow/example_dags/plugins/listener_plugin.py
[2024-01-14T15:42:03.857+0200] {processor.py:183} INFO - Processing /home/mahmoud/airflow_env/lib/python3.10/site-packages/airflow/example_dags/plugins/listener_plugin.py took 0.021 seconds
[2024-01-14T15:43:34.475+0200] {processor.py:161} INFO - Started process (PID=26763) to work on /home/mahmoud/airflow_env/lib/python3.10/site-packages/airflow/example_dags/plugins/listener_plugin.py
[2024-01-14T15:43:34.477+0200] {processor.py:830} INFO - Processing file /home/mahmoud/airflow_env/lib/python3.10/site-packages/airflow/example_dags/plugins/listener_plugin.py for tasks to queue
[2024-01-14T15:43:34.478+0200] {logging_mixin.py:188} INFO - [2024-01-14T15:43:34.478+0200] {dagbag.py:538} INFO - Filling up the DagBag from /home/mahmoud/airflow_env/lib/python3.10/site-packages/airflow/example_dags/plugins/listener_plugin.py
[2024-01-14T15:43:34.482+0200] {processor.py:842} WARNING - No viable dags retrieved from /home/mahmoud/airflow_env/lib/python3.10/site-packages/airflow/example_dags/plugins/listener_plugin.py
[2024-01-14T15:43:34.494+0200] {processor.py:183} INFO - Processing /home/mahmoud/airflow_env/lib/python3.10/site-packages/airflow/example_dags/plugins/listener_plugin.py took 0.026 seconds
[2024-01-14T15:44:40.816+0200] {processor.py:161} INFO - Started process (PID=27487) to work on /home/mahmoud/airflow_env/lib/python3.10/site-packages/airflow/example_dags/plugins/listener_plugin.py
[2024-01-14T15:44:40.817+0200] {processor.py:830} INFO - Processing file /home/mahmoud/airflow_env/lib/python3.10/site-packages/airflow/example_dags/plugins/listener_plugin.py for tasks to queue
[2024-01-14T15:44:40.818+0200] {logging_mixin.py:188} INFO - [2024-01-14T15:44:40.818+0200] {dagbag.py:538} INFO - Filling up the DagBag from /home/mahmoud/airflow_env/lib/python3.10/site-packages/airflow/example_dags/plugins/listener_plugin.py
[2024-01-14T15:44:40.820+0200] {processor.py:842} WARNING - No viable dags retrieved from /home/mahmoud/airflow_env/lib/python3.10/site-packages/airflow/example_dags/plugins/listener_plugin.py
[2024-01-14T15:44:40.830+0200] {processor.py:183} INFO - Processing /home/mahmoud/airflow_env/lib/python3.10/site-packages/airflow/example_dags/plugins/listener_plugin.py took 0.017 seconds
[2024-01-14T15:45:41.495+0200] {processor.py:161} INFO - Started process (PID=27849) to work on /home/mahmoud/airflow_env/lib/python3.10/site-packages/airflow/example_dags/plugins/listener_plugin.py
[2024-01-14T15:45:41.496+0200] {processor.py:830} INFO - Processing file /home/mahmoud/airflow_env/lib/python3.10/site-packages/airflow/example_dags/plugins/listener_plugin.py for tasks to queue
[2024-01-14T15:45:41.497+0200] {logging_mixin.py:188} INFO - [2024-01-14T15:45:41.497+0200] {dagbag.py:538} INFO - Filling up the DagBag from /home/mahmoud/airflow_env/lib/python3.10/site-packages/airflow/example_dags/plugins/listener_plugin.py
[2024-01-14T15:45:41.500+0200] {processor.py:842} WARNING - No viable dags retrieved from /home/mahmoud/airflow_env/lib/python3.10/site-packages/airflow/example_dags/plugins/listener_plugin.py
[2024-01-14T15:45:41.510+0200] {processor.py:183} INFO - Processing /home/mahmoud/airflow_env/lib/python3.10/site-packages/airflow/example_dags/plugins/listener_plugin.py took 0.019 seconds
[2024-01-14T15:46:35.772+0200] {processor.py:161} INFO - Started process (PID=28060) to work on /home/mahmoud/airflow_env/lib/python3.10/site-packages/airflow/example_dags/plugins/listener_plugin.py
[2024-01-14T15:46:35.773+0200] {processor.py:830} INFO - Processing file /home/mahmoud/airflow_env/lib/python3.10/site-packages/airflow/example_dags/plugins/listener_plugin.py for tasks to queue
[2024-01-14T15:46:35.773+0200] {logging_mixin.py:188} INFO - [2024-01-14T15:46:35.773+0200] {dagbag.py:538} INFO - Filling up the DagBag from /home/mahmoud/airflow_env/lib/python3.10/site-packages/airflow/example_dags/plugins/listener_plugin.py
[2024-01-14T15:46:35.776+0200] {processor.py:842} WARNING - No viable dags retrieved from /home/mahmoud/airflow_env/lib/python3.10/site-packages/airflow/example_dags/plugins/listener_plugin.py
[2024-01-14T15:46:35.785+0200] {processor.py:183} INFO - Processing /home/mahmoud/airflow_env/lib/python3.10/site-packages/airflow/example_dags/plugins/listener_plugin.py took 0.016 seconds
[2024-01-14T15:47:28.699+0200] {processor.py:161} INFO - Started process (PID=28337) to work on /home/mahmoud/airflow_env/lib/python3.10/site-packages/airflow/example_dags/plugins/listener_plugin.py
[2024-01-14T15:47:28.700+0200] {processor.py:830} INFO - Processing file /home/mahmoud/airflow_env/lib/python3.10/site-packages/airflow/example_dags/plugins/listener_plugin.py for tasks to queue
[2024-01-14T15:47:28.701+0200] {logging_mixin.py:188} INFO - [2024-01-14T15:47:28.701+0200] {dagbag.py:538} INFO - Filling up the DagBag from /home/mahmoud/airflow_env/lib/python3.10/site-packages/airflow/example_dags/plugins/listener_plugin.py
[2024-01-14T15:47:28.704+0200] {processor.py:842} WARNING - No viable dags retrieved from /home/mahmoud/airflow_env/lib/python3.10/site-packages/airflow/example_dags/plugins/listener_plugin.py
[2024-01-14T15:47:28.718+0200] {processor.py:183} INFO - Processing /home/mahmoud/airflow_env/lib/python3.10/site-packages/airflow/example_dags/plugins/listener_plugin.py took 0.023 seconds
[2024-01-14T15:48:20.689+0200] {processor.py:161} INFO - Started process (PID=28568) to work on /home/mahmoud/airflow_env/lib/python3.10/site-packages/airflow/example_dags/plugins/listener_plugin.py
[2024-01-14T15:48:20.691+0200] {processor.py:830} INFO - Processing file /home/mahmoud/airflow_env/lib/python3.10/site-packages/airflow/example_dags/plugins/listener_plugin.py for tasks to queue
[2024-01-14T15:48:20.692+0200] {logging_mixin.py:188} INFO - [2024-01-14T15:48:20.691+0200] {dagbag.py:538} INFO - Filling up the DagBag from /home/mahmoud/airflow_env/lib/python3.10/site-packages/airflow/example_dags/plugins/listener_plugin.py
[2024-01-14T15:48:20.695+0200] {processor.py:842} WARNING - No viable dags retrieved from /home/mahmoud/airflow_env/lib/python3.10/site-packages/airflow/example_dags/plugins/listener_plugin.py
[2024-01-14T15:48:20.704+0200] {processor.py:183} INFO - Processing /home/mahmoud/airflow_env/lib/python3.10/site-packages/airflow/example_dags/plugins/listener_plugin.py took 0.018 seconds
[2024-01-14T15:49:14.579+0200] {processor.py:161} INFO - Started process (PID=28779) to work on /home/mahmoud/airflow_env/lib/python3.10/site-packages/airflow/example_dags/plugins/listener_plugin.py
[2024-01-14T15:49:14.582+0200] {processor.py:830} INFO - Processing file /home/mahmoud/airflow_env/lib/python3.10/site-packages/airflow/example_dags/plugins/listener_plugin.py for tasks to queue
[2024-01-14T15:49:14.583+0200] {logging_mixin.py:188} INFO - [2024-01-14T15:49:14.582+0200] {dagbag.py:538} INFO - Filling up the DagBag from /home/mahmoud/airflow_env/lib/python3.10/site-packages/airflow/example_dags/plugins/listener_plugin.py
[2024-01-14T15:49:14.586+0200] {processor.py:842} WARNING - No viable dags retrieved from /home/mahmoud/airflow_env/lib/python3.10/site-packages/airflow/example_dags/plugins/listener_plugin.py
[2024-01-14T15:49:14.597+0200] {processor.py:183} INFO - Processing /home/mahmoud/airflow_env/lib/python3.10/site-packages/airflow/example_dags/plugins/listener_plugin.py took 0.022 seconds
[2024-01-14T15:50:06.784+0200] {processor.py:161} INFO - Started process (PID=28984) to work on /home/mahmoud/airflow_env/lib/python3.10/site-packages/airflow/example_dags/plugins/listener_plugin.py
[2024-01-14T15:50:06.786+0200] {processor.py:830} INFO - Processing file /home/mahmoud/airflow_env/lib/python3.10/site-packages/airflow/example_dags/plugins/listener_plugin.py for tasks to queue
[2024-01-14T15:50:06.787+0200] {logging_mixin.py:188} INFO - [2024-01-14T15:50:06.786+0200] {dagbag.py:538} INFO - Filling up the DagBag from /home/mahmoud/airflow_env/lib/python3.10/site-packages/airflow/example_dags/plugins/listener_plugin.py
[2024-01-14T15:50:06.790+0200] {processor.py:842} WARNING - No viable dags retrieved from /home/mahmoud/airflow_env/lib/python3.10/site-packages/airflow/example_dags/plugins/listener_plugin.py
[2024-01-14T15:50:06.801+0200] {processor.py:183} INFO - Processing /home/mahmoud/airflow_env/lib/python3.10/site-packages/airflow/example_dags/plugins/listener_plugin.py took 0.020 seconds
[2024-01-14T15:50:59.361+0200] {processor.py:161} INFO - Started process (PID=29194) to work on /home/mahmoud/airflow_env/lib/python3.10/site-packages/airflow/example_dags/plugins/listener_plugin.py
[2024-01-14T15:50:59.363+0200] {processor.py:830} INFO - Processing file /home/mahmoud/airflow_env/lib/python3.10/site-packages/airflow/example_dags/plugins/listener_plugin.py for tasks to queue
[2024-01-14T15:50:59.364+0200] {logging_mixin.py:188} INFO - [2024-01-14T15:50:59.364+0200] {dagbag.py:538} INFO - Filling up the DagBag from /home/mahmoud/airflow_env/lib/python3.10/site-packages/airflow/example_dags/plugins/listener_plugin.py
[2024-01-14T15:50:59.368+0200] {processor.py:842} WARNING - No viable dags retrieved from /home/mahmoud/airflow_env/lib/python3.10/site-packages/airflow/example_dags/plugins/listener_plugin.py
[2024-01-14T15:50:59.381+0200] {processor.py:183} INFO - Processing /home/mahmoud/airflow_env/lib/python3.10/site-packages/airflow/example_dags/plugins/listener_plugin.py took 0.022 seconds
[2024-01-14T15:51:51.508+0200] {processor.py:161} INFO - Started process (PID=29399) to work on /home/mahmoud/airflow_env/lib/python3.10/site-packages/airflow/example_dags/plugins/listener_plugin.py
[2024-01-14T15:51:51.509+0200] {processor.py:830} INFO - Processing file /home/mahmoud/airflow_env/lib/python3.10/site-packages/airflow/example_dags/plugins/listener_plugin.py for tasks to queue
[2024-01-14T15:51:51.509+0200] {logging_mixin.py:188} INFO - [2024-01-14T15:51:51.509+0200] {dagbag.py:538} INFO - Filling up the DagBag from /home/mahmoud/airflow_env/lib/python3.10/site-packages/airflow/example_dags/plugins/listener_plugin.py
[2024-01-14T15:51:51.512+0200] {processor.py:842} WARNING - No viable dags retrieved from /home/mahmoud/airflow_env/lib/python3.10/site-packages/airflow/example_dags/plugins/listener_plugin.py
[2024-01-14T15:51:51.521+0200] {processor.py:183} INFO - Processing /home/mahmoud/airflow_env/lib/python3.10/site-packages/airflow/example_dags/plugins/listener_plugin.py took 0.016 seconds
[2024-01-14T15:52:42.417+0200] {processor.py:161} INFO - Started process (PID=29629) to work on /home/mahmoud/airflow_env/lib/python3.10/site-packages/airflow/example_dags/plugins/listener_plugin.py
[2024-01-14T15:52:42.419+0200] {processor.py:830} INFO - Processing file /home/mahmoud/airflow_env/lib/python3.10/site-packages/airflow/example_dags/plugins/listener_plugin.py for tasks to queue
[2024-01-14T15:52:42.420+0200] {logging_mixin.py:188} INFO - [2024-01-14T15:52:42.420+0200] {dagbag.py:538} INFO - Filling up the DagBag from /home/mahmoud/airflow_env/lib/python3.10/site-packages/airflow/example_dags/plugins/listener_plugin.py
[2024-01-14T15:52:42.423+0200] {processor.py:842} WARNING - No viable dags retrieved from /home/mahmoud/airflow_env/lib/python3.10/site-packages/airflow/example_dags/plugins/listener_plugin.py
[2024-01-14T15:52:42.432+0200] {processor.py:183} INFO - Processing /home/mahmoud/airflow_env/lib/python3.10/site-packages/airflow/example_dags/plugins/listener_plugin.py took 0.018 seconds
[2024-01-14T15:53:34.001+0200] {processor.py:161} INFO - Started process (PID=29835) to work on /home/mahmoud/airflow_env/lib/python3.10/site-packages/airflow/example_dags/plugins/listener_plugin.py
[2024-01-14T15:53:34.002+0200] {processor.py:830} INFO - Processing file /home/mahmoud/airflow_env/lib/python3.10/site-packages/airflow/example_dags/plugins/listener_plugin.py for tasks to queue
[2024-01-14T15:53:34.003+0200] {logging_mixin.py:188} INFO - [2024-01-14T15:53:34.003+0200] {dagbag.py:538} INFO - Filling up the DagBag from /home/mahmoud/airflow_env/lib/python3.10/site-packages/airflow/example_dags/plugins/listener_plugin.py
[2024-01-14T15:53:34.006+0200] {processor.py:842} WARNING - No viable dags retrieved from /home/mahmoud/airflow_env/lib/python3.10/site-packages/airflow/example_dags/plugins/listener_plugin.py
[2024-01-14T15:53:34.015+0200] {processor.py:183} INFO - Processing /home/mahmoud/airflow_env/lib/python3.10/site-packages/airflow/example_dags/plugins/listener_plugin.py took 0.017 seconds
[2024-01-14T15:55:02.648+0200] {processor.py:161} INFO - Started process (PID=30144) to work on /home/mahmoud/airflow_env/lib/python3.10/site-packages/airflow/example_dags/plugins/listener_plugin.py
[2024-01-14T15:55:02.653+0200] {processor.py:830} INFO - Processing file /home/mahmoud/airflow_env/lib/python3.10/site-packages/airflow/example_dags/plugins/listener_plugin.py for tasks to queue
[2024-01-14T15:55:02.657+0200] {logging_mixin.py:188} INFO - [2024-01-14T15:55:02.656+0200] {dagbag.py:538} INFO - Filling up the DagBag from /home/mahmoud/airflow_env/lib/python3.10/site-packages/airflow/example_dags/plugins/listener_plugin.py
[2024-01-14T15:55:02.669+0200] {processor.py:842} WARNING - No viable dags retrieved from /home/mahmoud/airflow_env/lib/python3.10/site-packages/airflow/example_dags/plugins/listener_plugin.py
[2024-01-14T15:55:02.712+0200] {processor.py:183} INFO - Processing /home/mahmoud/airflow_env/lib/python3.10/site-packages/airflow/example_dags/plugins/listener_plugin.py took 0.080 seconds
[2024-01-14T15:56:07.131+0200] {processor.py:161} INFO - Started process (PID=30368) to work on /home/mahmoud/airflow_env/lib/python3.10/site-packages/airflow/example_dags/plugins/listener_plugin.py
[2024-01-14T15:56:07.135+0200] {processor.py:830} INFO - Processing file /home/mahmoud/airflow_env/lib/python3.10/site-packages/airflow/example_dags/plugins/listener_plugin.py for tasks to queue
[2024-01-14T15:56:07.138+0200] {logging_mixin.py:188} INFO - [2024-01-14T15:56:07.137+0200] {dagbag.py:538} INFO - Filling up the DagBag from /home/mahmoud/airflow_env/lib/python3.10/site-packages/airflow/example_dags/plugins/listener_plugin.py
[2024-01-14T15:56:07.149+0200] {processor.py:842} WARNING - No viable dags retrieved from /home/mahmoud/airflow_env/lib/python3.10/site-packages/airflow/example_dags/plugins/listener_plugin.py
[2024-01-14T15:56:07.191+0200] {processor.py:183} INFO - Processing /home/mahmoud/airflow_env/lib/python3.10/site-packages/airflow/example_dags/plugins/listener_plugin.py took 0.072 seconds
[2024-01-14T15:57:05.336+0200] {processor.py:161} INFO - Started process (PID=30576) to work on /home/mahmoud/airflow_env/lib/python3.10/site-packages/airflow/example_dags/plugins/listener_plugin.py
[2024-01-14T15:57:05.339+0200] {processor.py:830} INFO - Processing file /home/mahmoud/airflow_env/lib/python3.10/site-packages/airflow/example_dags/plugins/listener_plugin.py for tasks to queue
[2024-01-14T15:57:05.342+0200] {logging_mixin.py:188} INFO - [2024-01-14T15:57:05.341+0200] {dagbag.py:538} INFO - Filling up the DagBag from /home/mahmoud/airflow_env/lib/python3.10/site-packages/airflow/example_dags/plugins/listener_plugin.py
[2024-01-14T15:57:05.351+0200] {processor.py:842} WARNING - No viable dags retrieved from /home/mahmoud/airflow_env/lib/python3.10/site-packages/airflow/example_dags/plugins/listener_plugin.py
[2024-01-14T15:57:05.384+0200] {processor.py:183} INFO - Processing /home/mahmoud/airflow_env/lib/python3.10/site-packages/airflow/example_dags/plugins/listener_plugin.py took 0.059 seconds
[2024-01-14T15:57:58.338+0200] {processor.py:161} INFO - Started process (PID=30796) to work on /home/mahmoud/airflow_env/lib/python3.10/site-packages/airflow/example_dags/plugins/listener_plugin.py
[2024-01-14T15:57:58.340+0200] {processor.py:830} INFO - Processing file /home/mahmoud/airflow_env/lib/python3.10/site-packages/airflow/example_dags/plugins/listener_plugin.py for tasks to queue
[2024-01-14T15:57:58.341+0200] {logging_mixin.py:188} INFO - [2024-01-14T15:57:58.341+0200] {dagbag.py:538} INFO - Filling up the DagBag from /home/mahmoud/airflow_env/lib/python3.10/site-packages/airflow/example_dags/plugins/listener_plugin.py
[2024-01-14T15:57:58.346+0200] {processor.py:842} WARNING - No viable dags retrieved from /home/mahmoud/airflow_env/lib/python3.10/site-packages/airflow/example_dags/plugins/listener_plugin.py
[2024-01-14T15:57:58.360+0200] {processor.py:183} INFO - Processing /home/mahmoud/airflow_env/lib/python3.10/site-packages/airflow/example_dags/plugins/listener_plugin.py took 0.029 seconds
