[2024-01-14T15:08:49.195+0200] {processor.py:161} INFO - Started process (PID=16283) to work on /home/mahmoud/airflow_env/lib/python3.10/site-packages/airflow/example_dags/plugins/workday.py
[2024-01-14T15:08:49.195+0200] {processor.py:830} INFO - Processing file /home/mahmoud/airflow_env/lib/python3.10/site-packages/airflow/example_dags/plugins/workday.py for tasks to queue
[2024-01-14T15:08:49.196+0200] {logging_mixin.py:188} INFO - [2024-01-14T15:08:49.196+0200] {dagbag.py:538} INFO - Filling up the DagBag from /home/mahmoud/airflow_env/lib/python3.10/site-packages/airflow/example_dags/plugins/workday.py
[2024-01-14T15:08:49.199+0200] {logging_mixin.py:188} INFO - [2024-01-14T15:08:49.199+0200] {workday.py:40} WARNING - Could not import pandas. Holidays will not be considered.
[2024-01-14T15:08:49.199+0200] {processor.py:842} WARNING - No viable dags retrieved from /home/mahmoud/airflow_env/lib/python3.10/site-packages/airflow/example_dags/plugins/workday.py
[2024-01-14T15:08:49.208+0200] {processor.py:183} INFO - Processing /home/mahmoud/airflow_env/lib/python3.10/site-packages/airflow/example_dags/plugins/workday.py took 0.016 seconds
[2024-01-14T15:09:50.263+0200] {processor.py:161} INFO - Started process (PID=16631) to work on /home/mahmoud/airflow_env/lib/python3.10/site-packages/airflow/example_dags/plugins/workday.py
[2024-01-14T15:09:50.266+0200] {processor.py:830} INFO - Processing file /home/mahmoud/airflow_env/lib/python3.10/site-packages/airflow/example_dags/plugins/workday.py for tasks to queue
[2024-01-14T15:09:50.267+0200] {logging_mixin.py:188} INFO - [2024-01-14T15:09:50.267+0200] {dagbag.py:538} INFO - Filling up the DagBag from /home/mahmoud/airflow_env/lib/python3.10/site-packages/airflow/example_dags/plugins/workday.py
[2024-01-14T15:09:50.271+0200] {logging_mixin.py:188} INFO - [2024-01-14T15:09:50.271+0200] {workday.py:40} WARNING - Could not import pandas. Holidays will not be considered.
[2024-01-14T15:09:50.272+0200] {processor.py:842} WARNING - No viable dags retrieved from /home/mahmoud/airflow_env/lib/python3.10/site-packages/airflow/example_dags/plugins/workday.py
[2024-01-14T15:09:50.285+0200] {processor.py:183} INFO - Processing /home/mahmoud/airflow_env/lib/python3.10/site-packages/airflow/example_dags/plugins/workday.py took 0.027 seconds
[2024-01-14T15:10:48.322+0200] {processor.py:161} INFO - Started process (PID=16870) to work on /home/mahmoud/airflow_env/lib/python3.10/site-packages/airflow/example_dags/plugins/workday.py
[2024-01-14T15:10:48.324+0200] {processor.py:830} INFO - Processing file /home/mahmoud/airflow_env/lib/python3.10/site-packages/airflow/example_dags/plugins/workday.py for tasks to queue
[2024-01-14T15:10:48.325+0200] {logging_mixin.py:188} INFO - [2024-01-14T15:10:48.325+0200] {dagbag.py:538} INFO - Filling up the DagBag from /home/mahmoud/airflow_env/lib/python3.10/site-packages/airflow/example_dags/plugins/workday.py
[2024-01-14T15:10:48.328+0200] {logging_mixin.py:188} INFO - [2024-01-14T15:10:48.328+0200] {workday.py:40} WARNING - Could not import pandas. Holidays will not be considered.
[2024-01-14T15:10:48.329+0200] {processor.py:842} WARNING - No viable dags retrieved from /home/mahmoud/airflow_env/lib/python3.10/site-packages/airflow/example_dags/plugins/workday.py
[2024-01-14T15:10:48.340+0200] {processor.py:183} INFO - Processing /home/mahmoud/airflow_env/lib/python3.10/site-packages/airflow/example_dags/plugins/workday.py took 0.023 seconds
[2024-01-14T15:11:46.769+0200] {processor.py:161} INFO - Started process (PID=17136) to work on /home/mahmoud/airflow_env/lib/python3.10/site-packages/airflow/example_dags/plugins/workday.py
[2024-01-14T15:11:46.770+0200] {processor.py:830} INFO - Processing file /home/mahmoud/airflow_env/lib/python3.10/site-packages/airflow/example_dags/plugins/workday.py for tasks to queue
[2024-01-14T15:11:46.771+0200] {logging_mixin.py:188} INFO - [2024-01-14T15:11:46.771+0200] {dagbag.py:538} INFO - Filling up the DagBag from /home/mahmoud/airflow_env/lib/python3.10/site-packages/airflow/example_dags/plugins/workday.py
[2024-01-14T15:11:46.774+0200] {logging_mixin.py:188} INFO - [2024-01-14T15:11:46.773+0200] {workday.py:40} WARNING - Could not import pandas. Holidays will not be considered.
[2024-01-14T15:11:46.774+0200] {processor.py:842} WARNING - No viable dags retrieved from /home/mahmoud/airflow_env/lib/python3.10/site-packages/airflow/example_dags/plugins/workday.py
[2024-01-14T15:11:46.783+0200] {processor.py:183} INFO - Processing /home/mahmoud/airflow_env/lib/python3.10/site-packages/airflow/example_dags/plugins/workday.py took 0.017 seconds
[2024-01-14T15:12:39.131+0200] {processor.py:161} INFO - Started process (PID=17343) to work on /home/mahmoud/airflow_env/lib/python3.10/site-packages/airflow/example_dags/plugins/workday.py
[2024-01-14T15:12:39.134+0200] {processor.py:830} INFO - Processing file /home/mahmoud/airflow_env/lib/python3.10/site-packages/airflow/example_dags/plugins/workday.py for tasks to queue
[2024-01-14T15:12:39.135+0200] {logging_mixin.py:188} INFO - [2024-01-14T15:12:39.135+0200] {dagbag.py:538} INFO - Filling up the DagBag from /home/mahmoud/airflow_env/lib/python3.10/site-packages/airflow/example_dags/plugins/workday.py
[2024-01-14T15:12:39.139+0200] {logging_mixin.py:188} INFO - [2024-01-14T15:12:39.139+0200] {workday.py:40} WARNING - Could not import pandas. Holidays will not be considered.
[2024-01-14T15:12:39.139+0200] {processor.py:842} WARNING - No viable dags retrieved from /home/mahmoud/airflow_env/lib/python3.10/site-packages/airflow/example_dags/plugins/workday.py
[2024-01-14T15:12:39.151+0200] {processor.py:183} INFO - Processing /home/mahmoud/airflow_env/lib/python3.10/site-packages/airflow/example_dags/plugins/workday.py took 0.026 seconds
[2024-01-14T15:13:33.642+0200] {processor.py:161} INFO - Started process (PID=17587) to work on /home/mahmoud/airflow_env/lib/python3.10/site-packages/airflow/example_dags/plugins/workday.py
[2024-01-14T15:13:33.644+0200] {processor.py:830} INFO - Processing file /home/mahmoud/airflow_env/lib/python3.10/site-packages/airflow/example_dags/plugins/workday.py for tasks to queue
[2024-01-14T15:13:33.645+0200] {logging_mixin.py:188} INFO - [2024-01-14T15:13:33.645+0200] {dagbag.py:538} INFO - Filling up the DagBag from /home/mahmoud/airflow_env/lib/python3.10/site-packages/airflow/example_dags/plugins/workday.py
[2024-01-14T15:13:33.649+0200] {logging_mixin.py:188} INFO - [2024-01-14T15:13:33.649+0200] {workday.py:40} WARNING - Could not import pandas. Holidays will not be considered.
[2024-01-14T15:13:33.650+0200] {processor.py:842} WARNING - No viable dags retrieved from /home/mahmoud/airflow_env/lib/python3.10/site-packages/airflow/example_dags/plugins/workday.py
[2024-01-14T15:13:33.663+0200] {processor.py:183} INFO - Processing /home/mahmoud/airflow_env/lib/python3.10/site-packages/airflow/example_dags/plugins/workday.py took 0.026 seconds
[2024-01-14T15:20:36.014+0200] {processor.py:161} INFO - Started process (PID=19602) to work on /home/mahmoud/airflow_env/lib/python3.10/site-packages/airflow/example_dags/plugins/workday.py
[2024-01-14T15:20:36.016+0200] {processor.py:830} INFO - Processing file /home/mahmoud/airflow_env/lib/python3.10/site-packages/airflow/example_dags/plugins/workday.py for tasks to queue
[2024-01-14T15:20:36.017+0200] {logging_mixin.py:188} INFO - [2024-01-14T15:20:36.017+0200] {dagbag.py:538} INFO - Filling up the DagBag from /home/mahmoud/airflow_env/lib/python3.10/site-packages/airflow/example_dags/plugins/workday.py
[2024-01-14T15:20:36.020+0200] {logging_mixin.py:188} INFO - [2024-01-14T15:20:36.019+0200] {workday.py:40} WARNING - Could not import pandas. Holidays will not be considered.
[2024-01-14T15:20:36.020+0200] {processor.py:842} WARNING - No viable dags retrieved from /home/mahmoud/airflow_env/lib/python3.10/site-packages/airflow/example_dags/plugins/workday.py
[2024-01-14T15:20:36.030+0200] {processor.py:183} INFO - Processing /home/mahmoud/airflow_env/lib/python3.10/site-packages/airflow/example_dags/plugins/workday.py took 0.019 seconds
[2024-01-14T15:21:35.581+0200] {processor.py:161} INFO - Started process (PID=19833) to work on /home/mahmoud/airflow_env/lib/python3.10/site-packages/airflow/example_dags/plugins/workday.py
[2024-01-14T15:21:35.582+0200] {processor.py:830} INFO - Processing file /home/mahmoud/airflow_env/lib/python3.10/site-packages/airflow/example_dags/plugins/workday.py for tasks to queue
[2024-01-14T15:21:35.583+0200] {logging_mixin.py:188} INFO - [2024-01-14T15:21:35.582+0200] {dagbag.py:538} INFO - Filling up the DagBag from /home/mahmoud/airflow_env/lib/python3.10/site-packages/airflow/example_dags/plugins/workday.py
[2024-01-14T15:21:35.586+0200] {logging_mixin.py:188} INFO - [2024-01-14T15:21:35.585+0200] {workday.py:40} WARNING - Could not import pandas. Holidays will not be considered.
[2024-01-14T15:21:35.586+0200] {processor.py:842} WARNING - No viable dags retrieved from /home/mahmoud/airflow_env/lib/python3.10/site-packages/airflow/example_dags/plugins/workday.py
[2024-01-14T15:21:35.595+0200] {processor.py:183} INFO - Processing /home/mahmoud/airflow_env/lib/python3.10/site-packages/airflow/example_dags/plugins/workday.py took 0.018 seconds
[2024-01-14T15:22:31.077+0200] {processor.py:161} INFO - Started process (PID=20053) to work on /home/mahmoud/airflow_env/lib/python3.10/site-packages/airflow/example_dags/plugins/workday.py
[2024-01-14T15:22:31.079+0200] {processor.py:830} INFO - Processing file /home/mahmoud/airflow_env/lib/python3.10/site-packages/airflow/example_dags/plugins/workday.py for tasks to queue
[2024-01-14T15:22:31.080+0200] {logging_mixin.py:188} INFO - [2024-01-14T15:22:31.079+0200] {dagbag.py:538} INFO - Filling up the DagBag from /home/mahmoud/airflow_env/lib/python3.10/site-packages/airflow/example_dags/plugins/workday.py
[2024-01-14T15:22:31.083+0200] {logging_mixin.py:188} INFO - [2024-01-14T15:22:31.083+0200] {workday.py:40} WARNING - Could not import pandas. Holidays will not be considered.
[2024-01-14T15:22:31.083+0200] {processor.py:842} WARNING - No viable dags retrieved from /home/mahmoud/airflow_env/lib/python3.10/site-packages/airflow/example_dags/plugins/workday.py
[2024-01-14T15:22:31.093+0200] {processor.py:183} INFO - Processing /home/mahmoud/airflow_env/lib/python3.10/site-packages/airflow/example_dags/plugins/workday.py took 0.020 seconds
[2024-01-14T15:38:28.338+0200] {processor.py:161} INFO - Started process (PID=24767) to work on /home/mahmoud/airflow_env/lib/python3.10/site-packages/airflow/example_dags/plugins/workday.py
[2024-01-14T15:38:28.340+0200] {processor.py:830} INFO - Processing file /home/mahmoud/airflow_env/lib/python3.10/site-packages/airflow/example_dags/plugins/workday.py for tasks to queue
[2024-01-14T15:38:28.341+0200] {logging_mixin.py:188} INFO - [2024-01-14T15:38:28.341+0200] {dagbag.py:538} INFO - Filling up the DagBag from /home/mahmoud/airflow_env/lib/python3.10/site-packages/airflow/example_dags/plugins/workday.py
[2024-01-14T15:38:28.343+0200] {logging_mixin.py:188} INFO - [2024-01-14T15:38:28.343+0200] {workday.py:40} WARNING - Could not import pandas. Holidays will not be considered.
[2024-01-14T15:38:28.344+0200] {processor.py:842} WARNING - No viable dags retrieved from /home/mahmoud/airflow_env/lib/python3.10/site-packages/airflow/example_dags/plugins/workday.py
[2024-01-14T15:38:28.353+0200] {processor.py:183} INFO - Processing /home/mahmoud/airflow_env/lib/python3.10/site-packages/airflow/example_dags/plugins/workday.py took 0.017 seconds
[2024-01-14T15:39:25.004+0200] {processor.py:161} INFO - Started process (PID=25155) to work on /home/mahmoud/airflow_env/lib/python3.10/site-packages/airflow/example_dags/plugins/workday.py
[2024-01-14T15:39:25.007+0200] {processor.py:830} INFO - Processing file /home/mahmoud/airflow_env/lib/python3.10/site-packages/airflow/example_dags/plugins/workday.py for tasks to queue
[2024-01-14T15:39:25.008+0200] {logging_mixin.py:188} INFO - [2024-01-14T15:39:25.007+0200] {dagbag.py:538} INFO - Filling up the DagBag from /home/mahmoud/airflow_env/lib/python3.10/site-packages/airflow/example_dags/plugins/workday.py
[2024-01-14T15:39:25.011+0200] {logging_mixin.py:188} INFO - [2024-01-14T15:39:25.011+0200] {workday.py:40} WARNING - Could not import pandas. Holidays will not be considered.
[2024-01-14T15:39:25.011+0200] {processor.py:842} WARNING - No viable dags retrieved from /home/mahmoud/airflow_env/lib/python3.10/site-packages/airflow/example_dags/plugins/workday.py
[2024-01-14T15:39:25.023+0200] {processor.py:183} INFO - Processing /home/mahmoud/airflow_env/lib/python3.10/site-packages/airflow/example_dags/plugins/workday.py took 0.025 seconds
[2024-01-14T15:40:13.434+0200] {processor.py:161} INFO - Started process (PID=25345) to work on /home/mahmoud/airflow_env/lib/python3.10/site-packages/airflow/example_dags/plugins/workday.py
[2024-01-14T15:40:13.436+0200] {processor.py:830} INFO - Processing file /home/mahmoud/airflow_env/lib/python3.10/site-packages/airflow/example_dags/plugins/workday.py for tasks to queue
[2024-01-14T15:40:13.438+0200] {logging_mixin.py:188} INFO - [2024-01-14T15:40:13.437+0200] {dagbag.py:538} INFO - Filling up the DagBag from /home/mahmoud/airflow_env/lib/python3.10/site-packages/airflow/example_dags/plugins/workday.py
[2024-01-14T15:40:13.441+0200] {logging_mixin.py:188} INFO - [2024-01-14T15:40:13.441+0200] {workday.py:40} WARNING - Could not import pandas. Holidays will not be considered.
[2024-01-14T15:40:13.442+0200] {processor.py:842} WARNING - No viable dags retrieved from /home/mahmoud/airflow_env/lib/python3.10/site-packages/airflow/example_dags/plugins/workday.py
[2024-01-14T15:40:13.455+0200] {processor.py:183} INFO - Processing /home/mahmoud/airflow_env/lib/python3.10/site-packages/airflow/example_dags/plugins/workday.py took 0.025 seconds
[2024-01-14T15:41:10.766+0200] {processor.py:161} INFO - Started process (PID=25634) to work on /home/mahmoud/airflow_env/lib/python3.10/site-packages/airflow/example_dags/plugins/workday.py
[2024-01-14T15:41:10.768+0200] {processor.py:830} INFO - Processing file /home/mahmoud/airflow_env/lib/python3.10/site-packages/airflow/example_dags/plugins/workday.py for tasks to queue
[2024-01-14T15:41:10.769+0200] {logging_mixin.py:188} INFO - [2024-01-14T15:41:10.769+0200] {dagbag.py:538} INFO - Filling up the DagBag from /home/mahmoud/airflow_env/lib/python3.10/site-packages/airflow/example_dags/plugins/workday.py
[2024-01-14T15:41:10.773+0200] {logging_mixin.py:188} INFO - [2024-01-14T15:41:10.772+0200] {workday.py:40} WARNING - Could not import pandas. Holidays will not be considered.
[2024-01-14T15:41:10.773+0200] {processor.py:842} WARNING - No viable dags retrieved from /home/mahmoud/airflow_env/lib/python3.10/site-packages/airflow/example_dags/plugins/workday.py
[2024-01-14T15:41:10.782+0200] {processor.py:183} INFO - Processing /home/mahmoud/airflow_env/lib/python3.10/site-packages/airflow/example_dags/plugins/workday.py took 0.019 seconds
[2024-01-14T15:42:02.419+0200] {processor.py:161} INFO - Started process (PID=25837) to work on /home/mahmoud/airflow_env/lib/python3.10/site-packages/airflow/example_dags/plugins/workday.py
[2024-01-14T15:42:02.422+0200] {processor.py:830} INFO - Processing file /home/mahmoud/airflow_env/lib/python3.10/site-packages/airflow/example_dags/plugins/workday.py for tasks to queue
[2024-01-14T15:42:02.423+0200] {logging_mixin.py:188} INFO - [2024-01-14T15:42:02.422+0200] {dagbag.py:538} INFO - Filling up the DagBag from /home/mahmoud/airflow_env/lib/python3.10/site-packages/airflow/example_dags/plugins/workday.py
[2024-01-14T15:42:02.425+0200] {logging_mixin.py:188} INFO - [2024-01-14T15:42:02.425+0200] {workday.py:40} WARNING - Could not import pandas. Holidays will not be considered.
[2024-01-14T15:42:02.426+0200] {processor.py:842} WARNING - No viable dags retrieved from /home/mahmoud/airflow_env/lib/python3.10/site-packages/airflow/example_dags/plugins/workday.py
[2024-01-14T15:42:02.434+0200] {processor.py:183} INFO - Processing /home/mahmoud/airflow_env/lib/python3.10/site-packages/airflow/example_dags/plugins/workday.py took 0.017 seconds
[2024-01-14T15:43:32.138+0200] {processor.py:161} INFO - Started process (PID=26755) to work on /home/mahmoud/airflow_env/lib/python3.10/site-packages/airflow/example_dags/plugins/workday.py
[2024-01-14T15:43:32.140+0200] {processor.py:830} INFO - Processing file /home/mahmoud/airflow_env/lib/python3.10/site-packages/airflow/example_dags/plugins/workday.py for tasks to queue
[2024-01-14T15:43:32.141+0200] {logging_mixin.py:188} INFO - [2024-01-14T15:43:32.140+0200] {dagbag.py:538} INFO - Filling up the DagBag from /home/mahmoud/airflow_env/lib/python3.10/site-packages/airflow/example_dags/plugins/workday.py
[2024-01-14T15:43:32.143+0200] {logging_mixin.py:188} INFO - [2024-01-14T15:43:32.143+0200] {workday.py:40} WARNING - Could not import pandas. Holidays will not be considered.
[2024-01-14T15:43:32.143+0200] {processor.py:842} WARNING - No viable dags retrieved from /home/mahmoud/airflow_env/lib/python3.10/site-packages/airflow/example_dags/plugins/workday.py
[2024-01-14T15:43:32.151+0200] {processor.py:183} INFO - Processing /home/mahmoud/airflow_env/lib/python3.10/site-packages/airflow/example_dags/plugins/workday.py took 0.016 seconds
[2024-01-14T15:44:38.592+0200] {processor.py:161} INFO - Started process (PID=27446) to work on /home/mahmoud/airflow_env/lib/python3.10/site-packages/airflow/example_dags/plugins/workday.py
[2024-01-14T15:44:38.594+0200] {processor.py:830} INFO - Processing file /home/mahmoud/airflow_env/lib/python3.10/site-packages/airflow/example_dags/plugins/workday.py for tasks to queue
[2024-01-14T15:44:38.596+0200] {logging_mixin.py:188} INFO - [2024-01-14T15:44:38.595+0200] {dagbag.py:538} INFO - Filling up the DagBag from /home/mahmoud/airflow_env/lib/python3.10/site-packages/airflow/example_dags/plugins/workday.py
[2024-01-14T15:44:38.600+0200] {logging_mixin.py:188} INFO - [2024-01-14T15:44:38.600+0200] {workday.py:40} WARNING - Could not import pandas. Holidays will not be considered.
[2024-01-14T15:44:38.600+0200] {processor.py:842} WARNING - No viable dags retrieved from /home/mahmoud/airflow_env/lib/python3.10/site-packages/airflow/example_dags/plugins/workday.py
[2024-01-14T15:44:38.613+0200] {processor.py:183} INFO - Processing /home/mahmoud/airflow_env/lib/python3.10/site-packages/airflow/example_dags/plugins/workday.py took 0.027 seconds
[2024-01-14T15:45:26.305+0200] {processor.py:161} INFO - Started process (PID=27785) to work on /home/mahmoud/airflow_env/lib/python3.10/site-packages/airflow/example_dags/plugins/workday.py
[2024-01-14T15:45:26.307+0200] {processor.py:830} INFO - Processing file /home/mahmoud/airflow_env/lib/python3.10/site-packages/airflow/example_dags/plugins/workday.py for tasks to queue
[2024-01-14T15:45:26.309+0200] {logging_mixin.py:188} INFO - [2024-01-14T15:45:26.308+0200] {dagbag.py:538} INFO - Filling up the DagBag from /home/mahmoud/airflow_env/lib/python3.10/site-packages/airflow/example_dags/plugins/workday.py
[2024-01-14T15:45:26.312+0200] {logging_mixin.py:188} INFO - [2024-01-14T15:45:26.312+0200] {workday.py:40} WARNING - Could not import pandas. Holidays will not be considered.
[2024-01-14T15:45:26.313+0200] {processor.py:842} WARNING - No viable dags retrieved from /home/mahmoud/airflow_env/lib/python3.10/site-packages/airflow/example_dags/plugins/workday.py
[2024-01-14T15:45:26.322+0200] {processor.py:183} INFO - Processing /home/mahmoud/airflow_env/lib/python3.10/site-packages/airflow/example_dags/plugins/workday.py took 0.021 seconds
[2024-01-14T15:46:18.243+0200] {processor.py:161} INFO - Started process (PID=27994) to work on /home/mahmoud/airflow_env/lib/python3.10/site-packages/airflow/example_dags/plugins/workday.py
[2024-01-14T15:46:18.245+0200] {processor.py:830} INFO - Processing file /home/mahmoud/airflow_env/lib/python3.10/site-packages/airflow/example_dags/plugins/workday.py for tasks to queue
[2024-01-14T15:46:18.246+0200] {logging_mixin.py:188} INFO - [2024-01-14T15:46:18.245+0200] {dagbag.py:538} INFO - Filling up the DagBag from /home/mahmoud/airflow_env/lib/python3.10/site-packages/airflow/example_dags/plugins/workday.py
[2024-01-14T15:46:18.248+0200] {logging_mixin.py:188} INFO - [2024-01-14T15:46:18.248+0200] {workday.py:40} WARNING - Could not import pandas. Holidays will not be considered.
[2024-01-14T15:46:18.248+0200] {processor.py:842} WARNING - No viable dags retrieved from /home/mahmoud/airflow_env/lib/python3.10/site-packages/airflow/example_dags/plugins/workday.py
[2024-01-14T15:46:18.260+0200] {processor.py:183} INFO - Processing /home/mahmoud/airflow_env/lib/python3.10/site-packages/airflow/example_dags/plugins/workday.py took 0.021 seconds
[2024-01-14T15:47:11.938+0200] {processor.py:161} INFO - Started process (PID=28272) to work on /home/mahmoud/airflow_env/lib/python3.10/site-packages/airflow/example_dags/plugins/workday.py
[2024-01-14T15:47:11.939+0200] {processor.py:830} INFO - Processing file /home/mahmoud/airflow_env/lib/python3.10/site-packages/airflow/example_dags/plugins/workday.py for tasks to queue
[2024-01-14T15:47:11.940+0200] {logging_mixin.py:188} INFO - [2024-01-14T15:47:11.939+0200] {dagbag.py:538} INFO - Filling up the DagBag from /home/mahmoud/airflow_env/lib/python3.10/site-packages/airflow/example_dags/plugins/workday.py
[2024-01-14T15:47:11.944+0200] {logging_mixin.py:188} INFO - [2024-01-14T15:47:11.943+0200] {workday.py:40} WARNING - Could not import pandas. Holidays will not be considered.
[2024-01-14T15:47:11.944+0200] {processor.py:842} WARNING - No viable dags retrieved from /home/mahmoud/airflow_env/lib/python3.10/site-packages/airflow/example_dags/plugins/workday.py
[2024-01-14T15:47:11.954+0200] {processor.py:183} INFO - Processing /home/mahmoud/airflow_env/lib/python3.10/site-packages/airflow/example_dags/plugins/workday.py took 0.019 seconds
[2024-01-14T15:48:04.309+0200] {processor.py:161} INFO - Started process (PID=28504) to work on /home/mahmoud/airflow_env/lib/python3.10/site-packages/airflow/example_dags/plugins/workday.py
[2024-01-14T15:48:04.311+0200] {processor.py:830} INFO - Processing file /home/mahmoud/airflow_env/lib/python3.10/site-packages/airflow/example_dags/plugins/workday.py for tasks to queue
[2024-01-14T15:48:04.312+0200] {logging_mixin.py:188} INFO - [2024-01-14T15:48:04.312+0200] {dagbag.py:538} INFO - Filling up the DagBag from /home/mahmoud/airflow_env/lib/python3.10/site-packages/airflow/example_dags/plugins/workday.py
[2024-01-14T15:48:04.316+0200] {logging_mixin.py:188} INFO - [2024-01-14T15:48:04.316+0200] {workday.py:40} WARNING - Could not import pandas. Holidays will not be considered.
[2024-01-14T15:48:04.316+0200] {processor.py:842} WARNING - No viable dags retrieved from /home/mahmoud/airflow_env/lib/python3.10/site-packages/airflow/example_dags/plugins/workday.py
[2024-01-14T15:48:04.329+0200] {processor.py:183} INFO - Processing /home/mahmoud/airflow_env/lib/python3.10/site-packages/airflow/example_dags/plugins/workday.py took 0.024 seconds
[2024-01-14T15:48:58.003+0200] {processor.py:161} INFO - Started process (PID=28715) to work on /home/mahmoud/airflow_env/lib/python3.10/site-packages/airflow/example_dags/plugins/workday.py
[2024-01-14T15:48:58.006+0200] {processor.py:830} INFO - Processing file /home/mahmoud/airflow_env/lib/python3.10/site-packages/airflow/example_dags/plugins/workday.py for tasks to queue
[2024-01-14T15:48:58.007+0200] {logging_mixin.py:188} INFO - [2024-01-14T15:48:58.006+0200] {dagbag.py:538} INFO - Filling up the DagBag from /home/mahmoud/airflow_env/lib/python3.10/site-packages/airflow/example_dags/plugins/workday.py
[2024-01-14T15:48:58.011+0200] {logging_mixin.py:188} INFO - [2024-01-14T15:48:58.010+0200] {workday.py:40} WARNING - Could not import pandas. Holidays will not be considered.
[2024-01-14T15:48:58.011+0200] {processor.py:842} WARNING - No viable dags retrieved from /home/mahmoud/airflow_env/lib/python3.10/site-packages/airflow/example_dags/plugins/workday.py
[2024-01-14T15:48:58.023+0200] {processor.py:183} INFO - Processing /home/mahmoud/airflow_env/lib/python3.10/site-packages/airflow/example_dags/plugins/workday.py took 0.024 seconds
[2024-01-14T15:49:52.423+0200] {processor.py:161} INFO - Started process (PID=28930) to work on /home/mahmoud/airflow_env/lib/python3.10/site-packages/airflow/example_dags/plugins/workday.py
[2024-01-14T15:49:52.425+0200] {processor.py:830} INFO - Processing file /home/mahmoud/airflow_env/lib/python3.10/site-packages/airflow/example_dags/plugins/workday.py for tasks to queue
[2024-01-14T15:49:52.426+0200] {logging_mixin.py:188} INFO - [2024-01-14T15:49:52.425+0200] {dagbag.py:538} INFO - Filling up the DagBag from /home/mahmoud/airflow_env/lib/python3.10/site-packages/airflow/example_dags/plugins/workday.py
[2024-01-14T15:49:52.428+0200] {logging_mixin.py:188} INFO - [2024-01-14T15:49:52.428+0200] {workday.py:40} WARNING - Could not import pandas. Holidays will not be considered.
[2024-01-14T15:49:52.428+0200] {processor.py:842} WARNING - No viable dags retrieved from /home/mahmoud/airflow_env/lib/python3.10/site-packages/airflow/example_dags/plugins/workday.py
[2024-01-14T15:49:52.436+0200] {processor.py:183} INFO - Processing /home/mahmoud/airflow_env/lib/python3.10/site-packages/airflow/example_dags/plugins/workday.py took 0.018 seconds
[2024-01-14T15:50:43.598+0200] {processor.py:161} INFO - Started process (PID=29130) to work on /home/mahmoud/airflow_env/lib/python3.10/site-packages/airflow/example_dags/plugins/workday.py
[2024-01-14T15:50:43.600+0200] {processor.py:830} INFO - Processing file /home/mahmoud/airflow_env/lib/python3.10/site-packages/airflow/example_dags/plugins/workday.py for tasks to queue
[2024-01-14T15:50:43.600+0200] {logging_mixin.py:188} INFO - [2024-01-14T15:50:43.600+0200] {dagbag.py:538} INFO - Filling up the DagBag from /home/mahmoud/airflow_env/lib/python3.10/site-packages/airflow/example_dags/plugins/workday.py
[2024-01-14T15:50:43.603+0200] {logging_mixin.py:188} INFO - [2024-01-14T15:50:43.603+0200] {workday.py:40} WARNING - Could not import pandas. Holidays will not be considered.
[2024-01-14T15:50:43.603+0200] {processor.py:842} WARNING - No viable dags retrieved from /home/mahmoud/airflow_env/lib/python3.10/site-packages/airflow/example_dags/plugins/workday.py
[2024-01-14T15:50:43.612+0200] {processor.py:183} INFO - Processing /home/mahmoud/airflow_env/lib/python3.10/site-packages/airflow/example_dags/plugins/workday.py took 0.017 seconds
[2024-01-14T15:51:35.602+0200] {processor.py:161} INFO - Started process (PID=29334) to work on /home/mahmoud/airflow_env/lib/python3.10/site-packages/airflow/example_dags/plugins/workday.py
[2024-01-14T15:51:35.604+0200] {processor.py:830} INFO - Processing file /home/mahmoud/airflow_env/lib/python3.10/site-packages/airflow/example_dags/plugins/workday.py for tasks to queue
[2024-01-14T15:51:35.605+0200] {logging_mixin.py:188} INFO - [2024-01-14T15:51:35.604+0200] {dagbag.py:538} INFO - Filling up the DagBag from /home/mahmoud/airflow_env/lib/python3.10/site-packages/airflow/example_dags/plugins/workday.py
[2024-01-14T15:51:35.607+0200] {logging_mixin.py:188} INFO - [2024-01-14T15:51:35.607+0200] {workday.py:40} WARNING - Could not import pandas. Holidays will not be considered.
[2024-01-14T15:51:35.608+0200] {processor.py:842} WARNING - No viable dags retrieved from /home/mahmoud/airflow_env/lib/python3.10/site-packages/airflow/example_dags/plugins/workday.py
[2024-01-14T15:51:35.616+0200] {processor.py:183} INFO - Processing /home/mahmoud/airflow_env/lib/python3.10/site-packages/airflow/example_dags/plugins/workday.py took 0.017 seconds
[2024-01-14T15:52:27.132+0200] {processor.py:161} INFO - Started process (PID=29544) to work on /home/mahmoud/airflow_env/lib/python3.10/site-packages/airflow/example_dags/plugins/workday.py
[2024-01-14T15:52:27.134+0200] {processor.py:830} INFO - Processing file /home/mahmoud/airflow_env/lib/python3.10/site-packages/airflow/example_dags/plugins/workday.py for tasks to queue
[2024-01-14T15:52:27.135+0200] {logging_mixin.py:188} INFO - [2024-01-14T15:52:27.135+0200] {dagbag.py:538} INFO - Filling up the DagBag from /home/mahmoud/airflow_env/lib/python3.10/site-packages/airflow/example_dags/plugins/workday.py
[2024-01-14T15:52:27.137+0200] {logging_mixin.py:188} INFO - [2024-01-14T15:52:27.137+0200] {workday.py:40} WARNING - Could not import pandas. Holidays will not be considered.
[2024-01-14T15:52:27.138+0200] {processor.py:842} WARNING - No viable dags retrieved from /home/mahmoud/airflow_env/lib/python3.10/site-packages/airflow/example_dags/plugins/workday.py
[2024-01-14T15:52:27.147+0200] {processor.py:183} INFO - Processing /home/mahmoud/airflow_env/lib/python3.10/site-packages/airflow/example_dags/plugins/workday.py took 0.018 seconds
[2024-01-14T15:53:17.816+0200] {processor.py:161} INFO - Started process (PID=29770) to work on /home/mahmoud/airflow_env/lib/python3.10/site-packages/airflow/example_dags/plugins/workday.py
[2024-01-14T15:53:17.818+0200] {processor.py:830} INFO - Processing file /home/mahmoud/airflow_env/lib/python3.10/site-packages/airflow/example_dags/plugins/workday.py for tasks to queue
[2024-01-14T15:53:17.819+0200] {logging_mixin.py:188} INFO - [2024-01-14T15:53:17.819+0200] {dagbag.py:538} INFO - Filling up the DagBag from /home/mahmoud/airflow_env/lib/python3.10/site-packages/airflow/example_dags/plugins/workday.py
[2024-01-14T15:53:17.822+0200] {logging_mixin.py:188} INFO - [2024-01-14T15:53:17.822+0200] {workday.py:40} WARNING - Could not import pandas. Holidays will not be considered.
[2024-01-14T15:53:17.822+0200] {processor.py:842} WARNING - No viable dags retrieved from /home/mahmoud/airflow_env/lib/python3.10/site-packages/airflow/example_dags/plugins/workday.py
[2024-01-14T15:53:17.831+0200] {processor.py:183} INFO - Processing /home/mahmoud/airflow_env/lib/python3.10/site-packages/airflow/example_dags/plugins/workday.py took 0.017 seconds
[2024-01-14T15:54:28.137+0200] {processor.py:161} INFO - Started process (PID=30022) to work on /home/mahmoud/airflow_env/lib/python3.10/site-packages/airflow/example_dags/plugins/workday.py
[2024-01-14T15:54:28.140+0200] {processor.py:830} INFO - Processing file /home/mahmoud/airflow_env/lib/python3.10/site-packages/airflow/example_dags/plugins/workday.py for tasks to queue
[2024-01-14T15:54:28.142+0200] {logging_mixin.py:188} INFO - [2024-01-14T15:54:28.141+0200] {dagbag.py:538} INFO - Filling up the DagBag from /home/mahmoud/airflow_env/lib/python3.10/site-packages/airflow/example_dags/plugins/workday.py
[2024-01-14T15:54:28.150+0200] {logging_mixin.py:188} INFO - [2024-01-14T15:54:28.150+0200] {workday.py:40} WARNING - Could not import pandas. Holidays will not be considered.
[2024-01-14T15:54:28.151+0200] {processor.py:842} WARNING - No viable dags retrieved from /home/mahmoud/airflow_env/lib/python3.10/site-packages/airflow/example_dags/plugins/workday.py
[2024-01-14T15:54:28.180+0200] {processor.py:183} INFO - Processing /home/mahmoud/airflow_env/lib/python3.10/site-packages/airflow/example_dags/plugins/workday.py took 0.052 seconds
[2024-01-14T15:55:40.789+0200] {processor.py:161} INFO - Started process (PID=30276) to work on /home/mahmoud/airflow_env/lib/python3.10/site-packages/airflow/example_dags/plugins/workday.py
[2024-01-14T15:55:40.793+0200] {processor.py:830} INFO - Processing file /home/mahmoud/airflow_env/lib/python3.10/site-packages/airflow/example_dags/plugins/workday.py for tasks to queue
[2024-01-14T15:55:40.795+0200] {logging_mixin.py:188} INFO - [2024-01-14T15:55:40.794+0200] {dagbag.py:538} INFO - Filling up the DagBag from /home/mahmoud/airflow_env/lib/python3.10/site-packages/airflow/example_dags/plugins/workday.py
[2024-01-14T15:55:40.804+0200] {logging_mixin.py:188} INFO - [2024-01-14T15:55:40.804+0200] {workday.py:40} WARNING - Could not import pandas. Holidays will not be considered.
[2024-01-14T15:55:40.805+0200] {processor.py:842} WARNING - No viable dags retrieved from /home/mahmoud/airflow_env/lib/python3.10/site-packages/airflow/example_dags/plugins/workday.py
[2024-01-14T15:55:40.835+0200] {processor.py:183} INFO - Processing /home/mahmoud/airflow_env/lib/python3.10/site-packages/airflow/example_dags/plugins/workday.py took 0.055 seconds
[2024-01-14T15:56:40.158+0200] {processor.py:161} INFO - Started process (PID=30482) to work on /home/mahmoud/airflow_env/lib/python3.10/site-packages/airflow/example_dags/plugins/workday.py
[2024-01-14T15:56:40.162+0200] {processor.py:830} INFO - Processing file /home/mahmoud/airflow_env/lib/python3.10/site-packages/airflow/example_dags/plugins/workday.py for tasks to queue
[2024-01-14T15:56:40.164+0200] {logging_mixin.py:188} INFO - [2024-01-14T15:56:40.163+0200] {dagbag.py:538} INFO - Filling up the DagBag from /home/mahmoud/airflow_env/lib/python3.10/site-packages/airflow/example_dags/plugins/workday.py
[2024-01-14T15:56:40.173+0200] {logging_mixin.py:188} INFO - [2024-01-14T15:56:40.172+0200] {workday.py:40} WARNING - Could not import pandas. Holidays will not be considered.
[2024-01-14T15:56:40.174+0200] {processor.py:842} WARNING - No viable dags retrieved from /home/mahmoud/airflow_env/lib/python3.10/site-packages/airflow/example_dags/plugins/workday.py
[2024-01-14T15:56:40.204+0200] {processor.py:183} INFO - Processing /home/mahmoud/airflow_env/lib/python3.10/site-packages/airflow/example_dags/plugins/workday.py took 0.055 seconds
[2024-01-14T15:57:37.663+0200] {processor.py:161} INFO - Started process (PID=30687) to work on /home/mahmoud/airflow_env/lib/python3.10/site-packages/airflow/example_dags/plugins/workday.py
[2024-01-14T15:57:37.665+0200] {processor.py:830} INFO - Processing file /home/mahmoud/airflow_env/lib/python3.10/site-packages/airflow/example_dags/plugins/workday.py for tasks to queue
[2024-01-14T15:57:37.665+0200] {logging_mixin.py:188} INFO - [2024-01-14T15:57:37.665+0200] {dagbag.py:538} INFO - Filling up the DagBag from /home/mahmoud/airflow_env/lib/python3.10/site-packages/airflow/example_dags/plugins/workday.py
[2024-01-14T15:57:37.667+0200] {logging_mixin.py:188} INFO - [2024-01-14T15:57:37.667+0200] {workday.py:40} WARNING - Could not import pandas. Holidays will not be considered.
[2024-01-14T15:57:37.667+0200] {processor.py:842} WARNING - No viable dags retrieved from /home/mahmoud/airflow_env/lib/python3.10/site-packages/airflow/example_dags/plugins/workday.py
[2024-01-14T15:57:37.674+0200] {processor.py:183} INFO - Processing /home/mahmoud/airflow_env/lib/python3.10/site-packages/airflow/example_dags/plugins/workday.py took 0.014 seconds
