[2024-01-15T13:27:11.358+0200] {taskinstance.py:1957} INFO - Dependencies all met for dep_context=non-requeueable deps ti=<TaskInstance: execute_multiple_tasks.task_A manual__2024-01-15T11:27:09.630164+00:00 [queued]>
[2024-01-15T13:27:11.363+0200] {taskinstance.py:1957} INFO - Dependencies all met for dep_context=requeueable deps ti=<TaskInstance: execute_multiple_tasks.task_A manual__2024-01-15T11:27:09.630164+00:00 [queued]>
[2024-01-15T13:27:11.363+0200] {taskinstance.py:2171} INFO - Starting attempt 1 of 1
[2024-01-15T13:27:11.384+0200] {taskinstance.py:2192} INFO - Executing <Task(BashOperator): task_A> on 2024-01-15 11:27:09.630164+00:00
[2024-01-15T13:27:11.387+0200] {standard_task_runner.py:60} INFO - Started process 18013 to run task
[2024-01-15T13:27:11.390+0200] {standard_task_runner.py:87} INFO - Running: ['airflow', 'tasks', 'run', 'execute_multiple_tasks', 'task_A', 'manual__2024-01-15T11:27:09.630164+00:00', '--job-id', '37', '--raw', '--subdir', 'DAGS_FOLDER/execute_multiple_tasks.py', '--cfg-path', '/tmp/tmpl_ll9ep4']
[2024-01-15T13:27:11.391+0200] {standard_task_runner.py:88} INFO - Job 37: Subtask task_A
[2024-01-15T13:27:11.437+0200] {task_command.py:423} INFO - Running <TaskInstance: execute_multiple_tasks.task_A manual__2024-01-15T11:27:09.630164+00:00 [running]> on host DESKTOP-9NHC01K.
[2024-01-15T13:27:11.536+0200] {taskinstance.py:2481} INFO - Exporting env vars: AIRFLOW_CTX_DAG_OWNER='airflow' AIRFLOW_CTX_DAG_ID='execute_multiple_tasks' AIRFLOW_CTX_TASK_ID='task_A' AIRFLOW_CTX_EXECUTION_DATE='2024-01-15T11:27:09.630164+00:00' AIRFLOW_CTX_TRY_NUMBER='1' AIRFLOW_CTX_DAG_RUN_ID='manual__2024-01-15T11:27:09.630164+00:00'
[2024-01-15T13:27:11.537+0200] {subprocess.py:63} INFO - Tmp dir root location: /tmp
[2024-01-15T13:27:11.537+0200] {subprocess.py:75} INFO - Running command: ['/usr/bin/bash', '-c', 'echo task A has started\n                        for i in {1..10}\n                        do \n                            echo task a is printing $i\n                        done\n                        echo task A has ended\n                        ']
[2024-01-15T13:27:11.542+0200] {subprocess.py:86} INFO - Output:
[2024-01-15T13:27:11.543+0200] {subprocess.py:93} INFO - task A has started
[2024-01-15T13:27:11.543+0200] {subprocess.py:93} INFO - task a is printing 1
[2024-01-15T13:27:11.543+0200] {subprocess.py:93} INFO - task a is printing 2
[2024-01-15T13:27:11.543+0200] {subprocess.py:93} INFO - task a is printing 3
[2024-01-15T13:27:11.543+0200] {subprocess.py:93} INFO - task a is printing 4
[2024-01-15T13:27:11.543+0200] {subprocess.py:93} INFO - task a is printing 5
[2024-01-15T13:27:11.543+0200] {subprocess.py:93} INFO - task a is printing 6
[2024-01-15T13:27:11.543+0200] {subprocess.py:93} INFO - task a is printing 7
[2024-01-15T13:27:11.543+0200] {subprocess.py:93} INFO - task a is printing 8
[2024-01-15T13:27:11.543+0200] {subprocess.py:93} INFO - task a is printing 9
[2024-01-15T13:27:11.543+0200] {subprocess.py:93} INFO - task a is printing 10
[2024-01-15T13:27:11.543+0200] {subprocess.py:93} INFO - task A has ended
[2024-01-15T13:27:11.543+0200] {subprocess.py:97} INFO - Command exited with return code 0
[2024-01-15T13:27:11.559+0200] {taskinstance.py:1138} INFO - Marking task as SUCCESS. dag_id=execute_multiple_tasks, task_id=task_A, execution_date=20240115T112709, start_date=20240115T112711, end_date=20240115T112711
[2024-01-15T13:27:11.602+0200] {local_task_job_runner.py:234} INFO - Task exited with return code 0
[2024-01-15T13:27:11.617+0200] {taskinstance.py:3281} INFO - 2 downstream tasks scheduled from follow-on schedule check
