[2024-01-16T18:20:01.921+0200] {taskinstance.py:1957} INFO - Dependencies all met for dep_context=non-requeueable deps ti=<TaskInstance: execute_multiple_bash_scripts_tasks_.task_A manual__2024-01-16T16:19:59.875827+00:00 [queued]>
[2024-01-16T18:20:01.926+0200] {taskinstance.py:1957} INFO - Dependencies all met for dep_context=requeueable deps ti=<TaskInstance: execute_multiple_bash_scripts_tasks_.task_A manual__2024-01-16T16:19:59.875827+00:00 [queued]>
[2024-01-16T18:20:01.926+0200] {taskinstance.py:2171} INFO - Starting attempt 1 of 1
[2024-01-16T18:20:01.960+0200] {taskinstance.py:2192} INFO - Executing <Task(BashOperator): task_A> on 2024-01-16 16:19:59.875827+00:00
[2024-01-16T18:20:01.965+0200] {standard_task_runner.py:60} INFO - Started process 63606 to run task
[2024-01-16T18:20:01.970+0200] {standard_task_runner.py:87} INFO - Running: ['airflow', 'tasks', 'run', 'execute_multiple_bash_scripts_tasks_', 'task_A', 'manual__2024-01-16T16:19:59.875827+00:00', '--job-id', '154', '--raw', '--subdir', 'DAGS_FOLDER/exec_multi_tasks_w_sep_bash_scripts.py', '--cfg-path', '/tmp/tmpgz611elw']
[2024-01-16T18:20:01.972+0200] {standard_task_runner.py:88} INFO - Job 154: Subtask task_A
[2024-01-16T18:20:02.056+0200] {task_command.py:423} INFO - Running <TaskInstance: execute_multiple_bash_scripts_tasks_.task_A manual__2024-01-16T16:19:59.875827+00:00 [running]> on host DESKTOP-9NHC01K.
[2024-01-16T18:20:02.176+0200] {taskinstance.py:2481} INFO - Exporting env vars: AIRFLOW_CTX_DAG_OWNER='airflow' AIRFLOW_CTX_DAG_ID='execute_multiple_bash_scripts_tasks_' AIRFLOW_CTX_TASK_ID='task_A' AIRFLOW_CTX_EXECUTION_DATE='2024-01-16T16:19:59.875827+00:00' AIRFLOW_CTX_TRY_NUMBER='1' AIRFLOW_CTX_DAG_RUN_ID='manual__2024-01-16T16:19:59.875827+00:00'
[2024-01-16T18:20:02.178+0200] {subprocess.py:63} INFO - Tmp dir root location: /tmp
[2024-01-16T18:20:02.179+0200] {subprocess.py:75} INFO - Running command: ['/usr/bin/bash', '-c', 'echo task A has started\nfor i in {1..10}\ndo \n    echo task a is printing $i\ndone\necho task A has ended']
[2024-01-16T18:20:02.185+0200] {subprocess.py:86} INFO - Output:
[2024-01-16T18:20:02.186+0200] {subprocess.py:93} INFO - task A has started
[2024-01-16T18:20:02.186+0200] {subprocess.py:93} INFO - task a is printing 1
[2024-01-16T18:20:02.186+0200] {subprocess.py:93} INFO - task a is printing 2
[2024-01-16T18:20:02.186+0200] {subprocess.py:93} INFO - task a is printing 3
[2024-01-16T18:20:02.186+0200] {subprocess.py:93} INFO - task a is printing 4
[2024-01-16T18:20:02.186+0200] {subprocess.py:93} INFO - task a is printing 5
[2024-01-16T18:20:02.186+0200] {subprocess.py:93} INFO - task a is printing 6
[2024-01-16T18:20:02.186+0200] {subprocess.py:93} INFO - task a is printing 7
[2024-01-16T18:20:02.187+0200] {subprocess.py:93} INFO - task a is printing 8
[2024-01-16T18:20:02.187+0200] {subprocess.py:93} INFO - task a is printing 9
[2024-01-16T18:20:02.187+0200] {subprocess.py:93} INFO - task a is printing 10
[2024-01-16T18:20:02.187+0200] {subprocess.py:93} INFO - task A has ended
[2024-01-16T18:20:02.187+0200] {subprocess.py:97} INFO - Command exited with return code 0
[2024-01-16T18:20:02.206+0200] {taskinstance.py:1138} INFO - Marking task as SUCCESS. dag_id=execute_multiple_bash_scripts_tasks_, task_id=task_A, execution_date=20240116T161959, start_date=20240116T162001, end_date=20240116T162002
[2024-01-16T18:20:02.263+0200] {local_task_job_runner.py:234} INFO - Task exited with return code 0
[2024-01-16T18:20:02.329+0200] {taskinstance.py:3281} INFO - 3 downstream tasks scheduled from follow-on schedule check
