[2024-01-16T16:25:47.775+0200] {taskinstance.py:1957} INFO - Dependencies all met for dep_context=non-requeueable deps ti=<TaskInstance: executing_sql_pipeline.create_table manual__2024-01-16T14:25:45.213958+00:00 [queued]>
[2024-01-16T16:25:47.781+0200] {taskinstance.py:1957} INFO - Dependencies all met for dep_context=requeueable deps ti=<TaskInstance: executing_sql_pipeline.create_table manual__2024-01-16T14:25:45.213958+00:00 [queued]>
[2024-01-16T16:25:47.781+0200] {taskinstance.py:2171} INFO - Starting attempt 1 of 1
[2024-01-16T16:25:47.798+0200] {taskinstance.py:2192} INFO - Executing <Task(SqliteOperator): create_table> on 2024-01-16 14:25:45.213958+00:00
[2024-01-16T16:25:47.801+0200] {standard_task_runner.py:60} INFO - Started process 49063 to run task
[2024-01-16T16:25:47.805+0200] {standard_task_runner.py:87} INFO - Running: ['airflow', 'tasks', 'run', 'executing_sql_pipeline', 'create_table', 'manual__2024-01-16T14:25:45.213958+00:00', '--job-id', '123', '--raw', '--subdir', 'DAGS_FOLDER/sqlite_pipeline.py', '--cfg-path', '/tmp/tmp6w0y32db']
[2024-01-16T16:25:47.806+0200] {standard_task_runner.py:88} INFO - Job 123: Subtask create_table
[2024-01-16T16:25:47.850+0200] {task_command.py:423} INFO - Running <TaskInstance: executing_sql_pipeline.create_table manual__2024-01-16T14:25:45.213958+00:00 [running]> on host DESKTOP-9NHC01K.
[2024-01-16T16:25:47.927+0200] {taskinstance.py:2481} INFO - Exporting env vars: AIRFLOW_CTX_DAG_OWNER='airflow' AIRFLOW_CTX_DAG_ID='executing_sql_pipeline' AIRFLOW_CTX_TASK_ID='create_table' AIRFLOW_CTX_EXECUTION_DATE='2024-01-16T14:25:45.213958+00:00' AIRFLOW_CTX_TRY_NUMBER='1' AIRFLOW_CTX_DAG_RUN_ID='manual__2024-01-16T14:25:45.213958+00:00'
[2024-01-16T16:25:47.927+0200] {sql.py:276} INFO - Executing: 
            CREATE TABLE IF NOT EXISTS users (
                    id INTEGER PRIMARY KEY,
                    name VARCHAR(50) NOT NULL,
                    age INTEGER NOT NULL,
                    is_active BOOLEAN DEFAULT true,
                    created_at TIMESTAMP DEFAULT CURRENT_TIMESTAMP
            );
        
[2024-01-16T16:25:47.931+0200] {base.py:83} INFO - Using connection ID 'my_sqlite_cnn' for task execution.
[2024-01-16T16:25:47.945+0200] {base.py:83} INFO - Using connection ID 'my_sqlite_cnn' for task execution.
[2024-01-16T16:25:47.946+0200] {sql.py:450} INFO - Running statement: 
            CREATE TABLE IF NOT EXISTS users (
                    id INTEGER PRIMARY KEY,
                    name VARCHAR(50) NOT NULL,
                    age INTEGER NOT NULL,
                    is_active BOOLEAN DEFAULT true,
                    created_at TIMESTAMP DEFAULT CURRENT_TIMESTAMP
            );
        , parameters: None
[2024-01-16T16:25:47.950+0200] {taskinstance.py:1138} INFO - Marking task as SUCCESS. dag_id=executing_sql_pipeline, task_id=create_table, execution_date=20240116T142545, start_date=20240116T142547, end_date=20240116T142547
[2024-01-16T16:25:47.977+0200] {local_task_job_runner.py:234} INFO - Task exited with return code 0
[2024-01-16T16:25:47.995+0200] {taskinstance.py:3281} INFO - 1 downstream tasks scheduled from follow-on schedule check
