[2024-01-18T12:38:14.728+0200] {taskinstance.py:1957} INFO - Dependencies all met for dep_context=non-requeueable deps ti=<TaskInstance: transformation_with_task_flow_api.Filtering.filter_by_region__2 manual__2024-01-18T10:37:58.394101+00:00 [queued]>
[2024-01-18T12:38:14.734+0200] {taskinstance.py:1957} INFO - Dependencies all met for dep_context=requeueable deps ti=<TaskInstance: transformation_with_task_flow_api.Filtering.filter_by_region__2 manual__2024-01-18T10:37:58.394101+00:00 [queued]>
[2024-01-18T12:38:14.735+0200] {taskinstance.py:2171} INFO - Starting attempt 1 of 1
[2024-01-18T12:38:14.752+0200] {taskinstance.py:2192} INFO - Executing <Task(_PythonDecoratedOperator): Filtering.filter_by_region__2> on 2024-01-18 10:37:58.394101+00:00
[2024-01-18T12:38:14.755+0200] {standard_task_runner.py:60} INFO - Started process 14164 to run task
[2024-01-18T12:38:14.758+0200] {standard_task_runner.py:87} INFO - Running: ['airflow', 'tasks', 'run', 'transformation_with_task_flow_api', 'Filtering.filter_by_region__2', 'manual__2024-01-18T10:37:58.394101+00:00', '--job-id', '183', '--raw', '--subdir', 'DAGS_FOLDER/applying_task_flow_api.py', '--cfg-path', '/tmp/tmp26c_gafx']
[2024-01-18T12:38:14.760+0200] {standard_task_runner.py:88} INFO - Job 183: Subtask Filtering.filter_by_region__2
[2024-01-18T12:38:14.793+0200] {task_command.py:423} INFO - Running <TaskInstance: transformation_with_task_flow_api.Filtering.filter_by_region__2 manual__2024-01-18T10:37:58.394101+00:00 [running]> on host DESKTOP-9NHC01K.
[2024-01-18T12:38:14.903+0200] {taskinstance.py:2481} INFO - Exporting env vars: AIRFLOW_CTX_DAG_OWNER='airflow' AIRFLOW_CTX_DAG_ID='transformation_with_task_flow_api' AIRFLOW_CTX_TASK_ID='Filtering.filter_by_region__2' AIRFLOW_CTX_EXECUTION_DATE='2024-01-18T10:37:58.394101+00:00' AIRFLOW_CTX_TRY_NUMBER='1' AIRFLOW_CTX_DAG_RUN_ID='manual__2024-01-18T10:37:58.394101+00:00'
[2024-01-18T12:38:14.904+0200] {taskinstance.py:2699} ERROR - Task failed with exception
Traceback (most recent call last):
  File "/home/mahmoud/airflow_env/lib/python3.10/site-packages/airflow/models/taskinstance.py", line 433, in _execute_task
    result = execute_callable(context=context, **execute_callable_kwargs)
  File "/home/mahmoud/airflow_env/lib/python3.10/site-packages/airflow/decorators/base.py", line 242, in execute
    return_value = super().execute(context)
  File "/home/mahmoud/airflow_env/lib/python3.10/site-packages/airflow/operators/python.py", line 199, in execute
    return_value = self.execute_callable()
  File "/home/mahmoud/airflow_env/lib/python3.10/site-packages/airflow/operators/python.py", line 216, in execute_callable
    return self.python_callable(*self.op_args, **self.op_kwargs)
  File "/home/mahmoud/airflow/dags/applying_task_flow_api.py", line 38, in filter_by_region
    df=pd.read_json(data)
  File "/home/mahmoud/airflow_env/lib/python3.10/site-packages/pandas/io/json/_json.py", line 780, in read_json
    json_reader = JsonReader(
  File "/home/mahmoud/airflow_env/lib/python3.10/site-packages/pandas/io/json/_json.py", line 893, in __init__
    data = self._get_data_from_filepath(filepath_or_buffer)
  File "/home/mahmoud/airflow_env/lib/python3.10/site-packages/pandas/io/json/_json.py", line 933, in _get_data_from_filepath
    self.handles = get_handle(
  File "/home/mahmoud/airflow_env/lib/python3.10/site-packages/pandas/io/common.py", line 709, in get_handle
    if _is_binary_mode(path_or_buf, mode) and "b" not in mode:
  File "/home/mahmoud/airflow_env/lib/python3.10/site-packages/pandas/io/common.py", line 1171, in _is_binary_mode
    return isinstance(handle, _get_binary_io_classes()) or "b" in getattr(
TypeError: argument of type 'method' is not iterable
[2024-01-18T12:38:14.907+0200] {taskinstance.py:1138} INFO - Marking task as FAILED. dag_id=transformation_with_task_flow_api, task_id=Filtering.filter_by_region__2, execution_date=20240118T103758, start_date=20240118T103814, end_date=20240118T103814
[2024-01-18T12:38:14.924+0200] {standard_task_runner.py:107} ERROR - Failed to execute job 183 for task Filtering.filter_by_region__2 (argument of type 'method' is not iterable; 14164)
[2024-01-18T12:38:14.931+0200] {local_task_job_runner.py:234} INFO - Task exited with return code 1
[2024-01-18T12:38:14.940+0200] {taskinstance.py:3281} INFO - 0 downstream tasks scheduled from follow-on schedule check
