[2024-01-15T18:21:20.953+0200] {processor.py:161} INFO - Started process (PID=34369) to work on /home/mahmoud/airflow/dags/XCom.py
[2024-01-15T18:21:20.954+0200] {processor.py:830} INFO - Processing file /home/mahmoud/airflow/dags/XCom.py for tasks to queue
[2024-01-15T18:21:20.954+0200] {logging_mixin.py:188} INFO - [2024-01-15T18:21:20.954+0200] {dagbag.py:538} INFO - Filling up the DagBag from /home/mahmoud/airflow/dags/XCom.py
[2024-01-15T18:21:20.963+0200] {processor.py:840} INFO - DAG(s) 'execute_multiple_python_tasks' retrieved from /home/mahmoud/airflow/dags/XCom.py
[2024-01-15T18:21:21.127+0200] {logging_mixin.py:188} INFO - [2024-01-15T18:21:21.126+0200] {dag.py:3033} INFO - Sync 1 DAGs
[2024-01-15T18:21:21.140+0200] {logging_mixin.py:188} INFO - [2024-01-15T18:21:21.140+0200] {dag.py:3820} INFO - Setting next_dagrun for execute_multiple_python_tasks to None, run_after=None
[2024-01-15T18:21:21.177+0200] {processor.py:183} INFO - Processing /home/mahmoud/airflow/dags/XCom.py took 0.227 seconds
[2024-01-15T18:21:36.308+0200] {processor.py:161} INFO - Started process (PID=34477) to work on /home/mahmoud/airflow/dags/XCom.py
[2024-01-15T18:21:36.310+0200] {processor.py:830} INFO - Processing file /home/mahmoud/airflow/dags/XCom.py for tasks to queue
[2024-01-15T18:21:36.311+0200] {logging_mixin.py:188} INFO - [2024-01-15T18:21:36.310+0200] {dagbag.py:538} INFO - Filling up the DagBag from /home/mahmoud/airflow/dags/XCom.py
[2024-01-15T18:21:36.322+0200] {processor.py:840} INFO - DAG(s) 'execute_multiple_python_tasks' retrieved from /home/mahmoud/airflow/dags/XCom.py
[2024-01-15T18:21:36.330+0200] {logging_mixin.py:188} INFO - [2024-01-15T18:21:36.330+0200] {dag.py:3033} INFO - Sync 1 DAGs
[2024-01-15T18:21:36.350+0200] {logging_mixin.py:188} INFO - [2024-01-15T18:21:36.350+0200] {dag.py:3820} INFO - Setting next_dagrun for execute_multiple_python_tasks to None, run_after=None
[2024-01-15T18:21:36.377+0200] {processor.py:183} INFO - Processing /home/mahmoud/airflow/dags/XCom.py took 0.072 seconds
[2024-01-15T18:22:03.956+0200] {processor.py:161} INFO - Started process (PID=34662) to work on /home/mahmoud/airflow/dags/XCom.py
[2024-01-15T18:22:03.973+0200] {processor.py:830} INFO - Processing file /home/mahmoud/airflow/dags/XCom.py for tasks to queue
[2024-01-15T18:22:03.975+0200] {logging_mixin.py:188} INFO - [2024-01-15T18:22:03.974+0200] {dagbag.py:538} INFO - Filling up the DagBag from /home/mahmoud/airflow/dags/XCom.py
[2024-01-15T18:22:03.990+0200] {processor.py:840} INFO - DAG(s) 'execute_multiple_python_tasks' retrieved from /home/mahmoud/airflow/dags/XCom.py
[2024-01-15T18:22:03.999+0200] {logging_mixin.py:188} INFO - [2024-01-15T18:22:03.999+0200] {dag.py:3033} INFO - Sync 1 DAGs
[2024-01-15T18:22:04.019+0200] {logging_mixin.py:188} INFO - [2024-01-15T18:22:04.019+0200] {dag.py:3820} INFO - Setting next_dagrun for execute_multiple_python_tasks to None, run_after=None
[2024-01-15T18:22:04.056+0200] {processor.py:183} INFO - Processing /home/mahmoud/airflow/dags/XCom.py took 0.103 seconds
[2024-01-15T18:22:34.480+0200] {processor.py:161} INFO - Started process (PID=34883) to work on /home/mahmoud/airflow/dags/XCom.py
[2024-01-15T18:22:34.483+0200] {processor.py:830} INFO - Processing file /home/mahmoud/airflow/dags/XCom.py for tasks to queue
[2024-01-15T18:22:34.484+0200] {logging_mixin.py:188} INFO - [2024-01-15T18:22:34.484+0200] {dagbag.py:538} INFO - Filling up the DagBag from /home/mahmoud/airflow/dags/XCom.py
[2024-01-15T18:22:34.500+0200] {processor.py:840} INFO - DAG(s) 'execute_multiple_python_tasks' retrieved from /home/mahmoud/airflow/dags/XCom.py
[2024-01-15T18:22:34.680+0200] {logging_mixin.py:188} INFO - [2024-01-15T18:22:34.680+0200] {dag.py:3033} INFO - Sync 1 DAGs
[2024-01-15T18:22:34.696+0200] {logging_mixin.py:188} INFO - [2024-01-15T18:22:34.695+0200] {dag.py:3820} INFO - Setting next_dagrun for execute_multiple_python_tasks to None, run_after=None
[2024-01-15T18:22:34.735+0200] {processor.py:183} INFO - Processing /home/mahmoud/airflow/dags/XCom.py took 0.263 seconds
[2024-01-15T18:23:01.864+0200] {processor.py:161} INFO - Started process (PID=35055) to work on /home/mahmoud/airflow/dags/XCom.py
[2024-01-15T18:23:01.883+0200] {processor.py:830} INFO - Processing file /home/mahmoud/airflow/dags/XCom.py for tasks to queue
[2024-01-15T18:23:01.883+0200] {logging_mixin.py:188} INFO - [2024-01-15T18:23:01.883+0200] {dagbag.py:538} INFO - Filling up the DagBag from /home/mahmoud/airflow/dags/XCom.py
[2024-01-15T18:23:01.895+0200] {processor.py:840} INFO - DAG(s) 'execute_multiple_python_tasks' retrieved from /home/mahmoud/airflow/dags/XCom.py
[2024-01-15T18:23:01.905+0200] {logging_mixin.py:188} INFO - [2024-01-15T18:23:01.905+0200] {dag.py:3033} INFO - Sync 1 DAGs
[2024-01-15T18:23:01.930+0200] {logging_mixin.py:188} INFO - [2024-01-15T18:23:01.930+0200] {dag.py:3820} INFO - Setting next_dagrun for execute_multiple_python_tasks to None, run_after=None
[2024-01-15T18:23:01.967+0200] {processor.py:183} INFO - Processing /home/mahmoud/airflow/dags/XCom.py took 0.105 seconds
[2024-01-15T18:23:32.251+0200] {processor.py:161} INFO - Started process (PID=35178) to work on /home/mahmoud/airflow/dags/XCom.py
[2024-01-15T18:23:32.254+0200] {processor.py:830} INFO - Processing file /home/mahmoud/airflow/dags/XCom.py for tasks to queue
[2024-01-15T18:23:32.256+0200] {logging_mixin.py:188} INFO - [2024-01-15T18:23:32.255+0200] {dagbag.py:538} INFO - Filling up the DagBag from /home/mahmoud/airflow/dags/XCom.py
[2024-01-15T18:23:32.268+0200] {processor.py:840} INFO - DAG(s) 'execute_multiple_python_tasks' retrieved from /home/mahmoud/airflow/dags/XCom.py
[2024-01-15T18:23:32.289+0200] {logging_mixin.py:188} INFO - [2024-01-15T18:23:32.289+0200] {dag.py:3033} INFO - Sync 1 DAGs
[2024-01-15T18:23:32.307+0200] {logging_mixin.py:188} INFO - [2024-01-15T18:23:32.307+0200] {dag.py:3820} INFO - Setting next_dagrun for execute_multiple_python_tasks to None, run_after=None
[2024-01-15T18:23:32.429+0200] {processor.py:183} INFO - Processing /home/mahmoud/airflow/dags/XCom.py took 0.183 seconds
[2024-01-15T18:23:41.939+0200] {processor.py:161} INFO - Started process (PID=35265) to work on /home/mahmoud/airflow/dags/XCom.py
[2024-01-15T18:23:41.940+0200] {processor.py:830} INFO - Processing file /home/mahmoud/airflow/dags/XCom.py for tasks to queue
[2024-01-15T18:23:41.941+0200] {logging_mixin.py:188} INFO - [2024-01-15T18:23:41.941+0200] {dagbag.py:538} INFO - Filling up the DagBag from /home/mahmoud/airflow/dags/XCom.py
[2024-01-15T18:23:41.952+0200] {processor.py:840} INFO - DAG(s) 'execute_multiple_python_tasks' retrieved from /home/mahmoud/airflow/dags/XCom.py
[2024-01-15T18:23:41.960+0200] {logging_mixin.py:188} INFO - [2024-01-15T18:23:41.960+0200] {dag.py:3033} INFO - Sync 1 DAGs
[2024-01-15T18:23:41.981+0200] {logging_mixin.py:188} INFO - [2024-01-15T18:23:41.981+0200] {dag.py:3820} INFO - Setting next_dagrun for execute_multiple_python_tasks to None, run_after=None
[2024-01-15T18:23:42.007+0200] {processor.py:183} INFO - Processing /home/mahmoud/airflow/dags/XCom.py took 0.071 seconds
[2024-01-15T18:24:10.223+0200] {processor.py:161} INFO - Started process (PID=35377) to work on /home/mahmoud/airflow/dags/XCom.py
[2024-01-15T18:24:10.224+0200] {processor.py:830} INFO - Processing file /home/mahmoud/airflow/dags/XCom.py for tasks to queue
[2024-01-15T18:24:10.225+0200] {logging_mixin.py:188} INFO - [2024-01-15T18:24:10.225+0200] {dagbag.py:538} INFO - Filling up the DagBag from /home/mahmoud/airflow/dags/XCom.py
[2024-01-15T18:24:10.235+0200] {processor.py:840} INFO - DAG(s) 'execute_multiple_python_tasks' retrieved from /home/mahmoud/airflow/dags/XCom.py
[2024-01-15T18:24:10.406+0200] {logging_mixin.py:188} INFO - [2024-01-15T18:24:10.406+0200] {dag.py:3033} INFO - Sync 1 DAGs
[2024-01-15T18:24:10.420+0200] {logging_mixin.py:188} INFO - [2024-01-15T18:24:10.420+0200] {dag.py:3820} INFO - Setting next_dagrun for execute_multiple_python_tasks to None, run_after=None
[2024-01-15T18:24:10.454+0200] {processor.py:183} INFO - Processing /home/mahmoud/airflow/dags/XCom.py took 0.234 seconds
[2024-01-15T18:24:40.624+0200] {processor.py:161} INFO - Started process (PID=35545) to work on /home/mahmoud/airflow/dags/XCom.py
[2024-01-15T18:24:40.626+0200] {processor.py:830} INFO - Processing file /home/mahmoud/airflow/dags/XCom.py for tasks to queue
[2024-01-15T18:24:40.627+0200] {logging_mixin.py:188} INFO - [2024-01-15T18:24:40.627+0200] {dagbag.py:538} INFO - Filling up the DagBag from /home/mahmoud/airflow/dags/XCom.py
[2024-01-15T18:24:40.635+0200] {processor.py:840} INFO - DAG(s) 'execute_multiple_python_tasks' retrieved from /home/mahmoud/airflow/dags/XCom.py
[2024-01-15T18:24:40.651+0200] {logging_mixin.py:188} INFO - [2024-01-15T18:24:40.651+0200] {dag.py:3033} INFO - Sync 1 DAGs
[2024-01-15T18:24:40.666+0200] {logging_mixin.py:188} INFO - [2024-01-15T18:24:40.665+0200] {dag.py:3820} INFO - Setting next_dagrun for execute_multiple_python_tasks to None, run_after=None
[2024-01-15T18:24:40.786+0200] {processor.py:183} INFO - Processing /home/mahmoud/airflow/dags/XCom.py took 0.164 seconds
[2024-01-15T18:25:18.520+0200] {processor.py:161} INFO - Started process (PID=35729) to work on /home/mahmoud/airflow/dags/XCom.py
[2024-01-15T18:25:18.538+0200] {processor.py:830} INFO - Processing file /home/mahmoud/airflow/dags/XCom.py for tasks to queue
[2024-01-15T18:25:18.540+0200] {logging_mixin.py:188} INFO - [2024-01-15T18:25:18.539+0200] {dagbag.py:538} INFO - Filling up the DagBag from /home/mahmoud/airflow/dags/XCom.py
[2024-01-15T18:25:18.548+0200] {processor.py:840} INFO - DAG(s) 'execute_multiple_python_tasks' retrieved from /home/mahmoud/airflow/dags/XCom.py
[2024-01-15T18:25:18.714+0200] {logging_mixin.py:188} INFO - [2024-01-15T18:25:18.714+0200] {dag.py:3033} INFO - Sync 1 DAGs
[2024-01-15T18:25:18.727+0200] {logging_mixin.py:188} INFO - [2024-01-15T18:25:18.727+0200] {dag.py:3820} INFO - Setting next_dagrun for execute_multiple_python_tasks to None, run_after=None
[2024-01-15T18:25:18.760+0200] {processor.py:183} INFO - Processing /home/mahmoud/airflow/dags/XCom.py took 0.243 seconds
[2024-01-15T18:25:49.028+0200] {processor.py:161} INFO - Started process (PID=35848) to work on /home/mahmoud/airflow/dags/XCom.py
[2024-01-15T18:25:49.031+0200] {processor.py:830} INFO - Processing file /home/mahmoud/airflow/dags/XCom.py for tasks to queue
[2024-01-15T18:25:49.033+0200] {logging_mixin.py:188} INFO - [2024-01-15T18:25:49.032+0200] {dagbag.py:538} INFO - Filling up the DagBag from /home/mahmoud/airflow/dags/XCom.py
[2024-01-15T18:25:49.046+0200] {processor.py:840} INFO - DAG(s) 'execute_multiple_python_tasks' retrieved from /home/mahmoud/airflow/dags/XCom.py
[2024-01-15T18:25:49.067+0200] {logging_mixin.py:188} INFO - [2024-01-15T18:25:49.067+0200] {dag.py:3033} INFO - Sync 1 DAGs
[2024-01-15T18:25:49.083+0200] {logging_mixin.py:188} INFO - [2024-01-15T18:25:49.083+0200] {dag.py:3820} INFO - Setting next_dagrun for execute_multiple_python_tasks to None, run_after=None
[2024-01-15T18:25:49.201+0200] {processor.py:183} INFO - Processing /home/mahmoud/airflow/dags/XCom.py took 0.179 seconds
[2024-01-15T18:25:54.168+0200] {processor.py:161} INFO - Started process (PID=35852) to work on /home/mahmoud/airflow/dags/XCom.py
[2024-01-15T18:25:54.179+0200] {processor.py:830} INFO - Processing file /home/mahmoud/airflow/dags/XCom.py for tasks to queue
[2024-01-15T18:25:54.180+0200] {logging_mixin.py:188} INFO - [2024-01-15T18:25:54.180+0200] {dagbag.py:538} INFO - Filling up the DagBag from /home/mahmoud/airflow/dags/XCom.py
[2024-01-15T18:25:54.192+0200] {processor.py:840} INFO - DAG(s) 'execute_multiple_python_tasks' retrieved from /home/mahmoud/airflow/dags/XCom.py
[2024-01-15T18:25:54.199+0200] {logging_mixin.py:188} INFO - [2024-01-15T18:25:54.199+0200] {dag.py:3033} INFO - Sync 1 DAGs
[2024-01-15T18:25:54.218+0200] {logging_mixin.py:188} INFO - [2024-01-15T18:25:54.218+0200] {dag.py:3820} INFO - Setting next_dagrun for execute_multiple_python_tasks to None, run_after=None
[2024-01-15T18:25:54.246+0200] {processor.py:183} INFO - Processing /home/mahmoud/airflow/dags/XCom.py took 0.081 seconds
[2024-01-15T18:26:24.516+0200] {processor.py:161} INFO - Started process (PID=35933) to work on /home/mahmoud/airflow/dags/XCom.py
[2024-01-15T18:26:24.518+0200] {processor.py:830} INFO - Processing file /home/mahmoud/airflow/dags/XCom.py for tasks to queue
[2024-01-15T18:26:24.519+0200] {logging_mixin.py:188} INFO - [2024-01-15T18:26:24.519+0200] {dagbag.py:538} INFO - Filling up the DagBag from /home/mahmoud/airflow/dags/XCom.py
[2024-01-15T18:26:24.532+0200] {processor.py:840} INFO - DAG(s) 'execute_multiple_python_tasks' retrieved from /home/mahmoud/airflow/dags/XCom.py
[2024-01-15T18:26:24.694+0200] {logging_mixin.py:188} INFO - [2024-01-15T18:26:24.694+0200] {dag.py:3033} INFO - Sync 1 DAGs
[2024-01-15T18:26:24.705+0200] {logging_mixin.py:188} INFO - [2024-01-15T18:26:24.705+0200] {dag.py:3820} INFO - Setting next_dagrun for execute_multiple_python_tasks to None, run_after=None
[2024-01-15T18:26:24.736+0200] {processor.py:183} INFO - Processing /home/mahmoud/airflow/dags/XCom.py took 0.224 seconds
[2024-01-15T18:26:55.034+0200] {processor.py:161} INFO - Started process (PID=36009) to work on /home/mahmoud/airflow/dags/XCom.py
[2024-01-15T18:26:55.038+0200] {processor.py:830} INFO - Processing file /home/mahmoud/airflow/dags/XCom.py for tasks to queue
[2024-01-15T18:26:55.039+0200] {logging_mixin.py:188} INFO - [2024-01-15T18:26:55.039+0200] {dagbag.py:538} INFO - Filling up the DagBag from /home/mahmoud/airflow/dags/XCom.py
[2024-01-15T18:26:55.056+0200] {processor.py:840} INFO - DAG(s) 'execute_multiple_python_tasks' retrieved from /home/mahmoud/airflow/dags/XCom.py
[2024-01-15T18:26:55.079+0200] {logging_mixin.py:188} INFO - [2024-01-15T18:26:55.079+0200] {dag.py:3033} INFO - Sync 1 DAGs
[2024-01-15T18:26:55.184+0200] {logging_mixin.py:188} INFO - [2024-01-15T18:26:55.184+0200] {dag.py:3820} INFO - Setting next_dagrun for execute_multiple_python_tasks to None, run_after=None
[2024-01-15T18:26:55.215+0200] {processor.py:183} INFO - Processing /home/mahmoud/airflow/dags/XCom.py took 0.187 seconds
[2024-01-15T18:27:11.669+0200] {processor.py:161} INFO - Started process (PID=36067) to work on /home/mahmoud/airflow/dags/XCom.py
[2024-01-15T18:27:11.686+0200] {processor.py:830} INFO - Processing file /home/mahmoud/airflow/dags/XCom.py for tasks to queue
[2024-01-15T18:27:11.688+0200] {logging_mixin.py:188} INFO - [2024-01-15T18:27:11.687+0200] {dagbag.py:538} INFO - Filling up the DagBag from /home/mahmoud/airflow/dags/XCom.py
[2024-01-15T18:27:11.699+0200] {processor.py:840} INFO - DAG(s) 'execute_multiple_python_tasks' retrieved from /home/mahmoud/airflow/dags/XCom.py
[2024-01-15T18:27:11.719+0200] {logging_mixin.py:188} INFO - [2024-01-15T18:27:11.719+0200] {dag.py:3033} INFO - Sync 1 DAGs
[2024-01-15T18:27:11.736+0200] {logging_mixin.py:188} INFO - [2024-01-15T18:27:11.735+0200] {dag.py:3820} INFO - Setting next_dagrun for execute_multiple_python_tasks to None, run_after=None
[2024-01-15T18:27:11.772+0200] {processor.py:183} INFO - Processing /home/mahmoud/airflow/dags/XCom.py took 0.106 seconds
[2024-01-15T18:27:42.243+0200] {processor.py:161} INFO - Started process (PID=36195) to work on /home/mahmoud/airflow/dags/XCom.py
[2024-01-15T18:27:42.245+0200] {processor.py:830} INFO - Processing file /home/mahmoud/airflow/dags/XCom.py for tasks to queue
[2024-01-15T18:27:42.247+0200] {logging_mixin.py:188} INFO - [2024-01-15T18:27:42.246+0200] {dagbag.py:538} INFO - Filling up the DagBag from /home/mahmoud/airflow/dags/XCom.py
[2024-01-15T18:27:42.263+0200] {processor.py:840} INFO - DAG(s) 'execute_multiple_python_tasks' retrieved from /home/mahmoud/airflow/dags/XCom.py
[2024-01-15T18:27:42.274+0200] {logging_mixin.py:188} INFO - [2024-01-15T18:27:42.273+0200] {dag.py:3033} INFO - Sync 1 DAGs
[2024-01-15T18:27:42.295+0200] {logging_mixin.py:188} INFO - [2024-01-15T18:27:42.295+0200] {dag.py:3820} INFO - Setting next_dagrun for execute_multiple_python_tasks to None, run_after=None
[2024-01-15T18:27:42.335+0200] {processor.py:183} INFO - Processing /home/mahmoud/airflow/dags/XCom.py took 0.101 seconds
[2024-01-15T18:28:12.889+0200] {processor.py:161} INFO - Started process (PID=36288) to work on /home/mahmoud/airflow/dags/XCom.py
[2024-01-15T18:28:12.891+0200] {processor.py:830} INFO - Processing file /home/mahmoud/airflow/dags/XCom.py for tasks to queue
[2024-01-15T18:28:12.893+0200] {logging_mixin.py:188} INFO - [2024-01-15T18:28:12.892+0200] {dagbag.py:538} INFO - Filling up the DagBag from /home/mahmoud/airflow/dags/XCom.py
[2024-01-15T18:28:12.909+0200] {processor.py:840} INFO - DAG(s) 'execute_multiple_python_tasks' retrieved from /home/mahmoud/airflow/dags/XCom.py
[2024-01-15T18:28:13.075+0200] {logging_mixin.py:188} INFO - [2024-01-15T18:28:13.074+0200] {dag.py:3033} INFO - Sync 1 DAGs
[2024-01-15T18:28:13.093+0200] {logging_mixin.py:188} INFO - [2024-01-15T18:28:13.093+0200] {dag.py:3820} INFO - Setting next_dagrun for execute_multiple_python_tasks to None, run_after=None
[2024-01-15T18:28:13.129+0200] {processor.py:183} INFO - Processing /home/mahmoud/airflow/dags/XCom.py took 0.248 seconds
[2024-01-15T18:28:43.604+0200] {processor.py:161} INFO - Started process (PID=36305) to work on /home/mahmoud/airflow/dags/XCom.py
[2024-01-15T18:28:43.607+0200] {processor.py:830} INFO - Processing file /home/mahmoud/airflow/dags/XCom.py for tasks to queue
[2024-01-15T18:28:43.609+0200] {logging_mixin.py:188} INFO - [2024-01-15T18:28:43.608+0200] {dagbag.py:538} INFO - Filling up the DagBag from /home/mahmoud/airflow/dags/XCom.py
[2024-01-15T18:28:43.625+0200] {processor.py:840} INFO - DAG(s) 'execute_multiple_python_tasks' retrieved from /home/mahmoud/airflow/dags/XCom.py
[2024-01-15T18:28:43.648+0200] {logging_mixin.py:188} INFO - [2024-01-15T18:28:43.648+0200] {dag.py:3033} INFO - Sync 1 DAGs
[2024-01-15T18:28:43.745+0200] {logging_mixin.py:188} INFO - [2024-01-15T18:28:43.745+0200] {dag.py:3820} INFO - Setting next_dagrun for execute_multiple_python_tasks to None, run_after=None
[2024-01-15T18:28:43.782+0200] {processor.py:183} INFO - Processing /home/mahmoud/airflow/dags/XCom.py took 0.186 seconds
[2024-01-15T18:29:14.145+0200] {processor.py:161} INFO - Started process (PID=36473) to work on /home/mahmoud/airflow/dags/XCom.py
[2024-01-15T18:29:14.157+0200] {processor.py:830} INFO - Processing file /home/mahmoud/airflow/dags/XCom.py for tasks to queue
[2024-01-15T18:29:14.158+0200] {logging_mixin.py:188} INFO - [2024-01-15T18:29:14.158+0200] {dagbag.py:538} INFO - Filling up the DagBag from /home/mahmoud/airflow/dags/XCom.py
[2024-01-15T18:29:14.170+0200] {processor.py:840} INFO - DAG(s) 'execute_multiple_python_tasks' retrieved from /home/mahmoud/airflow/dags/XCom.py
[2024-01-15T18:29:14.179+0200] {logging_mixin.py:188} INFO - [2024-01-15T18:29:14.179+0200] {dag.py:3033} INFO - Sync 1 DAGs
[2024-01-15T18:29:14.199+0200] {logging_mixin.py:188} INFO - [2024-01-15T18:29:14.199+0200] {dag.py:3820} INFO - Setting next_dagrun for execute_multiple_python_tasks to None, run_after=None
[2024-01-15T18:29:14.327+0200] {processor.py:183} INFO - Processing /home/mahmoud/airflow/dags/XCom.py took 0.188 seconds
[2024-01-15T18:29:44.884+0200] {processor.py:161} INFO - Started process (PID=36547) to work on /home/mahmoud/airflow/dags/XCom.py
[2024-01-15T18:29:44.887+0200] {processor.py:830} INFO - Processing file /home/mahmoud/airflow/dags/XCom.py for tasks to queue
[2024-01-15T18:29:44.888+0200] {logging_mixin.py:188} INFO - [2024-01-15T18:29:44.887+0200] {dagbag.py:538} INFO - Filling up the DagBag from /home/mahmoud/airflow/dags/XCom.py
[2024-01-15T18:29:44.900+0200] {processor.py:840} INFO - DAG(s) 'execute_multiple_python_tasks' retrieved from /home/mahmoud/airflow/dags/XCom.py
[2024-01-15T18:29:45.066+0200] {logging_mixin.py:188} INFO - [2024-01-15T18:29:45.066+0200] {dag.py:3033} INFO - Sync 1 DAGs
[2024-01-15T18:29:45.077+0200] {logging_mixin.py:188} INFO - [2024-01-15T18:29:45.076+0200] {dag.py:3820} INFO - Setting next_dagrun for execute_multiple_python_tasks to None, run_after=None
[2024-01-15T18:29:45.108+0200] {processor.py:183} INFO - Processing /home/mahmoud/airflow/dags/XCom.py took 0.229 seconds
[2024-01-15T18:30:15.424+0200] {processor.py:161} INFO - Started process (PID=36624) to work on /home/mahmoud/airflow/dags/XCom.py
[2024-01-15T18:30:15.426+0200] {processor.py:830} INFO - Processing file /home/mahmoud/airflow/dags/XCom.py for tasks to queue
[2024-01-15T18:30:15.428+0200] {logging_mixin.py:188} INFO - [2024-01-15T18:30:15.427+0200] {dagbag.py:538} INFO - Filling up the DagBag from /home/mahmoud/airflow/dags/XCom.py
[2024-01-15T18:30:15.442+0200] {processor.py:840} INFO - DAG(s) 'execute_multiple_python_tasks' retrieved from /home/mahmoud/airflow/dags/XCom.py
[2024-01-15T18:30:15.554+0200] {logging_mixin.py:188} INFO - [2024-01-15T18:30:15.554+0200] {dag.py:3033} INFO - Sync 1 DAGs
[2024-01-15T18:30:15.573+0200] {logging_mixin.py:188} INFO - [2024-01-15T18:30:15.573+0200] {dag.py:3820} INFO - Setting next_dagrun for execute_multiple_python_tasks to None, run_after=None
[2024-01-15T18:30:15.599+0200] {processor.py:183} INFO - Processing /home/mahmoud/airflow/dags/XCom.py took 0.181 seconds
[2024-01-15T18:30:46.232+0200] {processor.py:161} INFO - Started process (PID=36701) to work on /home/mahmoud/airflow/dags/XCom.py
[2024-01-15T18:30:46.234+0200] {processor.py:830} INFO - Processing file /home/mahmoud/airflow/dags/XCom.py for tasks to queue
[2024-01-15T18:30:46.236+0200] {logging_mixin.py:188} INFO - [2024-01-15T18:30:46.235+0200] {dagbag.py:538} INFO - Filling up the DagBag from /home/mahmoud/airflow/dags/XCom.py
[2024-01-15T18:30:46.340+0200] {processor.py:840} INFO - DAG(s) 'execute_multiple_python_tasks' retrieved from /home/mahmoud/airflow/dags/XCom.py
[2024-01-15T18:30:46.346+0200] {logging_mixin.py:188} INFO - [2024-01-15T18:30:46.346+0200] {dag.py:3033} INFO - Sync 1 DAGs
[2024-01-15T18:30:46.364+0200] {logging_mixin.py:188} INFO - [2024-01-15T18:30:46.364+0200] {dag.py:3820} INFO - Setting next_dagrun for execute_multiple_python_tasks to None, run_after=None
[2024-01-15T18:30:46.396+0200] {processor.py:183} INFO - Processing /home/mahmoud/airflow/dags/XCom.py took 0.173 seconds
[2024-01-15T18:31:16.747+0200] {processor.py:161} INFO - Started process (PID=36718) to work on /home/mahmoud/airflow/dags/XCom.py
[2024-01-15T18:31:16.758+0200] {processor.py:830} INFO - Processing file /home/mahmoud/airflow/dags/XCom.py for tasks to queue
[2024-01-15T18:31:16.760+0200] {logging_mixin.py:188} INFO - [2024-01-15T18:31:16.759+0200] {dagbag.py:538} INFO - Filling up the DagBag from /home/mahmoud/airflow/dags/XCom.py
[2024-01-15T18:31:16.770+0200] {processor.py:840} INFO - DAG(s) 'execute_multiple_python_tasks' retrieved from /home/mahmoud/airflow/dags/XCom.py
[2024-01-15T18:31:16.851+0200] {logging_mixin.py:188} INFO - [2024-01-15T18:31:16.851+0200] {dag.py:3033} INFO - Sync 1 DAGs
[2024-01-15T18:31:16.865+0200] {logging_mixin.py:188} INFO - [2024-01-15T18:31:16.864+0200] {dag.py:3820} INFO - Setting next_dagrun for execute_multiple_python_tasks to None, run_after=None
[2024-01-15T18:31:16.885+0200] {processor.py:183} INFO - Processing /home/mahmoud/airflow/dags/XCom.py took 0.142 seconds
[2024-01-15T18:31:47.484+0200] {processor.py:161} INFO - Started process (PID=36847) to work on /home/mahmoud/airflow/dags/XCom.py
[2024-01-15T18:31:47.492+0200] {processor.py:830} INFO - Processing file /home/mahmoud/airflow/dags/XCom.py for tasks to queue
[2024-01-15T18:31:47.494+0200] {logging_mixin.py:188} INFO - [2024-01-15T18:31:47.493+0200] {dagbag.py:538} INFO - Filling up the DagBag from /home/mahmoud/airflow/dags/XCom.py
[2024-01-15T18:31:47.509+0200] {processor.py:840} INFO - DAG(s) 'execute_multiple_python_tasks' retrieved from /home/mahmoud/airflow/dags/XCom.py
[2024-01-15T18:31:47.531+0200] {logging_mixin.py:188} INFO - [2024-01-15T18:31:47.531+0200] {dag.py:3033} INFO - Sync 1 DAGs
[2024-01-15T18:31:47.550+0200] {logging_mixin.py:188} INFO - [2024-01-15T18:31:47.550+0200] {dag.py:3820} INFO - Setting next_dagrun for execute_multiple_python_tasks to None, run_after=None
[2024-01-15T18:31:47.584+0200] {processor.py:183} INFO - Processing /home/mahmoud/airflow/dags/XCom.py took 0.106 seconds
[2024-01-15T18:32:30.230+0200] {processor.py:161} INFO - Started process (PID=37011) to work on /home/mahmoud/airflow/dags/XCom.py
[2024-01-15T18:32:30.231+0200] {processor.py:830} INFO - Processing file /home/mahmoud/airflow/dags/XCom.py for tasks to queue
[2024-01-15T18:32:30.232+0200] {logging_mixin.py:188} INFO - [2024-01-15T18:32:30.231+0200] {dagbag.py:538} INFO - Filling up the DagBag from /home/mahmoud/airflow/dags/XCom.py
[2024-01-15T18:32:30.240+0200] {processor.py:840} INFO - DAG(s) 'execute_multiple_python_tasks' retrieved from /home/mahmoud/airflow/dags/XCom.py
[2024-01-15T18:32:30.405+0200] {logging_mixin.py:188} INFO - [2024-01-15T18:32:30.404+0200] {dag.py:3033} INFO - Sync 1 DAGs
[2024-01-15T18:32:30.419+0200] {logging_mixin.py:188} INFO - [2024-01-15T18:32:30.419+0200] {dag.py:3820} INFO - Setting next_dagrun for execute_multiple_python_tasks to None, run_after=None
[2024-01-15T18:32:30.455+0200] {processor.py:183} INFO - Processing /home/mahmoud/airflow/dags/XCom.py took 0.228 seconds
[2024-01-15T18:33:00.577+0200] {processor.py:161} INFO - Started process (PID=37158) to work on /home/mahmoud/airflow/dags/XCom.py
[2024-01-15T18:33:00.579+0200] {processor.py:830} INFO - Processing file /home/mahmoud/airflow/dags/XCom.py for tasks to queue
[2024-01-15T18:33:00.580+0200] {logging_mixin.py:188} INFO - [2024-01-15T18:33:00.580+0200] {dagbag.py:538} INFO - Filling up the DagBag from /home/mahmoud/airflow/dags/XCom.py
[2024-01-15T18:33:00.596+0200] {processor.py:840} INFO - DAG(s) 'execute_multiple_python_tasks' retrieved from /home/mahmoud/airflow/dags/XCom.py
[2024-01-15T18:33:00.618+0200] {logging_mixin.py:188} INFO - [2024-01-15T18:33:00.618+0200] {dag.py:3033} INFO - Sync 1 DAGs
[2024-01-15T18:33:00.636+0200] {logging_mixin.py:188} INFO - [2024-01-15T18:33:00.635+0200] {dag.py:3820} INFO - Setting next_dagrun for execute_multiple_python_tasks to None, run_after=None
[2024-01-15T18:33:00.755+0200] {processor.py:183} INFO - Processing /home/mahmoud/airflow/dags/XCom.py took 0.187 seconds
[2024-01-15T18:33:31.366+0200] {processor.py:161} INFO - Started process (PID=37250) to work on /home/mahmoud/airflow/dags/XCom.py
[2024-01-15T18:33:31.381+0200] {processor.py:830} INFO - Processing file /home/mahmoud/airflow/dags/XCom.py for tasks to queue
[2024-01-15T18:33:31.382+0200] {logging_mixin.py:188} INFO - [2024-01-15T18:33:31.381+0200] {dagbag.py:538} INFO - Filling up the DagBag from /home/mahmoud/airflow/dags/XCom.py
[2024-01-15T18:33:31.395+0200] {processor.py:840} INFO - DAG(s) 'execute_multiple_python_tasks' retrieved from /home/mahmoud/airflow/dags/XCom.py
[2024-01-15T18:33:31.403+0200] {logging_mixin.py:188} INFO - [2024-01-15T18:33:31.403+0200] {dag.py:3033} INFO - Sync 1 DAGs
[2024-01-15T18:33:31.423+0200] {logging_mixin.py:188} INFO - [2024-01-15T18:33:31.423+0200] {dag.py:3820} INFO - Setting next_dagrun for execute_multiple_python_tasks to None, run_after=None
[2024-01-15T18:33:31.450+0200] {processor.py:183} INFO - Processing /home/mahmoud/airflow/dags/XCom.py took 0.087 seconds
[2024-01-15T18:34:01.553+0200] {processor.py:161} INFO - Started process (PID=37331) to work on /home/mahmoud/airflow/dags/XCom.py
[2024-01-15T18:34:01.554+0200] {processor.py:830} INFO - Processing file /home/mahmoud/airflow/dags/XCom.py for tasks to queue
[2024-01-15T18:34:01.555+0200] {logging_mixin.py:188} INFO - [2024-01-15T18:34:01.555+0200] {dagbag.py:538} INFO - Filling up the DagBag from /home/mahmoud/airflow/dags/XCom.py
[2024-01-15T18:34:01.567+0200] {processor.py:840} INFO - DAG(s) 'execute_multiple_python_tasks' retrieved from /home/mahmoud/airflow/dags/XCom.py
[2024-01-15T18:34:01.766+0200] {logging_mixin.py:188} INFO - [2024-01-15T18:34:01.766+0200] {dag.py:3033} INFO - Sync 1 DAGs
[2024-01-15T18:34:01.790+0200] {logging_mixin.py:188} INFO - [2024-01-15T18:34:01.790+0200] {dag.py:3820} INFO - Setting next_dagrun for execute_multiple_python_tasks to None, run_after=None
[2024-01-15T18:34:01.827+0200] {processor.py:183} INFO - Processing /home/mahmoud/airflow/dags/XCom.py took 0.276 seconds
[2024-01-15T18:34:32.234+0200] {processor.py:161} INFO - Started process (PID=37388) to work on /home/mahmoud/airflow/dags/XCom.py
[2024-01-15T18:34:32.236+0200] {processor.py:830} INFO - Processing file /home/mahmoud/airflow/dags/XCom.py for tasks to queue
[2024-01-15T18:34:32.237+0200] {logging_mixin.py:188} INFO - [2024-01-15T18:34:32.236+0200] {dagbag.py:538} INFO - Filling up the DagBag from /home/mahmoud/airflow/dags/XCom.py
[2024-01-15T18:34:32.250+0200] {processor.py:840} INFO - DAG(s) 'execute_multiple_python_tasks' retrieved from /home/mahmoud/airflow/dags/XCom.py
[2024-01-15T18:34:32.271+0200] {logging_mixin.py:188} INFO - [2024-01-15T18:34:32.270+0200] {dag.py:3033} INFO - Sync 1 DAGs
[2024-01-15T18:34:32.381+0200] {logging_mixin.py:188} INFO - [2024-01-15T18:34:32.380+0200] {dag.py:3820} INFO - Setting next_dagrun for execute_multiple_python_tasks to None, run_after=None
[2024-01-15T18:34:32.415+0200] {processor.py:183} INFO - Processing /home/mahmoud/airflow/dags/XCom.py took 0.186 seconds
[2024-01-15T18:35:02.796+0200] {processor.py:161} INFO - Started process (PID=37408) to work on /home/mahmoud/airflow/dags/XCom.py
[2024-01-15T18:35:02.797+0200] {processor.py:830} INFO - Processing file /home/mahmoud/airflow/dags/XCom.py for tasks to queue
[2024-01-15T18:35:02.799+0200] {logging_mixin.py:188} INFO - [2024-01-15T18:35:02.798+0200] {dagbag.py:538} INFO - Filling up the DagBag from /home/mahmoud/airflow/dags/XCom.py
[2024-01-15T18:35:02.813+0200] {processor.py:840} INFO - DAG(s) 'execute_multiple_python_tasks' retrieved from /home/mahmoud/airflow/dags/XCom.py
[2024-01-15T18:35:02.822+0200] {logging_mixin.py:188} INFO - [2024-01-15T18:35:02.822+0200] {dag.py:3033} INFO - Sync 1 DAGs
[2024-01-15T18:35:02.931+0200] {logging_mixin.py:188} INFO - [2024-01-15T18:35:02.930+0200] {dag.py:3820} INFO - Setting next_dagrun for execute_multiple_python_tasks to None, run_after=None
[2024-01-15T18:35:02.963+0200] {processor.py:183} INFO - Processing /home/mahmoud/airflow/dags/XCom.py took 0.172 seconds
[2024-01-15T18:35:33.364+0200] {processor.py:161} INFO - Started process (PID=37425) to work on /home/mahmoud/airflow/dags/XCom.py
[2024-01-15T18:35:33.367+0200] {processor.py:830} INFO - Processing file /home/mahmoud/airflow/dags/XCom.py for tasks to queue
[2024-01-15T18:35:33.369+0200] {logging_mixin.py:188} INFO - [2024-01-15T18:35:33.368+0200] {dagbag.py:538} INFO - Filling up the DagBag from /home/mahmoud/airflow/dags/XCom.py
[2024-01-15T18:35:33.382+0200] {processor.py:840} INFO - DAG(s) 'execute_multiple_python_tasks' retrieved from /home/mahmoud/airflow/dags/XCom.py
[2024-01-15T18:35:33.554+0200] {logging_mixin.py:188} INFO - [2024-01-15T18:35:33.554+0200] {dag.py:3033} INFO - Sync 1 DAGs
[2024-01-15T18:35:33.566+0200] {logging_mixin.py:188} INFO - [2024-01-15T18:35:33.566+0200] {dag.py:3820} INFO - Setting next_dagrun for execute_multiple_python_tasks to None, run_after=None
[2024-01-15T18:35:33.600+0200] {processor.py:183} INFO - Processing /home/mahmoud/airflow/dags/XCom.py took 0.241 seconds
[2024-01-15T18:36:04.026+0200] {processor.py:161} INFO - Started process (PID=37475) to work on /home/mahmoud/airflow/dags/XCom.py
[2024-01-15T18:36:04.028+0200] {processor.py:830} INFO - Processing file /home/mahmoud/airflow/dags/XCom.py for tasks to queue
[2024-01-15T18:36:04.029+0200] {logging_mixin.py:188} INFO - [2024-01-15T18:36:04.028+0200] {dagbag.py:538} INFO - Filling up the DagBag from /home/mahmoud/airflow/dags/XCom.py
[2024-01-15T18:36:04.128+0200] {processor.py:840} INFO - DAG(s) 'execute_multiple_python_tasks' retrieved from /home/mahmoud/airflow/dags/XCom.py
[2024-01-15T18:36:04.147+0200] {logging_mixin.py:188} INFO - [2024-01-15T18:36:04.147+0200] {dag.py:3033} INFO - Sync 1 DAGs
[2024-01-15T18:36:04.165+0200] {logging_mixin.py:188} INFO - [2024-01-15T18:36:04.164+0200] {dag.py:3820} INFO - Setting next_dagrun for execute_multiple_python_tasks to None, run_after=None
[2024-01-15T18:36:04.198+0200] {processor.py:183} INFO - Processing /home/mahmoud/airflow/dags/XCom.py took 0.175 seconds
[2024-01-15T18:36:06.653+0200] {processor.py:161} INFO - Started process (PID=37510) to work on /home/mahmoud/airflow/dags/XCom.py
[2024-01-15T18:36:06.654+0200] {processor.py:830} INFO - Processing file /home/mahmoud/airflow/dags/XCom.py for tasks to queue
[2024-01-15T18:36:06.656+0200] {logging_mixin.py:188} INFO - [2024-01-15T18:36:06.655+0200] {dagbag.py:538} INFO - Filling up the DagBag from /home/mahmoud/airflow/dags/XCom.py
[2024-01-15T18:36:06.758+0200] {processor.py:840} INFO - DAG(s) 'execute_multiple_python_tasks' retrieved from /home/mahmoud/airflow/dags/XCom.py
[2024-01-15T18:36:06.764+0200] {logging_mixin.py:188} INFO - [2024-01-15T18:36:06.764+0200] {dag.py:3033} INFO - Sync 1 DAGs
[2024-01-15T18:36:06.782+0200] {logging_mixin.py:188} INFO - [2024-01-15T18:36:06.782+0200] {dag.py:3820} INFO - Setting next_dagrun for execute_multiple_python_tasks to None, run_after=None
[2024-01-15T18:36:06.814+0200] {processor.py:183} INFO - Processing /home/mahmoud/airflow/dags/XCom.py took 0.167 seconds
[2024-01-15T18:36:22.240+0200] {processor.py:161} INFO - Started process (PID=37544) to work on /home/mahmoud/airflow/dags/XCom.py
[2024-01-15T18:36:22.241+0200] {processor.py:830} INFO - Processing file /home/mahmoud/airflow/dags/XCom.py for tasks to queue
[2024-01-15T18:36:22.242+0200] {logging_mixin.py:188} INFO - [2024-01-15T18:36:22.241+0200] {dagbag.py:538} INFO - Filling up the DagBag from /home/mahmoud/airflow/dags/XCom.py
[2024-01-15T18:36:22.255+0200] {processor.py:840} INFO - DAG(s) 'execute_multiple_python_tasks' retrieved from /home/mahmoud/airflow/dags/XCom.py
[2024-01-15T18:36:22.262+0200] {logging_mixin.py:188} INFO - [2024-01-15T18:36:22.262+0200] {dag.py:3033} INFO - Sync 1 DAGs
[2024-01-15T18:36:22.284+0200] {logging_mixin.py:188} INFO - [2024-01-15T18:36:22.284+0200] {dag.py:3820} INFO - Setting next_dagrun for execute_multiple_python_tasks to None, run_after=None
[2024-01-15T18:36:22.310+0200] {processor.py:183} INFO - Processing /home/mahmoud/airflow/dags/XCom.py took 0.074 seconds
[2024-01-15T18:36:53.338+0200] {processor.py:161} INFO - Started process (PID=37624) to work on /home/mahmoud/airflow/dags/XCom.py
[2024-01-15T18:36:53.340+0200] {processor.py:830} INFO - Processing file /home/mahmoud/airflow/dags/XCom.py for tasks to queue
[2024-01-15T18:36:53.341+0200] {logging_mixin.py:188} INFO - [2024-01-15T18:36:53.340+0200] {dagbag.py:538} INFO - Filling up the DagBag from /home/mahmoud/airflow/dags/XCom.py
[2024-01-15T18:36:53.350+0200] {processor.py:840} INFO - DAG(s) 'execute_multiple_python_tasks' retrieved from /home/mahmoud/airflow/dags/XCom.py
[2024-01-15T18:36:53.428+0200] {logging_mixin.py:188} INFO - [2024-01-15T18:36:53.428+0200] {dag.py:3033} INFO - Sync 1 DAGs
[2024-01-15T18:36:53.441+0200] {logging_mixin.py:188} INFO - [2024-01-15T18:36:53.441+0200] {dag.py:3820} INFO - Setting next_dagrun for execute_multiple_python_tasks to None, run_after=None
[2024-01-15T18:36:53.472+0200] {processor.py:183} INFO - Processing /home/mahmoud/airflow/dags/XCom.py took 0.137 seconds
[2024-01-15T18:37:20.165+0200] {processor.py:161} INFO - Started process (PID=37672) to work on /home/mahmoud/airflow/dags/XCom.py
[2024-01-15T18:37:20.179+0200] {processor.py:830} INFO - Processing file /home/mahmoud/airflow/dags/XCom.py for tasks to queue
[2024-01-15T18:37:20.183+0200] {logging_mixin.py:188} INFO - [2024-01-15T18:37:20.182+0200] {dagbag.py:538} INFO - Filling up the DagBag from /home/mahmoud/airflow/dags/XCom.py
[2024-01-15T18:37:20.203+0200] {processor.py:840} INFO - DAG(s) 'execute_multiple_python_tasks' retrieved from /home/mahmoud/airflow/dags/XCom.py
[2024-01-15T18:37:20.212+0200] {logging_mixin.py:188} INFO - [2024-01-15T18:37:20.211+0200] {dag.py:3033} INFO - Sync 1 DAGs
[2024-01-15T18:37:20.233+0200] {logging_mixin.py:188} INFO - [2024-01-15T18:37:20.232+0200] {dag.py:3820} INFO - Setting next_dagrun for execute_multiple_python_tasks to None, run_after=None
[2024-01-15T18:37:20.266+0200] {processor.py:183} INFO - Processing /home/mahmoud/airflow/dags/XCom.py took 0.104 seconds
[2024-01-15T18:37:50.610+0200] {processor.py:161} INFO - Started process (PID=37839) to work on /home/mahmoud/airflow/dags/XCom.py
[2024-01-15T18:37:50.623+0200] {processor.py:830} INFO - Processing file /home/mahmoud/airflow/dags/XCom.py for tasks to queue
[2024-01-15T18:37:50.625+0200] {logging_mixin.py:188} INFO - [2024-01-15T18:37:50.624+0200] {dagbag.py:538} INFO - Filling up the DagBag from /home/mahmoud/airflow/dags/XCom.py
[2024-01-15T18:37:50.639+0200] {processor.py:840} INFO - DAG(s) 'execute_multiple_python_tasks' retrieved from /home/mahmoud/airflow/dags/XCom.py
[2024-01-15T18:37:50.660+0200] {logging_mixin.py:188} INFO - [2024-01-15T18:37:50.660+0200] {dag.py:3033} INFO - Sync 1 DAGs
[2024-01-15T18:37:50.676+0200] {logging_mixin.py:188} INFO - [2024-01-15T18:37:50.676+0200] {dag.py:3820} INFO - Setting next_dagrun for execute_multiple_python_tasks to None, run_after=None
[2024-01-15T18:37:50.790+0200] {processor.py:183} INFO - Processing /home/mahmoud/airflow/dags/XCom.py took 0.188 seconds
[2024-01-15T18:38:21.276+0200] {processor.py:161} INFO - Started process (PID=37856) to work on /home/mahmoud/airflow/dags/XCom.py
[2024-01-15T18:38:21.279+0200] {processor.py:830} INFO - Processing file /home/mahmoud/airflow/dags/XCom.py for tasks to queue
[2024-01-15T18:38:21.280+0200] {logging_mixin.py:188} INFO - [2024-01-15T18:38:21.280+0200] {dagbag.py:538} INFO - Filling up the DagBag from /home/mahmoud/airflow/dags/XCom.py
[2024-01-15T18:38:21.292+0200] {processor.py:840} INFO - DAG(s) 'execute_multiple_python_tasks' retrieved from /home/mahmoud/airflow/dags/XCom.py
[2024-01-15T18:38:21.299+0200] {logging_mixin.py:188} INFO - [2024-01-15T18:38:21.299+0200] {dag.py:3033} INFO - Sync 1 DAGs
[2024-01-15T18:38:21.317+0200] {logging_mixin.py:188} INFO - [2024-01-15T18:38:21.317+0200] {dag.py:3820} INFO - Setting next_dagrun for execute_multiple_python_tasks to None, run_after=None
[2024-01-15T18:38:21.340+0200] {processor.py:183} INFO - Processing /home/mahmoud/airflow/dags/XCom.py took 0.068 seconds
[2024-01-15T18:38:51.604+0200] {processor.py:161} INFO - Started process (PID=37873) to work on /home/mahmoud/airflow/dags/XCom.py
[2024-01-15T18:38:51.606+0200] {processor.py:830} INFO - Processing file /home/mahmoud/airflow/dags/XCom.py for tasks to queue
[2024-01-15T18:38:51.607+0200] {logging_mixin.py:188} INFO - [2024-01-15T18:38:51.606+0200] {dagbag.py:538} INFO - Filling up the DagBag from /home/mahmoud/airflow/dags/XCom.py
[2024-01-15T18:38:51.618+0200] {processor.py:840} INFO - DAG(s) 'execute_multiple_python_tasks' retrieved from /home/mahmoud/airflow/dags/XCom.py
[2024-01-15T18:38:51.781+0200] {logging_mixin.py:188} INFO - [2024-01-15T18:38:51.781+0200] {dag.py:3033} INFO - Sync 1 DAGs
[2024-01-15T18:38:51.792+0200] {logging_mixin.py:188} INFO - [2024-01-15T18:38:51.792+0200] {dag.py:3820} INFO - Setting next_dagrun for execute_multiple_python_tasks to None, run_after=None
[2024-01-15T18:38:51.813+0200] {processor.py:183} INFO - Processing /home/mahmoud/airflow/dags/XCom.py took 0.213 seconds
[2024-01-15T18:39:22.267+0200] {processor.py:161} INFO - Started process (PID=37890) to work on /home/mahmoud/airflow/dags/XCom.py
[2024-01-15T18:39:22.281+0200] {processor.py:830} INFO - Processing file /home/mahmoud/airflow/dags/XCom.py for tasks to queue
[2024-01-15T18:39:22.282+0200] {logging_mixin.py:188} INFO - [2024-01-15T18:39:22.282+0200] {dagbag.py:538} INFO - Filling up the DagBag from /home/mahmoud/airflow/dags/XCom.py
[2024-01-15T18:39:22.297+0200] {processor.py:840} INFO - DAG(s) 'execute_multiple_python_tasks' retrieved from /home/mahmoud/airflow/dags/XCom.py
[2024-01-15T18:39:22.318+0200] {logging_mixin.py:188} INFO - [2024-01-15T18:39:22.318+0200] {dag.py:3033} INFO - Sync 1 DAGs
[2024-01-15T18:39:22.421+0200] {logging_mixin.py:188} INFO - [2024-01-15T18:39:22.421+0200] {dag.py:3820} INFO - Setting next_dagrun for execute_multiple_python_tasks to None, run_after=None
[2024-01-15T18:39:22.457+0200] {processor.py:183} INFO - Processing /home/mahmoud/airflow/dags/XCom.py took 0.194 seconds
[2024-01-15T18:39:52.913+0200] {processor.py:161} INFO - Started process (PID=37934) to work on /home/mahmoud/airflow/dags/XCom.py
[2024-01-15T18:39:52.915+0200] {processor.py:830} INFO - Processing file /home/mahmoud/airflow/dags/XCom.py for tasks to queue
[2024-01-15T18:39:52.916+0200] {logging_mixin.py:188} INFO - [2024-01-15T18:39:52.916+0200] {dagbag.py:538} INFO - Filling up the DagBag from /home/mahmoud/airflow/dags/XCom.py
[2024-01-15T18:39:52.926+0200] {processor.py:840} INFO - DAG(s) 'execute_multiple_python_tasks' retrieved from /home/mahmoud/airflow/dags/XCom.py
[2024-01-15T18:39:52.934+0200] {logging_mixin.py:188} INFO - [2024-01-15T18:39:52.934+0200] {dag.py:3033} INFO - Sync 1 DAGs
[2024-01-15T18:39:53.036+0200] {logging_mixin.py:188} INFO - [2024-01-15T18:39:53.036+0200] {dag.py:3820} INFO - Setting next_dagrun for execute_multiple_python_tasks to None, run_after=None
[2024-01-15T18:39:53.072+0200] {processor.py:183} INFO - Processing /home/mahmoud/airflow/dags/XCom.py took 0.162 seconds
[2024-01-15T18:40:23.437+0200] {processor.py:161} INFO - Started process (PID=37981) to work on /home/mahmoud/airflow/dags/XCom.py
[2024-01-15T18:40:23.439+0200] {processor.py:830} INFO - Processing file /home/mahmoud/airflow/dags/XCom.py for tasks to queue
[2024-01-15T18:40:23.440+0200] {logging_mixin.py:188} INFO - [2024-01-15T18:40:23.439+0200] {dagbag.py:538} INFO - Filling up the DagBag from /home/mahmoud/airflow/dags/XCom.py
[2024-01-15T18:40:23.449+0200] {processor.py:840} INFO - DAG(s) 'execute_multiple_python_tasks' retrieved from /home/mahmoud/airflow/dags/XCom.py
[2024-01-15T18:40:23.601+0200] {logging_mixin.py:188} INFO - [2024-01-15T18:40:23.601+0200] {dag.py:3033} INFO - Sync 1 DAGs
[2024-01-15T18:40:23.612+0200] {logging_mixin.py:188} INFO - [2024-01-15T18:40:23.611+0200] {dag.py:3820} INFO - Setting next_dagrun for execute_multiple_python_tasks to None, run_after=None
[2024-01-15T18:40:23.644+0200] {processor.py:183} INFO - Processing /home/mahmoud/airflow/dags/XCom.py took 0.210 seconds
[2024-01-15T18:40:54.091+0200] {processor.py:161} INFO - Started process (PID=37999) to work on /home/mahmoud/airflow/dags/XCom.py
[2024-01-15T18:40:54.092+0200] {processor.py:830} INFO - Processing file /home/mahmoud/airflow/dags/XCom.py for tasks to queue
[2024-01-15T18:40:54.096+0200] {logging_mixin.py:188} INFO - [2024-01-15T18:40:54.095+0200] {dagbag.py:538} INFO - Filling up the DagBag from /home/mahmoud/airflow/dags/XCom.py
[2024-01-15T18:40:54.201+0200] {processor.py:840} INFO - DAG(s) 'execute_multiple_python_tasks' retrieved from /home/mahmoud/airflow/dags/XCom.py
[2024-01-15T18:40:54.216+0200] {logging_mixin.py:188} INFO - [2024-01-15T18:40:54.216+0200] {dag.py:3033} INFO - Sync 1 DAGs
[2024-01-15T18:40:54.231+0200] {logging_mixin.py:188} INFO - [2024-01-15T18:40:54.230+0200] {dag.py:3820} INFO - Setting next_dagrun for execute_multiple_python_tasks to None, run_after=None
[2024-01-15T18:40:54.264+0200] {processor.py:183} INFO - Processing /home/mahmoud/airflow/dags/XCom.py took 0.180 seconds
[2024-01-15T18:41:14.305+0200] {processor.py:161} INFO - Started process (PID=38103) to work on /home/mahmoud/airflow/dags/XCom.py
[2024-01-15T18:41:14.307+0200] {processor.py:830} INFO - Processing file /home/mahmoud/airflow/dags/XCom.py for tasks to queue
[2024-01-15T18:41:14.309+0200] {logging_mixin.py:188} INFO - [2024-01-15T18:41:14.308+0200] {dagbag.py:538} INFO - Filling up the DagBag from /home/mahmoud/airflow/dags/XCom.py
[2024-01-15T18:41:14.318+0200] {logging_mixin.py:188} INFO - [2024-01-15T18:41:14.313+0200] {dagbag.py:348} ERROR - Failed to import: /home/mahmoud/airflow/dags/XCom.py
Traceback (most recent call last):
  File "/home/mahmoud/airflow_env/lib/python3.10/site-packages/airflow/models/dagbag.py", line 344, in parse
    loader.exec_module(new_module)
  File "<frozen importlib._bootstrap_external>", line 883, in exec_module
  File "<frozen importlib._bootstrap>", line 241, in _call_with_frames_removed
  File "/home/mahmoud/airflow/dags/XCom.py", line 26, in <module>
    with DAG(
  File "/home/mahmoud/airflow_env/lib/python3.10/site-packages/airflow/models/dag.py", line 497, in __init__
    validate_key(dag_id)
  File "/home/mahmoud/airflow_env/lib/python3.10/site-packages/airflow/utils/helpers.py", line 57, in validate_key
    raise AirflowException(
airflow.exceptions.AirflowException: The key 'XCom with python operator' has to be made of alphanumeric characters, dashes, dots and underscores exclusively
[2024-01-15T18:41:14.318+0200] {processor.py:842} WARNING - No viable dags retrieved from /home/mahmoud/airflow/dags/XCom.py
[2024-01-15T18:41:14.341+0200] {processor.py:183} INFO - Processing /home/mahmoud/airflow/dags/XCom.py took 0.041 seconds
[2024-01-15T18:41:44.449+0200] {processor.py:161} INFO - Started process (PID=38183) to work on /home/mahmoud/airflow/dags/XCom.py
[2024-01-15T18:41:44.452+0200] {processor.py:830} INFO - Processing file /home/mahmoud/airflow/dags/XCom.py for tasks to queue
[2024-01-15T18:41:44.453+0200] {logging_mixin.py:188} INFO - [2024-01-15T18:41:44.452+0200] {dagbag.py:538} INFO - Filling up the DagBag from /home/mahmoud/airflow/dags/XCom.py
[2024-01-15T18:41:44.458+0200] {logging_mixin.py:188} INFO - [2024-01-15T18:41:44.455+0200] {dagbag.py:348} ERROR - Failed to import: /home/mahmoud/airflow/dags/XCom.py
Traceback (most recent call last):
  File "/home/mahmoud/airflow_env/lib/python3.10/site-packages/airflow/models/dagbag.py", line 344, in parse
    loader.exec_module(new_module)
  File "<frozen importlib._bootstrap_external>", line 883, in exec_module
  File "<frozen importlib._bootstrap>", line 241, in _call_with_frames_removed
  File "/home/mahmoud/airflow/dags/XCom.py", line 26, in <module>
    with DAG(
  File "/home/mahmoud/airflow_env/lib/python3.10/site-packages/airflow/models/dag.py", line 497, in __init__
    validate_key(dag_id)
  File "/home/mahmoud/airflow_env/lib/python3.10/site-packages/airflow/utils/helpers.py", line 57, in validate_key
    raise AirflowException(
airflow.exceptions.AirflowException: The key 'XCom with python operator' has to be made of alphanumeric characters, dashes, dots and underscores exclusively
[2024-01-15T18:41:44.458+0200] {processor.py:842} WARNING - No viable dags retrieved from /home/mahmoud/airflow/dags/XCom.py
[2024-01-15T18:41:44.481+0200] {processor.py:183} INFO - Processing /home/mahmoud/airflow/dags/XCom.py took 0.036 seconds
[2024-01-15T18:42:02.462+0200] {processor.py:161} INFO - Started process (PID=38194) to work on /home/mahmoud/airflow/dags/XCom.py
[2024-01-15T18:42:02.465+0200] {processor.py:830} INFO - Processing file /home/mahmoud/airflow/dags/XCom.py for tasks to queue
[2024-01-15T18:42:02.466+0200] {logging_mixin.py:188} INFO - [2024-01-15T18:42:02.465+0200] {dagbag.py:538} INFO - Filling up the DagBag from /home/mahmoud/airflow/dags/XCom.py
[2024-01-15T18:42:02.472+0200] {logging_mixin.py:188} INFO - [2024-01-15T18:42:02.470+0200] {dagbag.py:348} ERROR - Failed to import: /home/mahmoud/airflow/dags/XCom.py
Traceback (most recent call last):
  File "/home/mahmoud/airflow_env/lib/python3.10/site-packages/airflow/models/dagbag.py", line 344, in parse
    loader.exec_module(new_module)
  File "<frozen importlib._bootstrap_external>", line 883, in exec_module
  File "<frozen importlib._bootstrap>", line 241, in _call_with_frames_removed
  File "/home/mahmoud/airflow/dags/XCom.py", line 26, in <module>
    with DAG(
  File "/home/mahmoud/airflow_env/lib/python3.10/site-packages/airflow/models/dag.py", line 497, in __init__
    validate_key(dag_id)
  File "/home/mahmoud/airflow_env/lib/python3.10/site-packages/airflow/utils/helpers.py", line 57, in validate_key
    raise AirflowException(
airflow.exceptions.AirflowException: The key 'xcom with python operator' has to be made of alphanumeric characters, dashes, dots and underscores exclusively
[2024-01-15T18:42:02.472+0200] {processor.py:842} WARNING - No viable dags retrieved from /home/mahmoud/airflow/dags/XCom.py
[2024-01-15T18:42:02.494+0200] {processor.py:183} INFO - Processing /home/mahmoud/airflow/dags/XCom.py took 0.036 seconds
[2024-01-15T18:42:32.613+0200] {processor.py:161} INFO - Started process (PID=38304) to work on /home/mahmoud/airflow/dags/XCom.py
[2024-01-15T18:42:32.616+0200] {processor.py:830} INFO - Processing file /home/mahmoud/airflow/dags/XCom.py for tasks to queue
[2024-01-15T18:42:32.617+0200] {logging_mixin.py:188} INFO - [2024-01-15T18:42:32.617+0200] {dagbag.py:538} INFO - Filling up the DagBag from /home/mahmoud/airflow/dags/XCom.py
[2024-01-15T18:42:32.624+0200] {logging_mixin.py:188} INFO - [2024-01-15T18:42:32.621+0200] {dagbag.py:348} ERROR - Failed to import: /home/mahmoud/airflow/dags/XCom.py
Traceback (most recent call last):
  File "/home/mahmoud/airflow_env/lib/python3.10/site-packages/airflow/models/dagbag.py", line 344, in parse
    loader.exec_module(new_module)
  File "<frozen importlib._bootstrap_external>", line 883, in exec_module
  File "<frozen importlib._bootstrap>", line 241, in _call_with_frames_removed
  File "/home/mahmoud/airflow/dags/XCom.py", line 26, in <module>
    with DAG(
  File "/home/mahmoud/airflow_env/lib/python3.10/site-packages/airflow/models/dag.py", line 497, in __init__
    validate_key(dag_id)
  File "/home/mahmoud/airflow_env/lib/python3.10/site-packages/airflow/utils/helpers.py", line 57, in validate_key
    raise AirflowException(
airflow.exceptions.AirflowException: The key 'xcom with python operator' has to be made of alphanumeric characters, dashes, dots and underscores exclusively
[2024-01-15T18:42:32.625+0200] {processor.py:842} WARNING - No viable dags retrieved from /home/mahmoud/airflow/dags/XCom.py
[2024-01-15T18:42:32.648+0200] {processor.py:183} INFO - Processing /home/mahmoud/airflow/dags/XCom.py took 0.039 seconds
[2024-01-15T18:42:47.123+0200] {processor.py:161} INFO - Started process (PID=38311) to work on /home/mahmoud/airflow/dags/XCom.py
[2024-01-15T18:42:47.124+0200] {processor.py:830} INFO - Processing file /home/mahmoud/airflow/dags/XCom.py for tasks to queue
[2024-01-15T18:42:47.126+0200] {logging_mixin.py:188} INFO - [2024-01-15T18:42:47.125+0200] {dagbag.py:538} INFO - Filling up the DagBag from /home/mahmoud/airflow/dags/XCom.py
[2024-01-15T18:42:47.136+0200] {processor.py:840} INFO - DAG(s) 'xcom_with_python_operator' retrieved from /home/mahmoud/airflow/dags/XCom.py
[2024-01-15T18:42:47.249+0200] {logging_mixin.py:188} INFO - [2024-01-15T18:42:47.249+0200] {override.py:1769} INFO - Created Permission View: can edit on DAG:xcom_with_python_operator
[2024-01-15T18:42:47.262+0200] {logging_mixin.py:188} INFO - [2024-01-15T18:42:47.262+0200] {override.py:1769} INFO - Created Permission View: can delete on DAG:xcom_with_python_operator
[2024-01-15T18:42:47.273+0200] {logging_mixin.py:188} INFO - [2024-01-15T18:42:47.273+0200] {override.py:1769} INFO - Created Permission View: can read on DAG:xcom_with_python_operator
[2024-01-15T18:42:47.273+0200] {logging_mixin.py:188} INFO - [2024-01-15T18:42:47.273+0200] {dag.py:3033} INFO - Sync 1 DAGs
[2024-01-15T18:42:47.281+0200] {logging_mixin.py:188} INFO - [2024-01-15T18:42:47.281+0200] {dag.py:3055} INFO - Creating ORM DAG for xcom_with_python_operator
[2024-01-15T18:42:47.288+0200] {logging_mixin.py:188} INFO - [2024-01-15T18:42:47.288+0200] {dag.py:3820} INFO - Setting next_dagrun for xcom_with_python_operator to 2024-01-14T00:00:00+00:00, run_after=2024-01-14T00:00:00+00:00
[2024-01-15T18:42:47.312+0200] {processor.py:183} INFO - Processing /home/mahmoud/airflow/dags/XCom.py took 0.195 seconds
[2024-01-15T18:43:17.541+0200] {processor.py:161} INFO - Started process (PID=38421) to work on /home/mahmoud/airflow/dags/XCom.py
[2024-01-15T18:43:17.543+0200] {processor.py:830} INFO - Processing file /home/mahmoud/airflow/dags/XCom.py for tasks to queue
[2024-01-15T18:43:17.544+0200] {logging_mixin.py:188} INFO - [2024-01-15T18:43:17.544+0200] {dagbag.py:538} INFO - Filling up the DagBag from /home/mahmoud/airflow/dags/XCom.py
[2024-01-15T18:43:17.556+0200] {processor.py:840} INFO - DAG(s) 'xcom_with_python_operator' retrieved from /home/mahmoud/airflow/dags/XCom.py
[2024-01-15T18:43:17.578+0200] {logging_mixin.py:188} INFO - [2024-01-15T18:43:17.578+0200] {dag.py:3033} INFO - Sync 1 DAGs
[2024-01-15T18:43:17.598+0200] {logging_mixin.py:188} INFO - [2024-01-15T18:43:17.597+0200] {dag.py:3820} INFO - Setting next_dagrun for xcom_with_python_operator to 2024-01-14T00:00:00+00:00, run_after=2024-01-14T00:00:00+00:00
[2024-01-15T18:43:17.631+0200] {processor.py:183} INFO - Processing /home/mahmoud/airflow/dags/XCom.py took 0.096 seconds
[2024-01-15T18:43:48.667+0200] {processor.py:161} INFO - Started process (PID=38715) to work on /home/mahmoud/airflow/dags/XCom.py
[2024-01-15T18:43:48.680+0200] {processor.py:830} INFO - Processing file /home/mahmoud/airflow/dags/XCom.py for tasks to queue
[2024-01-15T18:43:48.681+0200] {logging_mixin.py:188} INFO - [2024-01-15T18:43:48.681+0200] {dagbag.py:538} INFO - Filling up the DagBag from /home/mahmoud/airflow/dags/XCom.py
[2024-01-15T18:43:48.693+0200] {processor.py:840} INFO - DAG(s) 'xcom_with_python_operator' retrieved from /home/mahmoud/airflow/dags/XCom.py
[2024-01-15T18:43:48.715+0200] {logging_mixin.py:188} INFO - [2024-01-15T18:43:48.715+0200] {dag.py:3033} INFO - Sync 1 DAGs
[2024-01-15T18:43:48.733+0200] {logging_mixin.py:188} INFO - [2024-01-15T18:43:48.733+0200] {dag.py:3820} INFO - Setting next_dagrun for xcom_with_python_operator to None, run_after=None
[2024-01-15T18:43:48.766+0200] {processor.py:183} INFO - Processing /home/mahmoud/airflow/dags/XCom.py took 0.103 seconds
[2024-01-15T18:44:19.296+0200] {processor.py:161} INFO - Started process (PID=38732) to work on /home/mahmoud/airflow/dags/XCom.py
[2024-01-15T18:44:19.299+0200] {processor.py:830} INFO - Processing file /home/mahmoud/airflow/dags/XCom.py for tasks to queue
[2024-01-15T18:44:19.300+0200] {logging_mixin.py:188} INFO - [2024-01-15T18:44:19.299+0200] {dagbag.py:538} INFO - Filling up the DagBag from /home/mahmoud/airflow/dags/XCom.py
[2024-01-15T18:44:19.312+0200] {processor.py:840} INFO - DAG(s) 'xcom_with_python_operator' retrieved from /home/mahmoud/airflow/dags/XCom.py
[2024-01-15T18:44:19.333+0200] {logging_mixin.py:188} INFO - [2024-01-15T18:44:19.333+0200] {dag.py:3033} INFO - Sync 1 DAGs
[2024-01-15T18:44:19.351+0200] {logging_mixin.py:188} INFO - [2024-01-15T18:44:19.351+0200] {dag.py:3820} INFO - Setting next_dagrun for xcom_with_python_operator to None, run_after=None
[2024-01-15T18:44:19.386+0200] {processor.py:183} INFO - Processing /home/mahmoud/airflow/dags/XCom.py took 0.093 seconds
[2024-01-15T18:44:40.793+0200] {processor.py:161} INFO - Started process (PID=38749) to work on /home/mahmoud/airflow/dags/XCom.py
[2024-01-15T18:44:40.795+0200] {processor.py:830} INFO - Processing file /home/mahmoud/airflow/dags/XCom.py for tasks to queue
[2024-01-15T18:44:40.796+0200] {logging_mixin.py:188} INFO - [2024-01-15T18:44:40.796+0200] {dagbag.py:538} INFO - Filling up the DagBag from /home/mahmoud/airflow/dags/XCom.py
[2024-01-15T18:44:40.808+0200] {processor.py:840} INFO - DAG(s) 'xcom_with_python_operator' retrieved from /home/mahmoud/airflow/dags/XCom.py
[2024-01-15T18:44:40.829+0200] {logging_mixin.py:188} INFO - [2024-01-15T18:44:40.829+0200] {dag.py:3033} INFO - Sync 1 DAGs
[2024-01-15T18:44:40.848+0200] {logging_mixin.py:188} INFO - [2024-01-15T18:44:40.848+0200] {dag.py:3820} INFO - Setting next_dagrun for xcom_with_python_operator to None, run_after=None
[2024-01-15T18:44:40.884+0200] {processor.py:183} INFO - Processing /home/mahmoud/airflow/dags/XCom.py took 0.095 seconds
[2024-01-15T18:45:11.928+0200] {processor.py:161} INFO - Started process (PID=38976) to work on /home/mahmoud/airflow/dags/XCom.py
[2024-01-15T18:45:11.930+0200] {processor.py:830} INFO - Processing file /home/mahmoud/airflow/dags/XCom.py for tasks to queue
[2024-01-15T18:45:11.932+0200] {logging_mixin.py:188} INFO - [2024-01-15T18:45:11.931+0200] {dagbag.py:538} INFO - Filling up the DagBag from /home/mahmoud/airflow/dags/XCom.py
[2024-01-15T18:45:11.943+0200] {processor.py:840} INFO - DAG(s) 'xcom_with_python_operator' retrieved from /home/mahmoud/airflow/dags/XCom.py
[2024-01-15T18:45:11.965+0200] {logging_mixin.py:188} INFO - [2024-01-15T18:45:11.965+0200] {dag.py:3033} INFO - Sync 1 DAGs
[2024-01-15T18:45:11.984+0200] {logging_mixin.py:188} INFO - [2024-01-15T18:45:11.984+0200] {dag.py:3820} INFO - Setting next_dagrun for xcom_with_python_operator to None, run_after=None
[2024-01-15T18:45:12.021+0200] {processor.py:183} INFO - Processing /home/mahmoud/airflow/dags/XCom.py took 0.097 seconds
[2024-01-15T18:45:43.094+0200] {processor.py:161} INFO - Started process (PID=38994) to work on /home/mahmoud/airflow/dags/XCom.py
[2024-01-15T18:45:43.096+0200] {processor.py:830} INFO - Processing file /home/mahmoud/airflow/dags/XCom.py for tasks to queue
[2024-01-15T18:45:43.097+0200] {logging_mixin.py:188} INFO - [2024-01-15T18:45:43.097+0200] {dagbag.py:538} INFO - Filling up the DagBag from /home/mahmoud/airflow/dags/XCom.py
[2024-01-15T18:45:43.107+0200] {processor.py:840} INFO - DAG(s) 'xcom_with_python_operator' retrieved from /home/mahmoud/airflow/dags/XCom.py
[2024-01-15T18:45:43.125+0200] {logging_mixin.py:188} INFO - [2024-01-15T18:45:43.125+0200] {dag.py:3033} INFO - Sync 1 DAGs
[2024-01-15T18:45:43.145+0200] {logging_mixin.py:188} INFO - [2024-01-15T18:45:43.145+0200] {dag.py:3820} INFO - Setting next_dagrun for xcom_with_python_operator to None, run_after=None
[2024-01-15T18:45:43.194+0200] {processor.py:183} INFO - Processing /home/mahmoud/airflow/dags/XCom.py took 0.103 seconds
[2024-01-15T18:46:14.036+0200] {processor.py:161} INFO - Started process (PID=39011) to work on /home/mahmoud/airflow/dags/XCom.py
[2024-01-15T18:46:14.039+0200] {processor.py:830} INFO - Processing file /home/mahmoud/airflow/dags/XCom.py for tasks to queue
[2024-01-15T18:46:14.041+0200] {logging_mixin.py:188} INFO - [2024-01-15T18:46:14.040+0200] {dagbag.py:538} INFO - Filling up the DagBag from /home/mahmoud/airflow/dags/XCom.py
[2024-01-15T18:46:14.053+0200] {processor.py:840} INFO - DAG(s) 'xcom_with_python_operator' retrieved from /home/mahmoud/airflow/dags/XCom.py
[2024-01-15T18:46:14.076+0200] {logging_mixin.py:188} INFO - [2024-01-15T18:46:14.076+0200] {dag.py:3033} INFO - Sync 1 DAGs
[2024-01-15T18:46:14.095+0200] {logging_mixin.py:188} INFO - [2024-01-15T18:46:14.095+0200] {dag.py:3820} INFO - Setting next_dagrun for xcom_with_python_operator to None, run_after=None
[2024-01-15T18:46:14.120+0200] {processor.py:183} INFO - Processing /home/mahmoud/airflow/dags/XCom.py took 0.089 seconds
[2024-01-15T18:46:44.341+0200] {processor.py:161} INFO - Started process (PID=39028) to work on /home/mahmoud/airflow/dags/XCom.py
[2024-01-15T18:46:44.354+0200] {processor.py:830} INFO - Processing file /home/mahmoud/airflow/dags/XCom.py for tasks to queue
[2024-01-15T18:46:44.356+0200] {logging_mixin.py:188} INFO - [2024-01-15T18:46:44.356+0200] {dagbag.py:538} INFO - Filling up the DagBag from /home/mahmoud/airflow/dags/XCom.py
[2024-01-15T18:46:44.375+0200] {processor.py:840} INFO - DAG(s) 'xcom_with_python_operator' retrieved from /home/mahmoud/airflow/dags/XCom.py
[2024-01-15T18:46:44.400+0200] {logging_mixin.py:188} INFO - [2024-01-15T18:46:44.399+0200] {dag.py:3033} INFO - Sync 1 DAGs
[2024-01-15T18:46:44.418+0200] {logging_mixin.py:188} INFO - [2024-01-15T18:46:44.417+0200] {dag.py:3820} INFO - Setting next_dagrun for xcom_with_python_operator to None, run_after=None
[2024-01-15T18:46:44.449+0200] {processor.py:183} INFO - Processing /home/mahmoud/airflow/dags/XCom.py took 0.117 seconds
[2024-01-15T18:47:15.243+0200] {processor.py:161} INFO - Started process (PID=39140) to work on /home/mahmoud/airflow/dags/XCom.py
[2024-01-15T18:47:15.246+0200] {processor.py:830} INFO - Processing file /home/mahmoud/airflow/dags/XCom.py for tasks to queue
[2024-01-15T18:47:15.247+0200] {logging_mixin.py:188} INFO - [2024-01-15T18:47:15.246+0200] {dagbag.py:538} INFO - Filling up the DagBag from /home/mahmoud/airflow/dags/XCom.py
[2024-01-15T18:47:15.258+0200] {processor.py:840} INFO - DAG(s) 'xcom_with_python_operator' retrieved from /home/mahmoud/airflow/dags/XCom.py
[2024-01-15T18:47:15.281+0200] {logging_mixin.py:188} INFO - [2024-01-15T18:47:15.280+0200] {dag.py:3033} INFO - Sync 1 DAGs
[2024-01-15T18:47:15.299+0200] {logging_mixin.py:188} INFO - [2024-01-15T18:47:15.299+0200] {dag.py:3820} INFO - Setting next_dagrun for xcom_with_python_operator to None, run_after=None
[2024-01-15T18:47:15.322+0200] {processor.py:183} INFO - Processing /home/mahmoud/airflow/dags/XCom.py took 0.082 seconds
[2024-01-15T18:47:46.026+0200] {processor.py:161} INFO - Started process (PID=39184) to work on /home/mahmoud/airflow/dags/XCom.py
[2024-01-15T18:47:46.040+0200] {processor.py:830} INFO - Processing file /home/mahmoud/airflow/dags/XCom.py for tasks to queue
[2024-01-15T18:47:46.042+0200] {logging_mixin.py:188} INFO - [2024-01-15T18:47:46.041+0200] {dagbag.py:538} INFO - Filling up the DagBag from /home/mahmoud/airflow/dags/XCom.py
[2024-01-15T18:47:46.057+0200] {processor.py:840} INFO - DAG(s) 'xcom_with_python_operator' retrieved from /home/mahmoud/airflow/dags/XCom.py
[2024-01-15T18:47:46.079+0200] {logging_mixin.py:188} INFO - [2024-01-15T18:47:46.079+0200] {dag.py:3033} INFO - Sync 1 DAGs
[2024-01-15T18:47:46.097+0200] {logging_mixin.py:188} INFO - [2024-01-15T18:47:46.096+0200] {dag.py:3820} INFO - Setting next_dagrun for xcom_with_python_operator to None, run_after=None
[2024-01-15T18:47:46.120+0200] {processor.py:183} INFO - Processing /home/mahmoud/airflow/dags/XCom.py took 0.100 seconds
[2024-01-15T18:48:16.817+0200] {processor.py:161} INFO - Started process (PID=39195) to work on /home/mahmoud/airflow/dags/XCom.py
[2024-01-15T18:48:16.820+0200] {processor.py:830} INFO - Processing file /home/mahmoud/airflow/dags/XCom.py for tasks to queue
[2024-01-15T18:48:16.821+0200] {logging_mixin.py:188} INFO - [2024-01-15T18:48:16.821+0200] {dagbag.py:538} INFO - Filling up the DagBag from /home/mahmoud/airflow/dags/XCom.py
[2024-01-15T18:48:16.834+0200] {processor.py:840} INFO - DAG(s) 'xcom_with_python_operator' retrieved from /home/mahmoud/airflow/dags/XCom.py
[2024-01-15T18:48:16.856+0200] {logging_mixin.py:188} INFO - [2024-01-15T18:48:16.856+0200] {dag.py:3033} INFO - Sync 1 DAGs
[2024-01-15T18:48:16.875+0200] {logging_mixin.py:188} INFO - [2024-01-15T18:48:16.875+0200] {dag.py:3820} INFO - Setting next_dagrun for xcom_with_python_operator to None, run_after=None
[2024-01-15T18:48:16.911+0200] {processor.py:183} INFO - Processing /home/mahmoud/airflow/dags/XCom.py took 0.098 seconds
[2024-01-15T18:48:47.312+0200] {processor.py:161} INFO - Started process (PID=39212) to work on /home/mahmoud/airflow/dags/XCom.py
[2024-01-15T18:48:47.324+0200] {processor.py:830} INFO - Processing file /home/mahmoud/airflow/dags/XCom.py for tasks to queue
[2024-01-15T18:48:47.325+0200] {logging_mixin.py:188} INFO - [2024-01-15T18:48:47.324+0200] {dagbag.py:538} INFO - Filling up the DagBag from /home/mahmoud/airflow/dags/XCom.py
[2024-01-15T18:48:47.338+0200] {processor.py:840} INFO - DAG(s) 'xcom_with_python_operator' retrieved from /home/mahmoud/airflow/dags/XCom.py
[2024-01-15T18:48:47.360+0200] {logging_mixin.py:188} INFO - [2024-01-15T18:48:47.360+0200] {dag.py:3033} INFO - Sync 1 DAGs
[2024-01-15T18:48:47.377+0200] {logging_mixin.py:188} INFO - [2024-01-15T18:48:47.377+0200] {dag.py:3820} INFO - Setting next_dagrun for xcom_with_python_operator to None, run_after=None
[2024-01-15T18:48:47.409+0200] {processor.py:183} INFO - Processing /home/mahmoud/airflow/dags/XCom.py took 0.101 seconds
[2024-01-15T18:49:17.964+0200] {processor.py:161} INFO - Started process (PID=39292) to work on /home/mahmoud/airflow/dags/XCom.py
[2024-01-15T18:49:17.966+0200] {processor.py:830} INFO - Processing file /home/mahmoud/airflow/dags/XCom.py for tasks to queue
[2024-01-15T18:49:17.967+0200] {logging_mixin.py:188} INFO - [2024-01-15T18:49:17.967+0200] {dagbag.py:538} INFO - Filling up the DagBag from /home/mahmoud/airflow/dags/XCom.py
[2024-01-15T18:49:17.979+0200] {processor.py:840} INFO - DAG(s) 'xcom_with_python_operator' retrieved from /home/mahmoud/airflow/dags/XCom.py
[2024-01-15T18:49:18.001+0200] {logging_mixin.py:188} INFO - [2024-01-15T18:49:18.001+0200] {dag.py:3033} INFO - Sync 1 DAGs
[2024-01-15T18:49:18.021+0200] {logging_mixin.py:188} INFO - [2024-01-15T18:49:18.021+0200] {dag.py:3820} INFO - Setting next_dagrun for xcom_with_python_operator to None, run_after=None
[2024-01-15T18:49:18.051+0200] {processor.py:183} INFO - Processing /home/mahmoud/airflow/dags/XCom.py took 0.092 seconds
[2024-01-15T18:49:48.331+0200] {processor.py:161} INFO - Started process (PID=39309) to work on /home/mahmoud/airflow/dags/XCom.py
[2024-01-15T18:49:48.332+0200] {processor.py:830} INFO - Processing file /home/mahmoud/airflow/dags/XCom.py for tasks to queue
[2024-01-15T18:49:48.334+0200] {logging_mixin.py:188} INFO - [2024-01-15T18:49:48.333+0200] {dagbag.py:538} INFO - Filling up the DagBag from /home/mahmoud/airflow/dags/XCom.py
[2024-01-15T18:49:48.346+0200] {processor.py:840} INFO - DAG(s) 'xcom_with_python_operator' retrieved from /home/mahmoud/airflow/dags/XCom.py
[2024-01-15T18:49:48.368+0200] {logging_mixin.py:188} INFO - [2024-01-15T18:49:48.368+0200] {dag.py:3033} INFO - Sync 1 DAGs
[2024-01-15T18:49:48.387+0200] {logging_mixin.py:188} INFO - [2024-01-15T18:49:48.387+0200] {dag.py:3820} INFO - Setting next_dagrun for xcom_with_python_operator to None, run_after=None
[2024-01-15T18:49:48.417+0200] {processor.py:183} INFO - Processing /home/mahmoud/airflow/dags/XCom.py took 0.091 seconds
[2024-01-15T18:50:18.794+0200] {processor.py:161} INFO - Started process (PID=39326) to work on /home/mahmoud/airflow/dags/XCom.py
[2024-01-15T18:50:18.797+0200] {processor.py:830} INFO - Processing file /home/mahmoud/airflow/dags/XCom.py for tasks to queue
[2024-01-15T18:50:18.798+0200] {logging_mixin.py:188} INFO - [2024-01-15T18:50:18.797+0200] {dagbag.py:538} INFO - Filling up the DagBag from /home/mahmoud/airflow/dags/XCom.py
[2024-01-15T18:50:18.809+0200] {processor.py:840} INFO - DAG(s) 'xcom_with_python_operator' retrieved from /home/mahmoud/airflow/dags/XCom.py
[2024-01-15T18:50:18.830+0200] {logging_mixin.py:188} INFO - [2024-01-15T18:50:18.830+0200] {dag.py:3033} INFO - Sync 1 DAGs
[2024-01-15T18:50:18.847+0200] {logging_mixin.py:188} INFO - [2024-01-15T18:50:18.847+0200] {dag.py:3820} INFO - Setting next_dagrun for xcom_with_python_operator to None, run_after=None
[2024-01-15T18:50:18.867+0200] {processor.py:183} INFO - Processing /home/mahmoud/airflow/dags/XCom.py took 0.079 seconds
[2024-01-15T18:50:49.313+0200] {processor.py:161} INFO - Started process (PID=39343) to work on /home/mahmoud/airflow/dags/XCom.py
[2024-01-15T18:50:49.325+0200] {processor.py:830} INFO - Processing file /home/mahmoud/airflow/dags/XCom.py for tasks to queue
[2024-01-15T18:50:49.327+0200] {logging_mixin.py:188} INFO - [2024-01-15T18:50:49.326+0200] {dagbag.py:538} INFO - Filling up the DagBag from /home/mahmoud/airflow/dags/XCom.py
[2024-01-15T18:50:49.338+0200] {processor.py:840} INFO - DAG(s) 'xcom_with_python_operator' retrieved from /home/mahmoud/airflow/dags/XCom.py
[2024-01-15T18:50:49.359+0200] {logging_mixin.py:188} INFO - [2024-01-15T18:50:49.359+0200] {dag.py:3033} INFO - Sync 1 DAGs
[2024-01-15T18:50:49.377+0200] {logging_mixin.py:188} INFO - [2024-01-15T18:50:49.376+0200] {dag.py:3820} INFO - Setting next_dagrun for xcom_with_python_operator to None, run_after=None
[2024-01-15T18:50:49.397+0200] {processor.py:183} INFO - Processing /home/mahmoud/airflow/dags/XCom.py took 0.089 seconds
[2024-01-15T18:51:05.627+0200] {processor.py:161} INFO - Started process (PID=39350) to work on /home/mahmoud/airflow/dags/XCom.py
[2024-01-15T18:51:05.628+0200] {processor.py:830} INFO - Processing file /home/mahmoud/airflow/dags/XCom.py for tasks to queue
[2024-01-15T18:51:05.629+0200] {logging_mixin.py:188} INFO - [2024-01-15T18:51:05.629+0200] {dagbag.py:538} INFO - Filling up the DagBag from /home/mahmoud/airflow/dags/XCom.py
[2024-01-15T18:51:05.640+0200] {processor.py:840} INFO - DAG(s) 'xcom_with_python_operator' retrieved from /home/mahmoud/airflow/dags/XCom.py
[2024-01-15T18:51:05.730+0200] {logging_mixin.py:188} INFO - [2024-01-15T18:51:05.730+0200] {dag.py:3033} INFO - Sync 1 DAGs
[2024-01-15T18:51:05.743+0200] {logging_mixin.py:188} INFO - [2024-01-15T18:51:05.743+0200] {dag.py:3820} INFO - Setting next_dagrun for xcom_with_python_operator to None, run_after=None
[2024-01-15T18:51:05.780+0200] {processor.py:183} INFO - Processing /home/mahmoud/airflow/dags/XCom.py took 0.156 seconds
[2024-01-15T18:51:36.220+0200] {processor.py:161} INFO - Started process (PID=39549) to work on /home/mahmoud/airflow/dags/XCom.py
[2024-01-15T18:51:36.239+0200] {processor.py:830} INFO - Processing file /home/mahmoud/airflow/dags/XCom.py for tasks to queue
[2024-01-15T18:51:36.242+0200] {logging_mixin.py:188} INFO - [2024-01-15T18:51:36.241+0200] {dagbag.py:538} INFO - Filling up the DagBag from /home/mahmoud/airflow/dags/XCom.py
[2024-01-15T18:51:36.263+0200] {processor.py:840} INFO - DAG(s) 'xcom_with_python_operator' retrieved from /home/mahmoud/airflow/dags/XCom.py
[2024-01-15T18:51:36.289+0200] {logging_mixin.py:188} INFO - [2024-01-15T18:51:36.288+0200] {dag.py:3033} INFO - Sync 1 DAGs
[2024-01-15T18:51:36.305+0200] {logging_mixin.py:188} INFO - [2024-01-15T18:51:36.305+0200] {dag.py:3820} INFO - Setting next_dagrun for xcom_with_python_operator to None, run_after=None
[2024-01-15T18:51:36.335+0200] {processor.py:183} INFO - Processing /home/mahmoud/airflow/dags/XCom.py took 0.124 seconds
[2024-01-15T18:52:02.531+0200] {processor.py:161} INFO - Started process (PID=39566) to work on /home/mahmoud/airflow/dags/XCom.py
[2024-01-15T18:52:02.543+0200] {processor.py:830} INFO - Processing file /home/mahmoud/airflow/dags/XCom.py for tasks to queue
[2024-01-15T18:52:02.544+0200] {logging_mixin.py:188} INFO - [2024-01-15T18:52:02.543+0200] {dagbag.py:538} INFO - Filling up the DagBag from /home/mahmoud/airflow/dags/XCom.py
[2024-01-15T18:52:02.555+0200] {processor.py:840} INFO - DAG(s) 'xcom_with_python_operator' retrieved from /home/mahmoud/airflow/dags/XCom.py
[2024-01-15T18:52:02.633+0200] {logging_mixin.py:188} INFO - [2024-01-15T18:52:02.633+0200] {dag.py:3033} INFO - Sync 1 DAGs
[2024-01-15T18:52:02.646+0200] {logging_mixin.py:188} INFO - [2024-01-15T18:52:02.645+0200] {dag.py:3820} INFO - Setting next_dagrun for xcom_with_python_operator to None, run_after=None
[2024-01-15T18:52:02.680+0200] {processor.py:183} INFO - Processing /home/mahmoud/airflow/dags/XCom.py took 0.153 seconds
[2024-01-15T18:52:32.899+0200] {processor.py:161} INFO - Started process (PID=39859) to work on /home/mahmoud/airflow/dags/XCom.py
[2024-01-15T18:52:32.900+0200] {processor.py:830} INFO - Processing file /home/mahmoud/airflow/dags/XCom.py for tasks to queue
[2024-01-15T18:52:32.902+0200] {logging_mixin.py:188} INFO - [2024-01-15T18:52:32.901+0200] {dagbag.py:538} INFO - Filling up the DagBag from /home/mahmoud/airflow/dags/XCom.py
[2024-01-15T18:52:32.916+0200] {processor.py:840} INFO - DAG(s) 'xcom_with_python_operator' retrieved from /home/mahmoud/airflow/dags/XCom.py
[2024-01-15T18:52:32.939+0200] {logging_mixin.py:188} INFO - [2024-01-15T18:52:32.939+0200] {dag.py:3033} INFO - Sync 1 DAGs
[2024-01-15T18:52:32.959+0200] {logging_mixin.py:188} INFO - [2024-01-15T18:52:32.959+0200] {dag.py:3820} INFO - Setting next_dagrun for xcom_with_python_operator to None, run_after=None
[2024-01-15T18:52:32.992+0200] {processor.py:183} INFO - Processing /home/mahmoud/airflow/dags/XCom.py took 0.098 seconds
