[2024-01-18T15:51:04.338+0200] {processor.py:161} INFO - Started process (PID=17423) to work on /home/mahmoud/airflow/dags/write_to_postgresql.py
[2024-01-18T15:51:04.339+0200] {processor.py:830} INFO - Processing file /home/mahmoud/airflow/dags/write_to_postgresql.py for tasks to queue
[2024-01-18T15:51:04.339+0200] {logging_mixin.py:188} INFO - [2024-01-18T15:51:04.339+0200] {dagbag.py:538} INFO - Filling up the DagBag from /home/mahmoud/airflow/dags/write_to_postgresql.py
[2024-01-18T15:51:04.350+0200] {processor.py:840} INFO - DAG(s) 'write_to_postgresql' retrieved from /home/mahmoud/airflow/dags/write_to_postgresql.py
[2024-01-18T15:51:04.522+0200] {logging_mixin.py:188} INFO - [2024-01-18T15:51:04.522+0200] {override.py:1769} INFO - Created Permission View: can delete on DAG:write_to_postgresql
[2024-01-18T15:51:04.533+0200] {logging_mixin.py:188} INFO - [2024-01-18T15:51:04.533+0200] {override.py:1769} INFO - Created Permission View: can read on DAG:write_to_postgresql
[2024-01-18T15:51:04.542+0200] {logging_mixin.py:188} INFO - [2024-01-18T15:51:04.541+0200] {override.py:1769} INFO - Created Permission View: can edit on DAG:write_to_postgresql
[2024-01-18T15:51:04.542+0200] {logging_mixin.py:188} INFO - [2024-01-18T15:51:04.542+0200] {dag.py:3033} INFO - Sync 1 DAGs
[2024-01-18T15:51:04.549+0200] {logging_mixin.py:188} INFO - [2024-01-18T15:51:04.548+0200] {dag.py:3055} INFO - Creating ORM DAG for write_to_postgresql
[2024-01-18T15:51:04.554+0200] {logging_mixin.py:188} INFO - [2024-01-18T15:51:04.554+0200] {dag.py:3820} INFO - Setting next_dagrun for write_to_postgresql to 2024-01-17T00:00:00+00:00, run_after=2024-01-17T00:00:00+00:00
[2024-01-18T15:51:04.575+0200] {processor.py:183} INFO - Processing /home/mahmoud/airflow/dags/write_to_postgresql.py took 0.241 seconds
[2024-01-18T15:51:35.015+0200] {processor.py:161} INFO - Started process (PID=17634) to work on /home/mahmoud/airflow/dags/write_to_postgresql.py
[2024-01-18T15:51:35.017+0200] {processor.py:830} INFO - Processing file /home/mahmoud/airflow/dags/write_to_postgresql.py for tasks to queue
[2024-01-18T15:51:35.018+0200] {logging_mixin.py:188} INFO - [2024-01-18T15:51:35.017+0200] {dagbag.py:538} INFO - Filling up the DagBag from /home/mahmoud/airflow/dags/write_to_postgresql.py
[2024-01-18T15:51:35.029+0200] {processor.py:840} INFO - DAG(s) 'write_to_postgresql' retrieved from /home/mahmoud/airflow/dags/write_to_postgresql.py
[2024-01-18T15:51:35.048+0200] {logging_mixin.py:188} INFO - [2024-01-18T15:51:35.047+0200] {dag.py:3033} INFO - Sync 1 DAGs
[2024-01-18T15:51:35.065+0200] {logging_mixin.py:188} INFO - [2024-01-18T15:51:35.065+0200] {dag.py:3820} INFO - Setting next_dagrun for write_to_postgresql to 2024-01-17T00:00:00+00:00, run_after=2024-01-17T00:00:00+00:00
[2024-01-18T15:51:35.087+0200] {processor.py:183} INFO - Processing /home/mahmoud/airflow/dags/write_to_postgresql.py took 0.076 seconds
[2024-01-18T15:52:05.775+0200] {processor.py:161} INFO - Started process (PID=17900) to work on /home/mahmoud/airflow/dags/write_to_postgresql.py
[2024-01-18T15:52:05.778+0200] {processor.py:830} INFO - Processing file /home/mahmoud/airflow/dags/write_to_postgresql.py for tasks to queue
[2024-01-18T15:52:05.780+0200] {logging_mixin.py:188} INFO - [2024-01-18T15:52:05.780+0200] {dagbag.py:538} INFO - Filling up the DagBag from /home/mahmoud/airflow/dags/write_to_postgresql.py
[2024-01-18T15:52:05.796+0200] {processor.py:840} INFO - DAG(s) 'write_to_postgresql' retrieved from /home/mahmoud/airflow/dags/write_to_postgresql.py
[2024-01-18T15:52:05.820+0200] {logging_mixin.py:188} INFO - [2024-01-18T15:52:05.820+0200] {dag.py:3033} INFO - Sync 1 DAGs
[2024-01-18T15:52:05.839+0200] {logging_mixin.py:188} INFO - [2024-01-18T15:52:05.839+0200] {dag.py:3820} INFO - Setting next_dagrun for write_to_postgresql to None, run_after=None
[2024-01-18T15:52:05.861+0200] {processor.py:183} INFO - Processing /home/mahmoud/airflow/dags/write_to_postgresql.py took 0.093 seconds
[2024-01-18T15:52:36.015+0200] {processor.py:161} INFO - Started process (PID=18013) to work on /home/mahmoud/airflow/dags/write_to_postgresql.py
[2024-01-18T15:52:36.016+0200] {processor.py:830} INFO - Processing file /home/mahmoud/airflow/dags/write_to_postgresql.py for tasks to queue
[2024-01-18T15:52:36.017+0200] {logging_mixin.py:188} INFO - [2024-01-18T15:52:36.017+0200] {dagbag.py:538} INFO - Filling up the DagBag from /home/mahmoud/airflow/dags/write_to_postgresql.py
[2024-01-18T15:52:36.026+0200] {processor.py:840} INFO - DAG(s) 'write_to_postgresql' retrieved from /home/mahmoud/airflow/dags/write_to_postgresql.py
[2024-01-18T15:52:36.045+0200] {logging_mixin.py:188} INFO - [2024-01-18T15:52:36.045+0200] {dag.py:3033} INFO - Sync 1 DAGs
[2024-01-18T15:52:36.063+0200] {logging_mixin.py:188} INFO - [2024-01-18T15:52:36.063+0200] {dag.py:3820} INFO - Setting next_dagrun for write_to_postgresql to None, run_after=None
[2024-01-18T15:52:36.084+0200] {processor.py:183} INFO - Processing /home/mahmoud/airflow/dags/write_to_postgresql.py took 0.071 seconds
[2024-01-18T15:53:06.290+0200] {processor.py:161} INFO - Started process (PID=18063) to work on /home/mahmoud/airflow/dags/write_to_postgresql.py
[2024-01-18T15:53:06.293+0200] {processor.py:830} INFO - Processing file /home/mahmoud/airflow/dags/write_to_postgresql.py for tasks to queue
[2024-01-18T15:53:06.294+0200] {logging_mixin.py:188} INFO - [2024-01-18T15:53:06.294+0200] {dagbag.py:538} INFO - Filling up the DagBag from /home/mahmoud/airflow/dags/write_to_postgresql.py
[2024-01-18T15:53:06.311+0200] {processor.py:840} INFO - DAG(s) 'write_to_postgresql' retrieved from /home/mahmoud/airflow/dags/write_to_postgresql.py
[2024-01-18T15:53:06.335+0200] {logging_mixin.py:188} INFO - [2024-01-18T15:53:06.335+0200] {dag.py:3033} INFO - Sync 1 DAGs
[2024-01-18T15:53:06.355+0200] {logging_mixin.py:188} INFO - [2024-01-18T15:53:06.355+0200] {dag.py:3820} INFO - Setting next_dagrun for write_to_postgresql to None, run_after=None
[2024-01-18T15:53:06.381+0200] {processor.py:183} INFO - Processing /home/mahmoud/airflow/dags/write_to_postgresql.py took 0.096 seconds
[2024-01-18T15:53:36.567+0200] {processor.py:161} INFO - Started process (PID=18177) to work on /home/mahmoud/airflow/dags/write_to_postgresql.py
[2024-01-18T15:53:36.569+0200] {processor.py:830} INFO - Processing file /home/mahmoud/airflow/dags/write_to_postgresql.py for tasks to queue
[2024-01-18T15:53:36.570+0200] {logging_mixin.py:188} INFO - [2024-01-18T15:53:36.570+0200] {dagbag.py:538} INFO - Filling up the DagBag from /home/mahmoud/airflow/dags/write_to_postgresql.py
[2024-01-18T15:53:36.587+0200] {processor.py:840} INFO - DAG(s) 'write_to_postgresql' retrieved from /home/mahmoud/airflow/dags/write_to_postgresql.py
[2024-01-18T15:53:36.609+0200] {logging_mixin.py:188} INFO - [2024-01-18T15:53:36.609+0200] {dag.py:3033} INFO - Sync 1 DAGs
[2024-01-18T15:53:36.627+0200] {logging_mixin.py:188} INFO - [2024-01-18T15:53:36.627+0200] {dag.py:3820} INFO - Setting next_dagrun for write_to_postgresql to None, run_after=None
[2024-01-18T15:53:36.651+0200] {processor.py:183} INFO - Processing /home/mahmoud/airflow/dags/write_to_postgresql.py took 0.091 seconds
[2024-01-18T15:54:06.695+0200] {processor.py:161} INFO - Started process (PID=18227) to work on /home/mahmoud/airflow/dags/write_to_postgresql.py
[2024-01-18T15:54:06.698+0200] {processor.py:830} INFO - Processing file /home/mahmoud/airflow/dags/write_to_postgresql.py for tasks to queue
[2024-01-18T15:54:06.699+0200] {logging_mixin.py:188} INFO - [2024-01-18T15:54:06.699+0200] {dagbag.py:538} INFO - Filling up the DagBag from /home/mahmoud/airflow/dags/write_to_postgresql.py
[2024-01-18T15:54:06.714+0200] {processor.py:840} INFO - DAG(s) 'write_to_postgresql' retrieved from /home/mahmoud/airflow/dags/write_to_postgresql.py
[2024-01-18T15:54:06.737+0200] {logging_mixin.py:188} INFO - [2024-01-18T15:54:06.736+0200] {dag.py:3033} INFO - Sync 1 DAGs
[2024-01-18T15:54:06.754+0200] {logging_mixin.py:188} INFO - [2024-01-18T15:54:06.754+0200] {dag.py:3820} INFO - Setting next_dagrun for write_to_postgresql to None, run_after=None
[2024-01-18T15:54:06.775+0200] {processor.py:183} INFO - Processing /home/mahmoud/airflow/dags/write_to_postgresql.py took 0.085 seconds
[2024-01-18T15:54:37.114+0200] {processor.py:161} INFO - Started process (PID=18341) to work on /home/mahmoud/airflow/dags/write_to_postgresql.py
[2024-01-18T15:54:37.118+0200] {processor.py:830} INFO - Processing file /home/mahmoud/airflow/dags/write_to_postgresql.py for tasks to queue
[2024-01-18T15:54:37.119+0200] {logging_mixin.py:188} INFO - [2024-01-18T15:54:37.119+0200] {dagbag.py:538} INFO - Filling up the DagBag from /home/mahmoud/airflow/dags/write_to_postgresql.py
[2024-01-18T15:54:37.135+0200] {processor.py:840} INFO - DAG(s) 'write_to_postgresql' retrieved from /home/mahmoud/airflow/dags/write_to_postgresql.py
[2024-01-18T15:54:37.157+0200] {logging_mixin.py:188} INFO - [2024-01-18T15:54:37.157+0200] {dag.py:3033} INFO - Sync 1 DAGs
[2024-01-18T15:54:37.173+0200] {logging_mixin.py:188} INFO - [2024-01-18T15:54:37.173+0200] {dag.py:3820} INFO - Setting next_dagrun for write_to_postgresql to None, run_after=None
[2024-01-18T15:54:37.197+0200] {processor.py:183} INFO - Processing /home/mahmoud/airflow/dags/write_to_postgresql.py took 0.091 seconds
[2024-01-18T15:55:07.625+0200] {processor.py:161} INFO - Started process (PID=18400) to work on /home/mahmoud/airflow/dags/write_to_postgresql.py
[2024-01-18T15:55:07.628+0200] {processor.py:830} INFO - Processing file /home/mahmoud/airflow/dags/write_to_postgresql.py for tasks to queue
[2024-01-18T15:55:07.630+0200] {logging_mixin.py:188} INFO - [2024-01-18T15:55:07.629+0200] {dagbag.py:538} INFO - Filling up the DagBag from /home/mahmoud/airflow/dags/write_to_postgresql.py
[2024-01-18T15:55:07.650+0200] {processor.py:840} INFO - DAG(s) 'write_to_postgresql' retrieved from /home/mahmoud/airflow/dags/write_to_postgresql.py
[2024-01-18T15:55:07.676+0200] {logging_mixin.py:188} INFO - [2024-01-18T15:55:07.675+0200] {dag.py:3033} INFO - Sync 1 DAGs
[2024-01-18T15:55:07.694+0200] {logging_mixin.py:188} INFO - [2024-01-18T15:55:07.694+0200] {dag.py:3820} INFO - Setting next_dagrun for write_to_postgresql to None, run_after=None
[2024-01-18T15:55:07.715+0200] {processor.py:183} INFO - Processing /home/mahmoud/airflow/dags/write_to_postgresql.py took 0.100 seconds
[2024-01-18T15:55:38.092+0200] {processor.py:161} INFO - Started process (PID=18483) to work on /home/mahmoud/airflow/dags/write_to_postgresql.py
[2024-01-18T15:55:38.094+0200] {processor.py:830} INFO - Processing file /home/mahmoud/airflow/dags/write_to_postgresql.py for tasks to queue
[2024-01-18T15:55:38.095+0200] {logging_mixin.py:188} INFO - [2024-01-18T15:55:38.095+0200] {dagbag.py:538} INFO - Filling up the DagBag from /home/mahmoud/airflow/dags/write_to_postgresql.py
[2024-01-18T15:55:38.103+0200] {processor.py:840} INFO - DAG(s) 'write_to_postgresql' retrieved from /home/mahmoud/airflow/dags/write_to_postgresql.py
[2024-01-18T15:55:38.121+0200] {logging_mixin.py:188} INFO - [2024-01-18T15:55:38.121+0200] {dag.py:3033} INFO - Sync 1 DAGs
[2024-01-18T15:55:38.138+0200] {logging_mixin.py:188} INFO - [2024-01-18T15:55:38.138+0200] {dag.py:3820} INFO - Setting next_dagrun for write_to_postgresql to None, run_after=None
[2024-01-18T15:55:38.158+0200] {processor.py:183} INFO - Processing /home/mahmoud/airflow/dags/write_to_postgresql.py took 0.069 seconds
[2024-01-18T15:56:08.369+0200] {processor.py:161} INFO - Started process (PID=18772) to work on /home/mahmoud/airflow/dags/write_to_postgresql.py
[2024-01-18T15:56:08.371+0200] {processor.py:830} INFO - Processing file /home/mahmoud/airflow/dags/write_to_postgresql.py for tasks to queue
[2024-01-18T15:56:08.373+0200] {logging_mixin.py:188} INFO - [2024-01-18T15:56:08.372+0200] {dagbag.py:538} INFO - Filling up the DagBag from /home/mahmoud/airflow/dags/write_to_postgresql.py
[2024-01-18T15:56:08.389+0200] {processor.py:840} INFO - DAG(s) 'write_to_postgresql' retrieved from /home/mahmoud/airflow/dags/write_to_postgresql.py
[2024-01-18T15:56:08.411+0200] {logging_mixin.py:188} INFO - [2024-01-18T15:56:08.411+0200] {dag.py:3033} INFO - Sync 1 DAGs
[2024-01-18T15:56:08.428+0200] {logging_mixin.py:188} INFO - [2024-01-18T15:56:08.428+0200] {dag.py:3820} INFO - Setting next_dagrun for write_to_postgresql to None, run_after=None
[2024-01-18T15:56:08.449+0200] {processor.py:183} INFO - Processing /home/mahmoud/airflow/dags/write_to_postgresql.py took 0.086 seconds
[2024-01-18T15:56:38.901+0200] {processor.py:161} INFO - Started process (PID=18822) to work on /home/mahmoud/airflow/dags/write_to_postgresql.py
[2024-01-18T15:56:38.903+0200] {processor.py:830} INFO - Processing file /home/mahmoud/airflow/dags/write_to_postgresql.py for tasks to queue
[2024-01-18T15:56:38.904+0200] {logging_mixin.py:188} INFO - [2024-01-18T15:56:38.904+0200] {dagbag.py:538} INFO - Filling up the DagBag from /home/mahmoud/airflow/dags/write_to_postgresql.py
[2024-01-18T15:56:38.915+0200] {processor.py:840} INFO - DAG(s) 'write_to_postgresql' retrieved from /home/mahmoud/airflow/dags/write_to_postgresql.py
[2024-01-18T15:56:38.999+0200] {logging_mixin.py:188} INFO - [2024-01-18T15:56:38.998+0200] {dag.py:3033} INFO - Sync 1 DAGs
[2024-01-18T15:56:39.013+0200] {logging_mixin.py:188} INFO - [2024-01-18T15:56:39.013+0200] {dag.py:3820} INFO - Setting next_dagrun for write_to_postgresql to None, run_after=None
[2024-01-18T15:56:39.036+0200] {processor.py:183} INFO - Processing /home/mahmoud/airflow/dags/write_to_postgresql.py took 0.138 seconds
[2024-01-18T15:57:09.364+0200] {processor.py:161} INFO - Started process (PID=19117) to work on /home/mahmoud/airflow/dags/write_to_postgresql.py
[2024-01-18T15:57:09.367+0200] {processor.py:830} INFO - Processing file /home/mahmoud/airflow/dags/write_to_postgresql.py for tasks to queue
[2024-01-18T15:57:09.368+0200] {logging_mixin.py:188} INFO - [2024-01-18T15:57:09.368+0200] {dagbag.py:538} INFO - Filling up the DagBag from /home/mahmoud/airflow/dags/write_to_postgresql.py
[2024-01-18T15:57:09.385+0200] {processor.py:840} INFO - DAG(s) 'write_to_postgresql' retrieved from /home/mahmoud/airflow/dags/write_to_postgresql.py
[2024-01-18T15:57:09.407+0200] {logging_mixin.py:188} INFO - [2024-01-18T15:57:09.407+0200] {dag.py:3033} INFO - Sync 1 DAGs
[2024-01-18T15:57:09.424+0200] {logging_mixin.py:188} INFO - [2024-01-18T15:57:09.424+0200] {dag.py:3820} INFO - Setting next_dagrun for write_to_postgresql to None, run_after=None
[2024-01-18T15:57:09.447+0200] {processor.py:183} INFO - Processing /home/mahmoud/airflow/dags/write_to_postgresql.py took 0.090 seconds
[2024-01-18T15:57:39.915+0200] {processor.py:161} INFO - Started process (PID=19204) to work on /home/mahmoud/airflow/dags/write_to_postgresql.py
[2024-01-18T15:57:39.917+0200] {processor.py:830} INFO - Processing file /home/mahmoud/airflow/dags/write_to_postgresql.py for tasks to queue
[2024-01-18T15:57:39.918+0200] {logging_mixin.py:188} INFO - [2024-01-18T15:57:39.918+0200] {dagbag.py:538} INFO - Filling up the DagBag from /home/mahmoud/airflow/dags/write_to_postgresql.py
[2024-01-18T15:57:39.925+0200] {processor.py:840} INFO - DAG(s) 'write_to_postgresql' retrieved from /home/mahmoud/airflow/dags/write_to_postgresql.py
[2024-01-18T15:57:39.943+0200] {logging_mixin.py:188} INFO - [2024-01-18T15:57:39.942+0200] {dag.py:3033} INFO - Sync 1 DAGs
[2024-01-18T15:57:39.959+0200] {logging_mixin.py:188} INFO - [2024-01-18T15:57:39.959+0200] {dag.py:3820} INFO - Setting next_dagrun for write_to_postgresql to None, run_after=None
[2024-01-18T15:57:39.983+0200] {processor.py:183} INFO - Processing /home/mahmoud/airflow/dags/write_to_postgresql.py took 0.069 seconds
[2024-01-18T15:58:10.453+0200] {processor.py:161} INFO - Started process (PID=19325) to work on /home/mahmoud/airflow/dags/write_to_postgresql.py
[2024-01-18T15:58:10.456+0200] {processor.py:830} INFO - Processing file /home/mahmoud/airflow/dags/write_to_postgresql.py for tasks to queue
[2024-01-18T15:58:10.457+0200] {logging_mixin.py:188} INFO - [2024-01-18T15:58:10.456+0200] {dagbag.py:538} INFO - Filling up the DagBag from /home/mahmoud/airflow/dags/write_to_postgresql.py
[2024-01-18T15:58:10.467+0200] {processor.py:840} INFO - DAG(s) 'write_to_postgresql' retrieved from /home/mahmoud/airflow/dags/write_to_postgresql.py
[2024-01-18T15:58:10.486+0200] {logging_mixin.py:188} INFO - [2024-01-18T15:58:10.486+0200] {dag.py:3033} INFO - Sync 1 DAGs
[2024-01-18T15:58:10.503+0200] {logging_mixin.py:188} INFO - [2024-01-18T15:58:10.503+0200] {dag.py:3820} INFO - Setting next_dagrun for write_to_postgresql to None, run_after=None
[2024-01-18T15:58:10.525+0200] {processor.py:183} INFO - Processing /home/mahmoud/airflow/dags/write_to_postgresql.py took 0.075 seconds
[2024-01-18T15:58:40.875+0200] {processor.py:161} INFO - Started process (PID=19442) to work on /home/mahmoud/airflow/dags/write_to_postgresql.py
[2024-01-18T15:58:40.878+0200] {processor.py:830} INFO - Processing file /home/mahmoud/airflow/dags/write_to_postgresql.py for tasks to queue
[2024-01-18T15:58:40.880+0200] {logging_mixin.py:188} INFO - [2024-01-18T15:58:40.879+0200] {dagbag.py:538} INFO - Filling up the DagBag from /home/mahmoud/airflow/dags/write_to_postgresql.py
[2024-01-18T15:58:40.901+0200] {processor.py:840} INFO - DAG(s) 'write_to_postgresql' retrieved from /home/mahmoud/airflow/dags/write_to_postgresql.py
[2024-01-18T15:58:40.925+0200] {logging_mixin.py:188} INFO - [2024-01-18T15:58:40.925+0200] {dag.py:3033} INFO - Sync 1 DAGs
[2024-01-18T15:58:40.942+0200] {logging_mixin.py:188} INFO - [2024-01-18T15:58:40.942+0200] {dag.py:3820} INFO - Setting next_dagrun for write_to_postgresql to None, run_after=None
[2024-01-18T15:58:40.961+0200] {processor.py:183} INFO - Processing /home/mahmoud/airflow/dags/write_to_postgresql.py took 0.096 seconds
[2024-01-18T15:59:11.357+0200] {processor.py:161} INFO - Started process (PID=19611) to work on /home/mahmoud/airflow/dags/write_to_postgresql.py
[2024-01-18T15:59:11.360+0200] {processor.py:830} INFO - Processing file /home/mahmoud/airflow/dags/write_to_postgresql.py for tasks to queue
[2024-01-18T15:59:11.362+0200] {logging_mixin.py:188} INFO - [2024-01-18T15:59:11.361+0200] {dagbag.py:538} INFO - Filling up the DagBag from /home/mahmoud/airflow/dags/write_to_postgresql.py
[2024-01-18T15:59:11.376+0200] {processor.py:840} INFO - DAG(s) 'write_to_postgresql' retrieved from /home/mahmoud/airflow/dags/write_to_postgresql.py
[2024-01-18T15:59:11.397+0200] {logging_mixin.py:188} INFO - [2024-01-18T15:59:11.397+0200] {dag.py:3033} INFO - Sync 1 DAGs
[2024-01-18T15:59:11.414+0200] {logging_mixin.py:188} INFO - [2024-01-18T15:59:11.414+0200] {dag.py:3820} INFO - Setting next_dagrun for write_to_postgresql to None, run_after=None
[2024-01-18T15:59:11.434+0200] {processor.py:183} INFO - Processing /home/mahmoud/airflow/dags/write_to_postgresql.py took 0.084 seconds
[2024-01-18T15:59:41.832+0200] {processor.py:161} INFO - Started process (PID=19754) to work on /home/mahmoud/airflow/dags/write_to_postgresql.py
[2024-01-18T15:59:41.835+0200] {processor.py:830} INFO - Processing file /home/mahmoud/airflow/dags/write_to_postgresql.py for tasks to queue
[2024-01-18T15:59:41.836+0200] {logging_mixin.py:188} INFO - [2024-01-18T15:59:41.836+0200] {dagbag.py:538} INFO - Filling up the DagBag from /home/mahmoud/airflow/dags/write_to_postgresql.py
[2024-01-18T15:59:41.849+0200] {processor.py:840} INFO - DAG(s) 'write_to_postgresql' retrieved from /home/mahmoud/airflow/dags/write_to_postgresql.py
[2024-01-18T15:59:41.869+0200] {logging_mixin.py:188} INFO - [2024-01-18T15:59:41.869+0200] {dag.py:3033} INFO - Sync 1 DAGs
[2024-01-18T15:59:41.888+0200] {logging_mixin.py:188} INFO - [2024-01-18T15:59:41.888+0200] {dag.py:3820} INFO - Setting next_dagrun for write_to_postgresql to None, run_after=None
[2024-01-18T15:59:41.908+0200] {processor.py:183} INFO - Processing /home/mahmoud/airflow/dags/write_to_postgresql.py took 0.082 seconds
[2024-01-18T16:00:12.267+0200] {processor.py:161} INFO - Started process (PID=19811) to work on /home/mahmoud/airflow/dags/write_to_postgresql.py
[2024-01-18T16:00:12.269+0200] {processor.py:830} INFO - Processing file /home/mahmoud/airflow/dags/write_to_postgresql.py for tasks to queue
[2024-01-18T16:00:12.270+0200] {logging_mixin.py:188} INFO - [2024-01-18T16:00:12.270+0200] {dagbag.py:538} INFO - Filling up the DagBag from /home/mahmoud/airflow/dags/write_to_postgresql.py
[2024-01-18T16:00:12.279+0200] {processor.py:840} INFO - DAG(s) 'write_to_postgresql' retrieved from /home/mahmoud/airflow/dags/write_to_postgresql.py
[2024-01-18T16:00:12.297+0200] {logging_mixin.py:188} INFO - [2024-01-18T16:00:12.296+0200] {dag.py:3033} INFO - Sync 1 DAGs
[2024-01-18T16:00:12.313+0200] {logging_mixin.py:188} INFO - [2024-01-18T16:00:12.313+0200] {dag.py:3820} INFO - Setting next_dagrun for write_to_postgresql to None, run_after=None
[2024-01-18T16:00:12.335+0200] {processor.py:183} INFO - Processing /home/mahmoud/airflow/dags/write_to_postgresql.py took 0.071 seconds
[2024-01-18T16:00:42.807+0200] {processor.py:161} INFO - Started process (PID=19876) to work on /home/mahmoud/airflow/dags/write_to_postgresql.py
[2024-01-18T16:00:42.808+0200] {processor.py:830} INFO - Processing file /home/mahmoud/airflow/dags/write_to_postgresql.py for tasks to queue
[2024-01-18T16:00:42.809+0200] {logging_mixin.py:188} INFO - [2024-01-18T16:00:42.808+0200] {dagbag.py:538} INFO - Filling up the DagBag from /home/mahmoud/airflow/dags/write_to_postgresql.py
[2024-01-18T16:00:42.820+0200] {processor.py:840} INFO - DAG(s) 'write_to_postgresql' retrieved from /home/mahmoud/airflow/dags/write_to_postgresql.py
[2024-01-18T16:00:42.838+0200] {logging_mixin.py:188} INFO - [2024-01-18T16:00:42.837+0200] {dag.py:3033} INFO - Sync 1 DAGs
[2024-01-18T16:00:42.856+0200] {logging_mixin.py:188} INFO - [2024-01-18T16:00:42.856+0200] {dag.py:3820} INFO - Setting next_dagrun for write_to_postgresql to None, run_after=None
[2024-01-18T16:00:42.880+0200] {processor.py:183} INFO - Processing /home/mahmoud/airflow/dags/write_to_postgresql.py took 0.078 seconds
[2024-01-18T16:01:13.295+0200] {processor.py:161} INFO - Started process (PID=19983) to work on /home/mahmoud/airflow/dags/write_to_postgresql.py
[2024-01-18T16:01:13.298+0200] {processor.py:830} INFO - Processing file /home/mahmoud/airflow/dags/write_to_postgresql.py for tasks to queue
[2024-01-18T16:01:13.299+0200] {logging_mixin.py:188} INFO - [2024-01-18T16:01:13.298+0200] {dagbag.py:538} INFO - Filling up the DagBag from /home/mahmoud/airflow/dags/write_to_postgresql.py
[2024-01-18T16:01:13.310+0200] {processor.py:840} INFO - DAG(s) 'write_to_postgresql' retrieved from /home/mahmoud/airflow/dags/write_to_postgresql.py
[2024-01-18T16:01:13.329+0200] {logging_mixin.py:188} INFO - [2024-01-18T16:01:13.329+0200] {dag.py:3033} INFO - Sync 1 DAGs
[2024-01-18T16:01:13.347+0200] {logging_mixin.py:188} INFO - [2024-01-18T16:01:13.347+0200] {dag.py:3820} INFO - Setting next_dagrun for write_to_postgresql to None, run_after=None
[2024-01-18T16:01:13.371+0200] {processor.py:183} INFO - Processing /home/mahmoud/airflow/dags/write_to_postgresql.py took 0.080 seconds
[2024-01-18T16:01:43.795+0200] {processor.py:161} INFO - Started process (PID=20033) to work on /home/mahmoud/airflow/dags/write_to_postgresql.py
[2024-01-18T16:01:43.796+0200] {processor.py:830} INFO - Processing file /home/mahmoud/airflow/dags/write_to_postgresql.py for tasks to queue
[2024-01-18T16:01:43.797+0200] {logging_mixin.py:188} INFO - [2024-01-18T16:01:43.797+0200] {dagbag.py:538} INFO - Filling up the DagBag from /home/mahmoud/airflow/dags/write_to_postgresql.py
[2024-01-18T16:01:43.808+0200] {processor.py:840} INFO - DAG(s) 'write_to_postgresql' retrieved from /home/mahmoud/airflow/dags/write_to_postgresql.py
[2024-01-18T16:01:43.827+0200] {logging_mixin.py:188} INFO - [2024-01-18T16:01:43.827+0200] {dag.py:3033} INFO - Sync 1 DAGs
[2024-01-18T16:01:43.844+0200] {logging_mixin.py:188} INFO - [2024-01-18T16:01:43.844+0200] {dag.py:3820} INFO - Setting next_dagrun for write_to_postgresql to None, run_after=None
[2024-01-18T16:01:43.867+0200] {processor.py:183} INFO - Processing /home/mahmoud/airflow/dags/write_to_postgresql.py took 0.076 seconds
