[2024-01-18T15:56:49.656+0200] {taskinstance.py:1957} INFO - Dependencies all met for dep_context=non-requeueable deps ti=<TaskInstance: write_to_postgresql.create_table manual__2024-01-18T13:56:47.102646+00:00 [queued]>
[2024-01-18T15:56:49.662+0200] {taskinstance.py:1957} INFO - Dependencies all met for dep_context=requeueable deps ti=<TaskInstance: write_to_postgresql.create_table manual__2024-01-18T13:56:47.102646+00:00 [queued]>
[2024-01-18T15:56:49.662+0200] {taskinstance.py:2171} INFO - Starting attempt 1 of 1
[2024-01-18T15:56:49.681+0200] {taskinstance.py:2192} INFO - Executing <Task(PostgresOperator): create_table> on 2024-01-18 13:56:47.102646+00:00
[2024-01-18T15:56:49.683+0200] {standard_task_runner.py:60} INFO - Started process 18904 to run task
[2024-01-18T15:56:49.686+0200] {standard_task_runner.py:87} INFO - Running: ['airflow', 'tasks', 'run', 'write_to_postgresql', 'create_table', 'manual__2024-01-18T13:56:47.102646+00:00', '--job-id', '213', '--raw', '--subdir', 'DAGS_FOLDER/write_to_postgresql.py', '--cfg-path', '/tmp/tmph0knwu49']
[2024-01-18T15:56:49.687+0200] {standard_task_runner.py:88} INFO - Job 213: Subtask create_table
[2024-01-18T15:56:49.721+0200] {task_command.py:423} INFO - Running <TaskInstance: write_to_postgresql.create_table manual__2024-01-18T13:56:47.102646+00:00 [running]> on host DESKTOP-9NHC01K.
[2024-01-18T15:56:49.791+0200] {taskinstance.py:2481} INFO - Exporting env vars: AIRFLOW_CTX_DAG_OWNER='airflow' AIRFLOW_CTX_DAG_ID='write_to_postgresql' AIRFLOW_CTX_TASK_ID='create_table' AIRFLOW_CTX_EXECUTION_DATE='2024-01-18T13:56:47.102646+00:00' AIRFLOW_CTX_TRY_NUMBER='1' AIRFLOW_CTX_DAG_RUN_ID='manual__2024-01-18T13:56:47.102646+00:00'
[2024-01-18T15:56:49.791+0200] {sql.py:276} INFO - Executing: 
            CREATE TABLE IF NOT EXISTS employees(
            id SERIAL PRIMARY KEY,
            name VARCHAR (255) NOT NULL,
            added_at TIMESTAMP DEFAULT CURRENT_TIMESTAMP
            );
            
[2024-01-18T15:56:49.804+0200] {base.py:83} INFO - Using connection ID 'my_postgres_cnn' for task execution.
[2024-01-18T15:56:49.826+0200] {base.py:83} INFO - Using connection ID 'my_postgres_cnn' for task execution.
[2024-01-18T15:56:49.838+0200] {sql.py:450} INFO - Running statement: 
            CREATE TABLE IF NOT EXISTS employees(
            id SERIAL PRIMARY KEY,
            name VARCHAR (255) NOT NULL,
            added_at TIMESTAMP DEFAULT CURRENT_TIMESTAMP
            );
            , parameters: None
[2024-01-18T15:56:49.859+0200] {taskinstance.py:1138} INFO - Marking task as SUCCESS. dag_id=write_to_postgresql, task_id=create_table, execution_date=20240118T135647, start_date=20240118T135649, end_date=20240118T135649
[2024-01-18T15:56:49.898+0200] {local_task_job_runner.py:234} INFO - Task exited with return code 0
[2024-01-18T15:56:49.921+0200] {taskinstance.py:3281} INFO - 1 downstream tasks scheduled from follow-on schedule check
