[2024-01-23T17:07:34.395+0200] {taskinstance.py:1957} INFO - Dependencies all met for dep_context=non-requeueable deps ti=<TaskInstance: write_to_postgresql.display_table manual__2024-01-23T15:07:27.072632+00:00 [queued]>
[2024-01-23T17:07:34.400+0200] {taskinstance.py:1957} INFO - Dependencies all met for dep_context=requeueable deps ti=<TaskInstance: write_to_postgresql.display_table manual__2024-01-23T15:07:27.072632+00:00 [queued]>
[2024-01-23T17:07:34.401+0200] {taskinstance.py:2171} INFO - Starting attempt 1 of 1
[2024-01-23T17:07:34.418+0200] {taskinstance.py:2192} INFO - Executing <Task(PostgresOperator): display_table> on 2024-01-23 15:07:27.072632+00:00
[2024-01-23T17:07:34.420+0200] {standard_task_runner.py:60} INFO - Started process 35218 to run task
[2024-01-23T17:07:34.423+0200] {standard_task_runner.py:87} INFO - Running: ['airflow', 'tasks', 'run', 'write_to_postgresql', 'display_table', 'manual__2024-01-23T15:07:27.072632+00:00', '--job-id', '273', '--raw', '--subdir', 'DAGS_FOLDER/write_to_postgresql.py', '--cfg-path', '/tmp/tmp3889t7nq']
[2024-01-23T17:07:34.424+0200] {standard_task_runner.py:88} INFO - Job 273: Subtask display_table
[2024-01-23T17:07:34.456+0200] {task_command.py:423} INFO - Running <TaskInstance: write_to_postgresql.display_table manual__2024-01-23T15:07:27.072632+00:00 [running]> on host DESKTOP-9NHC01K.
[2024-01-23T17:07:34.519+0200] {taskinstance.py:2481} INFO - Exporting env vars: AIRFLOW_CTX_DAG_OWNER='airflow' AIRFLOW_CTX_DAG_ID='write_to_postgresql' AIRFLOW_CTX_TASK_ID='display_table' AIRFLOW_CTX_EXECUTION_DATE='2024-01-23T15:07:27.072632+00:00' AIRFLOW_CTX_TRY_NUMBER='1' AIRFLOW_CTX_DAG_RUN_ID='manual__2024-01-23T15:07:27.072632+00:00'
[2024-01-23T17:07:34.520+0200] {sql.py:276} INFO - Executing: 
            SELECT * FROM employees;
            
[2024-01-23T17:07:34.524+0200] {base.py:83} INFO - Using connection ID 'my_postgres_cnn' for task execution.
[2024-01-23T17:07:34.548+0200] {base.py:83} INFO - Using connection ID 'my_postgres_cnn' for task execution.
[2024-01-23T17:07:34.559+0200] {sql.py:450} INFO - Running statement: 
            SELECT * FROM employees;
            , parameters: None
[2024-01-23T17:07:34.562+0200] {sql.py:459} INFO - Rows affected: 4
[2024-01-23T17:07:34.580+0200] {taskinstance.py:1138} INFO - Marking task as SUCCESS. dag_id=write_to_postgresql, task_id=display_table, execution_date=20240123T150727, start_date=20240123T150734, end_date=20240123T150734
[2024-01-23T17:07:34.595+0200] {local_task_job_runner.py:234} INFO - Task exited with return code 0
[2024-01-23T17:07:34.603+0200] {taskinstance.py:3281} INFO - 0 downstream tasks scheduled from follow-on schedule check
