[2024-01-16T16:03:26.943+0200] {taskinstance.py:1957} INFO - Dependencies all met for dep_context=non-requeueable deps ti=<TaskInstance: executing_sql_pipeline.create_table manual__2024-01-16T14:03:22.722465+00:00 [queued]>
[2024-01-16T16:03:26.949+0200] {taskinstance.py:1957} INFO - Dependencies all met for dep_context=requeueable deps ti=<TaskInstance: executing_sql_pipeline.create_table manual__2024-01-16T14:03:22.722465+00:00 [queued]>
[2024-01-16T16:03:26.949+0200] {taskinstance.py:2171} INFO - Starting attempt 1 of 1
[2024-01-16T16:03:26.971+0200] {taskinstance.py:2192} INFO - Executing <Task(SqliteOperator): create_table> on 2024-01-16 14:03:22.722465+00:00
[2024-01-16T16:03:26.975+0200] {standard_task_runner.py:60} INFO - Started process 46448 to run task
[2024-01-16T16:03:26.982+0200] {standard_task_runner.py:87} INFO - Running: ['airflow', 'tasks', 'run', 'executing_sql_pipeline', 'create_table', 'manual__2024-01-16T14:03:22.722465+00:00', '--job-id', '120', '--raw', '--subdir', 'DAGS_FOLDER/sqlite_pipeline.py', '--cfg-path', '/tmp/tmpbqy2qiu5']
[2024-01-16T16:03:26.986+0200] {standard_task_runner.py:88} INFO - Job 120: Subtask create_table
[2024-01-16T16:03:27.048+0200] {task_command.py:423} INFO - Running <TaskInstance: executing_sql_pipeline.create_table manual__2024-01-16T14:03:22.722465+00:00 [running]> on host DESKTOP-9NHC01K.
[2024-01-16T16:03:27.115+0200] {taskinstance.py:2481} INFO - Exporting env vars: AIRFLOW_CTX_DAG_OWNER='airflow' AIRFLOW_CTX_DAG_ID='executing_sql_pipeline' AIRFLOW_CTX_TASK_ID='create_table' AIRFLOW_CTX_EXECUTION_DATE='2024-01-16T14:03:22.722465+00:00' AIRFLOW_CTX_TRY_NUMBER='1' AIRFLOW_CTX_DAG_RUN_ID='manual__2024-01-16T14:03:22.722465+00:00'
[2024-01-16T16:03:27.116+0200] {sql.py:276} INFO - Executing: 
            CREATE TABLE IF NOT EXISTS users (
                    id INTEGER PRIMARY KEY,
                    name VARCHAR(50) NOT NULL,
                    age INTEGER NOT NULL,
                    is_active BOOLEAN DEFAULT true,
                    created_at TIMESTAMP DEFAULT CURRENT_TIMESTAMP
            );
        
[2024-01-16T16:03:27.119+0200] {base.py:83} INFO - Using connection ID 'my_sqlite_cnn' for task execution.
[2024-01-16T16:03:27.134+0200] {base.py:83} INFO - Using connection ID 'my_sqlite_cnn' for task execution.
[2024-01-16T16:03:27.134+0200] {sql.py:450} INFO - Running statement: 
            CREATE TABLE IF NOT EXISTS users (
                    id INTEGER PRIMARY KEY,
                    name VARCHAR(50) NOT NULL,
                    age INTEGER NOT NULL,
                    is_active BOOLEAN DEFAULT true,
                    created_at TIMESTAMP DEFAULT CURRENT_TIMESTAMP
            );
        , parameters: None
[2024-01-16T16:03:27.138+0200] {taskinstance.py:1138} INFO - Marking task as SUCCESS. dag_id=executing_sql_pipeline, task_id=create_table, execution_date=20240116T140322, start_date=20240116T140326, end_date=20240116T140327
[2024-01-16T16:03:27.194+0200] {local_task_job_runner.py:234} INFO - Task exited with return code 0
[2024-01-16T16:03:27.215+0200] {taskinstance.py:3281} INFO - 0 downstream tasks scheduled from follow-on schedule check
