[2024-04-15T12:30:36.092+0200] {processor.py:161} INFO - Started process (PID=2376) to work on /home/mahmoud/airflow/dags/execute_multiple_tasks.py
[2024-04-15T12:30:36.093+0200] {processor.py:830} INFO - Processing file /home/mahmoud/airflow/dags/execute_multiple_tasks.py for tasks to queue
[2024-04-15T12:30:36.094+0200] {logging_mixin.py:188} INFO - [2024-04-15T12:30:36.094+0200] {dagbag.py:538} INFO - Filling up the DagBag from /home/mahmoud/airflow/dags/execute_multiple_tasks.py
[2024-04-15T12:30:36.102+0200] {processor.py:840} INFO - DAG(s) 'execute_multiple_tasks' retrieved from /home/mahmoud/airflow/dags/execute_multiple_tasks.py
[2024-04-15T12:30:36.186+0200] {logging_mixin.py:188} INFO - [2024-04-15T12:30:36.186+0200] {dag.py:3033} INFO - Sync 1 DAGs
[2024-04-15T12:30:36.201+0200] {logging_mixin.py:188} INFO - [2024-04-15T12:30:36.200+0200] {dag.py:3820} INFO - Setting next_dagrun for execute_multiple_tasks to None, run_after=None
[2024-04-15T12:30:36.221+0200] {processor.py:183} INFO - Processing /home/mahmoud/airflow/dags/execute_multiple_tasks.py took 0.130 seconds
[2024-04-15T12:31:06.726+0200] {processor.py:161} INFO - Started process (PID=2729) to work on /home/mahmoud/airflow/dags/execute_multiple_tasks.py
[2024-04-15T12:31:06.727+0200] {processor.py:830} INFO - Processing file /home/mahmoud/airflow/dags/execute_multiple_tasks.py for tasks to queue
[2024-04-15T12:31:06.728+0200] {logging_mixin.py:188} INFO - [2024-04-15T12:31:06.728+0200] {dagbag.py:538} INFO - Filling up the DagBag from /home/mahmoud/airflow/dags/execute_multiple_tasks.py
[2024-04-15T12:31:06.742+0200] {processor.py:840} INFO - DAG(s) 'execute_multiple_tasks' retrieved from /home/mahmoud/airflow/dags/execute_multiple_tasks.py
[2024-04-15T12:31:06.758+0200] {logging_mixin.py:188} INFO - [2024-04-15T12:31:06.758+0200] {dag.py:3033} INFO - Sync 1 DAGs
[2024-04-15T12:31:06.774+0200] {logging_mixin.py:188} INFO - [2024-04-15T12:31:06.774+0200] {dag.py:3820} INFO - Setting next_dagrun for execute_multiple_tasks to None, run_after=None
[2024-04-15T12:31:06.812+0200] {processor.py:183} INFO - Processing /home/mahmoud/airflow/dags/execute_multiple_tasks.py took 0.089 seconds
[2024-04-15T12:31:37.606+0200] {processor.py:161} INFO - Started process (PID=3030) to work on /home/mahmoud/airflow/dags/execute_multiple_tasks.py
[2024-04-15T12:31:37.609+0200] {processor.py:830} INFO - Processing file /home/mahmoud/airflow/dags/execute_multiple_tasks.py for tasks to queue
[2024-04-15T12:31:37.610+0200] {logging_mixin.py:188} INFO - [2024-04-15T12:31:37.610+0200] {dagbag.py:538} INFO - Filling up the DagBag from /home/mahmoud/airflow/dags/execute_multiple_tasks.py
[2024-04-15T12:31:37.627+0200] {processor.py:840} INFO - DAG(s) 'execute_multiple_tasks' retrieved from /home/mahmoud/airflow/dags/execute_multiple_tasks.py
[2024-04-15T12:31:37.648+0200] {logging_mixin.py:188} INFO - [2024-04-15T12:31:37.648+0200] {dag.py:3033} INFO - Sync 1 DAGs
[2024-04-15T12:31:37.665+0200] {logging_mixin.py:188} INFO - [2024-04-15T12:31:37.664+0200] {dag.py:3820} INFO - Setting next_dagrun for execute_multiple_tasks to None, run_after=None
[2024-04-15T12:31:37.698+0200] {processor.py:183} INFO - Processing /home/mahmoud/airflow/dags/execute_multiple_tasks.py took 0.101 seconds
[2024-04-15T12:32:08.465+0200] {processor.py:161} INFO - Started process (PID=3268) to work on /home/mahmoud/airflow/dags/execute_multiple_tasks.py
[2024-04-15T12:32:08.466+0200] {processor.py:830} INFO - Processing file /home/mahmoud/airflow/dags/execute_multiple_tasks.py for tasks to queue
[2024-04-15T12:32:08.467+0200] {logging_mixin.py:188} INFO - [2024-04-15T12:32:08.467+0200] {dagbag.py:538} INFO - Filling up the DagBag from /home/mahmoud/airflow/dags/execute_multiple_tasks.py
[2024-04-15T12:32:08.476+0200] {processor.py:840} INFO - DAG(s) 'execute_multiple_tasks' retrieved from /home/mahmoud/airflow/dags/execute_multiple_tasks.py
[2024-04-15T12:32:08.491+0200] {logging_mixin.py:188} INFO - [2024-04-15T12:32:08.491+0200] {dag.py:3033} INFO - Sync 1 DAGs
[2024-04-15T12:32:08.506+0200] {logging_mixin.py:188} INFO - [2024-04-15T12:32:08.506+0200] {dag.py:3820} INFO - Setting next_dagrun for execute_multiple_tasks to None, run_after=None
[2024-04-15T12:32:08.527+0200] {processor.py:183} INFO - Processing /home/mahmoud/airflow/dags/execute_multiple_tasks.py took 0.065 seconds
[2024-04-15T12:32:39.286+0200] {processor.py:161} INFO - Started process (PID=3540) to work on /home/mahmoud/airflow/dags/execute_multiple_tasks.py
[2024-04-15T12:32:39.287+0200] {processor.py:830} INFO - Processing file /home/mahmoud/airflow/dags/execute_multiple_tasks.py for tasks to queue
[2024-04-15T12:32:39.288+0200] {logging_mixin.py:188} INFO - [2024-04-15T12:32:39.288+0200] {dagbag.py:538} INFO - Filling up the DagBag from /home/mahmoud/airflow/dags/execute_multiple_tasks.py
[2024-04-15T12:32:39.298+0200] {processor.py:840} INFO - DAG(s) 'execute_multiple_tasks' retrieved from /home/mahmoud/airflow/dags/execute_multiple_tasks.py
[2024-04-15T12:32:39.316+0200] {logging_mixin.py:188} INFO - [2024-04-15T12:32:39.316+0200] {dag.py:3033} INFO - Sync 1 DAGs
[2024-04-15T12:32:39.337+0200] {logging_mixin.py:188} INFO - [2024-04-15T12:32:39.337+0200] {dag.py:3820} INFO - Setting next_dagrun for execute_multiple_tasks to None, run_after=None
[2024-04-15T12:32:39.364+0200] {processor.py:183} INFO - Processing /home/mahmoud/airflow/dags/execute_multiple_tasks.py took 0.081 seconds
[2024-04-15T12:33:09.458+0200] {processor.py:161} INFO - Started process (PID=3810) to work on /home/mahmoud/airflow/dags/execute_multiple_tasks.py
[2024-04-15T12:33:09.476+0200] {processor.py:830} INFO - Processing file /home/mahmoud/airflow/dags/execute_multiple_tasks.py for tasks to queue
[2024-04-15T12:33:09.476+0200] {logging_mixin.py:188} INFO - [2024-04-15T12:33:09.476+0200] {dagbag.py:538} INFO - Filling up the DagBag from /home/mahmoud/airflow/dags/execute_multiple_tasks.py
[2024-04-15T12:33:09.491+0200] {processor.py:840} INFO - DAG(s) 'execute_multiple_tasks' retrieved from /home/mahmoud/airflow/dags/execute_multiple_tasks.py
[2024-04-15T12:33:09.510+0200] {logging_mixin.py:188} INFO - [2024-04-15T12:33:09.509+0200] {dag.py:3033} INFO - Sync 1 DAGs
[2024-04-15T12:33:09.528+0200] {logging_mixin.py:188} INFO - [2024-04-15T12:33:09.528+0200] {dag.py:3820} INFO - Setting next_dagrun for execute_multiple_tasks to None, run_after=None
[2024-04-15T12:33:09.552+0200] {processor.py:183} INFO - Processing /home/mahmoud/airflow/dags/execute_multiple_tasks.py took 0.097 seconds
[2024-04-15T12:33:39.640+0200] {processor.py:161} INFO - Started process (PID=4104) to work on /home/mahmoud/airflow/dags/execute_multiple_tasks.py
[2024-04-15T12:33:39.641+0200] {processor.py:830} INFO - Processing file /home/mahmoud/airflow/dags/execute_multiple_tasks.py for tasks to queue
[2024-04-15T12:33:39.642+0200] {logging_mixin.py:188} INFO - [2024-04-15T12:33:39.642+0200] {dagbag.py:538} INFO - Filling up the DagBag from /home/mahmoud/airflow/dags/execute_multiple_tasks.py
[2024-04-15T12:33:39.656+0200] {processor.py:840} INFO - DAG(s) 'execute_multiple_tasks' retrieved from /home/mahmoud/airflow/dags/execute_multiple_tasks.py
[2024-04-15T12:33:39.673+0200] {logging_mixin.py:188} INFO - [2024-04-15T12:33:39.673+0200] {dag.py:3033} INFO - Sync 1 DAGs
[2024-04-15T12:33:39.689+0200] {logging_mixin.py:188} INFO - [2024-04-15T12:33:39.689+0200] {dag.py:3820} INFO - Setting next_dagrun for execute_multiple_tasks to None, run_after=None
[2024-04-15T12:33:39.710+0200] {processor.py:183} INFO - Processing /home/mahmoud/airflow/dags/execute_multiple_tasks.py took 0.075 seconds
[2024-04-15T12:34:11.022+0200] {processor.py:161} INFO - Started process (PID=4413) to work on /home/mahmoud/airflow/dags/execute_multiple_tasks.py
[2024-04-15T12:34:11.033+0200] {processor.py:830} INFO - Processing file /home/mahmoud/airflow/dags/execute_multiple_tasks.py for tasks to queue
[2024-04-15T12:34:11.035+0200] {logging_mixin.py:188} INFO - [2024-04-15T12:34:11.034+0200] {dagbag.py:538} INFO - Filling up the DagBag from /home/mahmoud/airflow/dags/execute_multiple_tasks.py
[2024-04-15T12:34:11.048+0200] {processor.py:840} INFO - DAG(s) 'execute_multiple_tasks' retrieved from /home/mahmoud/airflow/dags/execute_multiple_tasks.py
[2024-04-15T12:34:11.065+0200] {logging_mixin.py:188} INFO - [2024-04-15T12:34:11.065+0200] {dag.py:3033} INFO - Sync 1 DAGs
[2024-04-15T12:34:11.081+0200] {logging_mixin.py:188} INFO - [2024-04-15T12:34:11.081+0200] {dag.py:3820} INFO - Setting next_dagrun for execute_multiple_tasks to None, run_after=None
[2024-04-15T12:34:11.119+0200] {processor.py:183} INFO - Processing /home/mahmoud/airflow/dags/execute_multiple_tasks.py took 0.102 seconds
[2024-04-15T12:34:43.179+0200] {processor.py:161} INFO - Started process (PID=4847) to work on /home/mahmoud/airflow/dags/execute_multiple_tasks.py
[2024-04-15T12:34:43.182+0200] {processor.py:830} INFO - Processing file /home/mahmoud/airflow/dags/execute_multiple_tasks.py for tasks to queue
[2024-04-15T12:34:43.184+0200] {logging_mixin.py:188} INFO - [2024-04-15T12:34:43.183+0200] {dagbag.py:538} INFO - Filling up the DagBag from /home/mahmoud/airflow/dags/execute_multiple_tasks.py
[2024-04-15T12:34:43.201+0200] {processor.py:840} INFO - DAG(s) 'execute_multiple_tasks' retrieved from /home/mahmoud/airflow/dags/execute_multiple_tasks.py
[2024-04-15T12:34:43.221+0200] {logging_mixin.py:188} INFO - [2024-04-15T12:34:43.221+0200] {dag.py:3033} INFO - Sync 1 DAGs
[2024-04-15T12:34:43.237+0200] {logging_mixin.py:188} INFO - [2024-04-15T12:34:43.237+0200] {dag.py:3820} INFO - Setting next_dagrun for execute_multiple_tasks to None, run_after=None
[2024-04-15T12:34:43.272+0200] {processor.py:183} INFO - Processing /home/mahmoud/airflow/dags/execute_multiple_tasks.py took 0.101 seconds
[2024-04-15T12:35:13.784+0200] {processor.py:161} INFO - Started process (PID=5152) to work on /home/mahmoud/airflow/dags/execute_multiple_tasks.py
[2024-04-15T12:35:13.785+0200] {processor.py:830} INFO - Processing file /home/mahmoud/airflow/dags/execute_multiple_tasks.py for tasks to queue
[2024-04-15T12:35:13.787+0200] {logging_mixin.py:188} INFO - [2024-04-15T12:35:13.786+0200] {dagbag.py:538} INFO - Filling up the DagBag from /home/mahmoud/airflow/dags/execute_multiple_tasks.py
[2024-04-15T12:35:13.798+0200] {processor.py:840} INFO - DAG(s) 'execute_multiple_tasks' retrieved from /home/mahmoud/airflow/dags/execute_multiple_tasks.py
[2024-04-15T12:35:13.821+0200] {logging_mixin.py:188} INFO - [2024-04-15T12:35:13.821+0200] {dag.py:3033} INFO - Sync 1 DAGs
[2024-04-15T12:35:13.839+0200] {logging_mixin.py:188} INFO - [2024-04-15T12:35:13.839+0200] {dag.py:3820} INFO - Setting next_dagrun for execute_multiple_tasks to None, run_after=None
[2024-04-15T12:35:13.864+0200] {processor.py:183} INFO - Processing /home/mahmoud/airflow/dags/execute_multiple_tasks.py took 0.085 seconds
[2024-04-15T12:35:44.408+0200] {processor.py:161} INFO - Started process (PID=5414) to work on /home/mahmoud/airflow/dags/execute_multiple_tasks.py
[2024-04-15T12:35:44.419+0200] {processor.py:830} INFO - Processing file /home/mahmoud/airflow/dags/execute_multiple_tasks.py for tasks to queue
[2024-04-15T12:35:44.420+0200] {logging_mixin.py:188} INFO - [2024-04-15T12:35:44.420+0200] {dagbag.py:538} INFO - Filling up the DagBag from /home/mahmoud/airflow/dags/execute_multiple_tasks.py
[2024-04-15T12:35:44.431+0200] {processor.py:840} INFO - DAG(s) 'execute_multiple_tasks' retrieved from /home/mahmoud/airflow/dags/execute_multiple_tasks.py
[2024-04-15T12:35:44.448+0200] {logging_mixin.py:188} INFO - [2024-04-15T12:35:44.448+0200] {dag.py:3033} INFO - Sync 1 DAGs
[2024-04-15T12:35:44.465+0200] {logging_mixin.py:188} INFO - [2024-04-15T12:35:44.465+0200] {dag.py:3820} INFO - Setting next_dagrun for execute_multiple_tasks to None, run_after=None
[2024-04-15T12:35:44.492+0200] {processor.py:183} INFO - Processing /home/mahmoud/airflow/dags/execute_multiple_tasks.py took 0.089 seconds
[2024-04-15T12:36:14.989+0200] {processor.py:161} INFO - Started process (PID=5652) to work on /home/mahmoud/airflow/dags/execute_multiple_tasks.py
[2024-04-15T12:36:14.990+0200] {processor.py:830} INFO - Processing file /home/mahmoud/airflow/dags/execute_multiple_tasks.py for tasks to queue
[2024-04-15T12:36:14.990+0200] {logging_mixin.py:188} INFO - [2024-04-15T12:36:14.990+0200] {dagbag.py:538} INFO - Filling up the DagBag from /home/mahmoud/airflow/dags/execute_multiple_tasks.py
[2024-04-15T12:36:14.999+0200] {processor.py:840} INFO - DAG(s) 'execute_multiple_tasks' retrieved from /home/mahmoud/airflow/dags/execute_multiple_tasks.py
[2024-04-15T12:36:15.016+0200] {logging_mixin.py:188} INFO - [2024-04-15T12:36:15.015+0200] {dag.py:3033} INFO - Sync 1 DAGs
[2024-04-15T12:36:15.033+0200] {logging_mixin.py:188} INFO - [2024-04-15T12:36:15.033+0200] {dag.py:3820} INFO - Setting next_dagrun for execute_multiple_tasks to None, run_after=None
[2024-04-15T12:36:15.073+0200] {processor.py:183} INFO - Processing /home/mahmoud/airflow/dags/execute_multiple_tasks.py took 0.087 seconds
[2024-04-15T12:36:45.591+0200] {processor.py:161} INFO - Started process (PID=5928) to work on /home/mahmoud/airflow/dags/execute_multiple_tasks.py
[2024-04-15T12:36:45.603+0200] {processor.py:830} INFO - Processing file /home/mahmoud/airflow/dags/execute_multiple_tasks.py for tasks to queue
[2024-04-15T12:36:45.605+0200] {logging_mixin.py:188} INFO - [2024-04-15T12:36:45.604+0200] {dagbag.py:538} INFO - Filling up the DagBag from /home/mahmoud/airflow/dags/execute_multiple_tasks.py
[2024-04-15T12:36:45.617+0200] {processor.py:840} INFO - DAG(s) 'execute_multiple_tasks' retrieved from /home/mahmoud/airflow/dags/execute_multiple_tasks.py
[2024-04-15T12:36:45.635+0200] {logging_mixin.py:188} INFO - [2024-04-15T12:36:45.635+0200] {dag.py:3033} INFO - Sync 1 DAGs
[2024-04-15T12:36:45.653+0200] {logging_mixin.py:188} INFO - [2024-04-15T12:36:45.653+0200] {dag.py:3820} INFO - Setting next_dagrun for execute_multiple_tasks to None, run_after=None
[2024-04-15T12:36:45.686+0200] {processor.py:183} INFO - Processing /home/mahmoud/airflow/dags/execute_multiple_tasks.py took 0.098 seconds
[2024-04-15T12:37:16.178+0200] {processor.py:161} INFO - Started process (PID=6236) to work on /home/mahmoud/airflow/dags/execute_multiple_tasks.py
[2024-04-15T12:37:16.192+0200] {processor.py:830} INFO - Processing file /home/mahmoud/airflow/dags/execute_multiple_tasks.py for tasks to queue
[2024-04-15T12:37:16.193+0200] {logging_mixin.py:188} INFO - [2024-04-15T12:37:16.192+0200] {dagbag.py:538} INFO - Filling up the DagBag from /home/mahmoud/airflow/dags/execute_multiple_tasks.py
[2024-04-15T12:37:16.205+0200] {processor.py:840} INFO - DAG(s) 'execute_multiple_tasks' retrieved from /home/mahmoud/airflow/dags/execute_multiple_tasks.py
[2024-04-15T12:37:16.225+0200] {logging_mixin.py:188} INFO - [2024-04-15T12:37:16.224+0200] {dag.py:3033} INFO - Sync 1 DAGs
[2024-04-15T12:37:16.244+0200] {logging_mixin.py:188} INFO - [2024-04-15T12:37:16.244+0200] {dag.py:3820} INFO - Setting next_dagrun for execute_multiple_tasks to None, run_after=None
[2024-04-15T12:37:16.266+0200] {processor.py:183} INFO - Processing /home/mahmoud/airflow/dags/execute_multiple_tasks.py took 0.092 seconds
[2024-04-15T12:37:46.801+0200] {processor.py:161} INFO - Started process (PID=6499) to work on /home/mahmoud/airflow/dags/execute_multiple_tasks.py
[2024-04-15T12:37:46.802+0200] {processor.py:830} INFO - Processing file /home/mahmoud/airflow/dags/execute_multiple_tasks.py for tasks to queue
[2024-04-15T12:37:46.804+0200] {logging_mixin.py:188} INFO - [2024-04-15T12:37:46.803+0200] {dagbag.py:538} INFO - Filling up the DagBag from /home/mahmoud/airflow/dags/execute_multiple_tasks.py
[2024-04-15T12:37:46.815+0200] {processor.py:840} INFO - DAG(s) 'execute_multiple_tasks' retrieved from /home/mahmoud/airflow/dags/execute_multiple_tasks.py
[2024-04-15T12:37:46.834+0200] {logging_mixin.py:188} INFO - [2024-04-15T12:37:46.834+0200] {dag.py:3033} INFO - Sync 1 DAGs
[2024-04-15T12:37:46.859+0200] {logging_mixin.py:188} INFO - [2024-04-15T12:37:46.858+0200] {dag.py:3820} INFO - Setting next_dagrun for execute_multiple_tasks to None, run_after=None
[2024-04-15T12:37:46.895+0200] {processor.py:183} INFO - Processing /home/mahmoud/airflow/dags/execute_multiple_tasks.py took 0.098 seconds
[2024-04-15T12:38:17.456+0200] {processor.py:161} INFO - Started process (PID=6812) to work on /home/mahmoud/airflow/dags/execute_multiple_tasks.py
[2024-04-15T12:38:17.458+0200] {processor.py:830} INFO - Processing file /home/mahmoud/airflow/dags/execute_multiple_tasks.py for tasks to queue
[2024-04-15T12:38:17.459+0200] {logging_mixin.py:188} INFO - [2024-04-15T12:38:17.459+0200] {dagbag.py:538} INFO - Filling up the DagBag from /home/mahmoud/airflow/dags/execute_multiple_tasks.py
[2024-04-15T12:38:17.473+0200] {processor.py:840} INFO - DAG(s) 'execute_multiple_tasks' retrieved from /home/mahmoud/airflow/dags/execute_multiple_tasks.py
[2024-04-15T12:38:17.491+0200] {logging_mixin.py:188} INFO - [2024-04-15T12:38:17.490+0200] {dag.py:3033} INFO - Sync 1 DAGs
[2024-04-15T12:38:17.507+0200] {logging_mixin.py:188} INFO - [2024-04-15T12:38:17.507+0200] {dag.py:3820} INFO - Setting next_dagrun for execute_multiple_tasks to None, run_after=None
[2024-04-15T12:38:17.547+0200] {processor.py:183} INFO - Processing /home/mahmoud/airflow/dags/execute_multiple_tasks.py took 0.097 seconds
[2024-04-15T12:38:48.179+0200] {processor.py:161} INFO - Started process (PID=7105) to work on /home/mahmoud/airflow/dags/execute_multiple_tasks.py
[2024-04-15T12:38:48.180+0200] {processor.py:830} INFO - Processing file /home/mahmoud/airflow/dags/execute_multiple_tasks.py for tasks to queue
[2024-04-15T12:38:48.181+0200] {logging_mixin.py:188} INFO - [2024-04-15T12:38:48.181+0200] {dagbag.py:538} INFO - Filling up the DagBag from /home/mahmoud/airflow/dags/execute_multiple_tasks.py
[2024-04-15T12:38:48.195+0200] {processor.py:840} INFO - DAG(s) 'execute_multiple_tasks' retrieved from /home/mahmoud/airflow/dags/execute_multiple_tasks.py
[2024-04-15T12:38:48.214+0200] {logging_mixin.py:188} INFO - [2024-04-15T12:38:48.213+0200] {dag.py:3033} INFO - Sync 1 DAGs
[2024-04-15T12:38:48.232+0200] {logging_mixin.py:188} INFO - [2024-04-15T12:38:48.232+0200] {dag.py:3820} INFO - Setting next_dagrun for execute_multiple_tasks to None, run_after=None
[2024-04-15T12:38:48.272+0200] {processor.py:183} INFO - Processing /home/mahmoud/airflow/dags/execute_multiple_tasks.py took 0.097 seconds
[2024-04-15T12:39:18.837+0200] {processor.py:161} INFO - Started process (PID=7437) to work on /home/mahmoud/airflow/dags/execute_multiple_tasks.py
[2024-04-15T12:39:18.840+0200] {processor.py:830} INFO - Processing file /home/mahmoud/airflow/dags/execute_multiple_tasks.py for tasks to queue
[2024-04-15T12:39:18.842+0200] {logging_mixin.py:188} INFO - [2024-04-15T12:39:18.841+0200] {dagbag.py:538} INFO - Filling up the DagBag from /home/mahmoud/airflow/dags/execute_multiple_tasks.py
[2024-04-15T12:39:18.857+0200] {processor.py:840} INFO - DAG(s) 'execute_multiple_tasks' retrieved from /home/mahmoud/airflow/dags/execute_multiple_tasks.py
[2024-04-15T12:39:18.875+0200] {logging_mixin.py:188} INFO - [2024-04-15T12:39:18.875+0200] {dag.py:3033} INFO - Sync 1 DAGs
[2024-04-15T12:39:18.893+0200] {logging_mixin.py:188} INFO - [2024-04-15T12:39:18.892+0200] {dag.py:3820} INFO - Setting next_dagrun for execute_multiple_tasks to None, run_after=None
[2024-04-15T12:39:18.927+0200] {processor.py:183} INFO - Processing /home/mahmoud/airflow/dags/execute_multiple_tasks.py took 0.096 seconds
[2024-04-15T12:39:49.302+0200] {processor.py:161} INFO - Started process (PID=7763) to work on /home/mahmoud/airflow/dags/execute_multiple_tasks.py
[2024-04-15T12:39:49.303+0200] {processor.py:830} INFO - Processing file /home/mahmoud/airflow/dags/execute_multiple_tasks.py for tasks to queue
[2024-04-15T12:39:49.304+0200] {logging_mixin.py:188} INFO - [2024-04-15T12:39:49.304+0200] {dagbag.py:538} INFO - Filling up the DagBag from /home/mahmoud/airflow/dags/execute_multiple_tasks.py
[2024-04-15T12:39:49.314+0200] {processor.py:840} INFO - DAG(s) 'execute_multiple_tasks' retrieved from /home/mahmoud/airflow/dags/execute_multiple_tasks.py
[2024-04-15T12:39:49.331+0200] {logging_mixin.py:188} INFO - [2024-04-15T12:39:49.331+0200] {dag.py:3033} INFO - Sync 1 DAGs
[2024-04-15T12:39:49.349+0200] {logging_mixin.py:188} INFO - [2024-04-15T12:39:49.349+0200] {dag.py:3820} INFO - Setting next_dagrun for execute_multiple_tasks to None, run_after=None
[2024-04-15T12:39:49.371+0200] {processor.py:183} INFO - Processing /home/mahmoud/airflow/dags/execute_multiple_tasks.py took 0.072 seconds
[2024-04-15T12:40:19.937+0200] {processor.py:161} INFO - Started process (PID=8102) to work on /home/mahmoud/airflow/dags/execute_multiple_tasks.py
[2024-04-15T12:40:19.939+0200] {processor.py:830} INFO - Processing file /home/mahmoud/airflow/dags/execute_multiple_tasks.py for tasks to queue
[2024-04-15T12:40:19.940+0200] {logging_mixin.py:188} INFO - [2024-04-15T12:40:19.940+0200] {dagbag.py:538} INFO - Filling up the DagBag from /home/mahmoud/airflow/dags/execute_multiple_tasks.py
[2024-04-15T12:40:19.951+0200] {processor.py:840} INFO - DAG(s) 'execute_multiple_tasks' retrieved from /home/mahmoud/airflow/dags/execute_multiple_tasks.py
[2024-04-15T12:40:19.968+0200] {logging_mixin.py:188} INFO - [2024-04-15T12:40:19.968+0200] {dag.py:3033} INFO - Sync 1 DAGs
[2024-04-15T12:40:19.985+0200] {logging_mixin.py:188} INFO - [2024-04-15T12:40:19.985+0200] {dag.py:3820} INFO - Setting next_dagrun for execute_multiple_tasks to None, run_after=None
[2024-04-15T12:40:20.010+0200] {processor.py:183} INFO - Processing /home/mahmoud/airflow/dags/execute_multiple_tasks.py took 0.076 seconds
[2024-04-15T12:40:50.592+0200] {processor.py:161} INFO - Started process (PID=8519) to work on /home/mahmoud/airflow/dags/execute_multiple_tasks.py
[2024-04-15T12:40:50.594+0200] {processor.py:830} INFO - Processing file /home/mahmoud/airflow/dags/execute_multiple_tasks.py for tasks to queue
[2024-04-15T12:40:50.595+0200] {logging_mixin.py:188} INFO - [2024-04-15T12:40:50.595+0200] {dagbag.py:538} INFO - Filling up the DagBag from /home/mahmoud/airflow/dags/execute_multiple_tasks.py
[2024-04-15T12:40:50.613+0200] {processor.py:840} INFO - DAG(s) 'execute_multiple_tasks' retrieved from /home/mahmoud/airflow/dags/execute_multiple_tasks.py
[2024-04-15T12:40:50.649+0200] {logging_mixin.py:188} INFO - [2024-04-15T12:40:50.649+0200] {dag.py:3033} INFO - Sync 1 DAGs
[2024-04-15T12:40:50.679+0200] {logging_mixin.py:188} INFO - [2024-04-15T12:40:50.679+0200] {dag.py:3820} INFO - Setting next_dagrun for execute_multiple_tasks to None, run_after=None
[2024-04-15T12:40:50.710+0200] {processor.py:183} INFO - Processing /home/mahmoud/airflow/dags/execute_multiple_tasks.py took 0.122 seconds
[2024-04-15T12:41:21.176+0200] {processor.py:161} INFO - Started process (PID=8801) to work on /home/mahmoud/airflow/dags/execute_multiple_tasks.py
[2024-04-15T12:41:21.189+0200] {processor.py:830} INFO - Processing file /home/mahmoud/airflow/dags/execute_multiple_tasks.py for tasks to queue
[2024-04-15T12:41:21.191+0200] {logging_mixin.py:188} INFO - [2024-04-15T12:41:21.190+0200] {dagbag.py:538} INFO - Filling up the DagBag from /home/mahmoud/airflow/dags/execute_multiple_tasks.py
[2024-04-15T12:41:21.209+0200] {processor.py:840} INFO - DAG(s) 'execute_multiple_tasks' retrieved from /home/mahmoud/airflow/dags/execute_multiple_tasks.py
[2024-04-15T12:41:21.228+0200] {logging_mixin.py:188} INFO - [2024-04-15T12:41:21.228+0200] {dag.py:3033} INFO - Sync 1 DAGs
[2024-04-15T12:41:21.245+0200] {logging_mixin.py:188} INFO - [2024-04-15T12:41:21.245+0200] {dag.py:3820} INFO - Setting next_dagrun for execute_multiple_tasks to None, run_after=None
[2024-04-15T12:41:21.276+0200] {processor.py:183} INFO - Processing /home/mahmoud/airflow/dags/execute_multiple_tasks.py took 0.107 seconds
[2024-04-15T12:41:51.791+0200] {processor.py:161} INFO - Started process (PID=9037) to work on /home/mahmoud/airflow/dags/execute_multiple_tasks.py
[2024-04-15T12:41:51.795+0200] {processor.py:830} INFO - Processing file /home/mahmoud/airflow/dags/execute_multiple_tasks.py for tasks to queue
[2024-04-15T12:41:51.796+0200] {logging_mixin.py:188} INFO - [2024-04-15T12:41:51.796+0200] {dagbag.py:538} INFO - Filling up the DagBag from /home/mahmoud/airflow/dags/execute_multiple_tasks.py
[2024-04-15T12:41:51.812+0200] {processor.py:840} INFO - DAG(s) 'execute_multiple_tasks' retrieved from /home/mahmoud/airflow/dags/execute_multiple_tasks.py
[2024-04-15T12:41:51.831+0200] {logging_mixin.py:188} INFO - [2024-04-15T12:41:51.831+0200] {dag.py:3033} INFO - Sync 1 DAGs
[2024-04-15T12:41:51.849+0200] {logging_mixin.py:188} INFO - [2024-04-15T12:41:51.849+0200] {dag.py:3820} INFO - Setting next_dagrun for execute_multiple_tasks to None, run_after=None
[2024-04-15T12:41:51.882+0200] {processor.py:183} INFO - Processing /home/mahmoud/airflow/dags/execute_multiple_tasks.py took 0.098 seconds
[2024-04-15T12:42:22.540+0200] {processor.py:161} INFO - Started process (PID=9266) to work on /home/mahmoud/airflow/dags/execute_multiple_tasks.py
[2024-04-15T12:42:22.552+0200] {processor.py:830} INFO - Processing file /home/mahmoud/airflow/dags/execute_multiple_tasks.py for tasks to queue
[2024-04-15T12:42:22.553+0200] {logging_mixin.py:188} INFO - [2024-04-15T12:42:22.553+0200] {dagbag.py:538} INFO - Filling up the DagBag from /home/mahmoud/airflow/dags/execute_multiple_tasks.py
[2024-04-15T12:42:22.566+0200] {processor.py:840} INFO - DAG(s) 'execute_multiple_tasks' retrieved from /home/mahmoud/airflow/dags/execute_multiple_tasks.py
[2024-04-15T12:42:22.585+0200] {logging_mixin.py:188} INFO - [2024-04-15T12:42:22.584+0200] {dag.py:3033} INFO - Sync 1 DAGs
[2024-04-15T12:42:22.600+0200] {logging_mixin.py:188} INFO - [2024-04-15T12:42:22.599+0200] {dag.py:3820} INFO - Setting next_dagrun for execute_multiple_tasks to None, run_after=None
[2024-04-15T12:42:22.637+0200] {processor.py:183} INFO - Processing /home/mahmoud/airflow/dags/execute_multiple_tasks.py took 0.102 seconds
[2024-04-15T12:42:53.115+0200] {processor.py:161} INFO - Started process (PID=9521) to work on /home/mahmoud/airflow/dags/execute_multiple_tasks.py
[2024-04-15T12:42:53.116+0200] {processor.py:830} INFO - Processing file /home/mahmoud/airflow/dags/execute_multiple_tasks.py for tasks to queue
[2024-04-15T12:42:53.118+0200] {logging_mixin.py:188} INFO - [2024-04-15T12:42:53.117+0200] {dagbag.py:538} INFO - Filling up the DagBag from /home/mahmoud/airflow/dags/execute_multiple_tasks.py
[2024-04-15T12:42:53.133+0200] {processor.py:840} INFO - DAG(s) 'execute_multiple_tasks' retrieved from /home/mahmoud/airflow/dags/execute_multiple_tasks.py
[2024-04-15T12:42:53.152+0200] {logging_mixin.py:188} INFO - [2024-04-15T12:42:53.152+0200] {dag.py:3033} INFO - Sync 1 DAGs
[2024-04-15T12:42:53.169+0200] {logging_mixin.py:188} INFO - [2024-04-15T12:42:53.169+0200] {dag.py:3820} INFO - Setting next_dagrun for execute_multiple_tasks to None, run_after=None
[2024-04-15T12:42:53.200+0200] {processor.py:183} INFO - Processing /home/mahmoud/airflow/dags/execute_multiple_tasks.py took 0.092 seconds
[2024-04-15T12:43:23.816+0200] {processor.py:161} INFO - Started process (PID=9803) to work on /home/mahmoud/airflow/dags/execute_multiple_tasks.py
[2024-04-15T12:43:23.819+0200] {processor.py:830} INFO - Processing file /home/mahmoud/airflow/dags/execute_multiple_tasks.py for tasks to queue
[2024-04-15T12:43:23.820+0200] {logging_mixin.py:188} INFO - [2024-04-15T12:43:23.820+0200] {dagbag.py:538} INFO - Filling up the DagBag from /home/mahmoud/airflow/dags/execute_multiple_tasks.py
[2024-04-15T12:43:23.832+0200] {processor.py:840} INFO - DAG(s) 'execute_multiple_tasks' retrieved from /home/mahmoud/airflow/dags/execute_multiple_tasks.py
[2024-04-15T12:43:23.849+0200] {logging_mixin.py:188} INFO - [2024-04-15T12:43:23.848+0200] {dag.py:3033} INFO - Sync 1 DAGs
[2024-04-15T12:43:23.865+0200] {logging_mixin.py:188} INFO - [2024-04-15T12:43:23.865+0200] {dag.py:3820} INFO - Setting next_dagrun for execute_multiple_tasks to None, run_after=None
[2024-04-15T12:43:23.906+0200] {processor.py:183} INFO - Processing /home/mahmoud/airflow/dags/execute_multiple_tasks.py took 0.098 seconds
[2024-04-15T12:43:54.389+0200] {processor.py:161} INFO - Started process (PID=10039) to work on /home/mahmoud/airflow/dags/execute_multiple_tasks.py
[2024-04-15T12:43:54.393+0200] {processor.py:830} INFO - Processing file /home/mahmoud/airflow/dags/execute_multiple_tasks.py for tasks to queue
[2024-04-15T12:43:54.396+0200] {logging_mixin.py:188} INFO - [2024-04-15T12:43:54.395+0200] {dagbag.py:538} INFO - Filling up the DagBag from /home/mahmoud/airflow/dags/execute_multiple_tasks.py
[2024-04-15T12:43:54.416+0200] {processor.py:840} INFO - DAG(s) 'execute_multiple_tasks' retrieved from /home/mahmoud/airflow/dags/execute_multiple_tasks.py
[2024-04-15T12:43:54.437+0200] {logging_mixin.py:188} INFO - [2024-04-15T12:43:54.437+0200] {dag.py:3033} INFO - Sync 1 DAGs
[2024-04-15T12:43:54.454+0200] {logging_mixin.py:188} INFO - [2024-04-15T12:43:54.454+0200] {dag.py:3820} INFO - Setting next_dagrun for execute_multiple_tasks to None, run_after=None
[2024-04-15T12:43:54.484+0200] {processor.py:183} INFO - Processing /home/mahmoud/airflow/dags/execute_multiple_tasks.py took 0.104 seconds
[2024-04-15T12:44:25.402+0200] {processor.py:161} INFO - Started process (PID=10275) to work on /home/mahmoud/airflow/dags/execute_multiple_tasks.py
[2024-04-15T12:44:25.457+0200] {processor.py:830} INFO - Processing file /home/mahmoud/airflow/dags/execute_multiple_tasks.py for tasks to queue
[2024-04-15T12:44:25.458+0200] {logging_mixin.py:188} INFO - [2024-04-15T12:44:25.458+0200] {dagbag.py:538} INFO - Filling up the DagBag from /home/mahmoud/airflow/dags/execute_multiple_tasks.py
[2024-04-15T12:44:25.468+0200] {processor.py:840} INFO - DAG(s) 'execute_multiple_tasks' retrieved from /home/mahmoud/airflow/dags/execute_multiple_tasks.py
[2024-04-15T12:44:25.484+0200] {logging_mixin.py:188} INFO - [2024-04-15T12:44:25.484+0200] {dag.py:3033} INFO - Sync 1 DAGs
[2024-04-15T12:44:25.502+0200] {logging_mixin.py:188} INFO - [2024-04-15T12:44:25.502+0200] {dag.py:3820} INFO - Setting next_dagrun for execute_multiple_tasks to None, run_after=None
[2024-04-15T12:44:25.545+0200] {processor.py:183} INFO - Processing /home/mahmoud/airflow/dags/execute_multiple_tasks.py took 0.147 seconds
[2024-04-15T12:44:56.063+0200] {processor.py:161} INFO - Started process (PID=10512) to work on /home/mahmoud/airflow/dags/execute_multiple_tasks.py
[2024-04-15T12:44:56.074+0200] {processor.py:830} INFO - Processing file /home/mahmoud/airflow/dags/execute_multiple_tasks.py for tasks to queue
[2024-04-15T12:44:56.076+0200] {logging_mixin.py:188} INFO - [2024-04-15T12:44:56.075+0200] {dagbag.py:538} INFO - Filling up the DagBag from /home/mahmoud/airflow/dags/execute_multiple_tasks.py
[2024-04-15T12:44:56.087+0200] {processor.py:840} INFO - DAG(s) 'execute_multiple_tasks' retrieved from /home/mahmoud/airflow/dags/execute_multiple_tasks.py
[2024-04-15T12:44:56.104+0200] {logging_mixin.py:188} INFO - [2024-04-15T12:44:56.104+0200] {dag.py:3033} INFO - Sync 1 DAGs
[2024-04-15T12:44:56.123+0200] {logging_mixin.py:188} INFO - [2024-04-15T12:44:56.122+0200] {dag.py:3820} INFO - Setting next_dagrun for execute_multiple_tasks to None, run_after=None
[2024-04-15T12:44:56.159+0200] {processor.py:183} INFO - Processing /home/mahmoud/airflow/dags/execute_multiple_tasks.py took 0.099 seconds
[2024-04-15T12:45:26.750+0200] {processor.py:161} INFO - Started process (PID=10773) to work on /home/mahmoud/airflow/dags/execute_multiple_tasks.py
[2024-04-15T12:45:26.752+0200] {processor.py:830} INFO - Processing file /home/mahmoud/airflow/dags/execute_multiple_tasks.py for tasks to queue
[2024-04-15T12:45:26.753+0200] {logging_mixin.py:188} INFO - [2024-04-15T12:45:26.753+0200] {dagbag.py:538} INFO - Filling up the DagBag from /home/mahmoud/airflow/dags/execute_multiple_tasks.py
[2024-04-15T12:45:26.766+0200] {processor.py:840} INFO - DAG(s) 'execute_multiple_tasks' retrieved from /home/mahmoud/airflow/dags/execute_multiple_tasks.py
[2024-04-15T12:45:26.784+0200] {logging_mixin.py:188} INFO - [2024-04-15T12:45:26.784+0200] {dag.py:3033} INFO - Sync 1 DAGs
[2024-04-15T12:45:26.802+0200] {logging_mixin.py:188} INFO - [2024-04-15T12:45:26.801+0200] {dag.py:3820} INFO - Setting next_dagrun for execute_multiple_tasks to None, run_after=None
[2024-04-15T12:45:26.835+0200] {processor.py:183} INFO - Processing /home/mahmoud/airflow/dags/execute_multiple_tasks.py took 0.090 seconds
[2024-04-15T12:45:57.463+0200] {processor.py:161} INFO - Started process (PID=11009) to work on /home/mahmoud/airflow/dags/execute_multiple_tasks.py
[2024-04-15T12:45:57.465+0200] {processor.py:830} INFO - Processing file /home/mahmoud/airflow/dags/execute_multiple_tasks.py for tasks to queue
[2024-04-15T12:45:57.466+0200] {logging_mixin.py:188} INFO - [2024-04-15T12:45:57.465+0200] {dagbag.py:538} INFO - Filling up the DagBag from /home/mahmoud/airflow/dags/execute_multiple_tasks.py
[2024-04-15T12:45:57.475+0200] {processor.py:840} INFO - DAG(s) 'execute_multiple_tasks' retrieved from /home/mahmoud/airflow/dags/execute_multiple_tasks.py
[2024-04-15T12:45:57.493+0200] {logging_mixin.py:188} INFO - [2024-04-15T12:45:57.493+0200] {dag.py:3033} INFO - Sync 1 DAGs
[2024-04-15T12:45:57.511+0200] {logging_mixin.py:188} INFO - [2024-04-15T12:45:57.511+0200] {dag.py:3820} INFO - Setting next_dagrun for execute_multiple_tasks to None, run_after=None
[2024-04-15T12:45:57.537+0200] {processor.py:183} INFO - Processing /home/mahmoud/airflow/dags/execute_multiple_tasks.py took 0.077 seconds
[2024-04-15T12:46:28.133+0200] {processor.py:161} INFO - Started process (PID=11245) to work on /home/mahmoud/airflow/dags/execute_multiple_tasks.py
[2024-04-15T12:46:28.135+0200] {processor.py:830} INFO - Processing file /home/mahmoud/airflow/dags/execute_multiple_tasks.py for tasks to queue
[2024-04-15T12:46:28.137+0200] {logging_mixin.py:188} INFO - [2024-04-15T12:46:28.136+0200] {dagbag.py:538} INFO - Filling up the DagBag from /home/mahmoud/airflow/dags/execute_multiple_tasks.py
[2024-04-15T12:46:28.153+0200] {processor.py:840} INFO - DAG(s) 'execute_multiple_tasks' retrieved from /home/mahmoud/airflow/dags/execute_multiple_tasks.py
[2024-04-15T12:46:28.170+0200] {logging_mixin.py:188} INFO - [2024-04-15T12:46:28.170+0200] {dag.py:3033} INFO - Sync 1 DAGs
[2024-04-15T12:46:28.187+0200] {logging_mixin.py:188} INFO - [2024-04-15T12:46:28.187+0200] {dag.py:3820} INFO - Setting next_dagrun for execute_multiple_tasks to None, run_after=None
[2024-04-15T12:46:28.221+0200] {processor.py:183} INFO - Processing /home/mahmoud/airflow/dags/execute_multiple_tasks.py took 0.096 seconds
[2024-04-15T12:46:58.966+0200] {processor.py:161} INFO - Started process (PID=11482) to work on /home/mahmoud/airflow/dags/execute_multiple_tasks.py
[2024-04-15T12:46:58.968+0200] {processor.py:830} INFO - Processing file /home/mahmoud/airflow/dags/execute_multiple_tasks.py for tasks to queue
[2024-04-15T12:46:58.969+0200] {logging_mixin.py:188} INFO - [2024-04-15T12:46:58.968+0200] {dagbag.py:538} INFO - Filling up the DagBag from /home/mahmoud/airflow/dags/execute_multiple_tasks.py
[2024-04-15T12:46:58.980+0200] {processor.py:840} INFO - DAG(s) 'execute_multiple_tasks' retrieved from /home/mahmoud/airflow/dags/execute_multiple_tasks.py
[2024-04-15T12:46:58.996+0200] {logging_mixin.py:188} INFO - [2024-04-15T12:46:58.996+0200] {dag.py:3033} INFO - Sync 1 DAGs
[2024-04-15T12:46:59.013+0200] {logging_mixin.py:188} INFO - [2024-04-15T12:46:59.013+0200] {dag.py:3820} INFO - Setting next_dagrun for execute_multiple_tasks to None, run_after=None
[2024-04-15T12:46:59.032+0200] {processor.py:183} INFO - Processing /home/mahmoud/airflow/dags/execute_multiple_tasks.py took 0.069 seconds
[2024-04-15T12:47:29.574+0200] {processor.py:161} INFO - Started process (PID=11718) to work on /home/mahmoud/airflow/dags/execute_multiple_tasks.py
[2024-04-15T12:47:29.575+0200] {processor.py:830} INFO - Processing file /home/mahmoud/airflow/dags/execute_multiple_tasks.py for tasks to queue
[2024-04-15T12:47:29.577+0200] {logging_mixin.py:188} INFO - [2024-04-15T12:47:29.576+0200] {dagbag.py:538} INFO - Filling up the DagBag from /home/mahmoud/airflow/dags/execute_multiple_tasks.py
[2024-04-15T12:47:29.591+0200] {processor.py:840} INFO - DAG(s) 'execute_multiple_tasks' retrieved from /home/mahmoud/airflow/dags/execute_multiple_tasks.py
[2024-04-15T12:47:29.609+0200] {logging_mixin.py:188} INFO - [2024-04-15T12:47:29.609+0200] {dag.py:3033} INFO - Sync 1 DAGs
[2024-04-15T12:47:29.628+0200] {logging_mixin.py:188} INFO - [2024-04-15T12:47:29.627+0200] {dag.py:3820} INFO - Setting next_dagrun for execute_multiple_tasks to None, run_after=None
[2024-04-15T12:47:29.670+0200] {processor.py:183} INFO - Processing /home/mahmoud/airflow/dags/execute_multiple_tasks.py took 0.101 seconds
[2024-04-15T12:48:00.222+0200] {processor.py:161} INFO - Started process (PID=11954) to work on /home/mahmoud/airflow/dags/execute_multiple_tasks.py
[2024-04-15T12:48:00.224+0200] {processor.py:830} INFO - Processing file /home/mahmoud/airflow/dags/execute_multiple_tasks.py for tasks to queue
[2024-04-15T12:48:00.226+0200] {logging_mixin.py:188} INFO - [2024-04-15T12:48:00.225+0200] {dagbag.py:538} INFO - Filling up the DagBag from /home/mahmoud/airflow/dags/execute_multiple_tasks.py
[2024-04-15T12:48:00.241+0200] {processor.py:840} INFO - DAG(s) 'execute_multiple_tasks' retrieved from /home/mahmoud/airflow/dags/execute_multiple_tasks.py
[2024-04-15T12:48:00.262+0200] {logging_mixin.py:188} INFO - [2024-04-15T12:48:00.261+0200] {dag.py:3033} INFO - Sync 1 DAGs
[2024-04-15T12:48:00.279+0200] {logging_mixin.py:188} INFO - [2024-04-15T12:48:00.279+0200] {dag.py:3820} INFO - Setting next_dagrun for execute_multiple_tasks to None, run_after=None
[2024-04-15T12:48:00.325+0200] {processor.py:183} INFO - Processing /home/mahmoud/airflow/dags/execute_multiple_tasks.py took 0.109 seconds
[2024-04-15T12:48:32.025+0200] {processor.py:161} INFO - Started process (PID=12193) to work on /home/mahmoud/airflow/dags/execute_multiple_tasks.py
[2024-04-15T12:48:32.027+0200] {processor.py:830} INFO - Processing file /home/mahmoud/airflow/dags/execute_multiple_tasks.py for tasks to queue
[2024-04-15T12:48:32.028+0200] {logging_mixin.py:188} INFO - [2024-04-15T12:48:32.028+0200] {dagbag.py:538} INFO - Filling up the DagBag from /home/mahmoud/airflow/dags/execute_multiple_tasks.py
[2024-04-15T12:48:32.040+0200] {processor.py:840} INFO - DAG(s) 'execute_multiple_tasks' retrieved from /home/mahmoud/airflow/dags/execute_multiple_tasks.py
[2024-04-15T12:48:32.058+0200] {logging_mixin.py:188} INFO - [2024-04-15T12:48:32.058+0200] {dag.py:3033} INFO - Sync 1 DAGs
[2024-04-15T12:48:32.076+0200] {logging_mixin.py:188} INFO - [2024-04-15T12:48:32.075+0200] {dag.py:3820} INFO - Setting next_dagrun for execute_multiple_tasks to None, run_after=None
[2024-04-15T12:48:32.113+0200] {processor.py:183} INFO - Processing /home/mahmoud/airflow/dags/execute_multiple_tasks.py took 0.093 seconds
[2024-04-15T12:49:02.669+0200] {processor.py:161} INFO - Started process (PID=12429) to work on /home/mahmoud/airflow/dags/execute_multiple_tasks.py
[2024-04-15T12:49:02.670+0200] {processor.py:830} INFO - Processing file /home/mahmoud/airflow/dags/execute_multiple_tasks.py for tasks to queue
[2024-04-15T12:49:02.671+0200] {logging_mixin.py:188} INFO - [2024-04-15T12:49:02.671+0200] {dagbag.py:538} INFO - Filling up the DagBag from /home/mahmoud/airflow/dags/execute_multiple_tasks.py
[2024-04-15T12:49:02.684+0200] {processor.py:840} INFO - DAG(s) 'execute_multiple_tasks' retrieved from /home/mahmoud/airflow/dags/execute_multiple_tasks.py
[2024-04-15T12:49:02.702+0200] {logging_mixin.py:188} INFO - [2024-04-15T12:49:02.702+0200] {dag.py:3033} INFO - Sync 1 DAGs
[2024-04-15T12:49:02.717+0200] {logging_mixin.py:188} INFO - [2024-04-15T12:49:02.717+0200] {dag.py:3820} INFO - Setting next_dagrun for execute_multiple_tasks to None, run_after=None
[2024-04-15T12:49:02.748+0200] {processor.py:183} INFO - Processing /home/mahmoud/airflow/dags/execute_multiple_tasks.py took 0.085 seconds
[2024-04-15T12:49:33.274+0200] {processor.py:161} INFO - Started process (PID=12657) to work on /home/mahmoud/airflow/dags/execute_multiple_tasks.py
[2024-04-15T12:49:33.286+0200] {processor.py:830} INFO - Processing file /home/mahmoud/airflow/dags/execute_multiple_tasks.py for tasks to queue
[2024-04-15T12:49:33.288+0200] {logging_mixin.py:188} INFO - [2024-04-15T12:49:33.287+0200] {dagbag.py:538} INFO - Filling up the DagBag from /home/mahmoud/airflow/dags/execute_multiple_tasks.py
[2024-04-15T12:49:33.305+0200] {processor.py:840} INFO - DAG(s) 'execute_multiple_tasks' retrieved from /home/mahmoud/airflow/dags/execute_multiple_tasks.py
[2024-04-15T12:49:33.325+0200] {logging_mixin.py:188} INFO - [2024-04-15T12:49:33.324+0200] {dag.py:3033} INFO - Sync 1 DAGs
[2024-04-15T12:49:33.342+0200] {logging_mixin.py:188} INFO - [2024-04-15T12:49:33.342+0200] {dag.py:3820} INFO - Setting next_dagrun for execute_multiple_tasks to None, run_after=None
[2024-04-15T12:49:33.377+0200] {processor.py:183} INFO - Processing /home/mahmoud/airflow/dags/execute_multiple_tasks.py took 0.111 seconds
[2024-04-15T12:50:05.325+0200] {processor.py:161} INFO - Started process (PID=12907) to work on /home/mahmoud/airflow/dags/execute_multiple_tasks.py
[2024-04-15T12:50:05.327+0200] {processor.py:830} INFO - Processing file /home/mahmoud/airflow/dags/execute_multiple_tasks.py for tasks to queue
[2024-04-15T12:50:05.328+0200] {logging_mixin.py:188} INFO - [2024-04-15T12:50:05.328+0200] {dagbag.py:538} INFO - Filling up the DagBag from /home/mahmoud/airflow/dags/execute_multiple_tasks.py
[2024-04-15T12:50:05.337+0200] {processor.py:840} INFO - DAG(s) 'execute_multiple_tasks' retrieved from /home/mahmoud/airflow/dags/execute_multiple_tasks.py
[2024-04-15T12:50:05.353+0200] {logging_mixin.py:188} INFO - [2024-04-15T12:50:05.353+0200] {dag.py:3033} INFO - Sync 1 DAGs
[2024-04-15T12:50:05.370+0200] {logging_mixin.py:188} INFO - [2024-04-15T12:50:05.370+0200] {dag.py:3820} INFO - Setting next_dagrun for execute_multiple_tasks to None, run_after=None
[2024-04-15T12:50:05.389+0200] {processor.py:183} INFO - Processing /home/mahmoud/airflow/dags/execute_multiple_tasks.py took 0.066 seconds
[2024-04-15T12:50:36.353+0200] {processor.py:161} INFO - Started process (PID=13172) to work on /home/mahmoud/airflow/dags/execute_multiple_tasks.py
[2024-04-15T12:50:36.354+0200] {processor.py:830} INFO - Processing file /home/mahmoud/airflow/dags/execute_multiple_tasks.py for tasks to queue
[2024-04-15T12:50:36.355+0200] {logging_mixin.py:188} INFO - [2024-04-15T12:50:36.355+0200] {dagbag.py:538} INFO - Filling up the DagBag from /home/mahmoud/airflow/dags/execute_multiple_tasks.py
[2024-04-15T12:50:36.366+0200] {processor.py:840} INFO - DAG(s) 'execute_multiple_tasks' retrieved from /home/mahmoud/airflow/dags/execute_multiple_tasks.py
[2024-04-15T12:50:36.385+0200] {logging_mixin.py:188} INFO - [2024-04-15T12:50:36.384+0200] {dag.py:3033} INFO - Sync 1 DAGs
[2024-04-15T12:50:36.406+0200] {logging_mixin.py:188} INFO - [2024-04-15T12:50:36.405+0200] {dag.py:3820} INFO - Setting next_dagrun for execute_multiple_tasks to None, run_after=None
[2024-04-15T12:50:36.448+0200] {processor.py:183} INFO - Processing /home/mahmoud/airflow/dags/execute_multiple_tasks.py took 0.100 seconds
[2024-04-15T12:51:07.363+0200] {processor.py:161} INFO - Started process (PID=13409) to work on /home/mahmoud/airflow/dags/execute_multiple_tasks.py
[2024-04-15T12:51:07.366+0200] {processor.py:830} INFO - Processing file /home/mahmoud/airflow/dags/execute_multiple_tasks.py for tasks to queue
[2024-04-15T12:51:07.367+0200] {logging_mixin.py:188} INFO - [2024-04-15T12:51:07.367+0200] {dagbag.py:538} INFO - Filling up the DagBag from /home/mahmoud/airflow/dags/execute_multiple_tasks.py
[2024-04-15T12:51:07.381+0200] {processor.py:840} INFO - DAG(s) 'execute_multiple_tasks' retrieved from /home/mahmoud/airflow/dags/execute_multiple_tasks.py
[2024-04-15T12:51:07.399+0200] {logging_mixin.py:188} INFO - [2024-04-15T12:51:07.399+0200] {dag.py:3033} INFO - Sync 1 DAGs
[2024-04-15T12:51:07.417+0200] {logging_mixin.py:188} INFO - [2024-04-15T12:51:07.417+0200] {dag.py:3820} INFO - Setting next_dagrun for execute_multiple_tasks to None, run_after=None
[2024-04-15T12:51:07.453+0200] {processor.py:183} INFO - Processing /home/mahmoud/airflow/dags/execute_multiple_tasks.py took 0.096 seconds
[2024-04-15T12:51:38.112+0200] {processor.py:161} INFO - Started process (PID=13644) to work on /home/mahmoud/airflow/dags/execute_multiple_tasks.py
[2024-04-15T12:51:38.113+0200] {processor.py:830} INFO - Processing file /home/mahmoud/airflow/dags/execute_multiple_tasks.py for tasks to queue
[2024-04-15T12:51:38.115+0200] {logging_mixin.py:188} INFO - [2024-04-15T12:51:38.114+0200] {dagbag.py:538} INFO - Filling up the DagBag from /home/mahmoud/airflow/dags/execute_multiple_tasks.py
[2024-04-15T12:51:38.127+0200] {processor.py:840} INFO - DAG(s) 'execute_multiple_tasks' retrieved from /home/mahmoud/airflow/dags/execute_multiple_tasks.py
[2024-04-15T12:51:38.144+0200] {logging_mixin.py:188} INFO - [2024-04-15T12:51:38.143+0200] {dag.py:3033} INFO - Sync 1 DAGs
[2024-04-15T12:51:38.161+0200] {logging_mixin.py:188} INFO - [2024-04-15T12:51:38.160+0200] {dag.py:3820} INFO - Setting next_dagrun for execute_multiple_tasks to None, run_after=None
[2024-04-15T12:51:38.185+0200] {processor.py:183} INFO - Processing /home/mahmoud/airflow/dags/execute_multiple_tasks.py took 0.079 seconds
[2024-04-15T12:52:09.083+0200] {processor.py:161} INFO - Started process (PID=13881) to work on /home/mahmoud/airflow/dags/execute_multiple_tasks.py
[2024-04-15T12:52:09.085+0200] {processor.py:830} INFO - Processing file /home/mahmoud/airflow/dags/execute_multiple_tasks.py for tasks to queue
[2024-04-15T12:52:09.087+0200] {logging_mixin.py:188} INFO - [2024-04-15T12:52:09.086+0200] {dagbag.py:538} INFO - Filling up the DagBag from /home/mahmoud/airflow/dags/execute_multiple_tasks.py
[2024-04-15T12:52:09.099+0200] {processor.py:840} INFO - DAG(s) 'execute_multiple_tasks' retrieved from /home/mahmoud/airflow/dags/execute_multiple_tasks.py
[2024-04-15T12:52:09.116+0200] {logging_mixin.py:188} INFO - [2024-04-15T12:52:09.116+0200] {dag.py:3033} INFO - Sync 1 DAGs
[2024-04-15T12:52:09.133+0200] {logging_mixin.py:188} INFO - [2024-04-15T12:52:09.133+0200] {dag.py:3820} INFO - Setting next_dagrun for execute_multiple_tasks to None, run_after=None
[2024-04-15T12:52:09.172+0200] {processor.py:183} INFO - Processing /home/mahmoud/airflow/dags/execute_multiple_tasks.py took 0.096 seconds
[2024-04-15T12:52:39.688+0200] {processor.py:161} INFO - Started process (PID=14110) to work on /home/mahmoud/airflow/dags/execute_multiple_tasks.py
[2024-04-15T12:52:39.689+0200] {processor.py:830} INFO - Processing file /home/mahmoud/airflow/dags/execute_multiple_tasks.py for tasks to queue
[2024-04-15T12:52:39.691+0200] {logging_mixin.py:188} INFO - [2024-04-15T12:52:39.690+0200] {dagbag.py:538} INFO - Filling up the DagBag from /home/mahmoud/airflow/dags/execute_multiple_tasks.py
[2024-04-15T12:52:39.704+0200] {processor.py:840} INFO - DAG(s) 'execute_multiple_tasks' retrieved from /home/mahmoud/airflow/dags/execute_multiple_tasks.py
[2024-04-15T12:52:39.722+0200] {logging_mixin.py:188} INFO - [2024-04-15T12:52:39.722+0200] {dag.py:3033} INFO - Sync 1 DAGs
[2024-04-15T12:52:39.739+0200] {logging_mixin.py:188} INFO - [2024-04-15T12:52:39.739+0200] {dag.py:3820} INFO - Setting next_dagrun for execute_multiple_tasks to None, run_after=None
[2024-04-15T12:52:39.762+0200] {processor.py:183} INFO - Processing /home/mahmoud/airflow/dags/execute_multiple_tasks.py took 0.082 seconds
[2024-04-15T12:53:10.709+0200] {processor.py:161} INFO - Started process (PID=14348) to work on /home/mahmoud/airflow/dags/execute_multiple_tasks.py
[2024-04-15T12:53:10.712+0200] {processor.py:830} INFO - Processing file /home/mahmoud/airflow/dags/execute_multiple_tasks.py for tasks to queue
[2024-04-15T12:53:10.714+0200] {logging_mixin.py:188} INFO - [2024-04-15T12:53:10.713+0200] {dagbag.py:538} INFO - Filling up the DagBag from /home/mahmoud/airflow/dags/execute_multiple_tasks.py
[2024-04-15T12:53:10.728+0200] {processor.py:840} INFO - DAG(s) 'execute_multiple_tasks' retrieved from /home/mahmoud/airflow/dags/execute_multiple_tasks.py
[2024-04-15T12:53:10.745+0200] {logging_mixin.py:188} INFO - [2024-04-15T12:53:10.745+0200] {dag.py:3033} INFO - Sync 1 DAGs
[2024-04-15T12:53:10.762+0200] {logging_mixin.py:188} INFO - [2024-04-15T12:53:10.762+0200] {dag.py:3820} INFO - Setting next_dagrun for execute_multiple_tasks to None, run_after=None
[2024-04-15T12:53:10.797+0200] {processor.py:183} INFO - Processing /home/mahmoud/airflow/dags/execute_multiple_tasks.py took 0.096 seconds
[2024-04-15T12:53:41.075+0200] {processor.py:161} INFO - Started process (PID=14584) to work on /home/mahmoud/airflow/dags/execute_multiple_tasks.py
[2024-04-15T12:53:41.077+0200] {processor.py:830} INFO - Processing file /home/mahmoud/airflow/dags/execute_multiple_tasks.py for tasks to queue
[2024-04-15T12:53:41.078+0200] {logging_mixin.py:188} INFO - [2024-04-15T12:53:41.078+0200] {dagbag.py:538} INFO - Filling up the DagBag from /home/mahmoud/airflow/dags/execute_multiple_tasks.py
[2024-04-15T12:53:41.088+0200] {processor.py:840} INFO - DAG(s) 'execute_multiple_tasks' retrieved from /home/mahmoud/airflow/dags/execute_multiple_tasks.py
[2024-04-15T12:53:41.105+0200] {logging_mixin.py:188} INFO - [2024-04-15T12:53:41.105+0200] {dag.py:3033} INFO - Sync 1 DAGs
[2024-04-15T12:53:41.123+0200] {logging_mixin.py:188} INFO - [2024-04-15T12:53:41.123+0200] {dag.py:3820} INFO - Setting next_dagrun for execute_multiple_tasks to None, run_after=None
[2024-04-15T12:53:41.150+0200] {processor.py:183} INFO - Processing /home/mahmoud/airflow/dags/execute_multiple_tasks.py took 0.080 seconds
[2024-04-15T12:54:13.047+0200] {processor.py:161} INFO - Started process (PID=14825) to work on /home/mahmoud/airflow/dags/execute_multiple_tasks.py
[2024-04-15T12:54:13.056+0200] {processor.py:830} INFO - Processing file /home/mahmoud/airflow/dags/execute_multiple_tasks.py for tasks to queue
[2024-04-15T12:54:13.064+0200] {logging_mixin.py:188} INFO - [2024-04-15T12:54:13.061+0200] {dagbag.py:538} INFO - Filling up the DagBag from /home/mahmoud/airflow/dags/execute_multiple_tasks.py
[2024-04-15T12:54:13.144+0200] {processor.py:840} INFO - DAG(s) 'execute_multiple_tasks' retrieved from /home/mahmoud/airflow/dags/execute_multiple_tasks.py
[2024-04-15T12:54:13.291+0200] {logging_mixin.py:188} INFO - [2024-04-15T12:54:13.289+0200] {dag.py:3033} INFO - Sync 1 DAGs
[2024-04-15T12:54:13.444+0200] {logging_mixin.py:188} INFO - [2024-04-15T12:54:13.443+0200] {dag.py:3820} INFO - Setting next_dagrun for execute_multiple_tasks to None, run_after=None
[2024-04-15T12:54:13.594+0200] {processor.py:183} INFO - Processing /home/mahmoud/airflow/dags/execute_multiple_tasks.py took 0.570 seconds
[2024-04-15T12:55:04.962+0200] {processor.py:161} INFO - Started process (PID=15143) to work on /home/mahmoud/airflow/dags/execute_multiple_tasks.py
[2024-04-15T12:55:04.986+0200] {processor.py:830} INFO - Processing file /home/mahmoud/airflow/dags/execute_multiple_tasks.py for tasks to queue
[2024-04-15T12:55:04.996+0200] {logging_mixin.py:188} INFO - [2024-04-15T12:55:04.993+0200] {dagbag.py:538} INFO - Filling up the DagBag from /home/mahmoud/airflow/dags/execute_multiple_tasks.py
[2024-04-15T12:55:05.152+0200] {processor.py:840} INFO - DAG(s) 'execute_multiple_tasks' retrieved from /home/mahmoud/airflow/dags/execute_multiple_tasks.py
[2024-04-15T12:55:05.423+0200] {logging_mixin.py:188} INFO - [2024-04-15T12:55:05.411+0200] {dag.py:3033} INFO - Sync 1 DAGs
[2024-04-15T12:55:05.692+0200] {logging_mixin.py:188} INFO - [2024-04-15T12:55:05.690+0200] {dag.py:3820} INFO - Setting next_dagrun for execute_multiple_tasks to None, run_after=None
[2024-04-15T12:55:05.933+0200] {processor.py:183} INFO - Processing /home/mahmoud/airflow/dags/execute_multiple_tasks.py took 1.016 seconds
[2024-04-15T12:55:42.015+0200] {processor.py:161} INFO - Started process (PID=15405) to work on /home/mahmoud/airflow/dags/execute_multiple_tasks.py
[2024-04-15T12:55:42.025+0200] {processor.py:830} INFO - Processing file /home/mahmoud/airflow/dags/execute_multiple_tasks.py for tasks to queue
[2024-04-15T12:55:42.036+0200] {logging_mixin.py:188} INFO - [2024-04-15T12:55:42.032+0200] {dagbag.py:538} INFO - Filling up the DagBag from /home/mahmoud/airflow/dags/execute_multiple_tasks.py
[2024-04-15T12:55:42.154+0200] {processor.py:840} INFO - DAG(s) 'execute_multiple_tasks' retrieved from /home/mahmoud/airflow/dags/execute_multiple_tasks.py
[2024-04-15T12:55:42.367+0200] {logging_mixin.py:188} INFO - [2024-04-15T12:55:42.364+0200] {dag.py:3033} INFO - Sync 1 DAGs
[2024-04-15T12:55:42.539+0200] {logging_mixin.py:188} INFO - [2024-04-15T12:55:42.538+0200] {dag.py:3820} INFO - Setting next_dagrun for execute_multiple_tasks to None, run_after=None
[2024-04-15T12:55:42.691+0200] {processor.py:183} INFO - Processing /home/mahmoud/airflow/dags/execute_multiple_tasks.py took 0.707 seconds
[2024-04-15T12:56:16.994+0200] {processor.py:161} INFO - Started process (PID=15632) to work on /home/mahmoud/airflow/dags/execute_multiple_tasks.py
[2024-04-15T12:56:17.013+0200] {processor.py:830} INFO - Processing file /home/mahmoud/airflow/dags/execute_multiple_tasks.py for tasks to queue
[2024-04-15T12:56:17.021+0200] {logging_mixin.py:188} INFO - [2024-04-15T12:56:17.018+0200] {dagbag.py:538} INFO - Filling up the DagBag from /home/mahmoud/airflow/dags/execute_multiple_tasks.py
[2024-04-15T12:56:17.111+0200] {processor.py:840} INFO - DAG(s) 'execute_multiple_tasks' retrieved from /home/mahmoud/airflow/dags/execute_multiple_tasks.py
[2024-04-15T12:56:17.271+0200] {logging_mixin.py:188} INFO - [2024-04-15T12:56:17.269+0200] {dag.py:3033} INFO - Sync 1 DAGs
[2024-04-15T12:56:17.473+0200] {logging_mixin.py:188} INFO - [2024-04-15T12:56:17.471+0200] {dag.py:3820} INFO - Setting next_dagrun for execute_multiple_tasks to None, run_after=None
[2024-04-15T12:56:17.646+0200] {processor.py:183} INFO - Processing /home/mahmoud/airflow/dags/execute_multiple_tasks.py took 0.679 seconds
[2024-04-15T12:56:51.405+0200] {processor.py:161} INFO - Started process (PID=15851) to work on /home/mahmoud/airflow/dags/execute_multiple_tasks.py
[2024-04-15T12:56:51.412+0200] {processor.py:830} INFO - Processing file /home/mahmoud/airflow/dags/execute_multiple_tasks.py for tasks to queue
[2024-04-15T12:56:51.421+0200] {logging_mixin.py:188} INFO - [2024-04-15T12:56:51.418+0200] {dagbag.py:538} INFO - Filling up the DagBag from /home/mahmoud/airflow/dags/execute_multiple_tasks.py
[2024-04-15T12:56:51.539+0200] {processor.py:840} INFO - DAG(s) 'execute_multiple_tasks' retrieved from /home/mahmoud/airflow/dags/execute_multiple_tasks.py
[2024-04-15T12:56:51.778+0200] {logging_mixin.py:188} INFO - [2024-04-15T12:56:51.776+0200] {dag.py:3033} INFO - Sync 1 DAGs
[2024-04-15T12:56:52.065+0200] {logging_mixin.py:188} INFO - [2024-04-15T12:56:52.064+0200] {dag.py:3820} INFO - Setting next_dagrun for execute_multiple_tasks to None, run_after=None
[2024-04-15T12:56:52.297+0200] {processor.py:183} INFO - Processing /home/mahmoud/airflow/dags/execute_multiple_tasks.py took 0.918 seconds
[2024-04-15T12:57:26.513+0200] {processor.py:161} INFO - Started process (PID=16067) to work on /home/mahmoud/airflow/dags/execute_multiple_tasks.py
[2024-04-15T12:57:26.529+0200] {processor.py:830} INFO - Processing file /home/mahmoud/airflow/dags/execute_multiple_tasks.py for tasks to queue
[2024-04-15T12:57:26.548+0200] {logging_mixin.py:188} INFO - [2024-04-15T12:57:26.535+0200] {dagbag.py:538} INFO - Filling up the DagBag from /home/mahmoud/airflow/dags/execute_multiple_tasks.py
[2024-04-15T12:57:26.731+0200] {processor.py:840} INFO - DAG(s) 'execute_multiple_tasks' retrieved from /home/mahmoud/airflow/dags/execute_multiple_tasks.py
[2024-04-15T12:57:26.965+0200] {logging_mixin.py:188} INFO - [2024-04-15T12:57:26.964+0200] {dag.py:3033} INFO - Sync 1 DAGs
[2024-04-15T12:57:27.254+0200] {logging_mixin.py:188} INFO - [2024-04-15T12:57:27.253+0200] {dag.py:3820} INFO - Setting next_dagrun for execute_multiple_tasks to None, run_after=None
[2024-04-15T12:57:27.474+0200] {processor.py:183} INFO - Processing /home/mahmoud/airflow/dags/execute_multiple_tasks.py took 1.005 seconds
[2024-04-15T12:58:04.987+0200] {processor.py:161} INFO - Started process (PID=16298) to work on /home/mahmoud/airflow/dags/execute_multiple_tasks.py
[2024-04-15T12:58:04.997+0200] {processor.py:830} INFO - Processing file /home/mahmoud/airflow/dags/execute_multiple_tasks.py for tasks to queue
[2024-04-15T12:58:05.007+0200] {logging_mixin.py:188} INFO - [2024-04-15T12:58:05.003+0200] {dagbag.py:538} INFO - Filling up the DagBag from /home/mahmoud/airflow/dags/execute_multiple_tasks.py
[2024-04-15T12:58:05.119+0200] {processor.py:840} INFO - DAG(s) 'execute_multiple_tasks' retrieved from /home/mahmoud/airflow/dags/execute_multiple_tasks.py
[2024-04-15T12:58:05.355+0200] {logging_mixin.py:188} INFO - [2024-04-15T12:58:05.353+0200] {dag.py:3033} INFO - Sync 1 DAGs
[2024-04-15T12:58:05.586+0200] {logging_mixin.py:188} INFO - [2024-04-15T12:58:05.584+0200] {dag.py:3820} INFO - Setting next_dagrun for execute_multiple_tasks to None, run_after=None
[2024-04-15T12:58:05.894+0200] {processor.py:183} INFO - Processing /home/mahmoud/airflow/dags/execute_multiple_tasks.py took 0.935 seconds
[2024-04-15T12:58:42.882+0200] {processor.py:161} INFO - Started process (PID=16521) to work on /home/mahmoud/airflow/dags/execute_multiple_tasks.py
[2024-04-15T12:58:42.899+0200] {processor.py:830} INFO - Processing file /home/mahmoud/airflow/dags/execute_multiple_tasks.py for tasks to queue
[2024-04-15T12:58:42.906+0200] {logging_mixin.py:188} INFO - [2024-04-15T12:58:42.903+0200] {dagbag.py:538} INFO - Filling up the DagBag from /home/mahmoud/airflow/dags/execute_multiple_tasks.py
[2024-04-15T12:58:42.989+0200] {processor.py:840} INFO - DAG(s) 'execute_multiple_tasks' retrieved from /home/mahmoud/airflow/dags/execute_multiple_tasks.py
[2024-04-15T12:58:43.157+0200] {logging_mixin.py:188} INFO - [2024-04-15T12:58:43.156+0200] {dag.py:3033} INFO - Sync 1 DAGs
[2024-04-15T12:58:43.314+0200] {logging_mixin.py:188} INFO - [2024-04-15T12:58:43.313+0200] {dag.py:3820} INFO - Setting next_dagrun for execute_multiple_tasks to None, run_after=None
[2024-04-15T12:58:43.465+0200] {processor.py:183} INFO - Processing /home/mahmoud/airflow/dags/execute_multiple_tasks.py took 0.607 seconds
[2024-04-15T12:59:19.041+0200] {processor.py:161} INFO - Started process (PID=16743) to work on /home/mahmoud/airflow/dags/execute_multiple_tasks.py
[2024-04-15T12:59:19.050+0200] {processor.py:830} INFO - Processing file /home/mahmoud/airflow/dags/execute_multiple_tasks.py for tasks to queue
[2024-04-15T12:59:19.057+0200] {logging_mixin.py:188} INFO - [2024-04-15T12:59:19.054+0200] {dagbag.py:538} INFO - Filling up the DagBag from /home/mahmoud/airflow/dags/execute_multiple_tasks.py
[2024-04-15T12:59:19.143+0200] {processor.py:840} INFO - DAG(s) 'execute_multiple_tasks' retrieved from /home/mahmoud/airflow/dags/execute_multiple_tasks.py
[2024-04-15T12:59:19.293+0200] {logging_mixin.py:188} INFO - [2024-04-15T12:59:19.291+0200] {dag.py:3033} INFO - Sync 1 DAGs
[2024-04-15T12:59:19.462+0200] {logging_mixin.py:188} INFO - [2024-04-15T12:59:19.461+0200] {dag.py:3820} INFO - Setting next_dagrun for execute_multiple_tasks to None, run_after=None
[2024-04-15T12:59:19.625+0200] {processor.py:183} INFO - Processing /home/mahmoud/airflow/dags/execute_multiple_tasks.py took 0.608 seconds
[2024-04-15T12:59:50.155+0200] {processor.py:161} INFO - Started process (PID=16941) to work on /home/mahmoud/airflow/dags/execute_multiple_tasks.py
[2024-04-15T12:59:50.164+0200] {processor.py:830} INFO - Processing file /home/mahmoud/airflow/dags/execute_multiple_tasks.py for tasks to queue
[2024-04-15T12:59:50.172+0200] {logging_mixin.py:188} INFO - [2024-04-15T12:59:50.169+0200] {dagbag.py:538} INFO - Filling up the DagBag from /home/mahmoud/airflow/dags/execute_multiple_tasks.py
[2024-04-15T12:59:50.270+0200] {processor.py:840} INFO - DAG(s) 'execute_multiple_tasks' retrieved from /home/mahmoud/airflow/dags/execute_multiple_tasks.py
[2024-04-15T12:59:50.547+0200] {logging_mixin.py:188} INFO - [2024-04-15T12:59:50.545+0200] {dag.py:3033} INFO - Sync 1 DAGs
[2024-04-15T12:59:50.824+0200] {logging_mixin.py:188} INFO - [2024-04-15T12:59:50.822+0200] {dag.py:3820} INFO - Setting next_dagrun for execute_multiple_tasks to None, run_after=None
[2024-04-15T12:59:51.321+0200] {processor.py:183} INFO - Processing /home/mahmoud/airflow/dags/execute_multiple_tasks.py took 1.191 seconds
[2024-04-15T13:00:29.652+0200] {processor.py:161} INFO - Started process (PID=17197) to work on /home/mahmoud/airflow/dags/execute_multiple_tasks.py
[2024-04-15T13:00:29.661+0200] {processor.py:830} INFO - Processing file /home/mahmoud/airflow/dags/execute_multiple_tasks.py for tasks to queue
[2024-04-15T13:00:29.668+0200] {logging_mixin.py:188} INFO - [2024-04-15T13:00:29.665+0200] {dagbag.py:538} INFO - Filling up the DagBag from /home/mahmoud/airflow/dags/execute_multiple_tasks.py
[2024-04-15T13:00:29.754+0200] {processor.py:840} INFO - DAG(s) 'execute_multiple_tasks' retrieved from /home/mahmoud/airflow/dags/execute_multiple_tasks.py
[2024-04-15T13:00:29.927+0200] {logging_mixin.py:188} INFO - [2024-04-15T13:00:29.925+0200] {dag.py:3033} INFO - Sync 1 DAGs
[2024-04-15T13:00:30.114+0200] {logging_mixin.py:188} INFO - [2024-04-15T13:00:30.112+0200] {dag.py:3820} INFO - Setting next_dagrun for execute_multiple_tasks to None, run_after=None
[2024-04-15T13:00:30.279+0200] {processor.py:183} INFO - Processing /home/mahmoud/airflow/dags/execute_multiple_tasks.py took 0.654 seconds
[2024-04-15T13:01:03.554+0200] {processor.py:161} INFO - Started process (PID=17397) to work on /home/mahmoud/airflow/dags/execute_multiple_tasks.py
[2024-04-15T13:01:03.561+0200] {processor.py:830} INFO - Processing file /home/mahmoud/airflow/dags/execute_multiple_tasks.py for tasks to queue
[2024-04-15T13:01:03.569+0200] {logging_mixin.py:188} INFO - [2024-04-15T13:01:03.566+0200] {dagbag.py:538} INFO - Filling up the DagBag from /home/mahmoud/airflow/dags/execute_multiple_tasks.py
[2024-04-15T13:01:03.659+0200] {processor.py:840} INFO - DAG(s) 'execute_multiple_tasks' retrieved from /home/mahmoud/airflow/dags/execute_multiple_tasks.py
[2024-04-15T13:01:03.816+0200] {logging_mixin.py:188} INFO - [2024-04-15T13:01:03.815+0200] {dag.py:3033} INFO - Sync 1 DAGs
[2024-04-15T13:01:03.984+0200] {logging_mixin.py:188} INFO - [2024-04-15T13:01:03.983+0200] {dag.py:3820} INFO - Setting next_dagrun for execute_multiple_tasks to None, run_after=None
[2024-04-15T13:01:04.141+0200] {processor.py:183} INFO - Processing /home/mahmoud/airflow/dags/execute_multiple_tasks.py took 0.612 seconds
[2024-04-15T13:01:40.017+0200] {processor.py:161} INFO - Started process (PID=17605) to work on /home/mahmoud/airflow/dags/execute_multiple_tasks.py
[2024-04-15T13:01:40.035+0200] {processor.py:830} INFO - Processing file /home/mahmoud/airflow/dags/execute_multiple_tasks.py for tasks to queue
[2024-04-15T13:01:40.043+0200] {logging_mixin.py:188} INFO - [2024-04-15T13:01:40.040+0200] {dagbag.py:538} INFO - Filling up the DagBag from /home/mahmoud/airflow/dags/execute_multiple_tasks.py
[2024-04-15T13:01:40.130+0200] {processor.py:840} INFO - DAG(s) 'execute_multiple_tasks' retrieved from /home/mahmoud/airflow/dags/execute_multiple_tasks.py
[2024-04-15T13:01:40.294+0200] {logging_mixin.py:188} INFO - [2024-04-15T13:01:40.293+0200] {dag.py:3033} INFO - Sync 1 DAGs
[2024-04-15T13:01:40.469+0200] {logging_mixin.py:188} INFO - [2024-04-15T13:01:40.468+0200] {dag.py:3820} INFO - Setting next_dagrun for execute_multiple_tasks to None, run_after=None
[2024-04-15T13:01:40.635+0200] {processor.py:183} INFO - Processing /home/mahmoud/airflow/dags/execute_multiple_tasks.py took 0.642 seconds
[2024-04-15T13:02:15.463+0200] {processor.py:161} INFO - Started process (PID=17810) to work on /home/mahmoud/airflow/dags/execute_multiple_tasks.py
[2024-04-15T13:02:15.484+0200] {processor.py:830} INFO - Processing file /home/mahmoud/airflow/dags/execute_multiple_tasks.py for tasks to queue
[2024-04-15T13:02:15.499+0200] {logging_mixin.py:188} INFO - [2024-04-15T13:02:15.493+0200] {dagbag.py:538} INFO - Filling up the DagBag from /home/mahmoud/airflow/dags/execute_multiple_tasks.py
[2024-04-15T13:02:15.629+0200] {processor.py:840} INFO - DAG(s) 'execute_multiple_tasks' retrieved from /home/mahmoud/airflow/dags/execute_multiple_tasks.py
[2024-04-15T13:02:15.831+0200] {logging_mixin.py:188} INFO - [2024-04-15T13:02:15.829+0200] {dag.py:3033} INFO - Sync 1 DAGs
[2024-04-15T13:02:16.066+0200] {logging_mixin.py:188} INFO - [2024-04-15T13:02:16.065+0200] {dag.py:3820} INFO - Setting next_dagrun for execute_multiple_tasks to None, run_after=None
[2024-04-15T13:02:16.320+0200] {processor.py:183} INFO - Processing /home/mahmoud/airflow/dags/execute_multiple_tasks.py took 0.893 seconds
[2024-04-15T13:22:34.054+0200] {processor.py:161} INFO - Started process (PID=18240) to work on /home/mahmoud/airflow/dags/execute_multiple_tasks.py
[2024-04-15T13:22:34.055+0200] {processor.py:830} INFO - Processing file /home/mahmoud/airflow/dags/execute_multiple_tasks.py for tasks to queue
[2024-04-15T13:22:34.056+0200] {logging_mixin.py:188} INFO - [2024-04-15T13:22:34.056+0200] {dagbag.py:538} INFO - Filling up the DagBag from /home/mahmoud/airflow/dags/execute_multiple_tasks.py
[2024-04-15T13:22:34.066+0200] {processor.py:840} INFO - DAG(s) 'execute_multiple_tasks' retrieved from /home/mahmoud/airflow/dags/execute_multiple_tasks.py
[2024-04-15T13:22:34.083+0200] {logging_mixin.py:188} INFO - [2024-04-15T13:22:34.082+0200] {dag.py:3033} INFO - Sync 1 DAGs
[2024-04-15T13:22:34.101+0200] {logging_mixin.py:188} INFO - [2024-04-15T13:22:34.101+0200] {dag.py:3820} INFO - Setting next_dagrun for execute_multiple_tasks to None, run_after=None
[2024-04-15T13:22:34.139+0200] {processor.py:183} INFO - Processing /home/mahmoud/airflow/dags/execute_multiple_tasks.py took 0.088 seconds
[2024-04-15T13:23:05.476+0200] {processor.py:161} INFO - Started process (PID=18399) to work on /home/mahmoud/airflow/dags/execute_multiple_tasks.py
[2024-04-15T13:23:05.479+0200] {processor.py:830} INFO - Processing file /home/mahmoud/airflow/dags/execute_multiple_tasks.py for tasks to queue
[2024-04-15T13:23:05.481+0200] {logging_mixin.py:188} INFO - [2024-04-15T13:23:05.480+0200] {dagbag.py:538} INFO - Filling up the DagBag from /home/mahmoud/airflow/dags/execute_multiple_tasks.py
[2024-04-15T13:23:05.499+0200] {processor.py:840} INFO - DAG(s) 'execute_multiple_tasks' retrieved from /home/mahmoud/airflow/dags/execute_multiple_tasks.py
[2024-04-15T13:23:05.520+0200] {logging_mixin.py:188} INFO - [2024-04-15T13:23:05.520+0200] {dag.py:3033} INFO - Sync 1 DAGs
[2024-04-15T13:23:05.539+0200] {logging_mixin.py:188} INFO - [2024-04-15T13:23:05.539+0200] {dag.py:3820} INFO - Setting next_dagrun for execute_multiple_tasks to None, run_after=None
[2024-04-15T13:23:05.572+0200] {processor.py:183} INFO - Processing /home/mahmoud/airflow/dags/execute_multiple_tasks.py took 0.103 seconds
[2024-04-15T13:23:36.133+0200] {processor.py:161} INFO - Started process (PID=18553) to work on /home/mahmoud/airflow/dags/execute_multiple_tasks.py
[2024-04-15T13:23:36.135+0200] {processor.py:830} INFO - Processing file /home/mahmoud/airflow/dags/execute_multiple_tasks.py for tasks to queue
[2024-04-15T13:23:36.135+0200] {logging_mixin.py:188} INFO - [2024-04-15T13:23:36.135+0200] {dagbag.py:538} INFO - Filling up the DagBag from /home/mahmoud/airflow/dags/execute_multiple_tasks.py
[2024-04-15T13:23:36.145+0200] {processor.py:840} INFO - DAG(s) 'execute_multiple_tasks' retrieved from /home/mahmoud/airflow/dags/execute_multiple_tasks.py
[2024-04-15T13:23:36.161+0200] {logging_mixin.py:188} INFO - [2024-04-15T13:23:36.161+0200] {dag.py:3033} INFO - Sync 1 DAGs
[2024-04-15T13:23:36.178+0200] {logging_mixin.py:188} INFO - [2024-04-15T13:23:36.177+0200] {dag.py:3820} INFO - Setting next_dagrun for execute_multiple_tasks to None, run_after=None
[2024-04-15T13:23:36.208+0200] {processor.py:183} INFO - Processing /home/mahmoud/airflow/dags/execute_multiple_tasks.py took 0.078 seconds
[2024-04-15T13:24:06.738+0200] {processor.py:161} INFO - Started process (PID=18704) to work on /home/mahmoud/airflow/dags/execute_multiple_tasks.py
[2024-04-15T13:24:06.756+0200] {processor.py:830} INFO - Processing file /home/mahmoud/airflow/dags/execute_multiple_tasks.py for tasks to queue
[2024-04-15T13:24:06.758+0200] {logging_mixin.py:188} INFO - [2024-04-15T13:24:06.758+0200] {dagbag.py:538} INFO - Filling up the DagBag from /home/mahmoud/airflow/dags/execute_multiple_tasks.py
[2024-04-15T13:24:06.775+0200] {processor.py:840} INFO - DAG(s) 'execute_multiple_tasks' retrieved from /home/mahmoud/airflow/dags/execute_multiple_tasks.py
[2024-04-15T13:24:06.792+0200] {logging_mixin.py:188} INFO - [2024-04-15T13:24:06.792+0200] {dag.py:3033} INFO - Sync 1 DAGs
[2024-04-15T13:24:06.809+0200] {logging_mixin.py:188} INFO - [2024-04-15T13:24:06.809+0200] {dag.py:3820} INFO - Setting next_dagrun for execute_multiple_tasks to None, run_after=None
[2024-04-15T13:24:06.842+0200] {processor.py:183} INFO - Processing /home/mahmoud/airflow/dags/execute_multiple_tasks.py took 0.109 seconds
[2024-04-15T13:24:37.533+0200] {processor.py:161} INFO - Started process (PID=18857) to work on /home/mahmoud/airflow/dags/execute_multiple_tasks.py
[2024-04-15T13:24:37.535+0200] {processor.py:830} INFO - Processing file /home/mahmoud/airflow/dags/execute_multiple_tasks.py for tasks to queue
[2024-04-15T13:24:37.537+0200] {logging_mixin.py:188} INFO - [2024-04-15T13:24:37.536+0200] {dagbag.py:538} INFO - Filling up the DagBag from /home/mahmoud/airflow/dags/execute_multiple_tasks.py
[2024-04-15T13:24:37.550+0200] {processor.py:840} INFO - DAG(s) 'execute_multiple_tasks' retrieved from /home/mahmoud/airflow/dags/execute_multiple_tasks.py
[2024-04-15T13:24:37.581+0200] {logging_mixin.py:188} INFO - [2024-04-15T13:24:37.580+0200] {dag.py:3033} INFO - Sync 1 DAGs
[2024-04-15T13:24:37.603+0200] {logging_mixin.py:188} INFO - [2024-04-15T13:24:37.603+0200] {dag.py:3820} INFO - Setting next_dagrun for execute_multiple_tasks to None, run_after=None
[2024-04-15T13:24:37.625+0200] {processor.py:183} INFO - Processing /home/mahmoud/airflow/dags/execute_multiple_tasks.py took 0.096 seconds
[2024-04-15T13:25:09.378+0200] {processor.py:161} INFO - Started process (PID=19018) to work on /home/mahmoud/airflow/dags/execute_multiple_tasks.py
[2024-04-15T13:25:09.379+0200] {processor.py:830} INFO - Processing file /home/mahmoud/airflow/dags/execute_multiple_tasks.py for tasks to queue
[2024-04-15T13:25:09.380+0200] {logging_mixin.py:188} INFO - [2024-04-15T13:25:09.380+0200] {dagbag.py:538} INFO - Filling up the DagBag from /home/mahmoud/airflow/dags/execute_multiple_tasks.py
[2024-04-15T13:25:09.391+0200] {processor.py:840} INFO - DAG(s) 'execute_multiple_tasks' retrieved from /home/mahmoud/airflow/dags/execute_multiple_tasks.py
[2024-04-15T13:25:09.408+0200] {logging_mixin.py:188} INFO - [2024-04-15T13:25:09.408+0200] {dag.py:3033} INFO - Sync 1 DAGs
[2024-04-15T13:25:09.426+0200] {logging_mixin.py:188} INFO - [2024-04-15T13:25:09.426+0200] {dag.py:3820} INFO - Setting next_dagrun for execute_multiple_tasks to None, run_after=None
[2024-04-15T13:25:09.449+0200] {processor.py:183} INFO - Processing /home/mahmoud/airflow/dags/execute_multiple_tasks.py took 0.074 seconds
[2024-04-15T13:25:40.991+0200] {processor.py:161} INFO - Started process (PID=19220) to work on /home/mahmoud/airflow/dags/execute_multiple_tasks.py
[2024-04-15T13:25:40.994+0200] {processor.py:830} INFO - Processing file /home/mahmoud/airflow/dags/execute_multiple_tasks.py for tasks to queue
[2024-04-15T13:25:40.996+0200] {logging_mixin.py:188} INFO - [2024-04-15T13:25:40.995+0200] {dagbag.py:538} INFO - Filling up the DagBag from /home/mahmoud/airflow/dags/execute_multiple_tasks.py
[2024-04-15T13:25:41.016+0200] {processor.py:840} INFO - DAG(s) 'execute_multiple_tasks' retrieved from /home/mahmoud/airflow/dags/execute_multiple_tasks.py
[2024-04-15T13:25:41.051+0200] {logging_mixin.py:188} INFO - [2024-04-15T13:25:41.050+0200] {dag.py:3033} INFO - Sync 1 DAGs
[2024-04-15T13:25:41.086+0200] {logging_mixin.py:188} INFO - [2024-04-15T13:25:41.086+0200] {dag.py:3820} INFO - Setting next_dagrun for execute_multiple_tasks to None, run_after=None
[2024-04-15T13:25:41.119+0200] {processor.py:183} INFO - Processing /home/mahmoud/airflow/dags/execute_multiple_tasks.py took 0.134 seconds
