[2024-04-15T12:30:32.064+0200] {processor.py:161} INFO - Started process (PID=2258) to work on /home/mahmoud/airflow/dags/executing_python_pipeline.py
[2024-04-15T12:30:32.064+0200] {processor.py:830} INFO - Processing file /home/mahmoud/airflow/dags/executing_python_pipeline.py for tasks to queue
[2024-04-15T12:30:32.065+0200] {logging_mixin.py:188} INFO - [2024-04-15T12:30:32.065+0200] {dagbag.py:538} INFO - Filling up the DagBag from /home/mahmoud/airflow/dags/executing_python_pipeline.py
[2024-04-15T12:30:32.493+0200] {processor.py:840} INFO - DAG(s) 'execute_python_pipeline' retrieved from /home/mahmoud/airflow/dags/executing_python_pipeline.py
[2024-04-15T12:30:32.554+0200] {logging_mixin.py:188} INFO - [2024-04-15T12:30:32.554+0200] {dag.py:3033} INFO - Sync 1 DAGs
[2024-04-15T12:30:32.568+0200] {logging_mixin.py:188} INFO - [2024-04-15T12:30:32.568+0200] {dag.py:3820} INFO - Setting next_dagrun for execute_python_pipeline to None, run_after=None
[2024-04-15T12:30:32.602+0200] {processor.py:183} INFO - Processing /home/mahmoud/airflow/dags/executing_python_pipeline.py took 0.542 seconds
[2024-04-15T12:31:02.830+0200] {processor.py:161} INFO - Started process (PID=2661) to work on /home/mahmoud/airflow/dags/executing_python_pipeline.py
[2024-04-15T12:31:02.831+0200] {processor.py:830} INFO - Processing file /home/mahmoud/airflow/dags/executing_python_pipeline.py for tasks to queue
[2024-04-15T12:31:02.832+0200] {logging_mixin.py:188} INFO - [2024-04-15T12:31:02.831+0200] {dagbag.py:538} INFO - Filling up the DagBag from /home/mahmoud/airflow/dags/executing_python_pipeline.py
[2024-04-15T12:31:03.275+0200] {processor.py:840} INFO - DAG(s) 'execute_python_pipeline' retrieved from /home/mahmoud/airflow/dags/executing_python_pipeline.py
[2024-04-15T12:31:03.285+0200] {logging_mixin.py:188} INFO - [2024-04-15T12:31:03.285+0200] {dag.py:3033} INFO - Sync 1 DAGs
[2024-04-15T12:31:03.298+0200] {logging_mixin.py:188} INFO - [2024-04-15T12:31:03.298+0200] {dag.py:3820} INFO - Setting next_dagrun for execute_python_pipeline to None, run_after=None
[2024-04-15T12:31:03.322+0200] {processor.py:183} INFO - Processing /home/mahmoud/airflow/dags/executing_python_pipeline.py took 0.497 seconds
[2024-04-15T12:31:33.688+0200] {processor.py:161} INFO - Started process (PID=2991) to work on /home/mahmoud/airflow/dags/executing_python_pipeline.py
[2024-04-15T12:31:33.702+0200] {processor.py:830} INFO - Processing file /home/mahmoud/airflow/dags/executing_python_pipeline.py for tasks to queue
[2024-04-15T12:31:33.702+0200] {logging_mixin.py:188} INFO - [2024-04-15T12:31:33.702+0200] {dagbag.py:538} INFO - Filling up the DagBag from /home/mahmoud/airflow/dags/executing_python_pipeline.py
[2024-04-15T12:31:34.118+0200] {processor.py:840} INFO - DAG(s) 'execute_python_pipeline' retrieved from /home/mahmoud/airflow/dags/executing_python_pipeline.py
[2024-04-15T12:31:34.129+0200] {logging_mixin.py:188} INFO - [2024-04-15T12:31:34.129+0200] {dag.py:3033} INFO - Sync 1 DAGs
[2024-04-15T12:31:34.143+0200] {logging_mixin.py:188} INFO - [2024-04-15T12:31:34.143+0200] {dag.py:3820} INFO - Setting next_dagrun for execute_python_pipeline to None, run_after=None
[2024-04-15T12:31:34.161+0200] {processor.py:183} INFO - Processing /home/mahmoud/airflow/dags/executing_python_pipeline.py took 0.475 seconds
[2024-04-15T12:32:04.450+0200] {processor.py:161} INFO - Started process (PID=3229) to work on /home/mahmoud/airflow/dags/executing_python_pipeline.py
[2024-04-15T12:32:04.451+0200] {processor.py:830} INFO - Processing file /home/mahmoud/airflow/dags/executing_python_pipeline.py for tasks to queue
[2024-04-15T12:32:04.452+0200] {logging_mixin.py:188} INFO - [2024-04-15T12:32:04.452+0200] {dagbag.py:538} INFO - Filling up the DagBag from /home/mahmoud/airflow/dags/executing_python_pipeline.py
[2024-04-15T12:32:04.883+0200] {processor.py:840} INFO - DAG(s) 'execute_python_pipeline' retrieved from /home/mahmoud/airflow/dags/executing_python_pipeline.py
[2024-04-15T12:32:04.894+0200] {logging_mixin.py:188} INFO - [2024-04-15T12:32:04.893+0200] {dag.py:3033} INFO - Sync 1 DAGs
[2024-04-15T12:32:04.910+0200] {logging_mixin.py:188} INFO - [2024-04-15T12:32:04.910+0200] {dag.py:3820} INFO - Setting next_dagrun for execute_python_pipeline to None, run_after=None
[2024-04-15T12:32:04.929+0200] {processor.py:183} INFO - Processing /home/mahmoud/airflow/dags/executing_python_pipeline.py took 0.482 seconds
[2024-04-15T12:32:35.063+0200] {processor.py:161} INFO - Started process (PID=3466) to work on /home/mahmoud/airflow/dags/executing_python_pipeline.py
[2024-04-15T12:32:35.064+0200] {processor.py:830} INFO - Processing file /home/mahmoud/airflow/dags/executing_python_pipeline.py for tasks to queue
[2024-04-15T12:32:35.065+0200] {logging_mixin.py:188} INFO - [2024-04-15T12:32:35.065+0200] {dagbag.py:538} INFO - Filling up the DagBag from /home/mahmoud/airflow/dags/executing_python_pipeline.py
[2024-04-15T12:32:35.578+0200] {processor.py:840} INFO - DAG(s) 'execute_python_pipeline' retrieved from /home/mahmoud/airflow/dags/executing_python_pipeline.py
[2024-04-15T12:32:35.616+0200] {logging_mixin.py:188} INFO - [2024-04-15T12:32:35.615+0200] {dag.py:3033} INFO - Sync 1 DAGs
[2024-04-15T12:32:35.643+0200] {logging_mixin.py:188} INFO - [2024-04-15T12:32:35.642+0200] {dag.py:3820} INFO - Setting next_dagrun for execute_python_pipeline to None, run_after=None
[2024-04-15T12:32:35.706+0200] {processor.py:183} INFO - Processing /home/mahmoud/airflow/dags/executing_python_pipeline.py took 0.647 seconds
[2024-04-15T12:33:05.868+0200] {processor.py:161} INFO - Started process (PID=3773) to work on /home/mahmoud/airflow/dags/executing_python_pipeline.py
[2024-04-15T12:33:05.868+0200] {processor.py:830} INFO - Processing file /home/mahmoud/airflow/dags/executing_python_pipeline.py for tasks to queue
[2024-04-15T12:33:05.869+0200] {logging_mixin.py:188} INFO - [2024-04-15T12:33:05.869+0200] {dagbag.py:538} INFO - Filling up the DagBag from /home/mahmoud/airflow/dags/executing_python_pipeline.py
[2024-04-15T12:33:06.278+0200] {processor.py:840} INFO - DAG(s) 'execute_python_pipeline' retrieved from /home/mahmoud/airflow/dags/executing_python_pipeline.py
[2024-04-15T12:33:06.291+0200] {logging_mixin.py:188} INFO - [2024-04-15T12:33:06.291+0200] {dag.py:3033} INFO - Sync 1 DAGs
[2024-04-15T12:33:06.306+0200] {logging_mixin.py:188} INFO - [2024-04-15T12:33:06.306+0200] {dag.py:3820} INFO - Setting next_dagrun for execute_python_pipeline to None, run_after=None
[2024-04-15T12:33:06.325+0200] {processor.py:183} INFO - Processing /home/mahmoud/airflow/dags/executing_python_pipeline.py took 0.460 seconds
[2024-04-15T12:33:36.460+0200] {processor.py:161} INFO - Started process (PID=4075) to work on /home/mahmoud/airflow/dags/executing_python_pipeline.py
[2024-04-15T12:33:36.472+0200] {processor.py:830} INFO - Processing file /home/mahmoud/airflow/dags/executing_python_pipeline.py for tasks to queue
[2024-04-15T12:33:36.473+0200] {logging_mixin.py:188} INFO - [2024-04-15T12:33:36.472+0200] {dagbag.py:538} INFO - Filling up the DagBag from /home/mahmoud/airflow/dags/executing_python_pipeline.py
[2024-04-15T12:33:36.892+0200] {processor.py:840} INFO - DAG(s) 'execute_python_pipeline' retrieved from /home/mahmoud/airflow/dags/executing_python_pipeline.py
[2024-04-15T12:33:36.905+0200] {logging_mixin.py:188} INFO - [2024-04-15T12:33:36.905+0200] {dag.py:3033} INFO - Sync 1 DAGs
[2024-04-15T12:33:36.919+0200] {logging_mixin.py:188} INFO - [2024-04-15T12:33:36.919+0200] {dag.py:3820} INFO - Setting next_dagrun for execute_python_pipeline to None, run_after=None
[2024-04-15T12:33:36.940+0200] {processor.py:183} INFO - Processing /home/mahmoud/airflow/dags/executing_python_pipeline.py took 0.482 seconds
[2024-04-15T12:34:08.189+0200] {processor.py:161} INFO - Started process (PID=4379) to work on /home/mahmoud/airflow/dags/executing_python_pipeline.py
[2024-04-15T12:34:08.192+0200] {processor.py:830} INFO - Processing file /home/mahmoud/airflow/dags/executing_python_pipeline.py for tasks to queue
[2024-04-15T12:34:08.194+0200] {logging_mixin.py:188} INFO - [2024-04-15T12:34:08.193+0200] {dagbag.py:538} INFO - Filling up the DagBag from /home/mahmoud/airflow/dags/executing_python_pipeline.py
[2024-04-15T12:34:08.605+0200] {processor.py:840} INFO - DAG(s) 'execute_python_pipeline' retrieved from /home/mahmoud/airflow/dags/executing_python_pipeline.py
[2024-04-15T12:34:08.618+0200] {logging_mixin.py:188} INFO - [2024-04-15T12:34:08.618+0200] {dag.py:3033} INFO - Sync 1 DAGs
[2024-04-15T12:34:08.633+0200] {logging_mixin.py:188} INFO - [2024-04-15T12:34:08.633+0200] {dag.py:3820} INFO - Setting next_dagrun for execute_python_pipeline to None, run_after=None
[2024-04-15T12:34:08.663+0200] {processor.py:183} INFO - Processing /home/mahmoud/airflow/dags/executing_python_pipeline.py took 0.482 seconds
[2024-04-15T12:34:39.517+0200] {processor.py:161} INFO - Started process (PID=4795) to work on /home/mahmoud/airflow/dags/executing_python_pipeline.py
[2024-04-15T12:34:39.520+0200] {processor.py:830} INFO - Processing file /home/mahmoud/airflow/dags/executing_python_pipeline.py for tasks to queue
[2024-04-15T12:34:39.520+0200] {logging_mixin.py:188} INFO - [2024-04-15T12:34:39.520+0200] {dagbag.py:538} INFO - Filling up the DagBag from /home/mahmoud/airflow/dags/executing_python_pipeline.py
[2024-04-15T12:34:39.908+0200] {processor.py:840} INFO - DAG(s) 'execute_python_pipeline' retrieved from /home/mahmoud/airflow/dags/executing_python_pipeline.py
[2024-04-15T12:34:39.919+0200] {logging_mixin.py:188} INFO - [2024-04-15T12:34:39.919+0200] {dag.py:3033} INFO - Sync 1 DAGs
[2024-04-15T12:34:39.932+0200] {logging_mixin.py:188} INFO - [2024-04-15T12:34:39.931+0200] {dag.py:3820} INFO - Setting next_dagrun for execute_python_pipeline to None, run_after=None
[2024-04-15T12:34:39.953+0200] {processor.py:183} INFO - Processing /home/mahmoud/airflow/dags/executing_python_pipeline.py took 0.438 seconds
[2024-04-15T12:35:10.097+0200] {processor.py:161} INFO - Started process (PID=5100) to work on /home/mahmoud/airflow/dags/executing_python_pipeline.py
[2024-04-15T12:35:10.099+0200] {processor.py:830} INFO - Processing file /home/mahmoud/airflow/dags/executing_python_pipeline.py for tasks to queue
[2024-04-15T12:35:10.100+0200] {logging_mixin.py:188} INFO - [2024-04-15T12:35:10.099+0200] {dagbag.py:538} INFO - Filling up the DagBag from /home/mahmoud/airflow/dags/executing_python_pipeline.py
[2024-04-15T12:35:10.505+0200] {processor.py:840} INFO - DAG(s) 'execute_python_pipeline' retrieved from /home/mahmoud/airflow/dags/executing_python_pipeline.py
[2024-04-15T12:35:10.516+0200] {logging_mixin.py:188} INFO - [2024-04-15T12:35:10.515+0200] {dag.py:3033} INFO - Sync 1 DAGs
[2024-04-15T12:35:10.529+0200] {logging_mixin.py:188} INFO - [2024-04-15T12:35:10.529+0200] {dag.py:3820} INFO - Setting next_dagrun for execute_python_pipeline to None, run_after=None
[2024-04-15T12:35:10.551+0200] {processor.py:183} INFO - Processing /home/mahmoud/airflow/dags/executing_python_pipeline.py took 0.457 seconds
[2024-04-15T12:35:40.685+0200] {processor.py:161} INFO - Started process (PID=5377) to work on /home/mahmoud/airflow/dags/executing_python_pipeline.py
[2024-04-15T12:35:40.698+0200] {processor.py:830} INFO - Processing file /home/mahmoud/airflow/dags/executing_python_pipeline.py for tasks to queue
[2024-04-15T12:35:40.699+0200] {logging_mixin.py:188} INFO - [2024-04-15T12:35:40.699+0200] {dagbag.py:538} INFO - Filling up the DagBag from /home/mahmoud/airflow/dags/executing_python_pipeline.py
[2024-04-15T12:35:41.122+0200] {processor.py:840} INFO - DAG(s) 'execute_python_pipeline' retrieved from /home/mahmoud/airflow/dags/executing_python_pipeline.py
[2024-04-15T12:35:41.136+0200] {logging_mixin.py:188} INFO - [2024-04-15T12:35:41.134+0200] {dag.py:3033} INFO - Sync 1 DAGs
[2024-04-15T12:35:41.150+0200] {logging_mixin.py:188} INFO - [2024-04-15T12:35:41.150+0200] {dag.py:3820} INFO - Setting next_dagrun for execute_python_pipeline to None, run_after=None
[2024-04-15T12:35:41.173+0200] {processor.py:183} INFO - Processing /home/mahmoud/airflow/dags/executing_python_pipeline.py took 0.492 seconds
[2024-04-15T12:36:11.267+0200] {processor.py:161} INFO - Started process (PID=5614) to work on /home/mahmoud/airflow/dags/executing_python_pipeline.py
[2024-04-15T12:36:11.268+0200] {processor.py:830} INFO - Processing file /home/mahmoud/airflow/dags/executing_python_pipeline.py for tasks to queue
[2024-04-15T12:36:11.269+0200] {logging_mixin.py:188} INFO - [2024-04-15T12:36:11.269+0200] {dagbag.py:538} INFO - Filling up the DagBag from /home/mahmoud/airflow/dags/executing_python_pipeline.py
[2024-04-15T12:36:11.680+0200] {processor.py:840} INFO - DAG(s) 'execute_python_pipeline' retrieved from /home/mahmoud/airflow/dags/executing_python_pipeline.py
[2024-04-15T12:36:11.694+0200] {logging_mixin.py:188} INFO - [2024-04-15T12:36:11.693+0200] {dag.py:3033} INFO - Sync 1 DAGs
[2024-04-15T12:36:11.707+0200] {logging_mixin.py:188} INFO - [2024-04-15T12:36:11.707+0200] {dag.py:3820} INFO - Setting next_dagrun for execute_python_pipeline to None, run_after=None
[2024-04-15T12:36:11.727+0200] {processor.py:183} INFO - Processing /home/mahmoud/airflow/dags/executing_python_pipeline.py took 0.463 seconds
[2024-04-15T12:36:41.842+0200] {processor.py:161} INFO - Started process (PID=5896) to work on /home/mahmoud/airflow/dags/executing_python_pipeline.py
[2024-04-15T12:36:41.843+0200] {processor.py:830} INFO - Processing file /home/mahmoud/airflow/dags/executing_python_pipeline.py for tasks to queue
[2024-04-15T12:36:41.844+0200] {logging_mixin.py:188} INFO - [2024-04-15T12:36:41.844+0200] {dagbag.py:538} INFO - Filling up the DagBag from /home/mahmoud/airflow/dags/executing_python_pipeline.py
[2024-04-15T12:36:42.266+0200] {processor.py:840} INFO - DAG(s) 'execute_python_pipeline' retrieved from /home/mahmoud/airflow/dags/executing_python_pipeline.py
[2024-04-15T12:36:42.278+0200] {logging_mixin.py:188} INFO - [2024-04-15T12:36:42.278+0200] {dag.py:3033} INFO - Sync 1 DAGs
[2024-04-15T12:36:42.293+0200] {logging_mixin.py:188} INFO - [2024-04-15T12:36:42.293+0200] {dag.py:3820} INFO - Setting next_dagrun for execute_python_pipeline to None, run_after=None
[2024-04-15T12:36:42.312+0200] {processor.py:183} INFO - Processing /home/mahmoud/airflow/dags/executing_python_pipeline.py took 0.475 seconds
[2024-04-15T12:37:12.435+0200] {processor.py:161} INFO - Started process (PID=6184) to work on /home/mahmoud/airflow/dags/executing_python_pipeline.py
[2024-04-15T12:37:12.438+0200] {processor.py:830} INFO - Processing file /home/mahmoud/airflow/dags/executing_python_pipeline.py for tasks to queue
[2024-04-15T12:37:12.440+0200] {logging_mixin.py:188} INFO - [2024-04-15T12:37:12.440+0200] {dagbag.py:538} INFO - Filling up the DagBag from /home/mahmoud/airflow/dags/executing_python_pipeline.py
[2024-04-15T12:37:12.852+0200] {processor.py:840} INFO - DAG(s) 'execute_python_pipeline' retrieved from /home/mahmoud/airflow/dags/executing_python_pipeline.py
[2024-04-15T12:37:12.864+0200] {logging_mixin.py:188} INFO - [2024-04-15T12:37:12.863+0200] {dag.py:3033} INFO - Sync 1 DAGs
[2024-04-15T12:37:12.878+0200] {logging_mixin.py:188} INFO - [2024-04-15T12:37:12.878+0200] {dag.py:3820} INFO - Setting next_dagrun for execute_python_pipeline to None, run_after=None
[2024-04-15T12:37:12.902+0200] {processor.py:183} INFO - Processing /home/mahmoud/airflow/dags/executing_python_pipeline.py took 0.473 seconds
[2024-04-15T12:37:43.016+0200] {processor.py:161} INFO - Started process (PID=6461) to work on /home/mahmoud/airflow/dags/executing_python_pipeline.py
[2024-04-15T12:37:43.017+0200] {processor.py:830} INFO - Processing file /home/mahmoud/airflow/dags/executing_python_pipeline.py for tasks to queue
[2024-04-15T12:37:43.018+0200] {logging_mixin.py:188} INFO - [2024-04-15T12:37:43.018+0200] {dagbag.py:538} INFO - Filling up the DagBag from /home/mahmoud/airflow/dags/executing_python_pipeline.py
[2024-04-15T12:37:43.475+0200] {processor.py:840} INFO - DAG(s) 'execute_python_pipeline' retrieved from /home/mahmoud/airflow/dags/executing_python_pipeline.py
[2024-04-15T12:37:43.489+0200] {logging_mixin.py:188} INFO - [2024-04-15T12:37:43.488+0200] {dag.py:3033} INFO - Sync 1 DAGs
[2024-04-15T12:37:43.507+0200] {logging_mixin.py:188} INFO - [2024-04-15T12:37:43.507+0200] {dag.py:3820} INFO - Setting next_dagrun for execute_python_pipeline to None, run_after=None
[2024-04-15T12:37:43.531+0200] {processor.py:183} INFO - Processing /home/mahmoud/airflow/dags/executing_python_pipeline.py took 0.520 seconds
[2024-04-15T12:38:13.708+0200] {processor.py:161} INFO - Started process (PID=6775) to work on /home/mahmoud/airflow/dags/executing_python_pipeline.py
[2024-04-15T12:38:13.710+0200] {processor.py:830} INFO - Processing file /home/mahmoud/airflow/dags/executing_python_pipeline.py for tasks to queue
[2024-04-15T12:38:13.711+0200] {logging_mixin.py:188} INFO - [2024-04-15T12:38:13.711+0200] {dagbag.py:538} INFO - Filling up the DagBag from /home/mahmoud/airflow/dags/executing_python_pipeline.py
[2024-04-15T12:38:14.129+0200] {processor.py:840} INFO - DAG(s) 'execute_python_pipeline' retrieved from /home/mahmoud/airflow/dags/executing_python_pipeline.py
[2024-04-15T12:38:14.142+0200] {logging_mixin.py:188} INFO - [2024-04-15T12:38:14.141+0200] {dag.py:3033} INFO - Sync 1 DAGs
[2024-04-15T12:38:14.157+0200] {logging_mixin.py:188} INFO - [2024-04-15T12:38:14.157+0200] {dag.py:3820} INFO - Setting next_dagrun for execute_python_pipeline to None, run_after=None
[2024-04-15T12:38:14.190+0200] {processor.py:183} INFO - Processing /home/mahmoud/airflow/dags/executing_python_pipeline.py took 0.485 seconds
[2024-04-15T12:38:44.278+0200] {processor.py:161} INFO - Started process (PID=7035) to work on /home/mahmoud/airflow/dags/executing_python_pipeline.py
[2024-04-15T12:38:44.279+0200] {processor.py:830} INFO - Processing file /home/mahmoud/airflow/dags/executing_python_pipeline.py for tasks to queue
[2024-04-15T12:38:44.281+0200] {logging_mixin.py:188} INFO - [2024-04-15T12:38:44.280+0200] {dagbag.py:538} INFO - Filling up the DagBag from /home/mahmoud/airflow/dags/executing_python_pipeline.py
[2024-04-15T12:38:44.682+0200] {processor.py:840} INFO - DAG(s) 'execute_python_pipeline' retrieved from /home/mahmoud/airflow/dags/executing_python_pipeline.py
[2024-04-15T12:38:44.694+0200] {logging_mixin.py:188} INFO - [2024-04-15T12:38:44.693+0200] {dag.py:3033} INFO - Sync 1 DAGs
[2024-04-15T12:38:44.713+0200] {logging_mixin.py:188} INFO - [2024-04-15T12:38:44.713+0200] {dag.py:3820} INFO - Setting next_dagrun for execute_python_pipeline to None, run_after=None
[2024-04-15T12:38:44.745+0200] {processor.py:183} INFO - Processing /home/mahmoud/airflow/dags/executing_python_pipeline.py took 0.472 seconds
[2024-04-15T12:39:14.884+0200] {processor.py:161} INFO - Started process (PID=7375) to work on /home/mahmoud/airflow/dags/executing_python_pipeline.py
[2024-04-15T12:39:14.887+0200] {processor.py:830} INFO - Processing file /home/mahmoud/airflow/dags/executing_python_pipeline.py for tasks to queue
[2024-04-15T12:39:14.889+0200] {logging_mixin.py:188} INFO - [2024-04-15T12:39:14.888+0200] {dagbag.py:538} INFO - Filling up the DagBag from /home/mahmoud/airflow/dags/executing_python_pipeline.py
[2024-04-15T12:39:15.297+0200] {processor.py:840} INFO - DAG(s) 'execute_python_pipeline' retrieved from /home/mahmoud/airflow/dags/executing_python_pipeline.py
[2024-04-15T12:39:15.309+0200] {logging_mixin.py:188} INFO - [2024-04-15T12:39:15.309+0200] {dag.py:3033} INFO - Sync 1 DAGs
[2024-04-15T12:39:15.324+0200] {logging_mixin.py:188} INFO - [2024-04-15T12:39:15.324+0200] {dag.py:3820} INFO - Setting next_dagrun for execute_python_pipeline to None, run_after=None
[2024-04-15T12:39:15.358+0200] {processor.py:183} INFO - Processing /home/mahmoud/airflow/dags/executing_python_pipeline.py took 0.483 seconds
[2024-04-15T12:39:45.432+0200] {processor.py:161} INFO - Started process (PID=7718) to work on /home/mahmoud/airflow/dags/executing_python_pipeline.py
[2024-04-15T12:39:45.433+0200] {processor.py:830} INFO - Processing file /home/mahmoud/airflow/dags/executing_python_pipeline.py for tasks to queue
[2024-04-15T12:39:45.434+0200] {logging_mixin.py:188} INFO - [2024-04-15T12:39:45.433+0200] {dagbag.py:538} INFO - Filling up the DagBag from /home/mahmoud/airflow/dags/executing_python_pipeline.py
[2024-04-15T12:39:45.893+0200] {processor.py:840} INFO - DAG(s) 'execute_python_pipeline' retrieved from /home/mahmoud/airflow/dags/executing_python_pipeline.py
[2024-04-15T12:39:45.906+0200] {logging_mixin.py:188} INFO - [2024-04-15T12:39:45.906+0200] {dag.py:3033} INFO - Sync 1 DAGs
[2024-04-15T12:39:45.921+0200] {logging_mixin.py:188} INFO - [2024-04-15T12:39:45.921+0200] {dag.py:3820} INFO - Setting next_dagrun for execute_python_pipeline to None, run_after=None
[2024-04-15T12:39:45.939+0200] {processor.py:183} INFO - Processing /home/mahmoud/airflow/dags/executing_python_pipeline.py took 0.509 seconds
[2024-04-15T12:40:16.116+0200] {processor.py:161} INFO - Started process (PID=8052) to work on /home/mahmoud/airflow/dags/executing_python_pipeline.py
[2024-04-15T12:40:16.118+0200] {processor.py:830} INFO - Processing file /home/mahmoud/airflow/dags/executing_python_pipeline.py for tasks to queue
[2024-04-15T12:40:16.119+0200] {logging_mixin.py:188} INFO - [2024-04-15T12:40:16.119+0200] {dagbag.py:538} INFO - Filling up the DagBag from /home/mahmoud/airflow/dags/executing_python_pipeline.py
[2024-04-15T12:40:16.512+0200] {processor.py:840} INFO - DAG(s) 'execute_python_pipeline' retrieved from /home/mahmoud/airflow/dags/executing_python_pipeline.py
[2024-04-15T12:40:16.523+0200] {logging_mixin.py:188} INFO - [2024-04-15T12:40:16.523+0200] {dag.py:3033} INFO - Sync 1 DAGs
[2024-04-15T12:40:16.534+0200] {logging_mixin.py:188} INFO - [2024-04-15T12:40:16.534+0200] {dag.py:3820} INFO - Setting next_dagrun for execute_python_pipeline to None, run_after=None
[2024-04-15T12:40:16.588+0200] {processor.py:183} INFO - Processing /home/mahmoud/airflow/dags/executing_python_pipeline.py took 0.475 seconds
[2024-04-15T12:40:46.666+0200] {processor.py:161} INFO - Started process (PID=8461) to work on /home/mahmoud/airflow/dags/executing_python_pipeline.py
[2024-04-15T12:40:46.667+0200] {processor.py:830} INFO - Processing file /home/mahmoud/airflow/dags/executing_python_pipeline.py for tasks to queue
[2024-04-15T12:40:46.669+0200] {logging_mixin.py:188} INFO - [2024-04-15T12:40:46.668+0200] {dagbag.py:538} INFO - Filling up the DagBag from /home/mahmoud/airflow/dags/executing_python_pipeline.py
[2024-04-15T12:40:47.093+0200] {processor.py:840} INFO - DAG(s) 'execute_python_pipeline' retrieved from /home/mahmoud/airflow/dags/executing_python_pipeline.py
[2024-04-15T12:40:47.104+0200] {logging_mixin.py:188} INFO - [2024-04-15T12:40:47.104+0200] {dag.py:3033} INFO - Sync 1 DAGs
[2024-04-15T12:40:47.119+0200] {logging_mixin.py:188} INFO - [2024-04-15T12:40:47.119+0200] {dag.py:3820} INFO - Setting next_dagrun for execute_python_pipeline to None, run_after=None
[2024-04-15T12:40:47.137+0200] {processor.py:183} INFO - Processing /home/mahmoud/airflow/dags/executing_python_pipeline.py took 0.476 seconds
[2024-04-15T12:41:17.248+0200] {processor.py:161} INFO - Started process (PID=8763) to work on /home/mahmoud/airflow/dags/executing_python_pipeline.py
[2024-04-15T12:41:17.261+0200] {processor.py:830} INFO - Processing file /home/mahmoud/airflow/dags/executing_python_pipeline.py for tasks to queue
[2024-04-15T12:41:17.262+0200] {logging_mixin.py:188} INFO - [2024-04-15T12:41:17.262+0200] {dagbag.py:538} INFO - Filling up the DagBag from /home/mahmoud/airflow/dags/executing_python_pipeline.py
[2024-04-15T12:41:17.665+0200] {processor.py:840} INFO - DAG(s) 'execute_python_pipeline' retrieved from /home/mahmoud/airflow/dags/executing_python_pipeline.py
[2024-04-15T12:41:17.678+0200] {logging_mixin.py:188} INFO - [2024-04-15T12:41:17.677+0200] {dag.py:3033} INFO - Sync 1 DAGs
[2024-04-15T12:41:17.691+0200] {logging_mixin.py:188} INFO - [2024-04-15T12:41:17.691+0200] {dag.py:3820} INFO - Setting next_dagrun for execute_python_pipeline to None, run_after=None
[2024-04-15T12:41:17.711+0200] {processor.py:183} INFO - Processing /home/mahmoud/airflow/dags/executing_python_pipeline.py took 0.467 seconds
[2024-04-15T12:41:47.830+0200] {processor.py:161} INFO - Started process (PID=8997) to work on /home/mahmoud/airflow/dags/executing_python_pipeline.py
[2024-04-15T12:41:47.832+0200] {processor.py:830} INFO - Processing file /home/mahmoud/airflow/dags/executing_python_pipeline.py for tasks to queue
[2024-04-15T12:41:47.834+0200] {logging_mixin.py:188} INFO - [2024-04-15T12:41:47.833+0200] {dagbag.py:538} INFO - Filling up the DagBag from /home/mahmoud/airflow/dags/executing_python_pipeline.py
[2024-04-15T12:41:48.229+0200] {processor.py:840} INFO - DAG(s) 'execute_python_pipeline' retrieved from /home/mahmoud/airflow/dags/executing_python_pipeline.py
[2024-04-15T12:41:48.241+0200] {logging_mixin.py:188} INFO - [2024-04-15T12:41:48.240+0200] {dag.py:3033} INFO - Sync 1 DAGs
[2024-04-15T12:41:48.256+0200] {logging_mixin.py:188} INFO - [2024-04-15T12:41:48.256+0200] {dag.py:3820} INFO - Setting next_dagrun for execute_python_pipeline to None, run_after=None
[2024-04-15T12:41:48.279+0200] {processor.py:183} INFO - Processing /home/mahmoud/airflow/dags/executing_python_pipeline.py took 0.455 seconds
[2024-04-15T12:42:18.431+0200] {processor.py:161} INFO - Started process (PID=9227) to work on /home/mahmoud/airflow/dags/executing_python_pipeline.py
[2024-04-15T12:42:18.434+0200] {processor.py:830} INFO - Processing file /home/mahmoud/airflow/dags/executing_python_pipeline.py for tasks to queue
[2024-04-15T12:42:18.435+0200] {logging_mixin.py:188} INFO - [2024-04-15T12:42:18.435+0200] {dagbag.py:538} INFO - Filling up the DagBag from /home/mahmoud/airflow/dags/executing_python_pipeline.py
[2024-04-15T12:42:18.830+0200] {processor.py:840} INFO - DAG(s) 'execute_python_pipeline' retrieved from /home/mahmoud/airflow/dags/executing_python_pipeline.py
[2024-04-15T12:42:18.841+0200] {logging_mixin.py:188} INFO - [2024-04-15T12:42:18.841+0200] {dag.py:3033} INFO - Sync 1 DAGs
[2024-04-15T12:42:18.853+0200] {logging_mixin.py:188} INFO - [2024-04-15T12:42:18.853+0200] {dag.py:3820} INFO - Setting next_dagrun for execute_python_pipeline to None, run_after=None
[2024-04-15T12:42:18.876+0200] {processor.py:183} INFO - Processing /home/mahmoud/airflow/dags/executing_python_pipeline.py took 0.450 seconds
[2024-04-15T12:42:49.044+0200] {processor.py:161} INFO - Started process (PID=9465) to work on /home/mahmoud/airflow/dags/executing_python_pipeline.py
[2024-04-15T12:42:49.047+0200] {processor.py:830} INFO - Processing file /home/mahmoud/airflow/dags/executing_python_pipeline.py for tasks to queue
[2024-04-15T12:42:49.048+0200] {logging_mixin.py:188} INFO - [2024-04-15T12:42:49.048+0200] {dagbag.py:538} INFO - Filling up the DagBag from /home/mahmoud/airflow/dags/executing_python_pipeline.py
[2024-04-15T12:42:49.449+0200] {processor.py:840} INFO - DAG(s) 'execute_python_pipeline' retrieved from /home/mahmoud/airflow/dags/executing_python_pipeline.py
[2024-04-15T12:42:49.459+0200] {logging_mixin.py:188} INFO - [2024-04-15T12:42:49.459+0200] {dag.py:3033} INFO - Sync 1 DAGs
[2024-04-15T12:42:49.471+0200] {logging_mixin.py:188} INFO - [2024-04-15T12:42:49.471+0200] {dag.py:3820} INFO - Setting next_dagrun for execute_python_pipeline to None, run_after=None
[2024-04-15T12:42:49.491+0200] {processor.py:183} INFO - Processing /home/mahmoud/airflow/dags/executing_python_pipeline.py took 0.453 seconds
[2024-04-15T12:43:19.648+0200] {processor.py:161} INFO - Started process (PID=9764) to work on /home/mahmoud/airflow/dags/executing_python_pipeline.py
[2024-04-15T12:43:19.650+0200] {processor.py:830} INFO - Processing file /home/mahmoud/airflow/dags/executing_python_pipeline.py for tasks to queue
[2024-04-15T12:43:19.652+0200] {logging_mixin.py:188} INFO - [2024-04-15T12:43:19.651+0200] {dagbag.py:538} INFO - Filling up the DagBag from /home/mahmoud/airflow/dags/executing_python_pipeline.py
[2024-04-15T12:43:20.041+0200] {processor.py:840} INFO - DAG(s) 'execute_python_pipeline' retrieved from /home/mahmoud/airflow/dags/executing_python_pipeline.py
[2024-04-15T12:43:20.052+0200] {logging_mixin.py:188} INFO - [2024-04-15T12:43:20.052+0200] {dag.py:3033} INFO - Sync 1 DAGs
[2024-04-15T12:43:20.066+0200] {logging_mixin.py:188} INFO - [2024-04-15T12:43:20.066+0200] {dag.py:3820} INFO - Setting next_dagrun for execute_python_pipeline to None, run_after=None
[2024-04-15T12:43:20.086+0200] {processor.py:183} INFO - Processing /home/mahmoud/airflow/dags/executing_python_pipeline.py took 0.445 seconds
[2024-04-15T12:43:50.239+0200] {processor.py:161} INFO - Started process (PID=10000) to work on /home/mahmoud/airflow/dags/executing_python_pipeline.py
[2024-04-15T12:43:50.243+0200] {processor.py:830} INFO - Processing file /home/mahmoud/airflow/dags/executing_python_pipeline.py for tasks to queue
[2024-04-15T12:43:50.245+0200] {logging_mixin.py:188} INFO - [2024-04-15T12:43:50.244+0200] {dagbag.py:538} INFO - Filling up the DagBag from /home/mahmoud/airflow/dags/executing_python_pipeline.py
[2024-04-15T12:43:50.638+0200] {processor.py:840} INFO - DAG(s) 'execute_python_pipeline' retrieved from /home/mahmoud/airflow/dags/executing_python_pipeline.py
[2024-04-15T12:43:50.650+0200] {logging_mixin.py:188} INFO - [2024-04-15T12:43:50.650+0200] {dag.py:3033} INFO - Sync 1 DAGs
[2024-04-15T12:43:50.665+0200] {logging_mixin.py:188} INFO - [2024-04-15T12:43:50.665+0200] {dag.py:3820} INFO - Setting next_dagrun for execute_python_pipeline to None, run_after=None
[2024-04-15T12:43:50.684+0200] {processor.py:183} INFO - Processing /home/mahmoud/airflow/dags/executing_python_pipeline.py took 0.453 seconds
[2024-04-15T12:44:20.823+0200] {processor.py:161} INFO - Started process (PID=10235) to work on /home/mahmoud/airflow/dags/executing_python_pipeline.py
[2024-04-15T12:44:20.825+0200] {processor.py:830} INFO - Processing file /home/mahmoud/airflow/dags/executing_python_pipeline.py for tasks to queue
[2024-04-15T12:44:20.826+0200] {logging_mixin.py:188} INFO - [2024-04-15T12:44:20.826+0200] {dagbag.py:538} INFO - Filling up the DagBag from /home/mahmoud/airflow/dags/executing_python_pipeline.py
[2024-04-15T12:44:21.217+0200] {processor.py:840} INFO - DAG(s) 'execute_python_pipeline' retrieved from /home/mahmoud/airflow/dags/executing_python_pipeline.py
[2024-04-15T12:44:21.228+0200] {logging_mixin.py:188} INFO - [2024-04-15T12:44:21.228+0200] {dag.py:3033} INFO - Sync 1 DAGs
[2024-04-15T12:44:21.244+0200] {logging_mixin.py:188} INFO - [2024-04-15T12:44:21.244+0200] {dag.py:3820} INFO - Setting next_dagrun for execute_python_pipeline to None, run_after=None
[2024-04-15T12:44:21.293+0200] {processor.py:183} INFO - Processing /home/mahmoud/airflow/dags/executing_python_pipeline.py took 0.474 seconds
[2024-04-15T12:44:51.397+0200] {processor.py:161} INFO - Started process (PID=10465) to work on /home/mahmoud/airflow/dags/executing_python_pipeline.py
[2024-04-15T12:44:51.399+0200] {processor.py:830} INFO - Processing file /home/mahmoud/airflow/dags/executing_python_pipeline.py for tasks to queue
[2024-04-15T12:44:51.399+0200] {logging_mixin.py:188} INFO - [2024-04-15T12:44:51.399+0200] {dagbag.py:538} INFO - Filling up the DagBag from /home/mahmoud/airflow/dags/executing_python_pipeline.py
[2024-04-15T12:44:51.896+0200] {processor.py:840} INFO - DAG(s) 'execute_python_pipeline' retrieved from /home/mahmoud/airflow/dags/executing_python_pipeline.py
[2024-04-15T12:44:51.918+0200] {logging_mixin.py:188} INFO - [2024-04-15T12:44:51.916+0200] {dag.py:3033} INFO - Sync 1 DAGs
[2024-04-15T12:44:51.936+0200] {logging_mixin.py:188} INFO - [2024-04-15T12:44:51.936+0200] {dag.py:3820} INFO - Setting next_dagrun for execute_python_pipeline to None, run_after=None
[2024-04-15T12:44:51.963+0200] {processor.py:183} INFO - Processing /home/mahmoud/airflow/dags/executing_python_pipeline.py took 0.569 seconds
[2024-04-15T12:45:22.089+0200] {processor.py:161} INFO - Started process (PID=10705) to work on /home/mahmoud/airflow/dags/executing_python_pipeline.py
[2024-04-15T12:45:22.091+0200] {processor.py:830} INFO - Processing file /home/mahmoud/airflow/dags/executing_python_pipeline.py for tasks to queue
[2024-04-15T12:45:22.093+0200] {logging_mixin.py:188} INFO - [2024-04-15T12:45:22.092+0200] {dagbag.py:538} INFO - Filling up the DagBag from /home/mahmoud/airflow/dags/executing_python_pipeline.py
[2024-04-15T12:45:22.485+0200] {processor.py:840} INFO - DAG(s) 'execute_python_pipeline' retrieved from /home/mahmoud/airflow/dags/executing_python_pipeline.py
[2024-04-15T12:45:22.497+0200] {logging_mixin.py:188} INFO - [2024-04-15T12:45:22.497+0200] {dag.py:3033} INFO - Sync 1 DAGs
[2024-04-15T12:45:22.509+0200] {logging_mixin.py:188} INFO - [2024-04-15T12:45:22.509+0200] {dag.py:3820} INFO - Setting next_dagrun for execute_python_pipeline to None, run_after=None
[2024-04-15T12:45:22.528+0200] {processor.py:183} INFO - Processing /home/mahmoud/airflow/dags/executing_python_pipeline.py took 0.446 seconds
[2024-04-15T12:45:52.714+0200] {processor.py:161} INFO - Started process (PID=10968) to work on /home/mahmoud/airflow/dags/executing_python_pipeline.py
[2024-04-15T12:45:52.716+0200] {processor.py:830} INFO - Processing file /home/mahmoud/airflow/dags/executing_python_pipeline.py for tasks to queue
[2024-04-15T12:45:52.717+0200] {logging_mixin.py:188} INFO - [2024-04-15T12:45:52.717+0200] {dagbag.py:538} INFO - Filling up the DagBag from /home/mahmoud/airflow/dags/executing_python_pipeline.py
[2024-04-15T12:45:53.128+0200] {processor.py:840} INFO - DAG(s) 'execute_python_pipeline' retrieved from /home/mahmoud/airflow/dags/executing_python_pipeline.py
[2024-04-15T12:45:53.140+0200] {logging_mixin.py:188} INFO - [2024-04-15T12:45:53.140+0200] {dag.py:3033} INFO - Sync 1 DAGs
[2024-04-15T12:45:53.156+0200] {logging_mixin.py:188} INFO - [2024-04-15T12:45:53.156+0200] {dag.py:3820} INFO - Setting next_dagrun for execute_python_pipeline to None, run_after=None
[2024-04-15T12:45:53.190+0200] {processor.py:183} INFO - Processing /home/mahmoud/airflow/dags/executing_python_pipeline.py took 0.481 seconds
[2024-04-15T12:46:23.300+0200] {processor.py:161} INFO - Started process (PID=11203) to work on /home/mahmoud/airflow/dags/executing_python_pipeline.py
[2024-04-15T12:46:23.301+0200] {processor.py:830} INFO - Processing file /home/mahmoud/airflow/dags/executing_python_pipeline.py for tasks to queue
[2024-04-15T12:46:23.302+0200] {logging_mixin.py:188} INFO - [2024-04-15T12:46:23.301+0200] {dagbag.py:538} INFO - Filling up the DagBag from /home/mahmoud/airflow/dags/executing_python_pipeline.py
[2024-04-15T12:46:23.727+0200] {processor.py:840} INFO - DAG(s) 'execute_python_pipeline' retrieved from /home/mahmoud/airflow/dags/executing_python_pipeline.py
[2024-04-15T12:46:23.737+0200] {logging_mixin.py:188} INFO - [2024-04-15T12:46:23.737+0200] {dag.py:3033} INFO - Sync 1 DAGs
[2024-04-15T12:46:23.750+0200] {logging_mixin.py:188} INFO - [2024-04-15T12:46:23.749+0200] {dag.py:3820} INFO - Setting next_dagrun for execute_python_pipeline to None, run_after=None
[2024-04-15T12:46:23.772+0200] {processor.py:183} INFO - Processing /home/mahmoud/airflow/dags/executing_python_pipeline.py took 0.475 seconds
[2024-04-15T12:46:55.013+0200] {processor.py:161} INFO - Started process (PID=11444) to work on /home/mahmoud/airflow/dags/executing_python_pipeline.py
[2024-04-15T12:46:55.025+0200] {processor.py:830} INFO - Processing file /home/mahmoud/airflow/dags/executing_python_pipeline.py for tasks to queue
[2024-04-15T12:46:55.026+0200] {logging_mixin.py:188} INFO - [2024-04-15T12:46:55.026+0200] {dagbag.py:538} INFO - Filling up the DagBag from /home/mahmoud/airflow/dags/executing_python_pipeline.py
[2024-04-15T12:46:55.437+0200] {processor.py:840} INFO - DAG(s) 'execute_python_pipeline' retrieved from /home/mahmoud/airflow/dags/executing_python_pipeline.py
[2024-04-15T12:46:55.451+0200] {logging_mixin.py:188} INFO - [2024-04-15T12:46:55.450+0200] {dag.py:3033} INFO - Sync 1 DAGs
[2024-04-15T12:46:55.467+0200] {logging_mixin.py:188} INFO - [2024-04-15T12:46:55.466+0200] {dag.py:3820} INFO - Setting next_dagrun for execute_python_pipeline to None, run_after=None
[2024-04-15T12:46:55.486+0200] {processor.py:183} INFO - Processing /home/mahmoud/airflow/dags/executing_python_pipeline.py took 0.480 seconds
[2024-04-15T12:47:25.853+0200] {processor.py:161} INFO - Started process (PID=11680) to work on /home/mahmoud/airflow/dags/executing_python_pipeline.py
[2024-04-15T12:47:25.865+0200] {processor.py:830} INFO - Processing file /home/mahmoud/airflow/dags/executing_python_pipeline.py for tasks to queue
[2024-04-15T12:47:25.867+0200] {logging_mixin.py:188} INFO - [2024-04-15T12:47:25.866+0200] {dagbag.py:538} INFO - Filling up the DagBag from /home/mahmoud/airflow/dags/executing_python_pipeline.py
[2024-04-15T12:47:26.276+0200] {processor.py:840} INFO - DAG(s) 'execute_python_pipeline' retrieved from /home/mahmoud/airflow/dags/executing_python_pipeline.py
[2024-04-15T12:47:26.287+0200] {logging_mixin.py:188} INFO - [2024-04-15T12:47:26.287+0200] {dag.py:3033} INFO - Sync 1 DAGs
[2024-04-15T12:47:26.300+0200] {logging_mixin.py:188} INFO - [2024-04-15T12:47:26.300+0200] {dag.py:3820} INFO - Setting next_dagrun for execute_python_pipeline to None, run_after=None
[2024-04-15T12:47:26.331+0200] {processor.py:183} INFO - Processing /home/mahmoud/airflow/dags/executing_python_pipeline.py took 0.484 seconds
[2024-04-15T12:47:56.537+0200] {processor.py:161} INFO - Started process (PID=11917) to work on /home/mahmoud/airflow/dags/executing_python_pipeline.py
[2024-04-15T12:47:56.538+0200] {processor.py:830} INFO - Processing file /home/mahmoud/airflow/dags/executing_python_pipeline.py for tasks to queue
[2024-04-15T12:47:56.540+0200] {logging_mixin.py:188} INFO - [2024-04-15T12:47:56.539+0200] {dagbag.py:538} INFO - Filling up the DagBag from /home/mahmoud/airflow/dags/executing_python_pipeline.py
[2024-04-15T12:47:56.966+0200] {processor.py:840} INFO - DAG(s) 'execute_python_pipeline' retrieved from /home/mahmoud/airflow/dags/executing_python_pipeline.py
[2024-04-15T12:47:56.980+0200] {logging_mixin.py:188} INFO - [2024-04-15T12:47:56.980+0200] {dag.py:3033} INFO - Sync 1 DAGs
[2024-04-15T12:47:56.995+0200] {logging_mixin.py:188} INFO - [2024-04-15T12:47:56.995+0200] {dag.py:3820} INFO - Setting next_dagrun for execute_python_pipeline to None, run_after=None
[2024-04-15T12:47:57.057+0200] {processor.py:183} INFO - Processing /home/mahmoud/airflow/dags/executing_python_pipeline.py took 0.525 seconds
[2024-04-15T12:48:28.051+0200] {processor.py:161} INFO - Started process (PID=12155) to work on /home/mahmoud/airflow/dags/executing_python_pipeline.py
[2024-04-15T12:48:28.063+0200] {processor.py:830} INFO - Processing file /home/mahmoud/airflow/dags/executing_python_pipeline.py for tasks to queue
[2024-04-15T12:48:28.064+0200] {logging_mixin.py:188} INFO - [2024-04-15T12:48:28.064+0200] {dagbag.py:538} INFO - Filling up the DagBag from /home/mahmoud/airflow/dags/executing_python_pipeline.py
[2024-04-15T12:48:28.450+0200] {processor.py:840} INFO - DAG(s) 'execute_python_pipeline' retrieved from /home/mahmoud/airflow/dags/executing_python_pipeline.py
[2024-04-15T12:48:28.463+0200] {logging_mixin.py:188} INFO - [2024-04-15T12:48:28.462+0200] {dag.py:3033} INFO - Sync 1 DAGs
[2024-04-15T12:48:28.475+0200] {logging_mixin.py:188} INFO - [2024-04-15T12:48:28.475+0200] {dag.py:3820} INFO - Setting next_dagrun for execute_python_pipeline to None, run_after=None
[2024-04-15T12:48:28.509+0200] {processor.py:183} INFO - Processing /home/mahmoud/airflow/dags/executing_python_pipeline.py took 0.463 seconds
[2024-04-15T12:48:59.614+0200] {processor.py:161} INFO - Started process (PID=12394) to work on /home/mahmoud/airflow/dags/executing_python_pipeline.py
[2024-04-15T12:48:59.615+0200] {processor.py:830} INFO - Processing file /home/mahmoud/airflow/dags/executing_python_pipeline.py for tasks to queue
[2024-04-15T12:48:59.616+0200] {logging_mixin.py:188} INFO - [2024-04-15T12:48:59.616+0200] {dagbag.py:538} INFO - Filling up the DagBag from /home/mahmoud/airflow/dags/executing_python_pipeline.py
[2024-04-15T12:49:00.009+0200] {processor.py:840} INFO - DAG(s) 'execute_python_pipeline' retrieved from /home/mahmoud/airflow/dags/executing_python_pipeline.py
[2024-04-15T12:49:00.021+0200] {logging_mixin.py:188} INFO - [2024-04-15T12:49:00.021+0200] {dag.py:3033} INFO - Sync 1 DAGs
[2024-04-15T12:49:00.035+0200] {logging_mixin.py:188} INFO - [2024-04-15T12:49:00.035+0200] {dag.py:3820} INFO - Setting next_dagrun for execute_python_pipeline to None, run_after=None
[2024-04-15T12:49:00.066+0200] {processor.py:183} INFO - Processing /home/mahmoud/airflow/dags/executing_python_pipeline.py took 0.458 seconds
[2024-04-15T12:49:30.195+0200] {processor.py:161} INFO - Started process (PID=12628) to work on /home/mahmoud/airflow/dags/executing_python_pipeline.py
[2024-04-15T12:49:30.206+0200] {processor.py:830} INFO - Processing file /home/mahmoud/airflow/dags/executing_python_pipeline.py for tasks to queue
[2024-04-15T12:49:30.207+0200] {logging_mixin.py:188} INFO - [2024-04-15T12:49:30.207+0200] {dagbag.py:538} INFO - Filling up the DagBag from /home/mahmoud/airflow/dags/executing_python_pipeline.py
[2024-04-15T12:49:30.637+0200] {processor.py:840} INFO - DAG(s) 'execute_python_pipeline' retrieved from /home/mahmoud/airflow/dags/executing_python_pipeline.py
[2024-04-15T12:49:30.648+0200] {logging_mixin.py:188} INFO - [2024-04-15T12:49:30.647+0200] {dag.py:3033} INFO - Sync 1 DAGs
[2024-04-15T12:49:30.659+0200] {logging_mixin.py:188} INFO - [2024-04-15T12:49:30.659+0200] {dag.py:3820} INFO - Setting next_dagrun for execute_python_pipeline to None, run_after=None
[2024-04-15T12:49:30.681+0200] {processor.py:183} INFO - Processing /home/mahmoud/airflow/dags/executing_python_pipeline.py took 0.490 seconds
[2024-04-15T12:50:01.388+0200] {processor.py:161} INFO - Started process (PID=12868) to work on /home/mahmoud/airflow/dags/executing_python_pipeline.py
[2024-04-15T12:50:01.390+0200] {processor.py:830} INFO - Processing file /home/mahmoud/airflow/dags/executing_python_pipeline.py for tasks to queue
[2024-04-15T12:50:01.391+0200] {logging_mixin.py:188} INFO - [2024-04-15T12:50:01.391+0200] {dagbag.py:538} INFO - Filling up the DagBag from /home/mahmoud/airflow/dags/executing_python_pipeline.py
[2024-04-15T12:50:01.841+0200] {processor.py:840} INFO - DAG(s) 'execute_python_pipeline' retrieved from /home/mahmoud/airflow/dags/executing_python_pipeline.py
[2024-04-15T12:50:01.853+0200] {logging_mixin.py:188} INFO - [2024-04-15T12:50:01.853+0200] {dag.py:3033} INFO - Sync 1 DAGs
[2024-04-15T12:50:01.869+0200] {logging_mixin.py:188} INFO - [2024-04-15T12:50:01.869+0200] {dag.py:3820} INFO - Setting next_dagrun for execute_python_pipeline to None, run_after=None
[2024-04-15T12:50:01.888+0200] {processor.py:183} INFO - Processing /home/mahmoud/airflow/dags/executing_python_pipeline.py took 0.503 seconds
[2024-04-15T12:50:32.372+0200] {processor.py:161} INFO - Started process (PID=13134) to work on /home/mahmoud/airflow/dags/executing_python_pipeline.py
[2024-04-15T12:50:32.374+0200] {processor.py:830} INFO - Processing file /home/mahmoud/airflow/dags/executing_python_pipeline.py for tasks to queue
[2024-04-15T12:50:32.375+0200] {logging_mixin.py:188} INFO - [2024-04-15T12:50:32.375+0200] {dagbag.py:538} INFO - Filling up the DagBag from /home/mahmoud/airflow/dags/executing_python_pipeline.py
[2024-04-15T12:50:32.783+0200] {processor.py:840} INFO - DAG(s) 'execute_python_pipeline' retrieved from /home/mahmoud/airflow/dags/executing_python_pipeline.py
[2024-04-15T12:50:32.794+0200] {logging_mixin.py:188} INFO - [2024-04-15T12:50:32.793+0200] {dag.py:3033} INFO - Sync 1 DAGs
[2024-04-15T12:50:32.805+0200] {logging_mixin.py:188} INFO - [2024-04-15T12:50:32.805+0200] {dag.py:3820} INFO - Setting next_dagrun for execute_python_pipeline to None, run_after=None
[2024-04-15T12:50:32.836+0200] {processor.py:183} INFO - Processing /home/mahmoud/airflow/dags/executing_python_pipeline.py took 0.470 seconds
[2024-04-15T12:51:03.229+0200] {processor.py:161} INFO - Started process (PID=13371) to work on /home/mahmoud/airflow/dags/executing_python_pipeline.py
[2024-04-15T12:51:03.231+0200] {processor.py:830} INFO - Processing file /home/mahmoud/airflow/dags/executing_python_pipeline.py for tasks to queue
[2024-04-15T12:51:03.232+0200] {logging_mixin.py:188} INFO - [2024-04-15T12:51:03.231+0200] {dagbag.py:538} INFO - Filling up the DagBag from /home/mahmoud/airflow/dags/executing_python_pipeline.py
[2024-04-15T12:51:03.622+0200] {processor.py:840} INFO - DAG(s) 'execute_python_pipeline' retrieved from /home/mahmoud/airflow/dags/executing_python_pipeline.py
[2024-04-15T12:51:03.633+0200] {logging_mixin.py:188} INFO - [2024-04-15T12:51:03.633+0200] {dag.py:3033} INFO - Sync 1 DAGs
[2024-04-15T12:51:03.645+0200] {logging_mixin.py:188} INFO - [2024-04-15T12:51:03.645+0200] {dag.py:3820} INFO - Setting next_dagrun for execute_python_pipeline to None, run_after=None
[2024-04-15T12:51:03.663+0200] {processor.py:183} INFO - Processing /home/mahmoud/airflow/dags/executing_python_pipeline.py took 0.437 seconds
[2024-04-15T12:51:34.139+0200] {processor.py:161} INFO - Started process (PID=13606) to work on /home/mahmoud/airflow/dags/executing_python_pipeline.py
[2024-04-15T12:51:34.141+0200] {processor.py:830} INFO - Processing file /home/mahmoud/airflow/dags/executing_python_pipeline.py for tasks to queue
[2024-04-15T12:51:34.143+0200] {logging_mixin.py:188} INFO - [2024-04-15T12:51:34.142+0200] {dagbag.py:538} INFO - Filling up the DagBag from /home/mahmoud/airflow/dags/executing_python_pipeline.py
[2024-04-15T12:51:34.574+0200] {processor.py:840} INFO - DAG(s) 'execute_python_pipeline' retrieved from /home/mahmoud/airflow/dags/executing_python_pipeline.py
[2024-04-15T12:51:34.585+0200] {logging_mixin.py:188} INFO - [2024-04-15T12:51:34.585+0200] {dag.py:3033} INFO - Sync 1 DAGs
[2024-04-15T12:51:34.597+0200] {logging_mixin.py:188} INFO - [2024-04-15T12:51:34.597+0200] {dag.py:3820} INFO - Setting next_dagrun for execute_python_pipeline to None, run_after=None
[2024-04-15T12:51:34.617+0200] {processor.py:183} INFO - Processing /home/mahmoud/airflow/dags/executing_python_pipeline.py took 0.486 seconds
[2024-04-15T12:52:04.990+0200] {processor.py:161} INFO - Started process (PID=13843) to work on /home/mahmoud/airflow/dags/executing_python_pipeline.py
[2024-04-15T12:52:04.993+0200] {processor.py:830} INFO - Processing file /home/mahmoud/airflow/dags/executing_python_pipeline.py for tasks to queue
[2024-04-15T12:52:04.994+0200] {logging_mixin.py:188} INFO - [2024-04-15T12:52:04.993+0200] {dagbag.py:538} INFO - Filling up the DagBag from /home/mahmoud/airflow/dags/executing_python_pipeline.py
[2024-04-15T12:52:05.389+0200] {processor.py:840} INFO - DAG(s) 'execute_python_pipeline' retrieved from /home/mahmoud/airflow/dags/executing_python_pipeline.py
[2024-04-15T12:52:05.401+0200] {logging_mixin.py:188} INFO - [2024-04-15T12:52:05.401+0200] {dag.py:3033} INFO - Sync 1 DAGs
[2024-04-15T12:52:05.414+0200] {logging_mixin.py:188} INFO - [2024-04-15T12:52:05.413+0200] {dag.py:3820} INFO - Setting next_dagrun for execute_python_pipeline to None, run_after=None
[2024-04-15T12:52:05.440+0200] {processor.py:183} INFO - Processing /home/mahmoud/airflow/dags/executing_python_pipeline.py took 0.456 seconds
[2024-04-15T12:52:35.810+0200] {processor.py:161} INFO - Started process (PID=14079) to work on /home/mahmoud/airflow/dags/executing_python_pipeline.py
[2024-04-15T12:52:35.811+0200] {processor.py:830} INFO - Processing file /home/mahmoud/airflow/dags/executing_python_pipeline.py for tasks to queue
[2024-04-15T12:52:35.812+0200] {logging_mixin.py:188} INFO - [2024-04-15T12:52:35.811+0200] {dagbag.py:538} INFO - Filling up the DagBag from /home/mahmoud/airflow/dags/executing_python_pipeline.py
[2024-04-15T12:52:36.201+0200] {processor.py:840} INFO - DAG(s) 'execute_python_pipeline' retrieved from /home/mahmoud/airflow/dags/executing_python_pipeline.py
[2024-04-15T12:52:36.212+0200] {logging_mixin.py:188} INFO - [2024-04-15T12:52:36.211+0200] {dag.py:3033} INFO - Sync 1 DAGs
[2024-04-15T12:52:36.224+0200] {logging_mixin.py:188} INFO - [2024-04-15T12:52:36.224+0200] {dag.py:3820} INFO - Setting next_dagrun for execute_python_pipeline to None, run_after=None
[2024-04-15T12:52:36.256+0200] {processor.py:183} INFO - Processing /home/mahmoud/airflow/dags/executing_python_pipeline.py took 0.448 seconds
[2024-04-15T12:53:06.423+0200] {processor.py:161} INFO - Started process (PID=14308) to work on /home/mahmoud/airflow/dags/executing_python_pipeline.py
[2024-04-15T12:53:06.426+0200] {processor.py:830} INFO - Processing file /home/mahmoud/airflow/dags/executing_python_pipeline.py for tasks to queue
[2024-04-15T12:53:06.428+0200] {logging_mixin.py:188} INFO - [2024-04-15T12:53:06.427+0200] {dagbag.py:538} INFO - Filling up the DagBag from /home/mahmoud/airflow/dags/executing_python_pipeline.py
[2024-04-15T12:53:06.820+0200] {processor.py:840} INFO - DAG(s) 'execute_python_pipeline' retrieved from /home/mahmoud/airflow/dags/executing_python_pipeline.py
[2024-04-15T12:53:06.830+0200] {logging_mixin.py:188} INFO - [2024-04-15T12:53:06.830+0200] {dag.py:3033} INFO - Sync 1 DAGs
[2024-04-15T12:53:06.842+0200] {logging_mixin.py:188} INFO - [2024-04-15T12:53:06.842+0200] {dag.py:3820} INFO - Setting next_dagrun for execute_python_pipeline to None, run_after=None
[2024-04-15T12:53:06.862+0200] {processor.py:183} INFO - Processing /home/mahmoud/airflow/dags/executing_python_pipeline.py took 0.446 seconds
[2024-04-15T12:53:37.441+0200] {processor.py:161} INFO - Started process (PID=14547) to work on /home/mahmoud/airflow/dags/executing_python_pipeline.py
[2024-04-15T12:53:37.444+0200] {processor.py:830} INFO - Processing file /home/mahmoud/airflow/dags/executing_python_pipeline.py for tasks to queue
[2024-04-15T12:53:37.446+0200] {logging_mixin.py:188} INFO - [2024-04-15T12:53:37.445+0200] {dagbag.py:538} INFO - Filling up the DagBag from /home/mahmoud/airflow/dags/executing_python_pipeline.py
[2024-04-15T12:53:37.879+0200] {processor.py:840} INFO - DAG(s) 'execute_python_pipeline' retrieved from /home/mahmoud/airflow/dags/executing_python_pipeline.py
[2024-04-15T12:53:37.889+0200] {logging_mixin.py:188} INFO - [2024-04-15T12:53:37.889+0200] {dag.py:3033} INFO - Sync 1 DAGs
[2024-04-15T12:53:37.904+0200] {logging_mixin.py:188} INFO - [2024-04-15T12:53:37.903+0200] {dag.py:3820} INFO - Setting next_dagrun for execute_python_pipeline to None, run_after=None
[2024-04-15T12:53:37.926+0200] {processor.py:183} INFO - Processing /home/mahmoud/airflow/dags/executing_python_pipeline.py took 0.490 seconds
[2024-04-15T12:54:08.413+0200] {processor.py:161} INFO - Started process (PID=14784) to work on /home/mahmoud/airflow/dags/executing_python_pipeline.py
[2024-04-15T12:54:08.415+0200] {processor.py:830} INFO - Processing file /home/mahmoud/airflow/dags/executing_python_pipeline.py for tasks to queue
[2024-04-15T12:54:08.416+0200] {logging_mixin.py:188} INFO - [2024-04-15T12:54:08.416+0200] {dagbag.py:538} INFO - Filling up the DagBag from /home/mahmoud/airflow/dags/executing_python_pipeline.py
[2024-04-15T12:54:09.017+0200] {processor.py:840} INFO - DAG(s) 'execute_python_pipeline' retrieved from /home/mahmoud/airflow/dags/executing_python_pipeline.py
[2024-04-15T12:54:09.043+0200] {logging_mixin.py:188} INFO - [2024-04-15T12:54:09.042+0200] {dag.py:3033} INFO - Sync 1 DAGs
[2024-04-15T12:54:09.076+0200] {logging_mixin.py:188} INFO - [2024-04-15T12:54:09.075+0200] {dag.py:3820} INFO - Setting next_dagrun for execute_python_pipeline to None, run_after=None
[2024-04-15T12:54:09.113+0200] {processor.py:183} INFO - Processing /home/mahmoud/airflow/dags/executing_python_pipeline.py took 0.704 seconds
[2024-04-15T12:54:43.337+0200] {processor.py:161} INFO - Started process (PID=15020) to work on /home/mahmoud/airflow/dags/executing_python_pipeline.py
[2024-04-15T12:54:43.357+0200] {processor.py:830} INFO - Processing file /home/mahmoud/airflow/dags/executing_python_pipeline.py for tasks to queue
[2024-04-15T12:54:43.366+0200] {logging_mixin.py:188} INFO - [2024-04-15T12:54:43.363+0200] {dagbag.py:538} INFO - Filling up the DagBag from /home/mahmoud/airflow/dags/executing_python_pipeline.py
[2024-04-15T12:54:47.170+0200] {processor.py:840} INFO - DAG(s) 'execute_python_pipeline' retrieved from /home/mahmoud/airflow/dags/executing_python_pipeline.py
[2024-04-15T12:54:47.439+0200] {logging_mixin.py:188} INFO - [2024-04-15T12:54:47.432+0200] {dag.py:3033} INFO - Sync 1 DAGs
[2024-04-15T12:54:48.174+0200] {logging_mixin.py:188} INFO - [2024-04-15T12:54:48.172+0200] {dag.py:3820} INFO - Setting next_dagrun for execute_python_pipeline to None, run_after=None
[2024-04-15T12:54:49.050+0200] {processor.py:183} INFO - Processing /home/mahmoud/airflow/dags/executing_python_pipeline.py took 5.744 seconds
[2024-04-15T12:55:27.831+0200] {processor.py:161} INFO - Started process (PID=15315) to work on /home/mahmoud/airflow/dags/executing_python_pipeline.py
[2024-04-15T12:55:27.850+0200] {processor.py:830} INFO - Processing file /home/mahmoud/airflow/dags/executing_python_pipeline.py for tasks to queue
[2024-04-15T12:55:27.859+0200] {logging_mixin.py:188} INFO - [2024-04-15T12:55:27.856+0200] {dagbag.py:538} INFO - Filling up the DagBag from /home/mahmoud/airflow/dags/executing_python_pipeline.py
[2024-04-15T12:55:31.958+0200] {processor.py:840} INFO - DAG(s) 'execute_python_pipeline' retrieved from /home/mahmoud/airflow/dags/executing_python_pipeline.py
[2024-04-15T12:55:32.167+0200] {logging_mixin.py:188} INFO - [2024-04-15T12:55:32.162+0200] {dag.py:3033} INFO - Sync 1 DAGs
[2024-04-15T12:55:32.553+0200] {logging_mixin.py:188} INFO - [2024-04-15T12:55:32.551+0200] {dag.py:3820} INFO - Setting next_dagrun for execute_python_pipeline to None, run_after=None
[2024-04-15T12:55:32.847+0200] {processor.py:183} INFO - Processing /home/mahmoud/airflow/dags/executing_python_pipeline.py took 5.043 seconds
[2024-04-15T12:56:03.277+0200] {processor.py:161} INFO - Started process (PID=15543) to work on /home/mahmoud/airflow/dags/executing_python_pipeline.py
[2024-04-15T12:56:03.285+0200] {processor.py:830} INFO - Processing file /home/mahmoud/airflow/dags/executing_python_pipeline.py for tasks to queue
[2024-04-15T12:56:03.292+0200] {logging_mixin.py:188} INFO - [2024-04-15T12:56:03.290+0200] {dagbag.py:538} INFO - Filling up the DagBag from /home/mahmoud/airflow/dags/executing_python_pipeline.py
[2024-04-15T12:56:07.575+0200] {processor.py:840} INFO - DAG(s) 'execute_python_pipeline' retrieved from /home/mahmoud/airflow/dags/executing_python_pipeline.py
[2024-04-15T12:56:07.722+0200] {logging_mixin.py:188} INFO - [2024-04-15T12:56:07.718+0200] {dag.py:3033} INFO - Sync 1 DAGs
[2024-04-15T12:56:07.850+0200] {logging_mixin.py:188} INFO - [2024-04-15T12:56:07.849+0200] {dag.py:3820} INFO - Setting next_dagrun for execute_python_pipeline to None, run_after=None
[2024-04-15T12:56:08.015+0200] {processor.py:183} INFO - Processing /home/mahmoud/airflow/dags/executing_python_pipeline.py took 4.763 seconds
[2024-04-15T12:56:38.833+0200] {processor.py:161} INFO - Started process (PID=15771) to work on /home/mahmoud/airflow/dags/executing_python_pipeline.py
[2024-04-15T12:56:38.839+0200] {processor.py:830} INFO - Processing file /home/mahmoud/airflow/dags/executing_python_pipeline.py for tasks to queue
[2024-04-15T12:56:38.846+0200] {logging_mixin.py:188} INFO - [2024-04-15T12:56:38.843+0200] {dagbag.py:538} INFO - Filling up the DagBag from /home/mahmoud/airflow/dags/executing_python_pipeline.py
[2024-04-15T12:56:42.633+0200] {processor.py:840} INFO - DAG(s) 'execute_python_pipeline' retrieved from /home/mahmoud/airflow/dags/executing_python_pipeline.py
[2024-04-15T12:56:42.742+0200] {logging_mixin.py:188} INFO - [2024-04-15T12:56:42.739+0200] {dag.py:3033} INFO - Sync 1 DAGs
[2024-04-15T12:56:42.877+0200] {logging_mixin.py:188} INFO - [2024-04-15T12:56:42.876+0200] {dag.py:3820} INFO - Setting next_dagrun for execute_python_pipeline to None, run_after=None
[2024-04-15T12:56:43.051+0200] {processor.py:183} INFO - Processing /home/mahmoud/airflow/dags/executing_python_pipeline.py took 4.244 seconds
[2024-04-15T12:57:14.323+0200] {processor.py:161} INFO - Started process (PID=15989) to work on /home/mahmoud/airflow/dags/executing_python_pipeline.py
[2024-04-15T12:57:14.332+0200] {processor.py:830} INFO - Processing file /home/mahmoud/airflow/dags/executing_python_pipeline.py for tasks to queue
[2024-04-15T12:57:14.346+0200] {logging_mixin.py:188} INFO - [2024-04-15T12:57:14.342+0200] {dagbag.py:538} INFO - Filling up the DagBag from /home/mahmoud/airflow/dags/executing_python_pipeline.py
[2024-04-15T12:57:18.240+0200] {processor.py:840} INFO - DAG(s) 'execute_python_pipeline' retrieved from /home/mahmoud/airflow/dags/executing_python_pipeline.py
[2024-04-15T12:57:18.421+0200] {logging_mixin.py:188} INFO - [2024-04-15T12:57:18.410+0200] {dag.py:3033} INFO - Sync 1 DAGs
[2024-04-15T12:57:18.636+0200] {logging_mixin.py:188} INFO - [2024-04-15T12:57:18.634+0200] {dag.py:3820} INFO - Setting next_dagrun for execute_python_pipeline to None, run_after=None
[2024-04-15T12:57:18.830+0200] {processor.py:183} INFO - Processing /home/mahmoud/airflow/dags/executing_python_pipeline.py took 4.563 seconds
[2024-04-15T12:57:49.344+0200] {processor.py:161} INFO - Started process (PID=16205) to work on /home/mahmoud/airflow/dags/executing_python_pipeline.py
[2024-04-15T12:57:49.355+0200] {processor.py:830} INFO - Processing file /home/mahmoud/airflow/dags/executing_python_pipeline.py for tasks to queue
[2024-04-15T12:57:49.363+0200] {logging_mixin.py:188} INFO - [2024-04-15T12:57:49.360+0200] {dagbag.py:538} INFO - Filling up the DagBag from /home/mahmoud/airflow/dags/executing_python_pipeline.py
[2024-04-15T12:57:53.493+0200] {processor.py:840} INFO - DAG(s) 'execute_python_pipeline' retrieved from /home/mahmoud/airflow/dags/executing_python_pipeline.py
[2024-04-15T12:57:53.717+0200] {logging_mixin.py:188} INFO - [2024-04-15T12:57:53.714+0200] {dag.py:3033} INFO - Sync 1 DAGs
[2024-04-15T12:57:53.932+0200] {logging_mixin.py:188} INFO - [2024-04-15T12:57:53.930+0200] {dag.py:3820} INFO - Setting next_dagrun for execute_python_pipeline to None, run_after=None
[2024-04-15T12:57:54.175+0200] {processor.py:183} INFO - Processing /home/mahmoud/airflow/dags/executing_python_pipeline.py took 4.862 seconds
[2024-04-15T12:58:25.271+0200] {processor.py:161} INFO - Started process (PID=16415) to work on /home/mahmoud/airflow/dags/executing_python_pipeline.py
[2024-04-15T12:58:25.286+0200] {processor.py:830} INFO - Processing file /home/mahmoud/airflow/dags/executing_python_pipeline.py for tasks to queue
[2024-04-15T12:58:25.295+0200] {logging_mixin.py:188} INFO - [2024-04-15T12:58:25.292+0200] {dagbag.py:538} INFO - Filling up the DagBag from /home/mahmoud/airflow/dags/executing_python_pipeline.py
[2024-04-15T12:58:29.059+0200] {processor.py:840} INFO - DAG(s) 'execute_python_pipeline' retrieved from /home/mahmoud/airflow/dags/executing_python_pipeline.py
[2024-04-15T12:58:29.193+0200] {logging_mixin.py:188} INFO - [2024-04-15T12:58:29.190+0200] {dag.py:3033} INFO - Sync 1 DAGs
[2024-04-15T12:58:29.410+0200] {logging_mixin.py:188} INFO - [2024-04-15T12:58:29.409+0200] {dag.py:3820} INFO - Setting next_dagrun for execute_python_pipeline to None, run_after=None
[2024-04-15T12:58:29.613+0200] {processor.py:183} INFO - Processing /home/mahmoud/airflow/dags/executing_python_pipeline.py took 4.376 seconds
[2024-04-15T12:59:00.141+0200] {processor.py:161} INFO - Started process (PID=16626) to work on /home/mahmoud/airflow/dags/executing_python_pipeline.py
[2024-04-15T12:59:00.152+0200] {processor.py:830} INFO - Processing file /home/mahmoud/airflow/dags/executing_python_pipeline.py for tasks to queue
[2024-04-15T12:59:00.161+0200] {logging_mixin.py:188} INFO - [2024-04-15T12:59:00.158+0200] {dagbag.py:538} INFO - Filling up the DagBag from /home/mahmoud/airflow/dags/executing_python_pipeline.py
[2024-04-15T12:59:04.038+0200] {processor.py:840} INFO - DAG(s) 'execute_python_pipeline' retrieved from /home/mahmoud/airflow/dags/executing_python_pipeline.py
[2024-04-15T12:59:04.170+0200] {logging_mixin.py:188} INFO - [2024-04-15T12:59:04.166+0200] {dag.py:3033} INFO - Sync 1 DAGs
[2024-04-15T12:59:04.351+0200] {logging_mixin.py:188} INFO - [2024-04-15T12:59:04.350+0200] {dag.py:3820} INFO - Setting next_dagrun for execute_python_pipeline to None, run_after=None
[2024-04-15T12:59:04.560+0200] {processor.py:183} INFO - Processing /home/mahmoud/airflow/dags/executing_python_pipeline.py took 4.448 seconds
[2024-04-15T12:59:35.678+0200] {processor.py:161} INFO - Started process (PID=16847) to work on /home/mahmoud/airflow/dags/executing_python_pipeline.py
[2024-04-15T12:59:35.683+0200] {processor.py:830} INFO - Processing file /home/mahmoud/airflow/dags/executing_python_pipeline.py for tasks to queue
[2024-04-15T12:59:35.687+0200] {logging_mixin.py:188} INFO - [2024-04-15T12:59:35.685+0200] {dagbag.py:538} INFO - Filling up the DagBag from /home/mahmoud/airflow/dags/executing_python_pipeline.py
[2024-04-15T12:59:37.493+0200] {processor.py:840} INFO - DAG(s) 'execute_python_pipeline' retrieved from /home/mahmoud/airflow/dags/executing_python_pipeline.py
[2024-04-15T12:59:37.551+0200] {logging_mixin.py:188} INFO - [2024-04-15T12:59:37.546+0200] {dag.py:3033} INFO - Sync 1 DAGs
[2024-04-15T12:59:37.633+0200] {logging_mixin.py:188} INFO - [2024-04-15T12:59:37.632+0200] {dag.py:3820} INFO - Setting next_dagrun for execute_python_pipeline to None, run_after=None
[2024-04-15T12:59:37.737+0200] {processor.py:183} INFO - Processing /home/mahmoud/airflow/dags/executing_python_pipeline.py took 2.072 seconds
[2024-04-15T13:00:08.074+0200] {processor.py:161} INFO - Started process (PID=17044) to work on /home/mahmoud/airflow/dags/executing_python_pipeline.py
[2024-04-15T13:00:08.083+0200] {processor.py:830} INFO - Processing file /home/mahmoud/airflow/dags/executing_python_pipeline.py for tasks to queue
[2024-04-15T13:00:08.090+0200] {logging_mixin.py:188} INFO - [2024-04-15T13:00:08.087+0200] {dagbag.py:538} INFO - Filling up the DagBag from /home/mahmoud/airflow/dags/executing_python_pipeline.py
[2024-04-15T13:00:12.509+0200] {processor.py:840} INFO - DAG(s) 'execute_python_pipeline' retrieved from /home/mahmoud/airflow/dags/executing_python_pipeline.py
[2024-04-15T13:00:12.641+0200] {logging_mixin.py:188} INFO - [2024-04-15T13:00:12.638+0200] {dag.py:3033} INFO - Sync 1 DAGs
[2024-04-15T13:00:12.803+0200] {logging_mixin.py:188} INFO - [2024-04-15T13:00:12.802+0200] {dag.py:3820} INFO - Setting next_dagrun for execute_python_pipeline to None, run_after=None
[2024-04-15T13:00:12.955+0200] {processor.py:183} INFO - Processing /home/mahmoud/airflow/dags/executing_python_pipeline.py took 4.906 seconds
[2024-04-15T13:00:43.591+0200] {processor.py:161} INFO - Started process (PID=17275) to work on /home/mahmoud/airflow/dags/executing_python_pipeline.py
[2024-04-15T13:00:43.600+0200] {processor.py:830} INFO - Processing file /home/mahmoud/airflow/dags/executing_python_pipeline.py for tasks to queue
[2024-04-15T13:00:43.607+0200] {logging_mixin.py:188} INFO - [2024-04-15T13:00:43.605+0200] {dagbag.py:538} INFO - Filling up the DagBag from /home/mahmoud/airflow/dags/executing_python_pipeline.py
[2024-04-15T13:00:47.631+0200] {processor.py:840} INFO - DAG(s) 'execute_python_pipeline' retrieved from /home/mahmoud/airflow/dags/executing_python_pipeline.py
[2024-04-15T13:00:47.764+0200] {logging_mixin.py:188} INFO - [2024-04-15T13:00:47.762+0200] {dag.py:3033} INFO - Sync 1 DAGs
[2024-04-15T13:00:47.901+0200] {logging_mixin.py:188} INFO - [2024-04-15T13:00:47.900+0200] {dag.py:3820} INFO - Setting next_dagrun for execute_python_pipeline to None, run_after=None
[2024-04-15T13:00:48.077+0200] {processor.py:183} INFO - Processing /home/mahmoud/airflow/dags/executing_python_pipeline.py took 4.512 seconds
[2024-04-15T13:01:20.001+0200] {processor.py:161} INFO - Started process (PID=17490) to work on /home/mahmoud/airflow/dags/executing_python_pipeline.py
[2024-04-15T13:01:20.012+0200] {processor.py:830} INFO - Processing file /home/mahmoud/airflow/dags/executing_python_pipeline.py for tasks to queue
[2024-04-15T13:01:20.019+0200] {logging_mixin.py:188} INFO - [2024-04-15T13:01:20.016+0200] {dagbag.py:538} INFO - Filling up the DagBag from /home/mahmoud/airflow/dags/executing_python_pipeline.py
[2024-04-15T13:01:23.846+0200] {processor.py:840} INFO - DAG(s) 'execute_python_pipeline' retrieved from /home/mahmoud/airflow/dags/executing_python_pipeline.py
[2024-04-15T13:01:23.958+0200] {logging_mixin.py:188} INFO - [2024-04-15T13:01:23.955+0200] {dag.py:3033} INFO - Sync 1 DAGs
[2024-04-15T13:01:24.105+0200] {logging_mixin.py:188} INFO - [2024-04-15T13:01:24.103+0200] {dag.py:3820} INFO - Setting next_dagrun for execute_python_pipeline to None, run_after=None
[2024-04-15T13:01:24.274+0200] {processor.py:183} INFO - Processing /home/mahmoud/airflow/dags/executing_python_pipeline.py took 4.298 seconds
[2024-04-15T13:01:55.574+0200] {processor.py:161} INFO - Started process (PID=17696) to work on /home/mahmoud/airflow/dags/executing_python_pipeline.py
[2024-04-15T13:01:55.583+0200] {processor.py:830} INFO - Processing file /home/mahmoud/airflow/dags/executing_python_pipeline.py for tasks to queue
[2024-04-15T13:01:55.592+0200] {logging_mixin.py:188} INFO - [2024-04-15T13:01:55.588+0200] {dagbag.py:538} INFO - Filling up the DagBag from /home/mahmoud/airflow/dags/executing_python_pipeline.py
[2024-04-15T13:01:59.354+0200] {processor.py:840} INFO - DAG(s) 'execute_python_pipeline' retrieved from /home/mahmoud/airflow/dags/executing_python_pipeline.py
[2024-04-15T13:01:59.551+0200] {logging_mixin.py:188} INFO - [2024-04-15T13:01:59.548+0200] {dag.py:3033} INFO - Sync 1 DAGs
[2024-04-15T13:01:59.756+0200] {logging_mixin.py:188} INFO - [2024-04-15T13:01:59.755+0200] {dag.py:3820} INFO - Setting next_dagrun for execute_python_pipeline to None, run_after=None
[2024-04-15T13:01:59.928+0200] {processor.py:183} INFO - Processing /home/mahmoud/airflow/dags/executing_python_pipeline.py took 4.399 seconds
[2024-04-15T13:02:30.568+0200] {processor.py:161} INFO - Started process (PID=17899) to work on /home/mahmoud/airflow/dags/executing_python_pipeline.py
[2024-04-15T13:02:30.576+0200] {processor.py:830} INFO - Processing file /home/mahmoud/airflow/dags/executing_python_pipeline.py for tasks to queue
[2024-04-15T13:02:30.583+0200] {logging_mixin.py:188} INFO - [2024-04-15T13:02:30.581+0200] {dagbag.py:538} INFO - Filling up the DagBag from /home/mahmoud/airflow/dags/executing_python_pipeline.py
[2024-04-15T13:02:34.555+0200] {processor.py:840} INFO - DAG(s) 'execute_python_pipeline' retrieved from /home/mahmoud/airflow/dags/executing_python_pipeline.py
[2024-04-15T13:02:34.676+0200] {logging_mixin.py:188} INFO - [2024-04-15T13:02:34.673+0200] {dag.py:3033} INFO - Sync 1 DAGs
[2024-04-15T13:02:34.823+0200] {logging_mixin.py:188} INFO - [2024-04-15T13:02:34.821+0200] {dag.py:3820} INFO - Setting next_dagrun for execute_python_pipeline to None, run_after=None
[2024-04-15T13:02:34.989+0200] {processor.py:183} INFO - Processing /home/mahmoud/airflow/dags/executing_python_pipeline.py took 4.448 seconds
[2024-04-15T13:22:31.902+0200] {processor.py:161} INFO - Started process (PID=18221) to work on /home/mahmoud/airflow/dags/executing_python_pipeline.py
[2024-04-15T13:22:31.914+0200] {processor.py:830} INFO - Processing file /home/mahmoud/airflow/dags/executing_python_pipeline.py for tasks to queue
[2024-04-15T13:22:31.915+0200] {logging_mixin.py:188} INFO - [2024-04-15T13:22:31.915+0200] {dagbag.py:538} INFO - Filling up the DagBag from /home/mahmoud/airflow/dags/executing_python_pipeline.py
[2024-04-15T13:22:32.355+0200] {processor.py:840} INFO - DAG(s) 'execute_python_pipeline' retrieved from /home/mahmoud/airflow/dags/executing_python_pipeline.py
[2024-04-15T13:22:32.365+0200] {logging_mixin.py:188} INFO - [2024-04-15T13:22:32.365+0200] {dag.py:3033} INFO - Sync 1 DAGs
[2024-04-15T13:22:32.378+0200] {logging_mixin.py:188} INFO - [2024-04-15T13:22:32.378+0200] {dag.py:3820} INFO - Setting next_dagrun for execute_python_pipeline to None, run_after=None
[2024-04-15T13:22:32.396+0200] {processor.py:183} INFO - Processing /home/mahmoud/airflow/dags/executing_python_pipeline.py took 0.497 seconds
[2024-04-15T13:23:02.766+0200] {processor.py:161} INFO - Started process (PID=18378) to work on /home/mahmoud/airflow/dags/executing_python_pipeline.py
[2024-04-15T13:23:02.768+0200] {processor.py:830} INFO - Processing file /home/mahmoud/airflow/dags/executing_python_pipeline.py for tasks to queue
[2024-04-15T13:23:02.769+0200] {logging_mixin.py:188} INFO - [2024-04-15T13:23:02.768+0200] {dagbag.py:538} INFO - Filling up the DagBag from /home/mahmoud/airflow/dags/executing_python_pipeline.py
[2024-04-15T13:23:03.155+0200] {processor.py:840} INFO - DAG(s) 'execute_python_pipeline' retrieved from /home/mahmoud/airflow/dags/executing_python_pipeline.py
[2024-04-15T13:23:03.165+0200] {logging_mixin.py:188} INFO - [2024-04-15T13:23:03.165+0200] {dag.py:3033} INFO - Sync 1 DAGs
[2024-04-15T13:23:03.178+0200] {logging_mixin.py:188} INFO - [2024-04-15T13:23:03.178+0200] {dag.py:3820} INFO - Setting next_dagrun for execute_python_pipeline to None, run_after=None
[2024-04-15T13:23:03.198+0200] {processor.py:183} INFO - Processing /home/mahmoud/airflow/dags/executing_python_pipeline.py took 0.435 seconds
[2024-04-15T13:23:33.473+0200] {processor.py:161} INFO - Started process (PID=18532) to work on /home/mahmoud/airflow/dags/executing_python_pipeline.py
[2024-04-15T13:23:33.485+0200] {processor.py:830} INFO - Processing file /home/mahmoud/airflow/dags/executing_python_pipeline.py for tasks to queue
[2024-04-15T13:23:33.486+0200] {logging_mixin.py:188} INFO - [2024-04-15T13:23:33.486+0200] {dagbag.py:538} INFO - Filling up the DagBag from /home/mahmoud/airflow/dags/executing_python_pipeline.py
[2024-04-15T13:23:33.883+0200] {processor.py:840} INFO - DAG(s) 'execute_python_pipeline' retrieved from /home/mahmoud/airflow/dags/executing_python_pipeline.py
[2024-04-15T13:23:33.896+0200] {logging_mixin.py:188} INFO - [2024-04-15T13:23:33.896+0200] {dag.py:3033} INFO - Sync 1 DAGs
[2024-04-15T13:23:33.912+0200] {logging_mixin.py:188} INFO - [2024-04-15T13:23:33.911+0200] {dag.py:3820} INFO - Setting next_dagrun for execute_python_pipeline to None, run_after=None
[2024-04-15T13:23:33.932+0200] {processor.py:183} INFO - Processing /home/mahmoud/airflow/dags/executing_python_pipeline.py took 0.464 seconds
[2024-04-15T13:24:04.047+0200] {processor.py:161} INFO - Started process (PID=18684) to work on /home/mahmoud/airflow/dags/executing_python_pipeline.py
[2024-04-15T13:24:04.049+0200] {processor.py:830} INFO - Processing file /home/mahmoud/airflow/dags/executing_python_pipeline.py for tasks to queue
[2024-04-15T13:24:04.050+0200] {logging_mixin.py:188} INFO - [2024-04-15T13:24:04.050+0200] {dagbag.py:538} INFO - Filling up the DagBag from /home/mahmoud/airflow/dags/executing_python_pipeline.py
[2024-04-15T13:24:04.448+0200] {processor.py:840} INFO - DAG(s) 'execute_python_pipeline' retrieved from /home/mahmoud/airflow/dags/executing_python_pipeline.py
[2024-04-15T13:24:04.461+0200] {logging_mixin.py:188} INFO - [2024-04-15T13:24:04.461+0200] {dag.py:3033} INFO - Sync 1 DAGs
[2024-04-15T13:24:04.475+0200] {logging_mixin.py:188} INFO - [2024-04-15T13:24:04.474+0200] {dag.py:3820} INFO - Setting next_dagrun for execute_python_pipeline to None, run_after=None
[2024-04-15T13:24:04.496+0200] {processor.py:183} INFO - Processing /home/mahmoud/airflow/dags/executing_python_pipeline.py took 0.456 seconds
[2024-04-15T13:24:34.654+0200] {processor.py:161} INFO - Started process (PID=18836) to work on /home/mahmoud/airflow/dags/executing_python_pipeline.py
[2024-04-15T13:24:34.667+0200] {processor.py:830} INFO - Processing file /home/mahmoud/airflow/dags/executing_python_pipeline.py for tasks to queue
[2024-04-15T13:24:34.669+0200] {logging_mixin.py:188} INFO - [2024-04-15T13:24:34.668+0200] {dagbag.py:538} INFO - Filling up the DagBag from /home/mahmoud/airflow/dags/executing_python_pipeline.py
[2024-04-15T13:24:35.149+0200] {processor.py:840} INFO - DAG(s) 'execute_python_pipeline' retrieved from /home/mahmoud/airflow/dags/executing_python_pipeline.py
[2024-04-15T13:24:35.173+0200] {logging_mixin.py:188} INFO - [2024-04-15T13:24:35.172+0200] {dag.py:3033} INFO - Sync 1 DAGs
[2024-04-15T13:24:35.190+0200] {logging_mixin.py:188} INFO - [2024-04-15T13:24:35.190+0200] {dag.py:3820} INFO - Setting next_dagrun for execute_python_pipeline to None, run_after=None
[2024-04-15T13:24:35.216+0200] {processor.py:183} INFO - Processing /home/mahmoud/airflow/dags/executing_python_pipeline.py took 0.573 seconds
[2024-04-15T13:25:06.585+0200] {processor.py:161} INFO - Started process (PID=18997) to work on /home/mahmoud/airflow/dags/executing_python_pipeline.py
[2024-04-15T13:25:06.586+0200] {processor.py:830} INFO - Processing file /home/mahmoud/airflow/dags/executing_python_pipeline.py for tasks to queue
[2024-04-15T13:25:06.587+0200] {logging_mixin.py:188} INFO - [2024-04-15T13:25:06.586+0200] {dagbag.py:538} INFO - Filling up the DagBag from /home/mahmoud/airflow/dags/executing_python_pipeline.py
[2024-04-15T13:25:07.085+0200] {processor.py:840} INFO - DAG(s) 'execute_python_pipeline' retrieved from /home/mahmoud/airflow/dags/executing_python_pipeline.py
[2024-04-15T13:25:07.098+0200] {logging_mixin.py:188} INFO - [2024-04-15T13:25:07.098+0200] {dag.py:3033} INFO - Sync 1 DAGs
[2024-04-15T13:25:07.116+0200] {logging_mixin.py:188} INFO - [2024-04-15T13:25:07.116+0200] {dag.py:3820} INFO - Setting next_dagrun for execute_python_pipeline to None, run_after=None
[2024-04-15T13:25:07.151+0200] {processor.py:183} INFO - Processing /home/mahmoud/airflow/dags/executing_python_pipeline.py took 0.570 seconds
[2024-04-15T13:25:38.250+0200] {processor.py:161} INFO - Started process (PID=19181) to work on /home/mahmoud/airflow/dags/executing_python_pipeline.py
[2024-04-15T13:25:38.252+0200] {processor.py:830} INFO - Processing file /home/mahmoud/airflow/dags/executing_python_pipeline.py for tasks to queue
[2024-04-15T13:25:38.253+0200] {logging_mixin.py:188} INFO - [2024-04-15T13:25:38.253+0200] {dagbag.py:538} INFO - Filling up the DagBag from /home/mahmoud/airflow/dags/executing_python_pipeline.py
[2024-04-15T13:25:39.043+0200] {processor.py:840} INFO - DAG(s) 'execute_python_pipeline' retrieved from /home/mahmoud/airflow/dags/executing_python_pipeline.py
[2024-04-15T13:25:39.069+0200] {logging_mixin.py:188} INFO - [2024-04-15T13:25:39.068+0200] {dag.py:3033} INFO - Sync 1 DAGs
[2024-04-15T13:25:39.097+0200] {logging_mixin.py:188} INFO - [2024-04-15T13:25:39.097+0200] {dag.py:3820} INFO - Setting next_dagrun for execute_python_pipeline to None, run_after=None
[2024-04-15T13:25:39.141+0200] {processor.py:183} INFO - Processing /home/mahmoud/airflow/dags/executing_python_pipeline.py took 0.895 seconds
