[2024-04-15T12:30:28.032+0200] {processor.py:161} INFO - Started process (PID=2225) to work on /home/mahmoud/airflow/dags/exec_multi_tasks_w_sep_bash_scripts.py
[2024-04-15T12:30:28.033+0200] {processor.py:830} INFO - Processing file /home/mahmoud/airflow/dags/exec_multi_tasks_w_sep_bash_scripts.py for tasks to queue
[2024-04-15T12:30:28.034+0200] {logging_mixin.py:188} INFO - [2024-04-15T12:30:28.034+0200] {dagbag.py:538} INFO - Filling up the DagBag from /home/mahmoud/airflow/dags/exec_multi_tasks_w_sep_bash_scripts.py
[2024-04-15T12:30:28.052+0200] {processor.py:840} INFO - DAG(s) 'execute_multiple_bash_scripts_tasks_' retrieved from /home/mahmoud/airflow/dags/exec_multi_tasks_w_sep_bash_scripts.py
[2024-04-15T12:30:28.125+0200] {logging_mixin.py:188} INFO - [2024-04-15T12:30:28.125+0200] {dag.py:3033} INFO - Sync 1 DAGs
[2024-04-15T12:30:28.153+0200] {logging_mixin.py:188} INFO - [2024-04-15T12:30:28.153+0200] {dag.py:3820} INFO - Setting next_dagrun for execute_multiple_bash_scripts_tasks_ to 2024-03-17T00:00:00+00:00, run_after=2024-03-17T12:00:00+00:00
[2024-04-15T12:30:28.183+0200] {processor.py:183} INFO - Processing /home/mahmoud/airflow/dags/exec_multi_tasks_w_sep_bash_scripts.py took 0.153 seconds
[2024-04-15T12:30:58.783+0200] {processor.py:161} INFO - Started process (PID=2592) to work on /home/mahmoud/airflow/dags/exec_multi_tasks_w_sep_bash_scripts.py
[2024-04-15T12:30:58.784+0200] {processor.py:830} INFO - Processing file /home/mahmoud/airflow/dags/exec_multi_tasks_w_sep_bash_scripts.py for tasks to queue
[2024-04-15T12:30:58.785+0200] {logging_mixin.py:188} INFO - [2024-04-15T12:30:58.784+0200] {dagbag.py:538} INFO - Filling up the DagBag from /home/mahmoud/airflow/dags/exec_multi_tasks_w_sep_bash_scripts.py
[2024-04-15T12:30:58.802+0200] {processor.py:840} INFO - DAG(s) 'execute_multiple_bash_scripts_tasks_' retrieved from /home/mahmoud/airflow/dags/exec_multi_tasks_w_sep_bash_scripts.py
[2024-04-15T12:30:58.832+0200] {logging_mixin.py:188} INFO - [2024-04-15T12:30:58.832+0200] {dag.py:3033} INFO - Sync 1 DAGs
[2024-04-15T12:30:58.944+0200] {logging_mixin.py:188} INFO - [2024-04-15T12:30:58.944+0200] {dag.py:3820} INFO - Setting next_dagrun for execute_multiple_bash_scripts_tasks_ to 2024-03-17T00:00:00+00:00, run_after=2024-03-17T12:00:00+00:00
[2024-04-15T12:30:58.984+0200] {processor.py:183} INFO - Processing /home/mahmoud/airflow/dags/exec_multi_tasks_w_sep_bash_scripts.py took 0.205 seconds
[2024-04-15T12:31:29.379+0200] {processor.py:161} INFO - Started process (PID=2952) to work on /home/mahmoud/airflow/dags/exec_multi_tasks_w_sep_bash_scripts.py
[2024-04-15T12:31:29.390+0200] {processor.py:830} INFO - Processing file /home/mahmoud/airflow/dags/exec_multi_tasks_w_sep_bash_scripts.py for tasks to queue
[2024-04-15T12:31:29.391+0200] {logging_mixin.py:188} INFO - [2024-04-15T12:31:29.391+0200] {dagbag.py:538} INFO - Filling up the DagBag from /home/mahmoud/airflow/dags/exec_multi_tasks_w_sep_bash_scripts.py
[2024-04-15T12:31:29.405+0200] {processor.py:840} INFO - DAG(s) 'execute_multiple_bash_scripts_tasks_' retrieved from /home/mahmoud/airflow/dags/exec_multi_tasks_w_sep_bash_scripts.py
[2024-04-15T12:31:29.420+0200] {logging_mixin.py:188} INFO - [2024-04-15T12:31:29.420+0200] {dag.py:3033} INFO - Sync 1 DAGs
[2024-04-15T12:31:29.438+0200] {logging_mixin.py:188} INFO - [2024-04-15T12:31:29.437+0200] {dag.py:3820} INFO - Setting next_dagrun for execute_multiple_bash_scripts_tasks_ to 2024-03-17T00:00:00+00:00, run_after=2024-03-17T12:00:00+00:00
[2024-04-15T12:31:29.474+0200] {processor.py:183} INFO - Processing /home/mahmoud/airflow/dags/exec_multi_tasks_w_sep_bash_scripts.py took 0.098 seconds
[2024-04-15T12:32:00.258+0200] {processor.py:161} INFO - Started process (PID=3190) to work on /home/mahmoud/airflow/dags/exec_multi_tasks_w_sep_bash_scripts.py
[2024-04-15T12:32:00.260+0200] {processor.py:830} INFO - Processing file /home/mahmoud/airflow/dags/exec_multi_tasks_w_sep_bash_scripts.py for tasks to queue
[2024-04-15T12:32:00.261+0200] {logging_mixin.py:188} INFO - [2024-04-15T12:32:00.261+0200] {dagbag.py:538} INFO - Filling up the DagBag from /home/mahmoud/airflow/dags/exec_multi_tasks_w_sep_bash_scripts.py
[2024-04-15T12:32:00.278+0200] {processor.py:840} INFO - DAG(s) 'execute_multiple_bash_scripts_tasks_' retrieved from /home/mahmoud/airflow/dags/exec_multi_tasks_w_sep_bash_scripts.py
[2024-04-15T12:32:00.295+0200] {logging_mixin.py:188} INFO - [2024-04-15T12:32:00.294+0200] {dag.py:3033} INFO - Sync 1 DAGs
[2024-04-15T12:32:00.311+0200] {logging_mixin.py:188} INFO - [2024-04-15T12:32:00.311+0200] {dag.py:3820} INFO - Setting next_dagrun for execute_multiple_bash_scripts_tasks_ to 2024-03-17T00:00:00+00:00, run_after=2024-03-17T12:00:00+00:00
[2024-04-15T12:32:00.346+0200] {processor.py:183} INFO - Processing /home/mahmoud/airflow/dags/exec_multi_tasks_w_sep_bash_scripts.py took 0.092 seconds
[2024-04-15T12:32:31.108+0200] {processor.py:161} INFO - Started process (PID=3428) to work on /home/mahmoud/airflow/dags/exec_multi_tasks_w_sep_bash_scripts.py
[2024-04-15T12:32:31.109+0200] {processor.py:830} INFO - Processing file /home/mahmoud/airflow/dags/exec_multi_tasks_w_sep_bash_scripts.py for tasks to queue
[2024-04-15T12:32:31.109+0200] {logging_mixin.py:188} INFO - [2024-04-15T12:32:31.109+0200] {dagbag.py:538} INFO - Filling up the DagBag from /home/mahmoud/airflow/dags/exec_multi_tasks_w_sep_bash_scripts.py
[2024-04-15T12:32:31.123+0200] {processor.py:840} INFO - DAG(s) 'execute_multiple_bash_scripts_tasks_' retrieved from /home/mahmoud/airflow/dags/exec_multi_tasks_w_sep_bash_scripts.py
[2024-04-15T12:32:31.138+0200] {logging_mixin.py:188} INFO - [2024-04-15T12:32:31.138+0200] {dag.py:3033} INFO - Sync 1 DAGs
[2024-04-15T12:32:31.160+0200] {logging_mixin.py:188} INFO - [2024-04-15T12:32:31.160+0200] {dag.py:3820} INFO - Setting next_dagrun for execute_multiple_bash_scripts_tasks_ to 2024-03-17T00:00:00+00:00, run_after=2024-03-17T12:00:00+00:00
[2024-04-15T12:32:31.180+0200] {processor.py:183} INFO - Processing /home/mahmoud/airflow/dags/exec_multi_tasks_w_sep_bash_scripts.py took 0.075 seconds
[2024-04-15T12:33:01.952+0200] {processor.py:161} INFO - Started process (PID=3735) to work on /home/mahmoud/airflow/dags/exec_multi_tasks_w_sep_bash_scripts.py
[2024-04-15T12:33:01.954+0200] {processor.py:830} INFO - Processing file /home/mahmoud/airflow/dags/exec_multi_tasks_w_sep_bash_scripts.py for tasks to queue
[2024-04-15T12:33:01.955+0200] {logging_mixin.py:188} INFO - [2024-04-15T12:33:01.954+0200] {dagbag.py:538} INFO - Filling up the DagBag from /home/mahmoud/airflow/dags/exec_multi_tasks_w_sep_bash_scripts.py
[2024-04-15T12:33:01.978+0200] {processor.py:840} INFO - DAG(s) 'execute_multiple_bash_scripts_tasks_' retrieved from /home/mahmoud/airflow/dags/exec_multi_tasks_w_sep_bash_scripts.py
[2024-04-15T12:33:01.997+0200] {logging_mixin.py:188} INFO - [2024-04-15T12:33:01.996+0200] {dag.py:3033} INFO - Sync 1 DAGs
[2024-04-15T12:33:02.014+0200] {logging_mixin.py:188} INFO - [2024-04-15T12:33:02.014+0200] {dag.py:3820} INFO - Setting next_dagrun for execute_multiple_bash_scripts_tasks_ to 2024-03-17T00:00:00+00:00, run_after=2024-03-17T12:00:00+00:00
[2024-04-15T12:33:02.044+0200] {processor.py:183} INFO - Processing /home/mahmoud/airflow/dags/exec_multi_tasks_w_sep_bash_scripts.py took 0.099 seconds
[2024-04-15T12:33:32.859+0200] {processor.py:161} INFO - Started process (PID=4008) to work on /home/mahmoud/airflow/dags/exec_multi_tasks_w_sep_bash_scripts.py
[2024-04-15T12:33:32.860+0200] {processor.py:830} INFO - Processing file /home/mahmoud/airflow/dags/exec_multi_tasks_w_sep_bash_scripts.py for tasks to queue
[2024-04-15T12:33:32.862+0200] {logging_mixin.py:188} INFO - [2024-04-15T12:33:32.861+0200] {dagbag.py:538} INFO - Filling up the DagBag from /home/mahmoud/airflow/dags/exec_multi_tasks_w_sep_bash_scripts.py
[2024-04-15T12:33:32.882+0200] {processor.py:840} INFO - DAG(s) 'execute_multiple_bash_scripts_tasks_' retrieved from /home/mahmoud/airflow/dags/exec_multi_tasks_w_sep_bash_scripts.py
[2024-04-15T12:33:32.900+0200] {logging_mixin.py:188} INFO - [2024-04-15T12:33:32.900+0200] {dag.py:3033} INFO - Sync 1 DAGs
[2024-04-15T12:33:32.918+0200] {logging_mixin.py:188} INFO - [2024-04-15T12:33:32.918+0200] {dag.py:3820} INFO - Setting next_dagrun for execute_multiple_bash_scripts_tasks_ to 2024-03-17T00:00:00+00:00, run_after=2024-03-17T12:00:00+00:00
[2024-04-15T12:33:32.951+0200] {processor.py:183} INFO - Processing /home/mahmoud/airflow/dags/exec_multi_tasks_w_sep_bash_scripts.py took 0.098 seconds
[2024-04-15T12:34:03.694+0200] {processor.py:161} INFO - Started process (PID=4338) to work on /home/mahmoud/airflow/dags/exec_multi_tasks_w_sep_bash_scripts.py
[2024-04-15T12:34:03.706+0200] {processor.py:830} INFO - Processing file /home/mahmoud/airflow/dags/exec_multi_tasks_w_sep_bash_scripts.py for tasks to queue
[2024-04-15T12:34:03.707+0200] {logging_mixin.py:188} INFO - [2024-04-15T12:34:03.707+0200] {dagbag.py:538} INFO - Filling up the DagBag from /home/mahmoud/airflow/dags/exec_multi_tasks_w_sep_bash_scripts.py
[2024-04-15T12:34:03.725+0200] {processor.py:840} INFO - DAG(s) 'execute_multiple_bash_scripts_tasks_' retrieved from /home/mahmoud/airflow/dags/exec_multi_tasks_w_sep_bash_scripts.py
[2024-04-15T12:34:03.743+0200] {logging_mixin.py:188} INFO - [2024-04-15T12:34:03.742+0200] {dag.py:3033} INFO - Sync 1 DAGs
[2024-04-15T12:34:03.759+0200] {logging_mixin.py:188} INFO - [2024-04-15T12:34:03.759+0200] {dag.py:3820} INFO - Setting next_dagrun for execute_multiple_bash_scripts_tasks_ to 2024-03-17T00:00:00+00:00, run_after=2024-03-17T12:00:00+00:00
[2024-04-15T12:34:03.792+0200] {processor.py:183} INFO - Processing /home/mahmoud/airflow/dags/exec_multi_tasks_w_sep_bash_scripts.py took 0.102 seconds
[2024-04-15T12:34:34.918+0200] {processor.py:161} INFO - Started process (PID=4703) to work on /home/mahmoud/airflow/dags/exec_multi_tasks_w_sep_bash_scripts.py
[2024-04-15T12:34:34.920+0200] {processor.py:830} INFO - Processing file /home/mahmoud/airflow/dags/exec_multi_tasks_w_sep_bash_scripts.py for tasks to queue
[2024-04-15T12:34:34.921+0200] {logging_mixin.py:188} INFO - [2024-04-15T12:34:34.921+0200] {dagbag.py:538} INFO - Filling up the DagBag from /home/mahmoud/airflow/dags/exec_multi_tasks_w_sep_bash_scripts.py
[2024-04-15T12:34:34.937+0200] {processor.py:840} INFO - DAG(s) 'execute_multiple_bash_scripts_tasks_' retrieved from /home/mahmoud/airflow/dags/exec_multi_tasks_w_sep_bash_scripts.py
[2024-04-15T12:34:34.955+0200] {logging_mixin.py:188} INFO - [2024-04-15T12:34:34.954+0200] {dag.py:3033} INFO - Sync 1 DAGs
[2024-04-15T12:34:34.978+0200] {logging_mixin.py:188} INFO - [2024-04-15T12:34:34.977+0200] {dag.py:3820} INFO - Setting next_dagrun for execute_multiple_bash_scripts_tasks_ to 2024-03-17T00:00:00+00:00, run_after=2024-03-17T12:00:00+00:00
[2024-04-15T12:34:35.010+0200] {processor.py:183} INFO - Processing /home/mahmoud/airflow/dags/exec_multi_tasks_w_sep_bash_scripts.py took 0.095 seconds
[2024-04-15T12:35:05.817+0200] {processor.py:161} INFO - Started process (PID=5030) to work on /home/mahmoud/airflow/dags/exec_multi_tasks_w_sep_bash_scripts.py
[2024-04-15T12:35:05.818+0200] {processor.py:830} INFO - Processing file /home/mahmoud/airflow/dags/exec_multi_tasks_w_sep_bash_scripts.py for tasks to queue
[2024-04-15T12:35:05.819+0200] {logging_mixin.py:188} INFO - [2024-04-15T12:35:05.818+0200] {dagbag.py:538} INFO - Filling up the DagBag from /home/mahmoud/airflow/dags/exec_multi_tasks_w_sep_bash_scripts.py
[2024-04-15T12:35:05.833+0200] {processor.py:840} INFO - DAG(s) 'execute_multiple_bash_scripts_tasks_' retrieved from /home/mahmoud/airflow/dags/exec_multi_tasks_w_sep_bash_scripts.py
[2024-04-15T12:35:05.848+0200] {logging_mixin.py:188} INFO - [2024-04-15T12:35:05.847+0200] {dag.py:3033} INFO - Sync 1 DAGs
[2024-04-15T12:35:05.865+0200] {logging_mixin.py:188} INFO - [2024-04-15T12:35:05.865+0200] {dag.py:3820} INFO - Setting next_dagrun for execute_multiple_bash_scripts_tasks_ to 2024-03-17T00:00:00+00:00, run_after=2024-03-17T12:00:00+00:00
[2024-04-15T12:35:05.886+0200] {processor.py:183} INFO - Processing /home/mahmoud/airflow/dags/exec_multi_tasks_w_sep_bash_scripts.py took 0.072 seconds
[2024-04-15T12:35:36.415+0200] {processor.py:161} INFO - Started process (PID=5338) to work on /home/mahmoud/airflow/dags/exec_multi_tasks_w_sep_bash_scripts.py
[2024-04-15T12:35:36.417+0200] {processor.py:830} INFO - Processing file /home/mahmoud/airflow/dags/exec_multi_tasks_w_sep_bash_scripts.py for tasks to queue
[2024-04-15T12:35:36.418+0200] {logging_mixin.py:188} INFO - [2024-04-15T12:35:36.418+0200] {dagbag.py:538} INFO - Filling up the DagBag from /home/mahmoud/airflow/dags/exec_multi_tasks_w_sep_bash_scripts.py
[2024-04-15T12:35:36.441+0200] {processor.py:840} INFO - DAG(s) 'execute_multiple_bash_scripts_tasks_' retrieved from /home/mahmoud/airflow/dags/exec_multi_tasks_w_sep_bash_scripts.py
[2024-04-15T12:35:36.459+0200] {logging_mixin.py:188} INFO - [2024-04-15T12:35:36.459+0200] {dag.py:3033} INFO - Sync 1 DAGs
[2024-04-15T12:35:36.478+0200] {logging_mixin.py:188} INFO - [2024-04-15T12:35:36.478+0200] {dag.py:3820} INFO - Setting next_dagrun for execute_multiple_bash_scripts_tasks_ to 2024-03-17T00:00:00+00:00, run_after=2024-03-17T12:00:00+00:00
[2024-04-15T12:35:36.514+0200] {processor.py:183} INFO - Processing /home/mahmoud/airflow/dags/exec_multi_tasks_w_sep_bash_scripts.py took 0.104 seconds
[2024-04-15T12:36:07.136+0200] {processor.py:161} INFO - Started process (PID=5575) to work on /home/mahmoud/airflow/dags/exec_multi_tasks_w_sep_bash_scripts.py
[2024-04-15T12:36:07.137+0200] {processor.py:830} INFO - Processing file /home/mahmoud/airflow/dags/exec_multi_tasks_w_sep_bash_scripts.py for tasks to queue
[2024-04-15T12:36:07.138+0200] {logging_mixin.py:188} INFO - [2024-04-15T12:36:07.138+0200] {dagbag.py:538} INFO - Filling up the DagBag from /home/mahmoud/airflow/dags/exec_multi_tasks_w_sep_bash_scripts.py
[2024-04-15T12:36:07.153+0200] {processor.py:840} INFO - DAG(s) 'execute_multiple_bash_scripts_tasks_' retrieved from /home/mahmoud/airflow/dags/exec_multi_tasks_w_sep_bash_scripts.py
[2024-04-15T12:36:07.171+0200] {logging_mixin.py:188} INFO - [2024-04-15T12:36:07.171+0200] {dag.py:3033} INFO - Sync 1 DAGs
[2024-04-15T12:36:07.187+0200] {logging_mixin.py:188} INFO - [2024-04-15T12:36:07.187+0200] {dag.py:3820} INFO - Setting next_dagrun for execute_multiple_bash_scripts_tasks_ to 2024-03-17T00:00:00+00:00, run_after=2024-03-17T12:00:00+00:00
[2024-04-15T12:36:07.225+0200] {processor.py:183} INFO - Processing /home/mahmoud/airflow/dags/exec_multi_tasks_w_sep_bash_scripts.py took 0.092 seconds
[2024-04-15T12:36:37.745+0200] {processor.py:161} INFO - Started process (PID=5858) to work on /home/mahmoud/airflow/dags/exec_multi_tasks_w_sep_bash_scripts.py
[2024-04-15T12:36:37.745+0200] {processor.py:830} INFO - Processing file /home/mahmoud/airflow/dags/exec_multi_tasks_w_sep_bash_scripts.py for tasks to queue
[2024-04-15T12:36:37.747+0200] {logging_mixin.py:188} INFO - [2024-04-15T12:36:37.746+0200] {dagbag.py:538} INFO - Filling up the DagBag from /home/mahmoud/airflow/dags/exec_multi_tasks_w_sep_bash_scripts.py
[2024-04-15T12:36:37.762+0200] {processor.py:840} INFO - DAG(s) 'execute_multiple_bash_scripts_tasks_' retrieved from /home/mahmoud/airflow/dags/exec_multi_tasks_w_sep_bash_scripts.py
[2024-04-15T12:36:37.779+0200] {logging_mixin.py:188} INFO - [2024-04-15T12:36:37.779+0200] {dag.py:3033} INFO - Sync 1 DAGs
[2024-04-15T12:36:37.798+0200] {logging_mixin.py:188} INFO - [2024-04-15T12:36:37.798+0200] {dag.py:3820} INFO - Setting next_dagrun for execute_multiple_bash_scripts_tasks_ to 2024-03-17T00:00:00+00:00, run_after=2024-03-17T12:00:00+00:00
[2024-04-15T12:36:37.821+0200] {processor.py:183} INFO - Processing /home/mahmoud/airflow/dags/exec_multi_tasks_w_sep_bash_scripts.py took 0.079 seconds
[2024-04-15T12:37:08.222+0200] {processor.py:161} INFO - Started process (PID=6123) to work on /home/mahmoud/airflow/dags/exec_multi_tasks_w_sep_bash_scripts.py
[2024-04-15T12:37:08.225+0200] {processor.py:830} INFO - Processing file /home/mahmoud/airflow/dags/exec_multi_tasks_w_sep_bash_scripts.py for tasks to queue
[2024-04-15T12:37:08.226+0200] {logging_mixin.py:188} INFO - [2024-04-15T12:37:08.226+0200] {dagbag.py:538} INFO - Filling up the DagBag from /home/mahmoud/airflow/dags/exec_multi_tasks_w_sep_bash_scripts.py
[2024-04-15T12:37:08.251+0200] {processor.py:840} INFO - DAG(s) 'execute_multiple_bash_scripts_tasks_' retrieved from /home/mahmoud/airflow/dags/exec_multi_tasks_w_sep_bash_scripts.py
[2024-04-15T12:37:08.270+0200] {logging_mixin.py:188} INFO - [2024-04-15T12:37:08.270+0200] {dag.py:3033} INFO - Sync 1 DAGs
[2024-04-15T12:37:08.287+0200] {logging_mixin.py:188} INFO - [2024-04-15T12:37:08.286+0200] {dag.py:3820} INFO - Setting next_dagrun for execute_multiple_bash_scripts_tasks_ to 2024-03-17T00:00:00+00:00, run_after=2024-03-17T12:00:00+00:00
[2024-04-15T12:37:08.316+0200] {processor.py:183} INFO - Processing /home/mahmoud/airflow/dags/exec_multi_tasks_w_sep_bash_scripts.py took 0.101 seconds
[2024-04-15T12:37:38.777+0200] {processor.py:161} INFO - Started process (PID=6422) to work on /home/mahmoud/airflow/dags/exec_multi_tasks_w_sep_bash_scripts.py
[2024-04-15T12:37:38.778+0200] {processor.py:830} INFO - Processing file /home/mahmoud/airflow/dags/exec_multi_tasks_w_sep_bash_scripts.py for tasks to queue
[2024-04-15T12:37:38.780+0200] {logging_mixin.py:188} INFO - [2024-04-15T12:37:38.779+0200] {dagbag.py:538} INFO - Filling up the DagBag from /home/mahmoud/airflow/dags/exec_multi_tasks_w_sep_bash_scripts.py
[2024-04-15T12:37:38.798+0200] {processor.py:840} INFO - DAG(s) 'execute_multiple_bash_scripts_tasks_' retrieved from /home/mahmoud/airflow/dags/exec_multi_tasks_w_sep_bash_scripts.py
[2024-04-15T12:37:38.815+0200] {logging_mixin.py:188} INFO - [2024-04-15T12:37:38.815+0200] {dag.py:3033} INFO - Sync 1 DAGs
[2024-04-15T12:37:38.833+0200] {logging_mixin.py:188} INFO - [2024-04-15T12:37:38.833+0200] {dag.py:3820} INFO - Setting next_dagrun for execute_multiple_bash_scripts_tasks_ to 2024-03-17T00:00:00+00:00, run_after=2024-03-17T12:00:00+00:00
[2024-04-15T12:37:38.863+0200] {processor.py:183} INFO - Processing /home/mahmoud/airflow/dags/exec_multi_tasks_w_sep_bash_scripts.py took 0.090 seconds
[2024-04-15T12:38:09.543+0200] {processor.py:161} INFO - Started process (PID=6736) to work on /home/mahmoud/airflow/dags/exec_multi_tasks_w_sep_bash_scripts.py
[2024-04-15T12:38:09.555+0200] {processor.py:830} INFO - Processing file /home/mahmoud/airflow/dags/exec_multi_tasks_w_sep_bash_scripts.py for tasks to queue
[2024-04-15T12:38:09.556+0200] {logging_mixin.py:188} INFO - [2024-04-15T12:38:09.555+0200] {dagbag.py:538} INFO - Filling up the DagBag from /home/mahmoud/airflow/dags/exec_multi_tasks_w_sep_bash_scripts.py
[2024-04-15T12:38:09.571+0200] {processor.py:840} INFO - DAG(s) 'execute_multiple_bash_scripts_tasks_' retrieved from /home/mahmoud/airflow/dags/exec_multi_tasks_w_sep_bash_scripts.py
[2024-04-15T12:38:09.587+0200] {logging_mixin.py:188} INFO - [2024-04-15T12:38:09.587+0200] {dag.py:3033} INFO - Sync 1 DAGs
[2024-04-15T12:38:09.607+0200] {logging_mixin.py:188} INFO - [2024-04-15T12:38:09.607+0200] {dag.py:3820} INFO - Setting next_dagrun for execute_multiple_bash_scripts_tasks_ to 2024-03-17T00:00:00+00:00, run_after=2024-03-17T12:00:00+00:00
[2024-04-15T12:38:09.641+0200] {processor.py:183} INFO - Processing /home/mahmoud/airflow/dags/exec_multi_tasks_w_sep_bash_scripts.py took 0.100 seconds
[2024-04-15T12:38:40.099+0200] {processor.py:161} INFO - Started process (PID=6983) to work on /home/mahmoud/airflow/dags/exec_multi_tasks_w_sep_bash_scripts.py
[2024-04-15T12:38:40.100+0200] {processor.py:830} INFO - Processing file /home/mahmoud/airflow/dags/exec_multi_tasks_w_sep_bash_scripts.py for tasks to queue
[2024-04-15T12:38:40.101+0200] {logging_mixin.py:188} INFO - [2024-04-15T12:38:40.101+0200] {dagbag.py:538} INFO - Filling up the DagBag from /home/mahmoud/airflow/dags/exec_multi_tasks_w_sep_bash_scripts.py
[2024-04-15T12:38:40.119+0200] {processor.py:840} INFO - DAG(s) 'execute_multiple_bash_scripts_tasks_' retrieved from /home/mahmoud/airflow/dags/exec_multi_tasks_w_sep_bash_scripts.py
[2024-04-15T12:38:40.136+0200] {logging_mixin.py:188} INFO - [2024-04-15T12:38:40.136+0200] {dag.py:3033} INFO - Sync 1 DAGs
[2024-04-15T12:38:40.155+0200] {logging_mixin.py:188} INFO - [2024-04-15T12:38:40.155+0200] {dag.py:3820} INFO - Setting next_dagrun for execute_multiple_bash_scripts_tasks_ to 2024-03-17T00:00:00+00:00, run_after=2024-03-17T12:00:00+00:00
[2024-04-15T12:38:40.188+0200] {processor.py:183} INFO - Processing /home/mahmoud/airflow/dags/exec_multi_tasks_w_sep_bash_scripts.py took 0.095 seconds
[2024-04-15T12:39:10.781+0200] {processor.py:161} INFO - Started process (PID=7336) to work on /home/mahmoud/airflow/dags/exec_multi_tasks_w_sep_bash_scripts.py
[2024-04-15T12:39:10.784+0200] {processor.py:830} INFO - Processing file /home/mahmoud/airflow/dags/exec_multi_tasks_w_sep_bash_scripts.py for tasks to queue
[2024-04-15T12:39:10.786+0200] {logging_mixin.py:188} INFO - [2024-04-15T12:39:10.786+0200] {dagbag.py:538} INFO - Filling up the DagBag from /home/mahmoud/airflow/dags/exec_multi_tasks_w_sep_bash_scripts.py
[2024-04-15T12:39:10.818+0200] {processor.py:840} INFO - DAG(s) 'execute_multiple_bash_scripts_tasks_' retrieved from /home/mahmoud/airflow/dags/exec_multi_tasks_w_sep_bash_scripts.py
[2024-04-15T12:39:10.837+0200] {logging_mixin.py:188} INFO - [2024-04-15T12:39:10.837+0200] {dag.py:3033} INFO - Sync 1 DAGs
[2024-04-15T12:39:10.855+0200] {logging_mixin.py:188} INFO - [2024-04-15T12:39:10.854+0200] {dag.py:3820} INFO - Setting next_dagrun for execute_multiple_bash_scripts_tasks_ to 2024-03-17T00:00:00+00:00, run_after=2024-03-17T12:00:00+00:00
[2024-04-15T12:39:10.874+0200] {processor.py:183} INFO - Processing /home/mahmoud/airflow/dags/exec_multi_tasks_w_sep_bash_scripts.py took 0.100 seconds
[2024-04-15T12:39:41.571+0200] {processor.py:161} INFO - Started process (PID=7668) to work on /home/mahmoud/airflow/dags/exec_multi_tasks_w_sep_bash_scripts.py
[2024-04-15T12:39:41.574+0200] {processor.py:830} INFO - Processing file /home/mahmoud/airflow/dags/exec_multi_tasks_w_sep_bash_scripts.py for tasks to queue
[2024-04-15T12:39:41.576+0200] {logging_mixin.py:188} INFO - [2024-04-15T12:39:41.575+0200] {dagbag.py:538} INFO - Filling up the DagBag from /home/mahmoud/airflow/dags/exec_multi_tasks_w_sep_bash_scripts.py
[2024-04-15T12:39:41.606+0200] {processor.py:840} INFO - DAG(s) 'execute_multiple_bash_scripts_tasks_' retrieved from /home/mahmoud/airflow/dags/exec_multi_tasks_w_sep_bash_scripts.py
[2024-04-15T12:39:41.629+0200] {logging_mixin.py:188} INFO - [2024-04-15T12:39:41.628+0200] {dag.py:3033} INFO - Sync 1 DAGs
[2024-04-15T12:39:41.646+0200] {logging_mixin.py:188} INFO - [2024-04-15T12:39:41.646+0200] {dag.py:3820} INFO - Setting next_dagrun for execute_multiple_bash_scripts_tasks_ to 2024-03-17T00:00:00+00:00, run_after=2024-03-17T12:00:00+00:00
[2024-04-15T12:39:41.676+0200] {processor.py:183} INFO - Processing /home/mahmoud/airflow/dags/exec_multi_tasks_w_sep_bash_scripts.py took 0.112 seconds
[2024-04-15T12:40:12.048+0200] {processor.py:161} INFO - Started process (PID=8001) to work on /home/mahmoud/airflow/dags/exec_multi_tasks_w_sep_bash_scripts.py
[2024-04-15T12:40:12.051+0200] {processor.py:830} INFO - Processing file /home/mahmoud/airflow/dags/exec_multi_tasks_w_sep_bash_scripts.py for tasks to queue
[2024-04-15T12:40:12.054+0200] {logging_mixin.py:188} INFO - [2024-04-15T12:40:12.053+0200] {dagbag.py:538} INFO - Filling up the DagBag from /home/mahmoud/airflow/dags/exec_multi_tasks_w_sep_bash_scripts.py
[2024-04-15T12:40:12.080+0200] {processor.py:840} INFO - DAG(s) 'execute_multiple_bash_scripts_tasks_' retrieved from /home/mahmoud/airflow/dags/exec_multi_tasks_w_sep_bash_scripts.py
[2024-04-15T12:40:12.096+0200] {logging_mixin.py:188} INFO - [2024-04-15T12:40:12.096+0200] {dag.py:3033} INFO - Sync 1 DAGs
[2024-04-15T12:40:12.113+0200] {logging_mixin.py:188} INFO - [2024-04-15T12:40:12.113+0200] {dag.py:3820} INFO - Setting next_dagrun for execute_multiple_bash_scripts_tasks_ to 2024-03-17T00:00:00+00:00, run_after=2024-03-17T12:00:00+00:00
[2024-04-15T12:40:12.143+0200] {processor.py:183} INFO - Processing /home/mahmoud/airflow/dags/exec_multi_tasks_w_sep_bash_scripts.py took 0.103 seconds
[2024-04-15T12:40:42.560+0200] {processor.py:161} INFO - Started process (PID=8422) to work on /home/mahmoud/airflow/dags/exec_multi_tasks_w_sep_bash_scripts.py
[2024-04-15T12:40:42.562+0200] {processor.py:830} INFO - Processing file /home/mahmoud/airflow/dags/exec_multi_tasks_w_sep_bash_scripts.py for tasks to queue
[2024-04-15T12:40:42.563+0200] {logging_mixin.py:188} INFO - [2024-04-15T12:40:42.563+0200] {dagbag.py:538} INFO - Filling up the DagBag from /home/mahmoud/airflow/dags/exec_multi_tasks_w_sep_bash_scripts.py
[2024-04-15T12:40:42.583+0200] {processor.py:840} INFO - DAG(s) 'execute_multiple_bash_scripts_tasks_' retrieved from /home/mahmoud/airflow/dags/exec_multi_tasks_w_sep_bash_scripts.py
[2024-04-15T12:40:42.601+0200] {logging_mixin.py:188} INFO - [2024-04-15T12:40:42.601+0200] {dag.py:3033} INFO - Sync 1 DAGs
[2024-04-15T12:40:42.619+0200] {logging_mixin.py:188} INFO - [2024-04-15T12:40:42.619+0200] {dag.py:3820} INFO - Setting next_dagrun for execute_multiple_bash_scripts_tasks_ to 2024-03-17T00:00:00+00:00, run_after=2024-03-17T12:00:00+00:00
[2024-04-15T12:40:42.651+0200] {processor.py:183} INFO - Processing /home/mahmoud/airflow/dags/exec_multi_tasks_w_sep_bash_scripts.py took 0.095 seconds
[2024-04-15T12:41:13.265+0200] {processor.py:161} INFO - Started process (PID=8724) to work on /home/mahmoud/airflow/dags/exec_multi_tasks_w_sep_bash_scripts.py
[2024-04-15T12:41:13.268+0200] {processor.py:830} INFO - Processing file /home/mahmoud/airflow/dags/exec_multi_tasks_w_sep_bash_scripts.py for tasks to queue
[2024-04-15T12:41:13.269+0200] {logging_mixin.py:188} INFO - [2024-04-15T12:41:13.269+0200] {dagbag.py:538} INFO - Filling up the DagBag from /home/mahmoud/airflow/dags/exec_multi_tasks_w_sep_bash_scripts.py
[2024-04-15T12:41:13.290+0200] {processor.py:840} INFO - DAG(s) 'execute_multiple_bash_scripts_tasks_' retrieved from /home/mahmoud/airflow/dags/exec_multi_tasks_w_sep_bash_scripts.py
[2024-04-15T12:41:13.307+0200] {logging_mixin.py:188} INFO - [2024-04-15T12:41:13.307+0200] {dag.py:3033} INFO - Sync 1 DAGs
[2024-04-15T12:41:13.325+0200] {logging_mixin.py:188} INFO - [2024-04-15T12:41:13.325+0200] {dag.py:3820} INFO - Setting next_dagrun for execute_multiple_bash_scripts_tasks_ to 2024-03-17T00:00:00+00:00, run_after=2024-03-17T12:00:00+00:00
[2024-04-15T12:41:13.358+0200] {processor.py:183} INFO - Processing /home/mahmoud/airflow/dags/exec_multi_tasks_w_sep_bash_scripts.py took 0.100 seconds
[2024-04-15T12:41:43.934+0200] {processor.py:161} INFO - Started process (PID=8959) to work on /home/mahmoud/airflow/dags/exec_multi_tasks_w_sep_bash_scripts.py
[2024-04-15T12:41:43.935+0200] {processor.py:830} INFO - Processing file /home/mahmoud/airflow/dags/exec_multi_tasks_w_sep_bash_scripts.py for tasks to queue
[2024-04-15T12:41:43.936+0200] {logging_mixin.py:188} INFO - [2024-04-15T12:41:43.936+0200] {dagbag.py:538} INFO - Filling up the DagBag from /home/mahmoud/airflow/dags/exec_multi_tasks_w_sep_bash_scripts.py
[2024-04-15T12:41:43.952+0200] {processor.py:840} INFO - DAG(s) 'execute_multiple_bash_scripts_tasks_' retrieved from /home/mahmoud/airflow/dags/exec_multi_tasks_w_sep_bash_scripts.py
[2024-04-15T12:41:43.968+0200] {logging_mixin.py:188} INFO - [2024-04-15T12:41:43.968+0200] {dag.py:3033} INFO - Sync 1 DAGs
[2024-04-15T12:41:43.985+0200] {logging_mixin.py:188} INFO - [2024-04-15T12:41:43.985+0200] {dag.py:3820} INFO - Setting next_dagrun for execute_multiple_bash_scripts_tasks_ to 2024-03-17T00:00:00+00:00, run_after=2024-03-17T12:00:00+00:00
[2024-04-15T12:41:44.006+0200] {processor.py:183} INFO - Processing /home/mahmoud/airflow/dags/exec_multi_tasks_w_sep_bash_scripts.py took 0.075 seconds
[2024-04-15T12:42:14.575+0200] {processor.py:161} INFO - Started process (PID=9195) to work on /home/mahmoud/airflow/dags/exec_multi_tasks_w_sep_bash_scripts.py
[2024-04-15T12:42:14.577+0200] {processor.py:830} INFO - Processing file /home/mahmoud/airflow/dags/exec_multi_tasks_w_sep_bash_scripts.py for tasks to queue
[2024-04-15T12:42:14.579+0200] {logging_mixin.py:188} INFO - [2024-04-15T12:42:14.578+0200] {dagbag.py:538} INFO - Filling up the DagBag from /home/mahmoud/airflow/dags/exec_multi_tasks_w_sep_bash_scripts.py
[2024-04-15T12:42:14.600+0200] {processor.py:840} INFO - DAG(s) 'execute_multiple_bash_scripts_tasks_' retrieved from /home/mahmoud/airflow/dags/exec_multi_tasks_w_sep_bash_scripts.py
[2024-04-15T12:42:14.618+0200] {logging_mixin.py:188} INFO - [2024-04-15T12:42:14.618+0200] {dag.py:3033} INFO - Sync 1 DAGs
[2024-04-15T12:42:14.635+0200] {logging_mixin.py:188} INFO - [2024-04-15T12:42:14.635+0200] {dag.py:3820} INFO - Setting next_dagrun for execute_multiple_bash_scripts_tasks_ to 2024-03-17T00:00:00+00:00, run_after=2024-03-17T12:00:00+00:00
[2024-04-15T12:42:14.666+0200] {processor.py:183} INFO - Processing /home/mahmoud/airflow/dags/exec_multi_tasks_w_sep_bash_scripts.py took 0.098 seconds
[2024-04-15T12:42:45.143+0200] {processor.py:161} INFO - Started process (PID=9425) to work on /home/mahmoud/airflow/dags/exec_multi_tasks_w_sep_bash_scripts.py
[2024-04-15T12:42:45.145+0200] {processor.py:830} INFO - Processing file /home/mahmoud/airflow/dags/exec_multi_tasks_w_sep_bash_scripts.py for tasks to queue
[2024-04-15T12:42:45.147+0200] {logging_mixin.py:188} INFO - [2024-04-15T12:42:45.146+0200] {dagbag.py:538} INFO - Filling up the DagBag from /home/mahmoud/airflow/dags/exec_multi_tasks_w_sep_bash_scripts.py
[2024-04-15T12:42:45.169+0200] {processor.py:840} INFO - DAG(s) 'execute_multiple_bash_scripts_tasks_' retrieved from /home/mahmoud/airflow/dags/exec_multi_tasks_w_sep_bash_scripts.py
[2024-04-15T12:42:45.187+0200] {logging_mixin.py:188} INFO - [2024-04-15T12:42:45.187+0200] {dag.py:3033} INFO - Sync 1 DAGs
[2024-04-15T12:42:45.203+0200] {logging_mixin.py:188} INFO - [2024-04-15T12:42:45.203+0200] {dag.py:3820} INFO - Setting next_dagrun for execute_multiple_bash_scripts_tasks_ to 2024-03-17T00:00:00+00:00, run_after=2024-03-17T12:00:00+00:00
[2024-04-15T12:42:45.234+0200] {processor.py:183} INFO - Processing /home/mahmoud/airflow/dags/exec_multi_tasks_w_sep_bash_scripts.py took 0.096 seconds
[2024-04-15T12:43:15.593+0200] {processor.py:161} INFO - Started process (PID=9725) to work on /home/mahmoud/airflow/dags/exec_multi_tasks_w_sep_bash_scripts.py
[2024-04-15T12:43:15.595+0200] {processor.py:830} INFO - Processing file /home/mahmoud/airflow/dags/exec_multi_tasks_w_sep_bash_scripts.py for tasks to queue
[2024-04-15T12:43:15.596+0200] {logging_mixin.py:188} INFO - [2024-04-15T12:43:15.595+0200] {dagbag.py:538} INFO - Filling up the DagBag from /home/mahmoud/airflow/dags/exec_multi_tasks_w_sep_bash_scripts.py
[2024-04-15T12:43:15.611+0200] {processor.py:840} INFO - DAG(s) 'execute_multiple_bash_scripts_tasks_' retrieved from /home/mahmoud/airflow/dags/exec_multi_tasks_w_sep_bash_scripts.py
[2024-04-15T12:43:15.627+0200] {logging_mixin.py:188} INFO - [2024-04-15T12:43:15.627+0200] {dag.py:3033} INFO - Sync 1 DAGs
[2024-04-15T12:43:15.643+0200] {logging_mixin.py:188} INFO - [2024-04-15T12:43:15.643+0200] {dag.py:3820} INFO - Setting next_dagrun for execute_multiple_bash_scripts_tasks_ to 2024-03-17T00:00:00+00:00, run_after=2024-03-17T12:00:00+00:00
[2024-04-15T12:43:15.681+0200] {processor.py:183} INFO - Processing /home/mahmoud/airflow/dags/exec_multi_tasks_w_sep_bash_scripts.py took 0.091 seconds
[2024-04-15T12:43:46.506+0200] {processor.py:161} INFO - Started process (PID=9961) to work on /home/mahmoud/airflow/dags/exec_multi_tasks_w_sep_bash_scripts.py
[2024-04-15T12:43:46.509+0200] {processor.py:830} INFO - Processing file /home/mahmoud/airflow/dags/exec_multi_tasks_w_sep_bash_scripts.py for tasks to queue
[2024-04-15T12:43:46.511+0200] {logging_mixin.py:188} INFO - [2024-04-15T12:43:46.510+0200] {dagbag.py:538} INFO - Filling up the DagBag from /home/mahmoud/airflow/dags/exec_multi_tasks_w_sep_bash_scripts.py
[2024-04-15T12:43:46.531+0200] {processor.py:840} INFO - DAG(s) 'execute_multiple_bash_scripts_tasks_' retrieved from /home/mahmoud/airflow/dags/exec_multi_tasks_w_sep_bash_scripts.py
[2024-04-15T12:43:46.548+0200] {logging_mixin.py:188} INFO - [2024-04-15T12:43:46.548+0200] {dag.py:3033} INFO - Sync 1 DAGs
[2024-04-15T12:43:46.564+0200] {logging_mixin.py:188} INFO - [2024-04-15T12:43:46.564+0200] {dag.py:3820} INFO - Setting next_dagrun for execute_multiple_bash_scripts_tasks_ to 2024-03-17T00:00:00+00:00, run_after=2024-03-17T12:00:00+00:00
[2024-04-15T12:43:46.595+0200] {processor.py:183} INFO - Processing /home/mahmoud/airflow/dags/exec_multi_tasks_w_sep_bash_scripts.py took 0.094 seconds
[2024-04-15T12:44:16.934+0200] {processor.py:161} INFO - Started process (PID=10197) to work on /home/mahmoud/airflow/dags/exec_multi_tasks_w_sep_bash_scripts.py
[2024-04-15T12:44:16.937+0200] {processor.py:830} INFO - Processing file /home/mahmoud/airflow/dags/exec_multi_tasks_w_sep_bash_scripts.py for tasks to queue
[2024-04-15T12:44:16.938+0200] {logging_mixin.py:188} INFO - [2024-04-15T12:44:16.937+0200] {dagbag.py:538} INFO - Filling up the DagBag from /home/mahmoud/airflow/dags/exec_multi_tasks_w_sep_bash_scripts.py
[2024-04-15T12:44:16.957+0200] {processor.py:840} INFO - DAG(s) 'execute_multiple_bash_scripts_tasks_' retrieved from /home/mahmoud/airflow/dags/exec_multi_tasks_w_sep_bash_scripts.py
[2024-04-15T12:44:16.974+0200] {logging_mixin.py:188} INFO - [2024-04-15T12:44:16.974+0200] {dag.py:3033} INFO - Sync 1 DAGs
[2024-04-15T12:44:16.990+0200] {logging_mixin.py:188} INFO - [2024-04-15T12:44:16.990+0200] {dag.py:3820} INFO - Setting next_dagrun for execute_multiple_bash_scripts_tasks_ to 2024-03-17T00:00:00+00:00, run_after=2024-03-17T12:00:00+00:00
[2024-04-15T12:44:17.024+0200] {processor.py:183} INFO - Processing /home/mahmoud/airflow/dags/exec_multi_tasks_w_sep_bash_scripts.py took 0.094 seconds
[2024-04-15T12:44:47.702+0200] {processor.py:161} INFO - Started process (PID=10433) to work on /home/mahmoud/airflow/dags/exec_multi_tasks_w_sep_bash_scripts.py
[2024-04-15T12:44:47.704+0200] {processor.py:830} INFO - Processing file /home/mahmoud/airflow/dags/exec_multi_tasks_w_sep_bash_scripts.py for tasks to queue
[2024-04-15T12:44:47.705+0200] {logging_mixin.py:188} INFO - [2024-04-15T12:44:47.705+0200] {dagbag.py:538} INFO - Filling up the DagBag from /home/mahmoud/airflow/dags/exec_multi_tasks_w_sep_bash_scripts.py
[2024-04-15T12:44:47.721+0200] {processor.py:840} INFO - DAG(s) 'execute_multiple_bash_scripts_tasks_' retrieved from /home/mahmoud/airflow/dags/exec_multi_tasks_w_sep_bash_scripts.py
[2024-04-15T12:44:47.740+0200] {logging_mixin.py:188} INFO - [2024-04-15T12:44:47.739+0200] {dag.py:3033} INFO - Sync 1 DAGs
[2024-04-15T12:44:47.761+0200] {logging_mixin.py:188} INFO - [2024-04-15T12:44:47.761+0200] {dag.py:3820} INFO - Setting next_dagrun for execute_multiple_bash_scripts_tasks_ to 2024-03-17T00:00:00+00:00, run_after=2024-03-17T12:00:00+00:00
[2024-04-15T12:44:47.794+0200] {processor.py:183} INFO - Processing /home/mahmoud/airflow/dags/exec_multi_tasks_w_sep_bash_scripts.py took 0.095 seconds
[2024-04-15T12:45:18.765+0200] {processor.py:161} INFO - Started process (PID=10675) to work on /home/mahmoud/airflow/dags/exec_multi_tasks_w_sep_bash_scripts.py
[2024-04-15T12:45:18.766+0200] {processor.py:830} INFO - Processing file /home/mahmoud/airflow/dags/exec_multi_tasks_w_sep_bash_scripts.py for tasks to queue
[2024-04-15T12:45:18.767+0200] {logging_mixin.py:188} INFO - [2024-04-15T12:45:18.766+0200] {dagbag.py:538} INFO - Filling up the DagBag from /home/mahmoud/airflow/dags/exec_multi_tasks_w_sep_bash_scripts.py
[2024-04-15T12:45:18.782+0200] {processor.py:840} INFO - DAG(s) 'execute_multiple_bash_scripts_tasks_' retrieved from /home/mahmoud/airflow/dags/exec_multi_tasks_w_sep_bash_scripts.py
[2024-04-15T12:45:18.800+0200] {logging_mixin.py:188} INFO - [2024-04-15T12:45:18.800+0200] {dag.py:3033} INFO - Sync 1 DAGs
[2024-04-15T12:45:18.818+0200] {logging_mixin.py:188} INFO - [2024-04-15T12:45:18.818+0200] {dag.py:3820} INFO - Setting next_dagrun for execute_multiple_bash_scripts_tasks_ to 2024-03-17T00:00:00+00:00, run_after=2024-03-17T12:00:00+00:00
[2024-04-15T12:45:18.859+0200] {processor.py:183} INFO - Processing /home/mahmoud/airflow/dags/exec_multi_tasks_w_sep_bash_scripts.py took 0.097 seconds
[2024-04-15T12:45:49.311+0200] {processor.py:161} INFO - Started process (PID=10932) to work on /home/mahmoud/airflow/dags/exec_multi_tasks_w_sep_bash_scripts.py
[2024-04-15T12:45:49.313+0200] {processor.py:830} INFO - Processing file /home/mahmoud/airflow/dags/exec_multi_tasks_w_sep_bash_scripts.py for tasks to queue
[2024-04-15T12:45:49.314+0200] {logging_mixin.py:188} INFO - [2024-04-15T12:45:49.314+0200] {dagbag.py:538} INFO - Filling up the DagBag from /home/mahmoud/airflow/dags/exec_multi_tasks_w_sep_bash_scripts.py
[2024-04-15T12:45:49.332+0200] {processor.py:840} INFO - DAG(s) 'execute_multiple_bash_scripts_tasks_' retrieved from /home/mahmoud/airflow/dags/exec_multi_tasks_w_sep_bash_scripts.py
[2024-04-15T12:45:49.351+0200] {logging_mixin.py:188} INFO - [2024-04-15T12:45:49.350+0200] {dag.py:3033} INFO - Sync 1 DAGs
[2024-04-15T12:45:49.371+0200] {logging_mixin.py:188} INFO - [2024-04-15T12:45:49.371+0200] {dag.py:3820} INFO - Setting next_dagrun for execute_multiple_bash_scripts_tasks_ to 2024-03-17T00:00:00+00:00, run_after=2024-03-17T12:00:00+00:00
[2024-04-15T12:45:49.411+0200] {processor.py:183} INFO - Processing /home/mahmoud/airflow/dags/exec_multi_tasks_w_sep_bash_scripts.py took 0.104 seconds
[2024-04-15T12:46:20.043+0200] {processor.py:161} INFO - Started process (PID=11168) to work on /home/mahmoud/airflow/dags/exec_multi_tasks_w_sep_bash_scripts.py
[2024-04-15T12:46:20.044+0200] {processor.py:830} INFO - Processing file /home/mahmoud/airflow/dags/exec_multi_tasks_w_sep_bash_scripts.py for tasks to queue
[2024-04-15T12:46:20.046+0200] {logging_mixin.py:188} INFO - [2024-04-15T12:46:20.046+0200] {dagbag.py:538} INFO - Filling up the DagBag from /home/mahmoud/airflow/dags/exec_multi_tasks_w_sep_bash_scripts.py
[2024-04-15T12:46:20.067+0200] {processor.py:840} INFO - DAG(s) 'execute_multiple_bash_scripts_tasks_' retrieved from /home/mahmoud/airflow/dags/exec_multi_tasks_w_sep_bash_scripts.py
[2024-04-15T12:46:20.084+0200] {logging_mixin.py:188} INFO - [2024-04-15T12:46:20.084+0200] {dag.py:3033} INFO - Sync 1 DAGs
[2024-04-15T12:46:20.101+0200] {logging_mixin.py:188} INFO - [2024-04-15T12:46:20.101+0200] {dag.py:3820} INFO - Setting next_dagrun for execute_multiple_bash_scripts_tasks_ to 2024-03-17T00:00:00+00:00, run_after=2024-03-17T12:00:00+00:00
[2024-04-15T12:46:20.122+0200] {processor.py:183} INFO - Processing /home/mahmoud/airflow/dags/exec_multi_tasks_w_sep_bash_scripts.py took 0.086 seconds
[2024-04-15T12:46:50.713+0200] {processor.py:161} INFO - Started process (PID=11404) to work on /home/mahmoud/airflow/dags/exec_multi_tasks_w_sep_bash_scripts.py
[2024-04-15T12:46:50.715+0200] {processor.py:830} INFO - Processing file /home/mahmoud/airflow/dags/exec_multi_tasks_w_sep_bash_scripts.py for tasks to queue
[2024-04-15T12:46:50.716+0200] {logging_mixin.py:188} INFO - [2024-04-15T12:46:50.716+0200] {dagbag.py:538} INFO - Filling up the DagBag from /home/mahmoud/airflow/dags/exec_multi_tasks_w_sep_bash_scripts.py
[2024-04-15T12:46:50.733+0200] {processor.py:840} INFO - DAG(s) 'execute_multiple_bash_scripts_tasks_' retrieved from /home/mahmoud/airflow/dags/exec_multi_tasks_w_sep_bash_scripts.py
[2024-04-15T12:46:50.751+0200] {logging_mixin.py:188} INFO - [2024-04-15T12:46:50.751+0200] {dag.py:3033} INFO - Sync 1 DAGs
[2024-04-15T12:46:50.774+0200] {logging_mixin.py:188} INFO - [2024-04-15T12:46:50.774+0200] {dag.py:3820} INFO - Setting next_dagrun for execute_multiple_bash_scripts_tasks_ to 2024-03-17T00:00:00+00:00, run_after=2024-03-17T12:00:00+00:00
[2024-04-15T12:46:50.800+0200] {processor.py:183} INFO - Processing /home/mahmoud/airflow/dags/exec_multi_tasks_w_sep_bash_scripts.py took 0.091 seconds
[2024-04-15T12:47:21.629+0200] {processor.py:161} INFO - Started process (PID=11641) to work on /home/mahmoud/airflow/dags/exec_multi_tasks_w_sep_bash_scripts.py
[2024-04-15T12:47:21.630+0200] {processor.py:830} INFO - Processing file /home/mahmoud/airflow/dags/exec_multi_tasks_w_sep_bash_scripts.py for tasks to queue
[2024-04-15T12:47:21.631+0200] {logging_mixin.py:188} INFO - [2024-04-15T12:47:21.631+0200] {dagbag.py:538} INFO - Filling up the DagBag from /home/mahmoud/airflow/dags/exec_multi_tasks_w_sep_bash_scripts.py
[2024-04-15T12:47:21.648+0200] {processor.py:840} INFO - DAG(s) 'execute_multiple_bash_scripts_tasks_' retrieved from /home/mahmoud/airflow/dags/exec_multi_tasks_w_sep_bash_scripts.py
[2024-04-15T12:47:21.666+0200] {logging_mixin.py:188} INFO - [2024-04-15T12:47:21.666+0200] {dag.py:3033} INFO - Sync 1 DAGs
[2024-04-15T12:47:21.685+0200] {logging_mixin.py:188} INFO - [2024-04-15T12:47:21.685+0200] {dag.py:3820} INFO - Setting next_dagrun for execute_multiple_bash_scripts_tasks_ to 2024-03-17T00:00:00+00:00, run_after=2024-03-17T12:00:00+00:00
[2024-04-15T12:47:21.717+0200] {processor.py:183} INFO - Processing /home/mahmoud/airflow/dags/exec_multi_tasks_w_sep_bash_scripts.py took 0.091 seconds
[2024-04-15T12:47:52.316+0200] {processor.py:161} INFO - Started process (PID=11877) to work on /home/mahmoud/airflow/dags/exec_multi_tasks_w_sep_bash_scripts.py
[2024-04-15T12:47:52.319+0200] {processor.py:830} INFO - Processing file /home/mahmoud/airflow/dags/exec_multi_tasks_w_sep_bash_scripts.py for tasks to queue
[2024-04-15T12:47:52.320+0200] {logging_mixin.py:188} INFO - [2024-04-15T12:47:52.319+0200] {dagbag.py:538} INFO - Filling up the DagBag from /home/mahmoud/airflow/dags/exec_multi_tasks_w_sep_bash_scripts.py
[2024-04-15T12:47:52.334+0200] {processor.py:840} INFO - DAG(s) 'execute_multiple_bash_scripts_tasks_' retrieved from /home/mahmoud/airflow/dags/exec_multi_tasks_w_sep_bash_scripts.py
[2024-04-15T12:47:52.351+0200] {logging_mixin.py:188} INFO - [2024-04-15T12:47:52.351+0200] {dag.py:3033} INFO - Sync 1 DAGs
[2024-04-15T12:47:52.369+0200] {logging_mixin.py:188} INFO - [2024-04-15T12:47:52.369+0200] {dag.py:3820} INFO - Setting next_dagrun for execute_multiple_bash_scripts_tasks_ to 2024-03-17T00:00:00+00:00, run_after=2024-03-17T12:00:00+00:00
[2024-04-15T12:47:52.415+0200] {processor.py:183} INFO - Processing /home/mahmoud/airflow/dags/exec_multi_tasks_w_sep_bash_scripts.py took 0.101 seconds
[2024-04-15T12:48:23.058+0200] {processor.py:161} INFO - Started process (PID=12112) to work on /home/mahmoud/airflow/dags/exec_multi_tasks_w_sep_bash_scripts.py
[2024-04-15T12:48:23.059+0200] {processor.py:830} INFO - Processing file /home/mahmoud/airflow/dags/exec_multi_tasks_w_sep_bash_scripts.py for tasks to queue
[2024-04-15T12:48:23.061+0200] {logging_mixin.py:188} INFO - [2024-04-15T12:48:23.060+0200] {dagbag.py:538} INFO - Filling up the DagBag from /home/mahmoud/airflow/dags/exec_multi_tasks_w_sep_bash_scripts.py
[2024-04-15T12:48:23.086+0200] {processor.py:840} INFO - DAG(s) 'execute_multiple_bash_scripts_tasks_' retrieved from /home/mahmoud/airflow/dags/exec_multi_tasks_w_sep_bash_scripts.py
[2024-04-15T12:48:23.104+0200] {logging_mixin.py:188} INFO - [2024-04-15T12:48:23.104+0200] {dag.py:3033} INFO - Sync 1 DAGs
[2024-04-15T12:48:23.123+0200] {logging_mixin.py:188} INFO - [2024-04-15T12:48:23.123+0200] {dag.py:3820} INFO - Setting next_dagrun for execute_multiple_bash_scripts_tasks_ to 2024-03-17T00:00:00+00:00, run_after=2024-03-17T12:00:00+00:00
[2024-04-15T12:48:23.153+0200] {processor.py:183} INFO - Processing /home/mahmoud/airflow/dags/exec_multi_tasks_w_sep_bash_scripts.py took 0.102 seconds
[2024-04-15T12:48:53.396+0200] {processor.py:161} INFO - Started process (PID=12341) to work on /home/mahmoud/airflow/dags/exec_multi_tasks_w_sep_bash_scripts.py
[2024-04-15T12:48:53.406+0200] {processor.py:830} INFO - Processing file /home/mahmoud/airflow/dags/exec_multi_tasks_w_sep_bash_scripts.py for tasks to queue
[2024-04-15T12:48:53.408+0200] {logging_mixin.py:188} INFO - [2024-04-15T12:48:53.408+0200] {dagbag.py:538} INFO - Filling up the DagBag from /home/mahmoud/airflow/dags/exec_multi_tasks_w_sep_bash_scripts.py
[2024-04-15T12:48:53.435+0200] {processor.py:840} INFO - DAG(s) 'execute_multiple_bash_scripts_tasks_' retrieved from /home/mahmoud/airflow/dags/exec_multi_tasks_w_sep_bash_scripts.py
[2024-04-15T12:48:53.454+0200] {logging_mixin.py:188} INFO - [2024-04-15T12:48:53.454+0200] {dag.py:3033} INFO - Sync 1 DAGs
[2024-04-15T12:48:53.473+0200] {logging_mixin.py:188} INFO - [2024-04-15T12:48:53.473+0200] {dag.py:3820} INFO - Setting next_dagrun for execute_multiple_bash_scripts_tasks_ to 2024-03-17T00:00:00+00:00, run_after=2024-03-17T12:00:00+00:00
[2024-04-15T12:48:53.493+0200] {processor.py:183} INFO - Processing /home/mahmoud/airflow/dags/exec_multi_tasks_w_sep_bash_scripts.py took 0.105 seconds
[2024-04-15T12:49:24.048+0200] {processor.py:161} INFO - Started process (PID=12576) to work on /home/mahmoud/airflow/dags/exec_multi_tasks_w_sep_bash_scripts.py
[2024-04-15T12:49:24.049+0200] {processor.py:830} INFO - Processing file /home/mahmoud/airflow/dags/exec_multi_tasks_w_sep_bash_scripts.py for tasks to queue
[2024-04-15T12:49:24.051+0200] {logging_mixin.py:188} INFO - [2024-04-15T12:49:24.050+0200] {dagbag.py:538} INFO - Filling up the DagBag from /home/mahmoud/airflow/dags/exec_multi_tasks_w_sep_bash_scripts.py
[2024-04-15T12:49:24.074+0200] {processor.py:840} INFO - DAG(s) 'execute_multiple_bash_scripts_tasks_' retrieved from /home/mahmoud/airflow/dags/exec_multi_tasks_w_sep_bash_scripts.py
[2024-04-15T12:49:24.094+0200] {logging_mixin.py:188} INFO - [2024-04-15T12:49:24.094+0200] {dag.py:3033} INFO - Sync 1 DAGs
[2024-04-15T12:49:24.112+0200] {logging_mixin.py:188} INFO - [2024-04-15T12:49:24.112+0200] {dag.py:3820} INFO - Setting next_dagrun for execute_multiple_bash_scripts_tasks_ to 2024-03-17T00:00:00+00:00, run_after=2024-03-17T12:00:00+00:00
[2024-04-15T12:49:24.144+0200] {processor.py:183} INFO - Processing /home/mahmoud/airflow/dags/exec_multi_tasks_w_sep_bash_scripts.py took 0.103 seconds
[2024-04-15T12:49:54.710+0200] {processor.py:161} INFO - Started process (PID=12813) to work on /home/mahmoud/airflow/dags/exec_multi_tasks_w_sep_bash_scripts.py
[2024-04-15T12:49:54.711+0200] {processor.py:830} INFO - Processing file /home/mahmoud/airflow/dags/exec_multi_tasks_w_sep_bash_scripts.py for tasks to queue
[2024-04-15T12:49:54.712+0200] {logging_mixin.py:188} INFO - [2024-04-15T12:49:54.712+0200] {dagbag.py:538} INFO - Filling up the DagBag from /home/mahmoud/airflow/dags/exec_multi_tasks_w_sep_bash_scripts.py
[2024-04-15T12:49:54.726+0200] {processor.py:840} INFO - DAG(s) 'execute_multiple_bash_scripts_tasks_' retrieved from /home/mahmoud/airflow/dags/exec_multi_tasks_w_sep_bash_scripts.py
[2024-04-15T12:49:54.742+0200] {logging_mixin.py:188} INFO - [2024-04-15T12:49:54.742+0200] {dag.py:3033} INFO - Sync 1 DAGs
[2024-04-15T12:49:54.762+0200] {logging_mixin.py:188} INFO - [2024-04-15T12:49:54.761+0200] {dag.py:3820} INFO - Setting next_dagrun for execute_multiple_bash_scripts_tasks_ to 2024-03-17T00:00:00+00:00, run_after=2024-03-17T12:00:00+00:00
[2024-04-15T12:49:54.794+0200] {processor.py:183} INFO - Processing /home/mahmoud/airflow/dags/exec_multi_tasks_w_sep_bash_scripts.py took 0.086 seconds
[2024-04-15T12:50:25.043+0200] {processor.py:161} INFO - Started process (PID=13042) to work on /home/mahmoud/airflow/dags/exec_multi_tasks_w_sep_bash_scripts.py
[2024-04-15T12:50:25.044+0200] {processor.py:830} INFO - Processing file /home/mahmoud/airflow/dags/exec_multi_tasks_w_sep_bash_scripts.py for tasks to queue
[2024-04-15T12:50:25.046+0200] {logging_mixin.py:188} INFO - [2024-04-15T12:50:25.045+0200] {dagbag.py:538} INFO - Filling up the DagBag from /home/mahmoud/airflow/dags/exec_multi_tasks_w_sep_bash_scripts.py
[2024-04-15T12:50:25.069+0200] {processor.py:840} INFO - DAG(s) 'execute_multiple_bash_scripts_tasks_' retrieved from /home/mahmoud/airflow/dags/exec_multi_tasks_w_sep_bash_scripts.py
[2024-04-15T12:50:25.086+0200] {logging_mixin.py:188} INFO - [2024-04-15T12:50:25.085+0200] {dag.py:3033} INFO - Sync 1 DAGs
[2024-04-15T12:50:25.104+0200] {logging_mixin.py:188} INFO - [2024-04-15T12:50:25.104+0200] {dag.py:3820} INFO - Setting next_dagrun for execute_multiple_bash_scripts_tasks_ to 2024-03-17T00:00:00+00:00, run_after=2024-03-17T12:00:00+00:00
[2024-04-15T12:50:25.138+0200] {processor.py:183} INFO - Processing /home/mahmoud/airflow/dags/exec_multi_tasks_w_sep_bash_scripts.py took 0.102 seconds
[2024-04-15T12:50:56.674+0200] {processor.py:161} INFO - Started process (PID=13316) to work on /home/mahmoud/airflow/dags/exec_multi_tasks_w_sep_bash_scripts.py
[2024-04-15T12:50:56.686+0200] {processor.py:830} INFO - Processing file /home/mahmoud/airflow/dags/exec_multi_tasks_w_sep_bash_scripts.py for tasks to queue
[2024-04-15T12:50:56.688+0200] {logging_mixin.py:188} INFO - [2024-04-15T12:50:56.687+0200] {dagbag.py:538} INFO - Filling up the DagBag from /home/mahmoud/airflow/dags/exec_multi_tasks_w_sep_bash_scripts.py
[2024-04-15T12:50:56.712+0200] {processor.py:840} INFO - DAG(s) 'execute_multiple_bash_scripts_tasks_' retrieved from /home/mahmoud/airflow/dags/exec_multi_tasks_w_sep_bash_scripts.py
[2024-04-15T12:50:56.734+0200] {logging_mixin.py:188} INFO - [2024-04-15T12:50:56.734+0200] {dag.py:3033} INFO - Sync 1 DAGs
[2024-04-15T12:50:56.753+0200] {logging_mixin.py:188} INFO - [2024-04-15T12:50:56.753+0200] {dag.py:3820} INFO - Setting next_dagrun for execute_multiple_bash_scripts_tasks_ to 2024-03-17T00:00:00+00:00, run_after=2024-03-17T12:00:00+00:00
[2024-04-15T12:50:56.782+0200] {processor.py:183} INFO - Processing /home/mahmoud/airflow/dags/exec_multi_tasks_w_sep_bash_scripts.py took 0.113 seconds
[2024-04-15T12:51:27.558+0200] {processor.py:161} INFO - Started process (PID=13552) to work on /home/mahmoud/airflow/dags/exec_multi_tasks_w_sep_bash_scripts.py
[2024-04-15T12:51:27.559+0200] {processor.py:830} INFO - Processing file /home/mahmoud/airflow/dags/exec_multi_tasks_w_sep_bash_scripts.py for tasks to queue
[2024-04-15T12:51:27.560+0200] {logging_mixin.py:188} INFO - [2024-04-15T12:51:27.560+0200] {dagbag.py:538} INFO - Filling up the DagBag from /home/mahmoud/airflow/dags/exec_multi_tasks_w_sep_bash_scripts.py
[2024-04-15T12:51:27.575+0200] {processor.py:840} INFO - DAG(s) 'execute_multiple_bash_scripts_tasks_' retrieved from /home/mahmoud/airflow/dags/exec_multi_tasks_w_sep_bash_scripts.py
[2024-04-15T12:51:27.591+0200] {logging_mixin.py:188} INFO - [2024-04-15T12:51:27.591+0200] {dag.py:3033} INFO - Sync 1 DAGs
[2024-04-15T12:51:27.609+0200] {logging_mixin.py:188} INFO - [2024-04-15T12:51:27.609+0200] {dag.py:3820} INFO - Setting next_dagrun for execute_multiple_bash_scripts_tasks_ to 2024-03-17T00:00:00+00:00, run_after=2024-03-17T12:00:00+00:00
[2024-04-15T12:51:27.629+0200] {processor.py:183} INFO - Processing /home/mahmoud/airflow/dags/exec_multi_tasks_w_sep_bash_scripts.py took 0.073 seconds
[2024-04-15T12:51:57.768+0200] {processor.py:161} INFO - Started process (PID=13780) to work on /home/mahmoud/airflow/dags/exec_multi_tasks_w_sep_bash_scripts.py
[2024-04-15T12:51:57.770+0200] {processor.py:830} INFO - Processing file /home/mahmoud/airflow/dags/exec_multi_tasks_w_sep_bash_scripts.py for tasks to queue
[2024-04-15T12:51:57.771+0200] {logging_mixin.py:188} INFO - [2024-04-15T12:51:57.770+0200] {dagbag.py:538} INFO - Filling up the DagBag from /home/mahmoud/airflow/dags/exec_multi_tasks_w_sep_bash_scripts.py
[2024-04-15T12:51:57.788+0200] {processor.py:840} INFO - DAG(s) 'execute_multiple_bash_scripts_tasks_' retrieved from /home/mahmoud/airflow/dags/exec_multi_tasks_w_sep_bash_scripts.py
[2024-04-15T12:51:57.805+0200] {logging_mixin.py:188} INFO - [2024-04-15T12:51:57.805+0200] {dag.py:3033} INFO - Sync 1 DAGs
[2024-04-15T12:51:57.822+0200] {logging_mixin.py:188} INFO - [2024-04-15T12:51:57.822+0200] {dag.py:3820} INFO - Setting next_dagrun for execute_multiple_bash_scripts_tasks_ to 2024-03-17T00:00:00+00:00, run_after=2024-03-17T12:00:00+00:00
[2024-04-15T12:51:57.855+0200] {processor.py:183} INFO - Processing /home/mahmoud/airflow/dags/exec_multi_tasks_w_sep_bash_scripts.py took 0.092 seconds
[2024-04-15T12:52:29.233+0200] {processor.py:161} INFO - Started process (PID=14018) to work on /home/mahmoud/airflow/dags/exec_multi_tasks_w_sep_bash_scripts.py
[2024-04-15T12:52:29.235+0200] {processor.py:830} INFO - Processing file /home/mahmoud/airflow/dags/exec_multi_tasks_w_sep_bash_scripts.py for tasks to queue
[2024-04-15T12:52:29.237+0200] {logging_mixin.py:188} INFO - [2024-04-15T12:52:29.236+0200] {dagbag.py:538} INFO - Filling up the DagBag from /home/mahmoud/airflow/dags/exec_multi_tasks_w_sep_bash_scripts.py
[2024-04-15T12:52:29.262+0200] {processor.py:840} INFO - DAG(s) 'execute_multiple_bash_scripts_tasks_' retrieved from /home/mahmoud/airflow/dags/exec_multi_tasks_w_sep_bash_scripts.py
[2024-04-15T12:52:29.279+0200] {logging_mixin.py:188} INFO - [2024-04-15T12:52:29.279+0200] {dag.py:3033} INFO - Sync 1 DAGs
[2024-04-15T12:52:29.296+0200] {logging_mixin.py:188} INFO - [2024-04-15T12:52:29.296+0200] {dag.py:3820} INFO - Setting next_dagrun for execute_multiple_bash_scripts_tasks_ to 2024-03-17T00:00:00+00:00, run_after=2024-03-17T12:00:00+00:00
[2024-04-15T12:52:29.326+0200] {processor.py:183} INFO - Processing /home/mahmoud/airflow/dags/exec_multi_tasks_w_sep_bash_scripts.py took 0.100 seconds
[2024-04-15T12:53:00.463+0200] {processor.py:161} INFO - Started process (PID=14256) to work on /home/mahmoud/airflow/dags/exec_multi_tasks_w_sep_bash_scripts.py
[2024-04-15T12:53:00.466+0200] {processor.py:830} INFO - Processing file /home/mahmoud/airflow/dags/exec_multi_tasks_w_sep_bash_scripts.py for tasks to queue
[2024-04-15T12:53:00.468+0200] {logging_mixin.py:188} INFO - [2024-04-15T12:53:00.467+0200] {dagbag.py:538} INFO - Filling up the DagBag from /home/mahmoud/airflow/dags/exec_multi_tasks_w_sep_bash_scripts.py
[2024-04-15T12:53:00.486+0200] {processor.py:840} INFO - DAG(s) 'execute_multiple_bash_scripts_tasks_' retrieved from /home/mahmoud/airflow/dags/exec_multi_tasks_w_sep_bash_scripts.py
[2024-04-15T12:53:00.504+0200] {logging_mixin.py:188} INFO - [2024-04-15T12:53:00.503+0200] {dag.py:3033} INFO - Sync 1 DAGs
[2024-04-15T12:53:00.522+0200] {logging_mixin.py:188} INFO - [2024-04-15T12:53:00.522+0200] {dag.py:3820} INFO - Setting next_dagrun for execute_multiple_bash_scripts_tasks_ to 2024-03-17T00:00:00+00:00, run_after=2024-03-17T12:00:00+00:00
[2024-04-15T12:53:00.553+0200] {processor.py:183} INFO - Processing /home/mahmoud/airflow/dags/exec_multi_tasks_w_sep_bash_scripts.py took 0.095 seconds
[2024-04-15T12:53:30.798+0200] {processor.py:161} INFO - Started process (PID=14492) to work on /home/mahmoud/airflow/dags/exec_multi_tasks_w_sep_bash_scripts.py
[2024-04-15T12:53:30.800+0200] {processor.py:830} INFO - Processing file /home/mahmoud/airflow/dags/exec_multi_tasks_w_sep_bash_scripts.py for tasks to queue
[2024-04-15T12:53:30.801+0200] {logging_mixin.py:188} INFO - [2024-04-15T12:53:30.801+0200] {dagbag.py:538} INFO - Filling up the DagBag from /home/mahmoud/airflow/dags/exec_multi_tasks_w_sep_bash_scripts.py
[2024-04-15T12:53:30.818+0200] {processor.py:840} INFO - DAG(s) 'execute_multiple_bash_scripts_tasks_' retrieved from /home/mahmoud/airflow/dags/exec_multi_tasks_w_sep_bash_scripts.py
[2024-04-15T12:53:30.837+0200] {logging_mixin.py:188} INFO - [2024-04-15T12:53:30.837+0200] {dag.py:3033} INFO - Sync 1 DAGs
[2024-04-15T12:53:30.857+0200] {logging_mixin.py:188} INFO - [2024-04-15T12:53:30.857+0200] {dag.py:3820} INFO - Setting next_dagrun for execute_multiple_bash_scripts_tasks_ to 2024-03-17T00:00:00+00:00, run_after=2024-03-17T12:00:00+00:00
[2024-04-15T12:53:30.891+0200] {processor.py:183} INFO - Processing /home/mahmoud/airflow/dags/exec_multi_tasks_w_sep_bash_scripts.py took 0.097 seconds
[2024-04-15T12:54:01.095+0200] {processor.py:161} INFO - Started process (PID=14727) to work on /home/mahmoud/airflow/dags/exec_multi_tasks_w_sep_bash_scripts.py
[2024-04-15T12:54:01.111+0200] {processor.py:830} INFO - Processing file /home/mahmoud/airflow/dags/exec_multi_tasks_w_sep_bash_scripts.py for tasks to queue
[2024-04-15T12:54:01.114+0200] {logging_mixin.py:188} INFO - [2024-04-15T12:54:01.113+0200] {dagbag.py:538} INFO - Filling up the DagBag from /home/mahmoud/airflow/dags/exec_multi_tasks_w_sep_bash_scripts.py
[2024-04-15T12:54:01.145+0200] {processor.py:840} INFO - DAG(s) 'execute_multiple_bash_scripts_tasks_' retrieved from /home/mahmoud/airflow/dags/exec_multi_tasks_w_sep_bash_scripts.py
[2024-04-15T12:54:01.166+0200] {logging_mixin.py:188} INFO - [2024-04-15T12:54:01.166+0200] {dag.py:3033} INFO - Sync 1 DAGs
[2024-04-15T12:54:01.185+0200] {logging_mixin.py:188} INFO - [2024-04-15T12:54:01.185+0200] {dag.py:3820} INFO - Setting next_dagrun for execute_multiple_bash_scripts_tasks_ to 2024-03-17T00:00:00+00:00, run_after=2024-03-17T12:00:00+00:00
[2024-04-15T12:54:01.218+0200] {processor.py:183} INFO - Processing /home/mahmoud/airflow/dags/exec_multi_tasks_w_sep_bash_scripts.py took 0.133 seconds
[2024-04-15T12:54:34.303+0200] {processor.py:161} INFO - Started process (PID=14953) to work on /home/mahmoud/airflow/dags/exec_multi_tasks_w_sep_bash_scripts.py
[2024-04-15T12:54:34.321+0200] {processor.py:830} INFO - Processing file /home/mahmoud/airflow/dags/exec_multi_tasks_w_sep_bash_scripts.py for tasks to queue
[2024-04-15T12:54:34.328+0200] {logging_mixin.py:188} INFO - [2024-04-15T12:54:34.325+0200] {dagbag.py:538} INFO - Filling up the DagBag from /home/mahmoud/airflow/dags/exec_multi_tasks_w_sep_bash_scripts.py
[2024-04-15T12:54:34.509+0200] {processor.py:840} INFO - DAG(s) 'execute_multiple_bash_scripts_tasks_' retrieved from /home/mahmoud/airflow/dags/exec_multi_tasks_w_sep_bash_scripts.py
[2024-04-15T12:54:34.768+0200] {logging_mixin.py:188} INFO - [2024-04-15T12:54:34.765+0200] {dag.py:3033} INFO - Sync 1 DAGs
[2024-04-15T12:54:35.009+0200] {logging_mixin.py:188} INFO - [2024-04-15T12:54:35.007+0200] {dag.py:3820} INFO - Setting next_dagrun for execute_multiple_bash_scripts_tasks_ to 2024-03-17T00:00:00+00:00, run_after=2024-03-17T12:00:00+00:00
[2024-04-15T12:54:35.186+0200] {processor.py:183} INFO - Processing /home/mahmoud/airflow/dags/exec_multi_tasks_w_sep_bash_scripts.py took 0.909 seconds
[2024-04-15T12:55:13.989+0200] {processor.py:161} INFO - Started process (PID=15199) to work on /home/mahmoud/airflow/dags/exec_multi_tasks_w_sep_bash_scripts.py
[2024-04-15T12:55:14.022+0200] {processor.py:830} INFO - Processing file /home/mahmoud/airflow/dags/exec_multi_tasks_w_sep_bash_scripts.py for tasks to queue
[2024-04-15T12:55:14.042+0200] {logging_mixin.py:188} INFO - [2024-04-15T12:55:14.039+0200] {dagbag.py:538} INFO - Filling up the DagBag from /home/mahmoud/airflow/dags/exec_multi_tasks_w_sep_bash_scripts.py
[2024-04-15T12:55:14.271+0200] {processor.py:840} INFO - DAG(s) 'execute_multiple_bash_scripts_tasks_' retrieved from /home/mahmoud/airflow/dags/exec_multi_tasks_w_sep_bash_scripts.py
[2024-04-15T12:55:14.567+0200] {logging_mixin.py:188} INFO - [2024-04-15T12:55:14.565+0200] {dag.py:3033} INFO - Sync 1 DAGs
[2024-04-15T12:55:14.851+0200] {logging_mixin.py:188} INFO - [2024-04-15T12:55:14.849+0200] {dag.py:3820} INFO - Setting next_dagrun for execute_multiple_bash_scripts_tasks_ to 2024-03-17T00:00:00+00:00, run_after=2024-03-17T12:00:00+00:00
[2024-04-15T12:55:15.139+0200] {processor.py:183} INFO - Processing /home/mahmoud/airflow/dags/exec_multi_tasks_w_sep_bash_scripts.py took 1.197 seconds
[2024-04-15T12:55:51.125+0200] {processor.py:161} INFO - Started process (PID=15463) to work on /home/mahmoud/airflow/dags/exec_multi_tasks_w_sep_bash_scripts.py
[2024-04-15T12:55:51.144+0200] {processor.py:830} INFO - Processing file /home/mahmoud/airflow/dags/exec_multi_tasks_w_sep_bash_scripts.py for tasks to queue
[2024-04-15T12:55:51.154+0200] {logging_mixin.py:188} INFO - [2024-04-15T12:55:51.151+0200] {dagbag.py:538} INFO - Filling up the DagBag from /home/mahmoud/airflow/dags/exec_multi_tasks_w_sep_bash_scripts.py
[2024-04-15T12:55:51.327+0200] {processor.py:840} INFO - DAG(s) 'execute_multiple_bash_scripts_tasks_' retrieved from /home/mahmoud/airflow/dags/exec_multi_tasks_w_sep_bash_scripts.py
[2024-04-15T12:55:51.492+0200] {logging_mixin.py:188} INFO - [2024-04-15T12:55:51.491+0200] {dag.py:3033} INFO - Sync 1 DAGs
[2024-04-15T12:55:51.688+0200] {logging_mixin.py:188} INFO - [2024-04-15T12:55:51.687+0200] {dag.py:3820} INFO - Setting next_dagrun for execute_multiple_bash_scripts_tasks_ to 2024-03-17T00:00:00+00:00, run_after=2024-03-17T12:00:00+00:00
[2024-04-15T12:55:51.851+0200] {processor.py:183} INFO - Processing /home/mahmoud/airflow/dags/exec_multi_tasks_w_sep_bash_scripts.py took 0.761 seconds
[2024-04-15T12:56:23.908+0200] {processor.py:161} INFO - Started process (PID=15674) to work on /home/mahmoud/airflow/dags/exec_multi_tasks_w_sep_bash_scripts.py
[2024-04-15T12:56:23.922+0200] {processor.py:830} INFO - Processing file /home/mahmoud/airflow/dags/exec_multi_tasks_w_sep_bash_scripts.py for tasks to queue
[2024-04-15T12:56:23.934+0200] {logging_mixin.py:188} INFO - [2024-04-15T12:56:23.929+0200] {dagbag.py:538} INFO - Filling up the DagBag from /home/mahmoud/airflow/dags/exec_multi_tasks_w_sep_bash_scripts.py
[2024-04-15T12:56:24.223+0200] {processor.py:840} INFO - DAG(s) 'execute_multiple_bash_scripts_tasks_' retrieved from /home/mahmoud/airflow/dags/exec_multi_tasks_w_sep_bash_scripts.py
[2024-04-15T12:56:24.477+0200] {logging_mixin.py:188} INFO - [2024-04-15T12:56:24.476+0200] {dag.py:3033} INFO - Sync 1 DAGs
[2024-04-15T12:56:24.681+0200] {logging_mixin.py:188} INFO - [2024-04-15T12:56:24.679+0200] {dag.py:3820} INFO - Setting next_dagrun for execute_multiple_bash_scripts_tasks_ to 2024-03-17T00:00:00+00:00, run_after=2024-03-17T12:00:00+00:00
[2024-04-15T12:56:24.872+0200] {processor.py:183} INFO - Processing /home/mahmoud/airflow/dags/exec_multi_tasks_w_sep_bash_scripts.py took 1.006 seconds
[2024-04-15T12:56:58.312+0200] {processor.py:161} INFO - Started process (PID=15889) to work on /home/mahmoud/airflow/dags/exec_multi_tasks_w_sep_bash_scripts.py
[2024-04-15T12:56:58.323+0200] {processor.py:830} INFO - Processing file /home/mahmoud/airflow/dags/exec_multi_tasks_w_sep_bash_scripts.py for tasks to queue
[2024-04-15T12:56:58.336+0200] {logging_mixin.py:188} INFO - [2024-04-15T12:56:58.332+0200] {dagbag.py:538} INFO - Filling up the DagBag from /home/mahmoud/airflow/dags/exec_multi_tasks_w_sep_bash_scripts.py
[2024-04-15T12:56:58.509+0200] {processor.py:840} INFO - DAG(s) 'execute_multiple_bash_scripts_tasks_' retrieved from /home/mahmoud/airflow/dags/exec_multi_tasks_w_sep_bash_scripts.py
[2024-04-15T12:56:58.695+0200] {logging_mixin.py:188} INFO - [2024-04-15T12:56:58.693+0200] {dag.py:3033} INFO - Sync 1 DAGs
[2024-04-15T12:56:58.996+0200] {logging_mixin.py:188} INFO - [2024-04-15T12:56:58.994+0200] {dag.py:3820} INFO - Setting next_dagrun for execute_multiple_bash_scripts_tasks_ to 2024-03-17T00:00:00+00:00, run_after=2024-03-17T12:00:00+00:00
[2024-04-15T12:56:59.170+0200] {processor.py:183} INFO - Processing /home/mahmoud/airflow/dags/exec_multi_tasks_w_sep_bash_scripts.py took 0.921 seconds
[2024-04-15T12:57:33.733+0200] {processor.py:161} INFO - Started process (PID=16110) to work on /home/mahmoud/airflow/dags/exec_multi_tasks_w_sep_bash_scripts.py
[2024-04-15T12:57:33.742+0200] {processor.py:830} INFO - Processing file /home/mahmoud/airflow/dags/exec_multi_tasks_w_sep_bash_scripts.py for tasks to queue
[2024-04-15T12:57:33.749+0200] {logging_mixin.py:188} INFO - [2024-04-15T12:57:33.747+0200] {dagbag.py:538} INFO - Filling up the DagBag from /home/mahmoud/airflow/dags/exec_multi_tasks_w_sep_bash_scripts.py
[2024-04-15T12:57:33.927+0200] {processor.py:840} INFO - DAG(s) 'execute_multiple_bash_scripts_tasks_' retrieved from /home/mahmoud/airflow/dags/exec_multi_tasks_w_sep_bash_scripts.py
[2024-04-15T12:57:34.129+0200] {logging_mixin.py:188} INFO - [2024-04-15T12:57:34.126+0200] {dag.py:3033} INFO - Sync 1 DAGs
[2024-04-15T12:57:34.373+0200] {logging_mixin.py:188} INFO - [2024-04-15T12:57:34.371+0200] {dag.py:3820} INFO - Setting next_dagrun for execute_multiple_bash_scripts_tasks_ to 2024-03-17T00:00:00+00:00, run_after=2024-03-17T12:00:00+00:00
[2024-04-15T12:57:34.636+0200] {processor.py:183} INFO - Processing /home/mahmoud/airflow/dags/exec_multi_tasks_w_sep_bash_scripts.py took 0.928 seconds
[2024-04-15T12:58:08.447+0200] {processor.py:161} INFO - Started process (PID=16318) to work on /home/mahmoud/airflow/dags/exec_multi_tasks_w_sep_bash_scripts.py
[2024-04-15T12:58:08.455+0200] {processor.py:830} INFO - Processing file /home/mahmoud/airflow/dags/exec_multi_tasks_w_sep_bash_scripts.py for tasks to queue
[2024-04-15T12:58:08.463+0200] {logging_mixin.py:188} INFO - [2024-04-15T12:58:08.460+0200] {dagbag.py:538} INFO - Filling up the DagBag from /home/mahmoud/airflow/dags/exec_multi_tasks_w_sep_bash_scripts.py
[2024-04-15T12:58:08.651+0200] {processor.py:840} INFO - DAG(s) 'execute_multiple_bash_scripts_tasks_' retrieved from /home/mahmoud/airflow/dags/exec_multi_tasks_w_sep_bash_scripts.py
[2024-04-15T12:58:08.921+0200] {logging_mixin.py:188} INFO - [2024-04-15T12:58:08.919+0200] {dag.py:3033} INFO - Sync 1 DAGs
[2024-04-15T12:58:09.179+0200] {logging_mixin.py:188} INFO - [2024-04-15T12:58:09.177+0200] {dag.py:3820} INFO - Setting next_dagrun for execute_multiple_bash_scripts_tasks_ to 2024-03-17T00:00:00+00:00, run_after=2024-03-17T12:00:00+00:00
[2024-04-15T12:58:09.365+0200] {processor.py:183} INFO - Processing /home/mahmoud/airflow/dags/exec_multi_tasks_w_sep_bash_scripts.py took 0.946 seconds
[2024-04-15T12:58:41.533+0200] {processor.py:161} INFO - Started process (PID=16516) to work on /home/mahmoud/airflow/dags/exec_multi_tasks_w_sep_bash_scripts.py
[2024-04-15T12:58:41.540+0200] {processor.py:830} INFO - Processing file /home/mahmoud/airflow/dags/exec_multi_tasks_w_sep_bash_scripts.py for tasks to queue
[2024-04-15T12:58:41.549+0200] {logging_mixin.py:188} INFO - [2024-04-15T12:58:41.546+0200] {dagbag.py:538} INFO - Filling up the DagBag from /home/mahmoud/airflow/dags/exec_multi_tasks_w_sep_bash_scripts.py
[2024-04-15T12:58:41.754+0200] {processor.py:840} INFO - DAG(s) 'execute_multiple_bash_scripts_tasks_' retrieved from /home/mahmoud/airflow/dags/exec_multi_tasks_w_sep_bash_scripts.py
[2024-04-15T12:58:41.959+0200] {logging_mixin.py:188} INFO - [2024-04-15T12:58:41.957+0200] {dag.py:3033} INFO - Sync 1 DAGs
[2024-04-15T12:58:42.193+0200] {logging_mixin.py:188} INFO - [2024-04-15T12:58:42.191+0200] {dag.py:3820} INFO - Setting next_dagrun for execute_multiple_bash_scripts_tasks_ to 2024-03-17T00:00:00+00:00, run_after=2024-03-17T12:00:00+00:00
[2024-04-15T12:58:42.338+0200] {processor.py:183} INFO - Processing /home/mahmoud/airflow/dags/exec_multi_tasks_w_sep_bash_scripts.py took 0.842 seconds
[2024-04-15T12:59:16.714+0200] {processor.py:161} INFO - Started process (PID=16728) to work on /home/mahmoud/airflow/dags/exec_multi_tasks_w_sep_bash_scripts.py
[2024-04-15T12:59:16.724+0200] {processor.py:830} INFO - Processing file /home/mahmoud/airflow/dags/exec_multi_tasks_w_sep_bash_scripts.py for tasks to queue
[2024-04-15T12:59:16.736+0200] {logging_mixin.py:188} INFO - [2024-04-15T12:59:16.732+0200] {dagbag.py:538} INFO - Filling up the DagBag from /home/mahmoud/airflow/dags/exec_multi_tasks_w_sep_bash_scripts.py
[2024-04-15T12:59:16.922+0200] {processor.py:840} INFO - DAG(s) 'execute_multiple_bash_scripts_tasks_' retrieved from /home/mahmoud/airflow/dags/exec_multi_tasks_w_sep_bash_scripts.py
[2024-04-15T12:59:17.108+0200] {logging_mixin.py:188} INFO - [2024-04-15T12:59:17.106+0200] {dag.py:3033} INFO - Sync 1 DAGs
[2024-04-15T12:59:17.390+0200] {logging_mixin.py:188} INFO - [2024-04-15T12:59:17.389+0200] {dag.py:3820} INFO - Setting next_dagrun for execute_multiple_bash_scripts_tasks_ to 2024-03-17T00:00:00+00:00, run_after=2024-03-17T12:00:00+00:00
[2024-04-15T12:59:17.577+0200] {processor.py:183} INFO - Processing /home/mahmoud/airflow/dags/exec_multi_tasks_w_sep_bash_scripts.py took 0.887 seconds
[2024-04-15T12:59:47.756+0200] {processor.py:161} INFO - Started process (PID=16927) to work on /home/mahmoud/airflow/dags/exec_multi_tasks_w_sep_bash_scripts.py
[2024-04-15T12:59:47.773+0200] {processor.py:830} INFO - Processing file /home/mahmoud/airflow/dags/exec_multi_tasks_w_sep_bash_scripts.py for tasks to queue
[2024-04-15T12:59:47.782+0200] {logging_mixin.py:188} INFO - [2024-04-15T12:59:47.778+0200] {dagbag.py:538} INFO - Filling up the DagBag from /home/mahmoud/airflow/dags/exec_multi_tasks_w_sep_bash_scripts.py
[2024-04-15T12:59:47.954+0200] {processor.py:840} INFO - DAG(s) 'execute_multiple_bash_scripts_tasks_' retrieved from /home/mahmoud/airflow/dags/exec_multi_tasks_w_sep_bash_scripts.py
[2024-04-15T12:59:48.090+0200] {logging_mixin.py:188} INFO - [2024-04-15T12:59:48.089+0200] {dag.py:3033} INFO - Sync 1 DAGs
[2024-04-15T12:59:48.243+0200] {logging_mixin.py:188} INFO - [2024-04-15T12:59:48.242+0200] {dag.py:3820} INFO - Setting next_dagrun for execute_multiple_bash_scripts_tasks_ to 2024-03-17T00:00:00+00:00, run_after=2024-03-17T12:00:00+00:00
[2024-04-15T12:59:48.370+0200] {processor.py:183} INFO - Processing /home/mahmoud/airflow/dags/exec_multi_tasks_w_sep_bash_scripts.py took 0.651 seconds
[2024-04-15T13:00:24.888+0200] {processor.py:161} INFO - Started process (PID=17139) to work on /home/mahmoud/airflow/dags/exec_multi_tasks_w_sep_bash_scripts.py
[2024-04-15T13:00:24.896+0200] {processor.py:830} INFO - Processing file /home/mahmoud/airflow/dags/exec_multi_tasks_w_sep_bash_scripts.py for tasks to queue
[2024-04-15T13:00:24.904+0200] {logging_mixin.py:188} INFO - [2024-04-15T13:00:24.901+0200] {dagbag.py:538} INFO - Filling up the DagBag from /home/mahmoud/airflow/dags/exec_multi_tasks_w_sep_bash_scripts.py
[2024-04-15T13:00:25.070+0200] {processor.py:840} INFO - DAG(s) 'execute_multiple_bash_scripts_tasks_' retrieved from /home/mahmoud/airflow/dags/exec_multi_tasks_w_sep_bash_scripts.py
[2024-04-15T13:00:25.251+0200] {logging_mixin.py:188} INFO - [2024-04-15T13:00:25.250+0200] {dag.py:3033} INFO - Sync 1 DAGs
[2024-04-15T13:00:25.447+0200] {logging_mixin.py:188} INFO - [2024-04-15T13:00:25.445+0200] {dag.py:3820} INFO - Setting next_dagrun for execute_multiple_bash_scripts_tasks_ to 2024-03-17T00:00:00+00:00, run_after=2024-03-17T12:00:00+00:00
[2024-04-15T13:00:25.628+0200] {processor.py:183} INFO - Processing /home/mahmoud/airflow/dags/exec_multi_tasks_w_sep_bash_scripts.py took 0.765 seconds
[2024-04-15T13:00:59.614+0200] {processor.py:161} INFO - Started process (PID=17372) to work on /home/mahmoud/airflow/dags/exec_multi_tasks_w_sep_bash_scripts.py
[2024-04-15T13:00:59.633+0200] {processor.py:830} INFO - Processing file /home/mahmoud/airflow/dags/exec_multi_tasks_w_sep_bash_scripts.py for tasks to queue
[2024-04-15T13:00:59.643+0200] {logging_mixin.py:188} INFO - [2024-04-15T13:00:59.640+0200] {dagbag.py:538} INFO - Filling up the DagBag from /home/mahmoud/airflow/dags/exec_multi_tasks_w_sep_bash_scripts.py
[2024-04-15T13:00:59.794+0200] {processor.py:840} INFO - DAG(s) 'execute_multiple_bash_scripts_tasks_' retrieved from /home/mahmoud/airflow/dags/exec_multi_tasks_w_sep_bash_scripts.py
[2024-04-15T13:00:59.965+0200] {logging_mixin.py:188} INFO - [2024-04-15T13:00:59.964+0200] {dag.py:3033} INFO - Sync 1 DAGs
[2024-04-15T13:01:00.179+0200] {logging_mixin.py:188} INFO - [2024-04-15T13:01:00.178+0200] {dag.py:3820} INFO - Setting next_dagrun for execute_multiple_bash_scripts_tasks_ to 2024-03-17T00:00:00+00:00, run_after=2024-03-17T12:00:00+00:00
[2024-04-15T13:01:00.440+0200] {processor.py:183} INFO - Processing /home/mahmoud/airflow/dags/exec_multi_tasks_w_sep_bash_scripts.py took 0.853 seconds
[2024-04-15T13:01:33.277+0200] {processor.py:161} INFO - Started process (PID=17567) to work on /home/mahmoud/airflow/dags/exec_multi_tasks_w_sep_bash_scripts.py
[2024-04-15T13:01:33.290+0200] {processor.py:830} INFO - Processing file /home/mahmoud/airflow/dags/exec_multi_tasks_w_sep_bash_scripts.py for tasks to queue
[2024-04-15T13:01:33.301+0200] {logging_mixin.py:188} INFO - [2024-04-15T13:01:33.296+0200] {dagbag.py:538} INFO - Filling up the DagBag from /home/mahmoud/airflow/dags/exec_multi_tasks_w_sep_bash_scripts.py
[2024-04-15T13:01:33.520+0200] {processor.py:840} INFO - DAG(s) 'execute_multiple_bash_scripts_tasks_' retrieved from /home/mahmoud/airflow/dags/exec_multi_tasks_w_sep_bash_scripts.py
[2024-04-15T13:01:33.736+0200] {logging_mixin.py:188} INFO - [2024-04-15T13:01:33.734+0200] {dag.py:3033} INFO - Sync 1 DAGs
[2024-04-15T13:01:34.039+0200] {logging_mixin.py:188} INFO - [2024-04-15T13:01:34.036+0200] {dag.py:3820} INFO - Setting next_dagrun for execute_multiple_bash_scripts_tasks_ to 2024-03-17T00:00:00+00:00, run_after=2024-03-17T12:00:00+00:00
[2024-04-15T13:01:34.470+0200] {processor.py:183} INFO - Processing /home/mahmoud/airflow/dags/exec_multi_tasks_w_sep_bash_scripts.py took 1.233 seconds
[2024-04-15T13:02:08.753+0200] {processor.py:161} INFO - Started process (PID=17771) to work on /home/mahmoud/airflow/dags/exec_multi_tasks_w_sep_bash_scripts.py
[2024-04-15T13:02:08.761+0200] {processor.py:830} INFO - Processing file /home/mahmoud/airflow/dags/exec_multi_tasks_w_sep_bash_scripts.py for tasks to queue
[2024-04-15T13:02:08.768+0200] {logging_mixin.py:188} INFO - [2024-04-15T13:02:08.765+0200] {dagbag.py:538} INFO - Filling up the DagBag from /home/mahmoud/airflow/dags/exec_multi_tasks_w_sep_bash_scripts.py
[2024-04-15T13:02:08.946+0200] {processor.py:840} INFO - DAG(s) 'execute_multiple_bash_scripts_tasks_' retrieved from /home/mahmoud/airflow/dags/exec_multi_tasks_w_sep_bash_scripts.py
[2024-04-15T13:02:09.150+0200] {logging_mixin.py:188} INFO - [2024-04-15T13:02:09.148+0200] {dag.py:3033} INFO - Sync 1 DAGs
[2024-04-15T13:02:09.355+0200] {logging_mixin.py:188} INFO - [2024-04-15T13:02:09.354+0200] {dag.py:3820} INFO - Setting next_dagrun for execute_multiple_bash_scripts_tasks_ to 2024-03-17T00:00:00+00:00, run_after=2024-03-17T12:00:00+00:00
[2024-04-15T13:02:09.610+0200] {processor.py:183} INFO - Processing /home/mahmoud/airflow/dags/exec_multi_tasks_w_sep_bash_scripts.py took 0.920 seconds
[2024-04-15T13:02:44.795+0200] {processor.py:161} INFO - Started process (PID=17978) to work on /home/mahmoud/airflow/dags/exec_multi_tasks_w_sep_bash_scripts.py
[2024-04-15T13:02:44.812+0200] {processor.py:830} INFO - Processing file /home/mahmoud/airflow/dags/exec_multi_tasks_w_sep_bash_scripts.py for tasks to queue
[2024-04-15T13:02:44.820+0200] {logging_mixin.py:188} INFO - [2024-04-15T13:02:44.817+0200] {dagbag.py:538} INFO - Filling up the DagBag from /home/mahmoud/airflow/dags/exec_multi_tasks_w_sep_bash_scripts.py
[2024-04-15T13:02:45.030+0200] {processor.py:840} INFO - DAG(s) 'execute_multiple_bash_scripts_tasks_' retrieved from /home/mahmoud/airflow/dags/exec_multi_tasks_w_sep_bash_scripts.py
[2024-04-15T13:02:45.280+0200] {logging_mixin.py:188} INFO - [2024-04-15T13:02:45.278+0200] {dag.py:3033} INFO - Sync 1 DAGs
[2024-04-15T13:02:45.658+0200] {logging_mixin.py:188} INFO - [2024-04-15T13:02:45.654+0200] {dag.py:3820} INFO - Setting next_dagrun for execute_multiple_bash_scripts_tasks_ to 2024-03-17T00:00:00+00:00, run_after=2024-03-17T12:00:00+00:00
[2024-04-15T13:22:17.533+0200] {processor.py:183} INFO - Processing /home/mahmoud/airflow/dags/exec_multi_tasks_w_sep_bash_scripts.py took 1172.784 seconds
[2024-04-15T13:22:47.957+0200] {processor.py:161} INFO - Started process (PID=18305) to work on /home/mahmoud/airflow/dags/exec_multi_tasks_w_sep_bash_scripts.py
[2024-04-15T13:22:47.959+0200] {processor.py:830} INFO - Processing file /home/mahmoud/airflow/dags/exec_multi_tasks_w_sep_bash_scripts.py for tasks to queue
[2024-04-15T13:22:47.960+0200] {logging_mixin.py:188} INFO - [2024-04-15T13:22:47.959+0200] {dagbag.py:538} INFO - Filling up the DagBag from /home/mahmoud/airflow/dags/exec_multi_tasks_w_sep_bash_scripts.py
[2024-04-15T13:22:47.976+0200] {processor.py:840} INFO - DAG(s) 'execute_multiple_bash_scripts_tasks_' retrieved from /home/mahmoud/airflow/dags/exec_multi_tasks_w_sep_bash_scripts.py
[2024-04-15T13:22:48.066+0200] {logging_mixin.py:188} INFO - [2024-04-15T13:22:48.066+0200] {dag.py:3033} INFO - Sync 1 DAGs
[2024-04-15T13:22:48.084+0200] {logging_mixin.py:188} INFO - [2024-04-15T13:22:48.084+0200] {dag.py:3820} INFO - Setting next_dagrun for execute_multiple_bash_scripts_tasks_ to 2024-03-17T00:00:00+00:00, run_after=2024-03-17T12:00:00+00:00
[2024-04-15T13:22:48.122+0200] {processor.py:183} INFO - Processing /home/mahmoud/airflow/dags/exec_multi_tasks_w_sep_bash_scripts.py took 0.168 seconds
[2024-04-15T13:23:18.310+0200] {processor.py:161} INFO - Started process (PID=18457) to work on /home/mahmoud/airflow/dags/exec_multi_tasks_w_sep_bash_scripts.py
[2024-04-15T13:23:18.311+0200] {processor.py:830} INFO - Processing file /home/mahmoud/airflow/dags/exec_multi_tasks_w_sep_bash_scripts.py for tasks to queue
[2024-04-15T13:23:18.312+0200] {logging_mixin.py:188} INFO - [2024-04-15T13:23:18.311+0200] {dagbag.py:538} INFO - Filling up the DagBag from /home/mahmoud/airflow/dags/exec_multi_tasks_w_sep_bash_scripts.py
[2024-04-15T13:23:18.331+0200] {processor.py:840} INFO - DAG(s) 'execute_multiple_bash_scripts_tasks_' retrieved from /home/mahmoud/airflow/dags/exec_multi_tasks_w_sep_bash_scripts.py
[2024-04-15T13:23:18.353+0200] {logging_mixin.py:188} INFO - [2024-04-15T13:23:18.353+0200] {dag.py:3033} INFO - Sync 1 DAGs
[2024-04-15T13:23:18.372+0200] {logging_mixin.py:188} INFO - [2024-04-15T13:23:18.372+0200] {dag.py:3820} INFO - Setting next_dagrun for execute_multiple_bash_scripts_tasks_ to 2024-03-17T00:00:00+00:00, run_after=2024-03-17T12:00:00+00:00
[2024-04-15T13:23:18.403+0200] {processor.py:183} INFO - Processing /home/mahmoud/airflow/dags/exec_multi_tasks_w_sep_bash_scripts.py took 0.096 seconds
[2024-04-15T13:23:48.747+0200] {processor.py:161} INFO - Started process (PID=18610) to work on /home/mahmoud/airflow/dags/exec_multi_tasks_w_sep_bash_scripts.py
[2024-04-15T13:23:48.748+0200] {processor.py:830} INFO - Processing file /home/mahmoud/airflow/dags/exec_multi_tasks_w_sep_bash_scripts.py for tasks to queue
[2024-04-15T13:23:48.749+0200] {logging_mixin.py:188} INFO - [2024-04-15T13:23:48.749+0200] {dagbag.py:538} INFO - Filling up the DagBag from /home/mahmoud/airflow/dags/exec_multi_tasks_w_sep_bash_scripts.py
[2024-04-15T13:23:48.770+0200] {processor.py:840} INFO - DAG(s) 'execute_multiple_bash_scripts_tasks_' retrieved from /home/mahmoud/airflow/dags/exec_multi_tasks_w_sep_bash_scripts.py
[2024-04-15T13:23:48.792+0200] {logging_mixin.py:188} INFO - [2024-04-15T13:23:48.791+0200] {dag.py:3033} INFO - Sync 1 DAGs
[2024-04-15T13:23:48.812+0200] {logging_mixin.py:188} INFO - [2024-04-15T13:23:48.812+0200] {dag.py:3820} INFO - Setting next_dagrun for execute_multiple_bash_scripts_tasks_ to 2024-03-17T00:00:00+00:00, run_after=2024-03-17T12:00:00+00:00
[2024-04-15T13:23:48.843+0200] {processor.py:183} INFO - Processing /home/mahmoud/airflow/dags/exec_multi_tasks_w_sep_bash_scripts.py took 0.099 seconds
[2024-04-15T13:24:19.022+0200] {processor.py:161} INFO - Started process (PID=18761) to work on /home/mahmoud/airflow/dags/exec_multi_tasks_w_sep_bash_scripts.py
[2024-04-15T13:24:19.034+0200] {processor.py:830} INFO - Processing file /home/mahmoud/airflow/dags/exec_multi_tasks_w_sep_bash_scripts.py for tasks to queue
[2024-04-15T13:24:19.035+0200] {logging_mixin.py:188} INFO - [2024-04-15T13:24:19.035+0200] {dagbag.py:538} INFO - Filling up the DagBag from /home/mahmoud/airflow/dags/exec_multi_tasks_w_sep_bash_scripts.py
[2024-04-15T13:24:19.053+0200] {processor.py:840} INFO - DAG(s) 'execute_multiple_bash_scripts_tasks_' retrieved from /home/mahmoud/airflow/dags/exec_multi_tasks_w_sep_bash_scripts.py
[2024-04-15T13:24:19.072+0200] {logging_mixin.py:188} INFO - [2024-04-15T13:24:19.071+0200] {dag.py:3033} INFO - Sync 1 DAGs
[2024-04-15T13:24:19.089+0200] {logging_mixin.py:188} INFO - [2024-04-15T13:24:19.088+0200] {dag.py:3820} INFO - Setting next_dagrun for execute_multiple_bash_scripts_tasks_ to 2024-03-17T00:00:00+00:00, run_after=2024-03-17T12:00:00+00:00
[2024-04-15T13:24:19.119+0200] {processor.py:183} INFO - Processing /home/mahmoud/airflow/dags/exec_multi_tasks_w_sep_bash_scripts.py took 0.101 seconds
[2024-04-15T13:24:49.429+0200] {processor.py:161} INFO - Started process (PID=18912) to work on /home/mahmoud/airflow/dags/exec_multi_tasks_w_sep_bash_scripts.py
[2024-04-15T13:24:49.430+0200] {processor.py:830} INFO - Processing file /home/mahmoud/airflow/dags/exec_multi_tasks_w_sep_bash_scripts.py for tasks to queue
[2024-04-15T13:24:49.431+0200] {logging_mixin.py:188} INFO - [2024-04-15T13:24:49.431+0200] {dagbag.py:538} INFO - Filling up the DagBag from /home/mahmoud/airflow/dags/exec_multi_tasks_w_sep_bash_scripts.py
[2024-04-15T13:24:49.449+0200] {processor.py:840} INFO - DAG(s) 'execute_multiple_bash_scripts_tasks_' retrieved from /home/mahmoud/airflow/dags/exec_multi_tasks_w_sep_bash_scripts.py
[2024-04-15T13:24:49.469+0200] {logging_mixin.py:188} INFO - [2024-04-15T13:24:49.468+0200] {dag.py:3033} INFO - Sync 1 DAGs
[2024-04-15T13:24:49.491+0200] {logging_mixin.py:188} INFO - [2024-04-15T13:24:49.491+0200] {dag.py:3820} INFO - Setting next_dagrun for execute_multiple_bash_scripts_tasks_ to 2024-03-17T00:00:00+00:00, run_after=2024-03-17T12:00:00+00:00
[2024-04-15T13:24:49.529+0200] {processor.py:183} INFO - Processing /home/mahmoud/airflow/dags/exec_multi_tasks_w_sep_bash_scripts.py took 0.104 seconds
[2024-04-15T13:25:19.938+0200] {processor.py:161} INFO - Started process (PID=19068) to work on /home/mahmoud/airflow/dags/exec_multi_tasks_w_sep_bash_scripts.py
[2024-04-15T13:25:19.939+0200] {processor.py:830} INFO - Processing file /home/mahmoud/airflow/dags/exec_multi_tasks_w_sep_bash_scripts.py for tasks to queue
[2024-04-15T13:25:19.939+0200] {logging_mixin.py:188} INFO - [2024-04-15T13:25:19.939+0200] {dagbag.py:538} INFO - Filling up the DagBag from /home/mahmoud/airflow/dags/exec_multi_tasks_w_sep_bash_scripts.py
[2024-04-15T13:25:19.960+0200] {processor.py:840} INFO - DAG(s) 'execute_multiple_bash_scripts_tasks_' retrieved from /home/mahmoud/airflow/dags/exec_multi_tasks_w_sep_bash_scripts.py
[2024-04-15T13:25:19.994+0200] {logging_mixin.py:188} INFO - [2024-04-15T13:25:19.994+0200] {dag.py:3033} INFO - Sync 1 DAGs
[2024-04-15T13:25:20.020+0200] {logging_mixin.py:188} INFO - [2024-04-15T13:25:20.020+0200] {dag.py:3820} INFO - Setting next_dagrun for execute_multiple_bash_scripts_tasks_ to 2024-03-17T00:00:00+00:00, run_after=2024-03-17T12:00:00+00:00
[2024-04-15T13:25:20.052+0200] {processor.py:183} INFO - Processing /home/mahmoud/airflow/dags/exec_multi_tasks_w_sep_bash_scripts.py took 0.118 seconds
