[2024-04-15T12:30:37.359+0200] {processor.py:161} INFO - Started process (PID=2388) to work on /home/mahmoud/airflow/dags/first_dag.py
[2024-04-15T12:30:37.360+0200] {processor.py:830} INFO - Processing file /home/mahmoud/airflow/dags/first_dag.py for tasks to queue
[2024-04-15T12:30:37.361+0200] {logging_mixin.py:188} INFO - [2024-04-15T12:30:37.361+0200] {dagbag.py:538} INFO - Filling up the DagBag from /home/mahmoud/airflow/dags/first_dag.py
[2024-04-15T12:30:37.374+0200] {processor.py:840} INFO - DAG(s) 'first_dag' retrieved from /home/mahmoud/airflow/dags/first_dag.py
[2024-04-15T12:30:37.392+0200] {logging_mixin.py:188} INFO - [2024-04-15T12:30:37.392+0200] {dag.py:3033} INFO - Sync 1 DAGs
[2024-04-15T12:30:37.412+0200] {logging_mixin.py:188} INFO - [2024-04-15T12:30:37.412+0200] {dag.py:3820} INFO - Setting next_dagrun for first_dag to 2024-04-15T10:25:00+00:00, run_after=2024-04-15T10:30:00+00:00
[2024-04-15T12:30:37.437+0200] {processor.py:183} INFO - Processing /home/mahmoud/airflow/dags/first_dag.py took 0.083 seconds
[2024-04-15T12:31:07.858+0200] {processor.py:161} INFO - Started process (PID=2740) to work on /home/mahmoud/airflow/dags/first_dag.py
[2024-04-15T12:31:07.859+0200] {processor.py:830} INFO - Processing file /home/mahmoud/airflow/dags/first_dag.py for tasks to queue
[2024-04-15T12:31:07.860+0200] {logging_mixin.py:188} INFO - [2024-04-15T12:31:07.860+0200] {dagbag.py:538} INFO - Filling up the DagBag from /home/mahmoud/airflow/dags/first_dag.py
[2024-04-15T12:31:07.881+0200] {processor.py:840} INFO - DAG(s) 'first_dag' retrieved from /home/mahmoud/airflow/dags/first_dag.py
[2024-04-15T12:31:07.904+0200] {logging_mixin.py:188} INFO - [2024-04-15T12:31:07.904+0200] {dag.py:3033} INFO - Sync 1 DAGs
[2024-04-15T12:31:07.932+0200] {logging_mixin.py:188} INFO - [2024-04-15T12:31:07.932+0200] {dag.py:3820} INFO - Setting next_dagrun for first_dag to 2024-04-15T10:25:00+00:00, run_after=2024-04-15T10:30:00+00:00
[2024-04-15T12:31:07.957+0200] {processor.py:183} INFO - Processing /home/mahmoud/airflow/dags/first_dag.py took 0.103 seconds
[2024-04-15T12:31:38.864+0200] {processor.py:161} INFO - Started process (PID=3042) to work on /home/mahmoud/airflow/dags/first_dag.py
[2024-04-15T12:31:38.867+0200] {processor.py:830} INFO - Processing file /home/mahmoud/airflow/dags/first_dag.py for tasks to queue
[2024-04-15T12:31:38.868+0200] {logging_mixin.py:188} INFO - [2024-04-15T12:31:38.868+0200] {dagbag.py:538} INFO - Filling up the DagBag from /home/mahmoud/airflow/dags/first_dag.py
[2024-04-15T12:31:38.882+0200] {processor.py:840} INFO - DAG(s) 'first_dag' retrieved from /home/mahmoud/airflow/dags/first_dag.py
[2024-04-15T12:31:38.898+0200] {logging_mixin.py:188} INFO - [2024-04-15T12:31:38.898+0200] {dag.py:3033} INFO - Sync 1 DAGs
[2024-04-15T12:31:38.916+0200] {logging_mixin.py:188} INFO - [2024-04-15T12:31:38.916+0200] {dag.py:3820} INFO - Setting next_dagrun for first_dag to 2024-04-15T10:25:00+00:00, run_after=2024-04-15T10:30:00+00:00
[2024-04-15T12:31:38.955+0200] {processor.py:183} INFO - Processing /home/mahmoud/airflow/dags/first_dag.py took 0.096 seconds
[2024-04-15T12:32:09.126+0200] {processor.py:161} INFO - Started process (PID=3277) to work on /home/mahmoud/airflow/dags/first_dag.py
[2024-04-15T12:32:09.128+0200] {processor.py:830} INFO - Processing file /home/mahmoud/airflow/dags/first_dag.py for tasks to queue
[2024-04-15T12:32:09.129+0200] {logging_mixin.py:188} INFO - [2024-04-15T12:32:09.129+0200] {dagbag.py:538} INFO - Filling up the DagBag from /home/mahmoud/airflow/dags/first_dag.py
[2024-04-15T12:32:09.138+0200] {processor.py:840} INFO - DAG(s) 'first_dag' retrieved from /home/mahmoud/airflow/dags/first_dag.py
[2024-04-15T12:32:09.152+0200] {logging_mixin.py:188} INFO - [2024-04-15T12:32:09.152+0200] {dag.py:3033} INFO - Sync 1 DAGs
[2024-04-15T12:32:09.168+0200] {logging_mixin.py:188} INFO - [2024-04-15T12:32:09.168+0200] {dag.py:3820} INFO - Setting next_dagrun for first_dag to 2024-04-15T10:25:00+00:00, run_after=2024-04-15T10:30:00+00:00
[2024-04-15T12:32:09.189+0200] {processor.py:183} INFO - Processing /home/mahmoud/airflow/dags/first_dag.py took 0.065 seconds
[2024-04-15T12:32:40.426+0200] {processor.py:161} INFO - Started process (PID=3551) to work on /home/mahmoud/airflow/dags/first_dag.py
[2024-04-15T12:32:40.426+0200] {processor.py:830} INFO - Processing file /home/mahmoud/airflow/dags/first_dag.py for tasks to queue
[2024-04-15T12:32:40.427+0200] {logging_mixin.py:188} INFO - [2024-04-15T12:32:40.427+0200] {dagbag.py:538} INFO - Filling up the DagBag from /home/mahmoud/airflow/dags/first_dag.py
[2024-04-15T12:32:40.439+0200] {processor.py:840} INFO - DAG(s) 'first_dag' retrieved from /home/mahmoud/airflow/dags/first_dag.py
[2024-04-15T12:32:40.456+0200] {logging_mixin.py:188} INFO - [2024-04-15T12:32:40.456+0200] {dag.py:3033} INFO - Sync 1 DAGs
[2024-04-15T12:32:40.484+0200] {logging_mixin.py:188} INFO - [2024-04-15T12:32:40.484+0200] {dag.py:3820} INFO - Setting next_dagrun for first_dag to 2024-04-15T10:25:00+00:00, run_after=2024-04-15T10:30:00+00:00
[2024-04-15T12:32:40.512+0200] {processor.py:183} INFO - Processing /home/mahmoud/airflow/dags/first_dag.py took 0.089 seconds
[2024-04-15T12:33:10.598+0200] {processor.py:161} INFO - Started process (PID=3816) to work on /home/mahmoud/airflow/dags/first_dag.py
[2024-04-15T12:33:10.600+0200] {processor.py:830} INFO - Processing file /home/mahmoud/airflow/dags/first_dag.py for tasks to queue
[2024-04-15T12:33:10.601+0200] {logging_mixin.py:188} INFO - [2024-04-15T12:33:10.601+0200] {dagbag.py:538} INFO - Filling up the DagBag from /home/mahmoud/airflow/dags/first_dag.py
[2024-04-15T12:33:10.612+0200] {processor.py:840} INFO - DAG(s) 'first_dag' retrieved from /home/mahmoud/airflow/dags/first_dag.py
[2024-04-15T12:33:10.629+0200] {logging_mixin.py:188} INFO - [2024-04-15T12:33:10.628+0200] {dag.py:3033} INFO - Sync 1 DAGs
[2024-04-15T12:33:10.650+0200] {logging_mixin.py:188} INFO - [2024-04-15T12:33:10.650+0200] {dag.py:3820} INFO - Setting next_dagrun for first_dag to 2024-04-15T10:25:00+00:00, run_after=2024-04-15T10:30:00+00:00
[2024-04-15T12:33:10.673+0200] {processor.py:183} INFO - Processing /home/mahmoud/airflow/dags/first_dag.py took 0.078 seconds
[2024-04-15T12:33:41.119+0200] {processor.py:161} INFO - Started process (PID=4117) to work on /home/mahmoud/airflow/dags/first_dag.py
[2024-04-15T12:33:41.121+0200] {processor.py:830} INFO - Processing file /home/mahmoud/airflow/dags/first_dag.py for tasks to queue
[2024-04-15T12:33:41.122+0200] {logging_mixin.py:188} INFO - [2024-04-15T12:33:41.121+0200] {dagbag.py:538} INFO - Filling up the DagBag from /home/mahmoud/airflow/dags/first_dag.py
[2024-04-15T12:33:41.134+0200] {processor.py:840} INFO - DAG(s) 'first_dag' retrieved from /home/mahmoud/airflow/dags/first_dag.py
[2024-04-15T12:33:41.151+0200] {logging_mixin.py:188} INFO - [2024-04-15T12:33:41.151+0200] {dag.py:3033} INFO - Sync 1 DAGs
[2024-04-15T12:33:41.170+0200] {logging_mixin.py:188} INFO - [2024-04-15T12:33:41.170+0200] {dag.py:3820} INFO - Setting next_dagrun for first_dag to 2024-04-15T10:25:00+00:00, run_after=2024-04-15T10:30:00+00:00
[2024-04-15T12:33:41.204+0200] {processor.py:183} INFO - Processing /home/mahmoud/airflow/dags/first_dag.py took 0.089 seconds
[2024-04-15T12:34:12.302+0200] {processor.py:161} INFO - Started process (PID=4419) to work on /home/mahmoud/airflow/dags/first_dag.py
[2024-04-15T12:34:12.303+0200] {processor.py:830} INFO - Processing file /home/mahmoud/airflow/dags/first_dag.py for tasks to queue
[2024-04-15T12:34:12.304+0200] {logging_mixin.py:188} INFO - [2024-04-15T12:34:12.304+0200] {dagbag.py:538} INFO - Filling up the DagBag from /home/mahmoud/airflow/dags/first_dag.py
[2024-04-15T12:34:12.321+0200] {processor.py:840} INFO - DAG(s) 'first_dag' retrieved from /home/mahmoud/airflow/dags/first_dag.py
[2024-04-15T12:34:12.346+0200] {logging_mixin.py:188} INFO - [2024-04-15T12:34:12.346+0200] {dag.py:3033} INFO - Sync 1 DAGs
[2024-04-15T12:34:12.374+0200] {logging_mixin.py:188} INFO - [2024-04-15T12:34:12.374+0200] {dag.py:3820} INFO - Setting next_dagrun for first_dag to 2024-04-15T10:25:00+00:00, run_after=2024-04-15T10:30:00+00:00
[2024-04-15T12:34:12.403+0200] {processor.py:183} INFO - Processing /home/mahmoud/airflow/dags/first_dag.py took 0.106 seconds
[2024-04-15T12:34:44.424+0200] {processor.py:161} INFO - Started process (PID=4859) to work on /home/mahmoud/airflow/dags/first_dag.py
[2024-04-15T12:34:44.427+0200] {processor.py:830} INFO - Processing file /home/mahmoud/airflow/dags/first_dag.py for tasks to queue
[2024-04-15T12:34:44.427+0200] {logging_mixin.py:188} INFO - [2024-04-15T12:34:44.427+0200] {dagbag.py:538} INFO - Filling up the DagBag from /home/mahmoud/airflow/dags/first_dag.py
[2024-04-15T12:34:44.439+0200] {processor.py:840} INFO - DAG(s) 'first_dag' retrieved from /home/mahmoud/airflow/dags/first_dag.py
[2024-04-15T12:34:44.455+0200] {logging_mixin.py:188} INFO - [2024-04-15T12:34:44.455+0200] {dag.py:3033} INFO - Sync 1 DAGs
[2024-04-15T12:34:44.474+0200] {logging_mixin.py:188} INFO - [2024-04-15T12:34:44.474+0200] {dag.py:3820} INFO - Setting next_dagrun for first_dag to 2024-04-15T10:25:00+00:00, run_after=2024-04-15T10:30:00+00:00
[2024-04-15T12:34:44.514+0200] {processor.py:183} INFO - Processing /home/mahmoud/airflow/dags/first_dag.py took 0.093 seconds
[2024-04-15T12:35:14.921+0200] {processor.py:161} INFO - Started process (PID=5164) to work on /home/mahmoud/airflow/dags/first_dag.py
[2024-04-15T12:35:14.924+0200] {processor.py:830} INFO - Processing file /home/mahmoud/airflow/dags/first_dag.py for tasks to queue
[2024-04-15T12:35:14.925+0200] {logging_mixin.py:188} INFO - [2024-04-15T12:35:14.924+0200] {dagbag.py:538} INFO - Filling up the DagBag from /home/mahmoud/airflow/dags/first_dag.py
[2024-04-15T12:35:14.937+0200] {processor.py:840} INFO - DAG(s) 'first_dag' retrieved from /home/mahmoud/airflow/dags/first_dag.py
[2024-04-15T12:35:14.954+0200] {logging_mixin.py:188} INFO - [2024-04-15T12:35:14.954+0200] {dag.py:3033} INFO - Sync 1 DAGs
[2024-04-15T12:35:14.976+0200] {logging_mixin.py:188} INFO - [2024-04-15T12:35:14.976+0200] {dag.py:3820} INFO - Setting next_dagrun for first_dag to 2024-04-15T10:30:00+00:00, run_after=2024-04-15T10:35:00+00:00
[2024-04-15T12:35:15.012+0200] {processor.py:183} INFO - Processing /home/mahmoud/airflow/dags/first_dag.py took 0.096 seconds
[2024-04-15T12:35:45.543+0200] {processor.py:161} INFO - Started process (PID=5420) to work on /home/mahmoud/airflow/dags/first_dag.py
[2024-04-15T12:35:45.544+0200] {processor.py:830} INFO - Processing file /home/mahmoud/airflow/dags/first_dag.py for tasks to queue
[2024-04-15T12:35:45.545+0200] {logging_mixin.py:188} INFO - [2024-04-15T12:35:45.544+0200] {dagbag.py:538} INFO - Filling up the DagBag from /home/mahmoud/airflow/dags/first_dag.py
[2024-04-15T12:35:45.557+0200] {processor.py:840} INFO - DAG(s) 'first_dag' retrieved from /home/mahmoud/airflow/dags/first_dag.py
[2024-04-15T12:35:45.575+0200] {logging_mixin.py:188} INFO - [2024-04-15T12:35:45.575+0200] {dag.py:3033} INFO - Sync 1 DAGs
[2024-04-15T12:35:45.594+0200] {logging_mixin.py:188} INFO - [2024-04-15T12:35:45.594+0200] {dag.py:3820} INFO - Setting next_dagrun for first_dag to 2024-04-15T10:30:00+00:00, run_after=2024-04-15T10:35:00+00:00
[2024-04-15T12:35:45.631+0200] {processor.py:183} INFO - Processing /home/mahmoud/airflow/dags/first_dag.py took 0.092 seconds
[2024-04-15T12:36:16.128+0200] {processor.py:161} INFO - Started process (PID=5657) to work on /home/mahmoud/airflow/dags/first_dag.py
[2024-04-15T12:36:16.129+0200] {processor.py:830} INFO - Processing file /home/mahmoud/airflow/dags/first_dag.py for tasks to queue
[2024-04-15T12:36:16.130+0200] {logging_mixin.py:188} INFO - [2024-04-15T12:36:16.130+0200] {dagbag.py:538} INFO - Filling up the DagBag from /home/mahmoud/airflow/dags/first_dag.py
[2024-04-15T12:36:16.143+0200] {processor.py:840} INFO - DAG(s) 'first_dag' retrieved from /home/mahmoud/airflow/dags/first_dag.py
[2024-04-15T12:36:16.159+0200] {logging_mixin.py:188} INFO - [2024-04-15T12:36:16.159+0200] {dag.py:3033} INFO - Sync 1 DAGs
[2024-04-15T12:36:16.178+0200] {logging_mixin.py:188} INFO - [2024-04-15T12:36:16.178+0200] {dag.py:3820} INFO - Setting next_dagrun for first_dag to 2024-04-15T10:30:00+00:00, run_after=2024-04-15T10:35:00+00:00
[2024-04-15T12:36:16.208+0200] {processor.py:183} INFO - Processing /home/mahmoud/airflow/dags/first_dag.py took 0.084 seconds
[2024-04-15T12:36:46.827+0200] {processor.py:161} INFO - Started process (PID=5940) to work on /home/mahmoud/airflow/dags/first_dag.py
[2024-04-15T12:36:46.838+0200] {processor.py:830} INFO - Processing file /home/mahmoud/airflow/dags/first_dag.py for tasks to queue
[2024-04-15T12:36:46.841+0200] {logging_mixin.py:188} INFO - [2024-04-15T12:36:46.840+0200] {dagbag.py:538} INFO - Filling up the DagBag from /home/mahmoud/airflow/dags/first_dag.py
[2024-04-15T12:36:46.866+0200] {processor.py:840} INFO - DAG(s) 'first_dag' retrieved from /home/mahmoud/airflow/dags/first_dag.py
[2024-04-15T12:36:46.891+0200] {logging_mixin.py:188} INFO - [2024-04-15T12:36:46.890+0200] {dag.py:3033} INFO - Sync 1 DAGs
[2024-04-15T12:36:46.913+0200] {logging_mixin.py:188} INFO - [2024-04-15T12:36:46.913+0200] {dag.py:3820} INFO - Setting next_dagrun for first_dag to 2024-04-15T10:30:00+00:00, run_after=2024-04-15T10:35:00+00:00
[2024-04-15T12:36:46.946+0200] {processor.py:183} INFO - Processing /home/mahmoud/airflow/dags/first_dag.py took 0.123 seconds
[2024-04-15T12:37:17.329+0200] {processor.py:161} INFO - Started process (PID=6263) to work on /home/mahmoud/airflow/dags/first_dag.py
[2024-04-15T12:37:17.332+0200] {processor.py:830} INFO - Processing file /home/mahmoud/airflow/dags/first_dag.py for tasks to queue
[2024-04-15T12:37:17.333+0200] {logging_mixin.py:188} INFO - [2024-04-15T12:37:17.333+0200] {dagbag.py:538} INFO - Filling up the DagBag from /home/mahmoud/airflow/dags/first_dag.py
[2024-04-15T12:37:17.347+0200] {processor.py:840} INFO - DAG(s) 'first_dag' retrieved from /home/mahmoud/airflow/dags/first_dag.py
[2024-04-15T12:37:17.364+0200] {logging_mixin.py:188} INFO - [2024-04-15T12:37:17.363+0200] {dag.py:3033} INFO - Sync 1 DAGs
[2024-04-15T12:37:17.383+0200] {logging_mixin.py:188} INFO - [2024-04-15T12:37:17.383+0200] {dag.py:3820} INFO - Setting next_dagrun for first_dag to 2024-04-15T10:30:00+00:00, run_after=2024-04-15T10:35:00+00:00
[2024-04-15T12:37:17.418+0200] {processor.py:183} INFO - Processing /home/mahmoud/airflow/dags/first_dag.py took 0.096 seconds
[2024-04-15T12:37:48.048+0200] {processor.py:161} INFO - Started process (PID=6511) to work on /home/mahmoud/airflow/dags/first_dag.py
[2024-04-15T12:37:48.049+0200] {processor.py:830} INFO - Processing file /home/mahmoud/airflow/dags/first_dag.py for tasks to queue
[2024-04-15T12:37:48.051+0200] {logging_mixin.py:188} INFO - [2024-04-15T12:37:48.050+0200] {dagbag.py:538} INFO - Filling up the DagBag from /home/mahmoud/airflow/dags/first_dag.py
[2024-04-15T12:37:48.070+0200] {processor.py:840} INFO - DAG(s) 'first_dag' retrieved from /home/mahmoud/airflow/dags/first_dag.py
[2024-04-15T12:37:48.088+0200] {logging_mixin.py:188} INFO - [2024-04-15T12:37:48.088+0200] {dag.py:3033} INFO - Sync 1 DAGs
[2024-04-15T12:37:48.108+0200] {logging_mixin.py:188} INFO - [2024-04-15T12:37:48.108+0200] {dag.py:3820} INFO - Setting next_dagrun for first_dag to 2024-04-15T10:30:00+00:00, run_after=2024-04-15T10:35:00+00:00
[2024-04-15T12:37:48.140+0200] {processor.py:183} INFO - Processing /home/mahmoud/airflow/dags/first_dag.py took 0.099 seconds
[2024-04-15T12:38:18.704+0200] {processor.py:161} INFO - Started process (PID=6818) to work on /home/mahmoud/airflow/dags/first_dag.py
[2024-04-15T12:38:18.707+0200] {processor.py:830} INFO - Processing file /home/mahmoud/airflow/dags/first_dag.py for tasks to queue
[2024-04-15T12:38:18.709+0200] {logging_mixin.py:188} INFO - [2024-04-15T12:38:18.708+0200] {dagbag.py:538} INFO - Filling up the DagBag from /home/mahmoud/airflow/dags/first_dag.py
[2024-04-15T12:38:18.728+0200] {processor.py:840} INFO - DAG(s) 'first_dag' retrieved from /home/mahmoud/airflow/dags/first_dag.py
[2024-04-15T12:38:18.742+0200] {logging_mixin.py:188} INFO - [2024-04-15T12:38:18.742+0200] {dag.py:3033} INFO - Sync 1 DAGs
[2024-04-15T12:38:18.760+0200] {logging_mixin.py:188} INFO - [2024-04-15T12:38:18.760+0200] {dag.py:3820} INFO - Setting next_dagrun for first_dag to 2024-04-15T10:30:00+00:00, run_after=2024-04-15T10:35:00+00:00
[2024-04-15T12:38:18.795+0200] {processor.py:183} INFO - Processing /home/mahmoud/airflow/dags/first_dag.py took 0.097 seconds
[2024-04-15T12:38:49.433+0200] {processor.py:161} INFO - Started process (PID=7112) to work on /home/mahmoud/airflow/dags/first_dag.py
[2024-04-15T12:38:49.434+0200] {processor.py:830} INFO - Processing file /home/mahmoud/airflow/dags/first_dag.py for tasks to queue
[2024-04-15T12:38:49.434+0200] {logging_mixin.py:188} INFO - [2024-04-15T12:38:49.434+0200] {dagbag.py:538} INFO - Filling up the DagBag from /home/mahmoud/airflow/dags/first_dag.py
[2024-04-15T12:38:49.452+0200] {processor.py:840} INFO - DAG(s) 'first_dag' retrieved from /home/mahmoud/airflow/dags/first_dag.py
[2024-04-15T12:38:49.478+0200] {logging_mixin.py:188} INFO - [2024-04-15T12:38:49.478+0200] {dag.py:3033} INFO - Sync 1 DAGs
[2024-04-15T12:38:49.504+0200] {logging_mixin.py:188} INFO - [2024-04-15T12:38:49.503+0200] {dag.py:3820} INFO - Setting next_dagrun for first_dag to 2024-04-15T10:30:00+00:00, run_after=2024-04-15T10:35:00+00:00
[2024-04-15T12:38:49.535+0200] {processor.py:183} INFO - Processing /home/mahmoud/airflow/dags/first_dag.py took 0.105 seconds
[2024-04-15T12:39:20.099+0200] {processor.py:161} INFO - Started process (PID=7443) to work on /home/mahmoud/airflow/dags/first_dag.py
[2024-04-15T12:39:20.112+0200] {processor.py:830} INFO - Processing file /home/mahmoud/airflow/dags/first_dag.py for tasks to queue
[2024-04-15T12:39:20.114+0200] {logging_mixin.py:188} INFO - [2024-04-15T12:39:20.113+0200] {dagbag.py:538} INFO - Filling up the DagBag from /home/mahmoud/airflow/dags/first_dag.py
[2024-04-15T12:39:20.135+0200] {processor.py:840} INFO - DAG(s) 'first_dag' retrieved from /home/mahmoud/airflow/dags/first_dag.py
[2024-04-15T12:39:20.155+0200] {logging_mixin.py:188} INFO - [2024-04-15T12:39:20.155+0200] {dag.py:3033} INFO - Sync 1 DAGs
[2024-04-15T12:39:20.174+0200] {logging_mixin.py:188} INFO - [2024-04-15T12:39:20.174+0200] {dag.py:3820} INFO - Setting next_dagrun for first_dag to 2024-04-15T10:30:00+00:00, run_after=2024-04-15T10:35:00+00:00
[2024-04-15T12:39:20.203+0200] {processor.py:183} INFO - Processing /home/mahmoud/airflow/dags/first_dag.py took 0.112 seconds
[2024-04-15T12:39:50.433+0200] {processor.py:161} INFO - Started process (PID=7787) to work on /home/mahmoud/airflow/dags/first_dag.py
[2024-04-15T12:39:50.434+0200] {processor.py:830} INFO - Processing file /home/mahmoud/airflow/dags/first_dag.py for tasks to queue
[2024-04-15T12:39:50.435+0200] {logging_mixin.py:188} INFO - [2024-04-15T12:39:50.435+0200] {dagbag.py:538} INFO - Filling up the DagBag from /home/mahmoud/airflow/dags/first_dag.py
[2024-04-15T12:39:50.447+0200] {processor.py:840} INFO - DAG(s) 'first_dag' retrieved from /home/mahmoud/airflow/dags/first_dag.py
[2024-04-15T12:39:50.463+0200] {logging_mixin.py:188} INFO - [2024-04-15T12:39:50.463+0200] {dag.py:3033} INFO - Sync 1 DAGs
[2024-04-15T12:39:50.482+0200] {logging_mixin.py:188} INFO - [2024-04-15T12:39:50.482+0200] {dag.py:3820} INFO - Setting next_dagrun for first_dag to 2024-04-15T10:30:00+00:00, run_after=2024-04-15T10:35:00+00:00
[2024-04-15T12:39:50.514+0200] {processor.py:183} INFO - Processing /home/mahmoud/airflow/dags/first_dag.py took 0.083 seconds
[2024-04-15T12:40:21.100+0200] {processor.py:161} INFO - Started process (PID=8113) to work on /home/mahmoud/airflow/dags/first_dag.py
[2024-04-15T12:40:21.103+0200] {processor.py:830} INFO - Processing file /home/mahmoud/airflow/dags/first_dag.py for tasks to queue
[2024-04-15T12:40:21.105+0200] {logging_mixin.py:188} INFO - [2024-04-15T12:40:21.104+0200] {dagbag.py:538} INFO - Filling up the DagBag from /home/mahmoud/airflow/dags/first_dag.py
[2024-04-15T12:40:21.118+0200] {processor.py:840} INFO - DAG(s) 'first_dag' retrieved from /home/mahmoud/airflow/dags/first_dag.py
[2024-04-15T12:40:21.135+0200] {logging_mixin.py:188} INFO - [2024-04-15T12:40:21.135+0200] {dag.py:3033} INFO - Sync 1 DAGs
[2024-04-15T12:40:21.155+0200] {logging_mixin.py:188} INFO - [2024-04-15T12:40:21.154+0200] {dag.py:3820} INFO - Setting next_dagrun for first_dag to 2024-04-15T10:35:00+00:00, run_after=2024-04-15T10:40:00+00:00
[2024-04-15T12:40:21.188+0200] {processor.py:183} INFO - Processing /home/mahmoud/airflow/dags/first_dag.py took 0.097 seconds
[2024-04-15T12:40:51.890+0200] {processor.py:161} INFO - Started process (PID=8547) to work on /home/mahmoud/airflow/dags/first_dag.py
[2024-04-15T12:40:51.901+0200] {processor.py:830} INFO - Processing file /home/mahmoud/airflow/dags/first_dag.py for tasks to queue
[2024-04-15T12:40:51.902+0200] {logging_mixin.py:188} INFO - [2024-04-15T12:40:51.902+0200] {dagbag.py:538} INFO - Filling up the DagBag from /home/mahmoud/airflow/dags/first_dag.py
[2024-04-15T12:40:51.914+0200] {processor.py:840} INFO - DAG(s) 'first_dag' retrieved from /home/mahmoud/airflow/dags/first_dag.py
[2024-04-15T12:40:51.930+0200] {logging_mixin.py:188} INFO - [2024-04-15T12:40:51.930+0200] {dag.py:3033} INFO - Sync 1 DAGs
[2024-04-15T12:40:51.952+0200] {logging_mixin.py:188} INFO - [2024-04-15T12:40:51.952+0200] {dag.py:3820} INFO - Setting next_dagrun for first_dag to 2024-04-15T10:35:00+00:00, run_after=2024-04-15T10:40:00+00:00
[2024-04-15T12:40:51.976+0200] {processor.py:183} INFO - Processing /home/mahmoud/airflow/dags/first_dag.py took 0.089 seconds
[2024-04-15T12:41:22.401+0200] {processor.py:161} INFO - Started process (PID=8812) to work on /home/mahmoud/airflow/dags/first_dag.py
[2024-04-15T12:41:22.403+0200] {processor.py:830} INFO - Processing file /home/mahmoud/airflow/dags/first_dag.py for tasks to queue
[2024-04-15T12:41:22.404+0200] {logging_mixin.py:188} INFO - [2024-04-15T12:41:22.404+0200] {dagbag.py:538} INFO - Filling up the DagBag from /home/mahmoud/airflow/dags/first_dag.py
[2024-04-15T12:41:22.415+0200] {processor.py:840} INFO - DAG(s) 'first_dag' retrieved from /home/mahmoud/airflow/dags/first_dag.py
[2024-04-15T12:41:22.431+0200] {logging_mixin.py:188} INFO - [2024-04-15T12:41:22.431+0200] {dag.py:3033} INFO - Sync 1 DAGs
[2024-04-15T12:41:22.450+0200] {logging_mixin.py:188} INFO - [2024-04-15T12:41:22.450+0200] {dag.py:3820} INFO - Setting next_dagrun for first_dag to 2024-04-15T10:35:00+00:00, run_after=2024-04-15T10:40:00+00:00
[2024-04-15T12:41:22.492+0200] {processor.py:183} INFO - Processing /home/mahmoud/airflow/dags/first_dag.py took 0.093 seconds
[2024-04-15T12:41:53.054+0200] {processor.py:161} INFO - Started process (PID=9043) to work on /home/mahmoud/airflow/dags/first_dag.py
[2024-04-15T12:41:53.057+0200] {processor.py:830} INFO - Processing file /home/mahmoud/airflow/dags/first_dag.py for tasks to queue
[2024-04-15T12:41:53.058+0200] {logging_mixin.py:188} INFO - [2024-04-15T12:41:53.058+0200] {dagbag.py:538} INFO - Filling up the DagBag from /home/mahmoud/airflow/dags/first_dag.py
[2024-04-15T12:41:53.073+0200] {processor.py:840} INFO - DAG(s) 'first_dag' retrieved from /home/mahmoud/airflow/dags/first_dag.py
[2024-04-15T12:41:53.090+0200] {logging_mixin.py:188} INFO - [2024-04-15T12:41:53.090+0200] {dag.py:3033} INFO - Sync 1 DAGs
[2024-04-15T12:41:53.109+0200] {logging_mixin.py:188} INFO - [2024-04-15T12:41:53.109+0200] {dag.py:3820} INFO - Setting next_dagrun for first_dag to 2024-04-15T10:35:00+00:00, run_after=2024-04-15T10:40:00+00:00
[2024-04-15T12:41:53.129+0200] {processor.py:183} INFO - Processing /home/mahmoud/airflow/dags/first_dag.py took 0.082 seconds
[2024-04-15T12:42:23.811+0200] {processor.py:161} INFO - Started process (PID=9278) to work on /home/mahmoud/airflow/dags/first_dag.py
[2024-04-15T12:42:23.814+0200] {processor.py:830} INFO - Processing file /home/mahmoud/airflow/dags/first_dag.py for tasks to queue
[2024-04-15T12:42:23.816+0200] {logging_mixin.py:188} INFO - [2024-04-15T12:42:23.815+0200] {dagbag.py:538} INFO - Filling up the DagBag from /home/mahmoud/airflow/dags/first_dag.py
[2024-04-15T12:42:23.833+0200] {processor.py:840} INFO - DAG(s) 'first_dag' retrieved from /home/mahmoud/airflow/dags/first_dag.py
[2024-04-15T12:42:23.849+0200] {logging_mixin.py:188} INFO - [2024-04-15T12:42:23.849+0200] {dag.py:3033} INFO - Sync 1 DAGs
[2024-04-15T12:42:23.869+0200] {logging_mixin.py:188} INFO - [2024-04-15T12:42:23.869+0200] {dag.py:3820} INFO - Setting next_dagrun for first_dag to 2024-04-15T10:35:00+00:00, run_after=2024-04-15T10:40:00+00:00
[2024-04-15T12:42:23.902+0200] {processor.py:183} INFO - Processing /home/mahmoud/airflow/dags/first_dag.py took 0.099 seconds
[2024-04-15T12:42:54.242+0200] {processor.py:161} INFO - Started process (PID=9548) to work on /home/mahmoud/airflow/dags/first_dag.py
[2024-04-15T12:42:54.244+0200] {processor.py:830} INFO - Processing file /home/mahmoud/airflow/dags/first_dag.py for tasks to queue
[2024-04-15T12:42:54.245+0200] {logging_mixin.py:188} INFO - [2024-04-15T12:42:54.245+0200] {dagbag.py:538} INFO - Filling up the DagBag from /home/mahmoud/airflow/dags/first_dag.py
[2024-04-15T12:42:54.257+0200] {processor.py:840} INFO - DAG(s) 'first_dag' retrieved from /home/mahmoud/airflow/dags/first_dag.py
[2024-04-15T12:42:54.273+0200] {logging_mixin.py:188} INFO - [2024-04-15T12:42:54.273+0200] {dag.py:3033} INFO - Sync 1 DAGs
[2024-04-15T12:42:54.291+0200] {logging_mixin.py:188} INFO - [2024-04-15T12:42:54.291+0200] {dag.py:3820} INFO - Setting next_dagrun for first_dag to 2024-04-15T10:35:00+00:00, run_after=2024-04-15T10:40:00+00:00
[2024-04-15T12:42:54.332+0200] {processor.py:183} INFO - Processing /home/mahmoud/airflow/dags/first_dag.py took 0.093 seconds
[2024-04-15T12:43:25.345+0200] {processor.py:161} INFO - Started process (PID=9816) to work on /home/mahmoud/airflow/dags/first_dag.py
[2024-04-15T12:43:25.348+0200] {processor.py:830} INFO - Processing file /home/mahmoud/airflow/dags/first_dag.py for tasks to queue
[2024-04-15T12:43:25.349+0200] {logging_mixin.py:188} INFO - [2024-04-15T12:43:25.348+0200] {dagbag.py:538} INFO - Filling up the DagBag from /home/mahmoud/airflow/dags/first_dag.py
[2024-04-15T12:43:25.361+0200] {processor.py:840} INFO - DAG(s) 'first_dag' retrieved from /home/mahmoud/airflow/dags/first_dag.py
[2024-04-15T12:43:25.378+0200] {logging_mixin.py:188} INFO - [2024-04-15T12:43:25.378+0200] {dag.py:3033} INFO - Sync 1 DAGs
[2024-04-15T12:43:25.398+0200] {logging_mixin.py:188} INFO - [2024-04-15T12:43:25.398+0200] {dag.py:3820} INFO - Setting next_dagrun for first_dag to 2024-04-15T10:35:00+00:00, run_after=2024-04-15T10:40:00+00:00
[2024-04-15T12:43:25.435+0200] {processor.py:183} INFO - Processing /home/mahmoud/airflow/dags/first_dag.py took 0.094 seconds
[2024-04-15T12:43:55.628+0200] {processor.py:161} INFO - Started process (PID=10045) to work on /home/mahmoud/airflow/dags/first_dag.py
[2024-04-15T12:43:55.630+0200] {processor.py:830} INFO - Processing file /home/mahmoud/airflow/dags/first_dag.py for tasks to queue
[2024-04-15T12:43:55.631+0200] {logging_mixin.py:188} INFO - [2024-04-15T12:43:55.631+0200] {dagbag.py:538} INFO - Filling up the DagBag from /home/mahmoud/airflow/dags/first_dag.py
[2024-04-15T12:43:55.641+0200] {processor.py:840} INFO - DAG(s) 'first_dag' retrieved from /home/mahmoud/airflow/dags/first_dag.py
[2024-04-15T12:43:55.656+0200] {logging_mixin.py:188} INFO - [2024-04-15T12:43:55.656+0200] {dag.py:3033} INFO - Sync 1 DAGs
[2024-04-15T12:43:55.675+0200] {logging_mixin.py:188} INFO - [2024-04-15T12:43:55.675+0200] {dag.py:3820} INFO - Setting next_dagrun for first_dag to 2024-04-15T10:35:00+00:00, run_after=2024-04-15T10:40:00+00:00
[2024-04-15T12:43:55.703+0200] {processor.py:183} INFO - Processing /home/mahmoud/airflow/dags/first_dag.py took 0.077 seconds
[2024-04-15T12:44:26.661+0200] {processor.py:161} INFO - Started process (PID=10281) to work on /home/mahmoud/airflow/dags/first_dag.py
[2024-04-15T12:44:26.664+0200] {processor.py:830} INFO - Processing file /home/mahmoud/airflow/dags/first_dag.py for tasks to queue
[2024-04-15T12:44:26.665+0200] {logging_mixin.py:188} INFO - [2024-04-15T12:44:26.664+0200] {dagbag.py:538} INFO - Filling up the DagBag from /home/mahmoud/airflow/dags/first_dag.py
[2024-04-15T12:44:26.678+0200] {processor.py:840} INFO - DAG(s) 'first_dag' retrieved from /home/mahmoud/airflow/dags/first_dag.py
[2024-04-15T12:44:26.694+0200] {logging_mixin.py:188} INFO - [2024-04-15T12:44:26.694+0200] {dag.py:3033} INFO - Sync 1 DAGs
[2024-04-15T12:44:26.713+0200] {logging_mixin.py:188} INFO - [2024-04-15T12:44:26.713+0200] {dag.py:3820} INFO - Setting next_dagrun for first_dag to 2024-04-15T10:35:00+00:00, run_after=2024-04-15T10:40:00+00:00
[2024-04-15T12:44:26.751+0200] {processor.py:183} INFO - Processing /home/mahmoud/airflow/dags/first_dag.py took 0.094 seconds
[2024-04-15T12:44:57.298+0200] {processor.py:161} INFO - Started process (PID=10518) to work on /home/mahmoud/airflow/dags/first_dag.py
[2024-04-15T12:44:57.309+0200] {processor.py:830} INFO - Processing file /home/mahmoud/airflow/dags/first_dag.py for tasks to queue
[2024-04-15T12:44:57.310+0200] {logging_mixin.py:188} INFO - [2024-04-15T12:44:57.310+0200] {dagbag.py:538} INFO - Filling up the DagBag from /home/mahmoud/airflow/dags/first_dag.py
[2024-04-15T12:44:57.322+0200] {processor.py:840} INFO - DAG(s) 'first_dag' retrieved from /home/mahmoud/airflow/dags/first_dag.py
[2024-04-15T12:44:57.338+0200] {logging_mixin.py:188} INFO - [2024-04-15T12:44:57.338+0200] {dag.py:3033} INFO - Sync 1 DAGs
[2024-04-15T12:44:57.359+0200] {logging_mixin.py:188} INFO - [2024-04-15T12:44:57.359+0200] {dag.py:3820} INFO - Setting next_dagrun for first_dag to 2024-04-15T10:35:00+00:00, run_after=2024-04-15T10:40:00+00:00
[2024-04-15T12:44:57.380+0200] {processor.py:183} INFO - Processing /home/mahmoud/airflow/dags/first_dag.py took 0.085 seconds
[2024-04-15T12:45:27.879+0200] {processor.py:161} INFO - Started process (PID=10784) to work on /home/mahmoud/airflow/dags/first_dag.py
[2024-04-15T12:45:27.880+0200] {processor.py:830} INFO - Processing file /home/mahmoud/airflow/dags/first_dag.py for tasks to queue
[2024-04-15T12:45:27.880+0200] {logging_mixin.py:188} INFO - [2024-04-15T12:45:27.880+0200] {dagbag.py:538} INFO - Filling up the DagBag from /home/mahmoud/airflow/dags/first_dag.py
[2024-04-15T12:45:27.890+0200] {processor.py:840} INFO - DAG(s) 'first_dag' retrieved from /home/mahmoud/airflow/dags/first_dag.py
[2024-04-15T12:45:27.905+0200] {logging_mixin.py:188} INFO - [2024-04-15T12:45:27.904+0200] {dag.py:3033} INFO - Sync 1 DAGs
[2024-04-15T12:45:27.922+0200] {logging_mixin.py:188} INFO - [2024-04-15T12:45:27.922+0200] {dag.py:3820} INFO - Setting next_dagrun for first_dag to 2024-04-15T10:40:00+00:00, run_after=2024-04-15T10:45:00+00:00
[2024-04-15T12:45:27.942+0200] {processor.py:183} INFO - Processing /home/mahmoud/airflow/dags/first_dag.py took 0.066 seconds
[2024-04-15T12:45:58.599+0200] {processor.py:161} INFO - Started process (PID=11021) to work on /home/mahmoud/airflow/dags/first_dag.py
[2024-04-15T12:45:58.610+0200] {processor.py:830} INFO - Processing file /home/mahmoud/airflow/dags/first_dag.py for tasks to queue
[2024-04-15T12:45:58.612+0200] {logging_mixin.py:188} INFO - [2024-04-15T12:45:58.611+0200] {dagbag.py:538} INFO - Filling up the DagBag from /home/mahmoud/airflow/dags/first_dag.py
[2024-04-15T12:45:58.628+0200] {processor.py:840} INFO - DAG(s) 'first_dag' retrieved from /home/mahmoud/airflow/dags/first_dag.py
[2024-04-15T12:45:58.644+0200] {logging_mixin.py:188} INFO - [2024-04-15T12:45:58.644+0200] {dag.py:3033} INFO - Sync 1 DAGs
[2024-04-15T12:45:58.664+0200] {logging_mixin.py:188} INFO - [2024-04-15T12:45:58.664+0200] {dag.py:3820} INFO - Setting next_dagrun for first_dag to 2024-04-15T10:40:00+00:00, run_after=2024-04-15T10:45:00+00:00
[2024-04-15T12:45:58.697+0200] {processor.py:183} INFO - Processing /home/mahmoud/airflow/dags/first_dag.py took 0.102 seconds
[2024-04-15T12:46:29.383+0200] {processor.py:161} INFO - Started process (PID=11257) to work on /home/mahmoud/airflow/dags/first_dag.py
[2024-04-15T12:46:29.384+0200] {processor.py:830} INFO - Processing file /home/mahmoud/airflow/dags/first_dag.py for tasks to queue
[2024-04-15T12:46:29.385+0200] {logging_mixin.py:188} INFO - [2024-04-15T12:46:29.385+0200] {dagbag.py:538} INFO - Filling up the DagBag from /home/mahmoud/airflow/dags/first_dag.py
[2024-04-15T12:46:29.398+0200] {processor.py:840} INFO - DAG(s) 'first_dag' retrieved from /home/mahmoud/airflow/dags/first_dag.py
[2024-04-15T12:46:29.414+0200] {logging_mixin.py:188} INFO - [2024-04-15T12:46:29.414+0200] {dag.py:3033} INFO - Sync 1 DAGs
[2024-04-15T12:46:29.433+0200] {logging_mixin.py:188} INFO - [2024-04-15T12:46:29.433+0200] {dag.py:3820} INFO - Setting next_dagrun for first_dag to 2024-04-15T10:40:00+00:00, run_after=2024-04-15T10:45:00+00:00
[2024-04-15T12:46:29.469+0200] {processor.py:183} INFO - Processing /home/mahmoud/airflow/dags/first_dag.py took 0.091 seconds
[2024-04-15T12:47:00.101+0200] {processor.py:161} INFO - Started process (PID=11487) to work on /home/mahmoud/airflow/dags/first_dag.py
[2024-04-15T12:47:00.104+0200] {processor.py:830} INFO - Processing file /home/mahmoud/airflow/dags/first_dag.py for tasks to queue
[2024-04-15T12:47:00.105+0200] {logging_mixin.py:188} INFO - [2024-04-15T12:47:00.104+0200] {dagbag.py:538} INFO - Filling up the DagBag from /home/mahmoud/airflow/dags/first_dag.py
[2024-04-15T12:47:00.118+0200] {processor.py:840} INFO - DAG(s) 'first_dag' retrieved from /home/mahmoud/airflow/dags/first_dag.py
[2024-04-15T12:47:00.135+0200] {logging_mixin.py:188} INFO - [2024-04-15T12:47:00.135+0200] {dag.py:3033} INFO - Sync 1 DAGs
[2024-04-15T12:47:00.155+0200] {logging_mixin.py:188} INFO - [2024-04-15T12:47:00.155+0200] {dag.py:3820} INFO - Setting next_dagrun for first_dag to 2024-04-15T10:40:00+00:00, run_after=2024-04-15T10:45:00+00:00
[2024-04-15T12:47:00.186+0200] {processor.py:183} INFO - Processing /home/mahmoud/airflow/dags/first_dag.py took 0.088 seconds
[2024-04-15T12:47:30.799+0200] {processor.py:161} INFO - Started process (PID=11723) to work on /home/mahmoud/airflow/dags/first_dag.py
[2024-04-15T12:47:30.811+0200] {processor.py:830} INFO - Processing file /home/mahmoud/airflow/dags/first_dag.py for tasks to queue
[2024-04-15T12:47:30.812+0200] {logging_mixin.py:188} INFO - [2024-04-15T12:47:30.811+0200] {dagbag.py:538} INFO - Filling up the DagBag from /home/mahmoud/airflow/dags/first_dag.py
[2024-04-15T12:47:30.823+0200] {processor.py:840} INFO - DAG(s) 'first_dag' retrieved from /home/mahmoud/airflow/dags/first_dag.py
[2024-04-15T12:47:30.840+0200] {logging_mixin.py:188} INFO - [2024-04-15T12:47:30.840+0200] {dag.py:3033} INFO - Sync 1 DAGs
[2024-04-15T12:47:30.861+0200] {logging_mixin.py:188} INFO - [2024-04-15T12:47:30.861+0200] {dag.py:3820} INFO - Setting next_dagrun for first_dag to 2024-04-15T10:40:00+00:00, run_after=2024-04-15T10:45:00+00:00
[2024-04-15T12:47:30.898+0200] {processor.py:183} INFO - Processing /home/mahmoud/airflow/dags/first_dag.py took 0.101 seconds
[2024-04-15T12:48:01.487+0200] {processor.py:161} INFO - Started process (PID=11960) to work on /home/mahmoud/airflow/dags/first_dag.py
[2024-04-15T12:48:01.489+0200] {processor.py:830} INFO - Processing file /home/mahmoud/airflow/dags/first_dag.py for tasks to queue
[2024-04-15T12:48:01.490+0200] {logging_mixin.py:188} INFO - [2024-04-15T12:48:01.489+0200] {dagbag.py:538} INFO - Filling up the DagBag from /home/mahmoud/airflow/dags/first_dag.py
[2024-04-15T12:48:01.506+0200] {processor.py:840} INFO - DAG(s) 'first_dag' retrieved from /home/mahmoud/airflow/dags/first_dag.py
[2024-04-15T12:48:01.524+0200] {logging_mixin.py:188} INFO - [2024-04-15T12:48:01.524+0200] {dag.py:3033} INFO - Sync 1 DAGs
[2024-04-15T12:48:01.543+0200] {logging_mixin.py:188} INFO - [2024-04-15T12:48:01.543+0200] {dag.py:3820} INFO - Setting next_dagrun for first_dag to 2024-04-15T10:40:00+00:00, run_after=2024-04-15T10:45:00+00:00
[2024-04-15T12:48:01.576+0200] {processor.py:183} INFO - Processing /home/mahmoud/airflow/dags/first_dag.py took 0.096 seconds
[2024-04-15T12:48:33.166+0200] {processor.py:161} INFO - Started process (PID=12198) to work on /home/mahmoud/airflow/dags/first_dag.py
[2024-04-15T12:48:33.179+0200] {processor.py:830} INFO - Processing file /home/mahmoud/airflow/dags/first_dag.py for tasks to queue
[2024-04-15T12:48:33.181+0200] {logging_mixin.py:188} INFO - [2024-04-15T12:48:33.180+0200] {dagbag.py:538} INFO - Filling up the DagBag from /home/mahmoud/airflow/dags/first_dag.py
[2024-04-15T12:48:33.200+0200] {processor.py:840} INFO - DAG(s) 'first_dag' retrieved from /home/mahmoud/airflow/dags/first_dag.py
[2024-04-15T12:48:33.218+0200] {logging_mixin.py:188} INFO - [2024-04-15T12:48:33.218+0200] {dag.py:3033} INFO - Sync 1 DAGs
[2024-04-15T12:48:33.235+0200] {logging_mixin.py:188} INFO - [2024-04-15T12:48:33.235+0200] {dag.py:3820} INFO - Setting next_dagrun for first_dag to 2024-04-15T10:40:00+00:00, run_after=2024-04-15T10:45:00+00:00
[2024-04-15T12:48:33.264+0200] {processor.py:183} INFO - Processing /home/mahmoud/airflow/dags/first_dag.py took 0.103 seconds
[2024-04-15T12:49:03.802+0200] {processor.py:161} INFO - Started process (PID=12434) to work on /home/mahmoud/airflow/dags/first_dag.py
[2024-04-15T12:49:03.803+0200] {processor.py:830} INFO - Processing file /home/mahmoud/airflow/dags/first_dag.py for tasks to queue
[2024-04-15T12:49:03.804+0200] {logging_mixin.py:188} INFO - [2024-04-15T12:49:03.803+0200] {dagbag.py:538} INFO - Filling up the DagBag from /home/mahmoud/airflow/dags/first_dag.py
[2024-04-15T12:49:03.816+0200] {processor.py:840} INFO - DAG(s) 'first_dag' retrieved from /home/mahmoud/airflow/dags/first_dag.py
[2024-04-15T12:49:03.832+0200] {logging_mixin.py:188} INFO - [2024-04-15T12:49:03.832+0200] {dag.py:3033} INFO - Sync 1 DAGs
[2024-04-15T12:49:03.851+0200] {logging_mixin.py:188} INFO - [2024-04-15T12:49:03.851+0200] {dag.py:3820} INFO - Setting next_dagrun for first_dag to 2024-04-15T10:40:00+00:00, run_after=2024-04-15T10:45:00+00:00
[2024-04-15T12:49:03.886+0200] {processor.py:183} INFO - Processing /home/mahmoud/airflow/dags/first_dag.py took 0.088 seconds
[2024-04-15T12:49:34.545+0200] {processor.py:161} INFO - Started process (PID=12669) to work on /home/mahmoud/airflow/dags/first_dag.py
[2024-04-15T12:49:34.548+0200] {processor.py:830} INFO - Processing file /home/mahmoud/airflow/dags/first_dag.py for tasks to queue
[2024-04-15T12:49:34.550+0200] {logging_mixin.py:188} INFO - [2024-04-15T12:49:34.549+0200] {dagbag.py:538} INFO - Filling up the DagBag from /home/mahmoud/airflow/dags/first_dag.py
[2024-04-15T12:49:34.567+0200] {processor.py:840} INFO - DAG(s) 'first_dag' retrieved from /home/mahmoud/airflow/dags/first_dag.py
[2024-04-15T12:49:34.585+0200] {logging_mixin.py:188} INFO - [2024-04-15T12:49:34.585+0200] {dag.py:3033} INFO - Sync 1 DAGs
[2024-04-15T12:49:34.603+0200] {logging_mixin.py:188} INFO - [2024-04-15T12:49:34.603+0200] {dag.py:3820} INFO - Setting next_dagrun for first_dag to 2024-04-15T10:40:00+00:00, run_after=2024-04-15T10:45:00+00:00
[2024-04-15T12:49:34.637+0200] {processor.py:183} INFO - Processing /home/mahmoud/airflow/dags/first_dag.py took 0.099 seconds
[2024-04-15T12:50:06.388+0200] {processor.py:161} INFO - Started process (PID=12912) to work on /home/mahmoud/airflow/dags/first_dag.py
[2024-04-15T12:50:06.391+0200] {processor.py:830} INFO - Processing file /home/mahmoud/airflow/dags/first_dag.py for tasks to queue
[2024-04-15T12:50:06.392+0200] {logging_mixin.py:188} INFO - [2024-04-15T12:50:06.391+0200] {dagbag.py:538} INFO - Filling up the DagBag from /home/mahmoud/airflow/dags/first_dag.py
[2024-04-15T12:50:06.404+0200] {processor.py:840} INFO - DAG(s) 'first_dag' retrieved from /home/mahmoud/airflow/dags/first_dag.py
[2024-04-15T12:50:06.420+0200] {logging_mixin.py:188} INFO - [2024-04-15T12:50:06.420+0200] {dag.py:3033} INFO - Sync 1 DAGs
[2024-04-15T12:50:06.440+0200] {logging_mixin.py:188} INFO - [2024-04-15T12:50:06.440+0200] {dag.py:3820} INFO - Setting next_dagrun for first_dag to 2024-04-15T10:45:00+00:00, run_after=2024-04-15T10:50:00+00:00
[2024-04-15T12:50:06.479+0200] {processor.py:183} INFO - Processing /home/mahmoud/airflow/dags/first_dag.py took 0.094 seconds
[2024-04-15T12:50:37.017+0200] {processor.py:161} INFO - Started process (PID=13176) to work on /home/mahmoud/airflow/dags/first_dag.py
[2024-04-15T12:50:37.019+0200] {processor.py:830} INFO - Processing file /home/mahmoud/airflow/dags/first_dag.py for tasks to queue
[2024-04-15T12:50:37.020+0200] {logging_mixin.py:188} INFO - [2024-04-15T12:50:37.019+0200] {dagbag.py:538} INFO - Filling up the DagBag from /home/mahmoud/airflow/dags/first_dag.py
[2024-04-15T12:50:37.034+0200] {processor.py:840} INFO - DAG(s) 'first_dag' retrieved from /home/mahmoud/airflow/dags/first_dag.py
[2024-04-15T12:50:37.050+0200] {logging_mixin.py:188} INFO - [2024-04-15T12:50:37.050+0200] {dag.py:3033} INFO - Sync 1 DAGs
[2024-04-15T12:50:37.070+0200] {logging_mixin.py:188} INFO - [2024-04-15T12:50:37.070+0200] {dag.py:3820} INFO - Setting next_dagrun for first_dag to 2024-04-15T10:45:00+00:00, run_after=2024-04-15T10:50:00+00:00
[2024-04-15T12:50:37.091+0200] {processor.py:183} INFO - Processing /home/mahmoud/airflow/dags/first_dag.py took 0.080 seconds
[2024-04-15T12:51:07.617+0200] {processor.py:161} INFO - Started process (PID=13411) to work on /home/mahmoud/airflow/dags/first_dag.py
[2024-04-15T12:51:07.628+0200] {processor.py:830} INFO - Processing file /home/mahmoud/airflow/dags/first_dag.py for tasks to queue
[2024-04-15T12:51:07.629+0200] {logging_mixin.py:188} INFO - [2024-04-15T12:51:07.629+0200] {dagbag.py:538} INFO - Filling up the DagBag from /home/mahmoud/airflow/dags/first_dag.py
[2024-04-15T12:51:07.640+0200] {processor.py:840} INFO - DAG(s) 'first_dag' retrieved from /home/mahmoud/airflow/dags/first_dag.py
[2024-04-15T12:51:07.657+0200] {logging_mixin.py:188} INFO - [2024-04-15T12:51:07.657+0200] {dag.py:3033} INFO - Sync 1 DAGs
[2024-04-15T12:51:07.675+0200] {logging_mixin.py:188} INFO - [2024-04-15T12:51:07.675+0200] {dag.py:3820} INFO - Setting next_dagrun for first_dag to 2024-04-15T10:45:00+00:00, run_after=2024-04-15T10:50:00+00:00
[2024-04-15T12:51:07.714+0200] {processor.py:183} INFO - Processing /home/mahmoud/airflow/dags/first_dag.py took 0.099 seconds
[2024-04-15T12:51:38.493+0200] {processor.py:161} INFO - Started process (PID=13647) to work on /home/mahmoud/airflow/dags/first_dag.py
[2024-04-15T12:51:38.506+0200] {processor.py:830} INFO - Processing file /home/mahmoud/airflow/dags/first_dag.py for tasks to queue
[2024-04-15T12:51:38.507+0200] {logging_mixin.py:188} INFO - [2024-04-15T12:51:38.507+0200] {dagbag.py:538} INFO - Filling up the DagBag from /home/mahmoud/airflow/dags/first_dag.py
[2024-04-15T12:51:38.520+0200] {processor.py:840} INFO - DAG(s) 'first_dag' retrieved from /home/mahmoud/airflow/dags/first_dag.py
[2024-04-15T12:51:38.537+0200] {logging_mixin.py:188} INFO - [2024-04-15T12:51:38.536+0200] {dag.py:3033} INFO - Sync 1 DAGs
[2024-04-15T12:51:38.556+0200] {logging_mixin.py:188} INFO - [2024-04-15T12:51:38.556+0200] {dag.py:3820} INFO - Setting next_dagrun for first_dag to 2024-04-15T10:45:00+00:00, run_after=2024-04-15T10:50:00+00:00
[2024-04-15T12:51:38.593+0200] {processor.py:183} INFO - Processing /home/mahmoud/airflow/dags/first_dag.py took 0.103 seconds
[2024-04-15T12:52:09.351+0200] {processor.py:161} INFO - Started process (PID=13883) to work on /home/mahmoud/airflow/dags/first_dag.py
[2024-04-15T12:52:09.352+0200] {processor.py:830} INFO - Processing file /home/mahmoud/airflow/dags/first_dag.py for tasks to queue
[2024-04-15T12:52:09.353+0200] {logging_mixin.py:188} INFO - [2024-04-15T12:52:09.353+0200] {dagbag.py:538} INFO - Filling up the DagBag from /home/mahmoud/airflow/dags/first_dag.py
[2024-04-15T12:52:09.367+0200] {processor.py:840} INFO - DAG(s) 'first_dag' retrieved from /home/mahmoud/airflow/dags/first_dag.py
[2024-04-15T12:52:09.383+0200] {logging_mixin.py:188} INFO - [2024-04-15T12:52:09.383+0200] {dag.py:3033} INFO - Sync 1 DAGs
[2024-04-15T12:52:09.399+0200] {logging_mixin.py:188} INFO - [2024-04-15T12:52:09.399+0200] {dag.py:3820} INFO - Setting next_dagrun for first_dag to 2024-04-15T10:45:00+00:00, run_after=2024-04-15T10:50:00+00:00
[2024-04-15T12:52:09.427+0200] {processor.py:183} INFO - Processing /home/mahmoud/airflow/dags/first_dag.py took 0.083 seconds
[2024-04-15T12:52:40.173+0200] {processor.py:161} INFO - Started process (PID=14119) to work on /home/mahmoud/airflow/dags/first_dag.py
[2024-04-15T12:52:40.176+0200] {processor.py:830} INFO - Processing file /home/mahmoud/airflow/dags/first_dag.py for tasks to queue
[2024-04-15T12:52:40.177+0200] {logging_mixin.py:188} INFO - [2024-04-15T12:52:40.177+0200] {dagbag.py:538} INFO - Filling up the DagBag from /home/mahmoud/airflow/dags/first_dag.py
[2024-04-15T12:52:40.194+0200] {processor.py:840} INFO - DAG(s) 'first_dag' retrieved from /home/mahmoud/airflow/dags/first_dag.py
[2024-04-15T12:52:40.215+0200] {logging_mixin.py:188} INFO - [2024-04-15T12:52:40.214+0200] {dag.py:3033} INFO - Sync 1 DAGs
[2024-04-15T12:52:40.234+0200] {logging_mixin.py:188} INFO - [2024-04-15T12:52:40.234+0200] {dag.py:3820} INFO - Setting next_dagrun for first_dag to 2024-04-15T10:45:00+00:00, run_after=2024-04-15T10:50:00+00:00
[2024-04-15T12:52:40.268+0200] {processor.py:183} INFO - Processing /home/mahmoud/airflow/dags/first_dag.py took 0.103 seconds
[2024-04-15T12:53:11.960+0200] {processor.py:161} INFO - Started process (PID=14360) to work on /home/mahmoud/airflow/dags/first_dag.py
[2024-04-15T12:53:11.962+0200] {processor.py:830} INFO - Processing file /home/mahmoud/airflow/dags/first_dag.py for tasks to queue
[2024-04-15T12:53:11.963+0200] {logging_mixin.py:188} INFO - [2024-04-15T12:53:11.963+0200] {dagbag.py:538} INFO - Filling up the DagBag from /home/mahmoud/airflow/dags/first_dag.py
[2024-04-15T12:53:11.974+0200] {processor.py:840} INFO - DAG(s) 'first_dag' retrieved from /home/mahmoud/airflow/dags/first_dag.py
[2024-04-15T12:53:11.989+0200] {logging_mixin.py:188} INFO - [2024-04-15T12:53:11.989+0200] {dag.py:3033} INFO - Sync 1 DAGs
[2024-04-15T12:53:12.009+0200] {logging_mixin.py:188} INFO - [2024-04-15T12:53:12.009+0200] {dag.py:3820} INFO - Setting next_dagrun for first_dag to 2024-04-15T10:45:00+00:00, run_after=2024-04-15T10:50:00+00:00
[2024-04-15T12:53:12.048+0200] {processor.py:183} INFO - Processing /home/mahmoud/airflow/dags/first_dag.py took 0.090 seconds
[2024-04-15T12:53:42.229+0200] {processor.py:161} INFO - Started process (PID=14589) to work on /home/mahmoud/airflow/dags/first_dag.py
[2024-04-15T12:53:42.231+0200] {processor.py:830} INFO - Processing file /home/mahmoud/airflow/dags/first_dag.py for tasks to queue
[2024-04-15T12:53:42.233+0200] {logging_mixin.py:188} INFO - [2024-04-15T12:53:42.232+0200] {dagbag.py:538} INFO - Filling up the DagBag from /home/mahmoud/airflow/dags/first_dag.py
[2024-04-15T12:53:42.248+0200] {processor.py:840} INFO - DAG(s) 'first_dag' retrieved from /home/mahmoud/airflow/dags/first_dag.py
[2024-04-15T12:53:42.266+0200] {logging_mixin.py:188} INFO - [2024-04-15T12:53:42.265+0200] {dag.py:3033} INFO - Sync 1 DAGs
[2024-04-15T12:53:42.289+0200] {logging_mixin.py:188} INFO - [2024-04-15T12:53:42.289+0200] {dag.py:3820} INFO - Setting next_dagrun for first_dag to 2024-04-15T10:45:00+00:00, run_after=2024-04-15T10:50:00+00:00
[2024-04-15T12:53:42.312+0200] {processor.py:183} INFO - Processing /home/mahmoud/airflow/dags/first_dag.py took 0.088 seconds
[2024-04-15T12:54:14.031+0200] {processor.py:161} INFO - Started process (PID=14832) to work on /home/mahmoud/airflow/dags/first_dag.py
[2024-04-15T12:54:14.050+0200] {processor.py:830} INFO - Processing file /home/mahmoud/airflow/dags/first_dag.py for tasks to queue
[2024-04-15T12:54:14.058+0200] {logging_mixin.py:188} INFO - [2024-04-15T12:54:14.055+0200] {dagbag.py:538} INFO - Filling up the DagBag from /home/mahmoud/airflow/dags/first_dag.py
[2024-04-15T12:54:14.167+0200] {processor.py:840} INFO - DAG(s) 'first_dag' retrieved from /home/mahmoud/airflow/dags/first_dag.py
[2024-04-15T12:54:14.333+0200] {logging_mixin.py:188} INFO - [2024-04-15T12:54:14.332+0200] {dag.py:3033} INFO - Sync 1 DAGs
[2024-04-15T12:54:14.526+0200] {logging_mixin.py:188} INFO - [2024-04-15T12:54:14.525+0200] {dag.py:3820} INFO - Setting next_dagrun for first_dag to 2024-04-15T10:45:00+00:00, run_after=2024-04-15T10:50:00+00:00
[2024-04-15T12:54:14.672+0200] {processor.py:183} INFO - Processing /home/mahmoud/airflow/dags/first_dag.py took 0.669 seconds
[2024-04-15T12:55:07.272+0200] {processor.py:161} INFO - Started process (PID=15155) to work on /home/mahmoud/airflow/dags/first_dag.py
[2024-04-15T12:55:07.291+0200] {processor.py:830} INFO - Processing file /home/mahmoud/airflow/dags/first_dag.py for tasks to queue
[2024-04-15T12:55:07.299+0200] {logging_mixin.py:188} INFO - [2024-04-15T12:55:07.296+0200] {dagbag.py:538} INFO - Filling up the DagBag from /home/mahmoud/airflow/dags/first_dag.py
[2024-04-15T12:55:07.434+0200] {processor.py:840} INFO - DAG(s) 'first_dag' retrieved from /home/mahmoud/airflow/dags/first_dag.py
[2024-04-15T12:55:07.658+0200] {logging_mixin.py:188} INFO - [2024-04-15T12:55:07.656+0200] {dag.py:3033} INFO - Sync 1 DAGs
[2024-04-15T12:55:07.980+0200] {logging_mixin.py:188} INFO - [2024-04-15T12:55:07.978+0200] {dag.py:3820} INFO - Setting next_dagrun for first_dag to 2024-04-15T10:50:00+00:00, run_after=2024-04-15T10:55:00+00:00
[2024-04-15T12:55:08.183+0200] {processor.py:183} INFO - Processing /home/mahmoud/airflow/dags/first_dag.py took 0.939 seconds
[2024-04-15T12:55:48.933+0200] {processor.py:161} INFO - Started process (PID=15450) to work on /home/mahmoud/airflow/dags/first_dag.py
[2024-04-15T12:55:48.945+0200] {processor.py:830} INFO - Processing file /home/mahmoud/airflow/dags/first_dag.py for tasks to queue
[2024-04-15T12:55:48.953+0200] {logging_mixin.py:188} INFO - [2024-04-15T12:55:48.950+0200] {dagbag.py:538} INFO - Filling up the DagBag from /home/mahmoud/airflow/dags/first_dag.py
[2024-04-15T12:55:49.109+0200] {processor.py:840} INFO - DAG(s) 'first_dag' retrieved from /home/mahmoud/airflow/dags/first_dag.py
[2024-04-15T12:55:49.274+0200] {logging_mixin.py:188} INFO - [2024-04-15T12:55:49.272+0200] {dag.py:3033} INFO - Sync 1 DAGs
[2024-04-15T12:55:49.528+0200] {logging_mixin.py:188} INFO - [2024-04-15T12:55:49.526+0200] {dag.py:3820} INFO - Setting next_dagrun for first_dag to 2024-04-15T10:50:00+00:00, run_after=2024-04-15T10:55:00+00:00
[2024-04-15T12:55:49.749+0200] {processor.py:183} INFO - Processing /home/mahmoud/airflow/dags/first_dag.py took 0.844 seconds
[2024-04-15T12:56:25.943+0200] {processor.py:161} INFO - Started process (PID=15685) to work on /home/mahmoud/airflow/dags/first_dag.py
[2024-04-15T12:56:25.952+0200] {processor.py:830} INFO - Processing file /home/mahmoud/airflow/dags/first_dag.py for tasks to queue
[2024-04-15T12:56:25.959+0200] {logging_mixin.py:188} INFO - [2024-04-15T12:56:25.957+0200] {dagbag.py:538} INFO - Filling up the DagBag from /home/mahmoud/airflow/dags/first_dag.py
[2024-04-15T12:56:26.069+0200] {processor.py:840} INFO - DAG(s) 'first_dag' retrieved from /home/mahmoud/airflow/dags/first_dag.py
[2024-04-15T12:56:26.212+0200] {logging_mixin.py:188} INFO - [2024-04-15T12:56:26.211+0200] {dag.py:3033} INFO - Sync 1 DAGs
[2024-04-15T12:56:26.408+0200] {logging_mixin.py:188} INFO - [2024-04-15T12:56:26.406+0200] {dag.py:3820} INFO - Setting next_dagrun for first_dag to 2024-04-15T10:50:00+00:00, run_after=2024-04-15T10:55:00+00:00
[2024-04-15T12:56:26.593+0200] {processor.py:183} INFO - Processing /home/mahmoud/airflow/dags/first_dag.py took 0.676 seconds
[2024-04-15T12:57:00.532+0200] {processor.py:161} INFO - Started process (PID=15904) to work on /home/mahmoud/airflow/dags/first_dag.py
[2024-04-15T12:57:00.546+0200] {processor.py:830} INFO - Processing file /home/mahmoud/airflow/dags/first_dag.py for tasks to queue
[2024-04-15T12:57:00.558+0200] {logging_mixin.py:188} INFO - [2024-04-15T12:57:00.554+0200] {dagbag.py:538} INFO - Filling up the DagBag from /home/mahmoud/airflow/dags/first_dag.py
[2024-04-15T12:57:00.781+0200] {processor.py:840} INFO - DAG(s) 'first_dag' retrieved from /home/mahmoud/airflow/dags/first_dag.py
[2024-04-15T12:57:01.059+0200] {logging_mixin.py:188} INFO - [2024-04-15T12:57:01.058+0200] {dag.py:3033} INFO - Sync 1 DAGs
[2024-04-15T12:57:01.342+0200] {logging_mixin.py:188} INFO - [2024-04-15T12:57:01.341+0200] {dag.py:3820} INFO - Setting next_dagrun for first_dag to 2024-04-15T10:50:00+00:00, run_after=2024-04-15T10:55:00+00:00
[2024-04-15T12:57:01.615+0200] {processor.py:183} INFO - Processing /home/mahmoud/airflow/dags/first_dag.py took 1.126 seconds
[2024-04-15T12:57:36.142+0200] {processor.py:161} INFO - Started process (PID=16122) to work on /home/mahmoud/airflow/dags/first_dag.py
[2024-04-15T12:57:36.165+0200] {processor.py:830} INFO - Processing file /home/mahmoud/airflow/dags/first_dag.py for tasks to queue
[2024-04-15T12:57:36.197+0200] {logging_mixin.py:188} INFO - [2024-04-15T12:57:36.182+0200] {dagbag.py:538} INFO - Filling up the DagBag from /home/mahmoud/airflow/dags/first_dag.py
[2024-04-15T12:57:36.456+0200] {processor.py:840} INFO - DAG(s) 'first_dag' retrieved from /home/mahmoud/airflow/dags/first_dag.py
[2024-04-15T12:57:36.728+0200] {logging_mixin.py:188} INFO - [2024-04-15T12:57:36.726+0200] {dag.py:3033} INFO - Sync 1 DAGs
[2024-04-15T12:57:37.042+0200] {logging_mixin.py:188} INFO - [2024-04-15T12:57:37.040+0200] {dag.py:3820} INFO - Setting next_dagrun for first_dag to 2024-04-15T10:50:00+00:00, run_after=2024-04-15T10:55:00+00:00
[2024-04-15T12:57:37.214+0200] {processor.py:183} INFO - Processing /home/mahmoud/airflow/dags/first_dag.py took 1.152 seconds
[2024-04-15T12:58:10.713+0200] {processor.py:161} INFO - Started process (PID=16332) to work on /home/mahmoud/airflow/dags/first_dag.py
[2024-04-15T12:58:10.722+0200] {processor.py:830} INFO - Processing file /home/mahmoud/airflow/dags/first_dag.py for tasks to queue
[2024-04-15T12:58:10.732+0200] {logging_mixin.py:188} INFO - [2024-04-15T12:58:10.728+0200] {dagbag.py:538} INFO - Filling up the DagBag from /home/mahmoud/airflow/dags/first_dag.py
[2024-04-15T12:58:10.856+0200] {processor.py:840} INFO - DAG(s) 'first_dag' retrieved from /home/mahmoud/airflow/dags/first_dag.py
[2024-04-15T12:58:11.022+0200] {logging_mixin.py:188} INFO - [2024-04-15T12:58:11.021+0200] {dag.py:3033} INFO - Sync 1 DAGs
[2024-04-15T12:58:11.255+0200] {logging_mixin.py:188} INFO - [2024-04-15T12:58:11.253+0200] {dag.py:3820} INFO - Setting next_dagrun for first_dag to 2024-04-15T10:50:00+00:00, run_after=2024-04-15T10:55:00+00:00
[2024-04-15T12:58:11.790+0200] {processor.py:183} INFO - Processing /home/mahmoud/airflow/dags/first_dag.py took 1.119 seconds
[2024-04-15T12:58:44.815+0200] {processor.py:161} INFO - Started process (PID=16535) to work on /home/mahmoud/airflow/dags/first_dag.py
[2024-04-15T12:58:44.826+0200] {processor.py:830} INFO - Processing file /home/mahmoud/airflow/dags/first_dag.py for tasks to queue
[2024-04-15T12:58:44.837+0200] {logging_mixin.py:188} INFO - [2024-04-15T12:58:44.833+0200] {dagbag.py:538} INFO - Filling up the DagBag from /home/mahmoud/airflow/dags/first_dag.py
[2024-04-15T12:58:44.962+0200] {processor.py:840} INFO - DAG(s) 'first_dag' retrieved from /home/mahmoud/airflow/dags/first_dag.py
[2024-04-15T12:58:45.144+0200] {logging_mixin.py:188} INFO - [2024-04-15T12:58:45.143+0200] {dag.py:3033} INFO - Sync 1 DAGs
[2024-04-15T12:58:45.393+0200] {logging_mixin.py:188} INFO - [2024-04-15T12:58:45.387+0200] {dag.py:3820} INFO - Setting next_dagrun for first_dag to 2024-04-15T10:50:00+00:00, run_after=2024-04-15T10:55:00+00:00
[2024-04-15T12:58:45.619+0200] {processor.py:183} INFO - Processing /home/mahmoud/airflow/dags/first_dag.py took 0.846 seconds
[2024-04-15T12:59:20.928+0200] {processor.py:161} INFO - Started process (PID=16751) to work on /home/mahmoud/airflow/dags/first_dag.py
[2024-04-15T12:59:20.945+0200] {processor.py:830} INFO - Processing file /home/mahmoud/airflow/dags/first_dag.py for tasks to queue
[2024-04-15T12:59:20.953+0200] {logging_mixin.py:188} INFO - [2024-04-15T12:59:20.950+0200] {dagbag.py:538} INFO - Filling up the DagBag from /home/mahmoud/airflow/dags/first_dag.py
[2024-04-15T12:59:21.096+0200] {processor.py:840} INFO - DAG(s) 'first_dag' retrieved from /home/mahmoud/airflow/dags/first_dag.py
[2024-04-15T12:59:21.287+0200] {logging_mixin.py:188} INFO - [2024-04-15T12:59:21.285+0200] {dag.py:3033} INFO - Sync 1 DAGs
[2024-04-15T12:59:21.547+0200] {logging_mixin.py:188} INFO - [2024-04-15T12:59:21.546+0200] {dag.py:3820} INFO - Setting next_dagrun for first_dag to 2024-04-15T10:50:00+00:00, run_after=2024-04-15T10:55:00+00:00
[2024-04-15T12:59:21.776+0200] {processor.py:183} INFO - Processing /home/mahmoud/airflow/dags/first_dag.py took 0.873 seconds
[2024-04-15T12:59:53.304+0200] {processor.py:161} INFO - Started process (PID=16957) to work on /home/mahmoud/airflow/dags/first_dag.py
[2024-04-15T12:59:53.335+0200] {processor.py:830} INFO - Processing file /home/mahmoud/airflow/dags/first_dag.py for tasks to queue
[2024-04-15T12:59:53.355+0200] {logging_mixin.py:188} INFO - [2024-04-15T12:59:53.344+0200] {dagbag.py:538} INFO - Filling up the DagBag from /home/mahmoud/airflow/dags/first_dag.py
[2024-04-15T12:59:53.712+0200] {processor.py:840} INFO - DAG(s) 'first_dag' retrieved from /home/mahmoud/airflow/dags/first_dag.py
[2024-04-15T12:59:54.174+0200] {logging_mixin.py:188} INFO - [2024-04-15T12:59:54.172+0200] {dag.py:3033} INFO - Sync 1 DAGs
[2024-04-15T12:59:54.559+0200] {logging_mixin.py:188} INFO - [2024-04-15T12:59:54.557+0200] {dag.py:3820} INFO - Setting next_dagrun for first_dag to 2024-04-15T10:50:00+00:00, run_after=2024-04-15T10:55:00+00:00
[2024-04-15T12:59:55.008+0200] {processor.py:183} INFO - Processing /home/mahmoud/airflow/dags/first_dag.py took 1.777 seconds
[2024-04-15T13:00:30.669+0200] {processor.py:161} INFO - Started process (PID=17201) to work on /home/mahmoud/airflow/dags/first_dag.py
[2024-04-15T13:00:30.689+0200] {processor.py:830} INFO - Processing file /home/mahmoud/airflow/dags/first_dag.py for tasks to queue
[2024-04-15T13:00:30.697+0200] {logging_mixin.py:188} INFO - [2024-04-15T13:00:30.694+0200] {dagbag.py:538} INFO - Filling up the DagBag from /home/mahmoud/airflow/dags/first_dag.py
[2024-04-15T13:00:30.803+0200] {processor.py:840} INFO - DAG(s) 'first_dag' retrieved from /home/mahmoud/airflow/dags/first_dag.py
[2024-04-15T13:00:30.951+0200] {logging_mixin.py:188} INFO - [2024-04-15T13:00:30.950+0200] {dag.py:3033} INFO - Sync 1 DAGs
[2024-04-15T13:00:31.196+0200] {logging_mixin.py:188} INFO - [2024-04-15T13:00:31.194+0200] {dag.py:3820} INFO - Setting next_dagrun for first_dag to 2024-04-15T10:55:00+00:00, run_after=2024-04-15T11:00:00+00:00
[2024-04-15T13:00:31.399+0200] {processor.py:183} INFO - Processing /home/mahmoud/airflow/dags/first_dag.py took 0.756 seconds
[2024-04-15T13:01:05.530+0200] {processor.py:161} INFO - Started process (PID=17405) to work on /home/mahmoud/airflow/dags/first_dag.py
[2024-04-15T13:01:05.541+0200] {processor.py:830} INFO - Processing file /home/mahmoud/airflow/dags/first_dag.py for tasks to queue
[2024-04-15T13:01:05.560+0200] {logging_mixin.py:188} INFO - [2024-04-15T13:01:05.555+0200] {dagbag.py:538} INFO - Filling up the DagBag from /home/mahmoud/airflow/dags/first_dag.py
[2024-04-15T13:01:05.713+0200] {processor.py:840} INFO - DAG(s) 'first_dag' retrieved from /home/mahmoud/airflow/dags/first_dag.py
[2024-04-15T13:01:05.871+0200] {logging_mixin.py:188} INFO - [2024-04-15T13:01:05.869+0200] {dag.py:3033} INFO - Sync 1 DAGs
[2024-04-15T13:01:06.152+0200] {logging_mixin.py:188} INFO - [2024-04-15T13:01:06.146+0200] {dag.py:3820} INFO - Setting next_dagrun for first_dag to 2024-04-15T10:55:00+00:00, run_after=2024-04-15T11:00:00+00:00
[2024-04-15T13:01:06.345+0200] {processor.py:183} INFO - Processing /home/mahmoud/airflow/dags/first_dag.py took 0.854 seconds
[2024-04-15T13:01:41.872+0200] {processor.py:161} INFO - Started process (PID=17612) to work on /home/mahmoud/airflow/dags/first_dag.py
[2024-04-15T13:01:41.881+0200] {processor.py:830} INFO - Processing file /home/mahmoud/airflow/dags/first_dag.py for tasks to queue
[2024-04-15T13:01:41.888+0200] {logging_mixin.py:188} INFO - [2024-04-15T13:01:41.885+0200] {dagbag.py:538} INFO - Filling up the DagBag from /home/mahmoud/airflow/dags/first_dag.py
[2024-04-15T13:01:42.006+0200] {processor.py:840} INFO - DAG(s) 'first_dag' retrieved from /home/mahmoud/airflow/dags/first_dag.py
[2024-04-15T13:01:42.217+0200] {logging_mixin.py:188} INFO - [2024-04-15T13:01:42.214+0200] {dag.py:3033} INFO - Sync 1 DAGs
[2024-04-15T13:01:42.542+0200] {logging_mixin.py:188} INFO - [2024-04-15T13:01:42.540+0200] {dag.py:3820} INFO - Setting next_dagrun for first_dag to 2024-04-15T10:55:00+00:00, run_after=2024-04-15T11:00:00+00:00
[2024-04-15T13:01:42.791+0200] {processor.py:183} INFO - Processing /home/mahmoud/airflow/dags/first_dag.py took 0.945 seconds
[2024-04-15T13:02:17.312+0200] {processor.py:161} INFO - Started process (PID=17817) to work on /home/mahmoud/airflow/dags/first_dag.py
[2024-04-15T13:02:17.321+0200] {processor.py:830} INFO - Processing file /home/mahmoud/airflow/dags/first_dag.py for tasks to queue
[2024-04-15T13:02:17.329+0200] {logging_mixin.py:188} INFO - [2024-04-15T13:02:17.326+0200] {dagbag.py:538} INFO - Filling up the DagBag from /home/mahmoud/airflow/dags/first_dag.py
[2024-04-15T13:02:17.442+0200] {processor.py:840} INFO - DAG(s) 'first_dag' retrieved from /home/mahmoud/airflow/dags/first_dag.py
[2024-04-15T13:02:17.591+0200] {logging_mixin.py:188} INFO - [2024-04-15T13:02:17.589+0200] {dag.py:3033} INFO - Sync 1 DAGs
[2024-04-15T13:02:17.816+0200] {logging_mixin.py:188} INFO - [2024-04-15T13:02:17.815+0200] {dag.py:3820} INFO - Setting next_dagrun for first_dag to 2024-04-15T10:55:00+00:00, run_after=2024-04-15T11:00:00+00:00
[2024-04-15T13:02:18.010+0200] {processor.py:183} INFO - Processing /home/mahmoud/airflow/dags/first_dag.py took 0.728 seconds
[2024-04-15T13:22:34.666+0200] {processor.py:161} INFO - Started process (PID=18243) to work on /home/mahmoud/airflow/dags/first_dag.py
[2024-04-15T13:22:34.668+0200] {processor.py:830} INFO - Processing file /home/mahmoud/airflow/dags/first_dag.py for tasks to queue
[2024-04-15T13:22:34.669+0200] {logging_mixin.py:188} INFO - [2024-04-15T13:22:34.669+0200] {dagbag.py:538} INFO - Filling up the DagBag from /home/mahmoud/airflow/dags/first_dag.py
[2024-04-15T13:22:34.680+0200] {processor.py:840} INFO - DAG(s) 'first_dag' retrieved from /home/mahmoud/airflow/dags/first_dag.py
[2024-04-15T13:22:34.696+0200] {logging_mixin.py:188} INFO - [2024-04-15T13:22:34.696+0200] {dag.py:3033} INFO - Sync 1 DAGs
[2024-04-15T13:22:34.717+0200] {logging_mixin.py:188} INFO - [2024-04-15T13:22:34.717+0200] {dag.py:3820} INFO - Setting next_dagrun for first_dag to 2024-04-15T11:15:00+00:00, run_after=2024-04-15T11:20:00+00:00
[2024-04-15T13:22:34.752+0200] {processor.py:183} INFO - Processing /home/mahmoud/airflow/dags/first_dag.py took 0.089 seconds
[2024-04-15T13:23:06.748+0200] {processor.py:161} INFO - Started process (PID=18405) to work on /home/mahmoud/airflow/dags/first_dag.py
[2024-04-15T13:23:06.749+0200] {processor.py:830} INFO - Processing file /home/mahmoud/airflow/dags/first_dag.py for tasks to queue
[2024-04-15T13:23:06.750+0200] {logging_mixin.py:188} INFO - [2024-04-15T13:23:06.750+0200] {dagbag.py:538} INFO - Filling up the DagBag from /home/mahmoud/airflow/dags/first_dag.py
[2024-04-15T13:23:06.762+0200] {processor.py:840} INFO - DAG(s) 'first_dag' retrieved from /home/mahmoud/airflow/dags/first_dag.py
[2024-04-15T13:23:06.779+0200] {logging_mixin.py:188} INFO - [2024-04-15T13:23:06.779+0200] {dag.py:3033} INFO - Sync 1 DAGs
[2024-04-15T13:23:06.801+0200] {logging_mixin.py:188} INFO - [2024-04-15T13:23:06.800+0200] {dag.py:3820} INFO - Setting next_dagrun for first_dag to 2024-04-15T11:15:00+00:00, run_after=2024-04-15T11:20:00+00:00
[2024-04-15T13:23:06.825+0200] {processor.py:183} INFO - Processing /home/mahmoud/airflow/dags/first_dag.py took 0.080 seconds
[2024-04-15T13:23:37.613+0200] {processor.py:161} INFO - Started process (PID=18559) to work on /home/mahmoud/airflow/dags/first_dag.py
[2024-04-15T13:23:37.616+0200] {processor.py:830} INFO - Processing file /home/mahmoud/airflow/dags/first_dag.py for tasks to queue
[2024-04-15T13:23:37.618+0200] {logging_mixin.py:188} INFO - [2024-04-15T13:23:37.617+0200] {dagbag.py:538} INFO - Filling up the DagBag from /home/mahmoud/airflow/dags/first_dag.py
[2024-04-15T13:23:37.632+0200] {processor.py:840} INFO - DAG(s) 'first_dag' retrieved from /home/mahmoud/airflow/dags/first_dag.py
[2024-04-15T13:23:37.651+0200] {logging_mixin.py:188} INFO - [2024-04-15T13:23:37.650+0200] {dag.py:3033} INFO - Sync 1 DAGs
[2024-04-15T13:23:37.672+0200] {logging_mixin.py:188} INFO - [2024-04-15T13:23:37.672+0200] {dag.py:3820} INFO - Setting next_dagrun for first_dag to 2024-04-15T11:15:00+00:00, run_after=2024-04-15T11:20:00+00:00
[2024-04-15T13:23:37.704+0200] {processor.py:183} INFO - Processing /home/mahmoud/airflow/dags/first_dag.py took 0.096 seconds
[2024-04-15T13:24:08.441+0200] {processor.py:161} INFO - Started process (PID=18712) to work on /home/mahmoud/airflow/dags/first_dag.py
[2024-04-15T13:24:08.443+0200] {processor.py:830} INFO - Processing file /home/mahmoud/airflow/dags/first_dag.py for tasks to queue
[2024-04-15T13:24:08.444+0200] {logging_mixin.py:188} INFO - [2024-04-15T13:24:08.443+0200] {dagbag.py:538} INFO - Filling up the DagBag from /home/mahmoud/airflow/dags/first_dag.py
[2024-04-15T13:24:08.457+0200] {processor.py:840} INFO - DAG(s) 'first_dag' retrieved from /home/mahmoud/airflow/dags/first_dag.py
[2024-04-15T13:24:08.474+0200] {logging_mixin.py:188} INFO - [2024-04-15T13:24:08.473+0200] {dag.py:3033} INFO - Sync 1 DAGs
[2024-04-15T13:24:08.494+0200] {logging_mixin.py:188} INFO - [2024-04-15T13:24:08.494+0200] {dag.py:3820} INFO - Setting next_dagrun for first_dag to 2024-04-15T11:15:00+00:00, run_after=2024-04-15T11:20:00+00:00
[2024-04-15T13:24:08.527+0200] {processor.py:183} INFO - Processing /home/mahmoud/airflow/dags/first_dag.py took 0.090 seconds
[2024-04-15T13:24:39.307+0200] {processor.py:161} INFO - Started process (PID=18865) to work on /home/mahmoud/airflow/dags/first_dag.py
[2024-04-15T13:24:39.308+0200] {processor.py:830} INFO - Processing file /home/mahmoud/airflow/dags/first_dag.py for tasks to queue
[2024-04-15T13:24:39.309+0200] {logging_mixin.py:188} INFO - [2024-04-15T13:24:39.309+0200] {dagbag.py:538} INFO - Filling up the DagBag from /home/mahmoud/airflow/dags/first_dag.py
[2024-04-15T13:24:39.320+0200] {processor.py:840} INFO - DAG(s) 'first_dag' retrieved from /home/mahmoud/airflow/dags/first_dag.py
[2024-04-15T13:24:39.335+0200] {logging_mixin.py:188} INFO - [2024-04-15T13:24:39.334+0200] {dag.py:3033} INFO - Sync 1 DAGs
[2024-04-15T13:24:39.352+0200] {logging_mixin.py:188} INFO - [2024-04-15T13:24:39.352+0200] {dag.py:3820} INFO - Setting next_dagrun for first_dag to 2024-04-15T11:15:00+00:00, run_after=2024-04-15T11:20:00+00:00
[2024-04-15T13:24:39.375+0200] {processor.py:183} INFO - Processing /home/mahmoud/airflow/dags/first_dag.py took 0.071 seconds
[2024-04-15T13:25:09.794+0200] {processor.py:161} INFO - Started process (PID=19020) to work on /home/mahmoud/airflow/dags/first_dag.py
[2024-04-15T13:25:09.795+0200] {processor.py:830} INFO - Processing file /home/mahmoud/airflow/dags/first_dag.py for tasks to queue
[2024-04-15T13:25:09.796+0200] {logging_mixin.py:188} INFO - [2024-04-15T13:25:09.796+0200] {dagbag.py:538} INFO - Filling up the DagBag from /home/mahmoud/airflow/dags/first_dag.py
[2024-04-15T13:25:09.807+0200] {processor.py:840} INFO - DAG(s) 'first_dag' retrieved from /home/mahmoud/airflow/dags/first_dag.py
[2024-04-15T13:25:09.824+0200] {logging_mixin.py:188} INFO - [2024-04-15T13:25:09.824+0200] {dag.py:3033} INFO - Sync 1 DAGs
[2024-04-15T13:25:09.847+0200] {logging_mixin.py:188} INFO - [2024-04-15T13:25:09.847+0200] {dag.py:3820} INFO - Setting next_dagrun for first_dag to 2024-04-15T11:20:00+00:00, run_after=2024-04-15T11:25:00+00:00
[2024-04-15T13:25:09.873+0200] {processor.py:183} INFO - Processing /home/mahmoud/airflow/dags/first_dag.py took 0.081 seconds
