[2024-04-15T12:30:34.814+0200] {processor.py:161} INFO - Started process (PID=2345) to work on /home/mahmoud/airflow/dags/multi_tasks_w_python_operator.py
[2024-04-15T12:30:34.815+0200] {processor.py:830} INFO - Processing file /home/mahmoud/airflow/dags/multi_tasks_w_python_operator.py for tasks to queue
[2024-04-15T12:30:34.816+0200] {logging_mixin.py:188} INFO - [2024-04-15T12:30:34.815+0200] {dagbag.py:538} INFO - Filling up the DagBag from /home/mahmoud/airflow/dags/multi_tasks_w_python_operator.py
[2024-04-15T12:30:34.825+0200] {processor.py:840} INFO - DAG(s) 'execute_multiple_python_tasks' retrieved from /home/mahmoud/airflow/dags/multi_tasks_w_python_operator.py
[2024-04-15T12:30:34.900+0200] {logging_mixin.py:188} INFO - [2024-04-15T12:30:34.900+0200] {dag.py:3033} INFO - Sync 1 DAGs
[2024-04-15T12:30:34.915+0200] {logging_mixin.py:188} INFO - [2024-04-15T12:30:34.914+0200] {dag.py:3820} INFO - Setting next_dagrun for execute_multiple_python_tasks to None, run_after=None
[2024-04-15T12:30:34.937+0200] {processor.py:183} INFO - Processing /home/mahmoud/airflow/dags/multi_tasks_w_python_operator.py took 0.125 seconds
[2024-04-15T12:31:05.181+0200] {processor.py:161} INFO - Started process (PID=2707) to work on /home/mahmoud/airflow/dags/multi_tasks_w_python_operator.py
[2024-04-15T12:31:05.182+0200] {processor.py:830} INFO - Processing file /home/mahmoud/airflow/dags/multi_tasks_w_python_operator.py for tasks to queue
[2024-04-15T12:31:05.182+0200] {logging_mixin.py:188} INFO - [2024-04-15T12:31:05.182+0200] {dagbag.py:538} INFO - Filling up the DagBag from /home/mahmoud/airflow/dags/multi_tasks_w_python_operator.py
[2024-04-15T12:31:05.193+0200] {processor.py:840} INFO - DAG(s) 'execute_multiple_python_tasks' retrieved from /home/mahmoud/airflow/dags/multi_tasks_w_python_operator.py
[2024-04-15T12:31:05.209+0200] {logging_mixin.py:188} INFO - [2024-04-15T12:31:05.208+0200] {dag.py:3033} INFO - Sync 1 DAGs
[2024-04-15T12:31:05.224+0200] {logging_mixin.py:188} INFO - [2024-04-15T12:31:05.224+0200] {dag.py:3820} INFO - Setting next_dagrun for execute_multiple_python_tasks to None, run_after=None
[2024-04-15T12:31:05.246+0200] {processor.py:183} INFO - Processing /home/mahmoud/airflow/dags/multi_tasks_w_python_operator.py took 0.068 seconds
[2024-04-15T12:31:35.404+0200] {processor.py:161} INFO - Started process (PID=3014) to work on /home/mahmoud/airflow/dags/multi_tasks_w_python_operator.py
[2024-04-15T12:31:35.416+0200] {processor.py:830} INFO - Processing file /home/mahmoud/airflow/dags/multi_tasks_w_python_operator.py for tasks to queue
[2024-04-15T12:31:35.417+0200] {logging_mixin.py:188} INFO - [2024-04-15T12:31:35.417+0200] {dagbag.py:538} INFO - Filling up the DagBag from /home/mahmoud/airflow/dags/multi_tasks_w_python_operator.py
[2024-04-15T12:31:35.429+0200] {processor.py:840} INFO - DAG(s) 'execute_multiple_python_tasks' retrieved from /home/mahmoud/airflow/dags/multi_tasks_w_python_operator.py
[2024-04-15T12:31:35.446+0200] {logging_mixin.py:188} INFO - [2024-04-15T12:31:35.446+0200] {dag.py:3033} INFO - Sync 1 DAGs
[2024-04-15T12:31:35.462+0200] {logging_mixin.py:188} INFO - [2024-04-15T12:31:35.462+0200] {dag.py:3820} INFO - Setting next_dagrun for execute_multiple_python_tasks to None, run_after=None
[2024-04-15T12:31:35.489+0200] {processor.py:183} INFO - Processing /home/mahmoud/airflow/dags/multi_tasks_w_python_operator.py took 0.090 seconds
[2024-04-15T12:32:07.129+0200] {processor.py:161} INFO - Started process (PID=3262) to work on /home/mahmoud/airflow/dags/multi_tasks_w_python_operator.py
[2024-04-15T12:32:07.132+0200] {processor.py:830} INFO - Processing file /home/mahmoud/airflow/dags/multi_tasks_w_python_operator.py for tasks to queue
[2024-04-15T12:32:07.133+0200] {logging_mixin.py:188} INFO - [2024-04-15T12:32:07.132+0200] {dagbag.py:538} INFO - Filling up the DagBag from /home/mahmoud/airflow/dags/multi_tasks_w_python_operator.py
[2024-04-15T12:32:07.145+0200] {processor.py:840} INFO - DAG(s) 'execute_multiple_python_tasks' retrieved from /home/mahmoud/airflow/dags/multi_tasks_w_python_operator.py
[2024-04-15T12:32:07.162+0200] {logging_mixin.py:188} INFO - [2024-04-15T12:32:07.161+0200] {dag.py:3033} INFO - Sync 1 DAGs
[2024-04-15T12:32:07.179+0200] {logging_mixin.py:188} INFO - [2024-04-15T12:32:07.178+0200] {dag.py:3820} INFO - Setting next_dagrun for execute_multiple_python_tasks to None, run_after=None
[2024-04-15T12:32:07.201+0200] {processor.py:183} INFO - Processing /home/mahmoud/airflow/dags/multi_tasks_w_python_operator.py took 0.076 seconds
[2024-04-15T12:32:37.931+0200] {processor.py:161} INFO - Started process (PID=3534) to work on /home/mahmoud/airflow/dags/multi_tasks_w_python_operator.py
[2024-04-15T12:32:37.932+0200] {processor.py:830} INFO - Processing file /home/mahmoud/airflow/dags/multi_tasks_w_python_operator.py for tasks to queue
[2024-04-15T12:32:37.933+0200] {logging_mixin.py:188} INFO - [2024-04-15T12:32:37.933+0200] {dagbag.py:538} INFO - Filling up the DagBag from /home/mahmoud/airflow/dags/multi_tasks_w_python_operator.py
[2024-04-15T12:32:37.941+0200] {processor.py:840} INFO - DAG(s) 'execute_multiple_python_tasks' retrieved from /home/mahmoud/airflow/dags/multi_tasks_w_python_operator.py
[2024-04-15T12:32:37.956+0200] {logging_mixin.py:188} INFO - [2024-04-15T12:32:37.955+0200] {dag.py:3033} INFO - Sync 1 DAGs
[2024-04-15T12:32:37.973+0200] {logging_mixin.py:188} INFO - [2024-04-15T12:32:37.973+0200] {dag.py:3820} INFO - Setting next_dagrun for execute_multiple_python_tasks to None, run_after=None
[2024-04-15T12:32:37.993+0200] {processor.py:183} INFO - Processing /home/mahmoud/airflow/dags/multi_tasks_w_python_operator.py took 0.064 seconds
[2024-04-15T12:33:08.536+0200] {processor.py:161} INFO - Started process (PID=3799) to work on /home/mahmoud/airflow/dags/multi_tasks_w_python_operator.py
[2024-04-15T12:33:08.537+0200] {processor.py:830} INFO - Processing file /home/mahmoud/airflow/dags/multi_tasks_w_python_operator.py for tasks to queue
[2024-04-15T12:33:08.538+0200] {logging_mixin.py:188} INFO - [2024-04-15T12:33:08.538+0200] {dagbag.py:538} INFO - Filling up the DagBag from /home/mahmoud/airflow/dags/multi_tasks_w_python_operator.py
[2024-04-15T12:33:08.548+0200] {processor.py:840} INFO - DAG(s) 'execute_multiple_python_tasks' retrieved from /home/mahmoud/airflow/dags/multi_tasks_w_python_operator.py
[2024-04-15T12:33:08.564+0200] {logging_mixin.py:188} INFO - [2024-04-15T12:33:08.564+0200] {dag.py:3033} INFO - Sync 1 DAGs
[2024-04-15T12:33:08.580+0200] {logging_mixin.py:188} INFO - [2024-04-15T12:33:08.580+0200] {dag.py:3820} INFO - Setting next_dagrun for execute_multiple_python_tasks to None, run_after=None
[2024-04-15T12:33:08.600+0200] {processor.py:183} INFO - Processing /home/mahmoud/airflow/dags/multi_tasks_w_python_operator.py took 0.067 seconds
[2024-04-15T12:33:39.243+0200] {processor.py:161} INFO - Started process (PID=4102) to work on /home/mahmoud/airflow/dags/multi_tasks_w_python_operator.py
[2024-04-15T12:33:39.244+0200] {processor.py:830} INFO - Processing file /home/mahmoud/airflow/dags/multi_tasks_w_python_operator.py for tasks to queue
[2024-04-15T12:33:39.245+0200] {logging_mixin.py:188} INFO - [2024-04-15T12:33:39.244+0200] {dagbag.py:538} INFO - Filling up the DagBag from /home/mahmoud/airflow/dags/multi_tasks_w_python_operator.py
[2024-04-15T12:33:39.255+0200] {processor.py:840} INFO - DAG(s) 'execute_multiple_python_tasks' retrieved from /home/mahmoud/airflow/dags/multi_tasks_w_python_operator.py
[2024-04-15T12:33:39.274+0200] {logging_mixin.py:188} INFO - [2024-04-15T12:33:39.273+0200] {dag.py:3033} INFO - Sync 1 DAGs
[2024-04-15T12:33:39.292+0200] {logging_mixin.py:188} INFO - [2024-04-15T12:33:39.292+0200] {dag.py:3820} INFO - Setting next_dagrun for execute_multiple_python_tasks to None, run_after=None
[2024-04-15T12:33:39.332+0200] {processor.py:183} INFO - Processing /home/mahmoud/airflow/dags/multi_tasks_w_python_operator.py took 0.092 seconds
[2024-04-15T12:34:10.851+0200] {processor.py:161} INFO - Started process (PID=4411) to work on /home/mahmoud/airflow/dags/multi_tasks_w_python_operator.py
[2024-04-15T12:34:10.852+0200] {processor.py:830} INFO - Processing file /home/mahmoud/airflow/dags/multi_tasks_w_python_operator.py for tasks to queue
[2024-04-15T12:34:10.853+0200] {logging_mixin.py:188} INFO - [2024-04-15T12:34:10.852+0200] {dagbag.py:538} INFO - Filling up the DagBag from /home/mahmoud/airflow/dags/multi_tasks_w_python_operator.py
[2024-04-15T12:34:10.862+0200] {processor.py:840} INFO - DAG(s) 'execute_multiple_python_tasks' retrieved from /home/mahmoud/airflow/dags/multi_tasks_w_python_operator.py
[2024-04-15T12:34:10.882+0200] {logging_mixin.py:188} INFO - [2024-04-15T12:34:10.882+0200] {dag.py:3033} INFO - Sync 1 DAGs
[2024-04-15T12:34:10.902+0200] {logging_mixin.py:188} INFO - [2024-04-15T12:34:10.902+0200] {dag.py:3820} INFO - Setting next_dagrun for execute_multiple_python_tasks to None, run_after=None
[2024-04-15T12:34:10.926+0200] {processor.py:183} INFO - Processing /home/mahmoud/airflow/dags/multi_tasks_w_python_operator.py took 0.077 seconds
[2024-04-15T12:34:41.879+0200] {processor.py:161} INFO - Started process (PID=4841) to work on /home/mahmoud/airflow/dags/multi_tasks_w_python_operator.py
[2024-04-15T12:34:41.890+0200] {processor.py:830} INFO - Processing file /home/mahmoud/airflow/dags/multi_tasks_w_python_operator.py for tasks to queue
[2024-04-15T12:34:41.892+0200] {logging_mixin.py:188} INFO - [2024-04-15T12:34:41.891+0200] {dagbag.py:538} INFO - Filling up the DagBag from /home/mahmoud/airflow/dags/multi_tasks_w_python_operator.py
[2024-04-15T12:34:41.905+0200] {processor.py:840} INFO - DAG(s) 'execute_multiple_python_tasks' retrieved from /home/mahmoud/airflow/dags/multi_tasks_w_python_operator.py
[2024-04-15T12:34:41.926+0200] {logging_mixin.py:188} INFO - [2024-04-15T12:34:41.925+0200] {dag.py:3033} INFO - Sync 1 DAGs
[2024-04-15T12:34:41.942+0200] {logging_mixin.py:188} INFO - [2024-04-15T12:34:41.942+0200] {dag.py:3820} INFO - Setting next_dagrun for execute_multiple_python_tasks to None, run_after=None
[2024-04-15T12:34:41.976+0200] {processor.py:183} INFO - Processing /home/mahmoud/airflow/dags/multi_tasks_w_python_operator.py took 0.101 seconds
[2024-04-15T12:35:12.626+0200] {processor.py:161} INFO - Started process (PID=5141) to work on /home/mahmoud/airflow/dags/multi_tasks_w_python_operator.py
[2024-04-15T12:35:12.628+0200] {processor.py:830} INFO - Processing file /home/mahmoud/airflow/dags/multi_tasks_w_python_operator.py for tasks to queue
[2024-04-15T12:35:12.629+0200] {logging_mixin.py:188} INFO - [2024-04-15T12:35:12.629+0200] {dagbag.py:538} INFO - Filling up the DagBag from /home/mahmoud/airflow/dags/multi_tasks_w_python_operator.py
[2024-04-15T12:35:12.642+0200] {processor.py:840} INFO - DAG(s) 'execute_multiple_python_tasks' retrieved from /home/mahmoud/airflow/dags/multi_tasks_w_python_operator.py
[2024-04-15T12:35:12.658+0200] {logging_mixin.py:188} INFO - [2024-04-15T12:35:12.658+0200] {dag.py:3033} INFO - Sync 1 DAGs
[2024-04-15T12:35:12.673+0200] {logging_mixin.py:188} INFO - [2024-04-15T12:35:12.673+0200] {dag.py:3820} INFO - Setting next_dagrun for execute_multiple_python_tasks to None, run_after=None
[2024-04-15T12:35:12.692+0200] {processor.py:183} INFO - Processing /home/mahmoud/airflow/dags/multi_tasks_w_python_operator.py took 0.070 seconds
[2024-04-15T12:35:43.256+0200] {processor.py:161} INFO - Started process (PID=5403) to work on /home/mahmoud/airflow/dags/multi_tasks_w_python_operator.py
[2024-04-15T12:35:43.267+0200] {processor.py:830} INFO - Processing file /home/mahmoud/airflow/dags/multi_tasks_w_python_operator.py for tasks to queue
[2024-04-15T12:35:43.268+0200] {logging_mixin.py:188} INFO - [2024-04-15T12:35:43.268+0200] {dagbag.py:538} INFO - Filling up the DagBag from /home/mahmoud/airflow/dags/multi_tasks_w_python_operator.py
[2024-04-15T12:35:43.279+0200] {processor.py:840} INFO - DAG(s) 'execute_multiple_python_tasks' retrieved from /home/mahmoud/airflow/dags/multi_tasks_w_python_operator.py
[2024-04-15T12:35:43.300+0200] {logging_mixin.py:188} INFO - [2024-04-15T12:35:43.299+0200] {dag.py:3033} INFO - Sync 1 DAGs
[2024-04-15T12:35:43.321+0200] {logging_mixin.py:188} INFO - [2024-04-15T12:35:43.320+0200] {dag.py:3820} INFO - Setting next_dagrun for execute_multiple_python_tasks to None, run_after=None
[2024-04-15T12:35:43.342+0200] {processor.py:183} INFO - Processing /home/mahmoud/airflow/dags/multi_tasks_w_python_operator.py took 0.091 seconds
[2024-04-15T12:36:13.844+0200] {processor.py:161} INFO - Started process (PID=5640) to work on /home/mahmoud/airflow/dags/multi_tasks_w_python_operator.py
[2024-04-15T12:36:13.846+0200] {processor.py:830} INFO - Processing file /home/mahmoud/airflow/dags/multi_tasks_w_python_operator.py for tasks to queue
[2024-04-15T12:36:13.847+0200] {logging_mixin.py:188} INFO - [2024-04-15T12:36:13.847+0200] {dagbag.py:538} INFO - Filling up the DagBag from /home/mahmoud/airflow/dags/multi_tasks_w_python_operator.py
[2024-04-15T12:36:13.859+0200] {processor.py:840} INFO - DAG(s) 'execute_multiple_python_tasks' retrieved from /home/mahmoud/airflow/dags/multi_tasks_w_python_operator.py
[2024-04-15T12:36:13.877+0200] {logging_mixin.py:188} INFO - [2024-04-15T12:36:13.877+0200] {dag.py:3033} INFO - Sync 1 DAGs
[2024-04-15T12:36:13.893+0200] {logging_mixin.py:188} INFO - [2024-04-15T12:36:13.893+0200] {dag.py:3820} INFO - Setting next_dagrun for execute_multiple_python_tasks to None, run_after=None
[2024-04-15T12:36:13.933+0200] {processor.py:183} INFO - Processing /home/mahmoud/airflow/dags/multi_tasks_w_python_operator.py took 0.094 seconds
[2024-04-15T12:36:44.452+0200] {processor.py:161} INFO - Started process (PID=5922) to work on /home/mahmoud/airflow/dags/multi_tasks_w_python_operator.py
[2024-04-15T12:36:44.454+0200] {processor.py:830} INFO - Processing file /home/mahmoud/airflow/dags/multi_tasks_w_python_operator.py for tasks to queue
[2024-04-15T12:36:44.455+0200] {logging_mixin.py:188} INFO - [2024-04-15T12:36:44.454+0200] {dagbag.py:538} INFO - Filling up the DagBag from /home/mahmoud/airflow/dags/multi_tasks_w_python_operator.py
[2024-04-15T12:36:44.464+0200] {processor.py:840} INFO - DAG(s) 'execute_multiple_python_tasks' retrieved from /home/mahmoud/airflow/dags/multi_tasks_w_python_operator.py
[2024-04-15T12:36:44.481+0200] {logging_mixin.py:188} INFO - [2024-04-15T12:36:44.481+0200] {dag.py:3033} INFO - Sync 1 DAGs
[2024-04-15T12:36:44.498+0200] {logging_mixin.py:188} INFO - [2024-04-15T12:36:44.498+0200] {dag.py:3820} INFO - Setting next_dagrun for execute_multiple_python_tasks to None, run_after=None
[2024-04-15T12:36:44.532+0200] {processor.py:183} INFO - Processing /home/mahmoud/airflow/dags/multi_tasks_w_python_operator.py took 0.085 seconds
[2024-04-15T12:37:15.040+0200] {processor.py:161} INFO - Started process (PID=6219) to work on /home/mahmoud/airflow/dags/multi_tasks_w_python_operator.py
[2024-04-15T12:37:15.042+0200] {processor.py:830} INFO - Processing file /home/mahmoud/airflow/dags/multi_tasks_w_python_operator.py for tasks to queue
[2024-04-15T12:37:15.043+0200] {logging_mixin.py:188} INFO - [2024-04-15T12:37:15.042+0200] {dagbag.py:538} INFO - Filling up the DagBag from /home/mahmoud/airflow/dags/multi_tasks_w_python_operator.py
[2024-04-15T12:37:15.057+0200] {processor.py:840} INFO - DAG(s) 'execute_multiple_python_tasks' retrieved from /home/mahmoud/airflow/dags/multi_tasks_w_python_operator.py
[2024-04-15T12:37:15.075+0200] {logging_mixin.py:188} INFO - [2024-04-15T12:37:15.075+0200] {dag.py:3033} INFO - Sync 1 DAGs
[2024-04-15T12:37:15.092+0200] {logging_mixin.py:188} INFO - [2024-04-15T12:37:15.092+0200] {dag.py:3820} INFO - Setting next_dagrun for execute_multiple_python_tasks to None, run_after=None
[2024-04-15T12:37:15.111+0200] {processor.py:183} INFO - Processing /home/mahmoud/airflow/dags/multi_tasks_w_python_operator.py took 0.077 seconds
[2024-04-15T12:37:45.650+0200] {processor.py:161} INFO - Started process (PID=6491) to work on /home/mahmoud/airflow/dags/multi_tasks_w_python_operator.py
[2024-04-15T12:37:45.653+0200] {processor.py:830} INFO - Processing file /home/mahmoud/airflow/dags/multi_tasks_w_python_operator.py for tasks to queue
[2024-04-15T12:37:45.654+0200] {logging_mixin.py:188} INFO - [2024-04-15T12:37:45.653+0200] {dagbag.py:538} INFO - Filling up the DagBag from /home/mahmoud/airflow/dags/multi_tasks_w_python_operator.py
[2024-04-15T12:37:45.664+0200] {processor.py:840} INFO - DAG(s) 'execute_multiple_python_tasks' retrieved from /home/mahmoud/airflow/dags/multi_tasks_w_python_operator.py
[2024-04-15T12:37:45.681+0200] {logging_mixin.py:188} INFO - [2024-04-15T12:37:45.681+0200] {dag.py:3033} INFO - Sync 1 DAGs
[2024-04-15T12:37:45.704+0200] {logging_mixin.py:188} INFO - [2024-04-15T12:37:45.704+0200] {dag.py:3820} INFO - Setting next_dagrun for execute_multiple_python_tasks to None, run_after=None
[2024-04-15T12:37:45.740+0200] {processor.py:183} INFO - Processing /home/mahmoud/airflow/dags/multi_tasks_w_python_operator.py took 0.092 seconds
[2024-04-15T12:38:16.305+0200] {processor.py:161} INFO - Started process (PID=6801) to work on /home/mahmoud/airflow/dags/multi_tasks_w_python_operator.py
[2024-04-15T12:38:16.306+0200] {processor.py:830} INFO - Processing file /home/mahmoud/airflow/dags/multi_tasks_w_python_operator.py for tasks to queue
[2024-04-15T12:38:16.307+0200] {logging_mixin.py:188} INFO - [2024-04-15T12:38:16.307+0200] {dagbag.py:538} INFO - Filling up the DagBag from /home/mahmoud/airflow/dags/multi_tasks_w_python_operator.py
[2024-04-15T12:38:16.321+0200] {processor.py:840} INFO - DAG(s) 'execute_multiple_python_tasks' retrieved from /home/mahmoud/airflow/dags/multi_tasks_w_python_operator.py
[2024-04-15T12:38:16.340+0200] {logging_mixin.py:188} INFO - [2024-04-15T12:38:16.340+0200] {dag.py:3033} INFO - Sync 1 DAGs
[2024-04-15T12:38:16.359+0200] {logging_mixin.py:188} INFO - [2024-04-15T12:38:16.359+0200] {dag.py:3820} INFO - Setting next_dagrun for execute_multiple_python_tasks to None, run_after=None
[2024-04-15T12:38:16.393+0200] {processor.py:183} INFO - Processing /home/mahmoud/airflow/dags/multi_tasks_w_python_operator.py took 0.094 seconds
[2024-04-15T12:38:46.912+0200] {processor.py:161} INFO - Started process (PID=7089) to work on /home/mahmoud/airflow/dags/multi_tasks_w_python_operator.py
[2024-04-15T12:38:46.925+0200] {processor.py:830} INFO - Processing file /home/mahmoud/airflow/dags/multi_tasks_w_python_operator.py for tasks to queue
[2024-04-15T12:38:46.926+0200] {logging_mixin.py:188} INFO - [2024-04-15T12:38:46.926+0200] {dagbag.py:538} INFO - Filling up the DagBag from /home/mahmoud/airflow/dags/multi_tasks_w_python_operator.py
[2024-04-15T12:38:46.939+0200] {processor.py:840} INFO - DAG(s) 'execute_multiple_python_tasks' retrieved from /home/mahmoud/airflow/dags/multi_tasks_w_python_operator.py
[2024-04-15T12:38:46.959+0200] {logging_mixin.py:188} INFO - [2024-04-15T12:38:46.959+0200] {dag.py:3033} INFO - Sync 1 DAGs
[2024-04-15T12:38:46.979+0200] {logging_mixin.py:188} INFO - [2024-04-15T12:38:46.978+0200] {dag.py:3820} INFO - Setting next_dagrun for execute_multiple_python_tasks to None, run_after=None
[2024-04-15T12:38:47.013+0200] {processor.py:183} INFO - Processing /home/mahmoud/airflow/dags/multi_tasks_w_python_operator.py took 0.104 seconds
[2024-04-15T12:39:17.554+0200] {processor.py:161} INFO - Started process (PID=7422) to work on /home/mahmoud/airflow/dags/multi_tasks_w_python_operator.py
[2024-04-15T12:39:17.555+0200] {processor.py:830} INFO - Processing file /home/mahmoud/airflow/dags/multi_tasks_w_python_operator.py for tasks to queue
[2024-04-15T12:39:17.557+0200] {logging_mixin.py:188} INFO - [2024-04-15T12:39:17.556+0200] {dagbag.py:538} INFO - Filling up the DagBag from /home/mahmoud/airflow/dags/multi_tasks_w_python_operator.py
[2024-04-15T12:39:17.575+0200] {processor.py:840} INFO - DAG(s) 'execute_multiple_python_tasks' retrieved from /home/mahmoud/airflow/dags/multi_tasks_w_python_operator.py
[2024-04-15T12:39:17.594+0200] {logging_mixin.py:188} INFO - [2024-04-15T12:39:17.594+0200] {dag.py:3033} INFO - Sync 1 DAGs
[2024-04-15T12:39:17.611+0200] {logging_mixin.py:188} INFO - [2024-04-15T12:39:17.611+0200] {dag.py:3820} INFO - Setting next_dagrun for execute_multiple_python_tasks to None, run_after=None
[2024-04-15T12:39:17.645+0200] {processor.py:183} INFO - Processing /home/mahmoud/airflow/dags/multi_tasks_w_python_operator.py took 0.099 seconds
[2024-04-15T12:39:48.161+0200] {processor.py:161} INFO - Started process (PID=7754) to work on /home/mahmoud/airflow/dags/multi_tasks_w_python_operator.py
[2024-04-15T12:39:48.173+0200] {processor.py:830} INFO - Processing file /home/mahmoud/airflow/dags/multi_tasks_w_python_operator.py for tasks to queue
[2024-04-15T12:39:48.174+0200] {logging_mixin.py:188} INFO - [2024-04-15T12:39:48.174+0200] {dagbag.py:538} INFO - Filling up the DagBag from /home/mahmoud/airflow/dags/multi_tasks_w_python_operator.py
[2024-04-15T12:39:48.183+0200] {processor.py:840} INFO - DAG(s) 'execute_multiple_python_tasks' retrieved from /home/mahmoud/airflow/dags/multi_tasks_w_python_operator.py
[2024-04-15T12:39:48.199+0200] {logging_mixin.py:188} INFO - [2024-04-15T12:39:48.199+0200] {dag.py:3033} INFO - Sync 1 DAGs
[2024-04-15T12:39:48.215+0200] {logging_mixin.py:188} INFO - [2024-04-15T12:39:48.214+0200] {dag.py:3820} INFO - Setting next_dagrun for execute_multiple_python_tasks to None, run_after=None
[2024-04-15T12:39:48.232+0200] {processor.py:183} INFO - Processing /home/mahmoud/airflow/dags/multi_tasks_w_python_operator.py took 0.074 seconds
[2024-04-15T12:40:18.799+0200] {processor.py:161} INFO - Started process (PID=8096) to work on /home/mahmoud/airflow/dags/multi_tasks_w_python_operator.py
[2024-04-15T12:40:18.800+0200] {processor.py:830} INFO - Processing file /home/mahmoud/airflow/dags/multi_tasks_w_python_operator.py for tasks to queue
[2024-04-15T12:40:18.801+0200] {logging_mixin.py:188} INFO - [2024-04-15T12:40:18.801+0200] {dagbag.py:538} INFO - Filling up the DagBag from /home/mahmoud/airflow/dags/multi_tasks_w_python_operator.py
[2024-04-15T12:40:18.813+0200] {processor.py:840} INFO - DAG(s) 'execute_multiple_python_tasks' retrieved from /home/mahmoud/airflow/dags/multi_tasks_w_python_operator.py
[2024-04-15T12:40:18.830+0200] {logging_mixin.py:188} INFO - [2024-04-15T12:40:18.830+0200] {dag.py:3033} INFO - Sync 1 DAGs
[2024-04-15T12:40:18.847+0200] {logging_mixin.py:188} INFO - [2024-04-15T12:40:18.847+0200] {dag.py:3820} INFO - Setting next_dagrun for execute_multiple_python_tasks to None, run_after=None
[2024-04-15T12:40:18.882+0200] {processor.py:183} INFO - Processing /home/mahmoud/airflow/dags/multi_tasks_w_python_operator.py took 0.088 seconds
[2024-04-15T12:40:49.374+0200] {processor.py:161} INFO - Started process (PID=8497) to work on /home/mahmoud/airflow/dags/multi_tasks_w_python_operator.py
[2024-04-15T12:40:49.376+0200] {processor.py:830} INFO - Processing file /home/mahmoud/airflow/dags/multi_tasks_w_python_operator.py for tasks to queue
[2024-04-15T12:40:49.376+0200] {logging_mixin.py:188} INFO - [2024-04-15T12:40:49.376+0200] {dagbag.py:538} INFO - Filling up the DagBag from /home/mahmoud/airflow/dags/multi_tasks_w_python_operator.py
[2024-04-15T12:40:49.386+0200] {processor.py:840} INFO - DAG(s) 'execute_multiple_python_tasks' retrieved from /home/mahmoud/airflow/dags/multi_tasks_w_python_operator.py
[2024-04-15T12:40:49.405+0200] {logging_mixin.py:188} INFO - [2024-04-15T12:40:49.404+0200] {dag.py:3033} INFO - Sync 1 DAGs
[2024-04-15T12:40:49.422+0200] {logging_mixin.py:188} INFO - [2024-04-15T12:40:49.422+0200] {dag.py:3820} INFO - Setting next_dagrun for execute_multiple_python_tasks to None, run_after=None
[2024-04-15T12:40:49.449+0200] {processor.py:183} INFO - Processing /home/mahmoud/airflow/dags/multi_tasks_w_python_operator.py took 0.079 seconds
[2024-04-15T12:41:19.994+0200] {processor.py:161} INFO - Started process (PID=8789) to work on /home/mahmoud/airflow/dags/multi_tasks_w_python_operator.py
[2024-04-15T12:41:19.996+0200] {processor.py:830} INFO - Processing file /home/mahmoud/airflow/dags/multi_tasks_w_python_operator.py for tasks to queue
[2024-04-15T12:41:19.997+0200] {logging_mixin.py:188} INFO - [2024-04-15T12:41:19.996+0200] {dagbag.py:538} INFO - Filling up the DagBag from /home/mahmoud/airflow/dags/multi_tasks_w_python_operator.py
[2024-04-15T12:41:20.006+0200] {processor.py:840} INFO - DAG(s) 'execute_multiple_python_tasks' retrieved from /home/mahmoud/airflow/dags/multi_tasks_w_python_operator.py
[2024-04-15T12:41:20.022+0200] {logging_mixin.py:188} INFO - [2024-04-15T12:41:20.022+0200] {dag.py:3033} INFO - Sync 1 DAGs
[2024-04-15T12:41:20.041+0200] {logging_mixin.py:188} INFO - [2024-04-15T12:41:20.041+0200] {dag.py:3820} INFO - Setting next_dagrun for execute_multiple_python_tasks to None, run_after=None
[2024-04-15T12:41:20.072+0200] {processor.py:183} INFO - Processing /home/mahmoud/airflow/dags/multi_tasks_w_python_operator.py took 0.081 seconds
[2024-04-15T12:41:50.525+0200] {processor.py:161} INFO - Started process (PID=9025) to work on /home/mahmoud/airflow/dags/multi_tasks_w_python_operator.py
[2024-04-15T12:41:50.528+0200] {processor.py:830} INFO - Processing file /home/mahmoud/airflow/dags/multi_tasks_w_python_operator.py for tasks to queue
[2024-04-15T12:41:50.530+0200] {logging_mixin.py:188} INFO - [2024-04-15T12:41:50.529+0200] {dagbag.py:538} INFO - Filling up the DagBag from /home/mahmoud/airflow/dags/multi_tasks_w_python_operator.py
[2024-04-15T12:41:50.541+0200] {processor.py:840} INFO - DAG(s) 'execute_multiple_python_tasks' retrieved from /home/mahmoud/airflow/dags/multi_tasks_w_python_operator.py
[2024-04-15T12:41:50.557+0200] {logging_mixin.py:188} INFO - [2024-04-15T12:41:50.557+0200] {dag.py:3033} INFO - Sync 1 DAGs
[2024-04-15T12:41:50.575+0200] {logging_mixin.py:188} INFO - [2024-04-15T12:41:50.575+0200] {dag.py:3820} INFO - Setting next_dagrun for execute_multiple_python_tasks to None, run_after=None
[2024-04-15T12:41:50.614+0200] {processor.py:183} INFO - Processing /home/mahmoud/airflow/dags/multi_tasks_w_python_operator.py took 0.096 seconds
[2024-04-15T12:42:21.274+0200] {processor.py:161} INFO - Started process (PID=9260) to work on /home/mahmoud/airflow/dags/multi_tasks_w_python_operator.py
[2024-04-15T12:42:21.287+0200] {processor.py:830} INFO - Processing file /home/mahmoud/airflow/dags/multi_tasks_w_python_operator.py for tasks to queue
[2024-04-15T12:42:21.289+0200] {logging_mixin.py:188} INFO - [2024-04-15T12:42:21.288+0200] {dagbag.py:538} INFO - Filling up the DagBag from /home/mahmoud/airflow/dags/multi_tasks_w_python_operator.py
[2024-04-15T12:42:21.304+0200] {processor.py:840} INFO - DAG(s) 'execute_multiple_python_tasks' retrieved from /home/mahmoud/airflow/dags/multi_tasks_w_python_operator.py
[2024-04-15T12:42:21.322+0200] {logging_mixin.py:188} INFO - [2024-04-15T12:42:21.322+0200] {dag.py:3033} INFO - Sync 1 DAGs
[2024-04-15T12:42:21.339+0200] {logging_mixin.py:188} INFO - [2024-04-15T12:42:21.339+0200] {dag.py:3820} INFO - Setting next_dagrun for execute_multiple_python_tasks to None, run_after=None
[2024-04-15T12:42:21.373+0200] {processor.py:183} INFO - Processing /home/mahmoud/airflow/dags/multi_tasks_w_python_operator.py took 0.109 seconds
[2024-04-15T12:42:51.837+0200] {processor.py:161} INFO - Started process (PID=9498) to work on /home/mahmoud/airflow/dags/multi_tasks_w_python_operator.py
[2024-04-15T12:42:51.849+0200] {processor.py:830} INFO - Processing file /home/mahmoud/airflow/dags/multi_tasks_w_python_operator.py for tasks to queue
[2024-04-15T12:42:51.851+0200] {logging_mixin.py:188} INFO - [2024-04-15T12:42:51.850+0200] {dagbag.py:538} INFO - Filling up the DagBag from /home/mahmoud/airflow/dags/multi_tasks_w_python_operator.py
[2024-04-15T12:42:51.864+0200] {processor.py:840} INFO - DAG(s) 'execute_multiple_python_tasks' retrieved from /home/mahmoud/airflow/dags/multi_tasks_w_python_operator.py
[2024-04-15T12:42:51.888+0200] {logging_mixin.py:188} INFO - [2024-04-15T12:42:51.888+0200] {dag.py:3033} INFO - Sync 1 DAGs
[2024-04-15T12:42:51.913+0200] {logging_mixin.py:188} INFO - [2024-04-15T12:42:51.913+0200] {dag.py:3820} INFO - Setting next_dagrun for execute_multiple_python_tasks to None, run_after=None
[2024-04-15T12:42:51.942+0200] {processor.py:183} INFO - Processing /home/mahmoud/airflow/dags/multi_tasks_w_python_operator.py took 0.110 seconds
[2024-04-15T12:43:22.458+0200] {processor.py:161} INFO - Started process (PID=9790) to work on /home/mahmoud/airflow/dags/multi_tasks_w_python_operator.py
[2024-04-15T12:43:22.461+0200] {processor.py:830} INFO - Processing file /home/mahmoud/airflow/dags/multi_tasks_w_python_operator.py for tasks to queue
[2024-04-15T12:43:22.463+0200] {logging_mixin.py:188} INFO - [2024-04-15T12:43:22.462+0200] {dagbag.py:538} INFO - Filling up the DagBag from /home/mahmoud/airflow/dags/multi_tasks_w_python_operator.py
[2024-04-15T12:43:22.478+0200] {processor.py:840} INFO - DAG(s) 'execute_multiple_python_tasks' retrieved from /home/mahmoud/airflow/dags/multi_tasks_w_python_operator.py
[2024-04-15T12:43:22.497+0200] {logging_mixin.py:188} INFO - [2024-04-15T12:43:22.497+0200] {dag.py:3033} INFO - Sync 1 DAGs
[2024-04-15T12:43:22.514+0200] {logging_mixin.py:188} INFO - [2024-04-15T12:43:22.514+0200] {dag.py:3820} INFO - Setting next_dagrun for execute_multiple_python_tasks to None, run_after=None
[2024-04-15T12:43:22.545+0200] {processor.py:183} INFO - Processing /home/mahmoud/airflow/dags/multi_tasks_w_python_operator.py took 0.094 seconds
[2024-04-15T12:43:52.921+0200] {processor.py:161} INFO - Started process (PID=10026) to work on /home/mahmoud/airflow/dags/multi_tasks_w_python_operator.py
[2024-04-15T12:43:52.924+0200] {processor.py:830} INFO - Processing file /home/mahmoud/airflow/dags/multi_tasks_w_python_operator.py for tasks to queue
[2024-04-15T12:43:52.925+0200] {logging_mixin.py:188} INFO - [2024-04-15T12:43:52.925+0200] {dagbag.py:538} INFO - Filling up the DagBag from /home/mahmoud/airflow/dags/multi_tasks_w_python_operator.py
[2024-04-15T12:43:52.936+0200] {processor.py:840} INFO - DAG(s) 'execute_multiple_python_tasks' retrieved from /home/mahmoud/airflow/dags/multi_tasks_w_python_operator.py
[2024-04-15T12:43:52.954+0200] {logging_mixin.py:188} INFO - [2024-04-15T12:43:52.954+0200] {dag.py:3033} INFO - Sync 1 DAGs
[2024-04-15T12:43:52.972+0200] {logging_mixin.py:188} INFO - [2024-04-15T12:43:52.971+0200] {dag.py:3820} INFO - Setting next_dagrun for execute_multiple_python_tasks to None, run_after=None
[2024-04-15T12:43:53.012+0200] {processor.py:183} INFO - Processing /home/mahmoud/airflow/dags/multi_tasks_w_python_operator.py took 0.097 seconds
[2024-04-15T12:44:23.610+0200] {processor.py:161} INFO - Started process (PID=10262) to work on /home/mahmoud/airflow/dags/multi_tasks_w_python_operator.py
[2024-04-15T12:44:23.622+0200] {processor.py:830} INFO - Processing file /home/mahmoud/airflow/dags/multi_tasks_w_python_operator.py for tasks to queue
[2024-04-15T12:44:23.623+0200] {logging_mixin.py:188} INFO - [2024-04-15T12:44:23.623+0200] {dagbag.py:538} INFO - Filling up the DagBag from /home/mahmoud/airflow/dags/multi_tasks_w_python_operator.py
[2024-04-15T12:44:23.634+0200] {processor.py:840} INFO - DAG(s) 'execute_multiple_python_tasks' retrieved from /home/mahmoud/airflow/dags/multi_tasks_w_python_operator.py
[2024-04-15T12:44:23.652+0200] {logging_mixin.py:188} INFO - [2024-04-15T12:44:23.652+0200] {dag.py:3033} INFO - Sync 1 DAGs
[2024-04-15T12:44:23.670+0200] {logging_mixin.py:188} INFO - [2024-04-15T12:44:23.670+0200] {dag.py:3820} INFO - Setting next_dagrun for execute_multiple_python_tasks to None, run_after=None
[2024-04-15T12:44:23.710+0200] {processor.py:183} INFO - Processing /home/mahmoud/airflow/dags/multi_tasks_w_python_operator.py took 0.104 seconds
[2024-04-15T12:44:54.164+0200] {processor.py:161} INFO - Started process (PID=10498) to work on /home/mahmoud/airflow/dags/multi_tasks_w_python_operator.py
[2024-04-15T12:44:54.165+0200] {processor.py:830} INFO - Processing file /home/mahmoud/airflow/dags/multi_tasks_w_python_operator.py for tasks to queue
[2024-04-15T12:44:54.166+0200] {logging_mixin.py:188} INFO - [2024-04-15T12:44:54.166+0200] {dagbag.py:538} INFO - Filling up the DagBag from /home/mahmoud/airflow/dags/multi_tasks_w_python_operator.py
[2024-04-15T12:44:54.176+0200] {processor.py:840} INFO - DAG(s) 'execute_multiple_python_tasks' retrieved from /home/mahmoud/airflow/dags/multi_tasks_w_python_operator.py
[2024-04-15T12:44:54.193+0200] {logging_mixin.py:188} INFO - [2024-04-15T12:44:54.193+0200] {dag.py:3033} INFO - Sync 1 DAGs
[2024-04-15T12:44:54.212+0200] {logging_mixin.py:188} INFO - [2024-04-15T12:44:54.212+0200] {dag.py:3820} INFO - Setting next_dagrun for execute_multiple_python_tasks to None, run_after=None
[2024-04-15T12:44:54.233+0200] {processor.py:183} INFO - Processing /home/mahmoud/airflow/dags/multi_tasks_w_python_operator.py took 0.071 seconds
[2024-04-15T12:45:24.421+0200] {processor.py:161} INFO - Started process (PID=10730) to work on /home/mahmoud/airflow/dags/multi_tasks_w_python_operator.py
[2024-04-15T12:45:24.422+0200] {processor.py:830} INFO - Processing file /home/mahmoud/airflow/dags/multi_tasks_w_python_operator.py for tasks to queue
[2024-04-15T12:45:24.423+0200] {logging_mixin.py:188} INFO - [2024-04-15T12:45:24.422+0200] {dagbag.py:538} INFO - Filling up the DagBag from /home/mahmoud/airflow/dags/multi_tasks_w_python_operator.py
[2024-04-15T12:45:24.435+0200] {processor.py:840} INFO - DAG(s) 'execute_multiple_python_tasks' retrieved from /home/mahmoud/airflow/dags/multi_tasks_w_python_operator.py
[2024-04-15T12:45:24.453+0200] {logging_mixin.py:188} INFO - [2024-04-15T12:45:24.453+0200] {dag.py:3033} INFO - Sync 1 DAGs
[2024-04-15T12:45:24.470+0200] {logging_mixin.py:188} INFO - [2024-04-15T12:45:24.470+0200] {dag.py:3820} INFO - Setting next_dagrun for execute_multiple_python_tasks to None, run_after=None
[2024-04-15T12:45:24.502+0200] {processor.py:183} INFO - Processing /home/mahmoud/airflow/dags/multi_tasks_w_python_operator.py took 0.087 seconds
[2024-04-15T12:45:55.494+0200] {processor.py:161} INFO - Started process (PID=10995) to work on /home/mahmoud/airflow/dags/multi_tasks_w_python_operator.py
[2024-04-15T12:45:55.505+0200] {processor.py:830} INFO - Processing file /home/mahmoud/airflow/dags/multi_tasks_w_python_operator.py for tasks to queue
[2024-04-15T12:45:55.506+0200] {logging_mixin.py:188} INFO - [2024-04-15T12:45:55.506+0200] {dagbag.py:538} INFO - Filling up the DagBag from /home/mahmoud/airflow/dags/multi_tasks_w_python_operator.py
[2024-04-15T12:45:55.518+0200] {processor.py:840} INFO - DAG(s) 'execute_multiple_python_tasks' retrieved from /home/mahmoud/airflow/dags/multi_tasks_w_python_operator.py
[2024-04-15T12:45:55.535+0200] {logging_mixin.py:188} INFO - [2024-04-15T12:45:55.534+0200] {dag.py:3033} INFO - Sync 1 DAGs
[2024-04-15T12:45:55.551+0200] {logging_mixin.py:188} INFO - [2024-04-15T12:45:55.551+0200] {dag.py:3820} INFO - Setting next_dagrun for execute_multiple_python_tasks to None, run_after=None
[2024-04-15T12:45:55.593+0200] {processor.py:183} INFO - Processing /home/mahmoud/airflow/dags/multi_tasks_w_python_operator.py took 0.102 seconds
[2024-04-15T12:46:25.826+0200] {processor.py:161} INFO - Started process (PID=11229) to work on /home/mahmoud/airflow/dags/multi_tasks_w_python_operator.py
[2024-04-15T12:46:25.827+0200] {processor.py:830} INFO - Processing file /home/mahmoud/airflow/dags/multi_tasks_w_python_operator.py for tasks to queue
[2024-04-15T12:46:25.829+0200] {logging_mixin.py:188} INFO - [2024-04-15T12:46:25.828+0200] {dagbag.py:538} INFO - Filling up the DagBag from /home/mahmoud/airflow/dags/multi_tasks_w_python_operator.py
[2024-04-15T12:46:25.844+0200] {processor.py:840} INFO - DAG(s) 'execute_multiple_python_tasks' retrieved from /home/mahmoud/airflow/dags/multi_tasks_w_python_operator.py
[2024-04-15T12:46:25.864+0200] {logging_mixin.py:188} INFO - [2024-04-15T12:46:25.864+0200] {dag.py:3033} INFO - Sync 1 DAGs
[2024-04-15T12:46:25.880+0200] {logging_mixin.py:188} INFO - [2024-04-15T12:46:25.880+0200] {dag.py:3820} INFO - Setting next_dagrun for execute_multiple_python_tasks to None, run_after=None
[2024-04-15T12:46:25.915+0200] {processor.py:183} INFO - Processing /home/mahmoud/airflow/dags/multi_tasks_w_python_operator.py took 0.096 seconds
[2024-04-15T12:46:57.714+0200] {processor.py:161} INFO - Started process (PID=11470) to work on /home/mahmoud/airflow/dags/multi_tasks_w_python_operator.py
[2024-04-15T12:46:57.734+0200] {processor.py:830} INFO - Processing file /home/mahmoud/airflow/dags/multi_tasks_w_python_operator.py for tasks to queue
[2024-04-15T12:46:57.736+0200] {logging_mixin.py:188} INFO - [2024-04-15T12:46:57.736+0200] {dagbag.py:538} INFO - Filling up the DagBag from /home/mahmoud/airflow/dags/multi_tasks_w_python_operator.py
[2024-04-15T12:46:57.755+0200] {processor.py:840} INFO - DAG(s) 'execute_multiple_python_tasks' retrieved from /home/mahmoud/airflow/dags/multi_tasks_w_python_operator.py
[2024-04-15T12:46:57.777+0200] {logging_mixin.py:188} INFO - [2024-04-15T12:46:57.776+0200] {dag.py:3033} INFO - Sync 1 DAGs
[2024-04-15T12:46:57.795+0200] {logging_mixin.py:188} INFO - [2024-04-15T12:46:57.795+0200] {dag.py:3820} INFO - Setting next_dagrun for execute_multiple_python_tasks to None, run_after=None
[2024-04-15T12:46:57.819+0200] {processor.py:183} INFO - Processing /home/mahmoud/airflow/dags/multi_tasks_w_python_operator.py took 0.116 seconds
[2024-04-15T12:47:28.315+0200] {processor.py:161} INFO - Started process (PID=11706) to work on /home/mahmoud/airflow/dags/multi_tasks_w_python_operator.py
[2024-04-15T12:47:28.316+0200] {processor.py:830} INFO - Processing file /home/mahmoud/airflow/dags/multi_tasks_w_python_operator.py for tasks to queue
[2024-04-15T12:47:28.317+0200] {logging_mixin.py:188} INFO - [2024-04-15T12:47:28.317+0200] {dagbag.py:538} INFO - Filling up the DagBag from /home/mahmoud/airflow/dags/multi_tasks_w_python_operator.py
[2024-04-15T12:47:28.329+0200] {processor.py:840} INFO - DAG(s) 'execute_multiple_python_tasks' retrieved from /home/mahmoud/airflow/dags/multi_tasks_w_python_operator.py
[2024-04-15T12:47:28.349+0200] {logging_mixin.py:188} INFO - [2024-04-15T12:47:28.349+0200] {dag.py:3033} INFO - Sync 1 DAGs
[2024-04-15T12:47:28.369+0200] {logging_mixin.py:188} INFO - [2024-04-15T12:47:28.369+0200] {dag.py:3820} INFO - Setting next_dagrun for execute_multiple_python_tasks to None, run_after=None
[2024-04-15T12:47:28.407+0200] {processor.py:183} INFO - Processing /home/mahmoud/airflow/dags/multi_tasks_w_python_operator.py took 0.097 seconds
[2024-04-15T12:47:58.948+0200] {processor.py:161} INFO - Started process (PID=11942) to work on /home/mahmoud/airflow/dags/multi_tasks_w_python_operator.py
[2024-04-15T12:47:58.950+0200] {processor.py:830} INFO - Processing file /home/mahmoud/airflow/dags/multi_tasks_w_python_operator.py for tasks to queue
[2024-04-15T12:47:58.951+0200] {logging_mixin.py:188} INFO - [2024-04-15T12:47:58.951+0200] {dagbag.py:538} INFO - Filling up the DagBag from /home/mahmoud/airflow/dags/multi_tasks_w_python_operator.py
[2024-04-15T12:47:58.961+0200] {processor.py:840} INFO - DAG(s) 'execute_multiple_python_tasks' retrieved from /home/mahmoud/airflow/dags/multi_tasks_w_python_operator.py
[2024-04-15T12:47:58.976+0200] {logging_mixin.py:188} INFO - [2024-04-15T12:47:58.976+0200] {dag.py:3033} INFO - Sync 1 DAGs
[2024-04-15T12:47:58.993+0200] {logging_mixin.py:188} INFO - [2024-04-15T12:47:58.993+0200] {dag.py:3820} INFO - Setting next_dagrun for execute_multiple_python_tasks to None, run_after=None
[2024-04-15T12:47:59.054+0200] {processor.py:183} INFO - Processing /home/mahmoud/airflow/dags/multi_tasks_w_python_operator.py took 0.109 seconds
[2024-04-15T12:48:30.768+0200] {processor.py:161} INFO - Started process (PID=12181) to work on /home/mahmoud/airflow/dags/multi_tasks_w_python_operator.py
[2024-04-15T12:48:30.771+0200] {processor.py:830} INFO - Processing file /home/mahmoud/airflow/dags/multi_tasks_w_python_operator.py for tasks to queue
[2024-04-15T12:48:30.773+0200] {logging_mixin.py:188} INFO - [2024-04-15T12:48:30.772+0200] {dagbag.py:538} INFO - Filling up the DagBag from /home/mahmoud/airflow/dags/multi_tasks_w_python_operator.py
[2024-04-15T12:48:30.788+0200] {processor.py:840} INFO - DAG(s) 'execute_multiple_python_tasks' retrieved from /home/mahmoud/airflow/dags/multi_tasks_w_python_operator.py
[2024-04-15T12:48:30.808+0200] {logging_mixin.py:188} INFO - [2024-04-15T12:48:30.808+0200] {dag.py:3033} INFO - Sync 1 DAGs
[2024-04-15T12:48:30.825+0200] {logging_mixin.py:188} INFO - [2024-04-15T12:48:30.825+0200] {dag.py:3820} INFO - Setting next_dagrun for execute_multiple_python_tasks to None, run_after=None
[2024-04-15T12:48:30.859+0200] {processor.py:183} INFO - Processing /home/mahmoud/airflow/dags/multi_tasks_w_python_operator.py took 0.099 seconds
[2024-04-15T12:49:01.405+0200] {processor.py:161} INFO - Started process (PID=12417) to work on /home/mahmoud/airflow/dags/multi_tasks_w_python_operator.py
[2024-04-15T12:49:01.417+0200] {processor.py:830} INFO - Processing file /home/mahmoud/airflow/dags/multi_tasks_w_python_operator.py for tasks to queue
[2024-04-15T12:49:01.418+0200] {logging_mixin.py:188} INFO - [2024-04-15T12:49:01.418+0200] {dagbag.py:538} INFO - Filling up the DagBag from /home/mahmoud/airflow/dags/multi_tasks_w_python_operator.py
[2024-04-15T12:49:01.429+0200] {processor.py:840} INFO - DAG(s) 'execute_multiple_python_tasks' retrieved from /home/mahmoud/airflow/dags/multi_tasks_w_python_operator.py
[2024-04-15T12:49:01.447+0200] {logging_mixin.py:188} INFO - [2024-04-15T12:49:01.446+0200] {dag.py:3033} INFO - Sync 1 DAGs
[2024-04-15T12:49:01.464+0200] {logging_mixin.py:188} INFO - [2024-04-15T12:49:01.464+0200] {dag.py:3820} INFO - Setting next_dagrun for execute_multiple_python_tasks to None, run_after=None
[2024-04-15T12:49:01.506+0200] {processor.py:183} INFO - Processing /home/mahmoud/airflow/dags/multi_tasks_w_python_operator.py took 0.106 seconds
[2024-04-15T12:49:32.118+0200] {processor.py:161} INFO - Started process (PID=12652) to work on /home/mahmoud/airflow/dags/multi_tasks_w_python_operator.py
[2024-04-15T12:49:32.120+0200] {processor.py:830} INFO - Processing file /home/mahmoud/airflow/dags/multi_tasks_w_python_operator.py for tasks to queue
[2024-04-15T12:49:32.120+0200] {logging_mixin.py:188} INFO - [2024-04-15T12:49:32.120+0200] {dagbag.py:538} INFO - Filling up the DagBag from /home/mahmoud/airflow/dags/multi_tasks_w_python_operator.py
[2024-04-15T12:49:32.130+0200] {processor.py:840} INFO - DAG(s) 'execute_multiple_python_tasks' retrieved from /home/mahmoud/airflow/dags/multi_tasks_w_python_operator.py
[2024-04-15T12:49:32.146+0200] {logging_mixin.py:188} INFO - [2024-04-15T12:49:32.146+0200] {dag.py:3033} INFO - Sync 1 DAGs
[2024-04-15T12:49:32.165+0200] {logging_mixin.py:188} INFO - [2024-04-15T12:49:32.165+0200] {dag.py:3820} INFO - Setting next_dagrun for execute_multiple_python_tasks to None, run_after=None
[2024-04-15T12:49:32.186+0200] {processor.py:183} INFO - Processing /home/mahmoud/airflow/dags/multi_tasks_w_python_operator.py took 0.072 seconds
[2024-04-15T12:50:04.196+0200] {processor.py:161} INFO - Started process (PID=12896) to work on /home/mahmoud/airflow/dags/multi_tasks_w_python_operator.py
[2024-04-15T12:50:04.199+0200] {processor.py:830} INFO - Processing file /home/mahmoud/airflow/dags/multi_tasks_w_python_operator.py for tasks to queue
[2024-04-15T12:50:04.200+0200] {logging_mixin.py:188} INFO - [2024-04-15T12:50:04.200+0200] {dagbag.py:538} INFO - Filling up the DagBag from /home/mahmoud/airflow/dags/multi_tasks_w_python_operator.py
[2024-04-15T12:50:04.212+0200] {processor.py:840} INFO - DAG(s) 'execute_multiple_python_tasks' retrieved from /home/mahmoud/airflow/dags/multi_tasks_w_python_operator.py
[2024-04-15T12:50:04.230+0200] {logging_mixin.py:188} INFO - [2024-04-15T12:50:04.230+0200] {dag.py:3033} INFO - Sync 1 DAGs
[2024-04-15T12:50:04.248+0200] {logging_mixin.py:188} INFO - [2024-04-15T12:50:04.248+0200] {dag.py:3820} INFO - Setting next_dagrun for execute_multiple_python_tasks to None, run_after=None
[2024-04-15T12:50:04.287+0200] {processor.py:183} INFO - Processing /home/mahmoud/airflow/dags/multi_tasks_w_python_operator.py took 0.095 seconds
[2024-04-15T12:50:35.202+0200] {processor.py:161} INFO - Started process (PID=13161) to work on /home/mahmoud/airflow/dags/multi_tasks_w_python_operator.py
[2024-04-15T12:50:35.203+0200] {processor.py:830} INFO - Processing file /home/mahmoud/airflow/dags/multi_tasks_w_python_operator.py for tasks to queue
[2024-04-15T12:50:35.205+0200] {logging_mixin.py:188} INFO - [2024-04-15T12:50:35.204+0200] {dagbag.py:538} INFO - Filling up the DagBag from /home/mahmoud/airflow/dags/multi_tasks_w_python_operator.py
[2024-04-15T12:50:35.219+0200] {processor.py:840} INFO - DAG(s) 'execute_multiple_python_tasks' retrieved from /home/mahmoud/airflow/dags/multi_tasks_w_python_operator.py
[2024-04-15T12:50:35.237+0200] {logging_mixin.py:188} INFO - [2024-04-15T12:50:35.237+0200] {dag.py:3033} INFO - Sync 1 DAGs
[2024-04-15T12:50:35.254+0200] {logging_mixin.py:188} INFO - [2024-04-15T12:50:35.254+0200] {dag.py:3820} INFO - Setting next_dagrun for execute_multiple_python_tasks to None, run_after=None
[2024-04-15T12:50:35.288+0200] {processor.py:183} INFO - Processing /home/mahmoud/airflow/dags/multi_tasks_w_python_operator.py took 0.092 seconds
[2024-04-15T12:51:06.097+0200] {processor.py:161} INFO - Started process (PID=13398) to work on /home/mahmoud/airflow/dags/multi_tasks_w_python_operator.py
[2024-04-15T12:51:06.100+0200] {processor.py:830} INFO - Processing file /home/mahmoud/airflow/dags/multi_tasks_w_python_operator.py for tasks to queue
[2024-04-15T12:51:06.101+0200] {logging_mixin.py:188} INFO - [2024-04-15T12:51:06.100+0200] {dagbag.py:538} INFO - Filling up the DagBag from /home/mahmoud/airflow/dags/multi_tasks_w_python_operator.py
[2024-04-15T12:51:06.114+0200] {processor.py:840} INFO - DAG(s) 'execute_multiple_python_tasks' retrieved from /home/mahmoud/airflow/dags/multi_tasks_w_python_operator.py
[2024-04-15T12:51:06.133+0200] {logging_mixin.py:188} INFO - [2024-04-15T12:51:06.133+0200] {dag.py:3033} INFO - Sync 1 DAGs
[2024-04-15T12:51:06.152+0200] {logging_mixin.py:188} INFO - [2024-04-15T12:51:06.151+0200] {dag.py:3820} INFO - Setting next_dagrun for execute_multiple_python_tasks to None, run_after=None
[2024-04-15T12:51:06.188+0200] {processor.py:183} INFO - Processing /home/mahmoud/airflow/dags/multi_tasks_w_python_operator.py took 0.096 seconds
[2024-04-15T12:51:36.842+0200] {processor.py:161} INFO - Started process (PID=13632) to work on /home/mahmoud/airflow/dags/multi_tasks_w_python_operator.py
[2024-04-15T12:51:36.843+0200] {processor.py:830} INFO - Processing file /home/mahmoud/airflow/dags/multi_tasks_w_python_operator.py for tasks to queue
[2024-04-15T12:51:36.845+0200] {logging_mixin.py:188} INFO - [2024-04-15T12:51:36.844+0200] {dagbag.py:538} INFO - Filling up the DagBag from /home/mahmoud/airflow/dags/multi_tasks_w_python_operator.py
[2024-04-15T12:51:36.859+0200] {processor.py:840} INFO - DAG(s) 'execute_multiple_python_tasks' retrieved from /home/mahmoud/airflow/dags/multi_tasks_w_python_operator.py
[2024-04-15T12:51:36.877+0200] {logging_mixin.py:188} INFO - [2024-04-15T12:51:36.877+0200] {dag.py:3033} INFO - Sync 1 DAGs
[2024-04-15T12:51:36.893+0200] {logging_mixin.py:188} INFO - [2024-04-15T12:51:36.893+0200] {dag.py:3820} INFO - Setting next_dagrun for execute_multiple_python_tasks to None, run_after=None
[2024-04-15T12:51:36.926+0200] {processor.py:183} INFO - Processing /home/mahmoud/airflow/dags/multi_tasks_w_python_operator.py took 0.093 seconds
[2024-04-15T12:52:07.818+0200] {processor.py:161} INFO - Started process (PID=13869) to work on /home/mahmoud/airflow/dags/multi_tasks_w_python_operator.py
[2024-04-15T12:52:07.821+0200] {processor.py:830} INFO - Processing file /home/mahmoud/airflow/dags/multi_tasks_w_python_operator.py for tasks to queue
[2024-04-15T12:52:07.823+0200] {logging_mixin.py:188} INFO - [2024-04-15T12:52:07.822+0200] {dagbag.py:538} INFO - Filling up the DagBag from /home/mahmoud/airflow/dags/multi_tasks_w_python_operator.py
[2024-04-15T12:52:07.839+0200] {processor.py:840} INFO - DAG(s) 'execute_multiple_python_tasks' retrieved from /home/mahmoud/airflow/dags/multi_tasks_w_python_operator.py
[2024-04-15T12:52:07.857+0200] {logging_mixin.py:188} INFO - [2024-04-15T12:52:07.857+0200] {dag.py:3033} INFO - Sync 1 DAGs
[2024-04-15T12:52:07.874+0200] {logging_mixin.py:188} INFO - [2024-04-15T12:52:07.874+0200] {dag.py:3820} INFO - Setting next_dagrun for execute_multiple_python_tasks to None, run_after=None
[2024-04-15T12:52:07.906+0200] {processor.py:183} INFO - Processing /home/mahmoud/airflow/dags/multi_tasks_w_python_operator.py took 0.097 seconds
[2024-04-15T12:52:38.528+0200] {processor.py:161} INFO - Started process (PID=14105) to work on /home/mahmoud/airflow/dags/multi_tasks_w_python_operator.py
[2024-04-15T12:52:38.529+0200] {processor.py:830} INFO - Processing file /home/mahmoud/airflow/dags/multi_tasks_w_python_operator.py for tasks to queue
[2024-04-15T12:52:38.530+0200] {logging_mixin.py:188} INFO - [2024-04-15T12:52:38.529+0200] {dagbag.py:538} INFO - Filling up the DagBag from /home/mahmoud/airflow/dags/multi_tasks_w_python_operator.py
[2024-04-15T12:52:38.541+0200] {processor.py:840} INFO - DAG(s) 'execute_multiple_python_tasks' retrieved from /home/mahmoud/airflow/dags/multi_tasks_w_python_operator.py
[2024-04-15T12:52:38.559+0200] {logging_mixin.py:188} INFO - [2024-04-15T12:52:38.559+0200] {dag.py:3033} INFO - Sync 1 DAGs
[2024-04-15T12:52:38.578+0200] {logging_mixin.py:188} INFO - [2024-04-15T12:52:38.578+0200] {dag.py:3820} INFO - Setting next_dagrun for execute_multiple_python_tasks to None, run_after=None
[2024-04-15T12:52:38.619+0200] {processor.py:183} INFO - Processing /home/mahmoud/airflow/dags/multi_tasks_w_python_operator.py took 0.093 seconds
[2024-04-15T12:53:09.563+0200] {processor.py:161} INFO - Started process (PID=14342) to work on /home/mahmoud/airflow/dags/multi_tasks_w_python_operator.py
[2024-04-15T12:53:09.566+0200] {processor.py:830} INFO - Processing file /home/mahmoud/airflow/dags/multi_tasks_w_python_operator.py for tasks to queue
[2024-04-15T12:53:09.568+0200] {logging_mixin.py:188} INFO - [2024-04-15T12:53:09.567+0200] {dagbag.py:538} INFO - Filling up the DagBag from /home/mahmoud/airflow/dags/multi_tasks_w_python_operator.py
[2024-04-15T12:53:09.583+0200] {processor.py:840} INFO - DAG(s) 'execute_multiple_python_tasks' retrieved from /home/mahmoud/airflow/dags/multi_tasks_w_python_operator.py
[2024-04-15T12:53:09.603+0200] {logging_mixin.py:188} INFO - [2024-04-15T12:53:09.603+0200] {dag.py:3033} INFO - Sync 1 DAGs
[2024-04-15T12:53:09.622+0200] {logging_mixin.py:188} INFO - [2024-04-15T12:53:09.622+0200] {dag.py:3820} INFO - Setting next_dagrun for execute_multiple_python_tasks to None, run_after=None
[2024-04-15T12:53:09.646+0200] {processor.py:183} INFO - Processing /home/mahmoud/airflow/dags/multi_tasks_w_python_operator.py took 0.090 seconds
[2024-04-15T12:53:40.521+0200] {processor.py:161} INFO - Started process (PID=14581) to work on /home/mahmoud/airflow/dags/multi_tasks_w_python_operator.py
[2024-04-15T12:53:40.524+0200] {processor.py:830} INFO - Processing file /home/mahmoud/airflow/dags/multi_tasks_w_python_operator.py for tasks to queue
[2024-04-15T12:53:40.526+0200] {logging_mixin.py:188} INFO - [2024-04-15T12:53:40.525+0200] {dagbag.py:538} INFO - Filling up the DagBag from /home/mahmoud/airflow/dags/multi_tasks_w_python_operator.py
[2024-04-15T12:53:40.542+0200] {processor.py:840} INFO - DAG(s) 'execute_multiple_python_tasks' retrieved from /home/mahmoud/airflow/dags/multi_tasks_w_python_operator.py
[2024-04-15T12:53:40.561+0200] {logging_mixin.py:188} INFO - [2024-04-15T12:53:40.561+0200] {dag.py:3033} INFO - Sync 1 DAGs
[2024-04-15T12:53:40.580+0200] {logging_mixin.py:188} INFO - [2024-04-15T12:53:40.579+0200] {dag.py:3820} INFO - Setting next_dagrun for execute_multiple_python_tasks to None, run_after=None
[2024-04-15T12:53:40.613+0200] {processor.py:183} INFO - Processing /home/mahmoud/airflow/dags/multi_tasks_w_python_operator.py took 0.100 seconds
[2024-04-15T12:54:11.350+0200] {processor.py:161} INFO - Started process (PID=14812) to work on /home/mahmoud/airflow/dags/multi_tasks_w_python_operator.py
[2024-04-15T12:54:11.355+0200] {processor.py:830} INFO - Processing file /home/mahmoud/airflow/dags/multi_tasks_w_python_operator.py for tasks to queue
[2024-04-15T12:54:11.358+0200] {logging_mixin.py:188} INFO - [2024-04-15T12:54:11.357+0200] {dagbag.py:538} INFO - Filling up the DagBag from /home/mahmoud/airflow/dags/multi_tasks_w_python_operator.py
[2024-04-15T12:54:11.409+0200] {processor.py:840} INFO - DAG(s) 'execute_multiple_python_tasks' retrieved from /home/mahmoud/airflow/dags/multi_tasks_w_python_operator.py
[2024-04-15T12:54:11.535+0200] {logging_mixin.py:188} INFO - [2024-04-15T12:54:11.534+0200] {dag.py:3033} INFO - Sync 1 DAGs
[2024-04-15T12:54:11.681+0200] {logging_mixin.py:188} INFO - [2024-04-15T12:54:11.681+0200] {dag.py:3820} INFO - Setting next_dagrun for execute_multiple_python_tasks to None, run_after=None
[2024-04-15T12:54:11.801+0200] {processor.py:183} INFO - Processing /home/mahmoud/airflow/dags/multi_tasks_w_python_operator.py took 0.463 seconds
[2024-04-15T12:54:56.001+0200] {processor.py:161} INFO - Started process (PID=15091) to work on /home/mahmoud/airflow/dags/multi_tasks_w_python_operator.py
[2024-04-15T12:54:56.054+0200] {processor.py:830} INFO - Processing file /home/mahmoud/airflow/dags/multi_tasks_w_python_operator.py for tasks to queue
[2024-04-15T12:54:56.076+0200] {logging_mixin.py:188} INFO - [2024-04-15T12:54:56.072+0200] {dagbag.py:538} INFO - Filling up the DagBag from /home/mahmoud/airflow/dags/multi_tasks_w_python_operator.py
[2024-04-15T12:54:56.441+0200] {processor.py:840} INFO - DAG(s) 'execute_multiple_python_tasks' retrieved from /home/mahmoud/airflow/dags/multi_tasks_w_python_operator.py
[2024-04-15T12:54:56.981+0200] {logging_mixin.py:188} INFO - [2024-04-15T12:54:56.979+0200] {dag.py:3033} INFO - Sync 1 DAGs
[2024-04-15T12:54:57.422+0200] {logging_mixin.py:188} INFO - [2024-04-15T12:54:57.415+0200] {dag.py:3820} INFO - Setting next_dagrun for execute_multiple_python_tasks to None, run_after=None
[2024-04-15T12:54:58.049+0200] {processor.py:183} INFO - Processing /home/mahmoud/airflow/dags/multi_tasks_w_python_operator.py took 2.161 seconds
[2024-04-15T12:55:39.807+0200] {processor.py:161} INFO - Started process (PID=15390) to work on /home/mahmoud/airflow/dags/multi_tasks_w_python_operator.py
[2024-04-15T12:55:39.817+0200] {processor.py:830} INFO - Processing file /home/mahmoud/airflow/dags/multi_tasks_w_python_operator.py for tasks to queue
[2024-04-15T12:55:39.825+0200] {logging_mixin.py:188} INFO - [2024-04-15T12:55:39.821+0200] {dagbag.py:538} INFO - Filling up the DagBag from /home/mahmoud/airflow/dags/multi_tasks_w_python_operator.py
[2024-04-15T12:55:39.922+0200] {processor.py:840} INFO - DAG(s) 'execute_multiple_python_tasks' retrieved from /home/mahmoud/airflow/dags/multi_tasks_w_python_operator.py
[2024-04-15T12:55:40.079+0200] {logging_mixin.py:188} INFO - [2024-04-15T12:55:40.078+0200] {dag.py:3033} INFO - Sync 1 DAGs
[2024-04-15T12:55:40.263+0200] {logging_mixin.py:188} INFO - [2024-04-15T12:55:40.261+0200] {dag.py:3820} INFO - Setting next_dagrun for execute_multiple_python_tasks to None, run_after=None
[2024-04-15T12:55:40.469+0200] {processor.py:183} INFO - Processing /home/mahmoud/airflow/dags/multi_tasks_w_python_operator.py took 0.691 seconds
[2024-04-15T12:56:14.491+0200] {processor.py:161} INFO - Started process (PID=15616) to work on /home/mahmoud/airflow/dags/multi_tasks_w_python_operator.py
[2024-04-15T12:56:14.502+0200] {processor.py:830} INFO - Processing file /home/mahmoud/airflow/dags/multi_tasks_w_python_operator.py for tasks to queue
[2024-04-15T12:56:14.513+0200] {logging_mixin.py:188} INFO - [2024-04-15T12:56:14.508+0200] {dagbag.py:538} INFO - Filling up the DagBag from /home/mahmoud/airflow/dags/multi_tasks_w_python_operator.py
[2024-04-15T12:56:14.695+0200] {processor.py:840} INFO - DAG(s) 'execute_multiple_python_tasks' retrieved from /home/mahmoud/airflow/dags/multi_tasks_w_python_operator.py
[2024-04-15T12:56:14.954+0200] {logging_mixin.py:188} INFO - [2024-04-15T12:56:14.951+0200] {dag.py:3033} INFO - Sync 1 DAGs
[2024-04-15T12:56:15.198+0200] {logging_mixin.py:188} INFO - [2024-04-15T12:56:15.196+0200] {dag.py:3820} INFO - Setting next_dagrun for execute_multiple_python_tasks to None, run_after=None
[2024-04-15T12:56:15.492+0200] {processor.py:183} INFO - Processing /home/mahmoud/airflow/dags/multi_tasks_w_python_operator.py took 1.026 seconds
[2024-04-15T12:56:49.094+0200] {processor.py:161} INFO - Started process (PID=15835) to work on /home/mahmoud/airflow/dags/multi_tasks_w_python_operator.py
[2024-04-15T12:56:49.110+0200] {processor.py:830} INFO - Processing file /home/mahmoud/airflow/dags/multi_tasks_w_python_operator.py for tasks to queue
[2024-04-15T12:56:49.119+0200] {logging_mixin.py:188} INFO - [2024-04-15T12:56:49.116+0200] {dagbag.py:538} INFO - Filling up the DagBag from /home/mahmoud/airflow/dags/multi_tasks_w_python_operator.py
[2024-04-15T12:56:49.263+0200] {processor.py:840} INFO - DAG(s) 'execute_multiple_python_tasks' retrieved from /home/mahmoud/airflow/dags/multi_tasks_w_python_operator.py
[2024-04-15T12:56:49.533+0200] {logging_mixin.py:188} INFO - [2024-04-15T12:56:49.529+0200] {dag.py:3033} INFO - Sync 1 DAGs
[2024-04-15T12:56:49.829+0200] {logging_mixin.py:188} INFO - [2024-04-15T12:56:49.827+0200] {dag.py:3820} INFO - Setting next_dagrun for execute_multiple_python_tasks to None, run_after=None
[2024-04-15T12:56:50.104+0200] {processor.py:183} INFO - Processing /home/mahmoud/airflow/dags/multi_tasks_w_python_operator.py took 1.049 seconds
[2024-04-15T12:57:24.295+0200] {processor.py:161} INFO - Started process (PID=16055) to work on /home/mahmoud/airflow/dags/multi_tasks_w_python_operator.py
[2024-04-15T12:57:24.308+0200] {processor.py:830} INFO - Processing file /home/mahmoud/airflow/dags/multi_tasks_w_python_operator.py for tasks to queue
[2024-04-15T12:57:24.320+0200] {logging_mixin.py:188} INFO - [2024-04-15T12:57:24.316+0200] {dagbag.py:538} INFO - Filling up the DagBag from /home/mahmoud/airflow/dags/multi_tasks_w_python_operator.py
[2024-04-15T12:57:24.446+0200] {processor.py:840} INFO - DAG(s) 'execute_multiple_python_tasks' retrieved from /home/mahmoud/airflow/dags/multi_tasks_w_python_operator.py
[2024-04-15T12:57:24.660+0200] {logging_mixin.py:188} INFO - [2024-04-15T12:57:24.658+0200] {dag.py:3033} INFO - Sync 1 DAGs
[2024-04-15T12:57:24.870+0200] {logging_mixin.py:188} INFO - [2024-04-15T12:57:24.868+0200] {dag.py:3820} INFO - Setting next_dagrun for execute_multiple_python_tasks to None, run_after=None
[2024-04-15T12:57:25.053+0200] {processor.py:183} INFO - Processing /home/mahmoud/airflow/dags/multi_tasks_w_python_operator.py took 0.790 seconds
[2024-04-15T12:58:00.206+0200] {processor.py:161} INFO - Started process (PID=16273) to work on /home/mahmoud/airflow/dags/multi_tasks_w_python_operator.py
[2024-04-15T12:58:00.215+0200] {processor.py:830} INFO - Processing file /home/mahmoud/airflow/dags/multi_tasks_w_python_operator.py for tasks to queue
[2024-04-15T12:58:00.227+0200] {logging_mixin.py:188} INFO - [2024-04-15T12:58:00.223+0200] {dagbag.py:538} INFO - Filling up the DagBag from /home/mahmoud/airflow/dags/multi_tasks_w_python_operator.py
[2024-04-15T12:58:00.340+0200] {processor.py:840} INFO - DAG(s) 'execute_multiple_python_tasks' retrieved from /home/mahmoud/airflow/dags/multi_tasks_w_python_operator.py
[2024-04-15T12:58:00.544+0200] {logging_mixin.py:188} INFO - [2024-04-15T12:58:00.543+0200] {dag.py:3033} INFO - Sync 1 DAGs
[2024-04-15T12:58:00.797+0200] {logging_mixin.py:188} INFO - [2024-04-15T12:58:00.795+0200] {dag.py:3820} INFO - Setting next_dagrun for execute_multiple_python_tasks to None, run_after=None
[2024-04-15T12:58:00.999+0200] {processor.py:183} INFO - Processing /home/mahmoud/airflow/dags/multi_tasks_w_python_operator.py took 0.819 seconds
[2024-04-15T12:58:37.431+0200] {processor.py:161} INFO - Started process (PID=16490) to work on /home/mahmoud/airflow/dags/multi_tasks_w_python_operator.py
[2024-04-15T12:58:37.443+0200] {processor.py:830} INFO - Processing file /home/mahmoud/airflow/dags/multi_tasks_w_python_operator.py for tasks to queue
[2024-04-15T12:58:37.451+0200] {logging_mixin.py:188} INFO - [2024-04-15T12:58:37.448+0200] {dagbag.py:538} INFO - Filling up the DagBag from /home/mahmoud/airflow/dags/multi_tasks_w_python_operator.py
[2024-04-15T12:58:37.570+0200] {processor.py:840} INFO - DAG(s) 'execute_multiple_python_tasks' retrieved from /home/mahmoud/airflow/dags/multi_tasks_w_python_operator.py
[2024-04-15T12:58:37.784+0200] {logging_mixin.py:188} INFO - [2024-04-15T12:58:37.783+0200] {dag.py:3033} INFO - Sync 1 DAGs
[2024-04-15T12:58:38.007+0200] {logging_mixin.py:188} INFO - [2024-04-15T12:58:38.006+0200] {dag.py:3820} INFO - Setting next_dagrun for execute_multiple_python_tasks to None, run_after=None
[2024-04-15T12:58:38.183+0200] {processor.py:183} INFO - Processing /home/mahmoud/airflow/dags/multi_tasks_w_python_operator.py took 0.789 seconds
[2024-04-15T12:59:12.250+0200] {processor.py:161} INFO - Started process (PID=16704) to work on /home/mahmoud/airflow/dags/multi_tasks_w_python_operator.py
[2024-04-15T12:59:12.263+0200] {processor.py:830} INFO - Processing file /home/mahmoud/airflow/dags/multi_tasks_w_python_operator.py for tasks to queue
[2024-04-15T12:59:12.275+0200] {logging_mixin.py:188} INFO - [2024-04-15T12:59:12.271+0200] {dagbag.py:538} INFO - Filling up the DagBag from /home/mahmoud/airflow/dags/multi_tasks_w_python_operator.py
[2024-04-15T12:59:12.417+0200] {processor.py:840} INFO - DAG(s) 'execute_multiple_python_tasks' retrieved from /home/mahmoud/airflow/dags/multi_tasks_w_python_operator.py
[2024-04-15T12:59:12.759+0200] {logging_mixin.py:188} INFO - [2024-04-15T12:59:12.756+0200] {dag.py:3033} INFO - Sync 1 DAGs
[2024-04-15T12:59:13.030+0200] {logging_mixin.py:188} INFO - [2024-04-15T12:59:13.028+0200] {dag.py:3820} INFO - Setting next_dagrun for execute_multiple_python_tasks to None, run_after=None
[2024-04-15T12:59:13.405+0200] {processor.py:183} INFO - Processing /home/mahmoud/airflow/dags/multi_tasks_w_python_operator.py took 1.189 seconds
[2024-04-15T12:59:44.512+0200] {processor.py:161} INFO - Started process (PID=16907) to work on /home/mahmoud/airflow/dags/multi_tasks_w_python_operator.py
[2024-04-15T12:59:44.517+0200] {processor.py:830} INFO - Processing file /home/mahmoud/airflow/dags/multi_tasks_w_python_operator.py for tasks to queue
[2024-04-15T12:59:44.520+0200] {logging_mixin.py:188} INFO - [2024-04-15T12:59:44.519+0200] {dagbag.py:538} INFO - Filling up the DagBag from /home/mahmoud/airflow/dags/multi_tasks_w_python_operator.py
[2024-04-15T12:59:44.556+0200] {processor.py:840} INFO - DAG(s) 'execute_multiple_python_tasks' retrieved from /home/mahmoud/airflow/dags/multi_tasks_w_python_operator.py
[2024-04-15T12:59:44.625+0200] {logging_mixin.py:188} INFO - [2024-04-15T12:59:44.624+0200] {dag.py:3033} INFO - Sync 1 DAGs
[2024-04-15T12:59:44.702+0200] {logging_mixin.py:188} INFO - [2024-04-15T12:59:44.702+0200] {dag.py:3820} INFO - Setting next_dagrun for execute_multiple_python_tasks to None, run_after=None
[2024-04-15T12:59:44.782+0200] {processor.py:183} INFO - Processing /home/mahmoud/airflow/dags/multi_tasks_w_python_operator.py took 0.280 seconds
[2024-04-15T13:00:27.347+0200] {processor.py:161} INFO - Started process (PID=17169) to work on /home/mahmoud/airflow/dags/multi_tasks_w_python_operator.py
[2024-04-15T13:00:27.359+0200] {processor.py:830} INFO - Processing file /home/mahmoud/airflow/dags/multi_tasks_w_python_operator.py for tasks to queue
[2024-04-15T13:00:27.367+0200] {logging_mixin.py:188} INFO - [2024-04-15T13:00:27.363+0200] {dagbag.py:538} INFO - Filling up the DagBag from /home/mahmoud/airflow/dags/multi_tasks_w_python_operator.py
[2024-04-15T13:00:27.477+0200] {processor.py:840} INFO - DAG(s) 'execute_multiple_python_tasks' retrieved from /home/mahmoud/airflow/dags/multi_tasks_w_python_operator.py
[2024-04-15T13:00:27.692+0200] {logging_mixin.py:188} INFO - [2024-04-15T13:00:27.690+0200] {dag.py:3033} INFO - Sync 1 DAGs
[2024-04-15T13:00:27.939+0200] {logging_mixin.py:188} INFO - [2024-04-15T13:00:27.937+0200] {dag.py:3820} INFO - Setting next_dagrun for execute_multiple_python_tasks to None, run_after=None
[2024-04-15T13:00:28.218+0200] {processor.py:183} INFO - Processing /home/mahmoud/airflow/dags/multi_tasks_w_python_operator.py took 0.904 seconds
[2024-04-15T13:01:01.468+0200] {processor.py:161} INFO - Started process (PID=17382) to work on /home/mahmoud/airflow/dags/multi_tasks_w_python_operator.py
[2024-04-15T13:01:01.489+0200] {processor.py:830} INFO - Processing file /home/mahmoud/airflow/dags/multi_tasks_w_python_operator.py for tasks to queue
[2024-04-15T13:01:01.509+0200] {logging_mixin.py:188} INFO - [2024-04-15T13:01:01.497+0200] {dagbag.py:538} INFO - Filling up the DagBag from /home/mahmoud/airflow/dags/multi_tasks_w_python_operator.py
[2024-04-15T13:01:01.635+0200] {processor.py:840} INFO - DAG(s) 'execute_multiple_python_tasks' retrieved from /home/mahmoud/airflow/dags/multi_tasks_w_python_operator.py
[2024-04-15T13:01:01.837+0200] {logging_mixin.py:188} INFO - [2024-04-15T13:01:01.836+0200] {dag.py:3033} INFO - Sync 1 DAGs
[2024-04-15T13:01:02.053+0200] {logging_mixin.py:188} INFO - [2024-04-15T13:01:02.051+0200] {dag.py:3820} INFO - Setting next_dagrun for execute_multiple_python_tasks to None, run_after=None
[2024-04-15T13:01:02.281+0200] {processor.py:183} INFO - Processing /home/mahmoud/airflow/dags/multi_tasks_w_python_operator.py took 0.869 seconds
[2024-04-15T13:01:37.732+0200] {processor.py:161} INFO - Started process (PID=17590) to work on /home/mahmoud/airflow/dags/multi_tasks_w_python_operator.py
[2024-04-15T13:01:37.741+0200] {processor.py:830} INFO - Processing file /home/mahmoud/airflow/dags/multi_tasks_w_python_operator.py for tasks to queue
[2024-04-15T13:01:37.749+0200] {logging_mixin.py:188} INFO - [2024-04-15T13:01:37.745+0200] {dagbag.py:538} INFO - Filling up the DagBag from /home/mahmoud/airflow/dags/multi_tasks_w_python_operator.py
[2024-04-15T13:01:37.856+0200] {processor.py:840} INFO - DAG(s) 'execute_multiple_python_tasks' retrieved from /home/mahmoud/airflow/dags/multi_tasks_w_python_operator.py
[2024-04-15T13:01:38.066+0200] {logging_mixin.py:188} INFO - [2024-04-15T13:01:38.064+0200] {dag.py:3033} INFO - Sync 1 DAGs
[2024-04-15T13:01:38.312+0200] {logging_mixin.py:188} INFO - [2024-04-15T13:01:38.311+0200] {dag.py:3820} INFO - Setting next_dagrun for execute_multiple_python_tasks to None, run_after=None
[2024-04-15T13:01:38.640+0200] {processor.py:183} INFO - Processing /home/mahmoud/airflow/dags/multi_tasks_w_python_operator.py took 0.935 seconds
[2024-04-15T13:02:13.314+0200] {processor.py:161} INFO - Started process (PID=17795) to work on /home/mahmoud/airflow/dags/multi_tasks_w_python_operator.py
[2024-04-15T13:02:13.324+0200] {processor.py:830} INFO - Processing file /home/mahmoud/airflow/dags/multi_tasks_w_python_operator.py for tasks to queue
[2024-04-15T13:02:13.338+0200] {logging_mixin.py:188} INFO - [2024-04-15T13:02:13.334+0200] {dagbag.py:538} INFO - Filling up the DagBag from /home/mahmoud/airflow/dags/multi_tasks_w_python_operator.py
[2024-04-15T13:02:13.442+0200] {processor.py:840} INFO - DAG(s) 'execute_multiple_python_tasks' retrieved from /home/mahmoud/airflow/dags/multi_tasks_w_python_operator.py
[2024-04-15T13:02:13.613+0200] {logging_mixin.py:188} INFO - [2024-04-15T13:02:13.611+0200] {dag.py:3033} INFO - Sync 1 DAGs
[2024-04-15T13:02:13.848+0200] {logging_mixin.py:188} INFO - [2024-04-15T13:02:13.846+0200] {dag.py:3820} INFO - Setting next_dagrun for execute_multiple_python_tasks to None, run_after=None
[2024-04-15T13:02:14.115+0200] {processor.py:183} INFO - Processing /home/mahmoud/airflow/dags/multi_tasks_w_python_operator.py took 0.828 seconds
[2024-04-15T13:22:32.919+0200] {processor.py:161} INFO - Started process (PID=18234) to work on /home/mahmoud/airflow/dags/multi_tasks_w_python_operator.py
[2024-04-15T13:22:32.921+0200] {processor.py:830} INFO - Processing file /home/mahmoud/airflow/dags/multi_tasks_w_python_operator.py for tasks to queue
[2024-04-15T13:22:32.922+0200] {logging_mixin.py:188} INFO - [2024-04-15T13:22:32.921+0200] {dagbag.py:538} INFO - Filling up the DagBag from /home/mahmoud/airflow/dags/multi_tasks_w_python_operator.py
[2024-04-15T13:22:32.930+0200] {processor.py:840} INFO - DAG(s) 'execute_multiple_python_tasks' retrieved from /home/mahmoud/airflow/dags/multi_tasks_w_python_operator.py
[2024-04-15T13:22:32.944+0200] {logging_mixin.py:188} INFO - [2024-04-15T13:22:32.944+0200] {dag.py:3033} INFO - Sync 1 DAGs
[2024-04-15T13:22:32.960+0200] {logging_mixin.py:188} INFO - [2024-04-15T13:22:32.960+0200] {dag.py:3820} INFO - Setting next_dagrun for execute_multiple_python_tasks to None, run_after=None
[2024-04-15T13:22:32.979+0200] {processor.py:183} INFO - Processing /home/mahmoud/airflow/dags/multi_tasks_w_python_operator.py took 0.063 seconds
[2024-04-15T13:23:04.325+0200] {processor.py:161} INFO - Started process (PID=18393) to work on /home/mahmoud/airflow/dags/multi_tasks_w_python_operator.py
[2024-04-15T13:23:04.327+0200] {processor.py:830} INFO - Processing file /home/mahmoud/airflow/dags/multi_tasks_w_python_operator.py for tasks to queue
[2024-04-15T13:23:04.328+0200] {logging_mixin.py:188} INFO - [2024-04-15T13:23:04.328+0200] {dagbag.py:538} INFO - Filling up the DagBag from /home/mahmoud/airflow/dags/multi_tasks_w_python_operator.py
[2024-04-15T13:23:04.338+0200] {processor.py:840} INFO - DAG(s) 'execute_multiple_python_tasks' retrieved from /home/mahmoud/airflow/dags/multi_tasks_w_python_operator.py
[2024-04-15T13:23:04.355+0200] {logging_mixin.py:188} INFO - [2024-04-15T13:23:04.355+0200] {dag.py:3033} INFO - Sync 1 DAGs
[2024-04-15T13:23:04.372+0200] {logging_mixin.py:188} INFO - [2024-04-15T13:23:04.372+0200] {dag.py:3820} INFO - Setting next_dagrun for execute_multiple_python_tasks to None, run_after=None
[2024-04-15T13:23:04.403+0200] {processor.py:183} INFO - Processing /home/mahmoud/airflow/dags/multi_tasks_w_python_operator.py took 0.081 seconds
[2024-04-15T13:23:35.003+0200] {processor.py:161} INFO - Started process (PID=18547) to work on /home/mahmoud/airflow/dags/multi_tasks_w_python_operator.py
[2024-04-15T13:23:35.016+0200] {processor.py:830} INFO - Processing file /home/mahmoud/airflow/dags/multi_tasks_w_python_operator.py for tasks to queue
[2024-04-15T13:23:35.017+0200] {logging_mixin.py:188} INFO - [2024-04-15T13:23:35.016+0200] {dagbag.py:538} INFO - Filling up the DagBag from /home/mahmoud/airflow/dags/multi_tasks_w_python_operator.py
[2024-04-15T13:23:35.028+0200] {processor.py:840} INFO - DAG(s) 'execute_multiple_python_tasks' retrieved from /home/mahmoud/airflow/dags/multi_tasks_w_python_operator.py
[2024-04-15T13:23:35.045+0200] {logging_mixin.py:188} INFO - [2024-04-15T13:23:35.044+0200] {dag.py:3033} INFO - Sync 1 DAGs
[2024-04-15T13:23:35.062+0200] {logging_mixin.py:188} INFO - [2024-04-15T13:23:35.062+0200] {dag.py:3820} INFO - Setting next_dagrun for execute_multiple_python_tasks to None, run_after=None
[2024-04-15T13:23:35.092+0200] {processor.py:183} INFO - Processing /home/mahmoud/airflow/dags/multi_tasks_w_python_operator.py took 0.092 seconds
[2024-04-15T13:24:05.605+0200] {processor.py:161} INFO - Started process (PID=18699) to work on /home/mahmoud/airflow/dags/multi_tasks_w_python_operator.py
[2024-04-15T13:24:05.606+0200] {processor.py:830} INFO - Processing file /home/mahmoud/airflow/dags/multi_tasks_w_python_operator.py for tasks to queue
[2024-04-15T13:24:05.607+0200] {logging_mixin.py:188} INFO - [2024-04-15T13:24:05.607+0200] {dagbag.py:538} INFO - Filling up the DagBag from /home/mahmoud/airflow/dags/multi_tasks_w_python_operator.py
[2024-04-15T13:24:05.619+0200] {processor.py:840} INFO - DAG(s) 'execute_multiple_python_tasks' retrieved from /home/mahmoud/airflow/dags/multi_tasks_w_python_operator.py
[2024-04-15T13:24:05.637+0200] {logging_mixin.py:188} INFO - [2024-04-15T13:24:05.637+0200] {dag.py:3033} INFO - Sync 1 DAGs
[2024-04-15T13:24:05.655+0200] {logging_mixin.py:188} INFO - [2024-04-15T13:24:05.655+0200] {dag.py:3820} INFO - Setting next_dagrun for execute_multiple_python_tasks to None, run_after=None
[2024-04-15T13:24:05.688+0200] {processor.py:183} INFO - Processing /home/mahmoud/airflow/dags/multi_tasks_w_python_operator.py took 0.088 seconds
[2024-04-15T13:24:36.292+0200] {processor.py:161} INFO - Started process (PID=18852) to work on /home/mahmoud/airflow/dags/multi_tasks_w_python_operator.py
[2024-04-15T13:24:36.294+0200] {processor.py:830} INFO - Processing file /home/mahmoud/airflow/dags/multi_tasks_w_python_operator.py for tasks to queue
[2024-04-15T13:24:36.295+0200] {logging_mixin.py:188} INFO - [2024-04-15T13:24:36.294+0200] {dagbag.py:538} INFO - Filling up the DagBag from /home/mahmoud/airflow/dags/multi_tasks_w_python_operator.py
[2024-04-15T13:24:36.307+0200] {processor.py:840} INFO - DAG(s) 'execute_multiple_python_tasks' retrieved from /home/mahmoud/airflow/dags/multi_tasks_w_python_operator.py
[2024-04-15T13:24:36.338+0200] {logging_mixin.py:188} INFO - [2024-04-15T13:24:36.338+0200] {dag.py:3033} INFO - Sync 1 DAGs
[2024-04-15T13:24:36.379+0200] {logging_mixin.py:188} INFO - [2024-04-15T13:24:36.379+0200] {dag.py:3820} INFO - Setting next_dagrun for execute_multiple_python_tasks to None, run_after=None
[2024-04-15T13:24:36.404+0200] {processor.py:183} INFO - Processing /home/mahmoud/airflow/dags/multi_tasks_w_python_operator.py took 0.114 seconds
[2024-04-15T13:25:08.239+0200] {processor.py:161} INFO - Started process (PID=19012) to work on /home/mahmoud/airflow/dags/multi_tasks_w_python_operator.py
[2024-04-15T13:25:08.240+0200] {processor.py:830} INFO - Processing file /home/mahmoud/airflow/dags/multi_tasks_w_python_operator.py for tasks to queue
[2024-04-15T13:25:08.241+0200] {logging_mixin.py:188} INFO - [2024-04-15T13:25:08.241+0200] {dagbag.py:538} INFO - Filling up the DagBag from /home/mahmoud/airflow/dags/multi_tasks_w_python_operator.py
[2024-04-15T13:25:08.251+0200] {processor.py:840} INFO - DAG(s) 'execute_multiple_python_tasks' retrieved from /home/mahmoud/airflow/dags/multi_tasks_w_python_operator.py
[2024-04-15T13:25:08.271+0200] {logging_mixin.py:188} INFO - [2024-04-15T13:25:08.270+0200] {dag.py:3033} INFO - Sync 1 DAGs
[2024-04-15T13:25:08.288+0200] {logging_mixin.py:188} INFO - [2024-04-15T13:25:08.288+0200] {dag.py:3820} INFO - Setting next_dagrun for execute_multiple_python_tasks to None, run_after=None
[2024-04-15T13:25:08.309+0200] {processor.py:183} INFO - Processing /home/mahmoud/airflow/dags/multi_tasks_w_python_operator.py took 0.074 seconds
[2024-04-15T13:25:40.216+0200] {processor.py:161} INFO - Started process (PID=19207) to work on /home/mahmoud/airflow/dags/multi_tasks_w_python_operator.py
[2024-04-15T13:25:40.222+0200] {processor.py:830} INFO - Processing file /home/mahmoud/airflow/dags/multi_tasks_w_python_operator.py for tasks to queue
[2024-04-15T13:25:40.226+0200] {logging_mixin.py:188} INFO - [2024-04-15T13:25:40.226+0200] {dagbag.py:538} INFO - Filling up the DagBag from /home/mahmoud/airflow/dags/multi_tasks_w_python_operator.py
[2024-04-15T13:25:40.253+0200] {processor.py:840} INFO - DAG(s) 'execute_multiple_python_tasks' retrieved from /home/mahmoud/airflow/dags/multi_tasks_w_python_operator.py
[2024-04-15T13:25:40.311+0200] {logging_mixin.py:188} INFO - [2024-04-15T13:25:40.311+0200] {dag.py:3033} INFO - Sync 1 DAGs
[2024-04-15T13:25:40.369+0200] {logging_mixin.py:188} INFO - [2024-04-15T13:25:40.369+0200] {dag.py:3820} INFO - Setting next_dagrun for execute_multiple_python_tasks to None, run_after=None
[2024-04-15T13:25:40.413+0200] {processor.py:183} INFO - Processing /home/mahmoud/airflow/dags/multi_tasks_w_python_operator.py took 0.202 seconds
