[2024-04-15T12:30:30.829+0200] {processor.py:161} INFO - Started process (PID=2252) to work on /home/mahmoud/airflow/dags/sqlite_pipeline.py
[2024-04-15T12:30:30.831+0200] {processor.py:830} INFO - Processing file /home/mahmoud/airflow/dags/sqlite_pipeline.py for tasks to queue
[2024-04-15T12:30:30.832+0200] {logging_mixin.py:188} INFO - [2024-04-15T12:30:30.831+0200] {dagbag.py:538} INFO - Filling up the DagBag from /home/mahmoud/airflow/dags/sqlite_pipeline.py
[2024-04-15T12:30:30.842+0200] {processor.py:840} INFO - DAG(s) 'executing_sql_pipeline' retrieved from /home/mahmoud/airflow/dags/sqlite_pipeline.py
[2024-04-15T12:30:30.918+0200] {logging_mixin.py:188} INFO - [2024-04-15T12:30:30.918+0200] {dag.py:3033} INFO - Sync 1 DAGs
[2024-04-15T12:30:30.932+0200] {logging_mixin.py:188} INFO - [2024-04-15T12:30:30.932+0200] {dag.py:3820} INFO - Setting next_dagrun for executing_sql_pipeline to None, run_after=None
[2024-04-15T12:30:30.961+0200] {processor.py:183} INFO - Processing /home/mahmoud/airflow/dags/sqlite_pipeline.py took 0.135 seconds
[2024-04-15T12:31:01.687+0200] {processor.py:161} INFO - Started process (PID=2656) to work on /home/mahmoud/airflow/dags/sqlite_pipeline.py
[2024-04-15T12:31:01.688+0200] {processor.py:830} INFO - Processing file /home/mahmoud/airflow/dags/sqlite_pipeline.py for tasks to queue
[2024-04-15T12:31:01.688+0200] {logging_mixin.py:188} INFO - [2024-04-15T12:31:01.688+0200] {dagbag.py:538} INFO - Filling up the DagBag from /home/mahmoud/airflow/dags/sqlite_pipeline.py
[2024-04-15T12:31:01.698+0200] {processor.py:840} INFO - DAG(s) 'executing_sql_pipeline' retrieved from /home/mahmoud/airflow/dags/sqlite_pipeline.py
[2024-04-15T12:31:01.717+0200] {logging_mixin.py:188} INFO - [2024-04-15T12:31:01.716+0200] {dag.py:3033} INFO - Sync 1 DAGs
[2024-04-15T12:31:01.737+0200] {logging_mixin.py:188} INFO - [2024-04-15T12:31:01.736+0200] {dag.py:3820} INFO - Setting next_dagrun for executing_sql_pipeline to None, run_after=None
[2024-04-15T12:31:01.757+0200] {processor.py:183} INFO - Processing /home/mahmoud/airflow/dags/sqlite_pipeline.py took 0.074 seconds
[2024-04-15T12:31:32.555+0200] {processor.py:161} INFO - Started process (PID=2986) to work on /home/mahmoud/airflow/dags/sqlite_pipeline.py
[2024-04-15T12:31:32.558+0200] {processor.py:830} INFO - Processing file /home/mahmoud/airflow/dags/sqlite_pipeline.py for tasks to queue
[2024-04-15T12:31:32.559+0200] {logging_mixin.py:188} INFO - [2024-04-15T12:31:32.558+0200] {dagbag.py:538} INFO - Filling up the DagBag from /home/mahmoud/airflow/dags/sqlite_pipeline.py
[2024-04-15T12:31:32.572+0200] {processor.py:840} INFO - DAG(s) 'executing_sql_pipeline' retrieved from /home/mahmoud/airflow/dags/sqlite_pipeline.py
[2024-04-15T12:31:32.591+0200] {logging_mixin.py:188} INFO - [2024-04-15T12:31:32.591+0200] {dag.py:3033} INFO - Sync 1 DAGs
[2024-04-15T12:31:32.610+0200] {logging_mixin.py:188} INFO - [2024-04-15T12:31:32.610+0200] {dag.py:3820} INFO - Setting next_dagrun for executing_sql_pipeline to None, run_after=None
[2024-04-15T12:31:32.636+0200] {processor.py:183} INFO - Processing /home/mahmoud/airflow/dags/sqlite_pipeline.py took 0.084 seconds
[2024-04-15T12:32:03.416+0200] {processor.py:161} INFO - Started process (PID=3224) to work on /home/mahmoud/airflow/dags/sqlite_pipeline.py
[2024-04-15T12:32:03.417+0200] {processor.py:830} INFO - Processing file /home/mahmoud/airflow/dags/sqlite_pipeline.py for tasks to queue
[2024-04-15T12:32:03.418+0200] {logging_mixin.py:188} INFO - [2024-04-15T12:32:03.417+0200] {dagbag.py:538} INFO - Filling up the DagBag from /home/mahmoud/airflow/dags/sqlite_pipeline.py
[2024-04-15T12:32:03.428+0200] {processor.py:840} INFO - DAG(s) 'executing_sql_pipeline' retrieved from /home/mahmoud/airflow/dags/sqlite_pipeline.py
[2024-04-15T12:32:03.444+0200] {logging_mixin.py:188} INFO - [2024-04-15T12:32:03.444+0200] {dag.py:3033} INFO - Sync 1 DAGs
[2024-04-15T12:32:03.459+0200] {logging_mixin.py:188} INFO - [2024-04-15T12:32:03.459+0200] {dag.py:3820} INFO - Setting next_dagrun for executing_sql_pipeline to None, run_after=None
[2024-04-15T12:32:03.480+0200] {processor.py:183} INFO - Processing /home/mahmoud/airflow/dags/sqlite_pipeline.py took 0.067 seconds
[2024-04-15T12:32:34.292+0200] {processor.py:161} INFO - Started process (PID=3462) to work on /home/mahmoud/airflow/dags/sqlite_pipeline.py
[2024-04-15T12:32:34.294+0200] {processor.py:830} INFO - Processing file /home/mahmoud/airflow/dags/sqlite_pipeline.py for tasks to queue
[2024-04-15T12:32:34.294+0200] {logging_mixin.py:188} INFO - [2024-04-15T12:32:34.294+0200] {dagbag.py:538} INFO - Filling up the DagBag from /home/mahmoud/airflow/dags/sqlite_pipeline.py
[2024-04-15T12:32:34.304+0200] {processor.py:840} INFO - DAG(s) 'executing_sql_pipeline' retrieved from /home/mahmoud/airflow/dags/sqlite_pipeline.py
[2024-04-15T12:32:34.326+0200] {logging_mixin.py:188} INFO - [2024-04-15T12:32:34.326+0200] {dag.py:3033} INFO - Sync 1 DAGs
[2024-04-15T12:32:34.343+0200] {logging_mixin.py:188} INFO - [2024-04-15T12:32:34.343+0200] {dag.py:3820} INFO - Setting next_dagrun for executing_sql_pipeline to None, run_after=None
[2024-04-15T12:32:34.368+0200] {processor.py:183} INFO - Processing /home/mahmoud/airflow/dags/sqlite_pipeline.py took 0.078 seconds
[2024-04-15T12:33:05.201+0200] {processor.py:161} INFO - Started process (PID=3769) to work on /home/mahmoud/airflow/dags/sqlite_pipeline.py
[2024-04-15T12:33:05.201+0200] {processor.py:830} INFO - Processing file /home/mahmoud/airflow/dags/sqlite_pipeline.py for tasks to queue
[2024-04-15T12:33:05.202+0200] {logging_mixin.py:188} INFO - [2024-04-15T12:33:05.202+0200] {dagbag.py:538} INFO - Filling up the DagBag from /home/mahmoud/airflow/dags/sqlite_pipeline.py
[2024-04-15T12:33:05.212+0200] {processor.py:840} INFO - DAG(s) 'executing_sql_pipeline' retrieved from /home/mahmoud/airflow/dags/sqlite_pipeline.py
[2024-04-15T12:33:05.227+0200] {logging_mixin.py:188} INFO - [2024-04-15T12:33:05.227+0200] {dag.py:3033} INFO - Sync 1 DAGs
[2024-04-15T12:33:05.244+0200] {logging_mixin.py:188} INFO - [2024-04-15T12:33:05.243+0200] {dag.py:3820} INFO - Setting next_dagrun for executing_sql_pipeline to None, run_after=None
[2024-04-15T12:33:05.266+0200] {processor.py:183} INFO - Processing /home/mahmoud/airflow/dags/sqlite_pipeline.py took 0.068 seconds
[2024-04-15T12:33:36.045+0200] {processor.py:161} INFO - Started process (PID=4072) to work on /home/mahmoud/airflow/dags/sqlite_pipeline.py
[2024-04-15T12:33:36.048+0200] {processor.py:830} INFO - Processing file /home/mahmoud/airflow/dags/sqlite_pipeline.py for tasks to queue
[2024-04-15T12:33:36.049+0200] {logging_mixin.py:188} INFO - [2024-04-15T12:33:36.049+0200] {dagbag.py:538} INFO - Filling up the DagBag from /home/mahmoud/airflow/dags/sqlite_pipeline.py
[2024-04-15T12:33:36.060+0200] {processor.py:840} INFO - DAG(s) 'executing_sql_pipeline' retrieved from /home/mahmoud/airflow/dags/sqlite_pipeline.py
[2024-04-15T12:33:36.077+0200] {logging_mixin.py:188} INFO - [2024-04-15T12:33:36.077+0200] {dag.py:3033} INFO - Sync 1 DAGs
[2024-04-15T12:33:36.094+0200] {logging_mixin.py:188} INFO - [2024-04-15T12:33:36.094+0200] {dag.py:3820} INFO - Setting next_dagrun for executing_sql_pipeline to None, run_after=None
[2024-04-15T12:33:36.133+0200] {processor.py:183} INFO - Processing /home/mahmoud/airflow/dags/sqlite_pipeline.py took 0.094 seconds
[2024-04-15T12:34:07.013+0200] {processor.py:161} INFO - Started process (PID=4373) to work on /home/mahmoud/airflow/dags/sqlite_pipeline.py
[2024-04-15T12:34:07.025+0200] {processor.py:830} INFO - Processing file /home/mahmoud/airflow/dags/sqlite_pipeline.py for tasks to queue
[2024-04-15T12:34:07.026+0200] {logging_mixin.py:188} INFO - [2024-04-15T12:34:07.026+0200] {dagbag.py:538} INFO - Filling up the DagBag from /home/mahmoud/airflow/dags/sqlite_pipeline.py
[2024-04-15T12:34:07.035+0200] {processor.py:840} INFO - DAG(s) 'executing_sql_pipeline' retrieved from /home/mahmoud/airflow/dags/sqlite_pipeline.py
[2024-04-15T12:34:07.050+0200] {logging_mixin.py:188} INFO - [2024-04-15T12:34:07.049+0200] {dag.py:3033} INFO - Sync 1 DAGs
[2024-04-15T12:34:07.064+0200] {logging_mixin.py:188} INFO - [2024-04-15T12:34:07.064+0200] {dag.py:3820} INFO - Setting next_dagrun for executing_sql_pipeline to None, run_after=None
[2024-04-15T12:34:07.083+0200] {processor.py:183} INFO - Processing /home/mahmoud/airflow/dags/sqlite_pipeline.py took 0.072 seconds
[2024-04-15T12:34:37.229+0200] {processor.py:161} INFO - Started process (PID=4763) to work on /home/mahmoud/airflow/dags/sqlite_pipeline.py
[2024-04-15T12:34:37.230+0200] {processor.py:830} INFO - Processing file /home/mahmoud/airflow/dags/sqlite_pipeline.py for tasks to queue
[2024-04-15T12:34:37.231+0200] {logging_mixin.py:188} INFO - [2024-04-15T12:34:37.230+0200] {dagbag.py:538} INFO - Filling up the DagBag from /home/mahmoud/airflow/dags/sqlite_pipeline.py
[2024-04-15T12:34:37.244+0200] {processor.py:840} INFO - DAG(s) 'executing_sql_pipeline' retrieved from /home/mahmoud/airflow/dags/sqlite_pipeline.py
[2024-04-15T12:34:37.263+0200] {logging_mixin.py:188} INFO - [2024-04-15T12:34:37.263+0200] {dag.py:3033} INFO - Sync 1 DAGs
[2024-04-15T12:34:37.282+0200] {logging_mixin.py:188} INFO - [2024-04-15T12:34:37.281+0200] {dag.py:3820} INFO - Setting next_dagrun for executing_sql_pipeline to None, run_after=None
[2024-04-15T12:34:37.330+0200] {processor.py:183} INFO - Processing /home/mahmoud/airflow/dags/sqlite_pipeline.py took 0.105 seconds
[2024-04-15T12:35:08.629+0200] {processor.py:161} INFO - Started process (PID=5078) to work on /home/mahmoud/airflow/dags/sqlite_pipeline.py
[2024-04-15T12:35:08.636+0200] {processor.py:830} INFO - Processing file /home/mahmoud/airflow/dags/sqlite_pipeline.py for tasks to queue
[2024-04-15T12:35:08.639+0200] {logging_mixin.py:188} INFO - [2024-04-15T12:35:08.637+0200] {dagbag.py:538} INFO - Filling up the DagBag from /home/mahmoud/airflow/dags/sqlite_pipeline.py
[2024-04-15T12:35:08.654+0200] {processor.py:840} INFO - DAG(s) 'executing_sql_pipeline' retrieved from /home/mahmoud/airflow/dags/sqlite_pipeline.py
[2024-04-15T12:35:08.675+0200] {logging_mixin.py:188} INFO - [2024-04-15T12:35:08.675+0200] {dag.py:3033} INFO - Sync 1 DAGs
[2024-04-15T12:35:08.697+0200] {logging_mixin.py:188} INFO - [2024-04-15T12:35:08.697+0200] {dag.py:3820} INFO - Setting next_dagrun for executing_sql_pipeline to None, run_after=None
[2024-04-15T12:35:08.737+0200] {processor.py:183} INFO - Processing /home/mahmoud/airflow/dags/sqlite_pipeline.py took 0.112 seconds
[2024-04-15T12:35:39.240+0200] {processor.py:161} INFO - Started process (PID=5364) to work on /home/mahmoud/airflow/dags/sqlite_pipeline.py
[2024-04-15T12:35:39.251+0200] {processor.py:830} INFO - Processing file /home/mahmoud/airflow/dags/sqlite_pipeline.py for tasks to queue
[2024-04-15T12:35:39.252+0200] {logging_mixin.py:188} INFO - [2024-04-15T12:35:39.252+0200] {dagbag.py:538} INFO - Filling up the DagBag from /home/mahmoud/airflow/dags/sqlite_pipeline.py
[2024-04-15T12:35:39.265+0200] {processor.py:840} INFO - DAG(s) 'executing_sql_pipeline' retrieved from /home/mahmoud/airflow/dags/sqlite_pipeline.py
[2024-04-15T12:35:39.283+0200] {logging_mixin.py:188} INFO - [2024-04-15T12:35:39.283+0200] {dag.py:3033} INFO - Sync 1 DAGs
[2024-04-15T12:35:39.302+0200] {logging_mixin.py:188} INFO - [2024-04-15T12:35:39.302+0200] {dag.py:3820} INFO - Setting next_dagrun for executing_sql_pipeline to None, run_after=None
[2024-04-15T12:35:39.340+0200] {processor.py:183} INFO - Processing /home/mahmoud/airflow/dags/sqlite_pipeline.py took 0.104 seconds
[2024-04-15T12:36:09.836+0200] {processor.py:161} INFO - Started process (PID=5601) to work on /home/mahmoud/airflow/dags/sqlite_pipeline.py
[2024-04-15T12:36:09.847+0200] {processor.py:830} INFO - Processing file /home/mahmoud/airflow/dags/sqlite_pipeline.py for tasks to queue
[2024-04-15T12:36:09.848+0200] {logging_mixin.py:188} INFO - [2024-04-15T12:36:09.847+0200] {dagbag.py:538} INFO - Filling up the DagBag from /home/mahmoud/airflow/dags/sqlite_pipeline.py
[2024-04-15T12:36:09.857+0200] {processor.py:840} INFO - DAG(s) 'executing_sql_pipeline' retrieved from /home/mahmoud/airflow/dags/sqlite_pipeline.py
[2024-04-15T12:36:09.875+0200] {logging_mixin.py:188} INFO - [2024-04-15T12:36:09.875+0200] {dag.py:3033} INFO - Sync 1 DAGs
[2024-04-15T12:36:09.895+0200] {logging_mixin.py:188} INFO - [2024-04-15T12:36:09.895+0200] {dag.py:3820} INFO - Setting next_dagrun for executing_sql_pipeline to None, run_after=None
[2024-04-15T12:36:09.913+0200] {processor.py:183} INFO - Processing /home/mahmoud/airflow/dags/sqlite_pipeline.py took 0.081 seconds
[2024-04-15T12:36:40.458+0200] {processor.py:161} INFO - Started process (PID=5884) to work on /home/mahmoud/airflow/dags/sqlite_pipeline.py
[2024-04-15T12:36:40.460+0200] {processor.py:830} INFO - Processing file /home/mahmoud/airflow/dags/sqlite_pipeline.py for tasks to queue
[2024-04-15T12:36:40.461+0200] {logging_mixin.py:188} INFO - [2024-04-15T12:36:40.460+0200] {dagbag.py:538} INFO - Filling up the DagBag from /home/mahmoud/airflow/dags/sqlite_pipeline.py
[2024-04-15T12:36:40.477+0200] {processor.py:840} INFO - DAG(s) 'executing_sql_pipeline' retrieved from /home/mahmoud/airflow/dags/sqlite_pipeline.py
[2024-04-15T12:36:40.495+0200] {logging_mixin.py:188} INFO - [2024-04-15T12:36:40.495+0200] {dag.py:3033} INFO - Sync 1 DAGs
[2024-04-15T12:36:40.512+0200] {logging_mixin.py:188} INFO - [2024-04-15T12:36:40.512+0200] {dag.py:3820} INFO - Setting next_dagrun for executing_sql_pipeline to None, run_after=None
[2024-04-15T12:36:40.546+0200] {processor.py:183} INFO - Processing /home/mahmoud/airflow/dags/sqlite_pipeline.py took 0.095 seconds
[2024-04-15T12:37:11.040+0200] {processor.py:161} INFO - Started process (PID=6168) to work on /home/mahmoud/airflow/dags/sqlite_pipeline.py
[2024-04-15T12:37:11.043+0200] {processor.py:830} INFO - Processing file /home/mahmoud/airflow/dags/sqlite_pipeline.py for tasks to queue
[2024-04-15T12:37:11.045+0200] {logging_mixin.py:188} INFO - [2024-04-15T12:37:11.044+0200] {dagbag.py:538} INFO - Filling up the DagBag from /home/mahmoud/airflow/dags/sqlite_pipeline.py
[2024-04-15T12:37:11.062+0200] {processor.py:840} INFO - DAG(s) 'executing_sql_pipeline' retrieved from /home/mahmoud/airflow/dags/sqlite_pipeline.py
[2024-04-15T12:37:11.090+0200] {logging_mixin.py:188} INFO - [2024-04-15T12:37:11.090+0200] {dag.py:3033} INFO - Sync 1 DAGs
[2024-04-15T12:37:11.114+0200] {logging_mixin.py:188} INFO - [2024-04-15T12:37:11.114+0200] {dag.py:3820} INFO - Setting next_dagrun for executing_sql_pipeline to None, run_after=None
[2024-04-15T12:37:11.140+0200] {processor.py:183} INFO - Processing /home/mahmoud/airflow/dags/sqlite_pipeline.py took 0.107 seconds
[2024-04-15T12:37:41.672+0200] {processor.py:161} INFO - Started process (PID=6455) to work on /home/mahmoud/airflow/dags/sqlite_pipeline.py
[2024-04-15T12:37:41.673+0200] {processor.py:830} INFO - Processing file /home/mahmoud/airflow/dags/sqlite_pipeline.py for tasks to queue
[2024-04-15T12:37:41.675+0200] {logging_mixin.py:188} INFO - [2024-04-15T12:37:41.674+0200] {dagbag.py:538} INFO - Filling up the DagBag from /home/mahmoud/airflow/dags/sqlite_pipeline.py
[2024-04-15T12:37:41.690+0200] {processor.py:840} INFO - DAG(s) 'executing_sql_pipeline' retrieved from /home/mahmoud/airflow/dags/sqlite_pipeline.py
[2024-04-15T12:37:41.710+0200] {logging_mixin.py:188} INFO - [2024-04-15T12:37:41.709+0200] {dag.py:3033} INFO - Sync 1 DAGs
[2024-04-15T12:37:41.728+0200] {logging_mixin.py:188} INFO - [2024-04-15T12:37:41.727+0200] {dag.py:3820} INFO - Setting next_dagrun for executing_sql_pipeline to None, run_after=None
[2024-04-15T12:37:41.760+0200] {processor.py:183} INFO - Processing /home/mahmoud/airflow/dags/sqlite_pipeline.py took 0.095 seconds
[2024-04-15T12:38:12.306+0200] {processor.py:161} INFO - Started process (PID=6762) to work on /home/mahmoud/airflow/dags/sqlite_pipeline.py
[2024-04-15T12:38:12.308+0200] {processor.py:830} INFO - Processing file /home/mahmoud/airflow/dags/sqlite_pipeline.py for tasks to queue
[2024-04-15T12:38:12.310+0200] {logging_mixin.py:188} INFO - [2024-04-15T12:38:12.309+0200] {dagbag.py:538} INFO - Filling up the DagBag from /home/mahmoud/airflow/dags/sqlite_pipeline.py
[2024-04-15T12:38:12.322+0200] {processor.py:840} INFO - DAG(s) 'executing_sql_pipeline' retrieved from /home/mahmoud/airflow/dags/sqlite_pipeline.py
[2024-04-15T12:38:12.340+0200] {logging_mixin.py:188} INFO - [2024-04-15T12:38:12.340+0200] {dag.py:3033} INFO - Sync 1 DAGs
[2024-04-15T12:38:12.358+0200] {logging_mixin.py:188} INFO - [2024-04-15T12:38:12.358+0200] {dag.py:3820} INFO - Setting next_dagrun for executing_sql_pipeline to None, run_after=None
[2024-04-15T12:38:12.395+0200] {processor.py:183} INFO - Processing /home/mahmoud/airflow/dags/sqlite_pipeline.py took 0.094 seconds
[2024-04-15T12:38:42.933+0200] {processor.py:161} INFO - Started process (PID=7022) to work on /home/mahmoud/airflow/dags/sqlite_pipeline.py
[2024-04-15T12:38:42.934+0200] {processor.py:830} INFO - Processing file /home/mahmoud/airflow/dags/sqlite_pipeline.py for tasks to queue
[2024-04-15T12:38:42.936+0200] {logging_mixin.py:188} INFO - [2024-04-15T12:38:42.935+0200] {dagbag.py:538} INFO - Filling up the DagBag from /home/mahmoud/airflow/dags/sqlite_pipeline.py
[2024-04-15T12:38:42.950+0200] {processor.py:840} INFO - DAG(s) 'executing_sql_pipeline' retrieved from /home/mahmoud/airflow/dags/sqlite_pipeline.py
[2024-04-15T12:38:42.968+0200] {logging_mixin.py:188} INFO - [2024-04-15T12:38:42.968+0200] {dag.py:3033} INFO - Sync 1 DAGs
[2024-04-15T12:38:42.986+0200] {logging_mixin.py:188} INFO - [2024-04-15T12:38:42.985+0200] {dag.py:3820} INFO - Setting next_dagrun for executing_sql_pipeline to None, run_after=None
[2024-04-15T12:38:43.009+0200] {processor.py:183} INFO - Processing /home/mahmoud/airflow/dags/sqlite_pipeline.py took 0.084 seconds
[2024-04-15T12:39:13.532+0200] {processor.py:161} INFO - Started process (PID=7363) to work on /home/mahmoud/airflow/dags/sqlite_pipeline.py
[2024-04-15T12:39:13.534+0200] {processor.py:830} INFO - Processing file /home/mahmoud/airflow/dags/sqlite_pipeline.py for tasks to queue
[2024-04-15T12:39:13.535+0200] {logging_mixin.py:188} INFO - [2024-04-15T12:39:13.534+0200] {dagbag.py:538} INFO - Filling up the DagBag from /home/mahmoud/airflow/dags/sqlite_pipeline.py
[2024-04-15T12:39:13.546+0200] {processor.py:840} INFO - DAG(s) 'executing_sql_pipeline' retrieved from /home/mahmoud/airflow/dags/sqlite_pipeline.py
[2024-04-15T12:39:13.568+0200] {logging_mixin.py:188} INFO - [2024-04-15T12:39:13.567+0200] {dag.py:3033} INFO - Sync 1 DAGs
[2024-04-15T12:39:13.586+0200] {logging_mixin.py:188} INFO - [2024-04-15T12:39:13.586+0200] {dag.py:3820} INFO - Setting next_dagrun for executing_sql_pipeline to None, run_after=None
[2024-04-15T12:39:13.624+0200] {processor.py:183} INFO - Processing /home/mahmoud/airflow/dags/sqlite_pipeline.py took 0.095 seconds
[2024-04-15T12:39:44.188+0200] {processor.py:161} INFO - Started process (PID=7703) to work on /home/mahmoud/airflow/dags/sqlite_pipeline.py
[2024-04-15T12:39:44.190+0200] {processor.py:830} INFO - Processing file /home/mahmoud/airflow/dags/sqlite_pipeline.py for tasks to queue
[2024-04-15T12:39:44.192+0200] {logging_mixin.py:188} INFO - [2024-04-15T12:39:44.191+0200] {dagbag.py:538} INFO - Filling up the DagBag from /home/mahmoud/airflow/dags/sqlite_pipeline.py
[2024-04-15T12:39:44.208+0200] {processor.py:840} INFO - DAG(s) 'executing_sql_pipeline' retrieved from /home/mahmoud/airflow/dags/sqlite_pipeline.py
[2024-04-15T12:39:44.228+0200] {logging_mixin.py:188} INFO - [2024-04-15T12:39:44.228+0200] {dag.py:3033} INFO - Sync 1 DAGs
[2024-04-15T12:39:44.245+0200] {logging_mixin.py:188} INFO - [2024-04-15T12:39:44.245+0200] {dag.py:3820} INFO - Setting next_dagrun for executing_sql_pipeline to None, run_after=None
[2024-04-15T12:39:44.277+0200] {processor.py:183} INFO - Processing /home/mahmoud/airflow/dags/sqlite_pipeline.py took 0.097 seconds
[2024-04-15T12:40:14.783+0200] {processor.py:161} INFO - Started process (PID=8043) to work on /home/mahmoud/airflow/dags/sqlite_pipeline.py
[2024-04-15T12:40:14.786+0200] {processor.py:830} INFO - Processing file /home/mahmoud/airflow/dags/sqlite_pipeline.py for tasks to queue
[2024-04-15T12:40:14.787+0200] {logging_mixin.py:188} INFO - [2024-04-15T12:40:14.786+0200] {dagbag.py:538} INFO - Filling up the DagBag from /home/mahmoud/airflow/dags/sqlite_pipeline.py
[2024-04-15T12:40:14.798+0200] {processor.py:840} INFO - DAG(s) 'executing_sql_pipeline' retrieved from /home/mahmoud/airflow/dags/sqlite_pipeline.py
[2024-04-15T12:40:14.815+0200] {logging_mixin.py:188} INFO - [2024-04-15T12:40:14.815+0200] {dag.py:3033} INFO - Sync 1 DAGs
[2024-04-15T12:40:14.831+0200] {logging_mixin.py:188} INFO - [2024-04-15T12:40:14.831+0200] {dag.py:3820} INFO - Setting next_dagrun for executing_sql_pipeline to None, run_after=None
[2024-04-15T12:40:14.874+0200] {processor.py:183} INFO - Processing /home/mahmoud/airflow/dags/sqlite_pipeline.py took 0.094 seconds
[2024-04-15T12:40:45.392+0200] {processor.py:161} INFO - Started process (PID=8455) to work on /home/mahmoud/airflow/dags/sqlite_pipeline.py
[2024-04-15T12:40:45.394+0200] {processor.py:830} INFO - Processing file /home/mahmoud/airflow/dags/sqlite_pipeline.py for tasks to queue
[2024-04-15T12:40:45.395+0200] {logging_mixin.py:188} INFO - [2024-04-15T12:40:45.395+0200] {dagbag.py:538} INFO - Filling up the DagBag from /home/mahmoud/airflow/dags/sqlite_pipeline.py
[2024-04-15T12:40:45.411+0200] {processor.py:840} INFO - DAG(s) 'executing_sql_pipeline' retrieved from /home/mahmoud/airflow/dags/sqlite_pipeline.py
[2024-04-15T12:40:45.432+0200] {logging_mixin.py:188} INFO - [2024-04-15T12:40:45.432+0200] {dag.py:3033} INFO - Sync 1 DAGs
[2024-04-15T12:40:45.450+0200] {logging_mixin.py:188} INFO - [2024-04-15T12:40:45.450+0200] {dag.py:3820} INFO - Setting next_dagrun for executing_sql_pipeline to None, run_after=None
[2024-04-15T12:40:45.483+0200] {processor.py:183} INFO - Processing /home/mahmoud/airflow/dags/sqlite_pipeline.py took 0.098 seconds
[2024-04-15T12:41:15.993+0200] {processor.py:161} INFO - Started process (PID=8751) to work on /home/mahmoud/airflow/dags/sqlite_pipeline.py
[2024-04-15T12:41:15.994+0200] {processor.py:830} INFO - Processing file /home/mahmoud/airflow/dags/sqlite_pipeline.py for tasks to queue
[2024-04-15T12:41:15.995+0200] {logging_mixin.py:188} INFO - [2024-04-15T12:41:15.995+0200] {dagbag.py:538} INFO - Filling up the DagBag from /home/mahmoud/airflow/dags/sqlite_pipeline.py
[2024-04-15T12:41:16.005+0200] {processor.py:840} INFO - DAG(s) 'executing_sql_pipeline' retrieved from /home/mahmoud/airflow/dags/sqlite_pipeline.py
[2024-04-15T12:41:16.022+0200] {logging_mixin.py:188} INFO - [2024-04-15T12:41:16.022+0200] {dag.py:3033} INFO - Sync 1 DAGs
[2024-04-15T12:41:16.039+0200] {logging_mixin.py:188} INFO - [2024-04-15T12:41:16.039+0200] {dag.py:3820} INFO - Setting next_dagrun for executing_sql_pipeline to None, run_after=None
[2024-04-15T12:41:16.111+0200] {processor.py:183} INFO - Processing /home/mahmoud/airflow/dags/sqlite_pipeline.py took 0.121 seconds
[2024-04-15T12:41:46.668+0200] {processor.py:161} INFO - Started process (PID=8986) to work on /home/mahmoud/airflow/dags/sqlite_pipeline.py
[2024-04-15T12:41:46.671+0200] {processor.py:830} INFO - Processing file /home/mahmoud/airflow/dags/sqlite_pipeline.py for tasks to queue
[2024-04-15T12:41:46.673+0200] {logging_mixin.py:188} INFO - [2024-04-15T12:41:46.673+0200] {dagbag.py:538} INFO - Filling up the DagBag from /home/mahmoud/airflow/dags/sqlite_pipeline.py
[2024-04-15T12:41:46.693+0200] {processor.py:840} INFO - DAG(s) 'executing_sql_pipeline' retrieved from /home/mahmoud/airflow/dags/sqlite_pipeline.py
[2024-04-15T12:41:46.715+0200] {logging_mixin.py:188} INFO - [2024-04-15T12:41:46.715+0200] {dag.py:3033} INFO - Sync 1 DAGs
[2024-04-15T12:41:46.734+0200] {logging_mixin.py:188} INFO - [2024-04-15T12:41:46.734+0200] {dag.py:3820} INFO - Setting next_dagrun for executing_sql_pipeline to None, run_after=None
[2024-04-15T12:41:46.765+0200] {processor.py:183} INFO - Processing /home/mahmoud/airflow/dags/sqlite_pipeline.py took 0.105 seconds
[2024-04-15T12:42:17.325+0200] {processor.py:161} INFO - Started process (PID=9222) to work on /home/mahmoud/airflow/dags/sqlite_pipeline.py
[2024-04-15T12:42:17.338+0200] {processor.py:830} INFO - Processing file /home/mahmoud/airflow/dags/sqlite_pipeline.py for tasks to queue
[2024-04-15T12:42:17.339+0200] {logging_mixin.py:188} INFO - [2024-04-15T12:42:17.339+0200] {dagbag.py:538} INFO - Filling up the DagBag from /home/mahmoud/airflow/dags/sqlite_pipeline.py
[2024-04-15T12:42:17.352+0200] {processor.py:840} INFO - DAG(s) 'executing_sql_pipeline' retrieved from /home/mahmoud/airflow/dags/sqlite_pipeline.py
[2024-04-15T12:42:17.369+0200] {logging_mixin.py:188} INFO - [2024-04-15T12:42:17.369+0200] {dag.py:3033} INFO - Sync 1 DAGs
[2024-04-15T12:42:17.386+0200] {logging_mixin.py:188} INFO - [2024-04-15T12:42:17.386+0200] {dag.py:3820} INFO - Setting next_dagrun for executing_sql_pipeline to None, run_after=None
[2024-04-15T12:42:17.424+0200] {processor.py:183} INFO - Processing /home/mahmoud/airflow/dags/sqlite_pipeline.py took 0.106 seconds
[2024-04-15T12:42:48.060+0200] {processor.py:161} INFO - Started process (PID=9459) to work on /home/mahmoud/airflow/dags/sqlite_pipeline.py
[2024-04-15T12:42:48.062+0200] {processor.py:830} INFO - Processing file /home/mahmoud/airflow/dags/sqlite_pipeline.py for tasks to queue
[2024-04-15T12:42:48.063+0200] {logging_mixin.py:188} INFO - [2024-04-15T12:42:48.062+0200] {dagbag.py:538} INFO - Filling up the DagBag from /home/mahmoud/airflow/dags/sqlite_pipeline.py
[2024-04-15T12:42:48.075+0200] {processor.py:840} INFO - DAG(s) 'executing_sql_pipeline' retrieved from /home/mahmoud/airflow/dags/sqlite_pipeline.py
[2024-04-15T12:42:48.092+0200] {logging_mixin.py:188} INFO - [2024-04-15T12:42:48.092+0200] {dag.py:3033} INFO - Sync 1 DAGs
[2024-04-15T12:42:48.109+0200] {logging_mixin.py:188} INFO - [2024-04-15T12:42:48.109+0200] {dag.py:3820} INFO - Setting next_dagrun for executing_sql_pipeline to None, run_after=None
[2024-04-15T12:42:48.149+0200] {processor.py:183} INFO - Processing /home/mahmoud/airflow/dags/sqlite_pipeline.py took 0.093 seconds
[2024-04-15T12:43:18.756+0200] {processor.py:161} INFO - Started process (PID=9759) to work on /home/mahmoud/airflow/dags/sqlite_pipeline.py
[2024-04-15T12:43:18.760+0200] {processor.py:830} INFO - Processing file /home/mahmoud/airflow/dags/sqlite_pipeline.py for tasks to queue
[2024-04-15T12:43:18.761+0200] {logging_mixin.py:188} INFO - [2024-04-15T12:43:18.761+0200] {dagbag.py:538} INFO - Filling up the DagBag from /home/mahmoud/airflow/dags/sqlite_pipeline.py
[2024-04-15T12:43:18.779+0200] {processor.py:840} INFO - DAG(s) 'executing_sql_pipeline' retrieved from /home/mahmoud/airflow/dags/sqlite_pipeline.py
[2024-04-15T12:43:18.799+0200] {logging_mixin.py:188} INFO - [2024-04-15T12:43:18.799+0200] {dag.py:3033} INFO - Sync 1 DAGs
[2024-04-15T12:43:18.815+0200] {logging_mixin.py:188} INFO - [2024-04-15T12:43:18.815+0200] {dag.py:3820} INFO - Setting next_dagrun for executing_sql_pipeline to None, run_after=None
[2024-04-15T12:43:18.848+0200] {processor.py:183} INFO - Processing /home/mahmoud/airflow/dags/sqlite_pipeline.py took 0.101 seconds
[2024-04-15T12:43:49.332+0200] {processor.py:161} INFO - Started process (PID=9989) to work on /home/mahmoud/airflow/dags/sqlite_pipeline.py
[2024-04-15T12:43:49.335+0200] {processor.py:830} INFO - Processing file /home/mahmoud/airflow/dags/sqlite_pipeline.py for tasks to queue
[2024-04-15T12:43:49.337+0200] {logging_mixin.py:188} INFO - [2024-04-15T12:43:49.336+0200] {dagbag.py:538} INFO - Filling up the DagBag from /home/mahmoud/airflow/dags/sqlite_pipeline.py
[2024-04-15T12:43:49.352+0200] {processor.py:840} INFO - DAG(s) 'executing_sql_pipeline' retrieved from /home/mahmoud/airflow/dags/sqlite_pipeline.py
[2024-04-15T12:43:49.371+0200] {logging_mixin.py:188} INFO - [2024-04-15T12:43:49.371+0200] {dag.py:3033} INFO - Sync 1 DAGs
[2024-04-15T12:43:49.388+0200] {logging_mixin.py:188} INFO - [2024-04-15T12:43:49.387+0200] {dag.py:3820} INFO - Setting next_dagrun for executing_sql_pipeline to None, run_after=None
[2024-04-15T12:43:49.422+0200] {processor.py:183} INFO - Processing /home/mahmoud/airflow/dags/sqlite_pipeline.py took 0.096 seconds
[2024-04-15T12:44:19.972+0200] {processor.py:161} INFO - Started process (PID=10225) to work on /home/mahmoud/airflow/dags/sqlite_pipeline.py
[2024-04-15T12:44:19.975+0200] {processor.py:830} INFO - Processing file /home/mahmoud/airflow/dags/sqlite_pipeline.py for tasks to queue
[2024-04-15T12:44:19.977+0200] {logging_mixin.py:188} INFO - [2024-04-15T12:44:19.976+0200] {dagbag.py:538} INFO - Filling up the DagBag from /home/mahmoud/airflow/dags/sqlite_pipeline.py
[2024-04-15T12:44:19.988+0200] {processor.py:840} INFO - DAG(s) 'executing_sql_pipeline' retrieved from /home/mahmoud/airflow/dags/sqlite_pipeline.py
[2024-04-15T12:44:20.007+0200] {logging_mixin.py:188} INFO - [2024-04-15T12:44:20.006+0200] {dag.py:3033} INFO - Sync 1 DAGs
[2024-04-15T12:44:20.028+0200] {logging_mixin.py:188} INFO - [2024-04-15T12:44:20.027+0200] {dag.py:3820} INFO - Setting next_dagrun for executing_sql_pipeline to None, run_after=None
[2024-04-15T12:44:20.062+0200] {processor.py:183} INFO - Processing /home/mahmoud/airflow/dags/sqlite_pipeline.py took 0.093 seconds
[2024-04-15T12:44:51.018+0200] {processor.py:161} INFO - Started process (PID=10463) to work on /home/mahmoud/airflow/dags/sqlite_pipeline.py
[2024-04-15T12:44:51.020+0200] {processor.py:830} INFO - Processing file /home/mahmoud/airflow/dags/sqlite_pipeline.py for tasks to queue
[2024-04-15T12:44:51.021+0200] {logging_mixin.py:188} INFO - [2024-04-15T12:44:51.020+0200] {dagbag.py:538} INFO - Filling up the DagBag from /home/mahmoud/airflow/dags/sqlite_pipeline.py
[2024-04-15T12:44:51.032+0200] {processor.py:840} INFO - DAG(s) 'executing_sql_pipeline' retrieved from /home/mahmoud/airflow/dags/sqlite_pipeline.py
[2024-04-15T12:44:51.051+0200] {logging_mixin.py:188} INFO - [2024-04-15T12:44:51.051+0200] {dag.py:3033} INFO - Sync 1 DAGs
[2024-04-15T12:44:51.071+0200] {logging_mixin.py:188} INFO - [2024-04-15T12:44:51.071+0200] {dag.py:3820} INFO - Setting next_dagrun for executing_sql_pipeline to None, run_after=None
[2024-04-15T12:44:51.092+0200] {processor.py:183} INFO - Processing /home/mahmoud/airflow/dags/sqlite_pipeline.py took 0.078 seconds
[2024-04-15T12:45:21.674+0200] {processor.py:161} INFO - Started process (PID=10702) to work on /home/mahmoud/airflow/dags/sqlite_pipeline.py
[2024-04-15T12:45:21.675+0200] {processor.py:830} INFO - Processing file /home/mahmoud/airflow/dags/sqlite_pipeline.py for tasks to queue
[2024-04-15T12:45:21.676+0200] {logging_mixin.py:188} INFO - [2024-04-15T12:45:21.676+0200] {dagbag.py:538} INFO - Filling up the DagBag from /home/mahmoud/airflow/dags/sqlite_pipeline.py
[2024-04-15T12:45:21.688+0200] {processor.py:840} INFO - DAG(s) 'executing_sql_pipeline' retrieved from /home/mahmoud/airflow/dags/sqlite_pipeline.py
[2024-04-15T12:45:21.706+0200] {logging_mixin.py:188} INFO - [2024-04-15T12:45:21.706+0200] {dag.py:3033} INFO - Sync 1 DAGs
[2024-04-15T12:45:21.723+0200] {logging_mixin.py:188} INFO - [2024-04-15T12:45:21.722+0200] {dag.py:3820} INFO - Setting next_dagrun for executing_sql_pipeline to None, run_after=None
[2024-04-15T12:45:21.745+0200] {processor.py:183} INFO - Processing /home/mahmoud/airflow/dags/sqlite_pipeline.py took 0.075 seconds
[2024-04-15T12:45:52.392+0200] {processor.py:161} INFO - Started process (PID=10966) to work on /home/mahmoud/airflow/dags/sqlite_pipeline.py
[2024-04-15T12:45:52.394+0200] {processor.py:830} INFO - Processing file /home/mahmoud/airflow/dags/sqlite_pipeline.py for tasks to queue
[2024-04-15T12:45:52.395+0200] {logging_mixin.py:188} INFO - [2024-04-15T12:45:52.395+0200] {dagbag.py:538} INFO - Filling up the DagBag from /home/mahmoud/airflow/dags/sqlite_pipeline.py
[2024-04-15T12:45:52.407+0200] {processor.py:840} INFO - DAG(s) 'executing_sql_pipeline' retrieved from /home/mahmoud/airflow/dags/sqlite_pipeline.py
[2024-04-15T12:45:52.425+0200] {logging_mixin.py:188} INFO - [2024-04-15T12:45:52.424+0200] {dag.py:3033} INFO - Sync 1 DAGs
[2024-04-15T12:45:52.443+0200] {logging_mixin.py:188} INFO - [2024-04-15T12:45:52.442+0200] {dag.py:3820} INFO - Setting next_dagrun for executing_sql_pipeline to None, run_after=None
[2024-04-15T12:45:52.480+0200] {processor.py:183} INFO - Processing /home/mahmoud/airflow/dags/sqlite_pipeline.py took 0.092 seconds
[2024-04-15T12:46:23.087+0200] {processor.py:161} INFO - Started process (PID=11201) to work on /home/mahmoud/airflow/dags/sqlite_pipeline.py
[2024-04-15T12:46:23.088+0200] {processor.py:830} INFO - Processing file /home/mahmoud/airflow/dags/sqlite_pipeline.py for tasks to queue
[2024-04-15T12:46:23.089+0200] {logging_mixin.py:188} INFO - [2024-04-15T12:46:23.089+0200] {dagbag.py:538} INFO - Filling up the DagBag from /home/mahmoud/airflow/dags/sqlite_pipeline.py
[2024-04-15T12:46:23.101+0200] {processor.py:840} INFO - DAG(s) 'executing_sql_pipeline' retrieved from /home/mahmoud/airflow/dags/sqlite_pipeline.py
[2024-04-15T12:46:23.119+0200] {logging_mixin.py:188} INFO - [2024-04-15T12:46:23.119+0200] {dag.py:3033} INFO - Sync 1 DAGs
[2024-04-15T12:46:23.136+0200] {logging_mixin.py:188} INFO - [2024-04-15T12:46:23.136+0200] {dag.py:3820} INFO - Setting next_dagrun for executing_sql_pipeline to None, run_after=None
[2024-04-15T12:46:23.173+0200] {processor.py:183} INFO - Processing /home/mahmoud/airflow/dags/sqlite_pipeline.py took 0.091 seconds
[2024-04-15T12:46:53.746+0200] {processor.py:161} INFO - Started process (PID=11432) to work on /home/mahmoud/airflow/dags/sqlite_pipeline.py
[2024-04-15T12:46:53.749+0200] {processor.py:830} INFO - Processing file /home/mahmoud/airflow/dags/sqlite_pipeline.py for tasks to queue
[2024-04-15T12:46:53.751+0200] {logging_mixin.py:188} INFO - [2024-04-15T12:46:53.750+0200] {dagbag.py:538} INFO - Filling up the DagBag from /home/mahmoud/airflow/dags/sqlite_pipeline.py
[2024-04-15T12:46:53.767+0200] {processor.py:840} INFO - DAG(s) 'executing_sql_pipeline' retrieved from /home/mahmoud/airflow/dags/sqlite_pipeline.py
[2024-04-15T12:46:53.786+0200] {logging_mixin.py:188} INFO - [2024-04-15T12:46:53.786+0200] {dag.py:3033} INFO - Sync 1 DAGs
[2024-04-15T12:46:53.804+0200] {logging_mixin.py:188} INFO - [2024-04-15T12:46:53.803+0200] {dag.py:3820} INFO - Setting next_dagrun for executing_sql_pipeline to None, run_after=None
[2024-04-15T12:46:53.836+0200] {processor.py:183} INFO - Processing /home/mahmoud/airflow/dags/sqlite_pipeline.py took 0.096 seconds
[2024-04-15T12:47:24.039+0200] {processor.py:161} INFO - Started process (PID=11666) to work on /home/mahmoud/airflow/dags/sqlite_pipeline.py
[2024-04-15T12:47:24.040+0200] {processor.py:830} INFO - Processing file /home/mahmoud/airflow/dags/sqlite_pipeline.py for tasks to queue
[2024-04-15T12:47:24.041+0200] {logging_mixin.py:188} INFO - [2024-04-15T12:47:24.040+0200] {dagbag.py:538} INFO - Filling up the DagBag from /home/mahmoud/airflow/dags/sqlite_pipeline.py
[2024-04-15T12:47:24.051+0200] {processor.py:840} INFO - DAG(s) 'executing_sql_pipeline' retrieved from /home/mahmoud/airflow/dags/sqlite_pipeline.py
[2024-04-15T12:47:24.069+0200] {logging_mixin.py:188} INFO - [2024-04-15T12:47:24.069+0200] {dag.py:3033} INFO - Sync 1 DAGs
[2024-04-15T12:47:24.088+0200] {logging_mixin.py:188} INFO - [2024-04-15T12:47:24.088+0200] {dag.py:3820} INFO - Setting next_dagrun for executing_sql_pipeline to None, run_after=None
[2024-04-15T12:47:24.123+0200] {processor.py:183} INFO - Processing /home/mahmoud/airflow/dags/sqlite_pipeline.py took 0.087 seconds
[2024-04-15T12:47:54.234+0200] {processor.py:161} INFO - Started process (PID=11901) to work on /home/mahmoud/airflow/dags/sqlite_pipeline.py
[2024-04-15T12:47:54.236+0200] {processor.py:830} INFO - Processing file /home/mahmoud/airflow/dags/sqlite_pipeline.py for tasks to queue
[2024-04-15T12:47:54.237+0200] {logging_mixin.py:188} INFO - [2024-04-15T12:47:54.237+0200] {dagbag.py:538} INFO - Filling up the DagBag from /home/mahmoud/airflow/dags/sqlite_pipeline.py
[2024-04-15T12:47:54.248+0200] {processor.py:840} INFO - DAG(s) 'executing_sql_pipeline' retrieved from /home/mahmoud/airflow/dags/sqlite_pipeline.py
[2024-04-15T12:47:54.265+0200] {logging_mixin.py:188} INFO - [2024-04-15T12:47:54.264+0200] {dag.py:3033} INFO - Sync 1 DAGs
[2024-04-15T12:47:54.282+0200] {logging_mixin.py:188} INFO - [2024-04-15T12:47:54.282+0200] {dag.py:3820} INFO - Setting next_dagrun for executing_sql_pipeline to None, run_after=None
[2024-04-15T12:47:54.328+0200] {processor.py:183} INFO - Processing /home/mahmoud/airflow/dags/sqlite_pipeline.py took 0.098 seconds
[2024-04-15T12:48:24.848+0200] {processor.py:161} INFO - Started process (PID=12129) to work on /home/mahmoud/airflow/dags/sqlite_pipeline.py
[2024-04-15T12:48:24.850+0200] {processor.py:830} INFO - Processing file /home/mahmoud/airflow/dags/sqlite_pipeline.py for tasks to queue
[2024-04-15T12:48:24.851+0200] {logging_mixin.py:188} INFO - [2024-04-15T12:48:24.851+0200] {dagbag.py:538} INFO - Filling up the DagBag from /home/mahmoud/airflow/dags/sqlite_pipeline.py
[2024-04-15T12:48:24.865+0200] {processor.py:840} INFO - DAG(s) 'executing_sql_pipeline' retrieved from /home/mahmoud/airflow/dags/sqlite_pipeline.py
[2024-04-15T12:48:24.884+0200] {logging_mixin.py:188} INFO - [2024-04-15T12:48:24.884+0200] {dag.py:3033} INFO - Sync 1 DAGs
[2024-04-15T12:48:24.903+0200] {logging_mixin.py:188} INFO - [2024-04-15T12:48:24.903+0200] {dag.py:3820} INFO - Setting next_dagrun for executing_sql_pipeline to None, run_after=None
[2024-04-15T12:48:24.933+0200] {processor.py:183} INFO - Processing /home/mahmoud/airflow/dags/sqlite_pipeline.py took 0.091 seconds
[2024-04-15T12:48:56.240+0200] {processor.py:161} INFO - Started process (PID=12374) to work on /home/mahmoud/airflow/dags/sqlite_pipeline.py
[2024-04-15T12:48:56.253+0200] {processor.py:830} INFO - Processing file /home/mahmoud/airflow/dags/sqlite_pipeline.py for tasks to queue
[2024-04-15T12:48:56.256+0200] {logging_mixin.py:188} INFO - [2024-04-15T12:48:56.255+0200] {dagbag.py:538} INFO - Filling up the DagBag from /home/mahmoud/airflow/dags/sqlite_pipeline.py
[2024-04-15T12:48:56.279+0200] {processor.py:840} INFO - DAG(s) 'executing_sql_pipeline' retrieved from /home/mahmoud/airflow/dags/sqlite_pipeline.py
[2024-04-15T12:48:56.297+0200] {logging_mixin.py:188} INFO - [2024-04-15T12:48:56.297+0200] {dag.py:3033} INFO - Sync 1 DAGs
[2024-04-15T12:48:56.314+0200] {logging_mixin.py:188} INFO - [2024-04-15T12:48:56.314+0200] {dag.py:3820} INFO - Setting next_dagrun for executing_sql_pipeline to None, run_after=None
[2024-04-15T12:48:56.346+0200] {processor.py:183} INFO - Processing /home/mahmoud/airflow/dags/sqlite_pipeline.py took 0.114 seconds
[2024-04-15T12:49:26.850+0200] {processor.py:161} INFO - Started process (PID=12602) to work on /home/mahmoud/airflow/dags/sqlite_pipeline.py
[2024-04-15T12:49:26.853+0200] {processor.py:830} INFO - Processing file /home/mahmoud/airflow/dags/sqlite_pipeline.py for tasks to queue
[2024-04-15T12:49:26.854+0200] {logging_mixin.py:188} INFO - [2024-04-15T12:49:26.853+0200] {dagbag.py:538} INFO - Filling up the DagBag from /home/mahmoud/airflow/dags/sqlite_pipeline.py
[2024-04-15T12:49:26.868+0200] {processor.py:840} INFO - DAG(s) 'executing_sql_pipeline' retrieved from /home/mahmoud/airflow/dags/sqlite_pipeline.py
[2024-04-15T12:49:26.886+0200] {logging_mixin.py:188} INFO - [2024-04-15T12:49:26.886+0200] {dag.py:3033} INFO - Sync 1 DAGs
[2024-04-15T12:49:26.904+0200] {logging_mixin.py:188} INFO - [2024-04-15T12:49:26.904+0200] {dag.py:3820} INFO - Setting next_dagrun for executing_sql_pipeline to None, run_after=None
[2024-04-15T12:49:26.940+0200] {processor.py:183} INFO - Processing /home/mahmoud/airflow/dags/sqlite_pipeline.py took 0.096 seconds
[2024-04-15T12:49:57.389+0200] {processor.py:161} INFO - Started process (PID=12839) to work on /home/mahmoud/airflow/dags/sqlite_pipeline.py
[2024-04-15T12:49:57.392+0200] {processor.py:830} INFO - Processing file /home/mahmoud/airflow/dags/sqlite_pipeline.py for tasks to queue
[2024-04-15T12:49:57.393+0200] {logging_mixin.py:188} INFO - [2024-04-15T12:49:57.392+0200] {dagbag.py:538} INFO - Filling up the DagBag from /home/mahmoud/airflow/dags/sqlite_pipeline.py
[2024-04-15T12:49:57.404+0200] {processor.py:840} INFO - DAG(s) 'executing_sql_pipeline' retrieved from /home/mahmoud/airflow/dags/sqlite_pipeline.py
[2024-04-15T12:49:57.420+0200] {logging_mixin.py:188} INFO - [2024-04-15T12:49:57.419+0200] {dag.py:3033} INFO - Sync 1 DAGs
[2024-04-15T12:49:57.437+0200] {logging_mixin.py:188} INFO - [2024-04-15T12:49:57.437+0200] {dag.py:3820} INFO - Setting next_dagrun for executing_sql_pipeline to None, run_after=None
[2024-04-15T12:49:57.478+0200] {processor.py:183} INFO - Processing /home/mahmoud/airflow/dags/sqlite_pipeline.py took 0.092 seconds
[2024-04-15T12:50:28.357+0200] {processor.py:161} INFO - Started process (PID=13106) to work on /home/mahmoud/airflow/dags/sqlite_pipeline.py
[2024-04-15T12:50:28.358+0200] {processor.py:830} INFO - Processing file /home/mahmoud/airflow/dags/sqlite_pipeline.py for tasks to queue
[2024-04-15T12:50:28.359+0200] {logging_mixin.py:188} INFO - [2024-04-15T12:50:28.359+0200] {dagbag.py:538} INFO - Filling up the DagBag from /home/mahmoud/airflow/dags/sqlite_pipeline.py
[2024-04-15T12:50:28.370+0200] {processor.py:840} INFO - DAG(s) 'executing_sql_pipeline' retrieved from /home/mahmoud/airflow/dags/sqlite_pipeline.py
[2024-04-15T12:50:28.388+0200] {logging_mixin.py:188} INFO - [2024-04-15T12:50:28.388+0200] {dag.py:3033} INFO - Sync 1 DAGs
[2024-04-15T12:50:28.406+0200] {logging_mixin.py:188} INFO - [2024-04-15T12:50:28.406+0200] {dag.py:3820} INFO - Setting next_dagrun for executing_sql_pipeline to None, run_after=None
[2024-04-15T12:50:28.446+0200] {processor.py:183} INFO - Processing /home/mahmoud/airflow/dags/sqlite_pipeline.py took 0.093 seconds
[2024-04-15T12:50:59.248+0200] {processor.py:161} INFO - Started process (PID=13342) to work on /home/mahmoud/airflow/dags/sqlite_pipeline.py
[2024-04-15T12:50:59.249+0200] {processor.py:830} INFO - Processing file /home/mahmoud/airflow/dags/sqlite_pipeline.py for tasks to queue
[2024-04-15T12:50:59.250+0200] {logging_mixin.py:188} INFO - [2024-04-15T12:50:59.250+0200] {dagbag.py:538} INFO - Filling up the DagBag from /home/mahmoud/airflow/dags/sqlite_pipeline.py
[2024-04-15T12:50:59.264+0200] {processor.py:840} INFO - DAG(s) 'executing_sql_pipeline' retrieved from /home/mahmoud/airflow/dags/sqlite_pipeline.py
[2024-04-15T12:50:59.282+0200] {logging_mixin.py:188} INFO - [2024-04-15T12:50:59.282+0200] {dag.py:3033} INFO - Sync 1 DAGs
[2024-04-15T12:50:59.299+0200] {logging_mixin.py:188} INFO - [2024-04-15T12:50:59.299+0200] {dag.py:3820} INFO - Setting next_dagrun for executing_sql_pipeline to None, run_after=None
[2024-04-15T12:50:59.334+0200] {processor.py:183} INFO - Processing /home/mahmoud/airflow/dags/sqlite_pipeline.py took 0.091 seconds
[2024-04-15T12:51:30.114+0200] {processor.py:161} INFO - Started process (PID=13578) to work on /home/mahmoud/airflow/dags/sqlite_pipeline.py
[2024-04-15T12:51:30.125+0200] {processor.py:830} INFO - Processing file /home/mahmoud/airflow/dags/sqlite_pipeline.py for tasks to queue
[2024-04-15T12:51:30.126+0200] {logging_mixin.py:188} INFO - [2024-04-15T12:51:30.126+0200] {dagbag.py:538} INFO - Filling up the DagBag from /home/mahmoud/airflow/dags/sqlite_pipeline.py
[2024-04-15T12:51:30.137+0200] {processor.py:840} INFO - DAG(s) 'executing_sql_pipeline' retrieved from /home/mahmoud/airflow/dags/sqlite_pipeline.py
[2024-04-15T12:51:30.155+0200] {logging_mixin.py:188} INFO - [2024-04-15T12:51:30.155+0200] {dag.py:3033} INFO - Sync 1 DAGs
[2024-04-15T12:51:30.172+0200] {logging_mixin.py:188} INFO - [2024-04-15T12:51:30.172+0200] {dag.py:3820} INFO - Setting next_dagrun for executing_sql_pipeline to None, run_after=None
[2024-04-15T12:51:30.212+0200] {processor.py:183} INFO - Processing /home/mahmoud/airflow/dags/sqlite_pipeline.py took 0.101 seconds
[2024-04-15T12:52:00.971+0200] {processor.py:161} INFO - Started process (PID=13814) to work on /home/mahmoud/airflow/dags/sqlite_pipeline.py
[2024-04-15T12:52:00.972+0200] {processor.py:830} INFO - Processing file /home/mahmoud/airflow/dags/sqlite_pipeline.py for tasks to queue
[2024-04-15T12:52:00.973+0200] {logging_mixin.py:188} INFO - [2024-04-15T12:52:00.972+0200] {dagbag.py:538} INFO - Filling up the DagBag from /home/mahmoud/airflow/dags/sqlite_pipeline.py
[2024-04-15T12:52:00.983+0200] {processor.py:840} INFO - DAG(s) 'executing_sql_pipeline' retrieved from /home/mahmoud/airflow/dags/sqlite_pipeline.py
[2024-04-15T12:52:01.000+0200] {logging_mixin.py:188} INFO - [2024-04-15T12:52:01.000+0200] {dag.py:3033} INFO - Sync 1 DAGs
[2024-04-15T12:52:01.018+0200] {logging_mixin.py:188} INFO - [2024-04-15T12:52:01.018+0200] {dag.py:3820} INFO - Setting next_dagrun for executing_sql_pipeline to None, run_after=None
[2024-04-15T12:52:01.040+0200] {processor.py:183} INFO - Processing /home/mahmoud/airflow/dags/sqlite_pipeline.py took 0.072 seconds
[2024-04-15T12:52:31.834+0200] {processor.py:161} INFO - Started process (PID=14050) to work on /home/mahmoud/airflow/dags/sqlite_pipeline.py
[2024-04-15T12:52:31.837+0200] {processor.py:830} INFO - Processing file /home/mahmoud/airflow/dags/sqlite_pipeline.py for tasks to queue
[2024-04-15T12:52:31.839+0200] {logging_mixin.py:188} INFO - [2024-04-15T12:52:31.838+0200] {dagbag.py:538} INFO - Filling up the DagBag from /home/mahmoud/airflow/dags/sqlite_pipeline.py
[2024-04-15T12:52:31.855+0200] {processor.py:840} INFO - DAG(s) 'executing_sql_pipeline' retrieved from /home/mahmoud/airflow/dags/sqlite_pipeline.py
[2024-04-15T12:52:31.875+0200] {logging_mixin.py:188} INFO - [2024-04-15T12:52:31.875+0200] {dag.py:3033} INFO - Sync 1 DAGs
[2024-04-15T12:52:31.892+0200] {logging_mixin.py:188} INFO - [2024-04-15T12:52:31.892+0200] {dag.py:3820} INFO - Setting next_dagrun for executing_sql_pipeline to None, run_after=None
[2024-04-15T12:52:31.925+0200] {processor.py:183} INFO - Processing /home/mahmoud/airflow/dags/sqlite_pipeline.py took 0.097 seconds
[2024-04-15T12:53:03.210+0200] {processor.py:161} INFO - Started process (PID=14289) to work on /home/mahmoud/airflow/dags/sqlite_pipeline.py
[2024-04-15T12:53:03.212+0200] {processor.py:830} INFO - Processing file /home/mahmoud/airflow/dags/sqlite_pipeline.py for tasks to queue
[2024-04-15T12:53:03.213+0200] {logging_mixin.py:188} INFO - [2024-04-15T12:53:03.213+0200] {dagbag.py:538} INFO - Filling up the DagBag from /home/mahmoud/airflow/dags/sqlite_pipeline.py
[2024-04-15T12:53:03.222+0200] {processor.py:840} INFO - DAG(s) 'executing_sql_pipeline' retrieved from /home/mahmoud/airflow/dags/sqlite_pipeline.py
[2024-04-15T12:53:03.238+0200] {logging_mixin.py:188} INFO - [2024-04-15T12:53:03.237+0200] {dag.py:3033} INFO - Sync 1 DAGs
[2024-04-15T12:53:03.255+0200] {logging_mixin.py:188} INFO - [2024-04-15T12:53:03.255+0200] {dag.py:3820} INFO - Setting next_dagrun for executing_sql_pipeline to None, run_after=None
[2024-04-15T12:53:03.276+0200] {processor.py:183} INFO - Processing /home/mahmoud/airflow/dags/sqlite_pipeline.py took 0.068 seconds
[2024-04-15T12:53:34.216+0200] {processor.py:161} INFO - Started process (PID=14527) to work on /home/mahmoud/airflow/dags/sqlite_pipeline.py
[2024-04-15T12:53:34.219+0200] {processor.py:830} INFO - Processing file /home/mahmoud/airflow/dags/sqlite_pipeline.py for tasks to queue
[2024-04-15T12:53:34.220+0200] {logging_mixin.py:188} INFO - [2024-04-15T12:53:34.219+0200] {dagbag.py:538} INFO - Filling up the DagBag from /home/mahmoud/airflow/dags/sqlite_pipeline.py
[2024-04-15T12:53:34.230+0200] {processor.py:840} INFO - DAG(s) 'executing_sql_pipeline' retrieved from /home/mahmoud/airflow/dags/sqlite_pipeline.py
[2024-04-15T12:53:34.248+0200] {logging_mixin.py:188} INFO - [2024-04-15T12:53:34.248+0200] {dag.py:3033} INFO - Sync 1 DAGs
[2024-04-15T12:53:34.267+0200] {logging_mixin.py:188} INFO - [2024-04-15T12:53:34.266+0200] {dag.py:3820} INFO - Setting next_dagrun for executing_sql_pipeline to None, run_after=None
[2024-04-15T12:53:34.306+0200] {processor.py:183} INFO - Processing /home/mahmoud/airflow/dags/sqlite_pipeline.py took 0.093 seconds
[2024-04-15T12:54:05.045+0200] {processor.py:161} INFO - Started process (PID=14758) to work on /home/mahmoud/airflow/dags/sqlite_pipeline.py
[2024-04-15T12:54:05.047+0200] {processor.py:830} INFO - Processing file /home/mahmoud/airflow/dags/sqlite_pipeline.py for tasks to queue
[2024-04-15T12:54:05.048+0200] {logging_mixin.py:188} INFO - [2024-04-15T12:54:05.048+0200] {dagbag.py:538} INFO - Filling up the DagBag from /home/mahmoud/airflow/dags/sqlite_pipeline.py
[2024-04-15T12:54:05.061+0200] {processor.py:840} INFO - DAG(s) 'executing_sql_pipeline' retrieved from /home/mahmoud/airflow/dags/sqlite_pipeline.py
[2024-04-15T12:54:05.081+0200] {logging_mixin.py:188} INFO - [2024-04-15T12:54:05.080+0200] {dag.py:3033} INFO - Sync 1 DAGs
[2024-04-15T12:54:05.100+0200] {logging_mixin.py:188} INFO - [2024-04-15T12:54:05.100+0200] {dag.py:3820} INFO - Setting next_dagrun for executing_sql_pipeline to None, run_after=None
[2024-04-15T12:54:05.138+0200] {processor.py:183} INFO - Processing /home/mahmoud/airflow/dags/sqlite_pipeline.py took 0.098 seconds
[2024-04-15T12:54:41.934+0200] {processor.py:161} INFO - Started process (PID=15008) to work on /home/mahmoud/airflow/dags/sqlite_pipeline.py
[2024-04-15T12:54:41.943+0200] {processor.py:830} INFO - Processing file /home/mahmoud/airflow/dags/sqlite_pipeline.py for tasks to queue
[2024-04-15T12:54:41.950+0200] {logging_mixin.py:188} INFO - [2024-04-15T12:54:41.947+0200] {dagbag.py:538} INFO - Filling up the DagBag from /home/mahmoud/airflow/dags/sqlite_pipeline.py
[2024-04-15T12:54:42.031+0200] {processor.py:840} INFO - DAG(s) 'executing_sql_pipeline' retrieved from /home/mahmoud/airflow/dags/sqlite_pipeline.py
[2024-04-15T12:54:42.177+0200] {logging_mixin.py:188} INFO - [2024-04-15T12:54:42.176+0200] {dag.py:3033} INFO - Sync 1 DAGs
[2024-04-15T12:54:42.349+0200] {logging_mixin.py:188} INFO - [2024-04-15T12:54:42.347+0200] {dag.py:3820} INFO - Setting next_dagrun for executing_sql_pipeline to None, run_after=None
[2024-04-15T12:54:42.550+0200] {processor.py:183} INFO - Processing /home/mahmoud/airflow/dags/sqlite_pipeline.py took 0.642 seconds
[2024-04-15T12:55:25.676+0200] {processor.py:161} INFO - Started process (PID=15271) to work on /home/mahmoud/airflow/dags/sqlite_pipeline.py
[2024-04-15T12:55:25.687+0200] {processor.py:830} INFO - Processing file /home/mahmoud/airflow/dags/sqlite_pipeline.py for tasks to queue
[2024-04-15T12:55:25.697+0200] {logging_mixin.py:188} INFO - [2024-04-15T12:55:25.694+0200] {dagbag.py:538} INFO - Filling up the DagBag from /home/mahmoud/airflow/dags/sqlite_pipeline.py
[2024-04-15T12:55:25.810+0200] {processor.py:840} INFO - DAG(s) 'executing_sql_pipeline' retrieved from /home/mahmoud/airflow/dags/sqlite_pipeline.py
[2024-04-15T12:55:26.039+0200] {logging_mixin.py:188} INFO - [2024-04-15T12:55:26.037+0200] {dag.py:3033} INFO - Sync 1 DAGs
[2024-04-15T12:55:26.226+0200] {logging_mixin.py:188} INFO - [2024-04-15T12:55:26.224+0200] {dag.py:3820} INFO - Setting next_dagrun for executing_sql_pipeline to None, run_after=None
[2024-04-15T12:55:26.423+0200] {processor.py:183} INFO - Processing /home/mahmoud/airflow/dags/sqlite_pipeline.py took 0.775 seconds
[2024-04-15T12:56:00.122+0200] {processor.py:161} INFO - Started process (PID=15525) to work on /home/mahmoud/airflow/dags/sqlite_pipeline.py
[2024-04-15T12:56:00.131+0200] {processor.py:830} INFO - Processing file /home/mahmoud/airflow/dags/sqlite_pipeline.py for tasks to queue
[2024-04-15T12:56:00.138+0200] {logging_mixin.py:188} INFO - [2024-04-15T12:56:00.135+0200] {dagbag.py:538} INFO - Filling up the DagBag from /home/mahmoud/airflow/dags/sqlite_pipeline.py
[2024-04-15T12:56:00.230+0200] {processor.py:840} INFO - DAG(s) 'executing_sql_pipeline' retrieved from /home/mahmoud/airflow/dags/sqlite_pipeline.py
[2024-04-15T12:56:00.407+0200] {logging_mixin.py:188} INFO - [2024-04-15T12:56:00.405+0200] {dag.py:3033} INFO - Sync 1 DAGs
[2024-04-15T12:56:00.593+0200] {logging_mixin.py:188} INFO - [2024-04-15T12:56:00.592+0200] {dag.py:3820} INFO - Setting next_dagrun for executing_sql_pipeline to None, run_after=None
[2024-04-15T12:56:00.772+0200] {processor.py:183} INFO - Processing /home/mahmoud/airflow/dags/sqlite_pipeline.py took 0.674 seconds
[2024-04-15T12:56:35.122+0200] {processor.py:161} INFO - Started process (PID=15746) to work on /home/mahmoud/airflow/dags/sqlite_pipeline.py
[2024-04-15T12:56:35.134+0200] {processor.py:830} INFO - Processing file /home/mahmoud/airflow/dags/sqlite_pipeline.py for tasks to queue
[2024-04-15T12:56:35.143+0200] {logging_mixin.py:188} INFO - [2024-04-15T12:56:35.140+0200] {dagbag.py:538} INFO - Filling up the DagBag from /home/mahmoud/airflow/dags/sqlite_pipeline.py
[2024-04-15T12:56:35.299+0200] {processor.py:840} INFO - DAG(s) 'executing_sql_pipeline' retrieved from /home/mahmoud/airflow/dags/sqlite_pipeline.py
[2024-04-15T12:56:35.602+0200] {logging_mixin.py:188} INFO - [2024-04-15T12:56:35.600+0200] {dag.py:3033} INFO - Sync 1 DAGs
[2024-04-15T12:56:36.075+0200] {logging_mixin.py:188} INFO - [2024-04-15T12:56:36.067+0200] {dag.py:3820} INFO - Setting next_dagrun for executing_sql_pipeline to None, run_after=None
[2024-04-15T12:56:36.351+0200] {processor.py:183} INFO - Processing /home/mahmoud/airflow/dags/sqlite_pipeline.py took 1.265 seconds
[2024-04-15T12:57:10.382+0200] {processor.py:161} INFO - Started process (PID=15966) to work on /home/mahmoud/airflow/dags/sqlite_pipeline.py
[2024-04-15T12:57:10.391+0200] {processor.py:830} INFO - Processing file /home/mahmoud/airflow/dags/sqlite_pipeline.py for tasks to queue
[2024-04-15T12:57:10.402+0200] {logging_mixin.py:188} INFO - [2024-04-15T12:57:10.396+0200] {dagbag.py:538} INFO - Filling up the DagBag from /home/mahmoud/airflow/dags/sqlite_pipeline.py
[2024-04-15T12:57:10.552+0200] {processor.py:840} INFO - DAG(s) 'executing_sql_pipeline' retrieved from /home/mahmoud/airflow/dags/sqlite_pipeline.py
[2024-04-15T12:57:10.772+0200] {logging_mixin.py:188} INFO - [2024-04-15T12:57:10.770+0200] {dag.py:3033} INFO - Sync 1 DAGs
[2024-04-15T12:57:11.013+0200] {logging_mixin.py:188} INFO - [2024-04-15T12:57:11.011+0200] {dag.py:3820} INFO - Setting next_dagrun for executing_sql_pipeline to None, run_after=None
[2024-04-15T12:57:11.443+0200] {processor.py:183} INFO - Processing /home/mahmoud/airflow/dags/sqlite_pipeline.py took 1.097 seconds
[2024-04-15T12:57:46.246+0200] {processor.py:161} INFO - Started process (PID=16188) to work on /home/mahmoud/airflow/dags/sqlite_pipeline.py
[2024-04-15T12:57:46.255+0200] {processor.py:830} INFO - Processing file /home/mahmoud/airflow/dags/sqlite_pipeline.py for tasks to queue
[2024-04-15T12:57:46.262+0200] {logging_mixin.py:188} INFO - [2024-04-15T12:57:46.260+0200] {dagbag.py:538} INFO - Filling up the DagBag from /home/mahmoud/airflow/dags/sqlite_pipeline.py
[2024-04-15T12:57:46.350+0200] {processor.py:840} INFO - DAG(s) 'executing_sql_pipeline' retrieved from /home/mahmoud/airflow/dags/sqlite_pipeline.py
[2024-04-15T12:57:46.505+0200] {logging_mixin.py:188} INFO - [2024-04-15T12:57:46.504+0200] {dag.py:3033} INFO - Sync 1 DAGs
[2024-04-15T12:57:46.684+0200] {logging_mixin.py:188} INFO - [2024-04-15T12:57:46.682+0200] {dag.py:3820} INFO - Setting next_dagrun for executing_sql_pipeline to None, run_after=None
[2024-04-15T12:57:46.871+0200] {processor.py:183} INFO - Processing /home/mahmoud/airflow/dags/sqlite_pipeline.py took 0.649 seconds
[2024-04-15T12:58:23.290+0200] {processor.py:161} INFO - Started process (PID=16402) to work on /home/mahmoud/airflow/dags/sqlite_pipeline.py
[2024-04-15T12:58:23.301+0200] {processor.py:830} INFO - Processing file /home/mahmoud/airflow/dags/sqlite_pipeline.py for tasks to queue
[2024-04-15T12:58:23.310+0200] {logging_mixin.py:188} INFO - [2024-04-15T12:58:23.306+0200] {dagbag.py:538} INFO - Filling up the DagBag from /home/mahmoud/airflow/dags/sqlite_pipeline.py
[2024-04-15T12:58:23.458+0200] {processor.py:840} INFO - DAG(s) 'executing_sql_pipeline' retrieved from /home/mahmoud/airflow/dags/sqlite_pipeline.py
[2024-04-15T12:58:23.737+0200] {logging_mixin.py:188} INFO - [2024-04-15T12:58:23.734+0200] {dag.py:3033} INFO - Sync 1 DAGs
[2024-04-15T12:58:24.121+0200] {logging_mixin.py:188} INFO - [2024-04-15T12:58:24.119+0200] {dag.py:3820} INFO - Setting next_dagrun for executing_sql_pipeline to None, run_after=None
[2024-04-15T12:58:24.386+0200] {processor.py:183} INFO - Processing /home/mahmoud/airflow/dags/sqlite_pipeline.py took 1.127 seconds
[2024-04-15T12:58:58.237+0200] {processor.py:161} INFO - Started process (PID=16618) to work on /home/mahmoud/airflow/dags/sqlite_pipeline.py
[2024-04-15T12:58:58.245+0200] {processor.py:830} INFO - Processing file /home/mahmoud/airflow/dags/sqlite_pipeline.py for tasks to queue
[2024-04-15T12:58:58.253+0200] {logging_mixin.py:188} INFO - [2024-04-15T12:58:58.250+0200] {dagbag.py:538} INFO - Filling up the DagBag from /home/mahmoud/airflow/dags/sqlite_pipeline.py
[2024-04-15T12:58:58.340+0200] {processor.py:840} INFO - DAG(s) 'executing_sql_pipeline' retrieved from /home/mahmoud/airflow/dags/sqlite_pipeline.py
[2024-04-15T12:58:58.489+0200] {logging_mixin.py:188} INFO - [2024-04-15T12:58:58.487+0200] {dag.py:3033} INFO - Sync 1 DAGs
[2024-04-15T12:58:58.646+0200] {logging_mixin.py:188} INFO - [2024-04-15T12:58:58.643+0200] {dag.py:3820} INFO - Setting next_dagrun for executing_sql_pipeline to None, run_after=None
[2024-04-15T12:58:58.800+0200] {processor.py:183} INFO - Processing /home/mahmoud/airflow/dags/sqlite_pipeline.py took 0.588 seconds
[2024-04-15T12:59:29.959+0200] {processor.py:161} INFO - Started process (PID=16813) to work on /home/mahmoud/airflow/dags/sqlite_pipeline.py
[2024-04-15T12:59:29.973+0200] {processor.py:830} INFO - Processing file /home/mahmoud/airflow/dags/sqlite_pipeline.py for tasks to queue
[2024-04-15T12:59:29.978+0200] {logging_mixin.py:188} INFO - [2024-04-15T12:59:29.976+0200] {dagbag.py:538} INFO - Filling up the DagBag from /home/mahmoud/airflow/dags/sqlite_pipeline.py
[2024-04-15T12:59:30.032+0200] {processor.py:840} INFO - DAG(s) 'executing_sql_pipeline' retrieved from /home/mahmoud/airflow/dags/sqlite_pipeline.py
[2024-04-15T12:59:30.124+0200] {logging_mixin.py:188} INFO - [2024-04-15T12:59:30.123+0200] {dag.py:3033} INFO - Sync 1 DAGs
[2024-04-15T12:59:30.232+0200] {logging_mixin.py:188} INFO - [2024-04-15T12:59:30.231+0200] {dag.py:3820} INFO - Setting next_dagrun for executing_sql_pipeline to None, run_after=None
[2024-04-15T12:59:30.375+0200] {processor.py:183} INFO - Processing /home/mahmoud/airflow/dags/sqlite_pipeline.py took 0.434 seconds
[2024-04-15T13:00:05.774+0200] {processor.py:161} INFO - Started process (PID=17029) to work on /home/mahmoud/airflow/dags/sqlite_pipeline.py
[2024-04-15T13:00:05.783+0200] {processor.py:830} INFO - Processing file /home/mahmoud/airflow/dags/sqlite_pipeline.py for tasks to queue
[2024-04-15T13:00:05.793+0200] {logging_mixin.py:188} INFO - [2024-04-15T13:00:05.790+0200] {dagbag.py:538} INFO - Filling up the DagBag from /home/mahmoud/airflow/dags/sqlite_pipeline.py
[2024-04-15T13:00:05.919+0200] {processor.py:840} INFO - DAG(s) 'executing_sql_pipeline' retrieved from /home/mahmoud/airflow/dags/sqlite_pipeline.py
[2024-04-15T13:00:06.111+0200] {logging_mixin.py:188} INFO - [2024-04-15T13:00:06.109+0200] {dag.py:3033} INFO - Sync 1 DAGs
[2024-04-15T13:00:06.366+0200] {logging_mixin.py:188} INFO - [2024-04-15T13:00:06.364+0200] {dag.py:3820} INFO - Setting next_dagrun for executing_sql_pipeline to None, run_after=None
[2024-04-15T13:00:06.634+0200] {processor.py:183} INFO - Processing /home/mahmoud/airflow/dags/sqlite_pipeline.py took 0.893 seconds
[2024-04-15T13:00:41.596+0200] {processor.py:161} INFO - Started process (PID=17267) to work on /home/mahmoud/airflow/dags/sqlite_pipeline.py
[2024-04-15T13:00:41.612+0200] {processor.py:830} INFO - Processing file /home/mahmoud/airflow/dags/sqlite_pipeline.py for tasks to queue
[2024-04-15T13:00:41.620+0200] {logging_mixin.py:188} INFO - [2024-04-15T13:00:41.616+0200] {dagbag.py:538} INFO - Filling up the DagBag from /home/mahmoud/airflow/dags/sqlite_pipeline.py
[2024-04-15T13:00:41.733+0200] {processor.py:840} INFO - DAG(s) 'executing_sql_pipeline' retrieved from /home/mahmoud/airflow/dags/sqlite_pipeline.py
[2024-04-15T13:00:41.964+0200] {logging_mixin.py:188} INFO - [2024-04-15T13:00:41.963+0200] {dag.py:3033} INFO - Sync 1 DAGs
[2024-04-15T13:00:42.126+0200] {logging_mixin.py:188} INFO - [2024-04-15T13:00:42.125+0200] {dag.py:3820} INFO - Setting next_dagrun for executing_sql_pipeline to None, run_after=None
[2024-04-15T13:00:42.303+0200] {processor.py:183} INFO - Processing /home/mahmoud/airflow/dags/sqlite_pipeline.py took 0.736 seconds
[2024-04-15T13:01:17.413+0200] {processor.py:161} INFO - Started process (PID=17474) to work on /home/mahmoud/airflow/dags/sqlite_pipeline.py
[2024-04-15T13:01:17.432+0200] {processor.py:830} INFO - Processing file /home/mahmoud/airflow/dags/sqlite_pipeline.py for tasks to queue
[2024-04-15T13:01:17.445+0200] {logging_mixin.py:188} INFO - [2024-04-15T13:01:17.442+0200] {dagbag.py:538} INFO - Filling up the DagBag from /home/mahmoud/airflow/dags/sqlite_pipeline.py
[2024-04-15T13:01:17.625+0200] {processor.py:840} INFO - DAG(s) 'executing_sql_pipeline' retrieved from /home/mahmoud/airflow/dags/sqlite_pipeline.py
[2024-04-15T13:01:17.971+0200] {logging_mixin.py:188} INFO - [2024-04-15T13:01:17.958+0200] {dag.py:3033} INFO - Sync 1 DAGs
[2024-04-15T13:01:18.351+0200] {logging_mixin.py:188} INFO - [2024-04-15T13:01:18.349+0200] {dag.py:3820} INFO - Setting next_dagrun for executing_sql_pipeline to None, run_after=None
[2024-04-15T13:01:18.727+0200] {processor.py:183} INFO - Processing /home/mahmoud/airflow/dags/sqlite_pipeline.py took 1.371 seconds
[2024-04-15T13:01:52.353+0200] {processor.py:161} INFO - Started process (PID=17678) to work on /home/mahmoud/airflow/dags/sqlite_pipeline.py
[2024-04-15T13:01:52.363+0200] {processor.py:830} INFO - Processing file /home/mahmoud/airflow/dags/sqlite_pipeline.py for tasks to queue
[2024-04-15T13:01:52.371+0200] {logging_mixin.py:188} INFO - [2024-04-15T13:01:52.367+0200] {dagbag.py:538} INFO - Filling up the DagBag from /home/mahmoud/airflow/dags/sqlite_pipeline.py
[2024-04-15T13:01:52.464+0200] {processor.py:840} INFO - DAG(s) 'executing_sql_pipeline' retrieved from /home/mahmoud/airflow/dags/sqlite_pipeline.py
[2024-04-15T13:01:52.614+0200] {logging_mixin.py:188} INFO - [2024-04-15T13:01:52.612+0200] {dag.py:3033} INFO - Sync 1 DAGs
[2024-04-15T13:01:52.809+0200] {logging_mixin.py:188} INFO - [2024-04-15T13:01:52.807+0200] {dag.py:3820} INFO - Setting next_dagrun for executing_sql_pipeline to None, run_after=None
[2024-04-15T13:01:52.993+0200] {processor.py:183} INFO - Processing /home/mahmoud/airflow/dags/sqlite_pipeline.py took 0.671 seconds
[2024-04-15T13:02:27.793+0200] {processor.py:161} INFO - Started process (PID=17882) to work on /home/mahmoud/airflow/dags/sqlite_pipeline.py
[2024-04-15T13:02:27.804+0200] {processor.py:830} INFO - Processing file /home/mahmoud/airflow/dags/sqlite_pipeline.py for tasks to queue
[2024-04-15T13:02:27.811+0200] {logging_mixin.py:188} INFO - [2024-04-15T13:02:27.808+0200] {dagbag.py:538} INFO - Filling up the DagBag from /home/mahmoud/airflow/dags/sqlite_pipeline.py
[2024-04-15T13:02:27.926+0200] {processor.py:840} INFO - DAG(s) 'executing_sql_pipeline' retrieved from /home/mahmoud/airflow/dags/sqlite_pipeline.py
[2024-04-15T13:02:28.187+0200] {logging_mixin.py:188} INFO - [2024-04-15T13:02:28.185+0200] {dag.py:3033} INFO - Sync 1 DAGs
[2024-04-15T13:02:28.418+0200] {logging_mixin.py:188} INFO - [2024-04-15T13:02:28.416+0200] {dag.py:3820} INFO - Setting next_dagrun for executing_sql_pipeline to None, run_after=None
[2024-04-15T13:02:28.633+0200] {processor.py:183} INFO - Processing /home/mahmoud/airflow/dags/sqlite_pipeline.py took 0.877 seconds
[2024-04-15T13:22:30.668+0200] {processor.py:161} INFO - Started process (PID=18215) to work on /home/mahmoud/airflow/dags/sqlite_pipeline.py
[2024-04-15T13:22:30.679+0200] {processor.py:830} INFO - Processing file /home/mahmoud/airflow/dags/sqlite_pipeline.py for tasks to queue
[2024-04-15T13:22:30.680+0200] {logging_mixin.py:188} INFO - [2024-04-15T13:22:30.679+0200] {dagbag.py:538} INFO - Filling up the DagBag from /home/mahmoud/airflow/dags/sqlite_pipeline.py
[2024-04-15T13:22:30.691+0200] {processor.py:840} INFO - DAG(s) 'executing_sql_pipeline' retrieved from /home/mahmoud/airflow/dags/sqlite_pipeline.py
[2024-04-15T13:22:30.708+0200] {logging_mixin.py:188} INFO - [2024-04-15T13:22:30.708+0200] {dag.py:3033} INFO - Sync 1 DAGs
[2024-04-15T13:22:30.725+0200] {logging_mixin.py:188} INFO - [2024-04-15T13:22:30.725+0200] {dag.py:3820} INFO - Setting next_dagrun for executing_sql_pipeline to None, run_after=None
[2024-04-15T13:22:30.764+0200] {processor.py:183} INFO - Processing /home/mahmoud/airflow/dags/sqlite_pipeline.py took 0.100 seconds
[2024-04-15T13:23:01.634+0200] {processor.py:161} INFO - Started process (PID=18373) to work on /home/mahmoud/airflow/dags/sqlite_pipeline.py
[2024-04-15T13:23:01.636+0200] {processor.py:830} INFO - Processing file /home/mahmoud/airflow/dags/sqlite_pipeline.py for tasks to queue
[2024-04-15T13:23:01.637+0200] {logging_mixin.py:188} INFO - [2024-04-15T13:23:01.637+0200] {dagbag.py:538} INFO - Filling up the DagBag from /home/mahmoud/airflow/dags/sqlite_pipeline.py
[2024-04-15T13:23:01.646+0200] {processor.py:840} INFO - DAG(s) 'executing_sql_pipeline' retrieved from /home/mahmoud/airflow/dags/sqlite_pipeline.py
[2024-04-15T13:23:01.659+0200] {logging_mixin.py:188} INFO - [2024-04-15T13:23:01.659+0200] {dag.py:3033} INFO - Sync 1 DAGs
[2024-04-15T13:23:01.674+0200] {logging_mixin.py:188} INFO - [2024-04-15T13:23:01.674+0200] {dag.py:3820} INFO - Setting next_dagrun for executing_sql_pipeline to None, run_after=None
[2024-04-15T13:23:01.694+0200] {processor.py:183} INFO - Processing /home/mahmoud/airflow/dags/sqlite_pipeline.py took 0.062 seconds
[2024-04-15T13:23:32.538+0200] {processor.py:161} INFO - Started process (PID=18528) to work on /home/mahmoud/airflow/dags/sqlite_pipeline.py
[2024-04-15T13:23:32.539+0200] {processor.py:830} INFO - Processing file /home/mahmoud/airflow/dags/sqlite_pipeline.py for tasks to queue
[2024-04-15T13:23:32.540+0200] {logging_mixin.py:188} INFO - [2024-04-15T13:23:32.540+0200] {dagbag.py:538} INFO - Filling up the DagBag from /home/mahmoud/airflow/dags/sqlite_pipeline.py
[2024-04-15T13:23:32.552+0200] {processor.py:840} INFO - DAG(s) 'executing_sql_pipeline' retrieved from /home/mahmoud/airflow/dags/sqlite_pipeline.py
[2024-04-15T13:23:32.572+0200] {logging_mixin.py:188} INFO - [2024-04-15T13:23:32.572+0200] {dag.py:3033} INFO - Sync 1 DAGs
[2024-04-15T13:23:32.591+0200] {logging_mixin.py:188} INFO - [2024-04-15T13:23:32.591+0200] {dag.py:3820} INFO - Setting next_dagrun for executing_sql_pipeline to None, run_after=None
[2024-04-15T13:23:32.627+0200] {processor.py:183} INFO - Processing /home/mahmoud/airflow/dags/sqlite_pipeline.py took 0.093 seconds
[2024-04-15T13:24:03.401+0200] {processor.py:161} INFO - Started process (PID=18680) to work on /home/mahmoud/airflow/dags/sqlite_pipeline.py
[2024-04-15T13:24:03.402+0200] {processor.py:830} INFO - Processing file /home/mahmoud/airflow/dags/sqlite_pipeline.py for tasks to queue
[2024-04-15T13:24:03.403+0200] {logging_mixin.py:188} INFO - [2024-04-15T13:24:03.403+0200] {dagbag.py:538} INFO - Filling up the DagBag from /home/mahmoud/airflow/dags/sqlite_pipeline.py
[2024-04-15T13:24:03.415+0200] {processor.py:840} INFO - DAG(s) 'executing_sql_pipeline' retrieved from /home/mahmoud/airflow/dags/sqlite_pipeline.py
[2024-04-15T13:24:03.433+0200] {logging_mixin.py:188} INFO - [2024-04-15T13:24:03.432+0200] {dag.py:3033} INFO - Sync 1 DAGs
[2024-04-15T13:24:03.449+0200] {logging_mixin.py:188} INFO - [2024-04-15T13:24:03.449+0200] {dag.py:3820} INFO - Setting next_dagrun for executing_sql_pipeline to None, run_after=None
[2024-04-15T13:24:03.485+0200] {processor.py:183} INFO - Processing /home/mahmoud/airflow/dags/sqlite_pipeline.py took 0.088 seconds
[2024-04-15T13:24:34.267+0200] {processor.py:161} INFO - Started process (PID=18834) to work on /home/mahmoud/airflow/dags/sqlite_pipeline.py
[2024-04-15T13:24:34.279+0200] {processor.py:830} INFO - Processing file /home/mahmoud/airflow/dags/sqlite_pipeline.py for tasks to queue
[2024-04-15T13:24:34.281+0200] {logging_mixin.py:188} INFO - [2024-04-15T13:24:34.280+0200] {dagbag.py:538} INFO - Filling up the DagBag from /home/mahmoud/airflow/dags/sqlite_pipeline.py
[2024-04-15T13:24:34.297+0200] {processor.py:840} INFO - DAG(s) 'executing_sql_pipeline' retrieved from /home/mahmoud/airflow/dags/sqlite_pipeline.py
[2024-04-15T13:24:34.328+0200] {logging_mixin.py:188} INFO - [2024-04-15T13:24:34.327+0200] {dag.py:3033} INFO - Sync 1 DAGs
[2024-04-15T13:24:34.356+0200] {logging_mixin.py:188} INFO - [2024-04-15T13:24:34.356+0200] {dag.py:3820} INFO - Setting next_dagrun for executing_sql_pipeline to None, run_after=None
[2024-04-15T13:24:34.392+0200] {processor.py:183} INFO - Processing /home/mahmoud/airflow/dags/sqlite_pipeline.py took 0.130 seconds
[2024-04-15T13:25:05.342+0200] {processor.py:161} INFO - Started process (PID=18991) to work on /home/mahmoud/airflow/dags/sqlite_pipeline.py
[2024-04-15T13:25:05.354+0200] {processor.py:830} INFO - Processing file /home/mahmoud/airflow/dags/sqlite_pipeline.py for tasks to queue
[2024-04-15T13:25:05.356+0200] {logging_mixin.py:188} INFO - [2024-04-15T13:25:05.355+0200] {dagbag.py:538} INFO - Filling up the DagBag from /home/mahmoud/airflow/dags/sqlite_pipeline.py
[2024-04-15T13:25:05.369+0200] {processor.py:840} INFO - DAG(s) 'executing_sql_pipeline' retrieved from /home/mahmoud/airflow/dags/sqlite_pipeline.py
[2024-04-15T13:25:05.391+0200] {logging_mixin.py:188} INFO - [2024-04-15T13:25:05.391+0200] {dag.py:3033} INFO - Sync 1 DAGs
[2024-04-15T13:25:05.411+0200] {logging_mixin.py:188} INFO - [2024-04-15T13:25:05.411+0200] {dag.py:3820} INFO - Setting next_dagrun for executing_sql_pipeline to None, run_after=None
[2024-04-15T13:25:05.449+0200] {processor.py:183} INFO - Processing /home/mahmoud/airflow/dags/sqlite_pipeline.py took 0.110 seconds
[2024-04-15T13:25:36.990+0200] {processor.py:161} INFO - Started process (PID=19175) to work on /home/mahmoud/airflow/dags/sqlite_pipeline.py
[2024-04-15T13:25:36.991+0200] {processor.py:830} INFO - Processing file /home/mahmoud/airflow/dags/sqlite_pipeline.py for tasks to queue
[2024-04-15T13:25:36.992+0200] {logging_mixin.py:188} INFO - [2024-04-15T13:25:36.992+0200] {dagbag.py:538} INFO - Filling up the DagBag from /home/mahmoud/airflow/dags/sqlite_pipeline.py
[2024-04-15T13:25:37.007+0200] {processor.py:840} INFO - DAG(s) 'executing_sql_pipeline' retrieved from /home/mahmoud/airflow/dags/sqlite_pipeline.py
[2024-04-15T13:25:37.038+0200] {logging_mixin.py:188} INFO - [2024-04-15T13:25:37.036+0200] {dag.py:3033} INFO - Sync 1 DAGs
[2024-04-15T13:25:37.069+0200] {logging_mixin.py:188} INFO - [2024-04-15T13:25:37.069+0200] {dag.py:3820} INFO - Setting next_dagrun for executing_sql_pipeline to None, run_after=None
[2024-04-15T13:25:37.107+0200] {processor.py:183} INFO - Processing /home/mahmoud/airflow/dags/sqlite_pipeline.py took 0.119 seconds
