[2024-04-15T12:30:26.787+0200] {processor.py:161} INFO - Started process (PID=2200) to work on /home/mahmoud/airflow/dags/write_to_postgresql.py
[2024-04-15T12:30:26.788+0200] {processor.py:830} INFO - Processing file /home/mahmoud/airflow/dags/write_to_postgresql.py for tasks to queue
[2024-04-15T12:30:26.790+0200] {logging_mixin.py:188} INFO - [2024-04-15T12:30:26.789+0200] {dagbag.py:538} INFO - Filling up the DagBag from /home/mahmoud/airflow/dags/write_to_postgresql.py
[2024-04-15T12:30:26.802+0200] {processor.py:840} INFO - DAG(s) 'write_to_postgresql' retrieved from /home/mahmoud/airflow/dags/write_to_postgresql.py
[2024-04-15T12:30:26.879+0200] {logging_mixin.py:188} INFO - [2024-04-15T12:30:26.879+0200] {dag.py:3033} INFO - Sync 1 DAGs
[2024-04-15T12:30:26.891+0200] {logging_mixin.py:188} INFO - [2024-04-15T12:30:26.891+0200] {dag.py:3820} INFO - Setting next_dagrun for write_to_postgresql to None, run_after=None
[2024-04-15T12:30:26.925+0200] {processor.py:183} INFO - Processing /home/mahmoud/airflow/dags/write_to_postgresql.py took 0.141 seconds
[2024-04-15T12:30:57.646+0200] {processor.py:161} INFO - Started process (PID=2587) to work on /home/mahmoud/airflow/dags/write_to_postgresql.py
[2024-04-15T12:30:57.647+0200] {processor.py:830} INFO - Processing file /home/mahmoud/airflow/dags/write_to_postgresql.py for tasks to queue
[2024-04-15T12:30:57.648+0200] {logging_mixin.py:188} INFO - [2024-04-15T12:30:57.648+0200] {dagbag.py:538} INFO - Filling up the DagBag from /home/mahmoud/airflow/dags/write_to_postgresql.py
[2024-04-15T12:30:57.659+0200] {processor.py:840} INFO - DAG(s) 'write_to_postgresql' retrieved from /home/mahmoud/airflow/dags/write_to_postgresql.py
[2024-04-15T12:30:57.679+0200] {logging_mixin.py:188} INFO - [2024-04-15T12:30:57.679+0200] {dag.py:3033} INFO - Sync 1 DAGs
[2024-04-15T12:30:57.696+0200] {logging_mixin.py:188} INFO - [2024-04-15T12:30:57.696+0200] {dag.py:3820} INFO - Setting next_dagrun for write_to_postgresql to None, run_after=None
[2024-04-15T12:30:57.729+0200] {processor.py:183} INFO - Processing /home/mahmoud/airflow/dags/write_to_postgresql.py took 0.086 seconds
[2024-04-15T12:31:28.255+0200] {processor.py:161} INFO - Started process (PID=2946) to work on /home/mahmoud/airflow/dags/write_to_postgresql.py
[2024-04-15T12:31:28.257+0200] {processor.py:830} INFO - Processing file /home/mahmoud/airflow/dags/write_to_postgresql.py for tasks to queue
[2024-04-15T12:31:28.258+0200] {logging_mixin.py:188} INFO - [2024-04-15T12:31:28.258+0200] {dagbag.py:538} INFO - Filling up the DagBag from /home/mahmoud/airflow/dags/write_to_postgresql.py
[2024-04-15T12:31:28.271+0200] {processor.py:840} INFO - DAG(s) 'write_to_postgresql' retrieved from /home/mahmoud/airflow/dags/write_to_postgresql.py
[2024-04-15T12:31:28.289+0200] {logging_mixin.py:188} INFO - [2024-04-15T12:31:28.288+0200] {dag.py:3033} INFO - Sync 1 DAGs
[2024-04-15T12:31:28.303+0200] {logging_mixin.py:188} INFO - [2024-04-15T12:31:28.303+0200] {dag.py:3820} INFO - Setting next_dagrun for write_to_postgresql to None, run_after=None
[2024-04-15T12:31:28.325+0200] {processor.py:183} INFO - Processing /home/mahmoud/airflow/dags/write_to_postgresql.py took 0.075 seconds
[2024-04-15T12:31:59.018+0200] {processor.py:161} INFO - Started process (PID=3184) to work on /home/mahmoud/airflow/dags/write_to_postgresql.py
[2024-04-15T12:31:59.022+0200] {processor.py:830} INFO - Processing file /home/mahmoud/airflow/dags/write_to_postgresql.py for tasks to queue
[2024-04-15T12:31:59.025+0200] {logging_mixin.py:188} INFO - [2024-04-15T12:31:59.024+0200] {dagbag.py:538} INFO - Filling up the DagBag from /home/mahmoud/airflow/dags/write_to_postgresql.py
[2024-04-15T12:31:59.038+0200] {processor.py:840} INFO - DAG(s) 'write_to_postgresql' retrieved from /home/mahmoud/airflow/dags/write_to_postgresql.py
[2024-04-15T12:31:59.077+0200] {logging_mixin.py:188} INFO - [2024-04-15T12:31:59.077+0200] {dag.py:3033} INFO - Sync 1 DAGs
[2024-04-15T12:31:59.097+0200] {logging_mixin.py:188} INFO - [2024-04-15T12:31:59.096+0200] {dag.py:3820} INFO - Setting next_dagrun for write_to_postgresql to None, run_after=None
[2024-04-15T12:31:59.136+0200] {processor.py:183} INFO - Processing /home/mahmoud/airflow/dags/write_to_postgresql.py took 0.123 seconds
[2024-04-15T12:32:29.872+0200] {processor.py:161} INFO - Started process (PID=3422) to work on /home/mahmoud/airflow/dags/write_to_postgresql.py
[2024-04-15T12:32:29.883+0200] {processor.py:830} INFO - Processing file /home/mahmoud/airflow/dags/write_to_postgresql.py for tasks to queue
[2024-04-15T12:32:29.884+0200] {logging_mixin.py:188} INFO - [2024-04-15T12:32:29.884+0200] {dagbag.py:538} INFO - Filling up the DagBag from /home/mahmoud/airflow/dags/write_to_postgresql.py
[2024-04-15T12:32:29.894+0200] {processor.py:840} INFO - DAG(s) 'write_to_postgresql' retrieved from /home/mahmoud/airflow/dags/write_to_postgresql.py
[2024-04-15T12:32:29.911+0200] {logging_mixin.py:188} INFO - [2024-04-15T12:32:29.910+0200] {dag.py:3033} INFO - Sync 1 DAGs
[2024-04-15T12:32:29.927+0200] {logging_mixin.py:188} INFO - [2024-04-15T12:32:29.927+0200] {dag.py:3820} INFO - Setting next_dagrun for write_to_postgresql to None, run_after=None
[2024-04-15T12:32:29.969+0200] {processor.py:183} INFO - Processing /home/mahmoud/airflow/dags/write_to_postgresql.py took 0.099 seconds
[2024-04-15T12:33:00.804+0200] {processor.py:161} INFO - Started process (PID=3729) to work on /home/mahmoud/airflow/dags/write_to_postgresql.py
[2024-04-15T12:33:00.805+0200] {processor.py:830} INFO - Processing file /home/mahmoud/airflow/dags/write_to_postgresql.py for tasks to queue
[2024-04-15T12:33:00.807+0200] {logging_mixin.py:188} INFO - [2024-04-15T12:33:00.806+0200] {dagbag.py:538} INFO - Filling up the DagBag from /home/mahmoud/airflow/dags/write_to_postgresql.py
[2024-04-15T12:33:00.821+0200] {processor.py:840} INFO - DAG(s) 'write_to_postgresql' retrieved from /home/mahmoud/airflow/dags/write_to_postgresql.py
[2024-04-15T12:33:00.838+0200] {logging_mixin.py:188} INFO - [2024-04-15T12:33:00.838+0200] {dag.py:3033} INFO - Sync 1 DAGs
[2024-04-15T12:33:00.855+0200] {logging_mixin.py:188} INFO - [2024-04-15T12:33:00.855+0200] {dag.py:3820} INFO - Setting next_dagrun for write_to_postgresql to None, run_after=None
[2024-04-15T12:33:00.891+0200] {processor.py:183} INFO - Processing /home/mahmoud/airflow/dags/write_to_postgresql.py took 0.092 seconds
[2024-04-15T12:33:31.697+0200] {processor.py:161} INFO - Started process (PID=4002) to work on /home/mahmoud/airflow/dags/write_to_postgresql.py
[2024-04-15T12:33:31.700+0200] {processor.py:830} INFO - Processing file /home/mahmoud/airflow/dags/write_to_postgresql.py for tasks to queue
[2024-04-15T12:33:31.701+0200] {logging_mixin.py:188} INFO - [2024-04-15T12:33:31.701+0200] {dagbag.py:538} INFO - Filling up the DagBag from /home/mahmoud/airflow/dags/write_to_postgresql.py
[2024-04-15T12:33:31.711+0200] {processor.py:840} INFO - DAG(s) 'write_to_postgresql' retrieved from /home/mahmoud/airflow/dags/write_to_postgresql.py
[2024-04-15T12:33:31.731+0200] {logging_mixin.py:188} INFO - [2024-04-15T12:33:31.730+0200] {dag.py:3033} INFO - Sync 1 DAGs
[2024-04-15T12:33:31.752+0200] {logging_mixin.py:188} INFO - [2024-04-15T12:33:31.751+0200] {dag.py:3820} INFO - Setting next_dagrun for write_to_postgresql to None, run_after=None
[2024-04-15T12:33:31.783+0200] {processor.py:183} INFO - Processing /home/mahmoud/airflow/dags/write_to_postgresql.py took 0.089 seconds
[2024-04-15T12:34:02.552+0200] {processor.py:161} INFO - Started process (PID=4333) to work on /home/mahmoud/airflow/dags/write_to_postgresql.py
[2024-04-15T12:34:02.554+0200] {processor.py:830} INFO - Processing file /home/mahmoud/airflow/dags/write_to_postgresql.py for tasks to queue
[2024-04-15T12:34:02.555+0200] {logging_mixin.py:188} INFO - [2024-04-15T12:34:02.554+0200] {dagbag.py:538} INFO - Filling up the DagBag from /home/mahmoud/airflow/dags/write_to_postgresql.py
[2024-04-15T12:34:02.565+0200] {processor.py:840} INFO - DAG(s) 'write_to_postgresql' retrieved from /home/mahmoud/airflow/dags/write_to_postgresql.py
[2024-04-15T12:34:02.581+0200] {logging_mixin.py:188} INFO - [2024-04-15T12:34:02.581+0200] {dag.py:3033} INFO - Sync 1 DAGs
[2024-04-15T12:34:02.598+0200] {logging_mixin.py:188} INFO - [2024-04-15T12:34:02.597+0200] {dag.py:3820} INFO - Setting next_dagrun for write_to_postgresql to None, run_after=None
[2024-04-15T12:34:02.618+0200] {processor.py:183} INFO - Processing /home/mahmoud/airflow/dags/write_to_postgresql.py took 0.069 seconds
[2024-04-15T12:34:33.785+0200] {processor.py:161} INFO - Started process (PID=4650) to work on /home/mahmoud/airflow/dags/write_to_postgresql.py
[2024-04-15T12:34:33.787+0200] {processor.py:830} INFO - Processing file /home/mahmoud/airflow/dags/write_to_postgresql.py for tasks to queue
[2024-04-15T12:34:33.787+0200] {logging_mixin.py:188} INFO - [2024-04-15T12:34:33.787+0200] {dagbag.py:538} INFO - Filling up the DagBag from /home/mahmoud/airflow/dags/write_to_postgresql.py
[2024-04-15T12:34:33.797+0200] {processor.py:840} INFO - DAG(s) 'write_to_postgresql' retrieved from /home/mahmoud/airflow/dags/write_to_postgresql.py
[2024-04-15T12:34:33.811+0200] {logging_mixin.py:188} INFO - [2024-04-15T12:34:33.811+0200] {dag.py:3033} INFO - Sync 1 DAGs
[2024-04-15T12:34:33.825+0200] {logging_mixin.py:188} INFO - [2024-04-15T12:34:33.825+0200] {dag.py:3820} INFO - Setting next_dagrun for write_to_postgresql to None, run_after=None
[2024-04-15T12:34:33.846+0200] {processor.py:183} INFO - Processing /home/mahmoud/airflow/dags/write_to_postgresql.py took 0.064 seconds
[2024-04-15T12:35:04.585+0200] {processor.py:161} INFO - Started process (PID=5009) to work on /home/mahmoud/airflow/dags/write_to_postgresql.py
[2024-04-15T12:35:04.596+0200] {processor.py:830} INFO - Processing file /home/mahmoud/airflow/dags/write_to_postgresql.py for tasks to queue
[2024-04-15T12:35:04.598+0200] {logging_mixin.py:188} INFO - [2024-04-15T12:35:04.597+0200] {dagbag.py:538} INFO - Filling up the DagBag from /home/mahmoud/airflow/dags/write_to_postgresql.py
[2024-04-15T12:35:04.611+0200] {processor.py:840} INFO - DAG(s) 'write_to_postgresql' retrieved from /home/mahmoud/airflow/dags/write_to_postgresql.py
[2024-04-15T12:35:04.630+0200] {logging_mixin.py:188} INFO - [2024-04-15T12:35:04.630+0200] {dag.py:3033} INFO - Sync 1 DAGs
[2024-04-15T12:35:04.674+0200] {logging_mixin.py:188} INFO - [2024-04-15T12:35:04.674+0200] {dag.py:3820} INFO - Setting next_dagrun for write_to_postgresql to None, run_after=None
[2024-04-15T12:35:04.721+0200] {processor.py:183} INFO - Processing /home/mahmoud/airflow/dags/write_to_postgresql.py took 0.142 seconds
[2024-04-15T12:35:35.272+0200] {processor.py:161} INFO - Started process (PID=5326) to work on /home/mahmoud/airflow/dags/write_to_postgresql.py
[2024-04-15T12:35:35.274+0200] {processor.py:830} INFO - Processing file /home/mahmoud/airflow/dags/write_to_postgresql.py for tasks to queue
[2024-04-15T12:35:35.275+0200] {logging_mixin.py:188} INFO - [2024-04-15T12:35:35.274+0200] {dagbag.py:538} INFO - Filling up the DagBag from /home/mahmoud/airflow/dags/write_to_postgresql.py
[2024-04-15T12:35:35.285+0200] {processor.py:840} INFO - DAG(s) 'write_to_postgresql' retrieved from /home/mahmoud/airflow/dags/write_to_postgresql.py
[2024-04-15T12:35:35.302+0200] {logging_mixin.py:188} INFO - [2024-04-15T12:35:35.302+0200] {dag.py:3033} INFO - Sync 1 DAGs
[2024-04-15T12:35:35.319+0200] {logging_mixin.py:188} INFO - [2024-04-15T12:35:35.319+0200] {dag.py:3820} INFO - Setting next_dagrun for write_to_postgresql to None, run_after=None
[2024-04-15T12:35:35.365+0200] {processor.py:183} INFO - Processing /home/mahmoud/airflow/dags/write_to_postgresql.py took 0.095 seconds
[2024-04-15T12:36:05.901+0200] {processor.py:161} INFO - Started process (PID=5563) to work on /home/mahmoud/airflow/dags/write_to_postgresql.py
[2024-04-15T12:36:05.914+0200] {processor.py:830} INFO - Processing file /home/mahmoud/airflow/dags/write_to_postgresql.py for tasks to queue
[2024-04-15T12:36:05.917+0200] {logging_mixin.py:188} INFO - [2024-04-15T12:36:05.916+0200] {dagbag.py:538} INFO - Filling up the DagBag from /home/mahmoud/airflow/dags/write_to_postgresql.py
[2024-04-15T12:36:05.935+0200] {processor.py:840} INFO - DAG(s) 'write_to_postgresql' retrieved from /home/mahmoud/airflow/dags/write_to_postgresql.py
[2024-04-15T12:36:05.953+0200] {logging_mixin.py:188} INFO - [2024-04-15T12:36:05.953+0200] {dag.py:3033} INFO - Sync 1 DAGs
[2024-04-15T12:36:05.972+0200] {logging_mixin.py:188} INFO - [2024-04-15T12:36:05.971+0200] {dag.py:3820} INFO - Setting next_dagrun for write_to_postgresql to None, run_after=None
[2024-04-15T12:36:05.997+0200] {processor.py:183} INFO - Processing /home/mahmoud/airflow/dags/write_to_postgresql.py took 0.100 seconds
[2024-04-15T12:36:36.501+0200] {processor.py:161} INFO - Started process (PID=5846) to work on /home/mahmoud/airflow/dags/write_to_postgresql.py
[2024-04-15T12:36:36.502+0200] {processor.py:830} INFO - Processing file /home/mahmoud/airflow/dags/write_to_postgresql.py for tasks to queue
[2024-04-15T12:36:36.504+0200] {logging_mixin.py:188} INFO - [2024-04-15T12:36:36.503+0200] {dagbag.py:538} INFO - Filling up the DagBag from /home/mahmoud/airflow/dags/write_to_postgresql.py
[2024-04-15T12:36:36.521+0200] {processor.py:840} INFO - DAG(s) 'write_to_postgresql' retrieved from /home/mahmoud/airflow/dags/write_to_postgresql.py
[2024-04-15T12:36:36.541+0200] {logging_mixin.py:188} INFO - [2024-04-15T12:36:36.541+0200] {dag.py:3033} INFO - Sync 1 DAGs
[2024-04-15T12:36:36.557+0200] {logging_mixin.py:188} INFO - [2024-04-15T12:36:36.557+0200] {dag.py:3820} INFO - Setting next_dagrun for write_to_postgresql to None, run_after=None
[2024-04-15T12:36:36.590+0200] {processor.py:183} INFO - Processing /home/mahmoud/airflow/dags/write_to_postgresql.py took 0.095 seconds
[2024-04-15T12:37:07.078+0200] {processor.py:161} INFO - Started process (PID=6106) to work on /home/mahmoud/airflow/dags/write_to_postgresql.py
[2024-04-15T12:37:07.087+0200] {processor.py:830} INFO - Processing file /home/mahmoud/airflow/dags/write_to_postgresql.py for tasks to queue
[2024-04-15T12:37:07.089+0200] {logging_mixin.py:188} INFO - [2024-04-15T12:37:07.088+0200] {dagbag.py:538} INFO - Filling up the DagBag from /home/mahmoud/airflow/dags/write_to_postgresql.py
[2024-04-15T12:37:07.108+0200] {processor.py:840} INFO - DAG(s) 'write_to_postgresql' retrieved from /home/mahmoud/airflow/dags/write_to_postgresql.py
[2024-04-15T12:37:07.127+0200] {logging_mixin.py:188} INFO - [2024-04-15T12:37:07.127+0200] {dag.py:3033} INFO - Sync 1 DAGs
[2024-04-15T12:37:07.143+0200] {logging_mixin.py:188} INFO - [2024-04-15T12:37:07.143+0200] {dag.py:3820} INFO - Setting next_dagrun for write_to_postgresql to None, run_after=None
[2024-04-15T12:37:07.165+0200] {processor.py:183} INFO - Processing /home/mahmoud/airflow/dags/write_to_postgresql.py took 0.092 seconds
[2024-04-15T12:37:37.629+0200] {processor.py:161} INFO - Started process (PID=6417) to work on /home/mahmoud/airflow/dags/write_to_postgresql.py
[2024-04-15T12:37:37.630+0200] {processor.py:830} INFO - Processing file /home/mahmoud/airflow/dags/write_to_postgresql.py for tasks to queue
[2024-04-15T12:37:37.631+0200] {logging_mixin.py:188} INFO - [2024-04-15T12:37:37.630+0200] {dagbag.py:538} INFO - Filling up the DagBag from /home/mahmoud/airflow/dags/write_to_postgresql.py
[2024-04-15T12:37:37.641+0200] {processor.py:840} INFO - DAG(s) 'write_to_postgresql' retrieved from /home/mahmoud/airflow/dags/write_to_postgresql.py
[2024-04-15T12:37:37.658+0200] {logging_mixin.py:188} INFO - [2024-04-15T12:37:37.658+0200] {dag.py:3033} INFO - Sync 1 DAGs
[2024-04-15T12:37:37.676+0200] {logging_mixin.py:188} INFO - [2024-04-15T12:37:37.675+0200] {dag.py:3820} INFO - Setting next_dagrun for write_to_postgresql to None, run_after=None
[2024-04-15T12:37:37.718+0200] {processor.py:183} INFO - Processing /home/mahmoud/airflow/dags/write_to_postgresql.py took 0.092 seconds
[2024-04-15T12:38:08.310+0200] {processor.py:161} INFO - Started process (PID=6724) to work on /home/mahmoud/airflow/dags/write_to_postgresql.py
[2024-04-15T12:38:08.313+0200] {processor.py:830} INFO - Processing file /home/mahmoud/airflow/dags/write_to_postgresql.py for tasks to queue
[2024-04-15T12:38:08.315+0200] {logging_mixin.py:188} INFO - [2024-04-15T12:38:08.314+0200] {dagbag.py:538} INFO - Filling up the DagBag from /home/mahmoud/airflow/dags/write_to_postgresql.py
[2024-04-15T12:38:08.330+0200] {processor.py:840} INFO - DAG(s) 'write_to_postgresql' retrieved from /home/mahmoud/airflow/dags/write_to_postgresql.py
[2024-04-15T12:38:08.348+0200] {logging_mixin.py:188} INFO - [2024-04-15T12:38:08.348+0200] {dag.py:3033} INFO - Sync 1 DAGs
[2024-04-15T12:38:08.365+0200] {logging_mixin.py:188} INFO - [2024-04-15T12:38:08.365+0200] {dag.py:3820} INFO - Setting next_dagrun for write_to_postgresql to None, run_after=None
[2024-04-15T12:38:08.400+0200] {processor.py:183} INFO - Processing /home/mahmoud/airflow/dags/write_to_postgresql.py took 0.097 seconds
[2024-04-15T12:38:38.950+0200] {processor.py:161} INFO - Started process (PID=6972) to work on /home/mahmoud/airflow/dags/write_to_postgresql.py
[2024-04-15T12:38:38.951+0200] {processor.py:830} INFO - Processing file /home/mahmoud/airflow/dags/write_to_postgresql.py for tasks to queue
[2024-04-15T12:38:38.952+0200] {logging_mixin.py:188} INFO - [2024-04-15T12:38:38.952+0200] {dagbag.py:538} INFO - Filling up the DagBag from /home/mahmoud/airflow/dags/write_to_postgresql.py
[2024-04-15T12:38:38.966+0200] {processor.py:840} INFO - DAG(s) 'write_to_postgresql' retrieved from /home/mahmoud/airflow/dags/write_to_postgresql.py
[2024-04-15T12:38:38.983+0200] {logging_mixin.py:188} INFO - [2024-04-15T12:38:38.983+0200] {dag.py:3033} INFO - Sync 1 DAGs
[2024-04-15T12:38:39.000+0200] {logging_mixin.py:188} INFO - [2024-04-15T12:38:39.000+0200] {dag.py:3820} INFO - Setting next_dagrun for write_to_postgresql to None, run_after=None
[2024-04-15T12:38:39.033+0200] {processor.py:183} INFO - Processing /home/mahmoud/airflow/dags/write_to_postgresql.py took 0.089 seconds
[2024-04-15T12:39:09.624+0200] {processor.py:161} INFO - Started process (PID=7325) to work on /home/mahmoud/airflow/dags/write_to_postgresql.py
[2024-04-15T12:39:09.635+0200] {processor.py:830} INFO - Processing file /home/mahmoud/airflow/dags/write_to_postgresql.py for tasks to queue
[2024-04-15T12:39:09.636+0200] {logging_mixin.py:188} INFO - [2024-04-15T12:39:09.636+0200] {dagbag.py:538} INFO - Filling up the DagBag from /home/mahmoud/airflow/dags/write_to_postgresql.py
[2024-04-15T12:39:09.646+0200] {processor.py:840} INFO - DAG(s) 'write_to_postgresql' retrieved from /home/mahmoud/airflow/dags/write_to_postgresql.py
[2024-04-15T12:39:09.664+0200] {logging_mixin.py:188} INFO - [2024-04-15T12:39:09.664+0200] {dag.py:3033} INFO - Sync 1 DAGs
[2024-04-15T12:39:09.684+0200] {logging_mixin.py:188} INFO - [2024-04-15T12:39:09.684+0200] {dag.py:3820} INFO - Setting next_dagrun for write_to_postgresql to None, run_after=None
[2024-04-15T12:39:09.706+0200] {processor.py:183} INFO - Processing /home/mahmoud/airflow/dags/write_to_postgresql.py took 0.085 seconds
[2024-04-15T12:39:40.300+0200] {processor.py:161} INFO - Started process (PID=7653) to work on /home/mahmoud/airflow/dags/write_to_postgresql.py
[2024-04-15T12:39:40.302+0200] {processor.py:830} INFO - Processing file /home/mahmoud/airflow/dags/write_to_postgresql.py for tasks to queue
[2024-04-15T12:39:40.304+0200] {logging_mixin.py:188} INFO - [2024-04-15T12:39:40.303+0200] {dagbag.py:538} INFO - Filling up the DagBag from /home/mahmoud/airflow/dags/write_to_postgresql.py
[2024-04-15T12:39:40.322+0200] {processor.py:840} INFO - DAG(s) 'write_to_postgresql' retrieved from /home/mahmoud/airflow/dags/write_to_postgresql.py
[2024-04-15T12:39:40.343+0200] {logging_mixin.py:188} INFO - [2024-04-15T12:39:40.343+0200] {dag.py:3033} INFO - Sync 1 DAGs
[2024-04-15T12:39:40.360+0200] {logging_mixin.py:188} INFO - [2024-04-15T12:39:40.360+0200] {dag.py:3820} INFO - Setting next_dagrun for write_to_postgresql to None, run_after=None
[2024-04-15T12:39:40.391+0200] {processor.py:183} INFO - Processing /home/mahmoud/airflow/dags/write_to_postgresql.py took 0.102 seconds
[2024-04-15T12:40:10.779+0200] {processor.py:161} INFO - Started process (PID=7992) to work on /home/mahmoud/airflow/dags/write_to_postgresql.py
[2024-04-15T12:40:10.791+0200] {processor.py:830} INFO - Processing file /home/mahmoud/airflow/dags/write_to_postgresql.py for tasks to queue
[2024-04-15T12:40:10.792+0200] {logging_mixin.py:188} INFO - [2024-04-15T12:40:10.792+0200] {dagbag.py:538} INFO - Filling up the DagBag from /home/mahmoud/airflow/dags/write_to_postgresql.py
[2024-04-15T12:40:10.806+0200] {processor.py:840} INFO - DAG(s) 'write_to_postgresql' retrieved from /home/mahmoud/airflow/dags/write_to_postgresql.py
[2024-04-15T12:40:10.824+0200] {logging_mixin.py:188} INFO - [2024-04-15T12:40:10.824+0200] {dag.py:3033} INFO - Sync 1 DAGs
[2024-04-15T12:40:10.841+0200] {logging_mixin.py:188} INFO - [2024-04-15T12:40:10.841+0200] {dag.py:3820} INFO - Setting next_dagrun for write_to_postgresql to None, run_after=None
[2024-04-15T12:40:10.877+0200] {processor.py:183} INFO - Processing /home/mahmoud/airflow/dags/write_to_postgresql.py took 0.104 seconds
[2024-04-15T12:40:41.402+0200] {processor.py:161} INFO - Started process (PID=8401) to work on /home/mahmoud/airflow/dags/write_to_postgresql.py
[2024-04-15T12:40:41.403+0200] {processor.py:830} INFO - Processing file /home/mahmoud/airflow/dags/write_to_postgresql.py for tasks to queue
[2024-04-15T12:40:41.404+0200] {logging_mixin.py:188} INFO - [2024-04-15T12:40:41.404+0200] {dagbag.py:538} INFO - Filling up the DagBag from /home/mahmoud/airflow/dags/write_to_postgresql.py
[2024-04-15T12:40:41.413+0200] {processor.py:840} INFO - DAG(s) 'write_to_postgresql' retrieved from /home/mahmoud/airflow/dags/write_to_postgresql.py
[2024-04-15T12:40:41.429+0200] {logging_mixin.py:188} INFO - [2024-04-15T12:40:41.429+0200] {dag.py:3033} INFO - Sync 1 DAGs
[2024-04-15T12:40:41.446+0200] {logging_mixin.py:188} INFO - [2024-04-15T12:40:41.446+0200] {dag.py:3820} INFO - Setting next_dagrun for write_to_postgresql to None, run_after=None
[2024-04-15T12:40:41.469+0200] {processor.py:183} INFO - Processing /home/mahmoud/airflow/dags/write_to_postgresql.py took 0.070 seconds
[2024-04-15T12:41:12.010+0200] {processor.py:161} INFO - Started process (PID=8718) to work on /home/mahmoud/airflow/dags/write_to_postgresql.py
[2024-04-15T12:41:12.022+0200] {processor.py:830} INFO - Processing file /home/mahmoud/airflow/dags/write_to_postgresql.py for tasks to queue
[2024-04-15T12:41:12.024+0200] {logging_mixin.py:188} INFO - [2024-04-15T12:41:12.023+0200] {dagbag.py:538} INFO - Filling up the DagBag from /home/mahmoud/airflow/dags/write_to_postgresql.py
[2024-04-15T12:41:12.039+0200] {processor.py:840} INFO - DAG(s) 'write_to_postgresql' retrieved from /home/mahmoud/airflow/dags/write_to_postgresql.py
[2024-04-15T12:41:12.060+0200] {logging_mixin.py:188} INFO - [2024-04-15T12:41:12.059+0200] {dag.py:3033} INFO - Sync 1 DAGs
[2024-04-15T12:41:12.076+0200] {logging_mixin.py:188} INFO - [2024-04-15T12:41:12.076+0200] {dag.py:3820} INFO - Setting next_dagrun for write_to_postgresql to None, run_after=None
[2024-04-15T12:41:12.103+0200] {processor.py:183} INFO - Processing /home/mahmoud/airflow/dags/write_to_postgresql.py took 0.097 seconds
[2024-04-15T12:41:42.688+0200] {processor.py:161} INFO - Started process (PID=8948) to work on /home/mahmoud/airflow/dags/write_to_postgresql.py
[2024-04-15T12:41:42.700+0200] {processor.py:830} INFO - Processing file /home/mahmoud/airflow/dags/write_to_postgresql.py for tasks to queue
[2024-04-15T12:41:42.702+0200] {logging_mixin.py:188} INFO - [2024-04-15T12:41:42.701+0200] {dagbag.py:538} INFO - Filling up the DagBag from /home/mahmoud/airflow/dags/write_to_postgresql.py
[2024-04-15T12:41:42.717+0200] {processor.py:840} INFO - DAG(s) 'write_to_postgresql' retrieved from /home/mahmoud/airflow/dags/write_to_postgresql.py
[2024-04-15T12:41:42.736+0200] {logging_mixin.py:188} INFO - [2024-04-15T12:41:42.736+0200] {dag.py:3033} INFO - Sync 1 DAGs
[2024-04-15T12:41:42.754+0200] {logging_mixin.py:188} INFO - [2024-04-15T12:41:42.753+0200] {dag.py:3820} INFO - Setting next_dagrun for write_to_postgresql to None, run_after=None
[2024-04-15T12:41:42.786+0200] {processor.py:183} INFO - Processing /home/mahmoud/airflow/dags/write_to_postgresql.py took 0.104 seconds
[2024-04-15T12:42:13.301+0200] {processor.py:161} INFO - Started process (PID=9184) to work on /home/mahmoud/airflow/dags/write_to_postgresql.py
[2024-04-15T12:42:13.304+0200] {processor.py:830} INFO - Processing file /home/mahmoud/airflow/dags/write_to_postgresql.py for tasks to queue
[2024-04-15T12:42:13.305+0200] {logging_mixin.py:188} INFO - [2024-04-15T12:42:13.304+0200] {dagbag.py:538} INFO - Filling up the DagBag from /home/mahmoud/airflow/dags/write_to_postgresql.py
[2024-04-15T12:42:13.318+0200] {processor.py:840} INFO - DAG(s) 'write_to_postgresql' retrieved from /home/mahmoud/airflow/dags/write_to_postgresql.py
[2024-04-15T12:42:13.335+0200] {logging_mixin.py:188} INFO - [2024-04-15T12:42:13.335+0200] {dag.py:3033} INFO - Sync 1 DAGs
[2024-04-15T12:42:13.353+0200] {logging_mixin.py:188} INFO - [2024-04-15T12:42:13.352+0200] {dag.py:3820} INFO - Setting next_dagrun for write_to_postgresql to None, run_after=None
[2024-04-15T12:42:13.393+0200] {processor.py:183} INFO - Processing /home/mahmoud/airflow/dags/write_to_postgresql.py took 0.098 seconds
[2024-04-15T12:42:44.002+0200] {processor.py:161} INFO - Started process (PID=9419) to work on /home/mahmoud/airflow/dags/write_to_postgresql.py
[2024-04-15T12:42:44.004+0200] {processor.py:830} INFO - Processing file /home/mahmoud/airflow/dags/write_to_postgresql.py for tasks to queue
[2024-04-15T12:42:44.005+0200] {logging_mixin.py:188} INFO - [2024-04-15T12:42:44.004+0200] {dagbag.py:538} INFO - Filling up the DagBag from /home/mahmoud/airflow/dags/write_to_postgresql.py
[2024-04-15T12:42:44.015+0200] {processor.py:840} INFO - DAG(s) 'write_to_postgresql' retrieved from /home/mahmoud/airflow/dags/write_to_postgresql.py
[2024-04-15T12:42:44.030+0200] {logging_mixin.py:188} INFO - [2024-04-15T12:42:44.030+0200] {dag.py:3033} INFO - Sync 1 DAGs
[2024-04-15T12:42:44.046+0200] {logging_mixin.py:188} INFO - [2024-04-15T12:42:44.046+0200] {dag.py:3820} INFO - Setting next_dagrun for write_to_postgresql to None, run_after=None
[2024-04-15T12:42:44.066+0200] {processor.py:183} INFO - Processing /home/mahmoud/airflow/dags/write_to_postgresql.py took 0.068 seconds
[2024-04-15T12:43:14.459+0200] {processor.py:161} INFO - Started process (PID=9718) to work on /home/mahmoud/airflow/dags/write_to_postgresql.py
[2024-04-15T12:43:14.461+0200] {processor.py:830} INFO - Processing file /home/mahmoud/airflow/dags/write_to_postgresql.py for tasks to queue
[2024-04-15T12:43:14.462+0200] {logging_mixin.py:188} INFO - [2024-04-15T12:43:14.462+0200] {dagbag.py:538} INFO - Filling up the DagBag from /home/mahmoud/airflow/dags/write_to_postgresql.py
[2024-04-15T12:43:14.471+0200] {processor.py:840} INFO - DAG(s) 'write_to_postgresql' retrieved from /home/mahmoud/airflow/dags/write_to_postgresql.py
[2024-04-15T12:43:14.487+0200] {logging_mixin.py:188} INFO - [2024-04-15T12:43:14.487+0200] {dag.py:3033} INFO - Sync 1 DAGs
[2024-04-15T12:43:14.503+0200] {logging_mixin.py:188} INFO - [2024-04-15T12:43:14.502+0200] {dag.py:3820} INFO - Setting next_dagrun for write_to_postgresql to None, run_after=None
[2024-04-15T12:43:14.524+0200] {processor.py:183} INFO - Processing /home/mahmoud/airflow/dags/write_to_postgresql.py took 0.067 seconds
[2024-04-15T12:43:45.241+0200] {processor.py:161} INFO - Started process (PID=9949) to work on /home/mahmoud/airflow/dags/write_to_postgresql.py
[2024-04-15T12:43:45.244+0200] {processor.py:830} INFO - Processing file /home/mahmoud/airflow/dags/write_to_postgresql.py for tasks to queue
[2024-04-15T12:43:45.246+0200] {logging_mixin.py:188} INFO - [2024-04-15T12:43:45.245+0200] {dagbag.py:538} INFO - Filling up the DagBag from /home/mahmoud/airflow/dags/write_to_postgresql.py
[2024-04-15T12:43:45.264+0200] {processor.py:840} INFO - DAG(s) 'write_to_postgresql' retrieved from /home/mahmoud/airflow/dags/write_to_postgresql.py
[2024-04-15T12:43:45.282+0200] {logging_mixin.py:188} INFO - [2024-04-15T12:43:45.282+0200] {dag.py:3033} INFO - Sync 1 DAGs
[2024-04-15T12:43:45.299+0200] {logging_mixin.py:188} INFO - [2024-04-15T12:43:45.299+0200] {dag.py:3820} INFO - Setting next_dagrun for write_to_postgresql to None, run_after=None
[2024-04-15T12:43:45.330+0200] {processor.py:183} INFO - Processing /home/mahmoud/airflow/dags/write_to_postgresql.py took 0.097 seconds
[2024-04-15T12:44:15.794+0200] {processor.py:161} INFO - Started process (PID=10185) to work on /home/mahmoud/airflow/dags/write_to_postgresql.py
[2024-04-15T12:44:15.796+0200] {processor.py:830} INFO - Processing file /home/mahmoud/airflow/dags/write_to_postgresql.py for tasks to queue
[2024-04-15T12:44:15.797+0200] {logging_mixin.py:188} INFO - [2024-04-15T12:44:15.796+0200] {dagbag.py:538} INFO - Filling up the DagBag from /home/mahmoud/airflow/dags/write_to_postgresql.py
[2024-04-15T12:44:15.807+0200] {processor.py:840} INFO - DAG(s) 'write_to_postgresql' retrieved from /home/mahmoud/airflow/dags/write_to_postgresql.py
[2024-04-15T12:44:15.825+0200] {logging_mixin.py:188} INFO - [2024-04-15T12:44:15.825+0200] {dag.py:3033} INFO - Sync 1 DAGs
[2024-04-15T12:44:15.843+0200] {logging_mixin.py:188} INFO - [2024-04-15T12:44:15.843+0200] {dag.py:3820} INFO - Setting next_dagrun for write_to_postgresql to None, run_after=None
[2024-04-15T12:44:15.884+0200] {processor.py:183} INFO - Processing /home/mahmoud/airflow/dags/write_to_postgresql.py took 0.093 seconds
[2024-04-15T12:44:46.568+0200] {processor.py:161} INFO - Started process (PID=10421) to work on /home/mahmoud/airflow/dags/write_to_postgresql.py
[2024-04-15T12:44:46.571+0200] {processor.py:830} INFO - Processing file /home/mahmoud/airflow/dags/write_to_postgresql.py for tasks to queue
[2024-04-15T12:44:46.571+0200] {logging_mixin.py:188} INFO - [2024-04-15T12:44:46.571+0200] {dagbag.py:538} INFO - Filling up the DagBag from /home/mahmoud/airflow/dags/write_to_postgresql.py
[2024-04-15T12:44:46.581+0200] {processor.py:840} INFO - DAG(s) 'write_to_postgresql' retrieved from /home/mahmoud/airflow/dags/write_to_postgresql.py
[2024-04-15T12:44:46.596+0200] {logging_mixin.py:188} INFO - [2024-04-15T12:44:46.596+0200] {dag.py:3033} INFO - Sync 1 DAGs
[2024-04-15T12:44:46.614+0200] {logging_mixin.py:188} INFO - [2024-04-15T12:44:46.613+0200] {dag.py:3820} INFO - Setting next_dagrun for write_to_postgresql to None, run_after=None
[2024-04-15T12:44:46.633+0200] {processor.py:183} INFO - Processing /home/mahmoud/airflow/dags/write_to_postgresql.py took 0.067 seconds
[2024-04-15T12:45:17.524+0200] {processor.py:161} INFO - Started process (PID=10663) to work on /home/mahmoud/airflow/dags/write_to_postgresql.py
[2024-04-15T12:45:17.526+0200] {processor.py:830} INFO - Processing file /home/mahmoud/airflow/dags/write_to_postgresql.py for tasks to queue
[2024-04-15T12:45:17.528+0200] {logging_mixin.py:188} INFO - [2024-04-15T12:45:17.528+0200] {dagbag.py:538} INFO - Filling up the DagBag from /home/mahmoud/airflow/dags/write_to_postgresql.py
[2024-04-15T12:45:17.545+0200] {processor.py:840} INFO - DAG(s) 'write_to_postgresql' retrieved from /home/mahmoud/airflow/dags/write_to_postgresql.py
[2024-04-15T12:45:17.566+0200] {logging_mixin.py:188} INFO - [2024-04-15T12:45:17.565+0200] {dag.py:3033} INFO - Sync 1 DAGs
[2024-04-15T12:45:17.584+0200] {logging_mixin.py:188} INFO - [2024-04-15T12:45:17.584+0200] {dag.py:3820} INFO - Setting next_dagrun for write_to_postgresql to None, run_after=None
[2024-04-15T12:45:17.615+0200] {processor.py:183} INFO - Processing /home/mahmoud/airflow/dags/write_to_postgresql.py took 0.099 seconds
[2024-04-15T12:45:48.180+0200] {processor.py:161} INFO - Started process (PID=10926) to work on /home/mahmoud/airflow/dags/write_to_postgresql.py
[2024-04-15T12:45:48.192+0200] {processor.py:830} INFO - Processing file /home/mahmoud/airflow/dags/write_to_postgresql.py for tasks to queue
[2024-04-15T12:45:48.193+0200] {logging_mixin.py:188} INFO - [2024-04-15T12:45:48.192+0200] {dagbag.py:538} INFO - Filling up the DagBag from /home/mahmoud/airflow/dags/write_to_postgresql.py
[2024-04-15T12:45:48.203+0200] {processor.py:840} INFO - DAG(s) 'write_to_postgresql' retrieved from /home/mahmoud/airflow/dags/write_to_postgresql.py
[2024-04-15T12:45:48.221+0200] {logging_mixin.py:188} INFO - [2024-04-15T12:45:48.220+0200] {dag.py:3033} INFO - Sync 1 DAGs
[2024-04-15T12:45:48.238+0200] {logging_mixin.py:188} INFO - [2024-04-15T12:45:48.238+0200] {dag.py:3820} INFO - Setting next_dagrun for write_to_postgresql to None, run_after=None
[2024-04-15T12:45:48.261+0200] {processor.py:183} INFO - Processing /home/mahmoud/airflow/dags/write_to_postgresql.py took 0.087 seconds
[2024-04-15T12:46:18.886+0200] {processor.py:161} INFO - Started process (PID=11162) to work on /home/mahmoud/airflow/dags/write_to_postgresql.py
[2024-04-15T12:46:18.887+0200] {processor.py:830} INFO - Processing file /home/mahmoud/airflow/dags/write_to_postgresql.py for tasks to queue
[2024-04-15T12:46:18.888+0200] {logging_mixin.py:188} INFO - [2024-04-15T12:46:18.888+0200] {dagbag.py:538} INFO - Filling up the DagBag from /home/mahmoud/airflow/dags/write_to_postgresql.py
[2024-04-15T12:46:18.899+0200] {processor.py:840} INFO - DAG(s) 'write_to_postgresql' retrieved from /home/mahmoud/airflow/dags/write_to_postgresql.py
[2024-04-15T12:46:18.919+0200] {logging_mixin.py:188} INFO - [2024-04-15T12:46:18.919+0200] {dag.py:3033} INFO - Sync 1 DAGs
[2024-04-15T12:46:18.935+0200] {logging_mixin.py:188} INFO - [2024-04-15T12:46:18.935+0200] {dag.py:3820} INFO - Setting next_dagrun for write_to_postgresql to None, run_after=None
[2024-04-15T12:46:18.970+0200] {processor.py:183} INFO - Processing /home/mahmoud/airflow/dags/write_to_postgresql.py took 0.086 seconds
[2024-04-15T12:46:49.581+0200] {processor.py:161} INFO - Started process (PID=11393) to work on /home/mahmoud/airflow/dags/write_to_postgresql.py
[2024-04-15T12:46:49.592+0200] {processor.py:830} INFO - Processing file /home/mahmoud/airflow/dags/write_to_postgresql.py for tasks to queue
[2024-04-15T12:46:49.593+0200] {logging_mixin.py:188} INFO - [2024-04-15T12:46:49.592+0200] {dagbag.py:538} INFO - Filling up the DagBag from /home/mahmoud/airflow/dags/write_to_postgresql.py
[2024-04-15T12:46:49.602+0200] {processor.py:840} INFO - DAG(s) 'write_to_postgresql' retrieved from /home/mahmoud/airflow/dags/write_to_postgresql.py
[2024-04-15T12:46:49.618+0200] {logging_mixin.py:188} INFO - [2024-04-15T12:46:49.618+0200] {dag.py:3033} INFO - Sync 1 DAGs
[2024-04-15T12:46:49.635+0200] {logging_mixin.py:188} INFO - [2024-04-15T12:46:49.635+0200] {dag.py:3820} INFO - Setting next_dagrun for write_to_postgresql to None, run_after=None
[2024-04-15T12:46:49.662+0200] {processor.py:183} INFO - Processing /home/mahmoud/airflow/dags/write_to_postgresql.py took 0.084 seconds
[2024-04-15T12:47:20.497+0200] {processor.py:161} INFO - Started process (PID=11629) to work on /home/mahmoud/airflow/dags/write_to_postgresql.py
[2024-04-15T12:47:20.498+0200] {processor.py:830} INFO - Processing file /home/mahmoud/airflow/dags/write_to_postgresql.py for tasks to queue
[2024-04-15T12:47:20.499+0200] {logging_mixin.py:188} INFO - [2024-04-15T12:47:20.499+0200] {dagbag.py:538} INFO - Filling up the DagBag from /home/mahmoud/airflow/dags/write_to_postgresql.py
[2024-04-15T12:47:20.510+0200] {processor.py:840} INFO - DAG(s) 'write_to_postgresql' retrieved from /home/mahmoud/airflow/dags/write_to_postgresql.py
[2024-04-15T12:47:20.529+0200] {logging_mixin.py:188} INFO - [2024-04-15T12:47:20.528+0200] {dag.py:3033} INFO - Sync 1 DAGs
[2024-04-15T12:47:20.547+0200] {logging_mixin.py:188} INFO - [2024-04-15T12:47:20.547+0200] {dag.py:3820} INFO - Setting next_dagrun for write_to_postgresql to None, run_after=None
[2024-04-15T12:47:20.570+0200] {processor.py:183} INFO - Processing /home/mahmoud/airflow/dags/write_to_postgresql.py took 0.076 seconds
[2024-04-15T12:47:51.064+0200] {processor.py:161} INFO - Started process (PID=11866) to work on /home/mahmoud/airflow/dags/write_to_postgresql.py
[2024-04-15T12:47:51.068+0200] {processor.py:830} INFO - Processing file /home/mahmoud/airflow/dags/write_to_postgresql.py for tasks to queue
[2024-04-15T12:47:51.069+0200] {logging_mixin.py:188} INFO - [2024-04-15T12:47:51.069+0200] {dagbag.py:538} INFO - Filling up the DagBag from /home/mahmoud/airflow/dags/write_to_postgresql.py
[2024-04-15T12:47:51.085+0200] {processor.py:840} INFO - DAG(s) 'write_to_postgresql' retrieved from /home/mahmoud/airflow/dags/write_to_postgresql.py
[2024-04-15T12:47:51.105+0200] {logging_mixin.py:188} INFO - [2024-04-15T12:47:51.105+0200] {dag.py:3033} INFO - Sync 1 DAGs
[2024-04-15T12:47:51.123+0200] {logging_mixin.py:188} INFO - [2024-04-15T12:47:51.123+0200] {dag.py:3820} INFO - Setting next_dagrun for write_to_postgresql to None, run_after=None
[2024-04-15T12:47:51.184+0200] {processor.py:183} INFO - Processing /home/mahmoud/airflow/dags/write_to_postgresql.py took 0.126 seconds
[2024-04-15T12:48:21.783+0200] {processor.py:161} INFO - Started process (PID=12100) to work on /home/mahmoud/airflow/dags/write_to_postgresql.py
[2024-04-15T12:48:21.785+0200] {processor.py:830} INFO - Processing file /home/mahmoud/airflow/dags/write_to_postgresql.py for tasks to queue
[2024-04-15T12:48:21.786+0200] {logging_mixin.py:188} INFO - [2024-04-15T12:48:21.786+0200] {dagbag.py:538} INFO - Filling up the DagBag from /home/mahmoud/airflow/dags/write_to_postgresql.py
[2024-04-15T12:48:21.802+0200] {processor.py:840} INFO - DAG(s) 'write_to_postgresql' retrieved from /home/mahmoud/airflow/dags/write_to_postgresql.py
[2024-04-15T12:48:21.820+0200] {logging_mixin.py:188} INFO - [2024-04-15T12:48:21.820+0200] {dag.py:3033} INFO - Sync 1 DAGs
[2024-04-15T12:48:21.838+0200] {logging_mixin.py:188} INFO - [2024-04-15T12:48:21.838+0200] {dag.py:3820} INFO - Setting next_dagrun for write_to_postgresql to None, run_after=None
[2024-04-15T12:48:21.871+0200] {processor.py:183} INFO - Processing /home/mahmoud/airflow/dags/write_to_postgresql.py took 0.097 seconds
[2024-04-15T12:48:52.241+0200] {processor.py:161} INFO - Started process (PID=12335) to work on /home/mahmoud/airflow/dags/write_to_postgresql.py
[2024-04-15T12:48:52.253+0200] {processor.py:830} INFO - Processing file /home/mahmoud/airflow/dags/write_to_postgresql.py for tasks to queue
[2024-04-15T12:48:52.254+0200] {logging_mixin.py:188} INFO - [2024-04-15T12:48:52.253+0200] {dagbag.py:538} INFO - Filling up the DagBag from /home/mahmoud/airflow/dags/write_to_postgresql.py
[2024-04-15T12:48:52.263+0200] {processor.py:840} INFO - DAG(s) 'write_to_postgresql' retrieved from /home/mahmoud/airflow/dags/write_to_postgresql.py
[2024-04-15T12:48:52.278+0200] {logging_mixin.py:188} INFO - [2024-04-15T12:48:52.277+0200] {dag.py:3033} INFO - Sync 1 DAGs
[2024-04-15T12:48:52.296+0200] {logging_mixin.py:188} INFO - [2024-04-15T12:48:52.296+0200] {dag.py:3820} INFO - Setting next_dagrun for write_to_postgresql to None, run_after=None
[2024-04-15T12:48:52.324+0200] {processor.py:183} INFO - Processing /home/mahmoud/airflow/dags/write_to_postgresql.py took 0.086 seconds
[2024-04-15T12:49:22.900+0200] {processor.py:161} INFO - Started process (PID=12564) to work on /home/mahmoud/airflow/dags/write_to_postgresql.py
[2024-04-15T12:49:22.902+0200] {processor.py:830} INFO - Processing file /home/mahmoud/airflow/dags/write_to_postgresql.py for tasks to queue
[2024-04-15T12:49:22.903+0200] {logging_mixin.py:188} INFO - [2024-04-15T12:49:22.902+0200] {dagbag.py:538} INFO - Filling up the DagBag from /home/mahmoud/airflow/dags/write_to_postgresql.py
[2024-04-15T12:49:22.916+0200] {processor.py:840} INFO - DAG(s) 'write_to_postgresql' retrieved from /home/mahmoud/airflow/dags/write_to_postgresql.py
[2024-04-15T12:49:22.933+0200] {logging_mixin.py:188} INFO - [2024-04-15T12:49:22.932+0200] {dag.py:3033} INFO - Sync 1 DAGs
[2024-04-15T12:49:22.949+0200] {logging_mixin.py:188} INFO - [2024-04-15T12:49:22.949+0200] {dag.py:3820} INFO - Setting next_dagrun for write_to_postgresql to None, run_after=None
[2024-04-15T12:49:22.982+0200] {processor.py:183} INFO - Processing /home/mahmoud/airflow/dags/write_to_postgresql.py took 0.087 seconds
[2024-04-15T12:49:53.581+0200] {processor.py:161} INFO - Started process (PID=12801) to work on /home/mahmoud/airflow/dags/write_to_postgresql.py
[2024-04-15T12:49:53.593+0200] {processor.py:830} INFO - Processing file /home/mahmoud/airflow/dags/write_to_postgresql.py for tasks to queue
[2024-04-15T12:49:53.594+0200] {logging_mixin.py:188} INFO - [2024-04-15T12:49:53.594+0200] {dagbag.py:538} INFO - Filling up the DagBag from /home/mahmoud/airflow/dags/write_to_postgresql.py
[2024-04-15T12:49:53.604+0200] {processor.py:840} INFO - DAG(s) 'write_to_postgresql' retrieved from /home/mahmoud/airflow/dags/write_to_postgresql.py
[2024-04-15T12:49:53.621+0200] {logging_mixin.py:188} INFO - [2024-04-15T12:49:53.621+0200] {dag.py:3033} INFO - Sync 1 DAGs
[2024-04-15T12:49:53.640+0200] {logging_mixin.py:188} INFO - [2024-04-15T12:49:53.640+0200] {dag.py:3820} INFO - Setting next_dagrun for write_to_postgresql to None, run_after=None
[2024-04-15T12:49:53.669+0200] {processor.py:183} INFO - Processing /home/mahmoud/airflow/dags/write_to_postgresql.py took 0.091 seconds
[2024-04-15T12:50:23.921+0200] {processor.py:161} INFO - Started process (PID=13036) to work on /home/mahmoud/airflow/dags/write_to_postgresql.py
[2024-04-15T12:50:23.922+0200] {processor.py:830} INFO - Processing file /home/mahmoud/airflow/dags/write_to_postgresql.py for tasks to queue
[2024-04-15T12:50:23.923+0200] {logging_mixin.py:188} INFO - [2024-04-15T12:50:23.922+0200] {dagbag.py:538} INFO - Filling up the DagBag from /home/mahmoud/airflow/dags/write_to_postgresql.py
[2024-04-15T12:50:23.933+0200] {processor.py:840} INFO - DAG(s) 'write_to_postgresql' retrieved from /home/mahmoud/airflow/dags/write_to_postgresql.py
[2024-04-15T12:50:23.950+0200] {logging_mixin.py:188} INFO - [2024-04-15T12:50:23.950+0200] {dag.py:3033} INFO - Sync 1 DAGs
[2024-04-15T12:50:23.968+0200] {logging_mixin.py:188} INFO - [2024-04-15T12:50:23.968+0200] {dag.py:3820} INFO - Setting next_dagrun for write_to_postgresql to None, run_after=None
[2024-04-15T12:50:24.006+0200] {processor.py:183} INFO - Processing /home/mahmoud/airflow/dags/write_to_postgresql.py took 0.089 seconds
[2024-04-15T12:50:55.423+0200] {processor.py:161} INFO - Started process (PID=13305) to work on /home/mahmoud/airflow/dags/write_to_postgresql.py
[2024-04-15T12:50:55.425+0200] {processor.py:830} INFO - Processing file /home/mahmoud/airflow/dags/write_to_postgresql.py for tasks to queue
[2024-04-15T12:50:55.427+0200] {logging_mixin.py:188} INFO - [2024-04-15T12:50:55.426+0200] {dagbag.py:538} INFO - Filling up the DagBag from /home/mahmoud/airflow/dags/write_to_postgresql.py
[2024-04-15T12:50:55.441+0200] {processor.py:840} INFO - DAG(s) 'write_to_postgresql' retrieved from /home/mahmoud/airflow/dags/write_to_postgresql.py
[2024-04-15T12:50:55.459+0200] {logging_mixin.py:188} INFO - [2024-04-15T12:50:55.459+0200] {dag.py:3033} INFO - Sync 1 DAGs
[2024-04-15T12:50:55.476+0200] {logging_mixin.py:188} INFO - [2024-04-15T12:50:55.476+0200] {dag.py:3820} INFO - Setting next_dagrun for write_to_postgresql to None, run_after=None
[2024-04-15T12:50:55.512+0200] {processor.py:183} INFO - Processing /home/mahmoud/airflow/dags/write_to_postgresql.py took 0.095 seconds
[2024-04-15T12:51:26.311+0200] {processor.py:161} INFO - Started process (PID=13540) to work on /home/mahmoud/airflow/dags/write_to_postgresql.py
[2024-04-15T12:51:26.313+0200] {processor.py:830} INFO - Processing file /home/mahmoud/airflow/dags/write_to_postgresql.py for tasks to queue
[2024-04-15T12:51:26.314+0200] {logging_mixin.py:188} INFO - [2024-04-15T12:51:26.313+0200] {dagbag.py:538} INFO - Filling up the DagBag from /home/mahmoud/airflow/dags/write_to_postgresql.py
[2024-04-15T12:51:26.329+0200] {processor.py:840} INFO - DAG(s) 'write_to_postgresql' retrieved from /home/mahmoud/airflow/dags/write_to_postgresql.py
[2024-04-15T12:51:26.347+0200] {logging_mixin.py:188} INFO - [2024-04-15T12:51:26.346+0200] {dag.py:3033} INFO - Sync 1 DAGs
[2024-04-15T12:51:26.363+0200] {logging_mixin.py:188} INFO - [2024-04-15T12:51:26.363+0200] {dag.py:3820} INFO - Setting next_dagrun for write_to_postgresql to None, run_after=None
[2024-04-15T12:51:26.401+0200] {processor.py:183} INFO - Processing /home/mahmoud/airflow/dags/write_to_postgresql.py took 0.096 seconds
[2024-04-15T12:51:57.168+0200] {processor.py:161} INFO - Started process (PID=13777) to work on /home/mahmoud/airflow/dags/write_to_postgresql.py
[2024-04-15T12:51:57.171+0200] {processor.py:830} INFO - Processing file /home/mahmoud/airflow/dags/write_to_postgresql.py for tasks to queue
[2024-04-15T12:51:57.173+0200] {logging_mixin.py:188} INFO - [2024-04-15T12:51:57.172+0200] {dagbag.py:538} INFO - Filling up the DagBag from /home/mahmoud/airflow/dags/write_to_postgresql.py
[2024-04-15T12:51:57.188+0200] {processor.py:840} INFO - DAG(s) 'write_to_postgresql' retrieved from /home/mahmoud/airflow/dags/write_to_postgresql.py
[2024-04-15T12:51:57.205+0200] {logging_mixin.py:188} INFO - [2024-04-15T12:51:57.205+0200] {dag.py:3033} INFO - Sync 1 DAGs
[2024-04-15T12:51:57.223+0200] {logging_mixin.py:188} INFO - [2024-04-15T12:51:57.222+0200] {dag.py:3820} INFO - Setting next_dagrun for write_to_postgresql to None, run_after=None
[2024-04-15T12:51:57.258+0200] {processor.py:183} INFO - Processing /home/mahmoud/airflow/dags/write_to_postgresql.py took 0.096 seconds
[2024-04-15T12:52:27.964+0200] {processor.py:161} INFO - Started process (PID=14012) to work on /home/mahmoud/airflow/dags/write_to_postgresql.py
[2024-04-15T12:52:27.966+0200] {processor.py:830} INFO - Processing file /home/mahmoud/airflow/dags/write_to_postgresql.py for tasks to queue
[2024-04-15T12:52:27.968+0200] {logging_mixin.py:188} INFO - [2024-04-15T12:52:27.967+0200] {dagbag.py:538} INFO - Filling up the DagBag from /home/mahmoud/airflow/dags/write_to_postgresql.py
[2024-04-15T12:52:27.984+0200] {processor.py:840} INFO - DAG(s) 'write_to_postgresql' retrieved from /home/mahmoud/airflow/dags/write_to_postgresql.py
[2024-04-15T12:52:28.004+0200] {logging_mixin.py:188} INFO - [2024-04-15T12:52:28.004+0200] {dag.py:3033} INFO - Sync 1 DAGs
[2024-04-15T12:52:28.022+0200] {logging_mixin.py:188} INFO - [2024-04-15T12:52:28.022+0200] {dag.py:3820} INFO - Setting next_dagrun for write_to_postgresql to None, run_after=None
[2024-04-15T12:52:28.056+0200] {processor.py:183} INFO - Processing /home/mahmoud/airflow/dags/write_to_postgresql.py took 0.100 seconds
[2024-04-15T12:52:58.251+0200] {processor.py:161} INFO - Started process (PID=14241) to work on /home/mahmoud/airflow/dags/write_to_postgresql.py
[2024-04-15T12:52:58.254+0200] {processor.py:830} INFO - Processing file /home/mahmoud/airflow/dags/write_to_postgresql.py for tasks to queue
[2024-04-15T12:52:58.255+0200] {logging_mixin.py:188} INFO - [2024-04-15T12:52:58.254+0200] {dagbag.py:538} INFO - Filling up the DagBag from /home/mahmoud/airflow/dags/write_to_postgresql.py
[2024-04-15T12:52:58.265+0200] {processor.py:840} INFO - DAG(s) 'write_to_postgresql' retrieved from /home/mahmoud/airflow/dags/write_to_postgresql.py
[2024-04-15T12:52:58.283+0200] {logging_mixin.py:188} INFO - [2024-04-15T12:52:58.283+0200] {dag.py:3033} INFO - Sync 1 DAGs
[2024-04-15T12:52:58.306+0200] {logging_mixin.py:188} INFO - [2024-04-15T12:52:58.306+0200] {dag.py:3820} INFO - Setting next_dagrun for write_to_postgresql to None, run_after=None
[2024-04-15T12:52:58.339+0200] {processor.py:183} INFO - Processing /home/mahmoud/airflow/dags/write_to_postgresql.py took 0.091 seconds
[2024-04-15T12:53:29.648+0200] {processor.py:161} INFO - Started process (PID=14481) to work on /home/mahmoud/airflow/dags/write_to_postgresql.py
[2024-04-15T12:53:29.650+0200] {processor.py:830} INFO - Processing file /home/mahmoud/airflow/dags/write_to_postgresql.py for tasks to queue
[2024-04-15T12:53:29.651+0200] {logging_mixin.py:188} INFO - [2024-04-15T12:53:29.650+0200] {dagbag.py:538} INFO - Filling up the DagBag from /home/mahmoud/airflow/dags/write_to_postgresql.py
[2024-04-15T12:53:29.665+0200] {processor.py:840} INFO - DAG(s) 'write_to_postgresql' retrieved from /home/mahmoud/airflow/dags/write_to_postgresql.py
[2024-04-15T12:53:29.685+0200] {logging_mixin.py:188} INFO - [2024-04-15T12:53:29.685+0200] {dag.py:3033} INFO - Sync 1 DAGs
[2024-04-15T12:53:29.704+0200] {logging_mixin.py:188} INFO - [2024-04-15T12:53:29.704+0200] {dag.py:3820} INFO - Setting next_dagrun for write_to_postgresql to None, run_after=None
[2024-04-15T12:53:29.737+0200] {processor.py:183} INFO - Processing /home/mahmoud/airflow/dags/write_to_postgresql.py took 0.093 seconds
[2024-04-15T12:53:59.944+0200] {processor.py:161} INFO - Started process (PID=14716) to work on /home/mahmoud/airflow/dags/write_to_postgresql.py
[2024-04-15T12:53:59.946+0200] {processor.py:830} INFO - Processing file /home/mahmoud/airflow/dags/write_to_postgresql.py for tasks to queue
[2024-04-15T12:53:59.947+0200] {logging_mixin.py:188} INFO - [2024-04-15T12:53:59.947+0200] {dagbag.py:538} INFO - Filling up the DagBag from /home/mahmoud/airflow/dags/write_to_postgresql.py
[2024-04-15T12:53:59.958+0200] {processor.py:840} INFO - DAG(s) 'write_to_postgresql' retrieved from /home/mahmoud/airflow/dags/write_to_postgresql.py
[2024-04-15T12:53:59.974+0200] {logging_mixin.py:188} INFO - [2024-04-15T12:53:59.974+0200] {dag.py:3033} INFO - Sync 1 DAGs
[2024-04-15T12:53:59.991+0200] {logging_mixin.py:188} INFO - [2024-04-15T12:53:59.991+0200] {dag.py:3820} INFO - Setting next_dagrun for write_to_postgresql to None, run_after=None
[2024-04-15T12:54:00.036+0200] {processor.py:183} INFO - Processing /home/mahmoud/airflow/dags/write_to_postgresql.py took 0.095 seconds
[2024-04-15T12:54:32.276+0200] {processor.py:161} INFO - Started process (PID=14942) to work on /home/mahmoud/airflow/dags/write_to_postgresql.py
[2024-04-15T12:54:32.290+0200] {processor.py:830} INFO - Processing file /home/mahmoud/airflow/dags/write_to_postgresql.py for tasks to queue
[2024-04-15T12:54:32.302+0200] {logging_mixin.py:188} INFO - [2024-04-15T12:54:32.297+0200] {dagbag.py:538} INFO - Filling up the DagBag from /home/mahmoud/airflow/dags/write_to_postgresql.py
[2024-04-15T12:54:32.447+0200] {processor.py:840} INFO - DAG(s) 'write_to_postgresql' retrieved from /home/mahmoud/airflow/dags/write_to_postgresql.py
[2024-04-15T12:54:32.616+0200] {logging_mixin.py:188} INFO - [2024-04-15T12:54:32.614+0200] {dag.py:3033} INFO - Sync 1 DAGs
[2024-04-15T12:54:32.815+0200] {logging_mixin.py:188} INFO - [2024-04-15T12:54:32.814+0200] {dag.py:3820} INFO - Setting next_dagrun for write_to_postgresql to None, run_after=None
[2024-04-15T12:54:32.982+0200] {processor.py:183} INFO - Processing /home/mahmoud/airflow/dags/write_to_postgresql.py took 0.742 seconds
[2024-04-15T12:55:12.602+0200] {processor.py:161} INFO - Started process (PID=15187) to work on /home/mahmoud/airflow/dags/write_to_postgresql.py
[2024-04-15T12:55:12.610+0200] {processor.py:830} INFO - Processing file /home/mahmoud/airflow/dags/write_to_postgresql.py for tasks to queue
[2024-04-15T12:55:12.619+0200] {logging_mixin.py:188} INFO - [2024-04-15T12:55:12.615+0200] {dagbag.py:538} INFO - Filling up the DagBag from /home/mahmoud/airflow/dags/write_to_postgresql.py
[2024-04-15T12:55:12.720+0200] {processor.py:840} INFO - DAG(s) 'write_to_postgresql' retrieved from /home/mahmoud/airflow/dags/write_to_postgresql.py
[2024-04-15T12:55:12.933+0200] {logging_mixin.py:188} INFO - [2024-04-15T12:55:12.931+0200] {dag.py:3033} INFO - Sync 1 DAGs
[2024-04-15T12:55:13.184+0200] {logging_mixin.py:188} INFO - [2024-04-15T12:55:13.183+0200] {dag.py:3820} INFO - Setting next_dagrun for write_to_postgresql to None, run_after=None
[2024-04-15T12:55:13.391+0200] {processor.py:183} INFO - Processing /home/mahmoud/airflow/dags/write_to_postgresql.py took 0.818 seconds
[2024-04-15T12:55:47.078+0200] {processor.py:161} INFO - Started process (PID=15436) to work on /home/mahmoud/airflow/dags/write_to_postgresql.py
[2024-04-15T12:55:47.088+0200] {processor.py:830} INFO - Processing file /home/mahmoud/airflow/dags/write_to_postgresql.py for tasks to queue
[2024-04-15T12:55:47.095+0200] {logging_mixin.py:188} INFO - [2024-04-15T12:55:47.092+0200] {dagbag.py:538} INFO - Filling up the DagBag from /home/mahmoud/airflow/dags/write_to_postgresql.py
[2024-04-15T12:55:47.192+0200] {processor.py:840} INFO - DAG(s) 'write_to_postgresql' retrieved from /home/mahmoud/airflow/dags/write_to_postgresql.py
[2024-04-15T12:55:47.355+0200] {logging_mixin.py:188} INFO - [2024-04-15T12:55:47.353+0200] {dag.py:3033} INFO - Sync 1 DAGs
[2024-04-15T12:55:47.526+0200] {logging_mixin.py:188} INFO - [2024-04-15T12:55:47.525+0200] {dag.py:3820} INFO - Setting next_dagrun for write_to_postgresql to None, run_after=None
[2024-04-15T12:55:47.712+0200] {processor.py:183} INFO - Processing /home/mahmoud/airflow/dags/write_to_postgresql.py took 0.660 seconds
[2024-04-15T12:56:21.815+0200] {processor.py:161} INFO - Started process (PID=15663) to work on /home/mahmoud/airflow/dags/write_to_postgresql.py
[2024-04-15T12:56:21.825+0200] {processor.py:830} INFO - Processing file /home/mahmoud/airflow/dags/write_to_postgresql.py for tasks to queue
[2024-04-15T12:56:21.833+0200] {logging_mixin.py:188} INFO - [2024-04-15T12:56:21.830+0200] {dagbag.py:538} INFO - Filling up the DagBag from /home/mahmoud/airflow/dags/write_to_postgresql.py
[2024-04-15T12:56:21.933+0200] {processor.py:840} INFO - DAG(s) 'write_to_postgresql' retrieved from /home/mahmoud/airflow/dags/write_to_postgresql.py
[2024-04-15T12:56:22.085+0200] {logging_mixin.py:188} INFO - [2024-04-15T12:56:22.084+0200] {dag.py:3033} INFO - Sync 1 DAGs
[2024-04-15T12:56:22.288+0200] {logging_mixin.py:188} INFO - [2024-04-15T12:56:22.286+0200] {dag.py:3820} INFO - Setting next_dagrun for write_to_postgresql to None, run_after=None
[2024-04-15T12:56:22.486+0200] {processor.py:183} INFO - Processing /home/mahmoud/airflow/dags/write_to_postgresql.py took 0.698 seconds
[2024-04-15T12:56:55.997+0200] {processor.py:161} INFO - Started process (PID=15878) to work on /home/mahmoud/airflow/dags/write_to_postgresql.py
[2024-04-15T12:56:56.008+0200] {processor.py:830} INFO - Processing file /home/mahmoud/airflow/dags/write_to_postgresql.py for tasks to queue
[2024-04-15T12:56:56.019+0200] {logging_mixin.py:188} INFO - [2024-04-15T12:56:56.014+0200] {dagbag.py:538} INFO - Filling up the DagBag from /home/mahmoud/airflow/dags/write_to_postgresql.py
[2024-04-15T12:56:56.139+0200] {processor.py:840} INFO - DAG(s) 'write_to_postgresql' retrieved from /home/mahmoud/airflow/dags/write_to_postgresql.py
[2024-04-15T12:56:56.331+0200] {logging_mixin.py:188} INFO - [2024-04-15T12:56:56.329+0200] {dag.py:3033} INFO - Sync 1 DAGs
[2024-04-15T12:56:56.551+0200] {logging_mixin.py:188} INFO - [2024-04-15T12:56:56.550+0200] {dag.py:3820} INFO - Setting next_dagrun for write_to_postgresql to None, run_after=None
[2024-04-15T12:56:56.771+0200] {processor.py:183} INFO - Processing /home/mahmoud/airflow/dags/write_to_postgresql.py took 0.808 seconds
[2024-04-15T12:57:31.330+0200] {processor.py:161} INFO - Started process (PID=16095) to work on /home/mahmoud/airflow/dags/write_to_postgresql.py
[2024-04-15T12:57:31.340+0200] {processor.py:830} INFO - Processing file /home/mahmoud/airflow/dags/write_to_postgresql.py for tasks to queue
[2024-04-15T12:57:31.363+0200] {logging_mixin.py:188} INFO - [2024-04-15T12:57:31.347+0200] {dagbag.py:538} INFO - Filling up the DagBag from /home/mahmoud/airflow/dags/write_to_postgresql.py
[2024-04-15T12:57:31.544+0200] {processor.py:840} INFO - DAG(s) 'write_to_postgresql' retrieved from /home/mahmoud/airflow/dags/write_to_postgresql.py
[2024-04-15T12:57:31.817+0200] {logging_mixin.py:188} INFO - [2024-04-15T12:57:31.815+0200] {dag.py:3033} INFO - Sync 1 DAGs
[2024-04-15T12:57:32.081+0200] {logging_mixin.py:188} INFO - [2024-04-15T12:57:32.078+0200] {dag.py:3820} INFO - Setting next_dagrun for write_to_postgresql to None, run_after=None
[2024-04-15T12:57:32.364+0200] {processor.py:183} INFO - Processing /home/mahmoud/airflow/dags/write_to_postgresql.py took 1.094 seconds
[2024-04-15T12:58:06.502+0200] {processor.py:161} INFO - Started process (PID=16310) to work on /home/mahmoud/airflow/dags/write_to_postgresql.py
[2024-04-15T12:58:06.511+0200] {processor.py:830} INFO - Processing file /home/mahmoud/airflow/dags/write_to_postgresql.py for tasks to queue
[2024-04-15T12:58:06.519+0200] {logging_mixin.py:188} INFO - [2024-04-15T12:58:06.516+0200] {dagbag.py:538} INFO - Filling up the DagBag from /home/mahmoud/airflow/dags/write_to_postgresql.py
[2024-04-15T12:58:06.613+0200] {processor.py:840} INFO - DAG(s) 'write_to_postgresql' retrieved from /home/mahmoud/airflow/dags/write_to_postgresql.py
[2024-04-15T12:58:06.773+0200] {logging_mixin.py:188} INFO - [2024-04-15T12:58:06.771+0200] {dag.py:3033} INFO - Sync 1 DAGs
[2024-04-15T12:58:06.954+0200] {logging_mixin.py:188} INFO - [2024-04-15T12:58:06.952+0200] {dag.py:3820} INFO - Setting next_dagrun for write_to_postgresql to None, run_after=None
[2024-04-15T12:58:07.105+0200] {processor.py:183} INFO - Processing /home/mahmoud/airflow/dags/write_to_postgresql.py took 0.643 seconds
[2024-04-15T12:58:39.493+0200] {processor.py:161} INFO - Started process (PID=16502) to work on /home/mahmoud/airflow/dags/write_to_postgresql.py
[2024-04-15T12:58:39.503+0200] {processor.py:830} INFO - Processing file /home/mahmoud/airflow/dags/write_to_postgresql.py for tasks to queue
[2024-04-15T12:58:39.509+0200] {logging_mixin.py:188} INFO - [2024-04-15T12:58:39.506+0200] {dagbag.py:538} INFO - Filling up the DagBag from /home/mahmoud/airflow/dags/write_to_postgresql.py
[2024-04-15T12:58:39.594+0200] {processor.py:840} INFO - DAG(s) 'write_to_postgresql' retrieved from /home/mahmoud/airflow/dags/write_to_postgresql.py
[2024-04-15T12:58:39.740+0200] {logging_mixin.py:188} INFO - [2024-04-15T12:58:39.738+0200] {dag.py:3033} INFO - Sync 1 DAGs
[2024-04-15T12:58:39.909+0200] {logging_mixin.py:188} INFO - [2024-04-15T12:58:39.908+0200] {dag.py:3820} INFO - Setting next_dagrun for write_to_postgresql to None, run_after=None
[2024-04-15T12:58:40.081+0200] {processor.py:183} INFO - Processing /home/mahmoud/airflow/dags/write_to_postgresql.py took 0.612 seconds
[2024-04-15T12:59:14.856+0200] {processor.py:161} INFO - Started process (PID=16717) to work on /home/mahmoud/airflow/dags/write_to_postgresql.py
[2024-04-15T12:59:14.869+0200] {processor.py:830} INFO - Processing file /home/mahmoud/airflow/dags/write_to_postgresql.py for tasks to queue
[2024-04-15T12:59:14.880+0200] {logging_mixin.py:188} INFO - [2024-04-15T12:59:14.875+0200] {dagbag.py:538} INFO - Filling up the DagBag from /home/mahmoud/airflow/dags/write_to_postgresql.py
[2024-04-15T12:59:14.988+0200] {processor.py:840} INFO - DAG(s) 'write_to_postgresql' retrieved from /home/mahmoud/airflow/dags/write_to_postgresql.py
[2024-04-15T12:59:15.134+0200] {logging_mixin.py:188} INFO - [2024-04-15T12:59:15.133+0200] {dag.py:3033} INFO - Sync 1 DAGs
[2024-04-15T12:59:15.296+0200] {logging_mixin.py:188} INFO - [2024-04-15T12:59:15.295+0200] {dag.py:3820} INFO - Setting next_dagrun for write_to_postgresql to None, run_after=None
[2024-04-15T12:59:15.460+0200] {processor.py:183} INFO - Processing /home/mahmoud/airflow/dags/write_to_postgresql.py took 0.636 seconds
[2024-04-15T12:59:46.222+0200] {processor.py:161} INFO - Started process (PID=16917) to work on /home/mahmoud/airflow/dags/write_to_postgresql.py
[2024-04-15T12:59:46.229+0200] {processor.py:830} INFO - Processing file /home/mahmoud/airflow/dags/write_to_postgresql.py for tasks to queue
[2024-04-15T12:59:46.233+0200] {logging_mixin.py:188} INFO - [2024-04-15T12:59:46.232+0200] {dagbag.py:538} INFO - Filling up the DagBag from /home/mahmoud/airflow/dags/write_to_postgresql.py
[2024-04-15T12:59:46.282+0200] {processor.py:840} INFO - DAG(s) 'write_to_postgresql' retrieved from /home/mahmoud/airflow/dags/write_to_postgresql.py
[2024-04-15T12:59:46.368+0200] {logging_mixin.py:188} INFO - [2024-04-15T12:59:46.367+0200] {dag.py:3033} INFO - Sync 1 DAGs
[2024-04-15T12:59:46.453+0200] {logging_mixin.py:188} INFO - [2024-04-15T12:59:46.453+0200] {dag.py:3820} INFO - Setting next_dagrun for write_to_postgresql to None, run_after=None
[2024-04-15T12:59:46.542+0200] {processor.py:183} INFO - Processing /home/mahmoud/airflow/dags/write_to_postgresql.py took 0.341 seconds
[2024-04-15T13:00:23.302+0200] {processor.py:161} INFO - Started process (PID=17133) to work on /home/mahmoud/airflow/dags/write_to_postgresql.py
[2024-04-15T13:00:23.315+0200] {processor.py:830} INFO - Processing file /home/mahmoud/airflow/dags/write_to_postgresql.py for tasks to queue
[2024-04-15T13:00:23.325+0200] {logging_mixin.py:188} INFO - [2024-04-15T13:00:23.321+0200] {dagbag.py:538} INFO - Filling up the DagBag from /home/mahmoud/airflow/dags/write_to_postgresql.py
[2024-04-15T13:00:23.492+0200] {processor.py:840} INFO - DAG(s) 'write_to_postgresql' retrieved from /home/mahmoud/airflow/dags/write_to_postgresql.py
[2024-04-15T13:00:23.752+0200] {logging_mixin.py:188} INFO - [2024-04-15T13:00:23.750+0200] {dag.py:3033} INFO - Sync 1 DAGs
[2024-04-15T13:00:24.044+0200] {logging_mixin.py:188} INFO - [2024-04-15T13:00:24.040+0200] {dag.py:3820} INFO - Setting next_dagrun for write_to_postgresql to None, run_after=None
[2024-04-15T13:00:24.311+0200] {processor.py:183} INFO - Processing /home/mahmoud/airflow/dags/write_to_postgresql.py took 1.040 seconds
[2024-04-15T13:00:57.585+0200] {processor.py:161} INFO - Started process (PID=17361) to work on /home/mahmoud/airflow/dags/write_to_postgresql.py
[2024-04-15T13:00:57.594+0200] {processor.py:830} INFO - Processing file /home/mahmoud/airflow/dags/write_to_postgresql.py for tasks to queue
[2024-04-15T13:00:57.602+0200] {logging_mixin.py:188} INFO - [2024-04-15T13:00:57.600+0200] {dagbag.py:538} INFO - Filling up the DagBag from /home/mahmoud/airflow/dags/write_to_postgresql.py
[2024-04-15T13:00:57.721+0200] {processor.py:840} INFO - DAG(s) 'write_to_postgresql' retrieved from /home/mahmoud/airflow/dags/write_to_postgresql.py
[2024-04-15T13:00:57.904+0200] {logging_mixin.py:188} INFO - [2024-04-15T13:00:57.901+0200] {dag.py:3033} INFO - Sync 1 DAGs
[2024-04-15T13:00:58.143+0200] {logging_mixin.py:188} INFO - [2024-04-15T13:00:58.142+0200] {dag.py:3820} INFO - Setting next_dagrun for write_to_postgresql to None, run_after=None
[2024-04-15T13:00:58.331+0200] {processor.py:183} INFO - Processing /home/mahmoud/airflow/dags/write_to_postgresql.py took 0.774 seconds
[2024-04-15T13:01:31.277+0200] {processor.py:161} INFO - Started process (PID=17558) to work on /home/mahmoud/airflow/dags/write_to_postgresql.py
[2024-04-15T13:01:31.287+0200] {processor.py:830} INFO - Processing file /home/mahmoud/airflow/dags/write_to_postgresql.py for tasks to queue
[2024-04-15T13:01:31.294+0200] {logging_mixin.py:188} INFO - [2024-04-15T13:01:31.292+0200] {dagbag.py:538} INFO - Filling up the DagBag from /home/mahmoud/airflow/dags/write_to_postgresql.py
[2024-04-15T13:01:31.388+0200] {processor.py:840} INFO - DAG(s) 'write_to_postgresql' retrieved from /home/mahmoud/airflow/dags/write_to_postgresql.py
[2024-04-15T13:01:31.544+0200] {logging_mixin.py:188} INFO - [2024-04-15T13:01:31.542+0200] {dag.py:3033} INFO - Sync 1 DAGs
[2024-04-15T13:01:31.719+0200] {logging_mixin.py:188} INFO - [2024-04-15T13:01:31.718+0200] {dag.py:3820} INFO - Setting next_dagrun for write_to_postgresql to None, run_after=None
[2024-04-15T13:01:31.896+0200] {processor.py:183} INFO - Processing /home/mahmoud/airflow/dags/write_to_postgresql.py took 0.645 seconds
[2024-04-15T13:02:06.321+0200] {processor.py:161} INFO - Started process (PID=17762) to work on /home/mahmoud/airflow/dags/write_to_postgresql.py
[2024-04-15T13:02:06.332+0200] {processor.py:830} INFO - Processing file /home/mahmoud/airflow/dags/write_to_postgresql.py for tasks to queue
[2024-04-15T13:02:06.341+0200] {logging_mixin.py:188} INFO - [2024-04-15T13:02:06.337+0200] {dagbag.py:538} INFO - Filling up the DagBag from /home/mahmoud/airflow/dags/write_to_postgresql.py
[2024-04-15T13:02:06.449+0200] {processor.py:840} INFO - DAG(s) 'write_to_postgresql' retrieved from /home/mahmoud/airflow/dags/write_to_postgresql.py
[2024-04-15T13:02:06.741+0200] {logging_mixin.py:188} INFO - [2024-04-15T13:02:06.739+0200] {dag.py:3033} INFO - Sync 1 DAGs
[2024-04-15T13:02:06.994+0200] {logging_mixin.py:188} INFO - [2024-04-15T13:02:06.993+0200] {dag.py:3820} INFO - Setting next_dagrun for write_to_postgresql to None, run_after=None
[2024-04-15T13:02:07.203+0200] {processor.py:183} INFO - Processing /home/mahmoud/airflow/dags/write_to_postgresql.py took 0.912 seconds
[2024-04-15T13:02:42.828+0200] {processor.py:161} INFO - Started process (PID=17970) to work on /home/mahmoud/airflow/dags/write_to_postgresql.py
[2024-04-15T13:02:42.838+0200] {processor.py:830} INFO - Processing file /home/mahmoud/airflow/dags/write_to_postgresql.py for tasks to queue
[2024-04-15T13:02:42.845+0200] {logging_mixin.py:188} INFO - [2024-04-15T13:02:42.842+0200] {dagbag.py:538} INFO - Filling up the DagBag from /home/mahmoud/airflow/dags/write_to_postgresql.py
[2024-04-15T13:02:42.942+0200] {processor.py:840} INFO - DAG(s) 'write_to_postgresql' retrieved from /home/mahmoud/airflow/dags/write_to_postgresql.py
[2024-04-15T13:02:43.105+0200] {logging_mixin.py:188} INFO - [2024-04-15T13:02:43.103+0200] {dag.py:3033} INFO - Sync 1 DAGs
[2024-04-15T13:02:43.271+0200] {logging_mixin.py:188} INFO - [2024-04-15T13:02:43.270+0200] {dag.py:3820} INFO - Setting next_dagrun for write_to_postgresql to None, run_after=None
[2024-04-15T13:02:43.442+0200] {processor.py:183} INFO - Processing /home/mahmoud/airflow/dags/write_to_postgresql.py took 0.639 seconds
[2024-04-15T13:22:27.524+0200] {processor.py:161} INFO - Started process (PID=18193) to work on /home/mahmoud/airflow/dags/write_to_postgresql.py
[2024-04-15T13:22:27.527+0200] {processor.py:830} INFO - Processing file /home/mahmoud/airflow/dags/write_to_postgresql.py for tasks to queue
[2024-04-15T13:22:27.530+0200] {logging_mixin.py:188} INFO - [2024-04-15T13:22:27.529+0200] {dagbag.py:538} INFO - Filling up the DagBag from /home/mahmoud/airflow/dags/write_to_postgresql.py
[2024-04-15T13:22:27.564+0200] {processor.py:840} INFO - DAG(s) 'write_to_postgresql' retrieved from /home/mahmoud/airflow/dags/write_to_postgresql.py
[2024-04-15T13:22:27.642+0200] {logging_mixin.py:188} INFO - [2024-04-15T13:22:27.642+0200] {dag.py:3033} INFO - Sync 1 DAGs
[2024-04-15T13:22:27.723+0200] {logging_mixin.py:188} INFO - [2024-04-15T13:22:27.722+0200] {dag.py:3820} INFO - Setting next_dagrun for write_to_postgresql to None, run_after=None
[2024-04-15T13:22:27.840+0200] {processor.py:183} INFO - Processing /home/mahmoud/airflow/dags/write_to_postgresql.py took 0.329 seconds
[2024-04-15T13:22:58.215+0200] {processor.py:161} INFO - Started process (PID=18350) to work on /home/mahmoud/airflow/dags/write_to_postgresql.py
[2024-04-15T13:22:58.218+0200] {processor.py:830} INFO - Processing file /home/mahmoud/airflow/dags/write_to_postgresql.py for tasks to queue
[2024-04-15T13:22:58.220+0200] {logging_mixin.py:188} INFO - [2024-04-15T13:22:58.219+0200] {dagbag.py:538} INFO - Filling up the DagBag from /home/mahmoud/airflow/dags/write_to_postgresql.py
[2024-04-15T13:22:58.236+0200] {processor.py:840} INFO - DAG(s) 'write_to_postgresql' retrieved from /home/mahmoud/airflow/dags/write_to_postgresql.py
[2024-04-15T13:22:58.254+0200] {logging_mixin.py:188} INFO - [2024-04-15T13:22:58.254+0200] {dag.py:3033} INFO - Sync 1 DAGs
[2024-04-15T13:22:58.269+0200] {logging_mixin.py:188} INFO - [2024-04-15T13:22:58.269+0200] {dag.py:3820} INFO - Setting next_dagrun for write_to_postgresql to None, run_after=None
[2024-04-15T13:22:58.308+0200] {processor.py:183} INFO - Processing /home/mahmoud/airflow/dags/write_to_postgresql.py took 0.101 seconds
[2024-04-15T13:23:28.555+0200] {processor.py:161} INFO - Started process (PID=18502) to work on /home/mahmoud/airflow/dags/write_to_postgresql.py
[2024-04-15T13:23:28.571+0200] {processor.py:830} INFO - Processing file /home/mahmoud/airflow/dags/write_to_postgresql.py for tasks to queue
[2024-04-15T13:23:28.573+0200] {logging_mixin.py:188} INFO - [2024-04-15T13:23:28.572+0200] {dagbag.py:538} INFO - Filling up the DagBag from /home/mahmoud/airflow/dags/write_to_postgresql.py
[2024-04-15T13:23:28.585+0200] {processor.py:840} INFO - DAG(s) 'write_to_postgresql' retrieved from /home/mahmoud/airflow/dags/write_to_postgresql.py
[2024-04-15T13:23:28.602+0200] {logging_mixin.py:188} INFO - [2024-04-15T13:23:28.602+0200] {dag.py:3033} INFO - Sync 1 DAGs
[2024-04-15T13:23:28.620+0200] {logging_mixin.py:188} INFO - [2024-04-15T13:23:28.619+0200] {dag.py:3820} INFO - Setting next_dagrun for write_to_postgresql to None, run_after=None
[2024-04-15T13:23:28.658+0200] {processor.py:183} INFO - Processing /home/mahmoud/airflow/dags/write_to_postgresql.py took 0.108 seconds
[2024-04-15T13:24:00.106+0200] {processor.py:161} INFO - Started process (PID=18658) to work on /home/mahmoud/airflow/dags/write_to_postgresql.py
[2024-04-15T13:24:00.107+0200] {processor.py:830} INFO - Processing file /home/mahmoud/airflow/dags/write_to_postgresql.py for tasks to queue
[2024-04-15T13:24:00.108+0200] {logging_mixin.py:188} INFO - [2024-04-15T13:24:00.108+0200] {dagbag.py:538} INFO - Filling up the DagBag from /home/mahmoud/airflow/dags/write_to_postgresql.py
[2024-04-15T13:24:00.122+0200] {processor.py:840} INFO - DAG(s) 'write_to_postgresql' retrieved from /home/mahmoud/airflow/dags/write_to_postgresql.py
[2024-04-15T13:24:00.140+0200] {logging_mixin.py:188} INFO - [2024-04-15T13:24:00.140+0200] {dag.py:3033} INFO - Sync 1 DAGs
[2024-04-15T13:24:00.158+0200] {logging_mixin.py:188} INFO - [2024-04-15T13:24:00.157+0200] {dag.py:3820} INFO - Setting next_dagrun for write_to_postgresql to None, run_after=None
[2024-04-15T13:24:00.198+0200] {processor.py:183} INFO - Processing /home/mahmoud/airflow/dags/write_to_postgresql.py took 0.099 seconds
[2024-04-15T13:24:30.525+0200] {processor.py:161} INFO - Started process (PID=18809) to work on /home/mahmoud/airflow/dags/write_to_postgresql.py
[2024-04-15T13:24:30.536+0200] {processor.py:830} INFO - Processing file /home/mahmoud/airflow/dags/write_to_postgresql.py for tasks to queue
[2024-04-15T13:24:30.538+0200] {logging_mixin.py:188} INFO - [2024-04-15T13:24:30.537+0200] {dagbag.py:538} INFO - Filling up the DagBag from /home/mahmoud/airflow/dags/write_to_postgresql.py
[2024-04-15T13:24:30.554+0200] {processor.py:840} INFO - DAG(s) 'write_to_postgresql' retrieved from /home/mahmoud/airflow/dags/write_to_postgresql.py
[2024-04-15T13:24:30.574+0200] {logging_mixin.py:188} INFO - [2024-04-15T13:24:30.574+0200] {dag.py:3033} INFO - Sync 1 DAGs
[2024-04-15T13:24:30.592+0200] {logging_mixin.py:188} INFO - [2024-04-15T13:24:30.592+0200] {dag.py:3820} INFO - Setting next_dagrun for write_to_postgresql to None, run_after=None
[2024-04-15T13:24:30.625+0200] {processor.py:183} INFO - Processing /home/mahmoud/airflow/dags/write_to_postgresql.py took 0.105 seconds
[2024-04-15T13:25:00.801+0200] {processor.py:161} INFO - Started process (PID=18960) to work on /home/mahmoud/airflow/dags/write_to_postgresql.py
[2024-04-15T13:25:00.812+0200] {processor.py:830} INFO - Processing file /home/mahmoud/airflow/dags/write_to_postgresql.py for tasks to queue
[2024-04-15T13:25:00.813+0200] {logging_mixin.py:188} INFO - [2024-04-15T13:25:00.813+0200] {dagbag.py:538} INFO - Filling up the DagBag from /home/mahmoud/airflow/dags/write_to_postgresql.py
[2024-04-15T13:25:00.824+0200] {processor.py:840} INFO - DAG(s) 'write_to_postgresql' retrieved from /home/mahmoud/airflow/dags/write_to_postgresql.py
[2024-04-15T13:25:00.840+0200] {logging_mixin.py:188} INFO - [2024-04-15T13:25:00.840+0200] {dag.py:3033} INFO - Sync 1 DAGs
[2024-04-15T13:25:00.861+0200] {logging_mixin.py:188} INFO - [2024-04-15T13:25:00.860+0200] {dag.py:3820} INFO - Setting next_dagrun for write_to_postgresql to None, run_after=None
[2024-04-15T13:25:00.887+0200] {processor.py:183} INFO - Processing /home/mahmoud/airflow/dags/write_to_postgresql.py took 0.090 seconds
[2024-04-15T13:25:31.200+0200] {processor.py:161} INFO - Started process (PID=19116) to work on /home/mahmoud/airflow/dags/write_to_postgresql.py
[2024-04-15T13:25:31.202+0200] {processor.py:830} INFO - Processing file /home/mahmoud/airflow/dags/write_to_postgresql.py for tasks to queue
[2024-04-15T13:25:31.203+0200] {logging_mixin.py:188} INFO - [2024-04-15T13:25:31.202+0200] {dagbag.py:538} INFO - Filling up the DagBag from /home/mahmoud/airflow/dags/write_to_postgresql.py
[2024-04-15T13:25:31.213+0200] {processor.py:840} INFO - DAG(s) 'write_to_postgresql' retrieved from /home/mahmoud/airflow/dags/write_to_postgresql.py
[2024-04-15T13:25:31.243+0200] {logging_mixin.py:188} INFO - [2024-04-15T13:25:31.243+0200] {dag.py:3033} INFO - Sync 1 DAGs
[2024-04-15T13:25:31.272+0200] {logging_mixin.py:188} INFO - [2024-04-15T13:25:31.271+0200] {dag.py:3820} INFO - Setting next_dagrun for write_to_postgresql to None, run_after=None
[2024-04-15T13:25:31.303+0200] {processor.py:183} INFO - Processing /home/mahmoud/airflow/dags/write_to_postgresql.py took 0.105 seconds
