[2024-01-18T13:03:31.132+0200] {taskinstance.py:1957} INFO - Dependencies all met for dep_context=non-requeueable deps ti=<TaskInstance: transformation_with_task_flow_api.remove_nulls manual__2024-01-18T11:03:26.061570+00:00 [queued]>
[2024-01-18T13:03:31.139+0200] {taskinstance.py:1957} INFO - Dependencies all met for dep_context=requeueable deps ti=<TaskInstance: transformation_with_task_flow_api.remove_nulls manual__2024-01-18T11:03:26.061570+00:00 [queued]>
[2024-01-18T13:03:31.139+0200] {taskinstance.py:2171} INFO - Starting attempt 1 of 1
[2024-01-18T13:03:31.172+0200] {taskinstance.py:2192} INFO - Executing <Task(_PythonDecoratedOperator): remove_nulls> on 2024-01-18 11:03:26.061570+00:00
[2024-01-18T13:03:31.175+0200] {standard_task_runner.py:60} INFO - Started process 22774 to run task
[2024-01-18T13:03:31.178+0200] {standard_task_runner.py:87} INFO - Running: ['airflow', 'tasks', 'run', 'transformation_with_task_flow_api', 'remove_nulls', 'manual__2024-01-18T11:03:26.061570+00:00', '--job-id', '207', '--raw', '--subdir', 'DAGS_FOLDER/applying_task_flow_api.py', '--cfg-path', '/tmp/tmph326arqv']
[2024-01-18T13:03:31.180+0200] {standard_task_runner.py:88} INFO - Job 207: Subtask remove_nulls
[2024-01-18T13:03:31.214+0200] {task_command.py:423} INFO - Running <TaskInstance: transformation_with_task_flow_api.remove_nulls manual__2024-01-18T11:03:26.061570+00:00 [running]> on host DESKTOP-9NHC01K.
[2024-01-18T13:03:31.274+0200] {taskinstance.py:2481} INFO - Exporting env vars: AIRFLOW_CTX_DAG_OWNER='airflow' AIRFLOW_CTX_DAG_ID='transformation_with_task_flow_api' AIRFLOW_CTX_TASK_ID='remove_nulls' AIRFLOW_CTX_EXECUTION_DATE='2024-01-18T11:03:26.061570+00:00' AIRFLOW_CTX_TRY_NUMBER='1' AIRFLOW_CTX_DAG_RUN_ID='manual__2024-01-18T11:03:26.061570+00:00'
[2024-01-18T13:03:31.280+0200] {logging_mixin.py:188} WARNING - /home/mahmoud/airflow/dags/applying_task_flow_api.py:23 FutureWarning: Passing literal json to 'read_json' is deprecated and will be removed in a future version. To read from a literal string, wrap it in a 'StringIO' object.
[2024-01-18T13:03:31.302+0200] {logging_mixin.py:188} INFO -        age     sex     bmi  children smoker     region      charges
0     19.0  female  27.900       0.0    yes  southwest  16884.92400
1     18.0    male  33.770       1.0     no  southeast   1725.55230
2     28.0    male  33.000       3.0     no  southeast   4449.46200
4     25.0    male  28.600       1.0     no  southeast   3366.66970
5     33.0    male  22.705       0.0     no  northwest  21984.47061
...    ...     ...     ...       ...    ...        ...          ...
1343  61.0  female  29.070       0.0    yes  northwest  29141.36030
1344  18.0  female  31.920       0.0     no  northeast   2205.98080
1345  18.0  female  36.850       0.0     no  southeast   1629.83350
1346  21.0  female  25.800       0.0     no  southwest   2007.94500
1348  42.0    male  35.120       0.0     no  southwest   5976.83110

[1345 rows x 7 columns]
[2024-01-18T13:03:31.302+0200] {python.py:201} INFO - Done. Returned value was:        age     sex     bmi  children smoker     region      charges
0     19.0  female  27.900       0.0    yes  southwest  16884.92400
1     18.0    male  33.770       1.0     no  southeast   1725.55230
2     28.0    male  33.000       3.0     no  southeast   4449.46200
4     25.0    male  28.600       1.0     no  southeast   3366.66970
5     33.0    male  22.705       0.0     no  northwest  21984.47061
...    ...     ...     ...       ...    ...        ...          ...
1343  61.0  female  29.070       0.0    yes  northwest  29141.36030
1344  18.0  female  31.920       0.0     no  northeast   2205.98080
1345  18.0  female  36.850       0.0     no  southeast   1629.83350
1346  21.0  female  25.800       0.0     no  southwest   2007.94500
1348  42.0    male  35.120       0.0     no  southwest   5976.83110

[1345 rows x 7 columns]
[2024-01-18T13:03:31.342+0200] {taskinstance.py:1138} INFO - Marking task as SUCCESS. dag_id=transformation_with_task_flow_api, task_id=remove_nulls, execution_date=20240118T110326, start_date=20240118T110331, end_date=20240118T110331
[2024-01-18T13:03:31.392+0200] {local_task_job_runner.py:234} INFO - Task exited with return code 0
[2024-01-18T13:03:31.425+0200] {taskinstance.py:3281} INFO - 1 downstream tasks scheduled from follow-on schedule check
