[2024-01-18T15:56:53.404+0200] {taskinstance.py:1957} INFO - Dependencies all met for dep_context=non-requeueable deps ti=<TaskInstance: write_to_postgresql.display_table manual__2024-01-18T13:56:47.102646+00:00 [queued]>
[2024-01-18T15:56:53.409+0200] {taskinstance.py:1957} INFO - Dependencies all met for dep_context=requeueable deps ti=<TaskInstance: write_to_postgresql.display_table manual__2024-01-18T13:56:47.102646+00:00 [queued]>
[2024-01-18T15:56:53.409+0200] {taskinstance.py:2171} INFO - Starting attempt 1 of 1
[2024-01-18T15:56:53.426+0200] {taskinstance.py:2192} INFO - Executing <Task(PostgresOperator): display_table> on 2024-01-18 13:56:47.102646+00:00
[2024-01-18T15:56:53.428+0200] {standard_task_runner.py:60} INFO - Started process 18940 to run task
[2024-01-18T15:56:53.430+0200] {standard_task_runner.py:87} INFO - Running: ['airflow', 'tasks', 'run', 'write_to_postgresql', 'display_table', 'manual__2024-01-18T13:56:47.102646+00:00', '--job-id', '215', '--raw', '--subdir', 'DAGS_FOLDER/write_to_postgresql.py', '--cfg-path', '/tmp/tmp4qob5n1d']
[2024-01-18T15:56:53.431+0200] {standard_task_runner.py:88} INFO - Job 215: Subtask display_table
[2024-01-18T15:56:53.459+0200] {task_command.py:423} INFO - Running <TaskInstance: write_to_postgresql.display_table manual__2024-01-18T13:56:47.102646+00:00 [running]> on host DESKTOP-9NHC01K.
[2024-01-18T15:56:53.515+0200] {taskinstance.py:2481} INFO - Exporting env vars: AIRFLOW_CTX_DAG_OWNER='airflow' AIRFLOW_CTX_DAG_ID='write_to_postgresql' AIRFLOW_CTX_TASK_ID='display_table' AIRFLOW_CTX_EXECUTION_DATE='2024-01-18T13:56:47.102646+00:00' AIRFLOW_CTX_TRY_NUMBER='1' AIRFLOW_CTX_DAG_RUN_ID='manual__2024-01-18T13:56:47.102646+00:00'
[2024-01-18T15:56:53.516+0200] {sql.py:276} INFO - Executing: 
            SELECT * FROM employees;
            
[2024-01-18T15:56:53.519+0200] {base.py:83} INFO - Using connection ID 'my_postgres_cnn' for task execution.
[2024-01-18T15:56:53.540+0200] {base.py:83} INFO - Using connection ID 'my_postgres_cnn' for task execution.
[2024-01-18T15:56:53.550+0200] {sql.py:450} INFO - Running statement: 
            SELECT * FROM employees;
            , parameters: None
[2024-01-18T15:56:53.551+0200] {sql.py:459} INFO - Rows affected: 4
[2024-01-18T15:56:53.570+0200] {taskinstance.py:1138} INFO - Marking task as SUCCESS. dag_id=write_to_postgresql, task_id=display_table, execution_date=20240118T135647, start_date=20240118T135653, end_date=20240118T135653
[2024-01-18T15:56:53.602+0200] {local_task_job_runner.py:234} INFO - Task exited with return code 0
[2024-01-18T15:56:53.612+0200] {taskinstance.py:3281} INFO - 0 downstream tasks scheduled from follow-on schedule check
