[2024-01-16T16:03:24.856+0200] {taskinstance.py:1957} INFO - Dependencies all met for dep_context=non-requeueable deps ti=<TaskInstance: executing_sql_pipeline.create_table scheduled__2024-01-15T00:00:00+00:00 [queued]>
[2024-01-16T16:03:24.872+0200] {taskinstance.py:1957} INFO - Dependencies all met for dep_context=requeueable deps ti=<TaskInstance: executing_sql_pipeline.create_table scheduled__2024-01-15T00:00:00+00:00 [queued]>
[2024-01-16T16:03:24.872+0200] {taskinstance.py:2171} INFO - Starting attempt 1 of 1
[2024-01-16T16:03:24.900+0200] {taskinstance.py:2192} INFO - Executing <Task(SqliteOperator): create_table> on 2024-01-15 00:00:00+00:00
[2024-01-16T16:03:24.902+0200] {standard_task_runner.py:60} INFO - Started process 46431 to run task
[2024-01-16T16:03:24.905+0200] {standard_task_runner.py:87} INFO - Running: ['airflow', 'tasks', 'run', 'executing_sql_pipeline', 'create_table', 'scheduled__2024-01-15T00:00:00+00:00', '--job-id', '119', '--raw', '--subdir', 'DAGS_FOLDER/sqlite_pipeline.py', '--cfg-path', '/tmp/tmp049yfkrd']
[2024-01-16T16:03:24.907+0200] {standard_task_runner.py:88} INFO - Job 119: Subtask create_table
[2024-01-16T16:03:24.976+0200] {task_command.py:423} INFO - Running <TaskInstance: executing_sql_pipeline.create_table scheduled__2024-01-15T00:00:00+00:00 [running]> on host DESKTOP-9NHC01K.
[2024-01-16T16:03:25.053+0200] {taskinstance.py:2481} INFO - Exporting env vars: AIRFLOW_CTX_DAG_OWNER='airflow' AIRFLOW_CTX_DAG_ID='executing_sql_pipeline' AIRFLOW_CTX_TASK_ID='create_table' AIRFLOW_CTX_EXECUTION_DATE='2024-01-15T00:00:00+00:00' AIRFLOW_CTX_TRY_NUMBER='1' AIRFLOW_CTX_DAG_RUN_ID='scheduled__2024-01-15T00:00:00+00:00'
[2024-01-16T16:03:25.054+0200] {sql.py:276} INFO - Executing: 
            CREATE TABLE IF NOT EXISTS users (
                    id INTEGER PRIMARY KEY,
                    name VARCHAR(50) NOT NULL,
                    age INTEGER NOT NULL,
                    is_active BOOLEAN DEFAULT true,
                    created_at TIMESTAMP DEFAULT CURRENT_TIMESTAMP
            );
        
[2024-01-16T16:03:25.058+0200] {base.py:83} INFO - Using connection ID 'my_sqlite_cnn' for task execution.
[2024-01-16T16:03:25.080+0200] {base.py:83} INFO - Using connection ID 'my_sqlite_cnn' for task execution.
[2024-01-16T16:03:25.081+0200] {sql.py:450} INFO - Running statement: 
            CREATE TABLE IF NOT EXISTS users (
                    id INTEGER PRIMARY KEY,
                    name VARCHAR(50) NOT NULL,
                    age INTEGER NOT NULL,
                    is_active BOOLEAN DEFAULT true,
                    created_at TIMESTAMP DEFAULT CURRENT_TIMESTAMP
            );
        , parameters: None
[2024-01-16T16:03:25.096+0200] {taskinstance.py:1138} INFO - Marking task as SUCCESS. dag_id=executing_sql_pipeline, task_id=create_table, execution_date=20240115T000000, start_date=20240116T140324, end_date=20240116T140325
[2024-01-16T16:03:25.118+0200] {local_task_job_runner.py:234} INFO - Task exited with return code 0
[2024-01-16T16:03:25.126+0200] {taskinstance.py:3281} INFO - 0 downstream tasks scheduled from follow-on schedule check
