[2024-01-14T14:40:32.039+0200] {processor.py:161} INFO - Started process (PID=9699) to work on /home/mahmoud/airflow_env/lib/python3.10/site-packages/airflow/example_dags/example_params_ui_tutorial.py
[2024-01-14T14:40:32.041+0200] {processor.py:830} INFO - Processing file /home/mahmoud/airflow_env/lib/python3.10/site-packages/airflow/example_dags/example_params_ui_tutorial.py for tasks to queue
[2024-01-14T14:40:32.042+0200] {logging_mixin.py:188} INFO - [2024-01-14T14:40:32.042+0200] {dagbag.py:538} INFO - Filling up the DagBag from /home/mahmoud/airflow_env/lib/python3.10/site-packages/airflow/example_dags/example_params_ui_tutorial.py
[2024-01-14T14:40:32.061+0200] {processor.py:840} INFO - DAG(s) 'example_params_ui_tutorial' retrieved from /home/mahmoud/airflow_env/lib/python3.10/site-packages/airflow/example_dags/example_params_ui_tutorial.py
[2024-01-14T14:40:32.262+0200] {logging_mixin.py:188} INFO - [2024-01-14T14:40:32.262+0200] {override.py:1769} INFO - Created Permission View: can edit on DAG:example_params_ui_tutorial
[2024-01-14T14:40:32.275+0200] {logging_mixin.py:188} INFO - [2024-01-14T14:40:32.275+0200] {override.py:1769} INFO - Created Permission View: can read on DAG:example_params_ui_tutorial
[2024-01-14T14:40:32.285+0200] {logging_mixin.py:188} INFO - [2024-01-14T14:40:32.285+0200] {override.py:1769} INFO - Created Permission View: can delete on DAG:example_params_ui_tutorial
[2024-01-14T14:40:32.285+0200] {logging_mixin.py:188} INFO - [2024-01-14T14:40:32.285+0200] {dag.py:3033} INFO - Sync 1 DAGs
[2024-01-14T14:40:32.295+0200] {logging_mixin.py:188} INFO - [2024-01-14T14:40:32.295+0200] {dag.py:3055} INFO - Creating ORM DAG for example_params_ui_tutorial
[2024-01-14T14:40:32.295+0200] {logging_mixin.py:188} INFO - [2024-01-14T14:40:32.295+0200] {dag.py:3820} INFO - Setting next_dagrun for example_params_ui_tutorial to None, run_after=None
[2024-01-14T14:40:32.316+0200] {processor.py:183} INFO - Processing /home/mahmoud/airflow_env/lib/python3.10/site-packages/airflow/example_dags/example_params_ui_tutorial.py took 0.283 seconds
[2024-01-14T15:08:09.384+0200] {processor.py:161} INFO - Started process (PID=16075) to work on /home/mahmoud/airflow_env/lib/python3.10/site-packages/airflow/example_dags/example_params_ui_tutorial.py
[2024-01-14T15:08:09.386+0200] {processor.py:830} INFO - Processing file /home/mahmoud/airflow_env/lib/python3.10/site-packages/airflow/example_dags/example_params_ui_tutorial.py for tasks to queue
[2024-01-14T15:08:09.387+0200] {logging_mixin.py:188} INFO - [2024-01-14T15:08:09.386+0200] {dagbag.py:538} INFO - Filling up the DagBag from /home/mahmoud/airflow_env/lib/python3.10/site-packages/airflow/example_dags/example_params_ui_tutorial.py
[2024-01-14T15:08:09.399+0200] {processor.py:840} INFO - DAG(s) 'example_params_ui_tutorial' retrieved from /home/mahmoud/airflow_env/lib/python3.10/site-packages/airflow/example_dags/example_params_ui_tutorial.py
[2024-01-14T15:08:09.435+0200] {logging_mixin.py:188} INFO - [2024-01-14T15:08:09.435+0200] {dag.py:3033} INFO - Sync 1 DAGs
[2024-01-14T15:08:09.443+0200] {logging_mixin.py:188} INFO - [2024-01-14T15:08:09.443+0200] {dag.py:3820} INFO - Setting next_dagrun for example_params_ui_tutorial to None, run_after=None
[2024-01-14T15:08:09.537+0200] {processor.py:183} INFO - Processing /home/mahmoud/airflow_env/lib/python3.10/site-packages/airflow/example_dags/example_params_ui_tutorial.py took 0.156 seconds
[2024-01-14T15:09:02.421+0200] {processor.py:161} INFO - Started process (PID=16345) to work on /home/mahmoud/airflow_env/lib/python3.10/site-packages/airflow/example_dags/example_params_ui_tutorial.py
[2024-01-14T15:09:02.423+0200] {processor.py:830} INFO - Processing file /home/mahmoud/airflow_env/lib/python3.10/site-packages/airflow/example_dags/example_params_ui_tutorial.py for tasks to queue
[2024-01-14T15:09:02.424+0200] {logging_mixin.py:188} INFO - [2024-01-14T15:09:02.423+0200] {dagbag.py:538} INFO - Filling up the DagBag from /home/mahmoud/airflow_env/lib/python3.10/site-packages/airflow/example_dags/example_params_ui_tutorial.py
[2024-01-14T15:09:02.436+0200] {processor.py:840} INFO - DAG(s) 'example_params_ui_tutorial' retrieved from /home/mahmoud/airflow_env/lib/python3.10/site-packages/airflow/example_dags/example_params_ui_tutorial.py
[2024-01-14T15:09:02.474+0200] {logging_mixin.py:188} INFO - [2024-01-14T15:09:02.473+0200] {dag.py:3033} INFO - Sync 1 DAGs
[2024-01-14T15:09:02.481+0200] {logging_mixin.py:188} INFO - [2024-01-14T15:09:02.481+0200] {dag.py:3820} INFO - Setting next_dagrun for example_params_ui_tutorial to None, run_after=None
[2024-01-14T15:09:02.501+0200] {processor.py:183} INFO - Processing /home/mahmoud/airflow_env/lib/python3.10/site-packages/airflow/example_dags/example_params_ui_tutorial.py took 0.085 seconds
[2024-01-14T15:09:43.743+0200] {processor.py:161} INFO - Started process (PID=16607) to work on /home/mahmoud/airflow_env/lib/python3.10/site-packages/airflow/example_dags/example_params_ui_tutorial.py
[2024-01-14T15:09:43.745+0200] {processor.py:830} INFO - Processing file /home/mahmoud/airflow_env/lib/python3.10/site-packages/airflow/example_dags/example_params_ui_tutorial.py for tasks to queue
[2024-01-14T15:09:43.746+0200] {logging_mixin.py:188} INFO - [2024-01-14T15:09:43.745+0200] {dagbag.py:538} INFO - Filling up the DagBag from /home/mahmoud/airflow_env/lib/python3.10/site-packages/airflow/example_dags/example_params_ui_tutorial.py
[2024-01-14T15:09:43.759+0200] {processor.py:840} INFO - DAG(s) 'example_params_ui_tutorial' retrieved from /home/mahmoud/airflow_env/lib/python3.10/site-packages/airflow/example_dags/example_params_ui_tutorial.py
[2024-01-14T15:09:43.795+0200] {logging_mixin.py:188} INFO - [2024-01-14T15:09:43.795+0200] {dag.py:3033} INFO - Sync 1 DAGs
[2024-01-14T15:09:43.803+0200] {logging_mixin.py:188} INFO - [2024-01-14T15:09:43.803+0200] {dag.py:3820} INFO - Setting next_dagrun for example_params_ui_tutorial to None, run_after=None
[2024-01-14T15:09:43.824+0200] {processor.py:183} INFO - Processing /home/mahmoud/airflow_env/lib/python3.10/site-packages/airflow/example_dags/example_params_ui_tutorial.py took 0.085 seconds
[2024-01-14T15:10:22.321+0200] {processor.py:161} INFO - Started process (PID=16759) to work on /home/mahmoud/airflow_env/lib/python3.10/site-packages/airflow/example_dags/example_params_ui_tutorial.py
[2024-01-14T15:10:22.323+0200] {processor.py:830} INFO - Processing file /home/mahmoud/airflow_env/lib/python3.10/site-packages/airflow/example_dags/example_params_ui_tutorial.py for tasks to queue
[2024-01-14T15:10:22.324+0200] {logging_mixin.py:188} INFO - [2024-01-14T15:10:22.324+0200] {dagbag.py:538} INFO - Filling up the DagBag from /home/mahmoud/airflow_env/lib/python3.10/site-packages/airflow/example_dags/example_params_ui_tutorial.py
[2024-01-14T15:10:22.340+0200] {processor.py:840} INFO - DAG(s) 'example_params_ui_tutorial' retrieved from /home/mahmoud/airflow_env/lib/python3.10/site-packages/airflow/example_dags/example_params_ui_tutorial.py
[2024-01-14T15:10:22.382+0200] {logging_mixin.py:188} INFO - [2024-01-14T15:10:22.382+0200] {dag.py:3033} INFO - Sync 1 DAGs
[2024-01-14T15:10:22.392+0200] {logging_mixin.py:188} INFO - [2024-01-14T15:10:22.392+0200] {dag.py:3820} INFO - Setting next_dagrun for example_params_ui_tutorial to None, run_after=None
[2024-01-14T15:10:22.412+0200] {processor.py:183} INFO - Processing /home/mahmoud/airflow_env/lib/python3.10/site-packages/airflow/example_dags/example_params_ui_tutorial.py took 0.097 seconds
[2024-01-14T15:11:01.987+0200] {processor.py:161} INFO - Started process (PID=16919) to work on /home/mahmoud/airflow_env/lib/python3.10/site-packages/airflow/example_dags/example_params_ui_tutorial.py
[2024-01-14T15:11:01.988+0200] {processor.py:830} INFO - Processing file /home/mahmoud/airflow_env/lib/python3.10/site-packages/airflow/example_dags/example_params_ui_tutorial.py for tasks to queue
[2024-01-14T15:11:01.989+0200] {logging_mixin.py:188} INFO - [2024-01-14T15:11:01.989+0200] {dagbag.py:538} INFO - Filling up the DagBag from /home/mahmoud/airflow_env/lib/python3.10/site-packages/airflow/example_dags/example_params_ui_tutorial.py
[2024-01-14T15:11:02.002+0200] {processor.py:840} INFO - DAG(s) 'example_params_ui_tutorial' retrieved from /home/mahmoud/airflow_env/lib/python3.10/site-packages/airflow/example_dags/example_params_ui_tutorial.py
[2024-01-14T15:11:02.041+0200] {logging_mixin.py:188} INFO - [2024-01-14T15:11:02.041+0200] {dag.py:3033} INFO - Sync 1 DAGs
[2024-01-14T15:11:02.051+0200] {logging_mixin.py:188} INFO - [2024-01-14T15:11:02.051+0200] {dag.py:3820} INFO - Setting next_dagrun for example_params_ui_tutorial to None, run_after=None
[2024-01-14T15:11:02.071+0200] {processor.py:183} INFO - Processing /home/mahmoud/airflow_env/lib/python3.10/site-packages/airflow/example_dags/example_params_ui_tutorial.py took 0.088 seconds
[2024-01-14T15:11:40.050+0200] {processor.py:161} INFO - Started process (PID=17071) to work on /home/mahmoud/airflow_env/lib/python3.10/site-packages/airflow/example_dags/example_params_ui_tutorial.py
[2024-01-14T15:11:40.051+0200] {processor.py:830} INFO - Processing file /home/mahmoud/airflow_env/lib/python3.10/site-packages/airflow/example_dags/example_params_ui_tutorial.py for tasks to queue
[2024-01-14T15:11:40.052+0200] {logging_mixin.py:188} INFO - [2024-01-14T15:11:40.052+0200] {dagbag.py:538} INFO - Filling up the DagBag from /home/mahmoud/airflow_env/lib/python3.10/site-packages/airflow/example_dags/example_params_ui_tutorial.py
[2024-01-14T15:11:40.064+0200] {processor.py:840} INFO - DAG(s) 'example_params_ui_tutorial' retrieved from /home/mahmoud/airflow_env/lib/python3.10/site-packages/airflow/example_dags/example_params_ui_tutorial.py
[2024-01-14T15:11:40.103+0200] {logging_mixin.py:188} INFO - [2024-01-14T15:11:40.103+0200] {dag.py:3033} INFO - Sync 1 DAGs
[2024-01-14T15:11:40.111+0200] {logging_mixin.py:188} INFO - [2024-01-14T15:11:40.111+0200] {dag.py:3820} INFO - Setting next_dagrun for example_params_ui_tutorial to None, run_after=None
[2024-01-14T15:11:40.131+0200] {processor.py:183} INFO - Processing /home/mahmoud/airflow_env/lib/python3.10/site-packages/airflow/example_dags/example_params_ui_tutorial.py took 0.084 seconds
[2024-01-14T15:12:16.182+0200] {processor.py:161} INFO - Started process (PID=17254) to work on /home/mahmoud/airflow_env/lib/python3.10/site-packages/airflow/example_dags/example_params_ui_tutorial.py
[2024-01-14T15:12:16.184+0200] {processor.py:830} INFO - Processing file /home/mahmoud/airflow_env/lib/python3.10/site-packages/airflow/example_dags/example_params_ui_tutorial.py for tasks to queue
[2024-01-14T15:12:16.185+0200] {logging_mixin.py:188} INFO - [2024-01-14T15:12:16.185+0200] {dagbag.py:538} INFO - Filling up the DagBag from /home/mahmoud/airflow_env/lib/python3.10/site-packages/airflow/example_dags/example_params_ui_tutorial.py
[2024-01-14T15:12:16.202+0200] {processor.py:840} INFO - DAG(s) 'example_params_ui_tutorial' retrieved from /home/mahmoud/airflow_env/lib/python3.10/site-packages/airflow/example_dags/example_params_ui_tutorial.py
[2024-01-14T15:12:16.238+0200] {logging_mixin.py:188} INFO - [2024-01-14T15:12:16.238+0200] {dag.py:3033} INFO - Sync 1 DAGs
[2024-01-14T15:12:16.246+0200] {logging_mixin.py:188} INFO - [2024-01-14T15:12:16.246+0200] {dag.py:3820} INFO - Setting next_dagrun for example_params_ui_tutorial to None, run_after=None
[2024-01-14T15:12:16.268+0200] {processor.py:183} INFO - Processing /home/mahmoud/airflow_env/lib/python3.10/site-packages/airflow/example_dags/example_params_ui_tutorial.py took 0.091 seconds
[2024-01-14T15:13:04.597+0200] {processor.py:161} INFO - Started process (PID=17474) to work on /home/mahmoud/airflow_env/lib/python3.10/site-packages/airflow/example_dags/example_params_ui_tutorial.py
[2024-01-14T15:13:04.600+0200] {processor.py:830} INFO - Processing file /home/mahmoud/airflow_env/lib/python3.10/site-packages/airflow/example_dags/example_params_ui_tutorial.py for tasks to queue
[2024-01-14T15:13:04.602+0200] {logging_mixin.py:188} INFO - [2024-01-14T15:13:04.601+0200] {dagbag.py:538} INFO - Filling up the DagBag from /home/mahmoud/airflow_env/lib/python3.10/site-packages/airflow/example_dags/example_params_ui_tutorial.py
[2024-01-14T15:13:04.620+0200] {processor.py:840} INFO - DAG(s) 'example_params_ui_tutorial' retrieved from /home/mahmoud/airflow_env/lib/python3.10/site-packages/airflow/example_dags/example_params_ui_tutorial.py
[2024-01-14T15:13:04.660+0200] {logging_mixin.py:188} INFO - [2024-01-14T15:13:04.660+0200] {dag.py:3033} INFO - Sync 1 DAGs
[2024-01-14T15:13:04.669+0200] {logging_mixin.py:188} INFO - [2024-01-14T15:13:04.669+0200] {dag.py:3820} INFO - Setting next_dagrun for example_params_ui_tutorial to None, run_after=None
[2024-01-14T15:13:04.689+0200] {processor.py:183} INFO - Processing /home/mahmoud/airflow_env/lib/python3.10/site-packages/airflow/example_dags/example_params_ui_tutorial.py took 0.099 seconds
[2024-01-14T15:13:41.124+0200] {processor.py:161} INFO - Started process (PID=17613) to work on /home/mahmoud/airflow_env/lib/python3.10/site-packages/airflow/example_dags/example_params_ui_tutorial.py
[2024-01-14T15:13:41.126+0200] {processor.py:830} INFO - Processing file /home/mahmoud/airflow_env/lib/python3.10/site-packages/airflow/example_dags/example_params_ui_tutorial.py for tasks to queue
[2024-01-14T15:13:41.127+0200] {logging_mixin.py:188} INFO - [2024-01-14T15:13:41.126+0200] {dagbag.py:538} INFO - Filling up the DagBag from /home/mahmoud/airflow_env/lib/python3.10/site-packages/airflow/example_dags/example_params_ui_tutorial.py
[2024-01-14T15:13:41.138+0200] {processor.py:840} INFO - DAG(s) 'example_params_ui_tutorial' retrieved from /home/mahmoud/airflow_env/lib/python3.10/site-packages/airflow/example_dags/example_params_ui_tutorial.py
[2024-01-14T15:13:41.171+0200] {logging_mixin.py:188} INFO - [2024-01-14T15:13:41.171+0200] {dag.py:3033} INFO - Sync 1 DAGs
[2024-01-14T15:13:41.180+0200] {logging_mixin.py:188} INFO - [2024-01-14T15:13:41.180+0200] {dag.py:3820} INFO - Setting next_dagrun for example_params_ui_tutorial to None, run_after=None
[2024-01-14T15:13:41.202+0200] {processor.py:183} INFO - Processing /home/mahmoud/airflow_env/lib/python3.10/site-packages/airflow/example_dags/example_params_ui_tutorial.py took 0.081 seconds
[2024-01-14T15:19:55.060+0200] {processor.py:161} INFO - Started process (PID=19449) to work on /home/mahmoud/airflow_env/lib/python3.10/site-packages/airflow/example_dags/example_params_ui_tutorial.py
[2024-01-14T15:19:55.064+0200] {processor.py:830} INFO - Processing file /home/mahmoud/airflow_env/lib/python3.10/site-packages/airflow/example_dags/example_params_ui_tutorial.py for tasks to queue
[2024-01-14T15:19:55.065+0200] {logging_mixin.py:188} INFO - [2024-01-14T15:19:55.065+0200] {dagbag.py:538} INFO - Filling up the DagBag from /home/mahmoud/airflow_env/lib/python3.10/site-packages/airflow/example_dags/example_params_ui_tutorial.py
[2024-01-14T15:19:55.087+0200] {processor.py:840} INFO - DAG(s) 'example_params_ui_tutorial' retrieved from /home/mahmoud/airflow_env/lib/python3.10/site-packages/airflow/example_dags/example_params_ui_tutorial.py
[2024-01-14T15:19:55.129+0200] {logging_mixin.py:188} INFO - [2024-01-14T15:19:55.128+0200] {dag.py:3033} INFO - Sync 1 DAGs
[2024-01-14T15:19:55.137+0200] {logging_mixin.py:188} INFO - [2024-01-14T15:19:55.137+0200] {dag.py:3820} INFO - Setting next_dagrun for example_params_ui_tutorial to None, run_after=None
[2024-01-14T15:19:55.235+0200] {processor.py:183} INFO - Processing /home/mahmoud/airflow_env/lib/python3.10/site-packages/airflow/example_dags/example_params_ui_tutorial.py took 0.185 seconds
[2024-01-14T15:20:48.022+0200] {processor.py:161} INFO - Started process (PID=19648) to work on /home/mahmoud/airflow_env/lib/python3.10/site-packages/airflow/example_dags/example_params_ui_tutorial.py
[2024-01-14T15:20:48.024+0200] {processor.py:830} INFO - Processing file /home/mahmoud/airflow_env/lib/python3.10/site-packages/airflow/example_dags/example_params_ui_tutorial.py for tasks to queue
[2024-01-14T15:20:48.025+0200] {logging_mixin.py:188} INFO - [2024-01-14T15:20:48.025+0200] {dagbag.py:538} INFO - Filling up the DagBag from /home/mahmoud/airflow_env/lib/python3.10/site-packages/airflow/example_dags/example_params_ui_tutorial.py
[2024-01-14T15:20:48.042+0200] {processor.py:840} INFO - DAG(s) 'example_params_ui_tutorial' retrieved from /home/mahmoud/airflow_env/lib/python3.10/site-packages/airflow/example_dags/example_params_ui_tutorial.py
[2024-01-14T15:20:48.081+0200] {logging_mixin.py:188} INFO - [2024-01-14T15:20:48.081+0200] {dag.py:3033} INFO - Sync 1 DAGs
[2024-01-14T15:20:48.090+0200] {logging_mixin.py:188} INFO - [2024-01-14T15:20:48.090+0200] {dag.py:3820} INFO - Setting next_dagrun for example_params_ui_tutorial to None, run_after=None
[2024-01-14T15:20:48.113+0200] {processor.py:183} INFO - Processing /home/mahmoud/airflow_env/lib/python3.10/site-packages/airflow/example_dags/example_params_ui_tutorial.py took 0.094 seconds
[2024-01-14T15:21:29.242+0200] {processor.py:161} INFO - Started process (PID=19809) to work on /home/mahmoud/airflow_env/lib/python3.10/site-packages/airflow/example_dags/example_params_ui_tutorial.py
[2024-01-14T15:21:29.244+0200] {processor.py:830} INFO - Processing file /home/mahmoud/airflow_env/lib/python3.10/site-packages/airflow/example_dags/example_params_ui_tutorial.py for tasks to queue
[2024-01-14T15:21:29.246+0200] {logging_mixin.py:188} INFO - [2024-01-14T15:21:29.245+0200] {dagbag.py:538} INFO - Filling up the DagBag from /home/mahmoud/airflow_env/lib/python3.10/site-packages/airflow/example_dags/example_params_ui_tutorial.py
[2024-01-14T15:21:29.261+0200] {processor.py:840} INFO - DAG(s) 'example_params_ui_tutorial' retrieved from /home/mahmoud/airflow_env/lib/python3.10/site-packages/airflow/example_dags/example_params_ui_tutorial.py
[2024-01-14T15:21:29.300+0200] {logging_mixin.py:188} INFO - [2024-01-14T15:21:29.300+0200] {dag.py:3033} INFO - Sync 1 DAGs
[2024-01-14T15:21:29.308+0200] {logging_mixin.py:188} INFO - [2024-01-14T15:21:29.308+0200] {dag.py:3820} INFO - Setting next_dagrun for example_params_ui_tutorial to None, run_after=None
[2024-01-14T15:21:29.328+0200] {processor.py:183} INFO - Processing /home/mahmoud/airflow_env/lib/python3.10/site-packages/airflow/example_dags/example_params_ui_tutorial.py took 0.091 seconds
[2024-01-14T15:22:07.594+0200] {processor.py:161} INFO - Started process (PID=19962) to work on /home/mahmoud/airflow_env/lib/python3.10/site-packages/airflow/example_dags/example_params_ui_tutorial.py
[2024-01-14T15:22:07.597+0200] {processor.py:830} INFO - Processing file /home/mahmoud/airflow_env/lib/python3.10/site-packages/airflow/example_dags/example_params_ui_tutorial.py for tasks to queue
[2024-01-14T15:22:07.597+0200] {logging_mixin.py:188} INFO - [2024-01-14T15:22:07.597+0200] {dagbag.py:538} INFO - Filling up the DagBag from /home/mahmoud/airflow_env/lib/python3.10/site-packages/airflow/example_dags/example_params_ui_tutorial.py
[2024-01-14T15:22:07.609+0200] {processor.py:840} INFO - DAG(s) 'example_params_ui_tutorial' retrieved from /home/mahmoud/airflow_env/lib/python3.10/site-packages/airflow/example_dags/example_params_ui_tutorial.py
[2024-01-14T15:22:07.646+0200] {logging_mixin.py:188} INFO - [2024-01-14T15:22:07.646+0200] {dag.py:3033} INFO - Sync 1 DAGs
[2024-01-14T15:22:07.654+0200] {logging_mixin.py:188} INFO - [2024-01-14T15:22:07.654+0200] {dag.py:3820} INFO - Setting next_dagrun for example_params_ui_tutorial to None, run_after=None
[2024-01-14T15:22:07.675+0200] {processor.py:183} INFO - Processing /home/mahmoud/airflow_env/lib/python3.10/site-packages/airflow/example_dags/example_params_ui_tutorial.py took 0.084 seconds
[2024-01-14T15:23:26.416+0200] {processor.py:161} INFO - Started process (PID=20406) to work on /home/mahmoud/airflow_env/lib/python3.10/site-packages/airflow/example_dags/example_params_ui_tutorial.py
[2024-01-14T15:23:26.417+0200] {processor.py:830} INFO - Processing file /home/mahmoud/airflow_env/lib/python3.10/site-packages/airflow/example_dags/example_params_ui_tutorial.py for tasks to queue
[2024-01-14T15:23:26.419+0200] {logging_mixin.py:188} INFO - [2024-01-14T15:23:26.418+0200] {dagbag.py:538} INFO - Filling up the DagBag from /home/mahmoud/airflow_env/lib/python3.10/site-packages/airflow/example_dags/example_params_ui_tutorial.py
[2024-01-14T15:23:26.434+0200] {processor.py:840} INFO - DAG(s) 'example_params_ui_tutorial' retrieved from /home/mahmoud/airflow_env/lib/python3.10/site-packages/airflow/example_dags/example_params_ui_tutorial.py
[2024-01-14T15:23:26.473+0200] {logging_mixin.py:188} INFO - [2024-01-14T15:23:26.473+0200] {dag.py:3033} INFO - Sync 1 DAGs
[2024-01-14T15:23:26.480+0200] {logging_mixin.py:188} INFO - [2024-01-14T15:23:26.480+0200] {dag.py:3820} INFO - Setting next_dagrun for example_params_ui_tutorial to None, run_after=None
[2024-01-14T15:23:26.576+0200] {processor.py:183} INFO - Processing /home/mahmoud/airflow_env/lib/python3.10/site-packages/airflow/example_dags/example_params_ui_tutorial.py took 0.164 seconds
[2024-01-14T15:37:47.447+0200] {processor.py:161} INFO - Started process (PID=24416) to work on /home/mahmoud/airflow_env/lib/python3.10/site-packages/airflow/example_dags/example_params_ui_tutorial.py
[2024-01-14T15:37:47.449+0200] {processor.py:830} INFO - Processing file /home/mahmoud/airflow_env/lib/python3.10/site-packages/airflow/example_dags/example_params_ui_tutorial.py for tasks to queue
[2024-01-14T15:37:47.450+0200] {logging_mixin.py:188} INFO - [2024-01-14T15:37:47.450+0200] {dagbag.py:538} INFO - Filling up the DagBag from /home/mahmoud/airflow_env/lib/python3.10/site-packages/airflow/example_dags/example_params_ui_tutorial.py
[2024-01-14T15:37:47.464+0200] {processor.py:840} INFO - DAG(s) 'example_params_ui_tutorial' retrieved from /home/mahmoud/airflow_env/lib/python3.10/site-packages/airflow/example_dags/example_params_ui_tutorial.py
[2024-01-14T15:37:47.504+0200] {logging_mixin.py:188} INFO - [2024-01-14T15:37:47.504+0200] {dag.py:3033} INFO - Sync 1 DAGs
[2024-01-14T15:37:47.513+0200] {logging_mixin.py:188} INFO - [2024-01-14T15:37:47.513+0200] {dag.py:3820} INFO - Setting next_dagrun for example_params_ui_tutorial to None, run_after=None
[2024-01-14T15:37:47.615+0200] {processor.py:183} INFO - Processing /home/mahmoud/airflow_env/lib/python3.10/site-packages/airflow/example_dags/example_params_ui_tutorial.py took 0.172 seconds
[2024-01-14T15:38:40.611+0200] {processor.py:161} INFO - Started process (PID=24847) to work on /home/mahmoud/airflow_env/lib/python3.10/site-packages/airflow/example_dags/example_params_ui_tutorial.py
[2024-01-14T15:38:40.614+0200] {processor.py:830} INFO - Processing file /home/mahmoud/airflow_env/lib/python3.10/site-packages/airflow/example_dags/example_params_ui_tutorial.py for tasks to queue
[2024-01-14T15:38:40.616+0200] {logging_mixin.py:188} INFO - [2024-01-14T15:38:40.615+0200] {dagbag.py:538} INFO - Filling up the DagBag from /home/mahmoud/airflow_env/lib/python3.10/site-packages/airflow/example_dags/example_params_ui_tutorial.py
[2024-01-14T15:38:40.635+0200] {processor.py:840} INFO - DAG(s) 'example_params_ui_tutorial' retrieved from /home/mahmoud/airflow_env/lib/python3.10/site-packages/airflow/example_dags/example_params_ui_tutorial.py
[2024-01-14T15:38:40.680+0200] {logging_mixin.py:188} INFO - [2024-01-14T15:38:40.680+0200] {dag.py:3033} INFO - Sync 1 DAGs
[2024-01-14T15:38:40.688+0200] {logging_mixin.py:188} INFO - [2024-01-14T15:38:40.688+0200] {dag.py:3820} INFO - Setting next_dagrun for example_params_ui_tutorial to None, run_after=None
[2024-01-14T15:38:40.711+0200] {processor.py:183} INFO - Processing /home/mahmoud/airflow_env/lib/python3.10/site-packages/airflow/example_dags/example_params_ui_tutorial.py took 0.105 seconds
[2024-01-14T15:39:18.707+0200] {processor.py:161} INFO - Started process (PID=25131) to work on /home/mahmoud/airflow_env/lib/python3.10/site-packages/airflow/example_dags/example_params_ui_tutorial.py
[2024-01-14T15:39:18.708+0200] {processor.py:830} INFO - Processing file /home/mahmoud/airflow_env/lib/python3.10/site-packages/airflow/example_dags/example_params_ui_tutorial.py for tasks to queue
[2024-01-14T15:39:18.710+0200] {logging_mixin.py:188} INFO - [2024-01-14T15:39:18.709+0200] {dagbag.py:538} INFO - Filling up the DagBag from /home/mahmoud/airflow_env/lib/python3.10/site-packages/airflow/example_dags/example_params_ui_tutorial.py
[2024-01-14T15:39:18.724+0200] {processor.py:840} INFO - DAG(s) 'example_params_ui_tutorial' retrieved from /home/mahmoud/airflow_env/lib/python3.10/site-packages/airflow/example_dags/example_params_ui_tutorial.py
[2024-01-14T15:39:18.769+0200] {logging_mixin.py:188} INFO - [2024-01-14T15:39:18.769+0200] {dag.py:3033} INFO - Sync 1 DAGs
[2024-01-14T15:39:18.781+0200] {logging_mixin.py:188} INFO - [2024-01-14T15:39:18.780+0200] {dag.py:3820} INFO - Setting next_dagrun for example_params_ui_tutorial to None, run_after=None
[2024-01-14T15:39:18.805+0200] {processor.py:183} INFO - Processing /home/mahmoud/airflow_env/lib/python3.10/site-packages/airflow/example_dags/example_params_ui_tutorial.py took 0.105 seconds
[2024-01-14T15:40:05.213+0200] {processor.py:161} INFO - Started process (PID=25312) to work on /home/mahmoud/airflow_env/lib/python3.10/site-packages/airflow/example_dags/example_params_ui_tutorial.py
[2024-01-14T15:40:05.216+0200] {processor.py:830} INFO - Processing file /home/mahmoud/airflow_env/lib/python3.10/site-packages/airflow/example_dags/example_params_ui_tutorial.py for tasks to queue
[2024-01-14T15:40:05.217+0200] {logging_mixin.py:188} INFO - [2024-01-14T15:40:05.216+0200] {dagbag.py:538} INFO - Filling up the DagBag from /home/mahmoud/airflow_env/lib/python3.10/site-packages/airflow/example_dags/example_params_ui_tutorial.py
[2024-01-14T15:40:05.232+0200] {processor.py:840} INFO - DAG(s) 'example_params_ui_tutorial' retrieved from /home/mahmoud/airflow_env/lib/python3.10/site-packages/airflow/example_dags/example_params_ui_tutorial.py
[2024-01-14T15:40:05.277+0200] {logging_mixin.py:188} INFO - [2024-01-14T15:40:05.276+0200] {dag.py:3033} INFO - Sync 1 DAGs
[2024-01-14T15:40:05.285+0200] {logging_mixin.py:188} INFO - [2024-01-14T15:40:05.285+0200] {dag.py:3820} INFO - Setting next_dagrun for example_params_ui_tutorial to None, run_after=None
[2024-01-14T15:40:05.309+0200] {processor.py:183} INFO - Processing /home/mahmoud/airflow_env/lib/python3.10/site-packages/airflow/example_dags/example_params_ui_tutorial.py took 0.100 seconds
[2024-01-14T15:40:42.089+0200] {processor.py:161} INFO - Started process (PID=25457) to work on /home/mahmoud/airflow_env/lib/python3.10/site-packages/airflow/example_dags/example_params_ui_tutorial.py
[2024-01-14T15:40:42.091+0200] {processor.py:830} INFO - Processing file /home/mahmoud/airflow_env/lib/python3.10/site-packages/airflow/example_dags/example_params_ui_tutorial.py for tasks to queue
[2024-01-14T15:40:42.092+0200] {logging_mixin.py:188} INFO - [2024-01-14T15:40:42.092+0200] {dagbag.py:538} INFO - Filling up the DagBag from /home/mahmoud/airflow_env/lib/python3.10/site-packages/airflow/example_dags/example_params_ui_tutorial.py
[2024-01-14T15:40:42.105+0200] {processor.py:840} INFO - DAG(s) 'example_params_ui_tutorial' retrieved from /home/mahmoud/airflow_env/lib/python3.10/site-packages/airflow/example_dags/example_params_ui_tutorial.py
[2024-01-14T15:40:42.145+0200] {logging_mixin.py:188} INFO - [2024-01-14T15:40:42.145+0200] {dag.py:3033} INFO - Sync 1 DAGs
[2024-01-14T15:40:42.154+0200] {logging_mixin.py:188} INFO - [2024-01-14T15:40:42.154+0200] {dag.py:3820} INFO - Setting next_dagrun for example_params_ui_tutorial to None, run_after=None
[2024-01-14T15:40:42.178+0200] {processor.py:183} INFO - Processing /home/mahmoud/airflow_env/lib/python3.10/site-packages/airflow/example_dags/example_params_ui_tutorial.py took 0.093 seconds
[2024-01-14T15:41:19.355+0200] {processor.py:161} INFO - Started process (PID=25667) to work on /home/mahmoud/airflow_env/lib/python3.10/site-packages/airflow/example_dags/example_params_ui_tutorial.py
[2024-01-14T15:41:19.358+0200] {processor.py:830} INFO - Processing file /home/mahmoud/airflow_env/lib/python3.10/site-packages/airflow/example_dags/example_params_ui_tutorial.py for tasks to queue
[2024-01-14T15:41:19.359+0200] {logging_mixin.py:188} INFO - [2024-01-14T15:41:19.359+0200] {dagbag.py:538} INFO - Filling up the DagBag from /home/mahmoud/airflow_env/lib/python3.10/site-packages/airflow/example_dags/example_params_ui_tutorial.py
[2024-01-14T15:41:19.372+0200] {processor.py:840} INFO - DAG(s) 'example_params_ui_tutorial' retrieved from /home/mahmoud/airflow_env/lib/python3.10/site-packages/airflow/example_dags/example_params_ui_tutorial.py
[2024-01-14T15:41:19.412+0200] {logging_mixin.py:188} INFO - [2024-01-14T15:41:19.412+0200] {dag.py:3033} INFO - Sync 1 DAGs
[2024-01-14T15:41:19.420+0200] {logging_mixin.py:188} INFO - [2024-01-14T15:41:19.420+0200] {dag.py:3820} INFO - Setting next_dagrun for example_params_ui_tutorial to None, run_after=None
[2024-01-14T15:41:19.442+0200] {processor.py:183} INFO - Processing /home/mahmoud/airflow_env/lib/python3.10/site-packages/airflow/example_dags/example_params_ui_tutorial.py took 0.092 seconds
[2024-01-14T15:41:53.289+0200] {processor.py:161} INFO - Started process (PID=25803) to work on /home/mahmoud/airflow_env/lib/python3.10/site-packages/airflow/example_dags/example_params_ui_tutorial.py
[2024-01-14T15:41:53.292+0200] {processor.py:830} INFO - Processing file /home/mahmoud/airflow_env/lib/python3.10/site-packages/airflow/example_dags/example_params_ui_tutorial.py for tasks to queue
[2024-01-14T15:41:53.293+0200] {logging_mixin.py:188} INFO - [2024-01-14T15:41:53.293+0200] {dagbag.py:538} INFO - Filling up the DagBag from /home/mahmoud/airflow_env/lib/python3.10/site-packages/airflow/example_dags/example_params_ui_tutorial.py
[2024-01-14T15:41:53.306+0200] {processor.py:840} INFO - DAG(s) 'example_params_ui_tutorial' retrieved from /home/mahmoud/airflow_env/lib/python3.10/site-packages/airflow/example_dags/example_params_ui_tutorial.py
[2024-01-14T15:41:53.346+0200] {logging_mixin.py:188} INFO - [2024-01-14T15:41:53.346+0200] {dag.py:3033} INFO - Sync 1 DAGs
[2024-01-14T15:41:53.354+0200] {logging_mixin.py:188} INFO - [2024-01-14T15:41:53.354+0200] {dag.py:3820} INFO - Setting next_dagrun for example_params_ui_tutorial to None, run_after=None
[2024-01-14T15:41:53.380+0200] {processor.py:183} INFO - Processing /home/mahmoud/airflow_env/lib/python3.10/site-packages/airflow/example_dags/example_params_ui_tutorial.py took 0.095 seconds
[2024-01-14T15:42:28.218+0200] {processor.py:161} INFO - Started process (PID=25975) to work on /home/mahmoud/airflow_env/lib/python3.10/site-packages/airflow/example_dags/example_params_ui_tutorial.py
[2024-01-14T15:42:28.221+0200] {processor.py:830} INFO - Processing file /home/mahmoud/airflow_env/lib/python3.10/site-packages/airflow/example_dags/example_params_ui_tutorial.py for tasks to queue
[2024-01-14T15:42:28.222+0200] {logging_mixin.py:188} INFO - [2024-01-14T15:42:28.221+0200] {dagbag.py:538} INFO - Filling up the DagBag from /home/mahmoud/airflow_env/lib/python3.10/site-packages/airflow/example_dags/example_params_ui_tutorial.py
[2024-01-14T15:42:28.233+0200] {processor.py:840} INFO - DAG(s) 'example_params_ui_tutorial' retrieved from /home/mahmoud/airflow_env/lib/python3.10/site-packages/airflow/example_dags/example_params_ui_tutorial.py
[2024-01-14T15:42:28.273+0200] {logging_mixin.py:188} INFO - [2024-01-14T15:42:28.273+0200] {dag.py:3033} INFO - Sync 1 DAGs
[2024-01-14T15:42:28.281+0200] {logging_mixin.py:188} INFO - [2024-01-14T15:42:28.281+0200] {dag.py:3820} INFO - Setting next_dagrun for example_params_ui_tutorial to None, run_after=None
[2024-01-14T15:42:28.301+0200] {processor.py:183} INFO - Processing /home/mahmoud/airflow_env/lib/python3.10/site-packages/airflow/example_dags/example_params_ui_tutorial.py took 0.086 seconds
[2024-01-14T15:43:08.642+0200] {processor.py:161} INFO - Started process (PID=26597) to work on /home/mahmoud/airflow_env/lib/python3.10/site-packages/airflow/example_dags/example_params_ui_tutorial.py
[2024-01-14T15:43:08.644+0200] {processor.py:830} INFO - Processing file /home/mahmoud/airflow_env/lib/python3.10/site-packages/airflow/example_dags/example_params_ui_tutorial.py for tasks to queue
[2024-01-14T15:43:08.645+0200] {logging_mixin.py:188} INFO - [2024-01-14T15:43:08.645+0200] {dagbag.py:538} INFO - Filling up the DagBag from /home/mahmoud/airflow_env/lib/python3.10/site-packages/airflow/example_dags/example_params_ui_tutorial.py
[2024-01-14T15:43:08.661+0200] {processor.py:840} INFO - DAG(s) 'example_params_ui_tutorial' retrieved from /home/mahmoud/airflow_env/lib/python3.10/site-packages/airflow/example_dags/example_params_ui_tutorial.py
[2024-01-14T15:43:08.699+0200] {logging_mixin.py:188} INFO - [2024-01-14T15:43:08.699+0200] {dag.py:3033} INFO - Sync 1 DAGs
[2024-01-14T15:43:08.707+0200] {logging_mixin.py:188} INFO - [2024-01-14T15:43:08.707+0200] {dag.py:3820} INFO - Setting next_dagrun for example_params_ui_tutorial to None, run_after=None
[2024-01-14T15:43:08.731+0200] {processor.py:183} INFO - Processing /home/mahmoud/airflow_env/lib/python3.10/site-packages/airflow/example_dags/example_params_ui_tutorial.py took 0.093 seconds
[2024-01-14T15:43:56.678+0200] {processor.py:161} INFO - Started process (PID=26884) to work on /home/mahmoud/airflow_env/lib/python3.10/site-packages/airflow/example_dags/example_params_ui_tutorial.py
[2024-01-14T15:43:56.680+0200] {processor.py:830} INFO - Processing file /home/mahmoud/airflow_env/lib/python3.10/site-packages/airflow/example_dags/example_params_ui_tutorial.py for tasks to queue
[2024-01-14T15:43:56.681+0200] {logging_mixin.py:188} INFO - [2024-01-14T15:43:56.681+0200] {dagbag.py:538} INFO - Filling up the DagBag from /home/mahmoud/airflow_env/lib/python3.10/site-packages/airflow/example_dags/example_params_ui_tutorial.py
[2024-01-14T15:43:56.697+0200] {processor.py:840} INFO - DAG(s) 'example_params_ui_tutorial' retrieved from /home/mahmoud/airflow_env/lib/python3.10/site-packages/airflow/example_dags/example_params_ui_tutorial.py
[2024-01-14T15:43:56.739+0200] {logging_mixin.py:188} INFO - [2024-01-14T15:43:56.739+0200] {dag.py:3033} INFO - Sync 1 DAGs
[2024-01-14T15:43:56.747+0200] {logging_mixin.py:188} INFO - [2024-01-14T15:43:56.747+0200] {dag.py:3820} INFO - Setting next_dagrun for example_params_ui_tutorial to None, run_after=None
[2024-01-14T15:43:56.767+0200] {processor.py:183} INFO - Processing /home/mahmoud/airflow_env/lib/python3.10/site-packages/airflow/example_dags/example_params_ui_tutorial.py took 0.094 seconds
[2024-01-14T15:44:45.011+0200] {processor.py:161} INFO - Started process (PID=27545) to work on /home/mahmoud/airflow_env/lib/python3.10/site-packages/airflow/example_dags/example_params_ui_tutorial.py
[2024-01-14T15:44:45.012+0200] {processor.py:830} INFO - Processing file /home/mahmoud/airflow_env/lib/python3.10/site-packages/airflow/example_dags/example_params_ui_tutorial.py for tasks to queue
[2024-01-14T15:44:45.013+0200] {logging_mixin.py:188} INFO - [2024-01-14T15:44:45.012+0200] {dagbag.py:538} INFO - Filling up the DagBag from /home/mahmoud/airflow_env/lib/python3.10/site-packages/airflow/example_dags/example_params_ui_tutorial.py
[2024-01-14T15:44:45.028+0200] {processor.py:840} INFO - DAG(s) 'example_params_ui_tutorial' retrieved from /home/mahmoud/airflow_env/lib/python3.10/site-packages/airflow/example_dags/example_params_ui_tutorial.py
[2024-01-14T15:44:45.072+0200] {logging_mixin.py:188} INFO - [2024-01-14T15:44:45.072+0200] {dag.py:3033} INFO - Sync 1 DAGs
[2024-01-14T15:44:45.082+0200] {logging_mixin.py:188} INFO - [2024-01-14T15:44:45.082+0200] {dag.py:3820} INFO - Setting next_dagrun for example_params_ui_tutorial to None, run_after=None
[2024-01-14T15:44:45.105+0200] {processor.py:183} INFO - Processing /home/mahmoud/airflow_env/lib/python3.10/site-packages/airflow/example_dags/example_params_ui_tutorial.py took 0.098 seconds
[2024-01-14T15:45:28.577+0200] {processor.py:161} INFO - Started process (PID=27793) to work on /home/mahmoud/airflow_env/lib/python3.10/site-packages/airflow/example_dags/example_params_ui_tutorial.py
[2024-01-14T15:45:28.579+0200] {processor.py:830} INFO - Processing file /home/mahmoud/airflow_env/lib/python3.10/site-packages/airflow/example_dags/example_params_ui_tutorial.py for tasks to queue
[2024-01-14T15:45:28.580+0200] {logging_mixin.py:188} INFO - [2024-01-14T15:45:28.579+0200] {dagbag.py:538} INFO - Filling up the DagBag from /home/mahmoud/airflow_env/lib/python3.10/site-packages/airflow/example_dags/example_params_ui_tutorial.py
[2024-01-14T15:45:28.592+0200] {processor.py:840} INFO - DAG(s) 'example_params_ui_tutorial' retrieved from /home/mahmoud/airflow_env/lib/python3.10/site-packages/airflow/example_dags/example_params_ui_tutorial.py
[2024-01-14T15:45:28.628+0200] {logging_mixin.py:188} INFO - [2024-01-14T15:45:28.627+0200] {dag.py:3033} INFO - Sync 1 DAGs
[2024-01-14T15:45:28.642+0200] {logging_mixin.py:188} INFO - [2024-01-14T15:45:28.642+0200] {dag.py:3820} INFO - Setting next_dagrun for example_params_ui_tutorial to None, run_after=None
[2024-01-14T15:45:28.665+0200] {processor.py:183} INFO - Processing /home/mahmoud/airflow_env/lib/python3.10/site-packages/airflow/example_dags/example_params_ui_tutorial.py took 0.091 seconds
[2024-01-14T15:46:04.242+0200] {processor.py:161} INFO - Started process (PID=27938) to work on /home/mahmoud/airflow_env/lib/python3.10/site-packages/airflow/example_dags/example_params_ui_tutorial.py
[2024-01-14T15:46:04.265+0200] {processor.py:830} INFO - Processing file /home/mahmoud/airflow_env/lib/python3.10/site-packages/airflow/example_dags/example_params_ui_tutorial.py for tasks to queue
[2024-01-14T15:46:04.266+0200] {logging_mixin.py:188} INFO - [2024-01-14T15:46:04.266+0200] {dagbag.py:538} INFO - Filling up the DagBag from /home/mahmoud/airflow_env/lib/python3.10/site-packages/airflow/example_dags/example_params_ui_tutorial.py
[2024-01-14T15:46:04.277+0200] {processor.py:840} INFO - DAG(s) 'example_params_ui_tutorial' retrieved from /home/mahmoud/airflow_env/lib/python3.10/site-packages/airflow/example_dags/example_params_ui_tutorial.py
[2024-01-14T15:46:04.332+0200] {logging_mixin.py:188} INFO - [2024-01-14T15:46:04.332+0200] {dag.py:3033} INFO - Sync 1 DAGs
[2024-01-14T15:46:04.348+0200] {logging_mixin.py:188} INFO - [2024-01-14T15:46:04.348+0200] {dag.py:3820} INFO - Setting next_dagrun for example_params_ui_tutorial to None, run_after=None
[2024-01-14T15:46:04.368+0200] {processor.py:183} INFO - Processing /home/mahmoud/airflow_env/lib/python3.10/site-packages/airflow/example_dags/example_params_ui_tutorial.py took 0.129 seconds
[2024-01-14T15:46:41.184+0200] {processor.py:161} INFO - Started process (PID=28084) to work on /home/mahmoud/airflow_env/lib/python3.10/site-packages/airflow/example_dags/example_params_ui_tutorial.py
[2024-01-14T15:46:41.187+0200] {processor.py:830} INFO - Processing file /home/mahmoud/airflow_env/lib/python3.10/site-packages/airflow/example_dags/example_params_ui_tutorial.py for tasks to queue
[2024-01-14T15:46:41.188+0200] {logging_mixin.py:188} INFO - [2024-01-14T15:46:41.187+0200] {dagbag.py:538} INFO - Filling up the DagBag from /home/mahmoud/airflow_env/lib/python3.10/site-packages/airflow/example_dags/example_params_ui_tutorial.py
[2024-01-14T15:46:41.201+0200] {processor.py:840} INFO - DAG(s) 'example_params_ui_tutorial' retrieved from /home/mahmoud/airflow_env/lib/python3.10/site-packages/airflow/example_dags/example_params_ui_tutorial.py
[2024-01-14T15:46:41.243+0200] {logging_mixin.py:188} INFO - [2024-01-14T15:46:41.243+0200] {dag.py:3033} INFO - Sync 1 DAGs
[2024-01-14T15:46:41.252+0200] {logging_mixin.py:188} INFO - [2024-01-14T15:46:41.252+0200] {dag.py:3820} INFO - Setting next_dagrun for example_params_ui_tutorial to None, run_after=None
[2024-01-14T15:46:41.275+0200] {processor.py:183} INFO - Processing /home/mahmoud/airflow_env/lib/python3.10/site-packages/airflow/example_dags/example_params_ui_tutorial.py took 0.095 seconds
[2024-01-14T15:47:16.490+0200] {processor.py:161} INFO - Started process (PID=28288) to work on /home/mahmoud/airflow_env/lib/python3.10/site-packages/airflow/example_dags/example_params_ui_tutorial.py
[2024-01-14T15:47:16.491+0200] {processor.py:830} INFO - Processing file /home/mahmoud/airflow_env/lib/python3.10/site-packages/airflow/example_dags/example_params_ui_tutorial.py for tasks to queue
[2024-01-14T15:47:16.492+0200] {logging_mixin.py:188} INFO - [2024-01-14T15:47:16.492+0200] {dagbag.py:538} INFO - Filling up the DagBag from /home/mahmoud/airflow_env/lib/python3.10/site-packages/airflow/example_dags/example_params_ui_tutorial.py
[2024-01-14T15:47:16.505+0200] {processor.py:840} INFO - DAG(s) 'example_params_ui_tutorial' retrieved from /home/mahmoud/airflow_env/lib/python3.10/site-packages/airflow/example_dags/example_params_ui_tutorial.py
[2024-01-14T15:47:16.547+0200] {logging_mixin.py:188} INFO - [2024-01-14T15:47:16.547+0200] {dag.py:3033} INFO - Sync 1 DAGs
[2024-01-14T15:47:16.556+0200] {logging_mixin.py:188} INFO - [2024-01-14T15:47:16.556+0200] {dag.py:3820} INFO - Setting next_dagrun for example_params_ui_tutorial to None, run_after=None
[2024-01-14T15:47:16.583+0200] {processor.py:183} INFO - Processing /home/mahmoud/airflow_env/lib/python3.10/site-packages/airflow/example_dags/example_params_ui_tutorial.py took 0.096 seconds
[2024-01-14T15:47:51.461+0200] {processor.py:161} INFO - Started process (PID=28454) to work on /home/mahmoud/airflow_env/lib/python3.10/site-packages/airflow/example_dags/example_params_ui_tutorial.py
[2024-01-14T15:47:51.463+0200] {processor.py:830} INFO - Processing file /home/mahmoud/airflow_env/lib/python3.10/site-packages/airflow/example_dags/example_params_ui_tutorial.py for tasks to queue
[2024-01-14T15:47:51.464+0200] {logging_mixin.py:188} INFO - [2024-01-14T15:47:51.464+0200] {dagbag.py:538} INFO - Filling up the DagBag from /home/mahmoud/airflow_env/lib/python3.10/site-packages/airflow/example_dags/example_params_ui_tutorial.py
[2024-01-14T15:47:51.477+0200] {processor.py:840} INFO - DAG(s) 'example_params_ui_tutorial' retrieved from /home/mahmoud/airflow_env/lib/python3.10/site-packages/airflow/example_dags/example_params_ui_tutorial.py
[2024-01-14T15:47:51.514+0200] {logging_mixin.py:188} INFO - [2024-01-14T15:47:51.514+0200] {dag.py:3033} INFO - Sync 1 DAGs
[2024-01-14T15:47:51.522+0200] {logging_mixin.py:188} INFO - [2024-01-14T15:47:51.522+0200] {dag.py:3820} INFO - Setting next_dagrun for example_params_ui_tutorial to None, run_after=None
[2024-01-14T15:47:51.542+0200] {processor.py:183} INFO - Processing /home/mahmoud/airflow_env/lib/python3.10/site-packages/airflow/example_dags/example_params_ui_tutorial.py took 0.084 seconds
[2024-01-14T15:48:26.993+0200] {processor.py:161} INFO - Started process (PID=28592) to work on /home/mahmoud/airflow_env/lib/python3.10/site-packages/airflow/example_dags/example_params_ui_tutorial.py
[2024-01-14T15:48:26.995+0200] {processor.py:830} INFO - Processing file /home/mahmoud/airflow_env/lib/python3.10/site-packages/airflow/example_dags/example_params_ui_tutorial.py for tasks to queue
[2024-01-14T15:48:26.996+0200] {logging_mixin.py:188} INFO - [2024-01-14T15:48:26.996+0200] {dagbag.py:538} INFO - Filling up the DagBag from /home/mahmoud/airflow_env/lib/python3.10/site-packages/airflow/example_dags/example_params_ui_tutorial.py
[2024-01-14T15:48:27.008+0200] {processor.py:840} INFO - DAG(s) 'example_params_ui_tutorial' retrieved from /home/mahmoud/airflow_env/lib/python3.10/site-packages/airflow/example_dags/example_params_ui_tutorial.py
[2024-01-14T15:48:27.045+0200] {logging_mixin.py:188} INFO - [2024-01-14T15:48:27.045+0200] {dag.py:3033} INFO - Sync 1 DAGs
[2024-01-14T15:48:27.053+0200] {logging_mixin.py:188} INFO - [2024-01-14T15:48:27.053+0200] {dag.py:3820} INFO - Setting next_dagrun for example_params_ui_tutorial to None, run_after=None
[2024-01-14T15:48:27.073+0200] {processor.py:183} INFO - Processing /home/mahmoud/airflow_env/lib/python3.10/site-packages/airflow/example_dags/example_params_ui_tutorial.py took 0.083 seconds
[2024-01-14T15:49:02.021+0200] {processor.py:161} INFO - Started process (PID=28731) to work on /home/mahmoud/airflow_env/lib/python3.10/site-packages/airflow/example_dags/example_params_ui_tutorial.py
[2024-01-14T15:49:02.024+0200] {processor.py:830} INFO - Processing file /home/mahmoud/airflow_env/lib/python3.10/site-packages/airflow/example_dags/example_params_ui_tutorial.py for tasks to queue
[2024-01-14T15:49:02.026+0200] {logging_mixin.py:188} INFO - [2024-01-14T15:49:02.025+0200] {dagbag.py:538} INFO - Filling up the DagBag from /home/mahmoud/airflow_env/lib/python3.10/site-packages/airflow/example_dags/example_params_ui_tutorial.py
[2024-01-14T15:49:02.044+0200] {processor.py:840} INFO - DAG(s) 'example_params_ui_tutorial' retrieved from /home/mahmoud/airflow_env/lib/python3.10/site-packages/airflow/example_dags/example_params_ui_tutorial.py
[2024-01-14T15:49:02.085+0200] {logging_mixin.py:188} INFO - [2024-01-14T15:49:02.085+0200] {dag.py:3033} INFO - Sync 1 DAGs
[2024-01-14T15:49:02.093+0200] {logging_mixin.py:188} INFO - [2024-01-14T15:49:02.093+0200] {dag.py:3820} INFO - Setting next_dagrun for example_params_ui_tutorial to None, run_after=None
[2024-01-14T15:49:02.112+0200] {processor.py:183} INFO - Processing /home/mahmoud/airflow_env/lib/python3.10/site-packages/airflow/example_dags/example_params_ui_tutorial.py took 0.098 seconds
[2024-01-14T15:49:39.216+0200] {processor.py:161} INFO - Started process (PID=28876) to work on /home/mahmoud/airflow_env/lib/python3.10/site-packages/airflow/example_dags/example_params_ui_tutorial.py
[2024-01-14T15:49:39.218+0200] {processor.py:830} INFO - Processing file /home/mahmoud/airflow_env/lib/python3.10/site-packages/airflow/example_dags/example_params_ui_tutorial.py for tasks to queue
[2024-01-14T15:49:39.219+0200] {logging_mixin.py:188} INFO - [2024-01-14T15:49:39.219+0200] {dagbag.py:538} INFO - Filling up the DagBag from /home/mahmoud/airflow_env/lib/python3.10/site-packages/airflow/example_dags/example_params_ui_tutorial.py
[2024-01-14T15:49:39.230+0200] {processor.py:840} INFO - DAG(s) 'example_params_ui_tutorial' retrieved from /home/mahmoud/airflow_env/lib/python3.10/site-packages/airflow/example_dags/example_params_ui_tutorial.py
[2024-01-14T15:49:39.267+0200] {logging_mixin.py:188} INFO - [2024-01-14T15:49:39.267+0200] {dag.py:3033} INFO - Sync 1 DAGs
[2024-01-14T15:49:39.275+0200] {logging_mixin.py:188} INFO - [2024-01-14T15:49:39.275+0200] {dag.py:3820} INFO - Setting next_dagrun for example_params_ui_tutorial to None, run_after=None
[2024-01-14T15:49:39.295+0200] {processor.py:183} INFO - Processing /home/mahmoud/airflow_env/lib/python3.10/site-packages/airflow/example_dags/example_params_ui_tutorial.py took 0.082 seconds
[2024-01-14T15:50:12.963+0200] {processor.py:161} INFO - Started process (PID=29008) to work on /home/mahmoud/airflow_env/lib/python3.10/site-packages/airflow/example_dags/example_params_ui_tutorial.py
[2024-01-14T15:50:12.966+0200] {processor.py:830} INFO - Processing file /home/mahmoud/airflow_env/lib/python3.10/site-packages/airflow/example_dags/example_params_ui_tutorial.py for tasks to queue
[2024-01-14T15:50:12.967+0200] {logging_mixin.py:188} INFO - [2024-01-14T15:50:12.967+0200] {dagbag.py:538} INFO - Filling up the DagBag from /home/mahmoud/airflow_env/lib/python3.10/site-packages/airflow/example_dags/example_params_ui_tutorial.py
[2024-01-14T15:50:12.983+0200] {processor.py:840} INFO - DAG(s) 'example_params_ui_tutorial' retrieved from /home/mahmoud/airflow_env/lib/python3.10/site-packages/airflow/example_dags/example_params_ui_tutorial.py
[2024-01-14T15:50:13.019+0200] {logging_mixin.py:188} INFO - [2024-01-14T15:50:13.019+0200] {dag.py:3033} INFO - Sync 1 DAGs
[2024-01-14T15:50:13.028+0200] {logging_mixin.py:188} INFO - [2024-01-14T15:50:13.028+0200] {dag.py:3820} INFO - Setting next_dagrun for example_params_ui_tutorial to None, run_after=None
[2024-01-14T15:50:13.048+0200] {processor.py:183} INFO - Processing /home/mahmoud/airflow_env/lib/python3.10/site-packages/airflow/example_dags/example_params_ui_tutorial.py took 0.092 seconds
[2024-01-14T15:50:48.101+0200] {processor.py:161} INFO - Started process (PID=29147) to work on /home/mahmoud/airflow_env/lib/python3.10/site-packages/airflow/example_dags/example_params_ui_tutorial.py
[2024-01-14T15:50:48.103+0200] {processor.py:830} INFO - Processing file /home/mahmoud/airflow_env/lib/python3.10/site-packages/airflow/example_dags/example_params_ui_tutorial.py for tasks to queue
[2024-01-14T15:50:48.104+0200] {logging_mixin.py:188} INFO - [2024-01-14T15:50:48.104+0200] {dagbag.py:538} INFO - Filling up the DagBag from /home/mahmoud/airflow_env/lib/python3.10/site-packages/airflow/example_dags/example_params_ui_tutorial.py
[2024-01-14T15:50:48.119+0200] {processor.py:840} INFO - DAG(s) 'example_params_ui_tutorial' retrieved from /home/mahmoud/airflow_env/lib/python3.10/site-packages/airflow/example_dags/example_params_ui_tutorial.py
[2024-01-14T15:50:48.159+0200] {logging_mixin.py:188} INFO - [2024-01-14T15:50:48.158+0200] {dag.py:3033} INFO - Sync 1 DAGs
[2024-01-14T15:50:48.166+0200] {logging_mixin.py:188} INFO - [2024-01-14T15:50:48.166+0200] {dag.py:3820} INFO - Setting next_dagrun for example_params_ui_tutorial to None, run_after=None
[2024-01-14T15:50:48.184+0200] {processor.py:183} INFO - Processing /home/mahmoud/airflow_env/lib/python3.10/site-packages/airflow/example_dags/example_params_ui_tutorial.py took 0.087 seconds
[2024-01-14T15:51:23.643+0200] {processor.py:161} INFO - Started process (PID=29291) to work on /home/mahmoud/airflow_env/lib/python3.10/site-packages/airflow/example_dags/example_params_ui_tutorial.py
[2024-01-14T15:51:23.645+0200] {processor.py:830} INFO - Processing file /home/mahmoud/airflow_env/lib/python3.10/site-packages/airflow/example_dags/example_params_ui_tutorial.py for tasks to queue
[2024-01-14T15:51:23.646+0200] {logging_mixin.py:188} INFO - [2024-01-14T15:51:23.645+0200] {dagbag.py:538} INFO - Filling up the DagBag from /home/mahmoud/airflow_env/lib/python3.10/site-packages/airflow/example_dags/example_params_ui_tutorial.py
[2024-01-14T15:51:23.658+0200] {processor.py:840} INFO - DAG(s) 'example_params_ui_tutorial' retrieved from /home/mahmoud/airflow_env/lib/python3.10/site-packages/airflow/example_dags/example_params_ui_tutorial.py
[2024-01-14T15:51:23.694+0200] {logging_mixin.py:188} INFO - [2024-01-14T15:51:23.694+0200] {dag.py:3033} INFO - Sync 1 DAGs
[2024-01-14T15:51:23.702+0200] {logging_mixin.py:188} INFO - [2024-01-14T15:51:23.702+0200] {dag.py:3820} INFO - Setting next_dagrun for example_params_ui_tutorial to None, run_after=None
[2024-01-14T15:51:23.722+0200] {processor.py:183} INFO - Processing /home/mahmoud/airflow_env/lib/python3.10/site-packages/airflow/example_dags/example_params_ui_tutorial.py took 0.082 seconds
[2024-01-14T15:51:58.448+0200] {processor.py:161} INFO - Started process (PID=29430) to work on /home/mahmoud/airflow_env/lib/python3.10/site-packages/airflow/example_dags/example_params_ui_tutorial.py
[2024-01-14T15:51:58.449+0200] {processor.py:830} INFO - Processing file /home/mahmoud/airflow_env/lib/python3.10/site-packages/airflow/example_dags/example_params_ui_tutorial.py for tasks to queue
[2024-01-14T15:51:58.450+0200] {logging_mixin.py:188} INFO - [2024-01-14T15:51:58.449+0200] {dagbag.py:538} INFO - Filling up the DagBag from /home/mahmoud/airflow_env/lib/python3.10/site-packages/airflow/example_dags/example_params_ui_tutorial.py
[2024-01-14T15:51:58.461+0200] {processor.py:840} INFO - DAG(s) 'example_params_ui_tutorial' retrieved from /home/mahmoud/airflow_env/lib/python3.10/site-packages/airflow/example_dags/example_params_ui_tutorial.py
[2024-01-14T15:51:58.501+0200] {logging_mixin.py:188} INFO - [2024-01-14T15:51:58.501+0200] {dag.py:3033} INFO - Sync 1 DAGs
[2024-01-14T15:51:58.510+0200] {logging_mixin.py:188} INFO - [2024-01-14T15:51:58.510+0200] {dag.py:3820} INFO - Setting next_dagrun for example_params_ui_tutorial to None, run_after=None
[2024-01-14T15:51:58.530+0200] {processor.py:183} INFO - Processing /home/mahmoud/airflow_env/lib/python3.10/site-packages/airflow/example_dags/example_params_ui_tutorial.py took 0.085 seconds
[2024-01-14T15:52:32.276+0200] {processor.py:161} INFO - Started process (PID=29561) to work on /home/mahmoud/airflow_env/lib/python3.10/site-packages/airflow/example_dags/example_params_ui_tutorial.py
[2024-01-14T15:52:32.277+0200] {processor.py:830} INFO - Processing file /home/mahmoud/airflow_env/lib/python3.10/site-packages/airflow/example_dags/example_params_ui_tutorial.py for tasks to queue
[2024-01-14T15:52:32.278+0200] {logging_mixin.py:188} INFO - [2024-01-14T15:52:32.278+0200] {dagbag.py:538} INFO - Filling up the DagBag from /home/mahmoud/airflow_env/lib/python3.10/site-packages/airflow/example_dags/example_params_ui_tutorial.py
[2024-01-14T15:52:32.289+0200] {processor.py:840} INFO - DAG(s) 'example_params_ui_tutorial' retrieved from /home/mahmoud/airflow_env/lib/python3.10/site-packages/airflow/example_dags/example_params_ui_tutorial.py
[2024-01-14T15:52:32.330+0200] {logging_mixin.py:188} INFO - [2024-01-14T15:52:32.330+0200] {dag.py:3033} INFO - Sync 1 DAGs
[2024-01-14T15:52:32.340+0200] {logging_mixin.py:188} INFO - [2024-01-14T15:52:32.340+0200] {dag.py:3820} INFO - Setting next_dagrun for example_params_ui_tutorial to None, run_after=None
[2024-01-14T15:52:32.361+0200] {processor.py:183} INFO - Processing /home/mahmoud/airflow_env/lib/python3.10/site-packages/airflow/example_dags/example_params_ui_tutorial.py took 0.087 seconds
[2024-01-14T15:53:05.416+0200] {processor.py:161} INFO - Started process (PID=29720) to work on /home/mahmoud/airflow_env/lib/python3.10/site-packages/airflow/example_dags/example_params_ui_tutorial.py
[2024-01-14T15:53:05.418+0200] {processor.py:830} INFO - Processing file /home/mahmoud/airflow_env/lib/python3.10/site-packages/airflow/example_dags/example_params_ui_tutorial.py for tasks to queue
[2024-01-14T15:53:05.418+0200] {logging_mixin.py:188} INFO - [2024-01-14T15:53:05.418+0200] {dagbag.py:538} INFO - Filling up the DagBag from /home/mahmoud/airflow_env/lib/python3.10/site-packages/airflow/example_dags/example_params_ui_tutorial.py
[2024-01-14T15:53:05.430+0200] {processor.py:840} INFO - DAG(s) 'example_params_ui_tutorial' retrieved from /home/mahmoud/airflow_env/lib/python3.10/site-packages/airflow/example_dags/example_params_ui_tutorial.py
[2024-01-14T15:53:05.470+0200] {logging_mixin.py:188} INFO - [2024-01-14T15:53:05.470+0200] {dag.py:3033} INFO - Sync 1 DAGs
[2024-01-14T15:53:05.478+0200] {logging_mixin.py:188} INFO - [2024-01-14T15:53:05.478+0200] {dag.py:3820} INFO - Setting next_dagrun for example_params_ui_tutorial to None, run_after=None
[2024-01-14T15:53:05.497+0200] {processor.py:183} INFO - Processing /home/mahmoud/airflow_env/lib/python3.10/site-packages/airflow/example_dags/example_params_ui_tutorial.py took 0.084 seconds
[2024-01-14T15:53:40.292+0200] {processor.py:161} INFO - Started process (PID=29860) to work on /home/mahmoud/airflow_env/lib/python3.10/site-packages/airflow/example_dags/example_params_ui_tutorial.py
[2024-01-14T15:53:40.293+0200] {processor.py:830} INFO - Processing file /home/mahmoud/airflow_env/lib/python3.10/site-packages/airflow/example_dags/example_params_ui_tutorial.py for tasks to queue
[2024-01-14T15:53:40.294+0200] {logging_mixin.py:188} INFO - [2024-01-14T15:53:40.294+0200] {dagbag.py:538} INFO - Filling up the DagBag from /home/mahmoud/airflow_env/lib/python3.10/site-packages/airflow/example_dags/example_params_ui_tutorial.py
[2024-01-14T15:53:40.305+0200] {processor.py:840} INFO - DAG(s) 'example_params_ui_tutorial' retrieved from /home/mahmoud/airflow_env/lib/python3.10/site-packages/airflow/example_dags/example_params_ui_tutorial.py
[2024-01-14T15:53:40.347+0200] {logging_mixin.py:188} INFO - [2024-01-14T15:53:40.347+0200] {dag.py:3033} INFO - Sync 1 DAGs
[2024-01-14T15:53:40.357+0200] {logging_mixin.py:188} INFO - [2024-01-14T15:53:40.356+0200] {dag.py:3820} INFO - Setting next_dagrun for example_params_ui_tutorial to None, run_after=None
[2024-01-14T15:53:40.377+0200] {processor.py:183} INFO - Processing /home/mahmoud/airflow_env/lib/python3.10/site-packages/airflow/example_dags/example_params_ui_tutorial.py took 0.088 seconds
[2024-01-14T15:54:34.748+0200] {processor.py:161} INFO - Started process (PID=30046) to work on /home/mahmoud/airflow_env/lib/python3.10/site-packages/airflow/example_dags/example_params_ui_tutorial.py
[2024-01-14T15:54:34.752+0200] {processor.py:830} INFO - Processing file /home/mahmoud/airflow_env/lib/python3.10/site-packages/airflow/example_dags/example_params_ui_tutorial.py for tasks to queue
[2024-01-14T15:54:34.754+0200] {logging_mixin.py:188} INFO - [2024-01-14T15:54:34.753+0200] {dagbag.py:538} INFO - Filling up the DagBag from /home/mahmoud/airflow_env/lib/python3.10/site-packages/airflow/example_dags/example_params_ui_tutorial.py
[2024-01-14T15:54:34.791+0200] {processor.py:840} INFO - DAG(s) 'example_params_ui_tutorial' retrieved from /home/mahmoud/airflow_env/lib/python3.10/site-packages/airflow/example_dags/example_params_ui_tutorial.py
[2024-01-14T15:54:34.939+0200] {logging_mixin.py:188} INFO - [2024-01-14T15:54:34.939+0200] {dag.py:3033} INFO - Sync 1 DAGs
[2024-01-14T15:54:34.977+0200] {logging_mixin.py:188} INFO - [2024-01-14T15:54:34.976+0200] {dag.py:3820} INFO - Setting next_dagrun for example_params_ui_tutorial to None, run_after=None
[2024-01-14T15:54:35.043+0200] {processor.py:183} INFO - Processing /home/mahmoud/airflow_env/lib/python3.10/site-packages/airflow/example_dags/example_params_ui_tutorial.py took 0.304 seconds
[2024-01-14T15:55:16.338+0200] {processor.py:161} INFO - Started process (PID=30191) to work on /home/mahmoud/airflow_env/lib/python3.10/site-packages/airflow/example_dags/example_params_ui_tutorial.py
[2024-01-14T15:55:16.345+0200] {processor.py:830} INFO - Processing file /home/mahmoud/airflow_env/lib/python3.10/site-packages/airflow/example_dags/example_params_ui_tutorial.py for tasks to queue
[2024-01-14T15:55:16.350+0200] {logging_mixin.py:188} INFO - [2024-01-14T15:55:16.348+0200] {dagbag.py:538} INFO - Filling up the DagBag from /home/mahmoud/airflow_env/lib/python3.10/site-packages/airflow/example_dags/example_params_ui_tutorial.py
[2024-01-14T15:55:16.423+0200] {processor.py:840} INFO - DAG(s) 'example_params_ui_tutorial' retrieved from /home/mahmoud/airflow_env/lib/python3.10/site-packages/airflow/example_dags/example_params_ui_tutorial.py
[2024-01-14T15:55:16.668+0200] {logging_mixin.py:188} INFO - [2024-01-14T15:55:16.667+0200] {dag.py:3033} INFO - Sync 1 DAGs
[2024-01-14T15:55:16.719+0200] {logging_mixin.py:188} INFO - [2024-01-14T15:55:16.718+0200] {dag.py:3820} INFO - Setting next_dagrun for example_params_ui_tutorial to None, run_after=None
[2024-01-14T15:55:16.804+0200] {processor.py:183} INFO - Processing /home/mahmoud/airflow_env/lib/python3.10/site-packages/airflow/example_dags/example_params_ui_tutorial.py took 0.483 seconds
[2024-01-14T15:56:17.576+0200] {processor.py:161} INFO - Started process (PID=30403) to work on /home/mahmoud/airflow_env/lib/python3.10/site-packages/airflow/example_dags/example_params_ui_tutorial.py
[2024-01-14T15:56:17.579+0200] {processor.py:830} INFO - Processing file /home/mahmoud/airflow_env/lib/python3.10/site-packages/airflow/example_dags/example_params_ui_tutorial.py for tasks to queue
[2024-01-14T15:56:17.582+0200] {logging_mixin.py:188} INFO - [2024-01-14T15:56:17.581+0200] {dagbag.py:538} INFO - Filling up the DagBag from /home/mahmoud/airflow_env/lib/python3.10/site-packages/airflow/example_dags/example_params_ui_tutorial.py
[2024-01-14T15:56:17.618+0200] {processor.py:840} INFO - DAG(s) 'example_params_ui_tutorial' retrieved from /home/mahmoud/airflow_env/lib/python3.10/site-packages/airflow/example_dags/example_params_ui_tutorial.py
[2024-01-14T15:56:17.753+0200] {logging_mixin.py:188} INFO - [2024-01-14T15:56:17.753+0200] {dag.py:3033} INFO - Sync 1 DAGs
[2024-01-14T15:56:17.786+0200] {logging_mixin.py:188} INFO - [2024-01-14T15:56:17.785+0200] {dag.py:3820} INFO - Setting next_dagrun for example_params_ui_tutorial to None, run_after=None
[2024-01-14T15:56:17.845+0200] {processor.py:183} INFO - Processing /home/mahmoud/airflow_env/lib/python3.10/site-packages/airflow/example_dags/example_params_ui_tutorial.py took 0.277 seconds
[2024-01-14T15:57:15.309+0200] {processor.py:161} INFO - Started process (PID=30608) to work on /home/mahmoud/airflow_env/lib/python3.10/site-packages/airflow/example_dags/example_params_ui_tutorial.py
[2024-01-14T15:57:15.312+0200] {processor.py:830} INFO - Processing file /home/mahmoud/airflow_env/lib/python3.10/site-packages/airflow/example_dags/example_params_ui_tutorial.py for tasks to queue
[2024-01-14T15:57:15.314+0200] {logging_mixin.py:188} INFO - [2024-01-14T15:57:15.313+0200] {dagbag.py:538} INFO - Filling up the DagBag from /home/mahmoud/airflow_env/lib/python3.10/site-packages/airflow/example_dags/example_params_ui_tutorial.py
[2024-01-14T15:57:15.346+0200] {processor.py:840} INFO - DAG(s) 'example_params_ui_tutorial' retrieved from /home/mahmoud/airflow_env/lib/python3.10/site-packages/airflow/example_dags/example_params_ui_tutorial.py
[2024-01-14T15:57:15.474+0200] {logging_mixin.py:188} INFO - [2024-01-14T15:57:15.473+0200] {dag.py:3033} INFO - Sync 1 DAGs
[2024-01-14T15:57:15.503+0200] {logging_mixin.py:188} INFO - [2024-01-14T15:57:15.503+0200] {dag.py:3820} INFO - Setting next_dagrun for example_params_ui_tutorial to None, run_after=None
[2024-01-14T15:57:15.558+0200] {processor.py:183} INFO - Processing /home/mahmoud/airflow_env/lib/python3.10/site-packages/airflow/example_dags/example_params_ui_tutorial.py took 0.258 seconds
[2024-01-14T15:58:05.770+0200] {processor.py:161} INFO - Started process (PID=30856) to work on /home/mahmoud/airflow_env/lib/python3.10/site-packages/airflow/example_dags/example_params_ui_tutorial.py
[2024-01-14T15:58:05.772+0200] {processor.py:830} INFO - Processing file /home/mahmoud/airflow_env/lib/python3.10/site-packages/airflow/example_dags/example_params_ui_tutorial.py for tasks to queue
[2024-01-14T15:58:05.772+0200] {logging_mixin.py:188} INFO - [2024-01-14T15:58:05.772+0200] {dagbag.py:538} INFO - Filling up the DagBag from /home/mahmoud/airflow_env/lib/python3.10/site-packages/airflow/example_dags/example_params_ui_tutorial.py
[2024-01-14T15:58:05.785+0200] {processor.py:840} INFO - DAG(s) 'example_params_ui_tutorial' retrieved from /home/mahmoud/airflow_env/lib/python3.10/site-packages/airflow/example_dags/example_params_ui_tutorial.py
[2024-01-14T15:58:05.825+0200] {logging_mixin.py:188} INFO - [2024-01-14T15:58:05.825+0200] {dag.py:3033} INFO - Sync 1 DAGs
[2024-01-14T15:58:05.833+0200] {logging_mixin.py:188} INFO - [2024-01-14T15:58:05.833+0200] {dag.py:3820} INFO - Setting next_dagrun for example_params_ui_tutorial to None, run_after=None
[2024-01-14T15:58:05.855+0200] {processor.py:183} INFO - Processing /home/mahmoud/airflow_env/lib/python3.10/site-packages/airflow/example_dags/example_params_ui_tutorial.py took 0.089 seconds
