[2024-01-14T14:40:36.024+0200] {processor.py:161} INFO - Started process (PID=9742) to work on /home/mahmoud/airflow_env/lib/python3.10/site-packages/airflow/example_dags/example_branch_labels.py
[2024-01-14T14:40:36.025+0200] {processor.py:830} INFO - Processing file /home/mahmoud/airflow_env/lib/python3.10/site-packages/airflow/example_dags/example_branch_labels.py for tasks to queue
[2024-01-14T14:40:36.025+0200] {logging_mixin.py:188} INFO - [2024-01-14T14:40:36.025+0200] {dagbag.py:538} INFO - Filling up the DagBag from /home/mahmoud/airflow_env/lib/python3.10/site-packages/airflow/example_dags/example_branch_labels.py
[2024-01-14T14:40:36.036+0200] {processor.py:840} INFO - DAG(s) 'example_branch_labels' retrieved from /home/mahmoud/airflow_env/lib/python3.10/site-packages/airflow/example_dags/example_branch_labels.py
[2024-01-14T14:40:36.199+0200] {logging_mixin.py:188} INFO - [2024-01-14T14:40:36.199+0200] {override.py:1769} INFO - Created Permission View: can edit on DAG:example_branch_labels
[2024-01-14T14:40:36.211+0200] {logging_mixin.py:188} INFO - [2024-01-14T14:40:36.211+0200] {override.py:1769} INFO - Created Permission View: can read on DAG:example_branch_labels
[2024-01-14T14:40:36.221+0200] {logging_mixin.py:188} INFO - [2024-01-14T14:40:36.221+0200] {override.py:1769} INFO - Created Permission View: can delete on DAG:example_branch_labels
[2024-01-14T14:40:36.221+0200] {logging_mixin.py:188} INFO - [2024-01-14T14:40:36.221+0200] {dag.py:3033} INFO - Sync 1 DAGs
[2024-01-14T14:40:36.230+0200] {logging_mixin.py:188} INFO - [2024-01-14T14:40:36.229+0200] {dag.py:3055} INFO - Creating ORM DAG for example_branch_labels
[2024-01-14T14:40:36.239+0200] {logging_mixin.py:188} INFO - [2024-01-14T14:40:36.238+0200] {dag.py:3820} INFO - Setting next_dagrun for example_branch_labels to 2024-01-13T00:00:00+00:00, run_after=2024-01-14T00:00:00+00:00
[2024-01-14T14:40:36.258+0200] {processor.py:183} INFO - Processing /home/mahmoud/airflow_env/lib/python3.10/site-packages/airflow/example_dags/example_branch_labels.py took 0.237 seconds
[2024-01-14T15:08:13.378+0200] {processor.py:161} INFO - Started process (PID=16091) to work on /home/mahmoud/airflow_env/lib/python3.10/site-packages/airflow/example_dags/example_branch_labels.py
[2024-01-14T15:08:13.380+0200] {processor.py:830} INFO - Processing file /home/mahmoud/airflow_env/lib/python3.10/site-packages/airflow/example_dags/example_branch_labels.py for tasks to queue
[2024-01-14T15:08:13.381+0200] {logging_mixin.py:188} INFO - [2024-01-14T15:08:13.381+0200] {dagbag.py:538} INFO - Filling up the DagBag from /home/mahmoud/airflow_env/lib/python3.10/site-packages/airflow/example_dags/example_branch_labels.py
[2024-01-14T15:08:13.391+0200] {processor.py:840} INFO - DAG(s) 'example_branch_labels' retrieved from /home/mahmoud/airflow_env/lib/python3.10/site-packages/airflow/example_dags/example_branch_labels.py
[2024-01-14T15:08:13.405+0200] {logging_mixin.py:188} INFO - [2024-01-14T15:08:13.405+0200] {dag.py:3033} INFO - Sync 1 DAGs
[2024-01-14T15:08:13.423+0200] {logging_mixin.py:188} INFO - [2024-01-14T15:08:13.423+0200] {dag.py:3820} INFO - Setting next_dagrun for example_branch_labels to 2024-01-13T00:00:00+00:00, run_after=2024-01-14T00:00:00+00:00
[2024-01-14T15:08:13.521+0200] {processor.py:183} INFO - Processing /home/mahmoud/airflow_env/lib/python3.10/site-packages/airflow/example_dags/example_branch_labels.py took 0.146 seconds
[2024-01-14T15:09:05.886+0200] {processor.py:161} INFO - Started process (PID=16362) to work on /home/mahmoud/airflow_env/lib/python3.10/site-packages/airflow/example_dags/example_branch_labels.py
[2024-01-14T15:09:05.888+0200] {processor.py:830} INFO - Processing file /home/mahmoud/airflow_env/lib/python3.10/site-packages/airflow/example_dags/example_branch_labels.py for tasks to queue
[2024-01-14T15:09:05.889+0200] {logging_mixin.py:188} INFO - [2024-01-14T15:09:05.888+0200] {dagbag.py:538} INFO - Filling up the DagBag from /home/mahmoud/airflow_env/lib/python3.10/site-packages/airflow/example_dags/example_branch_labels.py
[2024-01-14T15:09:05.898+0200] {processor.py:840} INFO - DAG(s) 'example_branch_labels' retrieved from /home/mahmoud/airflow_env/lib/python3.10/site-packages/airflow/example_dags/example_branch_labels.py
[2024-01-14T15:09:05.914+0200] {logging_mixin.py:188} INFO - [2024-01-14T15:09:05.913+0200] {dag.py:3033} INFO - Sync 1 DAGs
[2024-01-14T15:09:05.932+0200] {logging_mixin.py:188} INFO - [2024-01-14T15:09:05.932+0200] {dag.py:3820} INFO - Setting next_dagrun for example_branch_labels to 2024-01-13T00:00:00+00:00, run_after=2024-01-14T00:00:00+00:00
[2024-01-14T15:09:05.953+0200] {processor.py:183} INFO - Processing /home/mahmoud/airflow_env/lib/python3.10/site-packages/airflow/example_dags/example_branch_labels.py took 0.071 seconds
[2024-01-14T15:09:47.954+0200] {processor.py:161} INFO - Started process (PID=16623) to work on /home/mahmoud/airflow_env/lib/python3.10/site-packages/airflow/example_dags/example_branch_labels.py
[2024-01-14T15:09:47.957+0200] {processor.py:830} INFO - Processing file /home/mahmoud/airflow_env/lib/python3.10/site-packages/airflow/example_dags/example_branch_labels.py for tasks to queue
[2024-01-14T15:09:47.958+0200] {logging_mixin.py:188} INFO - [2024-01-14T15:09:47.958+0200] {dagbag.py:538} INFO - Filling up the DagBag from /home/mahmoud/airflow_env/lib/python3.10/site-packages/airflow/example_dags/example_branch_labels.py
[2024-01-14T15:09:47.972+0200] {processor.py:840} INFO - DAG(s) 'example_branch_labels' retrieved from /home/mahmoud/airflow_env/lib/python3.10/site-packages/airflow/example_dags/example_branch_labels.py
[2024-01-14T15:09:47.992+0200] {logging_mixin.py:188} INFO - [2024-01-14T15:09:47.992+0200] {dag.py:3033} INFO - Sync 1 DAGs
[2024-01-14T15:09:48.010+0200] {logging_mixin.py:188} INFO - [2024-01-14T15:09:48.010+0200] {dag.py:3820} INFO - Setting next_dagrun for example_branch_labels to 2024-01-13T00:00:00+00:00, run_after=2024-01-14T00:00:00+00:00
[2024-01-14T15:09:48.030+0200] {processor.py:183} INFO - Processing /home/mahmoud/airflow_env/lib/python3.10/site-packages/airflow/example_dags/example_branch_labels.py took 0.082 seconds
[2024-01-14T15:10:36.739+0200] {processor.py:161} INFO - Started process (PID=16822) to work on /home/mahmoud/airflow_env/lib/python3.10/site-packages/airflow/example_dags/example_branch_labels.py
[2024-01-14T15:10:36.739+0200] {processor.py:830} INFO - Processing file /home/mahmoud/airflow_env/lib/python3.10/site-packages/airflow/example_dags/example_branch_labels.py for tasks to queue
[2024-01-14T15:10:36.740+0200] {logging_mixin.py:188} INFO - [2024-01-14T15:10:36.740+0200] {dagbag.py:538} INFO - Filling up the DagBag from /home/mahmoud/airflow_env/lib/python3.10/site-packages/airflow/example_dags/example_branch_labels.py
[2024-01-14T15:10:36.746+0200] {processor.py:840} INFO - DAG(s) 'example_branch_labels' retrieved from /home/mahmoud/airflow_env/lib/python3.10/site-packages/airflow/example_dags/example_branch_labels.py
[2024-01-14T15:10:36.760+0200] {logging_mixin.py:188} INFO - [2024-01-14T15:10:36.759+0200] {dag.py:3033} INFO - Sync 1 DAGs
[2024-01-14T15:10:36.778+0200] {logging_mixin.py:188} INFO - [2024-01-14T15:10:36.778+0200] {dag.py:3820} INFO - Setting next_dagrun for example_branch_labels to 2024-01-13T00:00:00+00:00, run_after=2024-01-14T00:00:00+00:00
[2024-01-14T15:10:36.802+0200] {processor.py:183} INFO - Processing /home/mahmoud/airflow_env/lib/python3.10/site-packages/airflow/example_dags/example_branch_labels.py took 0.065 seconds
[2024-01-14T15:11:16.321+0200] {processor.py:161} INFO - Started process (PID=16976) to work on /home/mahmoud/airflow_env/lib/python3.10/site-packages/airflow/example_dags/example_branch_labels.py
[2024-01-14T15:11:16.324+0200] {processor.py:830} INFO - Processing file /home/mahmoud/airflow_env/lib/python3.10/site-packages/airflow/example_dags/example_branch_labels.py for tasks to queue
[2024-01-14T15:11:16.325+0200] {logging_mixin.py:188} INFO - [2024-01-14T15:11:16.324+0200] {dagbag.py:538} INFO - Filling up the DagBag from /home/mahmoud/airflow_env/lib/python3.10/site-packages/airflow/example_dags/example_branch_labels.py
[2024-01-14T15:11:16.337+0200] {processor.py:840} INFO - DAG(s) 'example_branch_labels' retrieved from /home/mahmoud/airflow_env/lib/python3.10/site-packages/airflow/example_dags/example_branch_labels.py
[2024-01-14T15:11:16.355+0200] {logging_mixin.py:188} INFO - [2024-01-14T15:11:16.355+0200] {dag.py:3033} INFO - Sync 1 DAGs
[2024-01-14T15:11:16.374+0200] {logging_mixin.py:188} INFO - [2024-01-14T15:11:16.374+0200] {dag.py:3820} INFO - Setting next_dagrun for example_branch_labels to 2024-01-13T00:00:00+00:00, run_after=2024-01-14T00:00:00+00:00
[2024-01-14T15:11:16.396+0200] {processor.py:183} INFO - Processing /home/mahmoud/airflow_env/lib/python3.10/site-packages/airflow/example_dags/example_branch_labels.py took 0.080 seconds
[2024-01-14T15:11:54.954+0200] {processor.py:161} INFO - Started process (PID=17170) to work on /home/mahmoud/airflow_env/lib/python3.10/site-packages/airflow/example_dags/example_branch_labels.py
[2024-01-14T15:11:54.956+0200] {processor.py:830} INFO - Processing file /home/mahmoud/airflow_env/lib/python3.10/site-packages/airflow/example_dags/example_branch_labels.py for tasks to queue
[2024-01-14T15:11:54.957+0200] {logging_mixin.py:188} INFO - [2024-01-14T15:11:54.957+0200] {dagbag.py:538} INFO - Filling up the DagBag from /home/mahmoud/airflow_env/lib/python3.10/site-packages/airflow/example_dags/example_branch_labels.py
[2024-01-14T15:11:54.968+0200] {processor.py:840} INFO - DAG(s) 'example_branch_labels' retrieved from /home/mahmoud/airflow_env/lib/python3.10/site-packages/airflow/example_dags/example_branch_labels.py
[2024-01-14T15:11:54.984+0200] {logging_mixin.py:188} INFO - [2024-01-14T15:11:54.984+0200] {dag.py:3033} INFO - Sync 1 DAGs
[2024-01-14T15:11:55.003+0200] {logging_mixin.py:188} INFO - [2024-01-14T15:11:55.002+0200] {dag.py:3820} INFO - Setting next_dagrun for example_branch_labels to 2024-01-13T00:00:00+00:00, run_after=2024-01-14T00:00:00+00:00
[2024-01-14T15:11:55.025+0200] {processor.py:183} INFO - Processing /home/mahmoud/airflow_env/lib/python3.10/site-packages/airflow/example_dags/example_branch_labels.py took 0.077 seconds
[2024-01-14T15:12:31.078+0200] {processor.py:161} INFO - Started process (PID=17316) to work on /home/mahmoud/airflow_env/lib/python3.10/site-packages/airflow/example_dags/example_branch_labels.py
[2024-01-14T15:12:31.080+0200] {processor.py:830} INFO - Processing file /home/mahmoud/airflow_env/lib/python3.10/site-packages/airflow/example_dags/example_branch_labels.py for tasks to queue
[2024-01-14T15:12:31.081+0200] {logging_mixin.py:188} INFO - [2024-01-14T15:12:31.081+0200] {dagbag.py:538} INFO - Filling up the DagBag from /home/mahmoud/airflow_env/lib/python3.10/site-packages/airflow/example_dags/example_branch_labels.py
[2024-01-14T15:12:31.088+0200] {processor.py:840} INFO - DAG(s) 'example_branch_labels' retrieved from /home/mahmoud/airflow_env/lib/python3.10/site-packages/airflow/example_dags/example_branch_labels.py
[2024-01-14T15:12:31.102+0200] {logging_mixin.py:188} INFO - [2024-01-14T15:12:31.102+0200] {dag.py:3033} INFO - Sync 1 DAGs
[2024-01-14T15:12:31.119+0200] {logging_mixin.py:188} INFO - [2024-01-14T15:12:31.119+0200] {dag.py:3820} INFO - Setting next_dagrun for example_branch_labels to 2024-01-13T00:00:00+00:00, run_after=2024-01-14T00:00:00+00:00
[2024-01-14T15:12:31.140+0200] {processor.py:183} INFO - Processing /home/mahmoud/airflow_env/lib/python3.10/site-packages/airflow/example_dags/example_branch_labels.py took 0.065 seconds
[2024-01-14T15:13:08.904+0200] {processor.py:161} INFO - Started process (PID=17490) to work on /home/mahmoud/airflow_env/lib/python3.10/site-packages/airflow/example_dags/example_branch_labels.py
[2024-01-14T15:13:08.905+0200] {processor.py:830} INFO - Processing file /home/mahmoud/airflow_env/lib/python3.10/site-packages/airflow/example_dags/example_branch_labels.py for tasks to queue
[2024-01-14T15:13:08.906+0200] {logging_mixin.py:188} INFO - [2024-01-14T15:13:08.906+0200] {dagbag.py:538} INFO - Filling up the DagBag from /home/mahmoud/airflow_env/lib/python3.10/site-packages/airflow/example_dags/example_branch_labels.py
[2024-01-14T15:13:08.913+0200] {processor.py:840} INFO - DAG(s) 'example_branch_labels' retrieved from /home/mahmoud/airflow_env/lib/python3.10/site-packages/airflow/example_dags/example_branch_labels.py
[2024-01-14T15:13:08.927+0200] {logging_mixin.py:188} INFO - [2024-01-14T15:13:08.927+0200] {dag.py:3033} INFO - Sync 1 DAGs
[2024-01-14T15:13:08.950+0200] {logging_mixin.py:188} INFO - [2024-01-14T15:13:08.950+0200] {dag.py:3820} INFO - Setting next_dagrun for example_branch_labels to 2024-01-13T00:00:00+00:00, run_after=2024-01-14T00:00:00+00:00
[2024-01-14T15:13:08.972+0200] {processor.py:183} INFO - Processing /home/mahmoud/airflow_env/lib/python3.10/site-packages/airflow/example_dags/example_branch_labels.py took 0.071 seconds
[2024-01-14T15:20:00.081+0200] {processor.py:161} INFO - Started process (PID=19465) to work on /home/mahmoud/airflow_env/lib/python3.10/site-packages/airflow/example_dags/example_branch_labels.py
[2024-01-14T15:20:00.083+0200] {processor.py:830} INFO - Processing file /home/mahmoud/airflow_env/lib/python3.10/site-packages/airflow/example_dags/example_branch_labels.py for tasks to queue
[2024-01-14T15:20:00.084+0200] {logging_mixin.py:188} INFO - [2024-01-14T15:20:00.083+0200] {dagbag.py:538} INFO - Filling up the DagBag from /home/mahmoud/airflow_env/lib/python3.10/site-packages/airflow/example_dags/example_branch_labels.py
[2024-01-14T15:20:00.095+0200] {processor.py:840} INFO - DAG(s) 'example_branch_labels' retrieved from /home/mahmoud/airflow_env/lib/python3.10/site-packages/airflow/example_dags/example_branch_labels.py
[2024-01-14T15:20:00.108+0200] {logging_mixin.py:188} INFO - [2024-01-14T15:20:00.108+0200] {dag.py:3033} INFO - Sync 1 DAGs
[2024-01-14T15:20:00.125+0200] {logging_mixin.py:188} INFO - [2024-01-14T15:20:00.125+0200] {dag.py:3820} INFO - Setting next_dagrun for example_branch_labels to 2024-01-13T00:00:00+00:00, run_after=2024-01-14T00:00:00+00:00
[2024-01-14T15:20:00.226+0200] {processor.py:183} INFO - Processing /home/mahmoud/airflow_env/lib/python3.10/site-packages/airflow/example_dags/example_branch_labels.py took 0.148 seconds
[2024-01-14T15:20:52.594+0200] {processor.py:161} INFO - Started process (PID=19670) to work on /home/mahmoud/airflow_env/lib/python3.10/site-packages/airflow/example_dags/example_branch_labels.py
[2024-01-14T15:20:52.596+0200] {processor.py:830} INFO - Processing file /home/mahmoud/airflow_env/lib/python3.10/site-packages/airflow/example_dags/example_branch_labels.py for tasks to queue
[2024-01-14T15:20:52.598+0200] {logging_mixin.py:188} INFO - [2024-01-14T15:20:52.597+0200] {dagbag.py:538} INFO - Filling up the DagBag from /home/mahmoud/airflow_env/lib/python3.10/site-packages/airflow/example_dags/example_branch_labels.py
[2024-01-14T15:20:52.609+0200] {processor.py:840} INFO - DAG(s) 'example_branch_labels' retrieved from /home/mahmoud/airflow_env/lib/python3.10/site-packages/airflow/example_dags/example_branch_labels.py
[2024-01-14T15:20:52.625+0200] {logging_mixin.py:188} INFO - [2024-01-14T15:20:52.625+0200] {dag.py:3033} INFO - Sync 1 DAGs
[2024-01-14T15:20:52.642+0200] {logging_mixin.py:188} INFO - [2024-01-14T15:20:52.642+0200] {dag.py:3820} INFO - Setting next_dagrun for example_branch_labels to 2024-01-13T00:00:00+00:00, run_after=2024-01-14T00:00:00+00:00
[2024-01-14T15:20:52.666+0200] {processor.py:183} INFO - Processing /home/mahmoud/airflow_env/lib/python3.10/site-packages/airflow/example_dags/example_branch_labels.py took 0.077 seconds
[2024-01-14T15:21:41.862+0200] {processor.py:161} INFO - Started process (PID=19861) to work on /home/mahmoud/airflow_env/lib/python3.10/site-packages/airflow/example_dags/example_branch_labels.py
[2024-01-14T15:21:41.863+0200] {processor.py:830} INFO - Processing file /home/mahmoud/airflow_env/lib/python3.10/site-packages/airflow/example_dags/example_branch_labels.py for tasks to queue
[2024-01-14T15:21:41.864+0200] {logging_mixin.py:188} INFO - [2024-01-14T15:21:41.864+0200] {dagbag.py:538} INFO - Filling up the DagBag from /home/mahmoud/airflow_env/lib/python3.10/site-packages/airflow/example_dags/example_branch_labels.py
[2024-01-14T15:21:41.870+0200] {processor.py:840} INFO - DAG(s) 'example_branch_labels' retrieved from /home/mahmoud/airflow_env/lib/python3.10/site-packages/airflow/example_dags/example_branch_labels.py
[2024-01-14T15:21:41.883+0200] {logging_mixin.py:188} INFO - [2024-01-14T15:21:41.883+0200] {dag.py:3033} INFO - Sync 1 DAGs
[2024-01-14T15:21:41.901+0200] {logging_mixin.py:188} INFO - [2024-01-14T15:21:41.900+0200] {dag.py:3820} INFO - Setting next_dagrun for example_branch_labels to 2024-01-13T00:00:00+00:00, run_after=2024-01-14T00:00:00+00:00
[2024-01-14T15:21:41.921+0200] {processor.py:183} INFO - Processing /home/mahmoud/airflow_env/lib/python3.10/site-packages/airflow/example_dags/example_branch_labels.py took 0.062 seconds
[2024-01-14T15:22:20.760+0200] {processor.py:161} INFO - Started process (PID=20013) to work on /home/mahmoud/airflow_env/lib/python3.10/site-packages/airflow/example_dags/example_branch_labels.py
[2024-01-14T15:22:20.763+0200] {processor.py:830} INFO - Processing file /home/mahmoud/airflow_env/lib/python3.10/site-packages/airflow/example_dags/example_branch_labels.py for tasks to queue
[2024-01-14T15:22:20.764+0200] {logging_mixin.py:188} INFO - [2024-01-14T15:22:20.763+0200] {dagbag.py:538} INFO - Filling up the DagBag from /home/mahmoud/airflow_env/lib/python3.10/site-packages/airflow/example_dags/example_branch_labels.py
[2024-01-14T15:22:20.774+0200] {processor.py:840} INFO - DAG(s) 'example_branch_labels' retrieved from /home/mahmoud/airflow_env/lib/python3.10/site-packages/airflow/example_dags/example_branch_labels.py
[2024-01-14T15:22:20.790+0200] {logging_mixin.py:188} INFO - [2024-01-14T15:22:20.790+0200] {dag.py:3033} INFO - Sync 1 DAGs
[2024-01-14T15:22:20.809+0200] {logging_mixin.py:188} INFO - [2024-01-14T15:22:20.809+0200] {dag.py:3820} INFO - Setting next_dagrun for example_branch_labels to 2024-01-13T00:00:00+00:00, run_after=2024-01-14T00:00:00+00:00
[2024-01-14T15:22:20.831+0200] {processor.py:183} INFO - Processing /home/mahmoud/airflow_env/lib/python3.10/site-packages/airflow/example_dags/example_branch_labels.py took 0.075 seconds
[2024-01-14T15:23:30.383+0200] {processor.py:161} INFO - Started process (PID=20436) to work on /home/mahmoud/airflow_env/lib/python3.10/site-packages/airflow/example_dags/example_branch_labels.py
[2024-01-14T15:23:30.385+0200] {processor.py:830} INFO - Processing file /home/mahmoud/airflow_env/lib/python3.10/site-packages/airflow/example_dags/example_branch_labels.py for tasks to queue
[2024-01-14T15:23:30.386+0200] {logging_mixin.py:188} INFO - [2024-01-14T15:23:30.385+0200] {dagbag.py:538} INFO - Filling up the DagBag from /home/mahmoud/airflow_env/lib/python3.10/site-packages/airflow/example_dags/example_branch_labels.py
[2024-01-14T15:23:30.395+0200] {processor.py:840} INFO - DAG(s) 'example_branch_labels' retrieved from /home/mahmoud/airflow_env/lib/python3.10/site-packages/airflow/example_dags/example_branch_labels.py
[2024-01-14T15:23:30.408+0200] {logging_mixin.py:188} INFO - [2024-01-14T15:23:30.408+0200] {dag.py:3033} INFO - Sync 1 DAGs
[2024-01-14T15:23:30.427+0200] {logging_mixin.py:188} INFO - [2024-01-14T15:23:30.426+0200] {dag.py:3820} INFO - Setting next_dagrun for example_branch_labels to 2024-01-13T00:00:00+00:00, run_after=2024-01-14T00:00:00+00:00
[2024-01-14T15:23:30.528+0200] {processor.py:183} INFO - Processing /home/mahmoud/airflow_env/lib/python3.10/site-packages/airflow/example_dags/example_branch_labels.py took 0.149 seconds
[2024-01-14T15:37:52.449+0200] {processor.py:161} INFO - Started process (PID=24494) to work on /home/mahmoud/airflow_env/lib/python3.10/site-packages/airflow/example_dags/example_branch_labels.py
[2024-01-14T15:37:52.451+0200] {processor.py:830} INFO - Processing file /home/mahmoud/airflow_env/lib/python3.10/site-packages/airflow/example_dags/example_branch_labels.py for tasks to queue
[2024-01-14T15:37:52.452+0200] {logging_mixin.py:188} INFO - [2024-01-14T15:37:52.452+0200] {dagbag.py:538} INFO - Filling up the DagBag from /home/mahmoud/airflow_env/lib/python3.10/site-packages/airflow/example_dags/example_branch_labels.py
[2024-01-14T15:37:52.463+0200] {processor.py:840} INFO - DAG(s) 'example_branch_labels' retrieved from /home/mahmoud/airflow_env/lib/python3.10/site-packages/airflow/example_dags/example_branch_labels.py
[2024-01-14T15:37:52.477+0200] {logging_mixin.py:188} INFO - [2024-01-14T15:37:52.477+0200] {dag.py:3033} INFO - Sync 1 DAGs
[2024-01-14T15:37:52.496+0200] {logging_mixin.py:188} INFO - [2024-01-14T15:37:52.496+0200] {dag.py:3820} INFO - Setting next_dagrun for example_branch_labels to 2024-01-13T00:00:00+00:00, run_after=2024-01-14T00:00:00+00:00
[2024-01-14T15:37:52.598+0200] {processor.py:183} INFO - Processing /home/mahmoud/airflow_env/lib/python3.10/site-packages/airflow/example_dags/example_branch_labels.py took 0.153 seconds
[2024-01-14T15:38:43.790+0200] {processor.py:161} INFO - Started process (PID=24875) to work on /home/mahmoud/airflow_env/lib/python3.10/site-packages/airflow/example_dags/example_branch_labels.py
[2024-01-14T15:38:43.792+0200] {processor.py:830} INFO - Processing file /home/mahmoud/airflow_env/lib/python3.10/site-packages/airflow/example_dags/example_branch_labels.py for tasks to queue
[2024-01-14T15:38:43.793+0200] {logging_mixin.py:188} INFO - [2024-01-14T15:38:43.793+0200] {dagbag.py:538} INFO - Filling up the DagBag from /home/mahmoud/airflow_env/lib/python3.10/site-packages/airflow/example_dags/example_branch_labels.py
[2024-01-14T15:38:43.806+0200] {processor.py:840} INFO - DAG(s) 'example_branch_labels' retrieved from /home/mahmoud/airflow_env/lib/python3.10/site-packages/airflow/example_dags/example_branch_labels.py
[2024-01-14T15:38:43.824+0200] {logging_mixin.py:188} INFO - [2024-01-14T15:38:43.824+0200] {dag.py:3033} INFO - Sync 1 DAGs
[2024-01-14T15:38:43.842+0200] {logging_mixin.py:188} INFO - [2024-01-14T15:38:43.842+0200] {dag.py:3820} INFO - Setting next_dagrun for example_branch_labels to 2024-01-13T00:00:00+00:00, run_after=2024-01-14T00:00:00+00:00
[2024-01-14T15:38:43.862+0200] {processor.py:183} INFO - Processing /home/mahmoud/airflow_env/lib/python3.10/site-packages/airflow/example_dags/example_branch_labels.py took 0.079 seconds
[2024-01-14T15:39:31.752+0200] {processor.py:161} INFO - Started process (PID=25181) to work on /home/mahmoud/airflow_env/lib/python3.10/site-packages/airflow/example_dags/example_branch_labels.py
[2024-01-14T15:39:31.753+0200] {processor.py:830} INFO - Processing file /home/mahmoud/airflow_env/lib/python3.10/site-packages/airflow/example_dags/example_branch_labels.py for tasks to queue
[2024-01-14T15:39:31.754+0200] {logging_mixin.py:188} INFO - [2024-01-14T15:39:31.754+0200] {dagbag.py:538} INFO - Filling up the DagBag from /home/mahmoud/airflow_env/lib/python3.10/site-packages/airflow/example_dags/example_branch_labels.py
[2024-01-14T15:39:31.761+0200] {processor.py:840} INFO - DAG(s) 'example_branch_labels' retrieved from /home/mahmoud/airflow_env/lib/python3.10/site-packages/airflow/example_dags/example_branch_labels.py
[2024-01-14T15:39:31.777+0200] {logging_mixin.py:188} INFO - [2024-01-14T15:39:31.777+0200] {dag.py:3033} INFO - Sync 1 DAGs
[2024-01-14T15:39:31.795+0200] {logging_mixin.py:188} INFO - [2024-01-14T15:39:31.795+0200] {dag.py:3820} INFO - Setting next_dagrun for example_branch_labels to 2024-01-13T00:00:00+00:00, run_after=2024-01-14T00:00:00+00:00
[2024-01-14T15:39:31.816+0200] {processor.py:183} INFO - Processing /home/mahmoud/airflow_env/lib/python3.10/site-packages/airflow/example_dags/example_branch_labels.py took 0.067 seconds
[2024-01-14T15:40:09.195+0200] {processor.py:161} INFO - Started process (PID=25328) to work on /home/mahmoud/airflow_env/lib/python3.10/site-packages/airflow/example_dags/example_branch_labels.py
[2024-01-14T15:40:09.197+0200] {processor.py:830} INFO - Processing file /home/mahmoud/airflow_env/lib/python3.10/site-packages/airflow/example_dags/example_branch_labels.py for tasks to queue
[2024-01-14T15:40:09.198+0200] {logging_mixin.py:188} INFO - [2024-01-14T15:40:09.197+0200] {dagbag.py:538} INFO - Filling up the DagBag from /home/mahmoud/airflow_env/lib/python3.10/site-packages/airflow/example_dags/example_branch_labels.py
[2024-01-14T15:40:09.205+0200] {processor.py:840} INFO - DAG(s) 'example_branch_labels' retrieved from /home/mahmoud/airflow_env/lib/python3.10/site-packages/airflow/example_dags/example_branch_labels.py
[2024-01-14T15:40:09.219+0200] {logging_mixin.py:188} INFO - [2024-01-14T15:40:09.219+0200] {dag.py:3033} INFO - Sync 1 DAGs
[2024-01-14T15:40:09.238+0200] {logging_mixin.py:188} INFO - [2024-01-14T15:40:09.238+0200] {dag.py:3820} INFO - Setting next_dagrun for example_branch_labels to 2024-01-13T00:00:00+00:00, run_after=2024-01-14T00:00:00+00:00
[2024-01-14T15:40:09.260+0200] {processor.py:183} INFO - Processing /home/mahmoud/airflow_env/lib/python3.10/site-packages/airflow/example_dags/example_branch_labels.py took 0.068 seconds
[2024-01-14T15:40:46.163+0200] {processor.py:161} INFO - Started process (PID=25473) to work on /home/mahmoud/airflow_env/lib/python3.10/site-packages/airflow/example_dags/example_branch_labels.py
[2024-01-14T15:40:46.165+0200] {processor.py:830} INFO - Processing file /home/mahmoud/airflow_env/lib/python3.10/site-packages/airflow/example_dags/example_branch_labels.py for tasks to queue
[2024-01-14T15:40:46.167+0200] {logging_mixin.py:188} INFO - [2024-01-14T15:40:46.166+0200] {dagbag.py:538} INFO - Filling up the DagBag from /home/mahmoud/airflow_env/lib/python3.10/site-packages/airflow/example_dags/example_branch_labels.py
[2024-01-14T15:40:46.174+0200] {processor.py:840} INFO - DAG(s) 'example_branch_labels' retrieved from /home/mahmoud/airflow_env/lib/python3.10/site-packages/airflow/example_dags/example_branch_labels.py
[2024-01-14T15:40:46.198+0200] {logging_mixin.py:188} INFO - [2024-01-14T15:40:46.190+0200] {dag.py:3033} INFO - Sync 1 DAGs
[2024-01-14T15:40:46.216+0200] {logging_mixin.py:188} INFO - [2024-01-14T15:40:46.216+0200] {dag.py:3820} INFO - Setting next_dagrun for example_branch_labels to 2024-01-13T00:00:00+00:00, run_after=2024-01-14T00:00:00+00:00
[2024-01-14T15:40:46.235+0200] {processor.py:183} INFO - Processing /home/mahmoud/airflow_env/lib/python3.10/site-packages/airflow/example_dags/example_branch_labels.py took 0.074 seconds
[2024-01-14T15:41:36.677+0200] {processor.py:161} INFO - Started process (PID=25739) to work on /home/mahmoud/airflow_env/lib/python3.10/site-packages/airflow/example_dags/example_branch_labels.py
[2024-01-14T15:41:36.678+0200] {processor.py:830} INFO - Processing file /home/mahmoud/airflow_env/lib/python3.10/site-packages/airflow/example_dags/example_branch_labels.py for tasks to queue
[2024-01-14T15:41:36.679+0200] {logging_mixin.py:188} INFO - [2024-01-14T15:41:36.678+0200] {dagbag.py:538} INFO - Filling up the DagBag from /home/mahmoud/airflow_env/lib/python3.10/site-packages/airflow/example_dags/example_branch_labels.py
[2024-01-14T15:41:36.684+0200] {processor.py:840} INFO - DAG(s) 'example_branch_labels' retrieved from /home/mahmoud/airflow_env/lib/python3.10/site-packages/airflow/example_dags/example_branch_labels.py
[2024-01-14T15:41:36.700+0200] {logging_mixin.py:188} INFO - [2024-01-14T15:41:36.700+0200] {dag.py:3033} INFO - Sync 1 DAGs
[2024-01-14T15:41:36.720+0200] {logging_mixin.py:188} INFO - [2024-01-14T15:41:36.720+0200] {dag.py:3820} INFO - Setting next_dagrun for example_branch_labels to 2024-01-13T00:00:00+00:00, run_after=2024-01-14T00:00:00+00:00
[2024-01-14T15:41:36.744+0200] {processor.py:183} INFO - Processing /home/mahmoud/airflow_env/lib/python3.10/site-packages/airflow/example_dags/example_branch_labels.py took 0.069 seconds
[2024-01-14T15:42:13.984+0200] {processor.py:161} INFO - Started process (PID=25886) to work on /home/mahmoud/airflow_env/lib/python3.10/site-packages/airflow/example_dags/example_branch_labels.py
[2024-01-14T15:42:13.985+0200] {processor.py:830} INFO - Processing file /home/mahmoud/airflow_env/lib/python3.10/site-packages/airflow/example_dags/example_branch_labels.py for tasks to queue
[2024-01-14T15:42:13.986+0200] {logging_mixin.py:188} INFO - [2024-01-14T15:42:13.986+0200] {dagbag.py:538} INFO - Filling up the DagBag from /home/mahmoud/airflow_env/lib/python3.10/site-packages/airflow/example_dags/example_branch_labels.py
[2024-01-14T15:42:13.994+0200] {processor.py:840} INFO - DAG(s) 'example_branch_labels' retrieved from /home/mahmoud/airflow_env/lib/python3.10/site-packages/airflow/example_dags/example_branch_labels.py
[2024-01-14T15:42:14.009+0200] {logging_mixin.py:188} INFO - [2024-01-14T15:42:14.009+0200] {dag.py:3033} INFO - Sync 1 DAGs
[2024-01-14T15:42:14.028+0200] {logging_mixin.py:188} INFO - [2024-01-14T15:42:14.028+0200] {dag.py:3820} INFO - Setting next_dagrun for example_branch_labels to 2024-01-13T00:00:00+00:00, run_after=2024-01-14T00:00:00+00:00
[2024-01-14T15:42:14.051+0200] {processor.py:183} INFO - Processing /home/mahmoud/airflow_env/lib/python3.10/site-packages/airflow/example_dags/example_branch_labels.py took 0.070 seconds
[2024-01-14T15:43:12.672+0200] {processor.py:161} INFO - Started process (PID=26643) to work on /home/mahmoud/airflow_env/lib/python3.10/site-packages/airflow/example_dags/example_branch_labels.py
[2024-01-14T15:43:12.675+0200] {processor.py:830} INFO - Processing file /home/mahmoud/airflow_env/lib/python3.10/site-packages/airflow/example_dags/example_branch_labels.py for tasks to queue
[2024-01-14T15:43:12.676+0200] {logging_mixin.py:188} INFO - [2024-01-14T15:43:12.675+0200] {dagbag.py:538} INFO - Filling up the DagBag from /home/mahmoud/airflow_env/lib/python3.10/site-packages/airflow/example_dags/example_branch_labels.py
[2024-01-14T15:43:12.685+0200] {processor.py:840} INFO - DAG(s) 'example_branch_labels' retrieved from /home/mahmoud/airflow_env/lib/python3.10/site-packages/airflow/example_dags/example_branch_labels.py
[2024-01-14T15:43:12.700+0200] {logging_mixin.py:188} INFO - [2024-01-14T15:43:12.700+0200] {dag.py:3033} INFO - Sync 1 DAGs
[2024-01-14T15:43:12.718+0200] {logging_mixin.py:188} INFO - [2024-01-14T15:43:12.718+0200] {dag.py:3820} INFO - Setting next_dagrun for example_branch_labels to 2024-01-13T00:00:00+00:00, run_after=2024-01-14T00:00:00+00:00
[2024-01-14T15:43:12.740+0200] {processor.py:183} INFO - Processing /home/mahmoud/airflow_env/lib/python3.10/site-packages/airflow/example_dags/example_branch_labels.py took 0.074 seconds
[2024-01-14T15:44:01.263+0200] {processor.py:161} INFO - Started process (PID=26930) to work on /home/mahmoud/airflow_env/lib/python3.10/site-packages/airflow/example_dags/example_branch_labels.py
[2024-01-14T15:44:01.265+0200] {processor.py:830} INFO - Processing file /home/mahmoud/airflow_env/lib/python3.10/site-packages/airflow/example_dags/example_branch_labels.py for tasks to queue
[2024-01-14T15:44:01.267+0200] {logging_mixin.py:188} INFO - [2024-01-14T15:44:01.266+0200] {dagbag.py:538} INFO - Filling up the DagBag from /home/mahmoud/airflow_env/lib/python3.10/site-packages/airflow/example_dags/example_branch_labels.py
[2024-01-14T15:44:01.279+0200] {processor.py:840} INFO - DAG(s) 'example_branch_labels' retrieved from /home/mahmoud/airflow_env/lib/python3.10/site-packages/airflow/example_dags/example_branch_labels.py
[2024-01-14T15:44:01.296+0200] {logging_mixin.py:188} INFO - [2024-01-14T15:44:01.296+0200] {dag.py:3033} INFO - Sync 1 DAGs
[2024-01-14T15:44:01.314+0200] {logging_mixin.py:188} INFO - [2024-01-14T15:44:01.314+0200] {dag.py:3820} INFO - Setting next_dagrun for example_branch_labels to 2024-01-13T00:00:00+00:00, run_after=2024-01-14T00:00:00+00:00
[2024-01-14T15:44:01.336+0200] {processor.py:183} INFO - Processing /home/mahmoud/airflow_env/lib/python3.10/site-packages/airflow/example_dags/example_branch_labels.py took 0.080 seconds
[2024-01-14T15:44:49.031+0200] {processor.py:161} INFO - Started process (PID=27576) to work on /home/mahmoud/airflow_env/lib/python3.10/site-packages/airflow/example_dags/example_branch_labels.py
[2024-01-14T15:44:49.032+0200] {processor.py:830} INFO - Processing file /home/mahmoud/airflow_env/lib/python3.10/site-packages/airflow/example_dags/example_branch_labels.py for tasks to queue
[2024-01-14T15:44:49.033+0200] {logging_mixin.py:188} INFO - [2024-01-14T15:44:49.033+0200] {dagbag.py:538} INFO - Filling up the DagBag from /home/mahmoud/airflow_env/lib/python3.10/site-packages/airflow/example_dags/example_branch_labels.py
[2024-01-14T15:44:49.042+0200] {processor.py:840} INFO - DAG(s) 'example_branch_labels' retrieved from /home/mahmoud/airflow_env/lib/python3.10/site-packages/airflow/example_dags/example_branch_labels.py
[2024-01-14T15:44:49.058+0200] {logging_mixin.py:188} INFO - [2024-01-14T15:44:49.058+0200] {dag.py:3033} INFO - Sync 1 DAGs
[2024-01-14T15:44:49.077+0200] {logging_mixin.py:188} INFO - [2024-01-14T15:44:49.077+0200] {dag.py:3820} INFO - Setting next_dagrun for example_branch_labels to 2024-01-13T00:00:00+00:00, run_after=2024-01-14T00:00:00+00:00
[2024-01-14T15:44:49.101+0200] {processor.py:183} INFO - Processing /home/mahmoud/airflow_env/lib/python3.10/site-packages/airflow/example_dags/example_branch_labels.py took 0.073 seconds
[2024-01-14T15:45:32.615+0200] {processor.py:161} INFO - Started process (PID=27809) to work on /home/mahmoud/airflow_env/lib/python3.10/site-packages/airflow/example_dags/example_branch_labels.py
[2024-01-14T15:45:32.617+0200] {processor.py:830} INFO - Processing file /home/mahmoud/airflow_env/lib/python3.10/site-packages/airflow/example_dags/example_branch_labels.py for tasks to queue
[2024-01-14T15:45:32.618+0200] {logging_mixin.py:188} INFO - [2024-01-14T15:45:32.617+0200] {dagbag.py:538} INFO - Filling up the DagBag from /home/mahmoud/airflow_env/lib/python3.10/site-packages/airflow/example_dags/example_branch_labels.py
[2024-01-14T15:45:32.625+0200] {processor.py:840} INFO - DAG(s) 'example_branch_labels' retrieved from /home/mahmoud/airflow_env/lib/python3.10/site-packages/airflow/example_dags/example_branch_labels.py
[2024-01-14T15:45:32.638+0200] {logging_mixin.py:188} INFO - [2024-01-14T15:45:32.638+0200] {dag.py:3033} INFO - Sync 1 DAGs
[2024-01-14T15:45:32.654+0200] {logging_mixin.py:188} INFO - [2024-01-14T15:45:32.654+0200] {dag.py:3820} INFO - Setting next_dagrun for example_branch_labels to 2024-01-13T00:00:00+00:00, run_after=2024-01-14T00:00:00+00:00
[2024-01-14T15:45:32.696+0200] {processor.py:183} INFO - Processing /home/mahmoud/airflow_env/lib/python3.10/site-packages/airflow/example_dags/example_branch_labels.py took 0.083 seconds
[2024-01-14T15:46:24.553+0200] {processor.py:161} INFO - Started process (PID=28019) to work on /home/mahmoud/airflow_env/lib/python3.10/site-packages/airflow/example_dags/example_branch_labels.py
[2024-01-14T15:46:24.564+0200] {processor.py:830} INFO - Processing file /home/mahmoud/airflow_env/lib/python3.10/site-packages/airflow/example_dags/example_branch_labels.py for tasks to queue
[2024-01-14T15:46:24.564+0200] {logging_mixin.py:188} INFO - [2024-01-14T15:46:24.564+0200] {dagbag.py:538} INFO - Filling up the DagBag from /home/mahmoud/airflow_env/lib/python3.10/site-packages/airflow/example_dags/example_branch_labels.py
[2024-01-14T15:46:24.570+0200] {processor.py:840} INFO - DAG(s) 'example_branch_labels' retrieved from /home/mahmoud/airflow_env/lib/python3.10/site-packages/airflow/example_dags/example_branch_labels.py
[2024-01-14T15:46:24.585+0200] {logging_mixin.py:188} INFO - [2024-01-14T15:46:24.585+0200] {dag.py:3033} INFO - Sync 1 DAGs
[2024-01-14T15:46:24.602+0200] {logging_mixin.py:188} INFO - [2024-01-14T15:46:24.602+0200] {dag.py:3820} INFO - Setting next_dagrun for example_branch_labels to 2024-01-13T00:00:00+00:00, run_after=2024-01-14T00:00:00+00:00
[2024-01-14T15:46:24.621+0200] {processor.py:183} INFO - Processing /home/mahmoud/airflow_env/lib/python3.10/site-packages/airflow/example_dags/example_branch_labels.py took 0.072 seconds
[2024-01-14T15:47:01.639+0200] {processor.py:161} INFO - Started process (PID=28169) to work on /home/mahmoud/airflow_env/lib/python3.10/site-packages/airflow/example_dags/example_branch_labels.py
[2024-01-14T15:47:01.641+0200] {processor.py:830} INFO - Processing file /home/mahmoud/airflow_env/lib/python3.10/site-packages/airflow/example_dags/example_branch_labels.py for tasks to queue
[2024-01-14T15:47:01.643+0200] {logging_mixin.py:188} INFO - [2024-01-14T15:47:01.642+0200] {dagbag.py:538} INFO - Filling up the DagBag from /home/mahmoud/airflow_env/lib/python3.10/site-packages/airflow/example_dags/example_branch_labels.py
[2024-01-14T15:47:01.656+0200] {processor.py:840} INFO - DAG(s) 'example_branch_labels' retrieved from /home/mahmoud/airflow_env/lib/python3.10/site-packages/airflow/example_dags/example_branch_labels.py
[2024-01-14T15:47:01.674+0200] {logging_mixin.py:188} INFO - [2024-01-14T15:47:01.674+0200] {dag.py:3033} INFO - Sync 1 DAGs
[2024-01-14T15:47:01.699+0200] {logging_mixin.py:188} INFO - [2024-01-14T15:47:01.699+0200] {dag.py:3820} INFO - Setting next_dagrun for example_branch_labels to 2024-01-13T00:00:00+00:00, run_after=2024-01-14T00:00:00+00:00
[2024-01-14T15:47:01.730+0200] {processor.py:183} INFO - Processing /home/mahmoud/airflow_env/lib/python3.10/site-packages/airflow/example_dags/example_branch_labels.py took 0.096 seconds
[2024-01-14T15:47:37.433+0200] {processor.py:161} INFO - Started process (PID=28370) to work on /home/mahmoud/airflow_env/lib/python3.10/site-packages/airflow/example_dags/example_branch_labels.py
[2024-01-14T15:47:37.436+0200] {processor.py:830} INFO - Processing file /home/mahmoud/airflow_env/lib/python3.10/site-packages/airflow/example_dags/example_branch_labels.py for tasks to queue
[2024-01-14T15:47:37.436+0200] {logging_mixin.py:188} INFO - [2024-01-14T15:47:37.436+0200] {dagbag.py:538} INFO - Filling up the DagBag from /home/mahmoud/airflow_env/lib/python3.10/site-packages/airflow/example_dags/example_branch_labels.py
[2024-01-14T15:47:37.445+0200] {processor.py:840} INFO - DAG(s) 'example_branch_labels' retrieved from /home/mahmoud/airflow_env/lib/python3.10/site-packages/airflow/example_dags/example_branch_labels.py
[2024-01-14T15:47:37.460+0200] {logging_mixin.py:188} INFO - [2024-01-14T15:47:37.460+0200] {dag.py:3033} INFO - Sync 1 DAGs
[2024-01-14T15:47:37.478+0200] {logging_mixin.py:188} INFO - [2024-01-14T15:47:37.478+0200] {dag.py:3820} INFO - Setting next_dagrun for example_branch_labels to 2024-01-13T00:00:00+00:00, run_after=2024-01-14T00:00:00+00:00
[2024-01-14T15:47:37.502+0200] {processor.py:183} INFO - Processing /home/mahmoud/airflow_env/lib/python3.10/site-packages/airflow/example_dags/example_branch_labels.py took 0.072 seconds
[2024-01-14T15:48:29.859+0200] {processor.py:161} INFO - Started process (PID=28601) to work on /home/mahmoud/airflow_env/lib/python3.10/site-packages/airflow/example_dags/example_branch_labels.py
[2024-01-14T15:48:29.861+0200] {processor.py:830} INFO - Processing file /home/mahmoud/airflow_env/lib/python3.10/site-packages/airflow/example_dags/example_branch_labels.py for tasks to queue
[2024-01-14T15:48:29.863+0200] {logging_mixin.py:188} INFO - [2024-01-14T15:48:29.862+0200] {dagbag.py:538} INFO - Filling up the DagBag from /home/mahmoud/airflow_env/lib/python3.10/site-packages/airflow/example_dags/example_branch_labels.py
[2024-01-14T15:48:29.881+0200] {processor.py:840} INFO - DAG(s) 'example_branch_labels' retrieved from /home/mahmoud/airflow_env/lib/python3.10/site-packages/airflow/example_dags/example_branch_labels.py
[2024-01-14T15:48:29.905+0200] {logging_mixin.py:188} INFO - [2024-01-14T15:48:29.904+0200] {dag.py:3033} INFO - Sync 1 DAGs
[2024-01-14T15:48:29.925+0200] {logging_mixin.py:188} INFO - [2024-01-14T15:48:29.925+0200] {dag.py:3820} INFO - Setting next_dagrun for example_branch_labels to 2024-01-13T00:00:00+00:00, run_after=2024-01-14T00:00:00+00:00
[2024-01-14T15:48:29.946+0200] {processor.py:183} INFO - Processing /home/mahmoud/airflow_env/lib/python3.10/site-packages/airflow/example_dags/example_branch_labels.py took 0.093 seconds
[2024-01-14T15:49:05.003+0200] {processor.py:161} INFO - Started process (PID=28743) to work on /home/mahmoud/airflow_env/lib/python3.10/site-packages/airflow/example_dags/example_branch_labels.py
[2024-01-14T15:49:05.005+0200] {processor.py:830} INFO - Processing file /home/mahmoud/airflow_env/lib/python3.10/site-packages/airflow/example_dags/example_branch_labels.py for tasks to queue
[2024-01-14T15:49:05.006+0200] {logging_mixin.py:188} INFO - [2024-01-14T15:49:05.006+0200] {dagbag.py:538} INFO - Filling up the DagBag from /home/mahmoud/airflow_env/lib/python3.10/site-packages/airflow/example_dags/example_branch_labels.py
[2024-01-14T15:49:05.012+0200] {processor.py:840} INFO - DAG(s) 'example_branch_labels' retrieved from /home/mahmoud/airflow_env/lib/python3.10/site-packages/airflow/example_dags/example_branch_labels.py
[2024-01-14T15:49:05.025+0200] {logging_mixin.py:188} INFO - [2024-01-14T15:49:05.025+0200] {dag.py:3033} INFO - Sync 1 DAGs
[2024-01-14T15:49:05.041+0200] {logging_mixin.py:188} INFO - [2024-01-14T15:49:05.041+0200] {dag.py:3820} INFO - Setting next_dagrun for example_branch_labels to 2024-01-13T00:00:00+00:00, run_after=2024-01-14T00:00:00+00:00
[2024-01-14T15:49:05.063+0200] {processor.py:183} INFO - Processing /home/mahmoud/airflow_env/lib/python3.10/site-packages/airflow/example_dags/example_branch_labels.py took 0.065 seconds
[2024-01-14T15:49:41.795+0200] {processor.py:161} INFO - Started process (PID=28885) to work on /home/mahmoud/airflow_env/lib/python3.10/site-packages/airflow/example_dags/example_branch_labels.py
[2024-01-14T15:49:41.797+0200] {processor.py:830} INFO - Processing file /home/mahmoud/airflow_env/lib/python3.10/site-packages/airflow/example_dags/example_branch_labels.py for tasks to queue
[2024-01-14T15:49:41.798+0200] {logging_mixin.py:188} INFO - [2024-01-14T15:49:41.797+0200] {dagbag.py:538} INFO - Filling up the DagBag from /home/mahmoud/airflow_env/lib/python3.10/site-packages/airflow/example_dags/example_branch_labels.py
[2024-01-14T15:49:41.806+0200] {processor.py:840} INFO - DAG(s) 'example_branch_labels' retrieved from /home/mahmoud/airflow_env/lib/python3.10/site-packages/airflow/example_dags/example_branch_labels.py
[2024-01-14T15:49:41.821+0200] {logging_mixin.py:188} INFO - [2024-01-14T15:49:41.821+0200] {dag.py:3033} INFO - Sync 1 DAGs
[2024-01-14T15:49:41.839+0200] {logging_mixin.py:188} INFO - [2024-01-14T15:49:41.839+0200] {dag.py:3820} INFO - Setting next_dagrun for example_branch_labels to 2024-01-13T00:00:00+00:00, run_after=2024-01-14T00:00:00+00:00
[2024-01-14T15:49:41.862+0200] {processor.py:183} INFO - Processing /home/mahmoud/airflow_env/lib/python3.10/site-packages/airflow/example_dags/example_branch_labels.py took 0.071 seconds
[2024-01-14T15:50:31.863+0200] {processor.py:161} INFO - Started process (PID=29088) to work on /home/mahmoud/airflow_env/lib/python3.10/site-packages/airflow/example_dags/example_branch_labels.py
[2024-01-14T15:50:31.865+0200] {processor.py:830} INFO - Processing file /home/mahmoud/airflow_env/lib/python3.10/site-packages/airflow/example_dags/example_branch_labels.py for tasks to queue
[2024-01-14T15:50:31.866+0200] {logging_mixin.py:188} INFO - [2024-01-14T15:50:31.866+0200] {dagbag.py:538} INFO - Filling up the DagBag from /home/mahmoud/airflow_env/lib/python3.10/site-packages/airflow/example_dags/example_branch_labels.py
[2024-01-14T15:50:31.874+0200] {processor.py:840} INFO - DAG(s) 'example_branch_labels' retrieved from /home/mahmoud/airflow_env/lib/python3.10/site-packages/airflow/example_dags/example_branch_labels.py
[2024-01-14T15:50:31.889+0200] {logging_mixin.py:188} INFO - [2024-01-14T15:50:31.889+0200] {dag.py:3033} INFO - Sync 1 DAGs
[2024-01-14T15:50:31.907+0200] {logging_mixin.py:188} INFO - [2024-01-14T15:50:31.907+0200] {dag.py:3820} INFO - Setting next_dagrun for example_branch_labels to 2024-01-13T00:00:00+00:00, run_after=2024-01-14T00:00:00+00:00
[2024-01-14T15:50:31.931+0200] {processor.py:183} INFO - Processing /home/mahmoud/airflow_env/lib/python3.10/site-packages/airflow/example_dags/example_branch_labels.py took 0.071 seconds
[2024-01-14T15:51:06.090+0200] {processor.py:161} INFO - Started process (PID=29220) to work on /home/mahmoud/airflow_env/lib/python3.10/site-packages/airflow/example_dags/example_branch_labels.py
[2024-01-14T15:51:06.092+0200] {processor.py:830} INFO - Processing file /home/mahmoud/airflow_env/lib/python3.10/site-packages/airflow/example_dags/example_branch_labels.py for tasks to queue
[2024-01-14T15:51:06.093+0200] {logging_mixin.py:188} INFO - [2024-01-14T15:51:06.093+0200] {dagbag.py:538} INFO - Filling up the DagBag from /home/mahmoud/airflow_env/lib/python3.10/site-packages/airflow/example_dags/example_branch_labels.py
[2024-01-14T15:51:06.103+0200] {processor.py:840} INFO - DAG(s) 'example_branch_labels' retrieved from /home/mahmoud/airflow_env/lib/python3.10/site-packages/airflow/example_dags/example_branch_labels.py
[2024-01-14T15:51:06.118+0200] {logging_mixin.py:188} INFO - [2024-01-14T15:51:06.117+0200] {dag.py:3033} INFO - Sync 1 DAGs
[2024-01-14T15:51:06.136+0200] {logging_mixin.py:188} INFO - [2024-01-14T15:51:06.135+0200] {dag.py:3820} INFO - Setting next_dagrun for example_branch_labels to 2024-01-13T00:00:00+00:00, run_after=2024-01-14T00:00:00+00:00
[2024-01-14T15:51:06.155+0200] {processor.py:183} INFO - Processing /home/mahmoud/airflow_env/lib/python3.10/site-packages/airflow/example_dags/example_branch_labels.py took 0.068 seconds
[2024-01-14T15:51:44.156+0200] {processor.py:161} INFO - Started process (PID=29372) to work on /home/mahmoud/airflow_env/lib/python3.10/site-packages/airflow/example_dags/example_branch_labels.py
[2024-01-14T15:51:44.158+0200] {processor.py:830} INFO - Processing file /home/mahmoud/airflow_env/lib/python3.10/site-packages/airflow/example_dags/example_branch_labels.py for tasks to queue
[2024-01-14T15:51:44.159+0200] {logging_mixin.py:188} INFO - [2024-01-14T15:51:44.159+0200] {dagbag.py:538} INFO - Filling up the DagBag from /home/mahmoud/airflow_env/lib/python3.10/site-packages/airflow/example_dags/example_branch_labels.py
[2024-01-14T15:51:44.166+0200] {processor.py:840} INFO - DAG(s) 'example_branch_labels' retrieved from /home/mahmoud/airflow_env/lib/python3.10/site-packages/airflow/example_dags/example_branch_labels.py
[2024-01-14T15:51:44.181+0200] {logging_mixin.py:188} INFO - [2024-01-14T15:51:44.181+0200] {dag.py:3033} INFO - Sync 1 DAGs
[2024-01-14T15:51:44.199+0200] {logging_mixin.py:188} INFO - [2024-01-14T15:51:44.199+0200] {dag.py:3820} INFO - Setting next_dagrun for example_branch_labels to 2024-01-13T00:00:00+00:00, run_after=2024-01-14T00:00:00+00:00
[2024-01-14T15:51:44.219+0200] {processor.py:183} INFO - Processing /home/mahmoud/airflow_env/lib/python3.10/site-packages/airflow/example_dags/example_branch_labels.py took 0.065 seconds
[2024-01-14T15:52:34.555+0200] {processor.py:161} INFO - Started process (PID=29569) to work on /home/mahmoud/airflow_env/lib/python3.10/site-packages/airflow/example_dags/example_branch_labels.py
[2024-01-14T15:52:34.557+0200] {processor.py:830} INFO - Processing file /home/mahmoud/airflow_env/lib/python3.10/site-packages/airflow/example_dags/example_branch_labels.py for tasks to queue
[2024-01-14T15:52:34.558+0200] {logging_mixin.py:188} INFO - [2024-01-14T15:52:34.557+0200] {dagbag.py:538} INFO - Filling up the DagBag from /home/mahmoud/airflow_env/lib/python3.10/site-packages/airflow/example_dags/example_branch_labels.py
[2024-01-14T15:52:34.565+0200] {processor.py:840} INFO - DAG(s) 'example_branch_labels' retrieved from /home/mahmoud/airflow_env/lib/python3.10/site-packages/airflow/example_dags/example_branch_labels.py
[2024-01-14T15:52:34.580+0200] {logging_mixin.py:188} INFO - [2024-01-14T15:52:34.580+0200] {dag.py:3033} INFO - Sync 1 DAGs
[2024-01-14T15:52:34.599+0200] {logging_mixin.py:188} INFO - [2024-01-14T15:52:34.599+0200] {dag.py:3820} INFO - Setting next_dagrun for example_branch_labels to 2024-01-13T00:00:00+00:00, run_after=2024-01-14T00:00:00+00:00
[2024-01-14T15:52:34.620+0200] {processor.py:183} INFO - Processing /home/mahmoud/airflow_env/lib/python3.10/site-packages/airflow/example_dags/example_branch_labels.py took 0.067 seconds
[2024-01-14T15:53:24.856+0200] {processor.py:161} INFO - Started process (PID=29802) to work on /home/mahmoud/airflow_env/lib/python3.10/site-packages/airflow/example_dags/example_branch_labels.py
[2024-01-14T15:53:24.858+0200] {processor.py:830} INFO - Processing file /home/mahmoud/airflow_env/lib/python3.10/site-packages/airflow/example_dags/example_branch_labels.py for tasks to queue
[2024-01-14T15:53:24.858+0200] {logging_mixin.py:188} INFO - [2024-01-14T15:53:24.858+0200] {dagbag.py:538} INFO - Filling up the DagBag from /home/mahmoud/airflow_env/lib/python3.10/site-packages/airflow/example_dags/example_branch_labels.py
[2024-01-14T15:53:24.866+0200] {processor.py:840} INFO - DAG(s) 'example_branch_labels' retrieved from /home/mahmoud/airflow_env/lib/python3.10/site-packages/airflow/example_dags/example_branch_labels.py
[2024-01-14T15:53:24.881+0200] {logging_mixin.py:188} INFO - [2024-01-14T15:53:24.881+0200] {dag.py:3033} INFO - Sync 1 DAGs
[2024-01-14T15:53:24.899+0200] {logging_mixin.py:188} INFO - [2024-01-14T15:53:24.899+0200] {dag.py:3820} INFO - Setting next_dagrun for example_branch_labels to 2024-01-13T00:00:00+00:00, run_after=2024-01-14T00:00:00+00:00
[2024-01-14T15:53:24.919+0200] {processor.py:183} INFO - Processing /home/mahmoud/airflow_env/lib/python3.10/site-packages/airflow/example_dags/example_branch_labels.py took 0.066 seconds
[2024-01-14T15:54:09.747+0200] {processor.py:161} INFO - Started process (PID=29960) to work on /home/mahmoud/airflow_env/lib/python3.10/site-packages/airflow/example_dags/example_branch_labels.py
[2024-01-14T15:54:09.756+0200] {processor.py:830} INFO - Processing file /home/mahmoud/airflow_env/lib/python3.10/site-packages/airflow/example_dags/example_branch_labels.py for tasks to queue
[2024-01-14T15:54:09.764+0200] {logging_mixin.py:188} INFO - [2024-01-14T15:54:09.760+0200] {dagbag.py:538} INFO - Filling up the DagBag from /home/mahmoud/airflow_env/lib/python3.10/site-packages/airflow/example_dags/example_branch_labels.py
[2024-01-14T15:54:09.839+0200] {processor.py:840} INFO - DAG(s) 'example_branch_labels' retrieved from /home/mahmoud/airflow_env/lib/python3.10/site-packages/airflow/example_dags/example_branch_labels.py
[2024-01-14T15:54:09.984+0200] {logging_mixin.py:188} INFO - [2024-01-14T15:54:09.982+0200] {dag.py:3033} INFO - Sync 1 DAGs
[2024-01-14T15:54:10.185+0200] {logging_mixin.py:188} INFO - [2024-01-14T15:54:10.183+0200] {dag.py:3820} INFO - Setting next_dagrun for example_branch_labels to 2024-01-13T00:00:00+00:00, run_after=2024-01-14T00:00:00+00:00
[2024-01-14T15:54:10.364+0200] {processor.py:183} INFO - Processing /home/mahmoud/airflow_env/lib/python3.10/site-packages/airflow/example_dags/example_branch_labels.py took 0.642 seconds
[2024-01-14T15:55:21.673+0200] {processor.py:161} INFO - Started process (PID=30207) to work on /home/mahmoud/airflow_env/lib/python3.10/site-packages/airflow/example_dags/example_branch_labels.py
[2024-01-14T15:55:21.677+0200] {processor.py:830} INFO - Processing file /home/mahmoud/airflow_env/lib/python3.10/site-packages/airflow/example_dags/example_branch_labels.py for tasks to queue
[2024-01-14T15:55:21.681+0200] {logging_mixin.py:188} INFO - [2024-01-14T15:55:21.680+0200] {dagbag.py:538} INFO - Filling up the DagBag from /home/mahmoud/airflow_env/lib/python3.10/site-packages/airflow/example_dags/example_branch_labels.py
[2024-01-14T15:55:21.710+0200] {processor.py:840} INFO - DAG(s) 'example_branch_labels' retrieved from /home/mahmoud/airflow_env/lib/python3.10/site-packages/airflow/example_dags/example_branch_labels.py
[2024-01-14T15:55:21.771+0200] {logging_mixin.py:188} INFO - [2024-01-14T15:55:21.770+0200] {dag.py:3033} INFO - Sync 1 DAGs
[2024-01-14T15:55:21.850+0200] {logging_mixin.py:188} INFO - [2024-01-14T15:55:21.849+0200] {dag.py:3820} INFO - Setting next_dagrun for example_branch_labels to 2024-01-13T00:00:00+00:00, run_after=2024-01-14T00:00:00+00:00
[2024-01-14T15:55:21.933+0200] {processor.py:183} INFO - Processing /home/mahmoud/airflow_env/lib/python3.10/site-packages/airflow/example_dags/example_branch_labels.py took 0.273 seconds
[2024-01-14T15:56:22.971+0200] {processor.py:161} INFO - Started process (PID=30425) to work on /home/mahmoud/airflow_env/lib/python3.10/site-packages/airflow/example_dags/example_branch_labels.py
[2024-01-14T15:56:22.974+0200] {processor.py:830} INFO - Processing file /home/mahmoud/airflow_env/lib/python3.10/site-packages/airflow/example_dags/example_branch_labels.py for tasks to queue
[2024-01-14T15:56:22.977+0200] {logging_mixin.py:188} INFO - [2024-01-14T15:56:22.976+0200] {dagbag.py:538} INFO - Filling up the DagBag from /home/mahmoud/airflow_env/lib/python3.10/site-packages/airflow/example_dags/example_branch_labels.py
[2024-01-14T15:56:23.000+0200] {processor.py:840} INFO - DAG(s) 'example_branch_labels' retrieved from /home/mahmoud/airflow_env/lib/python3.10/site-packages/airflow/example_dags/example_branch_labels.py
[2024-01-14T15:56:23.050+0200] {logging_mixin.py:188} INFO - [2024-01-14T15:56:23.049+0200] {dag.py:3033} INFO - Sync 1 DAGs
[2024-01-14T15:56:23.114+0200] {logging_mixin.py:188} INFO - [2024-01-14T15:56:23.113+0200] {dag.py:3820} INFO - Setting next_dagrun for example_branch_labels to 2024-01-13T00:00:00+00:00, run_after=2024-01-14T00:00:00+00:00
[2024-01-14T15:56:23.174+0200] {processor.py:183} INFO - Processing /home/mahmoud/airflow_env/lib/python3.10/site-packages/airflow/example_dags/example_branch_labels.py took 0.211 seconds
[2024-01-14T15:57:20.635+0200] {processor.py:161} INFO - Started process (PID=30630) to work on /home/mahmoud/airflow_env/lib/python3.10/site-packages/airflow/example_dags/example_branch_labels.py
[2024-01-14T15:57:20.638+0200] {processor.py:830} INFO - Processing file /home/mahmoud/airflow_env/lib/python3.10/site-packages/airflow/example_dags/example_branch_labels.py for tasks to queue
[2024-01-14T15:57:20.640+0200] {logging_mixin.py:188} INFO - [2024-01-14T15:57:20.640+0200] {dagbag.py:538} INFO - Filling up the DagBag from /home/mahmoud/airflow_env/lib/python3.10/site-packages/airflow/example_dags/example_branch_labels.py
[2024-01-14T15:57:20.662+0200] {processor.py:840} INFO - DAG(s) 'example_branch_labels' retrieved from /home/mahmoud/airflow_env/lib/python3.10/site-packages/airflow/example_dags/example_branch_labels.py
[2024-01-14T15:57:20.706+0200] {logging_mixin.py:188} INFO - [2024-01-14T15:57:20.705+0200] {dag.py:3033} INFO - Sync 1 DAGs
[2024-01-14T15:57:20.761+0200] {logging_mixin.py:188} INFO - [2024-01-14T15:57:20.761+0200] {dag.py:3820} INFO - Setting next_dagrun for example_branch_labels to 2024-01-13T00:00:00+00:00, run_after=2024-01-14T00:00:00+00:00
[2024-01-14T15:57:20.813+0200] {processor.py:183} INFO - Processing /home/mahmoud/airflow_env/lib/python3.10/site-packages/airflow/example_dags/example_branch_labels.py took 0.186 seconds
