[2024-01-14T15:08:25.143+0200] {processor.py:161} INFO - Started process (PID=16137) to work on /home/mahmoud/airflow_env/lib/python3.10/site-packages/airflow/example_dags/example_latest_only.py
[2024-01-14T15:08:25.144+0200] {processor.py:830} INFO - Processing file /home/mahmoud/airflow_env/lib/python3.10/site-packages/airflow/example_dags/example_latest_only.py for tasks to queue
[2024-01-14T15:08:25.144+0200] {logging_mixin.py:188} INFO - [2024-01-14T15:08:25.144+0200] {dagbag.py:538} INFO - Filling up the DagBag from /home/mahmoud/airflow_env/lib/python3.10/site-packages/airflow/example_dags/example_latest_only.py
[2024-01-14T15:08:25.151+0200] {processor.py:840} INFO - DAG(s) 'latest_only' retrieved from /home/mahmoud/airflow_env/lib/python3.10/site-packages/airflow/example_dags/example_latest_only.py
[2024-01-14T15:08:25.318+0200] {logging_mixin.py:188} INFO - [2024-01-14T15:08:25.318+0200] {override.py:1769} INFO - Created Permission View: can edit on DAG:latest_only
[2024-01-14T15:08:25.334+0200] {logging_mixin.py:188} INFO - [2024-01-14T15:08:25.334+0200] {override.py:1769} INFO - Created Permission View: can delete on DAG:latest_only
[2024-01-14T15:08:25.346+0200] {logging_mixin.py:188} INFO - [2024-01-14T15:08:25.346+0200] {override.py:1769} INFO - Created Permission View: can read on DAG:latest_only
[2024-01-14T15:08:25.346+0200] {logging_mixin.py:188} INFO - [2024-01-14T15:08:25.346+0200] {dag.py:3033} INFO - Sync 1 DAGs
[2024-01-14T15:08:25.355+0200] {logging_mixin.py:188} INFO - [2024-01-14T15:08:25.355+0200] {dag.py:3055} INFO - Creating ORM DAG for latest_only
[2024-01-14T15:08:25.361+0200] {logging_mixin.py:188} INFO - [2024-01-14T15:08:25.361+0200] {dag.py:3820} INFO - Setting next_dagrun for latest_only to 2024-01-14T08:00:00+00:00, run_after=2024-01-14T12:00:00+00:00
[2024-01-14T15:08:25.386+0200] {processor.py:183} INFO - Processing /home/mahmoud/airflow_env/lib/python3.10/site-packages/airflow/example_dags/example_latest_only.py took 0.245 seconds
[2024-01-14T15:09:17.345+0200] {processor.py:161} INFO - Started process (PID=16471) to work on /home/mahmoud/airflow_env/lib/python3.10/site-packages/airflow/example_dags/example_latest_only.py
[2024-01-14T15:09:17.346+0200] {processor.py:830} INFO - Processing file /home/mahmoud/airflow_env/lib/python3.10/site-packages/airflow/example_dags/example_latest_only.py for tasks to queue
[2024-01-14T15:09:17.347+0200] {logging_mixin.py:188} INFO - [2024-01-14T15:09:17.347+0200] {dagbag.py:538} INFO - Filling up the DagBag from /home/mahmoud/airflow_env/lib/python3.10/site-packages/airflow/example_dags/example_latest_only.py
[2024-01-14T15:09:17.351+0200] {processor.py:840} INFO - DAG(s) 'latest_only' retrieved from /home/mahmoud/airflow_env/lib/python3.10/site-packages/airflow/example_dags/example_latest_only.py
[2024-01-14T15:09:17.363+0200] {logging_mixin.py:188} INFO - [2024-01-14T15:09:17.363+0200] {dag.py:3033} INFO - Sync 1 DAGs
[2024-01-14T15:09:17.378+0200] {logging_mixin.py:188} INFO - [2024-01-14T15:09:17.377+0200] {dag.py:3820} INFO - Setting next_dagrun for latest_only to 2024-01-14T08:00:00+00:00, run_after=2024-01-14T12:00:00+00:00
[2024-01-14T15:09:17.397+0200] {processor.py:183} INFO - Processing /home/mahmoud/airflow_env/lib/python3.10/site-packages/airflow/example_dags/example_latest_only.py took 0.054 seconds
[2024-01-14T15:10:05.165+0200] {processor.py:161} INFO - Started process (PID=16694) to work on /home/mahmoud/airflow_env/lib/python3.10/site-packages/airflow/example_dags/example_latest_only.py
[2024-01-14T15:10:05.166+0200] {processor.py:830} INFO - Processing file /home/mahmoud/airflow_env/lib/python3.10/site-packages/airflow/example_dags/example_latest_only.py for tasks to queue
[2024-01-14T15:10:05.167+0200] {logging_mixin.py:188} INFO - [2024-01-14T15:10:05.166+0200] {dagbag.py:538} INFO - Filling up the DagBag from /home/mahmoud/airflow_env/lib/python3.10/site-packages/airflow/example_dags/example_latest_only.py
[2024-01-14T15:10:05.171+0200] {processor.py:840} INFO - DAG(s) 'latest_only' retrieved from /home/mahmoud/airflow_env/lib/python3.10/site-packages/airflow/example_dags/example_latest_only.py
[2024-01-14T15:10:05.210+0200] {logging_mixin.py:188} INFO - [2024-01-14T15:10:05.210+0200] {dag.py:3033} INFO - Sync 1 DAGs
[2024-01-14T15:10:05.226+0200] {logging_mixin.py:188} INFO - [2024-01-14T15:10:05.226+0200] {dag.py:3820} INFO - Setting next_dagrun for latest_only to 2024-01-14T08:00:00+00:00, run_after=2024-01-14T12:00:00+00:00
[2024-01-14T15:10:05.251+0200] {processor.py:183} INFO - Processing /home/mahmoud/airflow_env/lib/python3.10/site-packages/airflow/example_dags/example_latest_only.py took 0.089 seconds
[2024-01-14T15:11:03.512+0200] {processor.py:161} INFO - Started process (PID=16927) to work on /home/mahmoud/airflow_env/lib/python3.10/site-packages/airflow/example_dags/example_latest_only.py
[2024-01-14T15:11:03.515+0200] {processor.py:830} INFO - Processing file /home/mahmoud/airflow_env/lib/python3.10/site-packages/airflow/example_dags/example_latest_only.py for tasks to queue
[2024-01-14T15:11:03.517+0200] {logging_mixin.py:188} INFO - [2024-01-14T15:11:03.516+0200] {dagbag.py:538} INFO - Filling up the DagBag from /home/mahmoud/airflow_env/lib/python3.10/site-packages/airflow/example_dags/example_latest_only.py
[2024-01-14T15:11:03.525+0200] {processor.py:840} INFO - DAG(s) 'latest_only' retrieved from /home/mahmoud/airflow_env/lib/python3.10/site-packages/airflow/example_dags/example_latest_only.py
[2024-01-14T15:11:03.540+0200] {logging_mixin.py:188} INFO - [2024-01-14T15:11:03.540+0200] {dag.py:3033} INFO - Sync 1 DAGs
[2024-01-14T15:11:03.557+0200] {logging_mixin.py:188} INFO - [2024-01-14T15:11:03.557+0200] {dag.py:3820} INFO - Setting next_dagrun for latest_only to 2024-01-14T08:00:00+00:00, run_after=2024-01-14T12:00:00+00:00
[2024-01-14T15:11:03.577+0200] {processor.py:183} INFO - Processing /home/mahmoud/airflow_env/lib/python3.10/site-packages/airflow/example_dags/example_latest_only.py took 0.073 seconds
[2024-01-14T15:12:00.339+0200] {processor.py:161} INFO - Started process (PID=17194) to work on /home/mahmoud/airflow_env/lib/python3.10/site-packages/airflow/example_dags/example_latest_only.py
[2024-01-14T15:12:00.342+0200] {processor.py:830} INFO - Processing file /home/mahmoud/airflow_env/lib/python3.10/site-packages/airflow/example_dags/example_latest_only.py for tasks to queue
[2024-01-14T15:12:00.344+0200] {logging_mixin.py:188} INFO - [2024-01-14T15:12:00.343+0200] {dagbag.py:538} INFO - Filling up the DagBag from /home/mahmoud/airflow_env/lib/python3.10/site-packages/airflow/example_dags/example_latest_only.py
[2024-01-14T15:12:00.353+0200] {processor.py:840} INFO - DAG(s) 'latest_only' retrieved from /home/mahmoud/airflow_env/lib/python3.10/site-packages/airflow/example_dags/example_latest_only.py
[2024-01-14T15:12:00.370+0200] {logging_mixin.py:188} INFO - [2024-01-14T15:12:00.369+0200] {dag.py:3033} INFO - Sync 1 DAGs
[2024-01-14T15:12:00.386+0200] {logging_mixin.py:188} INFO - [2024-01-14T15:12:00.386+0200] {dag.py:3820} INFO - Setting next_dagrun for latest_only to 2024-01-14T08:00:00+00:00, run_after=2024-01-14T12:00:00+00:00
[2024-01-14T15:12:00.407+0200] {processor.py:183} INFO - Processing /home/mahmoud/airflow_env/lib/python3.10/site-packages/airflow/example_dags/example_latest_only.py took 0.074 seconds
[2024-01-14T15:12:52.320+0200] {processor.py:161} INFO - Started process (PID=17398) to work on /home/mahmoud/airflow_env/lib/python3.10/site-packages/airflow/example_dags/example_latest_only.py
[2024-01-14T15:12:52.322+0200] {processor.py:830} INFO - Processing file /home/mahmoud/airflow_env/lib/python3.10/site-packages/airflow/example_dags/example_latest_only.py for tasks to queue
[2024-01-14T15:12:52.323+0200] {logging_mixin.py:188} INFO - [2024-01-14T15:12:52.323+0200] {dagbag.py:538} INFO - Filling up the DagBag from /home/mahmoud/airflow_env/lib/python3.10/site-packages/airflow/example_dags/example_latest_only.py
[2024-01-14T15:12:52.331+0200] {processor.py:840} INFO - DAG(s) 'latest_only' retrieved from /home/mahmoud/airflow_env/lib/python3.10/site-packages/airflow/example_dags/example_latest_only.py
[2024-01-14T15:12:52.348+0200] {logging_mixin.py:188} INFO - [2024-01-14T15:12:52.348+0200] {dag.py:3033} INFO - Sync 1 DAGs
[2024-01-14T15:12:52.366+0200] {logging_mixin.py:188} INFO - [2024-01-14T15:12:52.365+0200] {dag.py:3820} INFO - Setting next_dagrun for latest_only to 2024-01-14T08:00:00+00:00, run_after=2024-01-14T12:00:00+00:00
[2024-01-14T15:12:52.389+0200] {processor.py:183} INFO - Processing /home/mahmoud/airflow_env/lib/python3.10/site-packages/airflow/example_dags/example_latest_only.py took 0.074 seconds
[2024-01-14T15:13:46.279+0200] {processor.py:161} INFO - Started process (PID=17649) to work on /home/mahmoud/airflow_env/lib/python3.10/site-packages/airflow/example_dags/example_latest_only.py
[2024-01-14T15:13:46.282+0200] {processor.py:830} INFO - Processing file /home/mahmoud/airflow_env/lib/python3.10/site-packages/airflow/example_dags/example_latest_only.py for tasks to queue
[2024-01-14T15:13:46.283+0200] {logging_mixin.py:188} INFO - [2024-01-14T15:13:46.282+0200] {dagbag.py:538} INFO - Filling up the DagBag from /home/mahmoud/airflow_env/lib/python3.10/site-packages/airflow/example_dags/example_latest_only.py
[2024-01-14T15:13:46.291+0200] {processor.py:840} INFO - DAG(s) 'latest_only' retrieved from /home/mahmoud/airflow_env/lib/python3.10/site-packages/airflow/example_dags/example_latest_only.py
[2024-01-14T15:13:46.307+0200] {logging_mixin.py:188} INFO - [2024-01-14T15:13:46.307+0200] {dag.py:3033} INFO - Sync 1 DAGs
[2024-01-14T15:13:46.324+0200] {logging_mixin.py:188} INFO - [2024-01-14T15:13:46.324+0200] {dag.py:3820} INFO - Setting next_dagrun for latest_only to 2024-01-14T08:00:00+00:00, run_after=2024-01-14T12:00:00+00:00
[2024-01-14T15:13:46.348+0200] {processor.py:183} INFO - Processing /home/mahmoud/airflow_env/lib/python3.10/site-packages/airflow/example_dags/example_latest_only.py took 0.074 seconds
[2024-01-14T15:20:12.978+0200] {processor.py:161} INFO - Started process (PID=19512) to work on /home/mahmoud/airflow_env/lib/python3.10/site-packages/airflow/example_dags/example_latest_only.py
[2024-01-14T15:20:12.981+0200] {processor.py:830} INFO - Processing file /home/mahmoud/airflow_env/lib/python3.10/site-packages/airflow/example_dags/example_latest_only.py for tasks to queue
[2024-01-14T15:20:12.983+0200] {logging_mixin.py:188} INFO - [2024-01-14T15:20:12.982+0200] {dagbag.py:538} INFO - Filling up the DagBag from /home/mahmoud/airflow_env/lib/python3.10/site-packages/airflow/example_dags/example_latest_only.py
[2024-01-14T15:20:12.995+0200] {processor.py:840} INFO - DAG(s) 'latest_only' retrieved from /home/mahmoud/airflow_env/lib/python3.10/site-packages/airflow/example_dags/example_latest_only.py
[2024-01-14T15:20:13.010+0200] {logging_mixin.py:188} INFO - [2024-01-14T15:20:13.010+0200] {dag.py:3033} INFO - Sync 1 DAGs
[2024-01-14T15:20:13.107+0200] {logging_mixin.py:188} INFO - [2024-01-14T15:20:13.106+0200] {dag.py:3820} INFO - Setting next_dagrun for latest_only to 2024-01-14T08:00:00+00:00, run_after=2024-01-14T12:00:00+00:00
[2024-01-14T15:20:13.128+0200] {processor.py:183} INFO - Processing /home/mahmoud/airflow_env/lib/python3.10/site-packages/airflow/example_dags/example_latest_only.py took 0.157 seconds
[2024-01-14T15:21:03.372+0200] {processor.py:161} INFO - Started process (PID=19711) to work on /home/mahmoud/airflow_env/lib/python3.10/site-packages/airflow/example_dags/example_latest_only.py
[2024-01-14T15:21:03.375+0200] {processor.py:830} INFO - Processing file /home/mahmoud/airflow_env/lib/python3.10/site-packages/airflow/example_dags/example_latest_only.py for tasks to queue
[2024-01-14T15:21:03.376+0200] {logging_mixin.py:188} INFO - [2024-01-14T15:21:03.375+0200] {dagbag.py:538} INFO - Filling up the DagBag from /home/mahmoud/airflow_env/lib/python3.10/site-packages/airflow/example_dags/example_latest_only.py
[2024-01-14T15:21:03.383+0200] {processor.py:840} INFO - DAG(s) 'latest_only' retrieved from /home/mahmoud/airflow_env/lib/python3.10/site-packages/airflow/example_dags/example_latest_only.py
[2024-01-14T15:21:03.398+0200] {logging_mixin.py:188} INFO - [2024-01-14T15:21:03.398+0200] {dag.py:3033} INFO - Sync 1 DAGs
[2024-01-14T15:21:03.415+0200] {logging_mixin.py:188} INFO - [2024-01-14T15:21:03.415+0200] {dag.py:3820} INFO - Setting next_dagrun for latest_only to 2024-01-14T08:00:00+00:00, run_after=2024-01-14T12:00:00+00:00
[2024-01-14T15:21:03.434+0200] {processor.py:183} INFO - Processing /home/mahmoud/airflow_env/lib/python3.10/site-packages/airflow/example_dags/example_latest_only.py took 0.065 seconds
[2024-01-14T15:21:53.403+0200] {processor.py:161} INFO - Started process (PID=19904) to work on /home/mahmoud/airflow_env/lib/python3.10/site-packages/airflow/example_dags/example_latest_only.py
[2024-01-14T15:21:53.405+0200] {processor.py:830} INFO - Processing file /home/mahmoud/airflow_env/lib/python3.10/site-packages/airflow/example_dags/example_latest_only.py for tasks to queue
[2024-01-14T15:21:53.407+0200] {logging_mixin.py:188} INFO - [2024-01-14T15:21:53.406+0200] {dagbag.py:538} INFO - Filling up the DagBag from /home/mahmoud/airflow_env/lib/python3.10/site-packages/airflow/example_dags/example_latest_only.py
[2024-01-14T15:21:53.416+0200] {processor.py:840} INFO - DAG(s) 'latest_only' retrieved from /home/mahmoud/airflow_env/lib/python3.10/site-packages/airflow/example_dags/example_latest_only.py
[2024-01-14T15:21:53.432+0200] {logging_mixin.py:188} INFO - [2024-01-14T15:21:53.431+0200] {dag.py:3033} INFO - Sync 1 DAGs
[2024-01-14T15:21:53.449+0200] {logging_mixin.py:188} INFO - [2024-01-14T15:21:53.449+0200] {dag.py:3820} INFO - Setting next_dagrun for latest_only to 2024-01-14T08:00:00+00:00, run_after=2024-01-14T12:00:00+00:00
[2024-01-14T15:21:53.470+0200] {processor.py:183} INFO - Processing /home/mahmoud/airflow_env/lib/python3.10/site-packages/airflow/example_dags/example_latest_only.py took 0.072 seconds
[2024-01-14T15:22:47.727+0200] {processor.py:161} INFO - Started process (PID=20117) to work on /home/mahmoud/airflow_env/lib/python3.10/site-packages/airflow/example_dags/example_latest_only.py
[2024-01-14T15:22:47.728+0200] {processor.py:830} INFO - Processing file /home/mahmoud/airflow_env/lib/python3.10/site-packages/airflow/example_dags/example_latest_only.py for tasks to queue
[2024-01-14T15:22:47.729+0200] {logging_mixin.py:188} INFO - [2024-01-14T15:22:47.729+0200] {dagbag.py:538} INFO - Filling up the DagBag from /home/mahmoud/airflow_env/lib/python3.10/site-packages/airflow/example_dags/example_latest_only.py
[2024-01-14T15:22:47.735+0200] {processor.py:840} INFO - DAG(s) 'latest_only' retrieved from /home/mahmoud/airflow_env/lib/python3.10/site-packages/airflow/example_dags/example_latest_only.py
[2024-01-14T15:22:47.749+0200] {logging_mixin.py:188} INFO - [2024-01-14T15:22:47.749+0200] {dag.py:3033} INFO - Sync 1 DAGs
[2024-01-14T15:22:47.766+0200] {logging_mixin.py:188} INFO - [2024-01-14T15:22:47.766+0200] {dag.py:3820} INFO - Setting next_dagrun for latest_only to 2024-01-14T08:00:00+00:00, run_after=2024-01-14T12:00:00+00:00
[2024-01-14T15:22:47.784+0200] {processor.py:183} INFO - Processing /home/mahmoud/airflow_env/lib/python3.10/site-packages/airflow/example_dags/example_latest_only.py took 0.060 seconds
[2024-01-14T15:38:05.214+0200] {processor.py:161} INFO - Started process (PID=24581) to work on /home/mahmoud/airflow_env/lib/python3.10/site-packages/airflow/example_dags/example_latest_only.py
[2024-01-14T15:38:05.217+0200] {processor.py:830} INFO - Processing file /home/mahmoud/airflow_env/lib/python3.10/site-packages/airflow/example_dags/example_latest_only.py for tasks to queue
[2024-01-14T15:38:05.218+0200] {logging_mixin.py:188} INFO - [2024-01-14T15:38:05.217+0200] {dagbag.py:538} INFO - Filling up the DagBag from /home/mahmoud/airflow_env/lib/python3.10/site-packages/airflow/example_dags/example_latest_only.py
[2024-01-14T15:38:05.226+0200] {processor.py:840} INFO - DAG(s) 'latest_only' retrieved from /home/mahmoud/airflow_env/lib/python3.10/site-packages/airflow/example_dags/example_latest_only.py
[2024-01-14T15:38:05.239+0200] {logging_mixin.py:188} INFO - [2024-01-14T15:38:05.239+0200] {dag.py:3033} INFO - Sync 1 DAGs
[2024-01-14T15:38:05.332+0200] {logging_mixin.py:188} INFO - [2024-01-14T15:38:05.332+0200] {dag.py:3820} INFO - Setting next_dagrun for latest_only to 2024-01-14T08:00:00+00:00, run_after=2024-01-14T12:00:00+00:00
[2024-01-14T15:38:05.356+0200] {processor.py:183} INFO - Processing /home/mahmoud/airflow_env/lib/python3.10/site-packages/airflow/example_dags/example_latest_only.py took 0.146 seconds
[2024-01-14T15:38:55.251+0200] {processor.py:161} INFO - Started process (PID=24972) to work on /home/mahmoud/airflow_env/lib/python3.10/site-packages/airflow/example_dags/example_latest_only.py
[2024-01-14T15:38:55.253+0200] {processor.py:830} INFO - Processing file /home/mahmoud/airflow_env/lib/python3.10/site-packages/airflow/example_dags/example_latest_only.py for tasks to queue
[2024-01-14T15:38:55.255+0200] {logging_mixin.py:188} INFO - [2024-01-14T15:38:55.254+0200] {dagbag.py:538} INFO - Filling up the DagBag from /home/mahmoud/airflow_env/lib/python3.10/site-packages/airflow/example_dags/example_latest_only.py
[2024-01-14T15:38:55.268+0200] {processor.py:840} INFO - DAG(s) 'latest_only' retrieved from /home/mahmoud/airflow_env/lib/python3.10/site-packages/airflow/example_dags/example_latest_only.py
[2024-01-14T15:38:55.288+0200] {logging_mixin.py:188} INFO - [2024-01-14T15:38:55.288+0200] {dag.py:3033} INFO - Sync 1 DAGs
[2024-01-14T15:38:55.305+0200] {logging_mixin.py:188} INFO - [2024-01-14T15:38:55.305+0200] {dag.py:3820} INFO - Setting next_dagrun for latest_only to 2024-01-14T08:00:00+00:00, run_after=2024-01-14T12:00:00+00:00
[2024-01-14T15:38:55.329+0200] {processor.py:183} INFO - Processing /home/mahmoud/airflow_env/lib/python3.10/site-packages/airflow/example_dags/example_latest_only.py took 0.087 seconds
[2024-01-14T15:39:41.517+0200] {processor.py:161} INFO - Started process (PID=25222) to work on /home/mahmoud/airflow_env/lib/python3.10/site-packages/airflow/example_dags/example_latest_only.py
[2024-01-14T15:39:41.523+0200] {processor.py:830} INFO - Processing file /home/mahmoud/airflow_env/lib/python3.10/site-packages/airflow/example_dags/example_latest_only.py for tasks to queue
[2024-01-14T15:39:41.523+0200] {logging_mixin.py:188} INFO - [2024-01-14T15:39:41.523+0200] {dagbag.py:538} INFO - Filling up the DagBag from /home/mahmoud/airflow_env/lib/python3.10/site-packages/airflow/example_dags/example_latest_only.py
[2024-01-14T15:39:41.529+0200] {processor.py:840} INFO - DAG(s) 'latest_only' retrieved from /home/mahmoud/airflow_env/lib/python3.10/site-packages/airflow/example_dags/example_latest_only.py
[2024-01-14T15:39:41.541+0200] {logging_mixin.py:188} INFO - [2024-01-14T15:39:41.541+0200] {dag.py:3033} INFO - Sync 1 DAGs
[2024-01-14T15:39:41.558+0200] {logging_mixin.py:188} INFO - [2024-01-14T15:39:41.558+0200] {dag.py:3820} INFO - Setting next_dagrun for latest_only to 2024-01-14T08:00:00+00:00, run_after=2024-01-14T12:00:00+00:00
[2024-01-14T15:39:41.581+0200] {processor.py:183} INFO - Processing /home/mahmoud/airflow_env/lib/python3.10/site-packages/airflow/example_dags/example_latest_only.py took 0.066 seconds
[2024-01-14T15:40:33.708+0200] {processor.py:161} INFO - Started process (PID=25425) to work on /home/mahmoud/airflow_env/lib/python3.10/site-packages/airflow/example_dags/example_latest_only.py
[2024-01-14T15:40:33.710+0200] {processor.py:830} INFO - Processing file /home/mahmoud/airflow_env/lib/python3.10/site-packages/airflow/example_dags/example_latest_only.py for tasks to queue
[2024-01-14T15:40:33.711+0200] {logging_mixin.py:188} INFO - [2024-01-14T15:40:33.711+0200] {dagbag.py:538} INFO - Filling up the DagBag from /home/mahmoud/airflow_env/lib/python3.10/site-packages/airflow/example_dags/example_latest_only.py
[2024-01-14T15:40:33.715+0200] {processor.py:840} INFO - DAG(s) 'latest_only' retrieved from /home/mahmoud/airflow_env/lib/python3.10/site-packages/airflow/example_dags/example_latest_only.py
[2024-01-14T15:40:33.732+0200] {logging_mixin.py:188} INFO - [2024-01-14T15:40:33.732+0200] {dag.py:3033} INFO - Sync 1 DAGs
[2024-01-14T15:40:33.749+0200] {logging_mixin.py:188} INFO - [2024-01-14T15:40:33.749+0200] {dag.py:3820} INFO - Setting next_dagrun for latest_only to 2024-01-14T08:00:00+00:00, run_after=2024-01-14T12:00:00+00:00
[2024-01-14T15:40:33.785+0200] {processor.py:183} INFO - Processing /home/mahmoud/airflow_env/lib/python3.10/site-packages/airflow/example_dags/example_latest_only.py took 0.079 seconds
[2024-01-14T15:41:27.634+0200] {processor.py:161} INFO - Started process (PID=25700) to work on /home/mahmoud/airflow_env/lib/python3.10/site-packages/airflow/example_dags/example_latest_only.py
[2024-01-14T15:41:27.635+0200] {processor.py:830} INFO - Processing file /home/mahmoud/airflow_env/lib/python3.10/site-packages/airflow/example_dags/example_latest_only.py for tasks to queue
[2024-01-14T15:41:27.636+0200] {logging_mixin.py:188} INFO - [2024-01-14T15:41:27.636+0200] {dagbag.py:538} INFO - Filling up the DagBag from /home/mahmoud/airflow_env/lib/python3.10/site-packages/airflow/example_dags/example_latest_only.py
[2024-01-14T15:41:27.643+0200] {processor.py:840} INFO - DAG(s) 'latest_only' retrieved from /home/mahmoud/airflow_env/lib/python3.10/site-packages/airflow/example_dags/example_latest_only.py
[2024-01-14T15:41:27.659+0200] {logging_mixin.py:188} INFO - [2024-01-14T15:41:27.659+0200] {dag.py:3033} INFO - Sync 1 DAGs
[2024-01-14T15:41:27.678+0200] {logging_mixin.py:188} INFO - [2024-01-14T15:41:27.678+0200] {dag.py:3820} INFO - Setting next_dagrun for latest_only to 2024-01-14T08:00:00+00:00, run_after=2024-01-14T12:00:00+00:00
[2024-01-14T15:41:27.729+0200] {processor.py:183} INFO - Processing /home/mahmoud/airflow_env/lib/python3.10/site-packages/airflow/example_dags/example_latest_only.py took 0.098 seconds
[2024-01-14T15:42:20.208+0200] {processor.py:161} INFO - Started process (PID=25910) to work on /home/mahmoud/airflow_env/lib/python3.10/site-packages/airflow/example_dags/example_latest_only.py
[2024-01-14T15:42:20.211+0200] {processor.py:830} INFO - Processing file /home/mahmoud/airflow_env/lib/python3.10/site-packages/airflow/example_dags/example_latest_only.py for tasks to queue
[2024-01-14T15:42:20.212+0200] {logging_mixin.py:188} INFO - [2024-01-14T15:42:20.212+0200] {dagbag.py:538} INFO - Filling up the DagBag from /home/mahmoud/airflow_env/lib/python3.10/site-packages/airflow/example_dags/example_latest_only.py
[2024-01-14T15:42:20.221+0200] {processor.py:840} INFO - DAG(s) 'latest_only' retrieved from /home/mahmoud/airflow_env/lib/python3.10/site-packages/airflow/example_dags/example_latest_only.py
[2024-01-14T15:42:20.237+0200] {logging_mixin.py:188} INFO - [2024-01-14T15:42:20.237+0200] {dag.py:3033} INFO - Sync 1 DAGs
[2024-01-14T15:42:20.255+0200] {logging_mixin.py:188} INFO - [2024-01-14T15:42:20.255+0200] {dag.py:3820} INFO - Setting next_dagrun for latest_only to 2024-01-14T08:00:00+00:00, run_after=2024-01-14T12:00:00+00:00
[2024-01-14T15:42:20.277+0200] {processor.py:183} INFO - Processing /home/mahmoud/airflow_env/lib/python3.10/site-packages/airflow/example_dags/example_latest_only.py took 0.074 seconds
[2024-01-14T15:43:22.998+0200] {processor.py:161} INFO - Started process (PID=26684) to work on /home/mahmoud/airflow_env/lib/python3.10/site-packages/airflow/example_dags/example_latest_only.py
[2024-01-14T15:43:23.000+0200] {processor.py:830} INFO - Processing file /home/mahmoud/airflow_env/lib/python3.10/site-packages/airflow/example_dags/example_latest_only.py for tasks to queue
[2024-01-14T15:43:23.001+0200] {logging_mixin.py:188} INFO - [2024-01-14T15:43:23.001+0200] {dagbag.py:538} INFO - Filling up the DagBag from /home/mahmoud/airflow_env/lib/python3.10/site-packages/airflow/example_dags/example_latest_only.py
[2024-01-14T15:43:23.009+0200] {processor.py:840} INFO - DAG(s) 'latest_only' retrieved from /home/mahmoud/airflow_env/lib/python3.10/site-packages/airflow/example_dags/example_latest_only.py
[2024-01-14T15:43:23.024+0200] {logging_mixin.py:188} INFO - [2024-01-14T15:43:23.023+0200] {dag.py:3033} INFO - Sync 1 DAGs
[2024-01-14T15:43:23.041+0200] {logging_mixin.py:188} INFO - [2024-01-14T15:43:23.041+0200] {dag.py:3820} INFO - Setting next_dagrun for latest_only to 2024-01-14T08:00:00+00:00, run_after=2024-01-14T12:00:00+00:00
[2024-01-14T15:43:23.063+0200] {processor.py:183} INFO - Processing /home/mahmoud/airflow_env/lib/python3.10/site-packages/airflow/example_dags/example_latest_only.py took 0.070 seconds
[2024-01-14T15:44:13.133+0200] {processor.py:161} INFO - Started process (PID=27098) to work on /home/mahmoud/airflow_env/lib/python3.10/site-packages/airflow/example_dags/example_latest_only.py
[2024-01-14T15:44:13.134+0200] {processor.py:830} INFO - Processing file /home/mahmoud/airflow_env/lib/python3.10/site-packages/airflow/example_dags/example_latest_only.py for tasks to queue
[2024-01-14T15:44:13.135+0200] {logging_mixin.py:188} INFO - [2024-01-14T15:44:13.135+0200] {dagbag.py:538} INFO - Filling up the DagBag from /home/mahmoud/airflow_env/lib/python3.10/site-packages/airflow/example_dags/example_latest_only.py
[2024-01-14T15:44:13.143+0200] {processor.py:840} INFO - DAG(s) 'latest_only' retrieved from /home/mahmoud/airflow_env/lib/python3.10/site-packages/airflow/example_dags/example_latest_only.py
[2024-01-14T15:44:13.158+0200] {logging_mixin.py:188} INFO - [2024-01-14T15:44:13.158+0200] {dag.py:3033} INFO - Sync 1 DAGs
[2024-01-14T15:44:13.176+0200] {logging_mixin.py:188} INFO - [2024-01-14T15:44:13.176+0200] {dag.py:3820} INFO - Setting next_dagrun for latest_only to 2024-01-14T08:00:00+00:00, run_after=2024-01-14T12:00:00+00:00
[2024-01-14T15:44:13.200+0200] {processor.py:183} INFO - Processing /home/mahmoud/airflow_env/lib/python3.10/site-packages/airflow/example_dags/example_latest_only.py took 0.072 seconds
[2024-01-14T15:44:59.975+0200] {processor.py:161} INFO - Started process (PID=27619) to work on /home/mahmoud/airflow_env/lib/python3.10/site-packages/airflow/example_dags/example_latest_only.py
[2024-01-14T15:44:59.977+0200] {processor.py:830} INFO - Processing file /home/mahmoud/airflow_env/lib/python3.10/site-packages/airflow/example_dags/example_latest_only.py for tasks to queue
[2024-01-14T15:44:59.979+0200] {logging_mixin.py:188} INFO - [2024-01-14T15:44:59.978+0200] {dagbag.py:538} INFO - Filling up the DagBag from /home/mahmoud/airflow_env/lib/python3.10/site-packages/airflow/example_dags/example_latest_only.py
[2024-01-14T15:44:59.986+0200] {processor.py:840} INFO - DAG(s) 'latest_only' retrieved from /home/mahmoud/airflow_env/lib/python3.10/site-packages/airflow/example_dags/example_latest_only.py
[2024-01-14T15:45:00.001+0200] {logging_mixin.py:188} INFO - [2024-01-14T15:45:00.001+0200] {dag.py:3033} INFO - Sync 1 DAGs
[2024-01-14T15:45:00.020+0200] {logging_mixin.py:188} INFO - [2024-01-14T15:45:00.020+0200] {dag.py:3820} INFO - Setting next_dagrun for latest_only to 2024-01-14T08:00:00+00:00, run_after=2024-01-14T12:00:00+00:00
[2024-01-14T15:45:00.045+0200] {processor.py:183} INFO - Processing /home/mahmoud/airflow_env/lib/python3.10/site-packages/airflow/example_dags/example_latest_only.py took 0.077 seconds
[2024-01-14T15:45:50.501+0200] {processor.py:161} INFO - Started process (PID=27883) to work on /home/mahmoud/airflow_env/lib/python3.10/site-packages/airflow/example_dags/example_latest_only.py
[2024-01-14T15:45:50.504+0200] {processor.py:830} INFO - Processing file /home/mahmoud/airflow_env/lib/python3.10/site-packages/airflow/example_dags/example_latest_only.py for tasks to queue
[2024-01-14T15:45:50.504+0200] {logging_mixin.py:188} INFO - [2024-01-14T15:45:50.504+0200] {dagbag.py:538} INFO - Filling up the DagBag from /home/mahmoud/airflow_env/lib/python3.10/site-packages/airflow/example_dags/example_latest_only.py
[2024-01-14T15:45:50.511+0200] {processor.py:840} INFO - DAG(s) 'latest_only' retrieved from /home/mahmoud/airflow_env/lib/python3.10/site-packages/airflow/example_dags/example_latest_only.py
[2024-01-14T15:45:50.527+0200] {logging_mixin.py:188} INFO - [2024-01-14T15:45:50.527+0200] {dag.py:3033} INFO - Sync 1 DAGs
[2024-01-14T15:45:50.546+0200] {logging_mixin.py:188} INFO - [2024-01-14T15:45:50.546+0200] {dag.py:3820} INFO - Setting next_dagrun for latest_only to 2024-01-14T08:00:00+00:00, run_after=2024-01-14T12:00:00+00:00
[2024-01-14T15:45:50.570+0200] {processor.py:183} INFO - Processing /home/mahmoud/airflow_env/lib/python3.10/site-packages/airflow/example_dags/example_latest_only.py took 0.077 seconds
[2024-01-14T15:46:44.171+0200] {processor.py:161} INFO - Started process (PID=28094) to work on /home/mahmoud/airflow_env/lib/python3.10/site-packages/airflow/example_dags/example_latest_only.py
[2024-01-14T15:46:44.174+0200] {processor.py:830} INFO - Processing file /home/mahmoud/airflow_env/lib/python3.10/site-packages/airflow/example_dags/example_latest_only.py for tasks to queue
[2024-01-14T15:46:44.175+0200] {logging_mixin.py:188} INFO - [2024-01-14T15:46:44.174+0200] {dagbag.py:538} INFO - Filling up the DagBag from /home/mahmoud/airflow_env/lib/python3.10/site-packages/airflow/example_dags/example_latest_only.py
[2024-01-14T15:46:44.183+0200] {processor.py:840} INFO - DAG(s) 'latest_only' retrieved from /home/mahmoud/airflow_env/lib/python3.10/site-packages/airflow/example_dags/example_latest_only.py
[2024-01-14T15:46:44.202+0200] {logging_mixin.py:188} INFO - [2024-01-14T15:46:44.202+0200] {dag.py:3033} INFO - Sync 1 DAGs
[2024-01-14T15:46:44.222+0200] {logging_mixin.py:188} INFO - [2024-01-14T15:46:44.221+0200] {dag.py:3820} INFO - Setting next_dagrun for latest_only to 2024-01-14T08:00:00+00:00, run_after=2024-01-14T12:00:00+00:00
[2024-01-14T15:46:44.246+0200] {processor.py:183} INFO - Processing /home/mahmoud/airflow_env/lib/python3.10/site-packages/airflow/example_dags/example_latest_only.py took 0.080 seconds
[2024-01-14T15:47:37.875+0200] {processor.py:161} INFO - Started process (PID=28371) to work on /home/mahmoud/airflow_env/lib/python3.10/site-packages/airflow/example_dags/example_latest_only.py
[2024-01-14T15:47:37.877+0200] {processor.py:830} INFO - Processing file /home/mahmoud/airflow_env/lib/python3.10/site-packages/airflow/example_dags/example_latest_only.py for tasks to queue
[2024-01-14T15:47:37.878+0200] {logging_mixin.py:188} INFO - [2024-01-14T15:47:37.877+0200] {dagbag.py:538} INFO - Filling up the DagBag from /home/mahmoud/airflow_env/lib/python3.10/site-packages/airflow/example_dags/example_latest_only.py
[2024-01-14T15:47:37.883+0200] {processor.py:840} INFO - DAG(s) 'latest_only' retrieved from /home/mahmoud/airflow_env/lib/python3.10/site-packages/airflow/example_dags/example_latest_only.py
[2024-01-14T15:47:37.897+0200] {logging_mixin.py:188} INFO - [2024-01-14T15:47:37.896+0200] {dag.py:3033} INFO - Sync 1 DAGs
[2024-01-14T15:47:37.914+0200] {logging_mixin.py:188} INFO - [2024-01-14T15:47:37.914+0200] {dag.py:3820} INFO - Setting next_dagrun for latest_only to 2024-01-14T08:00:00+00:00, run_after=2024-01-14T12:00:00+00:00
[2024-01-14T15:47:37.938+0200] {processor.py:183} INFO - Processing /home/mahmoud/airflow_env/lib/python3.10/site-packages/airflow/example_dags/example_latest_only.py took 0.067 seconds
[2024-01-14T15:48:30.997+0200] {processor.py:161} INFO - Started process (PID=28608) to work on /home/mahmoud/airflow_env/lib/python3.10/site-packages/airflow/example_dags/example_latest_only.py
[2024-01-14T15:48:30.999+0200] {processor.py:830} INFO - Processing file /home/mahmoud/airflow_env/lib/python3.10/site-packages/airflow/example_dags/example_latest_only.py for tasks to queue
[2024-01-14T15:48:31.000+0200] {logging_mixin.py:188} INFO - [2024-01-14T15:48:31.000+0200] {dagbag.py:538} INFO - Filling up the DagBag from /home/mahmoud/airflow_env/lib/python3.10/site-packages/airflow/example_dags/example_latest_only.py
[2024-01-14T15:48:31.006+0200] {processor.py:840} INFO - DAG(s) 'latest_only' retrieved from /home/mahmoud/airflow_env/lib/python3.10/site-packages/airflow/example_dags/example_latest_only.py
[2024-01-14T15:48:31.020+0200] {logging_mixin.py:188} INFO - [2024-01-14T15:48:31.020+0200] {dag.py:3033} INFO - Sync 1 DAGs
[2024-01-14T15:48:31.037+0200] {logging_mixin.py:188} INFO - [2024-01-14T15:48:31.037+0200] {dag.py:3820} INFO - Setting next_dagrun for latest_only to 2024-01-14T08:00:00+00:00, run_after=2024-01-14T12:00:00+00:00
[2024-01-14T15:48:31.060+0200] {processor.py:183} INFO - Processing /home/mahmoud/airflow_env/lib/python3.10/site-packages/airflow/example_dags/example_latest_only.py took 0.067 seconds
[2024-01-14T15:49:25.878+0200] {processor.py:161} INFO - Started process (PID=28826) to work on /home/mahmoud/airflow_env/lib/python3.10/site-packages/airflow/example_dags/example_latest_only.py
[2024-01-14T15:49:25.879+0200] {processor.py:830} INFO - Processing file /home/mahmoud/airflow_env/lib/python3.10/site-packages/airflow/example_dags/example_latest_only.py for tasks to queue
[2024-01-14T15:49:25.880+0200] {logging_mixin.py:188} INFO - [2024-01-14T15:49:25.880+0200] {dagbag.py:538} INFO - Filling up the DagBag from /home/mahmoud/airflow_env/lib/python3.10/site-packages/airflow/example_dags/example_latest_only.py
[2024-01-14T15:49:25.885+0200] {processor.py:840} INFO - DAG(s) 'latest_only' retrieved from /home/mahmoud/airflow_env/lib/python3.10/site-packages/airflow/example_dags/example_latest_only.py
[2024-01-14T15:49:25.900+0200] {logging_mixin.py:188} INFO - [2024-01-14T15:49:25.899+0200] {dag.py:3033} INFO - Sync 1 DAGs
[2024-01-14T15:49:25.917+0200] {logging_mixin.py:188} INFO - [2024-01-14T15:49:25.917+0200] {dag.py:3820} INFO - Setting next_dagrun for latest_only to 2024-01-14T08:00:00+00:00, run_after=2024-01-14T12:00:00+00:00
[2024-01-14T15:49:25.941+0200] {processor.py:183} INFO - Processing /home/mahmoud/airflow_env/lib/python3.10/site-packages/airflow/example_dags/example_latest_only.py took 0.066 seconds
[2024-01-14T15:50:16.633+0200] {processor.py:161} INFO - Started process (PID=29024) to work on /home/mahmoud/airflow_env/lib/python3.10/site-packages/airflow/example_dags/example_latest_only.py
[2024-01-14T15:50:16.636+0200] {processor.py:830} INFO - Processing file /home/mahmoud/airflow_env/lib/python3.10/site-packages/airflow/example_dags/example_latest_only.py for tasks to queue
[2024-01-14T15:50:16.636+0200] {logging_mixin.py:188} INFO - [2024-01-14T15:50:16.636+0200] {dagbag.py:538} INFO - Filling up the DagBag from /home/mahmoud/airflow_env/lib/python3.10/site-packages/airflow/example_dags/example_latest_only.py
[2024-01-14T15:50:16.642+0200] {processor.py:840} INFO - DAG(s) 'latest_only' retrieved from /home/mahmoud/airflow_env/lib/python3.10/site-packages/airflow/example_dags/example_latest_only.py
[2024-01-14T15:50:16.656+0200] {logging_mixin.py:188} INFO - [2024-01-14T15:50:16.656+0200] {dag.py:3033} INFO - Sync 1 DAGs
[2024-01-14T15:50:16.673+0200] {logging_mixin.py:188} INFO - [2024-01-14T15:50:16.673+0200] {dag.py:3820} INFO - Setting next_dagrun for latest_only to 2024-01-14T08:00:00+00:00, run_after=2024-01-14T12:00:00+00:00
[2024-01-14T15:50:16.698+0200] {processor.py:183} INFO - Processing /home/mahmoud/airflow_env/lib/python3.10/site-packages/airflow/example_dags/example_latest_only.py took 0.068 seconds
[2024-01-14T15:51:08.398+0200] {processor.py:161} INFO - Started process (PID=29228) to work on /home/mahmoud/airflow_env/lib/python3.10/site-packages/airflow/example_dags/example_latest_only.py
[2024-01-14T15:51:08.400+0200] {processor.py:830} INFO - Processing file /home/mahmoud/airflow_env/lib/python3.10/site-packages/airflow/example_dags/example_latest_only.py for tasks to queue
[2024-01-14T15:51:08.400+0200] {logging_mixin.py:188} INFO - [2024-01-14T15:51:08.400+0200] {dagbag.py:538} INFO - Filling up the DagBag from /home/mahmoud/airflow_env/lib/python3.10/site-packages/airflow/example_dags/example_latest_only.py
[2024-01-14T15:51:08.406+0200] {processor.py:840} INFO - DAG(s) 'latest_only' retrieved from /home/mahmoud/airflow_env/lib/python3.10/site-packages/airflow/example_dags/example_latest_only.py
[2024-01-14T15:51:08.420+0200] {logging_mixin.py:188} INFO - [2024-01-14T15:51:08.419+0200] {dag.py:3033} INFO - Sync 1 DAGs
[2024-01-14T15:51:08.437+0200] {logging_mixin.py:188} INFO - [2024-01-14T15:51:08.436+0200] {dag.py:3820} INFO - Setting next_dagrun for latest_only to 2024-01-14T08:00:00+00:00, run_after=2024-01-14T12:00:00+00:00
[2024-01-14T15:51:08.460+0200] {processor.py:183} INFO - Processing /home/mahmoud/airflow_env/lib/python3.10/site-packages/airflow/example_dags/example_latest_only.py took 0.065 seconds
[2024-01-14T15:52:01.315+0200] {processor.py:161} INFO - Started process (PID=29439) to work on /home/mahmoud/airflow_env/lib/python3.10/site-packages/airflow/example_dags/example_latest_only.py
[2024-01-14T15:52:01.316+0200] {processor.py:830} INFO - Processing file /home/mahmoud/airflow_env/lib/python3.10/site-packages/airflow/example_dags/example_latest_only.py for tasks to queue
[2024-01-14T15:52:01.317+0200] {logging_mixin.py:188} INFO - [2024-01-14T15:52:01.316+0200] {dagbag.py:538} INFO - Filling up the DagBag from /home/mahmoud/airflow_env/lib/python3.10/site-packages/airflow/example_dags/example_latest_only.py
[2024-01-14T15:52:01.322+0200] {processor.py:840} INFO - DAG(s) 'latest_only' retrieved from /home/mahmoud/airflow_env/lib/python3.10/site-packages/airflow/example_dags/example_latest_only.py
[2024-01-14T15:52:01.335+0200] {logging_mixin.py:188} INFO - [2024-01-14T15:52:01.335+0200] {dag.py:3033} INFO - Sync 1 DAGs
[2024-01-14T15:52:01.352+0200] {logging_mixin.py:188} INFO - [2024-01-14T15:52:01.352+0200] {dag.py:3820} INFO - Setting next_dagrun for latest_only to 2024-01-14T08:00:00+00:00, run_after=2024-01-14T12:00:00+00:00
[2024-01-14T15:52:01.372+0200] {processor.py:183} INFO - Processing /home/mahmoud/airflow_env/lib/python3.10/site-packages/airflow/example_dags/example_latest_only.py took 0.060 seconds
[2024-01-14T15:52:51.116+0200] {processor.py:161} INFO - Started process (PID=29663) to work on /home/mahmoud/airflow_env/lib/python3.10/site-packages/airflow/example_dags/example_latest_only.py
[2024-01-14T15:52:51.118+0200] {processor.py:830} INFO - Processing file /home/mahmoud/airflow_env/lib/python3.10/site-packages/airflow/example_dags/example_latest_only.py for tasks to queue
[2024-01-14T15:52:51.119+0200] {logging_mixin.py:188} INFO - [2024-01-14T15:52:51.119+0200] {dagbag.py:538} INFO - Filling up the DagBag from /home/mahmoud/airflow_env/lib/python3.10/site-packages/airflow/example_dags/example_latest_only.py
[2024-01-14T15:52:51.124+0200] {processor.py:840} INFO - DAG(s) 'latest_only' retrieved from /home/mahmoud/airflow_env/lib/python3.10/site-packages/airflow/example_dags/example_latest_only.py
[2024-01-14T15:52:51.138+0200] {logging_mixin.py:188} INFO - [2024-01-14T15:52:51.138+0200] {dag.py:3033} INFO - Sync 1 DAGs
[2024-01-14T15:52:51.156+0200] {logging_mixin.py:188} INFO - [2024-01-14T15:52:51.155+0200] {dag.py:3820} INFO - Setting next_dagrun for latest_only to 2024-01-14T08:00:00+00:00, run_after=2024-01-14T12:00:00+00:00
[2024-01-14T15:52:51.178+0200] {processor.py:183} INFO - Processing /home/mahmoud/airflow_env/lib/python3.10/site-packages/airflow/example_dags/example_latest_only.py took 0.064 seconds
[2024-01-14T15:53:44.291+0200] {processor.py:161} INFO - Started process (PID=29876) to work on /home/mahmoud/airflow_env/lib/python3.10/site-packages/airflow/example_dags/example_latest_only.py
[2024-01-14T15:53:44.293+0200] {processor.py:830} INFO - Processing file /home/mahmoud/airflow_env/lib/python3.10/site-packages/airflow/example_dags/example_latest_only.py for tasks to queue
[2024-01-14T15:53:44.293+0200] {logging_mixin.py:188} INFO - [2024-01-14T15:53:44.293+0200] {dagbag.py:538} INFO - Filling up the DagBag from /home/mahmoud/airflow_env/lib/python3.10/site-packages/airflow/example_dags/example_latest_only.py
[2024-01-14T15:53:44.298+0200] {processor.py:840} INFO - DAG(s) 'latest_only' retrieved from /home/mahmoud/airflow_env/lib/python3.10/site-packages/airflow/example_dags/example_latest_only.py
[2024-01-14T15:53:44.313+0200] {logging_mixin.py:188} INFO - [2024-01-14T15:53:44.312+0200] {dag.py:3033} INFO - Sync 1 DAGs
[2024-01-14T15:53:44.330+0200] {logging_mixin.py:188} INFO - [2024-01-14T15:53:44.330+0200] {dag.py:3820} INFO - Setting next_dagrun for latest_only to 2024-01-14T08:00:00+00:00, run_after=2024-01-14T12:00:00+00:00
[2024-01-14T15:53:44.351+0200] {processor.py:183} INFO - Processing /home/mahmoud/airflow_env/lib/python3.10/site-packages/airflow/example_dags/example_latest_only.py took 0.064 seconds
[2024-01-14T15:54:44.155+0200] {processor.py:161} INFO - Started process (PID=30084) to work on /home/mahmoud/airflow_env/lib/python3.10/site-packages/airflow/example_dags/example_latest_only.py
[2024-01-14T15:54:44.160+0200] {processor.py:830} INFO - Processing file /home/mahmoud/airflow_env/lib/python3.10/site-packages/airflow/example_dags/example_latest_only.py for tasks to queue
[2024-01-14T15:54:44.163+0200] {logging_mixin.py:188} INFO - [2024-01-14T15:54:44.162+0200] {dagbag.py:538} INFO - Filling up the DagBag from /home/mahmoud/airflow_env/lib/python3.10/site-packages/airflow/example_dags/example_latest_only.py
[2024-01-14T15:54:44.184+0200] {processor.py:840} INFO - DAG(s) 'latest_only' retrieved from /home/mahmoud/airflow_env/lib/python3.10/site-packages/airflow/example_dags/example_latest_only.py
[2024-01-14T15:54:44.241+0200] {logging_mixin.py:188} INFO - [2024-01-14T15:54:44.240+0200] {dag.py:3033} INFO - Sync 1 DAGs
[2024-01-14T15:54:44.314+0200] {logging_mixin.py:188} INFO - [2024-01-14T15:54:44.314+0200] {dag.py:3820} INFO - Setting next_dagrun for latest_only to 2024-01-14T08:00:00+00:00, run_after=2024-01-14T12:00:00+00:00
[2024-01-14T15:54:44.389+0200] {processor.py:183} INFO - Processing /home/mahmoud/airflow_env/lib/python3.10/site-packages/airflow/example_dags/example_latest_only.py took 0.244 seconds
[2024-01-14T15:55:51.930+0200] {processor.py:161} INFO - Started process (PID=30317) to work on /home/mahmoud/airflow_env/lib/python3.10/site-packages/airflow/example_dags/example_latest_only.py
[2024-01-14T15:55:51.933+0200] {processor.py:830} INFO - Processing file /home/mahmoud/airflow_env/lib/python3.10/site-packages/airflow/example_dags/example_latest_only.py for tasks to queue
[2024-01-14T15:55:51.936+0200] {logging_mixin.py:188} INFO - [2024-01-14T15:55:51.934+0200] {dagbag.py:538} INFO - Filling up the DagBag from /home/mahmoud/airflow_env/lib/python3.10/site-packages/airflow/example_dags/example_latest_only.py
[2024-01-14T15:55:51.955+0200] {processor.py:840} INFO - DAG(s) 'latest_only' retrieved from /home/mahmoud/airflow_env/lib/python3.10/site-packages/airflow/example_dags/example_latest_only.py
[2024-01-14T15:55:52.006+0200] {logging_mixin.py:188} INFO - [2024-01-14T15:55:52.005+0200] {dag.py:3033} INFO - Sync 1 DAGs
[2024-01-14T15:55:52.073+0200] {logging_mixin.py:188} INFO - [2024-01-14T15:55:52.073+0200] {dag.py:3820} INFO - Setting next_dagrun for latest_only to 2024-01-14T08:00:00+00:00, run_after=2024-01-14T12:00:00+00:00
[2024-01-14T15:55:52.139+0200] {processor.py:183} INFO - Processing /home/mahmoud/airflow_env/lib/python3.10/site-packages/airflow/example_dags/example_latest_only.py took 0.219 seconds
[2024-01-14T15:56:51.078+0200] {processor.py:161} INFO - Started process (PID=30522) to work on /home/mahmoud/airflow_env/lib/python3.10/site-packages/airflow/example_dags/example_latest_only.py
[2024-01-14T15:56:51.082+0200] {processor.py:830} INFO - Processing file /home/mahmoud/airflow_env/lib/python3.10/site-packages/airflow/example_dags/example_latest_only.py for tasks to queue
[2024-01-14T15:56:51.085+0200] {logging_mixin.py:188} INFO - [2024-01-14T15:56:51.083+0200] {dagbag.py:538} INFO - Filling up the DagBag from /home/mahmoud/airflow_env/lib/python3.10/site-packages/airflow/example_dags/example_latest_only.py
[2024-01-14T15:56:51.103+0200] {processor.py:840} INFO - DAG(s) 'latest_only' retrieved from /home/mahmoud/airflow_env/lib/python3.10/site-packages/airflow/example_dags/example_latest_only.py
[2024-01-14T15:56:51.151+0200] {logging_mixin.py:188} INFO - [2024-01-14T15:56:51.150+0200] {dag.py:3033} INFO - Sync 1 DAGs
[2024-01-14T15:56:51.220+0200] {logging_mixin.py:188} INFO - [2024-01-14T15:56:51.220+0200] {dag.py:3820} INFO - Setting next_dagrun for latest_only to 2024-01-14T08:00:00+00:00, run_after=2024-01-14T12:00:00+00:00
[2024-01-14T15:56:51.289+0200] {processor.py:183} INFO - Processing /home/mahmoud/airflow_env/lib/python3.10/site-packages/airflow/example_dags/example_latest_only.py took 0.221 seconds
[2024-01-14T15:57:45.630+0200] {processor.py:161} INFO - Started process (PID=30747) to work on /home/mahmoud/airflow_env/lib/python3.10/site-packages/airflow/example_dags/example_latest_only.py
[2024-01-14T15:57:45.633+0200] {processor.py:830} INFO - Processing file /home/mahmoud/airflow_env/lib/python3.10/site-packages/airflow/example_dags/example_latest_only.py for tasks to queue
[2024-01-14T15:57:45.634+0200] {logging_mixin.py:188} INFO - [2024-01-14T15:57:45.633+0200] {dagbag.py:538} INFO - Filling up the DagBag from /home/mahmoud/airflow_env/lib/python3.10/site-packages/airflow/example_dags/example_latest_only.py
[2024-01-14T15:57:45.642+0200] {processor.py:840} INFO - DAG(s) 'latest_only' retrieved from /home/mahmoud/airflow_env/lib/python3.10/site-packages/airflow/example_dags/example_latest_only.py
[2024-01-14T15:57:45.657+0200] {logging_mixin.py:188} INFO - [2024-01-14T15:57:45.657+0200] {dag.py:3033} INFO - Sync 1 DAGs
[2024-01-14T15:57:45.674+0200] {logging_mixin.py:188} INFO - [2024-01-14T15:57:45.674+0200] {dag.py:3820} INFO - Setting next_dagrun for latest_only to 2024-01-14T08:00:00+00:00, run_after=2024-01-14T12:00:00+00:00
[2024-01-14T15:57:45.697+0200] {processor.py:183} INFO - Processing /home/mahmoud/airflow_env/lib/python3.10/site-packages/airflow/example_dags/example_latest_only.py took 0.075 seconds
