[2024-01-14T15:08:46.747+0200] {processor.py:161} INFO - Started process (PID=16260) to work on /home/mahmoud/airflow_env/lib/python3.10/site-packages/airflow/example_dags/example_time_delta_sensor_async.py
[2024-01-14T15:08:46.748+0200] {processor.py:830} INFO - Processing file /home/mahmoud/airflow_env/lib/python3.10/site-packages/airflow/example_dags/example_time_delta_sensor_async.py for tasks to queue
[2024-01-14T15:08:46.748+0200] {logging_mixin.py:188} INFO - [2024-01-14T15:08:46.748+0200] {dagbag.py:538} INFO - Filling up the DagBag from /home/mahmoud/airflow_env/lib/python3.10/site-packages/airflow/example_dags/example_time_delta_sensor_async.py
[2024-01-14T15:08:46.752+0200] {processor.py:840} INFO - DAG(s) 'example_time_delta_sensor_async' retrieved from /home/mahmoud/airflow_env/lib/python3.10/site-packages/airflow/example_dags/example_time_delta_sensor_async.py
[2024-01-14T15:08:46.840+0200] {logging_mixin.py:188} INFO - [2024-01-14T15:08:46.840+0200] {override.py:1769} INFO - Created Permission View: can edit on DAG:example_time_delta_sensor_async
[2024-01-14T15:08:46.854+0200] {logging_mixin.py:188} INFO - [2024-01-14T15:08:46.854+0200] {override.py:1769} INFO - Created Permission View: can delete on DAG:example_time_delta_sensor_async
[2024-01-14T15:08:46.865+0200] {logging_mixin.py:188} INFO - [2024-01-14T15:08:46.864+0200] {override.py:1769} INFO - Created Permission View: can read on DAG:example_time_delta_sensor_async
[2024-01-14T15:08:46.865+0200] {logging_mixin.py:188} INFO - [2024-01-14T15:08:46.865+0200] {dag.py:3033} INFO - Sync 1 DAGs
[2024-01-14T15:08:46.874+0200] {logging_mixin.py:188} INFO - [2024-01-14T15:08:46.874+0200] {dag.py:3055} INFO - Creating ORM DAG for example_time_delta_sensor_async
[2024-01-14T15:08:46.875+0200] {logging_mixin.py:188} INFO - [2024-01-14T15:08:46.875+0200] {dag.py:3820} INFO - Setting next_dagrun for example_time_delta_sensor_async to None, run_after=None
[2024-01-14T15:08:46.900+0200] {processor.py:183} INFO - Processing /home/mahmoud/airflow_env/lib/python3.10/site-packages/airflow/example_dags/example_time_delta_sensor_async.py took 0.156 seconds
[2024-01-14T15:09:34.755+0200] {processor.py:161} INFO - Started process (PID=16565) to work on /home/mahmoud/airflow_env/lib/python3.10/site-packages/airflow/example_dags/example_time_delta_sensor_async.py
[2024-01-14T15:09:34.757+0200] {processor.py:830} INFO - Processing file /home/mahmoud/airflow_env/lib/python3.10/site-packages/airflow/example_dags/example_time_delta_sensor_async.py for tasks to queue
[2024-01-14T15:09:34.758+0200] {logging_mixin.py:188} INFO - [2024-01-14T15:09:34.757+0200] {dagbag.py:538} INFO - Filling up the DagBag from /home/mahmoud/airflow_env/lib/python3.10/site-packages/airflow/example_dags/example_time_delta_sensor_async.py
[2024-01-14T15:09:34.763+0200] {processor.py:840} INFO - DAG(s) 'example_time_delta_sensor_async' retrieved from /home/mahmoud/airflow_env/lib/python3.10/site-packages/airflow/example_dags/example_time_delta_sensor_async.py
[2024-01-14T15:09:34.780+0200] {logging_mixin.py:188} INFO - [2024-01-14T15:09:34.780+0200] {dag.py:3033} INFO - Sync 1 DAGs
[2024-01-14T15:09:34.791+0200] {logging_mixin.py:188} INFO - [2024-01-14T15:09:34.791+0200] {dag.py:3820} INFO - Setting next_dagrun for example_time_delta_sensor_async to None, run_after=None
[2024-01-14T15:09:34.813+0200] {processor.py:183} INFO - Processing /home/mahmoud/airflow_env/lib/python3.10/site-packages/airflow/example_dags/example_time_delta_sensor_async.py took 0.062 seconds
[2024-01-14T15:10:32.754+0200] {processor.py:161} INFO - Started process (PID=16803) to work on /home/mahmoud/airflow_env/lib/python3.10/site-packages/airflow/example_dags/example_time_delta_sensor_async.py
[2024-01-14T15:10:32.756+0200] {processor.py:830} INFO - Processing file /home/mahmoud/airflow_env/lib/python3.10/site-packages/airflow/example_dags/example_time_delta_sensor_async.py for tasks to queue
[2024-01-14T15:10:32.758+0200] {logging_mixin.py:188} INFO - [2024-01-14T15:10:32.757+0200] {dagbag.py:538} INFO - Filling up the DagBag from /home/mahmoud/airflow_env/lib/python3.10/site-packages/airflow/example_dags/example_time_delta_sensor_async.py
[2024-01-14T15:10:32.766+0200] {processor.py:840} INFO - DAG(s) 'example_time_delta_sensor_async' retrieved from /home/mahmoud/airflow_env/lib/python3.10/site-packages/airflow/example_dags/example_time_delta_sensor_async.py
[2024-01-14T15:10:32.786+0200] {logging_mixin.py:188} INFO - [2024-01-14T15:10:32.785+0200] {dag.py:3033} INFO - Sync 1 DAGs
[2024-01-14T15:10:32.797+0200] {logging_mixin.py:188} INFO - [2024-01-14T15:10:32.797+0200] {dag.py:3820} INFO - Setting next_dagrun for example_time_delta_sensor_async to None, run_after=None
[2024-01-14T15:10:32.818+0200] {processor.py:183} INFO - Processing /home/mahmoud/airflow_env/lib/python3.10/site-packages/airflow/example_dags/example_time_delta_sensor_async.py took 0.068 seconds
[2024-01-14T15:11:30.984+0200] {processor.py:161} INFO - Started process (PID=17032) to work on /home/mahmoud/airflow_env/lib/python3.10/site-packages/airflow/example_dags/example_time_delta_sensor_async.py
[2024-01-14T15:11:30.987+0200] {processor.py:830} INFO - Processing file /home/mahmoud/airflow_env/lib/python3.10/site-packages/airflow/example_dags/example_time_delta_sensor_async.py for tasks to queue
[2024-01-14T15:11:30.988+0200] {logging_mixin.py:188} INFO - [2024-01-14T15:11:30.988+0200] {dagbag.py:538} INFO - Filling up the DagBag from /home/mahmoud/airflow_env/lib/python3.10/site-packages/airflow/example_dags/example_time_delta_sensor_async.py
[2024-01-14T15:11:30.994+0200] {processor.py:840} INFO - DAG(s) 'example_time_delta_sensor_async' retrieved from /home/mahmoud/airflow_env/lib/python3.10/site-packages/airflow/example_dags/example_time_delta_sensor_async.py
[2024-01-14T15:11:31.010+0200] {logging_mixin.py:188} INFO - [2024-01-14T15:11:31.010+0200] {dag.py:3033} INFO - Sync 1 DAGs
[2024-01-14T15:11:31.020+0200] {logging_mixin.py:188} INFO - [2024-01-14T15:11:31.020+0200] {dag.py:3820} INFO - Setting next_dagrun for example_time_delta_sensor_async to None, run_after=None
[2024-01-14T15:11:31.042+0200] {processor.py:183} INFO - Processing /home/mahmoud/airflow_env/lib/python3.10/site-packages/airflow/example_dags/example_time_delta_sensor_async.py took 0.062 seconds
[2024-01-14T15:12:26.029+0200] {processor.py:161} INFO - Started process (PID=17293) to work on /home/mahmoud/airflow_env/lib/python3.10/site-packages/airflow/example_dags/example_time_delta_sensor_async.py
[2024-01-14T15:12:26.032+0200] {processor.py:830} INFO - Processing file /home/mahmoud/airflow_env/lib/python3.10/site-packages/airflow/example_dags/example_time_delta_sensor_async.py for tasks to queue
[2024-01-14T15:12:26.034+0200] {logging_mixin.py:188} INFO - [2024-01-14T15:12:26.033+0200] {dagbag.py:538} INFO - Filling up the DagBag from /home/mahmoud/airflow_env/lib/python3.10/site-packages/airflow/example_dags/example_time_delta_sensor_async.py
[2024-01-14T15:12:26.040+0200] {processor.py:840} INFO - DAG(s) 'example_time_delta_sensor_async' retrieved from /home/mahmoud/airflow_env/lib/python3.10/site-packages/airflow/example_dags/example_time_delta_sensor_async.py
[2024-01-14T15:12:26.057+0200] {logging_mixin.py:188} INFO - [2024-01-14T15:12:26.057+0200] {dag.py:3033} INFO - Sync 1 DAGs
[2024-01-14T15:12:26.068+0200] {logging_mixin.py:188} INFO - [2024-01-14T15:12:26.068+0200] {dag.py:3820} INFO - Setting next_dagrun for example_time_delta_sensor_async to None, run_after=None
[2024-01-14T15:12:26.094+0200] {processor.py:183} INFO - Processing /home/mahmoud/airflow_env/lib/python3.10/site-packages/airflow/example_dags/example_time_delta_sensor_async.py took 0.070 seconds
[2024-01-14T15:13:19.294+0200] {processor.py:161} INFO - Started process (PID=17530) to work on /home/mahmoud/airflow_env/lib/python3.10/site-packages/airflow/example_dags/example_time_delta_sensor_async.py
[2024-01-14T15:13:19.296+0200] {processor.py:830} INFO - Processing file /home/mahmoud/airflow_env/lib/python3.10/site-packages/airflow/example_dags/example_time_delta_sensor_async.py for tasks to queue
[2024-01-14T15:13:19.297+0200] {logging_mixin.py:188} INFO - [2024-01-14T15:13:19.297+0200] {dagbag.py:538} INFO - Filling up the DagBag from /home/mahmoud/airflow_env/lib/python3.10/site-packages/airflow/example_dags/example_time_delta_sensor_async.py
[2024-01-14T15:13:19.303+0200] {processor.py:840} INFO - DAG(s) 'example_time_delta_sensor_async' retrieved from /home/mahmoud/airflow_env/lib/python3.10/site-packages/airflow/example_dags/example_time_delta_sensor_async.py
[2024-01-14T15:13:19.318+0200] {logging_mixin.py:188} INFO - [2024-01-14T15:13:19.317+0200] {dag.py:3033} INFO - Sync 1 DAGs
[2024-01-14T15:13:19.328+0200] {logging_mixin.py:188} INFO - [2024-01-14T15:13:19.327+0200] {dag.py:3820} INFO - Setting next_dagrun for example_time_delta_sensor_async to None, run_after=None
[2024-01-14T15:13:19.349+0200] {processor.py:183} INFO - Processing /home/mahmoud/airflow_env/lib/python3.10/site-packages/airflow/example_dags/example_time_delta_sensor_async.py took 0.059 seconds
[2024-01-14T15:20:32.558+0200] {processor.py:161} INFO - Started process (PID=19590) to work on /home/mahmoud/airflow_env/lib/python3.10/site-packages/airflow/example_dags/example_time_delta_sensor_async.py
[2024-01-14T15:20:32.561+0200] {processor.py:830} INFO - Processing file /home/mahmoud/airflow_env/lib/python3.10/site-packages/airflow/example_dags/example_time_delta_sensor_async.py for tasks to queue
[2024-01-14T15:20:32.563+0200] {logging_mixin.py:188} INFO - [2024-01-14T15:20:32.562+0200] {dagbag.py:538} INFO - Filling up the DagBag from /home/mahmoud/airflow_env/lib/python3.10/site-packages/airflow/example_dags/example_time_delta_sensor_async.py
[2024-01-14T15:20:32.573+0200] {processor.py:840} INFO - DAG(s) 'example_time_delta_sensor_async' retrieved from /home/mahmoud/airflow_env/lib/python3.10/site-packages/airflow/example_dags/example_time_delta_sensor_async.py
[2024-01-14T15:20:32.595+0200] {logging_mixin.py:188} INFO - [2024-01-14T15:20:32.595+0200] {dag.py:3033} INFO - Sync 1 DAGs
[2024-01-14T15:20:32.607+0200] {logging_mixin.py:188} INFO - [2024-01-14T15:20:32.606+0200] {dag.py:3820} INFO - Setting next_dagrun for example_time_delta_sensor_async to None, run_after=None
[2024-01-14T15:20:32.631+0200] {processor.py:183} INFO - Processing /home/mahmoud/airflow_env/lib/python3.10/site-packages/airflow/example_dags/example_time_delta_sensor_async.py took 0.080 seconds
[2024-01-14T15:21:21.214+0200] {processor.py:161} INFO - Started process (PID=19777) to work on /home/mahmoud/airflow_env/lib/python3.10/site-packages/airflow/example_dags/example_time_delta_sensor_async.py
[2024-01-14T15:21:21.216+0200] {processor.py:830} INFO - Processing file /home/mahmoud/airflow_env/lib/python3.10/site-packages/airflow/example_dags/example_time_delta_sensor_async.py for tasks to queue
[2024-01-14T15:21:21.217+0200] {logging_mixin.py:188} INFO - [2024-01-14T15:21:21.217+0200] {dagbag.py:538} INFO - Filling up the DagBag from /home/mahmoud/airflow_env/lib/python3.10/site-packages/airflow/example_dags/example_time_delta_sensor_async.py
[2024-01-14T15:21:21.222+0200] {processor.py:840} INFO - DAG(s) 'example_time_delta_sensor_async' retrieved from /home/mahmoud/airflow_env/lib/python3.10/site-packages/airflow/example_dags/example_time_delta_sensor_async.py
[2024-01-14T15:21:21.236+0200] {logging_mixin.py:188} INFO - [2024-01-14T15:21:21.235+0200] {dag.py:3033} INFO - Sync 1 DAGs
[2024-01-14T15:21:21.246+0200] {logging_mixin.py:188} INFO - [2024-01-14T15:21:21.245+0200] {dag.py:3820} INFO - Setting next_dagrun for example_time_delta_sensor_async to None, run_after=None
[2024-01-14T15:21:21.265+0200] {processor.py:183} INFO - Processing /home/mahmoud/airflow_env/lib/python3.10/site-packages/airflow/example_dags/example_time_delta_sensor_async.py took 0.054 seconds
[2024-01-14T15:22:18.106+0200] {processor.py:161} INFO - Started process (PID=20004) to work on /home/mahmoud/airflow_env/lib/python3.10/site-packages/airflow/example_dags/example_time_delta_sensor_async.py
[2024-01-14T15:22:18.107+0200] {processor.py:830} INFO - Processing file /home/mahmoud/airflow_env/lib/python3.10/site-packages/airflow/example_dags/example_time_delta_sensor_async.py for tasks to queue
[2024-01-14T15:22:18.107+0200] {logging_mixin.py:188} INFO - [2024-01-14T15:22:18.107+0200] {dagbag.py:538} INFO - Filling up the DagBag from /home/mahmoud/airflow_env/lib/python3.10/site-packages/airflow/example_dags/example_time_delta_sensor_async.py
[2024-01-14T15:22:18.111+0200] {processor.py:840} INFO - DAG(s) 'example_time_delta_sensor_async' retrieved from /home/mahmoud/airflow_env/lib/python3.10/site-packages/airflow/example_dags/example_time_delta_sensor_async.py
[2024-01-14T15:22:18.124+0200] {logging_mixin.py:188} INFO - [2024-01-14T15:22:18.123+0200] {dag.py:3033} INFO - Sync 1 DAGs
[2024-01-14T15:22:18.133+0200] {logging_mixin.py:188} INFO - [2024-01-14T15:22:18.132+0200] {dag.py:3820} INFO - Setting next_dagrun for example_time_delta_sensor_async to None, run_after=None
[2024-01-14T15:22:18.153+0200] {processor.py:183} INFO - Processing /home/mahmoud/airflow_env/lib/python3.10/site-packages/airflow/example_dags/example_time_delta_sensor_async.py took 0.049 seconds
[2024-01-14T15:38:25.464+0200] {processor.py:161} INFO - Started process (PID=24737) to work on /home/mahmoud/airflow_env/lib/python3.10/site-packages/airflow/example_dags/example_time_delta_sensor_async.py
[2024-01-14T15:38:25.467+0200] {processor.py:830} INFO - Processing file /home/mahmoud/airflow_env/lib/python3.10/site-packages/airflow/example_dags/example_time_delta_sensor_async.py for tasks to queue
[2024-01-14T15:38:25.468+0200] {logging_mixin.py:188} INFO - [2024-01-14T15:38:25.468+0200] {dagbag.py:538} INFO - Filling up the DagBag from /home/mahmoud/airflow_env/lib/python3.10/site-packages/airflow/example_dags/example_time_delta_sensor_async.py
[2024-01-14T15:38:25.475+0200] {processor.py:840} INFO - DAG(s) 'example_time_delta_sensor_async' retrieved from /home/mahmoud/airflow_env/lib/python3.10/site-packages/airflow/example_dags/example_time_delta_sensor_async.py
[2024-01-14T15:38:25.491+0200] {logging_mixin.py:188} INFO - [2024-01-14T15:38:25.491+0200] {dag.py:3033} INFO - Sync 1 DAGs
[2024-01-14T15:38:25.501+0200] {logging_mixin.py:188} INFO - [2024-01-14T15:38:25.501+0200] {dag.py:3820} INFO - Setting next_dagrun for example_time_delta_sensor_async to None, run_after=None
[2024-01-14T15:38:25.522+0200] {processor.py:183} INFO - Processing /home/mahmoud/airflow_env/lib/python3.10/site-packages/airflow/example_dags/example_time_delta_sensor_async.py took 0.065 seconds
[2024-01-14T15:39:21.616+0200] {processor.py:161} INFO - Started process (PID=25140) to work on /home/mahmoud/airflow_env/lib/python3.10/site-packages/airflow/example_dags/example_time_delta_sensor_async.py
[2024-01-14T15:39:21.618+0200] {processor.py:830} INFO - Processing file /home/mahmoud/airflow_env/lib/python3.10/site-packages/airflow/example_dags/example_time_delta_sensor_async.py for tasks to queue
[2024-01-14T15:39:21.619+0200] {logging_mixin.py:188} INFO - [2024-01-14T15:39:21.618+0200] {dagbag.py:538} INFO - Filling up the DagBag from /home/mahmoud/airflow_env/lib/python3.10/site-packages/airflow/example_dags/example_time_delta_sensor_async.py
[2024-01-14T15:39:21.623+0200] {processor.py:840} INFO - DAG(s) 'example_time_delta_sensor_async' retrieved from /home/mahmoud/airflow_env/lib/python3.10/site-packages/airflow/example_dags/example_time_delta_sensor_async.py
[2024-01-14T15:39:21.638+0200] {logging_mixin.py:188} INFO - [2024-01-14T15:39:21.638+0200] {dag.py:3033} INFO - Sync 1 DAGs
[2024-01-14T15:39:21.648+0200] {logging_mixin.py:188} INFO - [2024-01-14T15:39:21.648+0200] {dag.py:3820} INFO - Setting next_dagrun for example_time_delta_sensor_async to None, run_after=None
[2024-01-14T15:39:21.667+0200] {processor.py:183} INFO - Processing /home/mahmoud/airflow_env/lib/python3.10/site-packages/airflow/example_dags/example_time_delta_sensor_async.py took 0.055 seconds
[2024-01-14T15:40:11.503+0200] {processor.py:161} INFO - Started process (PID=25336) to work on /home/mahmoud/airflow_env/lib/python3.10/site-packages/airflow/example_dags/example_time_delta_sensor_async.py
[2024-01-14T15:40:11.506+0200] {processor.py:830} INFO - Processing file /home/mahmoud/airflow_env/lib/python3.10/site-packages/airflow/example_dags/example_time_delta_sensor_async.py for tasks to queue
[2024-01-14T15:40:11.507+0200] {logging_mixin.py:188} INFO - [2024-01-14T15:40:11.506+0200] {dagbag.py:538} INFO - Filling up the DagBag from /home/mahmoud/airflow_env/lib/python3.10/site-packages/airflow/example_dags/example_time_delta_sensor_async.py
[2024-01-14T15:40:11.513+0200] {processor.py:840} INFO - DAG(s) 'example_time_delta_sensor_async' retrieved from /home/mahmoud/airflow_env/lib/python3.10/site-packages/airflow/example_dags/example_time_delta_sensor_async.py
[2024-01-14T15:40:11.533+0200] {logging_mixin.py:188} INFO - [2024-01-14T15:40:11.532+0200] {dag.py:3033} INFO - Sync 1 DAGs
[2024-01-14T15:40:11.547+0200] {logging_mixin.py:188} INFO - [2024-01-14T15:40:11.546+0200] {dag.py:3820} INFO - Setting next_dagrun for example_time_delta_sensor_async to None, run_after=None
[2024-01-14T15:40:11.579+0200] {processor.py:183} INFO - Processing /home/mahmoud/airflow_env/lib/python3.10/site-packages/airflow/example_dags/example_time_delta_sensor_async.py took 0.081 seconds
[2024-01-14T15:41:08.013+0200] {processor.py:161} INFO - Started process (PID=25625) to work on /home/mahmoud/airflow_env/lib/python3.10/site-packages/airflow/example_dags/example_time_delta_sensor_async.py
[2024-01-14T15:41:08.015+0200] {processor.py:830} INFO - Processing file /home/mahmoud/airflow_env/lib/python3.10/site-packages/airflow/example_dags/example_time_delta_sensor_async.py for tasks to queue
[2024-01-14T15:41:08.016+0200] {logging_mixin.py:188} INFO - [2024-01-14T15:41:08.016+0200] {dagbag.py:538} INFO - Filling up the DagBag from /home/mahmoud/airflow_env/lib/python3.10/site-packages/airflow/example_dags/example_time_delta_sensor_async.py
[2024-01-14T15:41:08.022+0200] {processor.py:840} INFO - DAG(s) 'example_time_delta_sensor_async' retrieved from /home/mahmoud/airflow_env/lib/python3.10/site-packages/airflow/example_dags/example_time_delta_sensor_async.py
[2024-01-14T15:41:08.037+0200] {logging_mixin.py:188} INFO - [2024-01-14T15:41:08.037+0200] {dag.py:3033} INFO - Sync 1 DAGs
[2024-01-14T15:41:08.049+0200] {logging_mixin.py:188} INFO - [2024-01-14T15:41:08.049+0200] {dag.py:3820} INFO - Setting next_dagrun for example_time_delta_sensor_async to None, run_after=None
[2024-01-14T15:41:08.075+0200] {processor.py:183} INFO - Processing /home/mahmoud/airflow_env/lib/python3.10/site-packages/airflow/example_dags/example_time_delta_sensor_async.py took 0.067 seconds
[2024-01-14T15:41:59.171+0200] {processor.py:161} INFO - Started process (PID=25828) to work on /home/mahmoud/airflow_env/lib/python3.10/site-packages/airflow/example_dags/example_time_delta_sensor_async.py
[2024-01-14T15:41:59.173+0200] {processor.py:830} INFO - Processing file /home/mahmoud/airflow_env/lib/python3.10/site-packages/airflow/example_dags/example_time_delta_sensor_async.py for tasks to queue
[2024-01-14T15:41:59.174+0200] {logging_mixin.py:188} INFO - [2024-01-14T15:41:59.174+0200] {dagbag.py:538} INFO - Filling up the DagBag from /home/mahmoud/airflow_env/lib/python3.10/site-packages/airflow/example_dags/example_time_delta_sensor_async.py
[2024-01-14T15:41:59.179+0200] {processor.py:840} INFO - DAG(s) 'example_time_delta_sensor_async' retrieved from /home/mahmoud/airflow_env/lib/python3.10/site-packages/airflow/example_dags/example_time_delta_sensor_async.py
[2024-01-14T15:41:59.195+0200] {logging_mixin.py:188} INFO - [2024-01-14T15:41:59.195+0200] {dag.py:3033} INFO - Sync 1 DAGs
[2024-01-14T15:41:59.207+0200] {logging_mixin.py:188} INFO - [2024-01-14T15:41:59.206+0200] {dag.py:3820} INFO - Setting next_dagrun for example_time_delta_sensor_async to None, run_after=None
[2024-01-14T15:41:59.231+0200] {processor.py:183} INFO - Processing /home/mahmoud/airflow_env/lib/python3.10/site-packages/airflow/example_dags/example_time_delta_sensor_async.py took 0.064 seconds
[2024-01-14T15:43:29.291+0200] {processor.py:161} INFO - Started process (PID=26740) to work on /home/mahmoud/airflow_env/lib/python3.10/site-packages/airflow/example_dags/example_time_delta_sensor_async.py
[2024-01-14T15:43:29.293+0200] {processor.py:830} INFO - Processing file /home/mahmoud/airflow_env/lib/python3.10/site-packages/airflow/example_dags/example_time_delta_sensor_async.py for tasks to queue
[2024-01-14T15:43:29.294+0200] {logging_mixin.py:188} INFO - [2024-01-14T15:43:29.293+0200] {dagbag.py:538} INFO - Filling up the DagBag from /home/mahmoud/airflow_env/lib/python3.10/site-packages/airflow/example_dags/example_time_delta_sensor_async.py
[2024-01-14T15:43:29.300+0200] {processor.py:840} INFO - DAG(s) 'example_time_delta_sensor_async' retrieved from /home/mahmoud/airflow_env/lib/python3.10/site-packages/airflow/example_dags/example_time_delta_sensor_async.py
[2024-01-14T15:43:29.315+0200] {logging_mixin.py:188} INFO - [2024-01-14T15:43:29.314+0200] {dag.py:3033} INFO - Sync 1 DAGs
[2024-01-14T15:43:29.325+0200] {logging_mixin.py:188} INFO - [2024-01-14T15:43:29.325+0200] {dag.py:3820} INFO - Setting next_dagrun for example_time_delta_sensor_async to None, run_after=None
[2024-01-14T15:43:29.348+0200] {processor.py:183} INFO - Processing /home/mahmoud/airflow_env/lib/python3.10/site-packages/airflow/example_dags/example_time_delta_sensor_async.py took 0.063 seconds
[2024-01-14T15:44:35.621+0200] {processor.py:161} INFO - Started process (PID=27410) to work on /home/mahmoud/airflow_env/lib/python3.10/site-packages/airflow/example_dags/example_time_delta_sensor_async.py
[2024-01-14T15:44:35.623+0200] {processor.py:830} INFO - Processing file /home/mahmoud/airflow_env/lib/python3.10/site-packages/airflow/example_dags/example_time_delta_sensor_async.py for tasks to queue
[2024-01-14T15:44:35.623+0200] {logging_mixin.py:188} INFO - [2024-01-14T15:44:35.623+0200] {dagbag.py:538} INFO - Filling up the DagBag from /home/mahmoud/airflow_env/lib/python3.10/site-packages/airflow/example_dags/example_time_delta_sensor_async.py
[2024-01-14T15:44:35.628+0200] {processor.py:840} INFO - DAG(s) 'example_time_delta_sensor_async' retrieved from /home/mahmoud/airflow_env/lib/python3.10/site-packages/airflow/example_dags/example_time_delta_sensor_async.py
[2024-01-14T15:44:35.642+0200] {logging_mixin.py:188} INFO - [2024-01-14T15:44:35.642+0200] {dag.py:3033} INFO - Sync 1 DAGs
[2024-01-14T15:44:35.652+0200] {logging_mixin.py:188} INFO - [2024-01-14T15:44:35.652+0200] {dag.py:3820} INFO - Setting next_dagrun for example_time_delta_sensor_async to None, run_after=None
[2024-01-14T15:44:35.677+0200] {processor.py:183} INFO - Processing /home/mahmoud/airflow_env/lib/python3.10/site-packages/airflow/example_dags/example_time_delta_sensor_async.py took 0.059 seconds
[2024-01-14T15:45:23.667+0200] {processor.py:161} INFO - Started process (PID=27776) to work on /home/mahmoud/airflow_env/lib/python3.10/site-packages/airflow/example_dags/example_time_delta_sensor_async.py
[2024-01-14T15:45:23.669+0200] {processor.py:830} INFO - Processing file /home/mahmoud/airflow_env/lib/python3.10/site-packages/airflow/example_dags/example_time_delta_sensor_async.py for tasks to queue
[2024-01-14T15:45:23.670+0200] {logging_mixin.py:188} INFO - [2024-01-14T15:45:23.670+0200] {dagbag.py:538} INFO - Filling up the DagBag from /home/mahmoud/airflow_env/lib/python3.10/site-packages/airflow/example_dags/example_time_delta_sensor_async.py
[2024-01-14T15:45:23.675+0200] {processor.py:840} INFO - DAG(s) 'example_time_delta_sensor_async' retrieved from /home/mahmoud/airflow_env/lib/python3.10/site-packages/airflow/example_dags/example_time_delta_sensor_async.py
[2024-01-14T15:45:23.690+0200] {logging_mixin.py:188} INFO - [2024-01-14T15:45:23.689+0200] {dag.py:3033} INFO - Sync 1 DAGs
[2024-01-14T15:45:23.702+0200] {logging_mixin.py:188} INFO - [2024-01-14T15:45:23.702+0200] {dag.py:3820} INFO - Setting next_dagrun for example_time_delta_sensor_async to None, run_after=None
[2024-01-14T15:45:23.733+0200] {processor.py:183} INFO - Processing /home/mahmoud/airflow_env/lib/python3.10/site-packages/airflow/example_dags/example_time_delta_sensor_async.py took 0.069 seconds
[2024-01-14T15:46:15.555+0200] {processor.py:161} INFO - Started process (PID=27979) to work on /home/mahmoud/airflow_env/lib/python3.10/site-packages/airflow/example_dags/example_time_delta_sensor_async.py
[2024-01-14T15:46:15.556+0200] {processor.py:830} INFO - Processing file /home/mahmoud/airflow_env/lib/python3.10/site-packages/airflow/example_dags/example_time_delta_sensor_async.py for tasks to queue
[2024-01-14T15:46:15.558+0200] {logging_mixin.py:188} INFO - [2024-01-14T15:46:15.557+0200] {dagbag.py:538} INFO - Filling up the DagBag from /home/mahmoud/airflow_env/lib/python3.10/site-packages/airflow/example_dags/example_time_delta_sensor_async.py
[2024-01-14T15:46:15.564+0200] {processor.py:840} INFO - DAG(s) 'example_time_delta_sensor_async' retrieved from /home/mahmoud/airflow_env/lib/python3.10/site-packages/airflow/example_dags/example_time_delta_sensor_async.py
[2024-01-14T15:46:15.580+0200] {logging_mixin.py:188} INFO - [2024-01-14T15:46:15.580+0200] {dag.py:3033} INFO - Sync 1 DAGs
[2024-01-14T15:46:15.590+0200] {logging_mixin.py:188} INFO - [2024-01-14T15:46:15.590+0200] {dag.py:3820} INFO - Setting next_dagrun for example_time_delta_sensor_async to None, run_after=None
[2024-01-14T15:46:15.615+0200] {processor.py:183} INFO - Processing /home/mahmoud/airflow_env/lib/python3.10/site-packages/airflow/example_dags/example_time_delta_sensor_async.py took 0.064 seconds
[2024-01-14T15:47:10.203+0200] {processor.py:161} INFO - Started process (PID=28263) to work on /home/mahmoud/airflow_env/lib/python3.10/site-packages/airflow/example_dags/example_time_delta_sensor_async.py
[2024-01-14T15:47:10.205+0200] {processor.py:830} INFO - Processing file /home/mahmoud/airflow_env/lib/python3.10/site-packages/airflow/example_dags/example_time_delta_sensor_async.py for tasks to queue
[2024-01-14T15:47:10.206+0200] {logging_mixin.py:188} INFO - [2024-01-14T15:47:10.206+0200] {dagbag.py:538} INFO - Filling up the DagBag from /home/mahmoud/airflow_env/lib/python3.10/site-packages/airflow/example_dags/example_time_delta_sensor_async.py
[2024-01-14T15:47:10.210+0200] {processor.py:840} INFO - DAG(s) 'example_time_delta_sensor_async' retrieved from /home/mahmoud/airflow_env/lib/python3.10/site-packages/airflow/example_dags/example_time_delta_sensor_async.py
[2024-01-14T15:47:10.222+0200] {logging_mixin.py:188} INFO - [2024-01-14T15:47:10.221+0200] {dag.py:3033} INFO - Sync 1 DAGs
[2024-01-14T15:47:10.231+0200] {logging_mixin.py:188} INFO - [2024-01-14T15:47:10.231+0200] {dag.py:3820} INFO - Setting next_dagrun for example_time_delta_sensor_async to None, run_after=None
[2024-01-14T15:47:10.251+0200] {processor.py:183} INFO - Processing /home/mahmoud/airflow_env/lib/python3.10/site-packages/airflow/example_dags/example_time_delta_sensor_async.py took 0.050 seconds
[2024-01-14T15:48:02.521+0200] {processor.py:161} INFO - Started process (PID=28495) to work on /home/mahmoud/airflow_env/lib/python3.10/site-packages/airflow/example_dags/example_time_delta_sensor_async.py
[2024-01-14T15:48:02.524+0200] {processor.py:830} INFO - Processing file /home/mahmoud/airflow_env/lib/python3.10/site-packages/airflow/example_dags/example_time_delta_sensor_async.py for tasks to queue
[2024-01-14T15:48:02.526+0200] {logging_mixin.py:188} INFO - [2024-01-14T15:48:02.525+0200] {dagbag.py:538} INFO - Filling up the DagBag from /home/mahmoud/airflow_env/lib/python3.10/site-packages/airflow/example_dags/example_time_delta_sensor_async.py
[2024-01-14T15:48:02.535+0200] {processor.py:840} INFO - DAG(s) 'example_time_delta_sensor_async' retrieved from /home/mahmoud/airflow_env/lib/python3.10/site-packages/airflow/example_dags/example_time_delta_sensor_async.py
[2024-01-14T15:48:02.556+0200] {logging_mixin.py:188} INFO - [2024-01-14T15:48:02.555+0200] {dag.py:3033} INFO - Sync 1 DAGs
[2024-01-14T15:48:02.568+0200] {logging_mixin.py:188} INFO - [2024-01-14T15:48:02.567+0200] {dag.py:3820} INFO - Setting next_dagrun for example_time_delta_sensor_async to None, run_after=None
[2024-01-14T15:48:02.590+0200] {processor.py:183} INFO - Processing /home/mahmoud/airflow_env/lib/python3.10/site-packages/airflow/example_dags/example_time_delta_sensor_async.py took 0.078 seconds
[2024-01-14T15:48:55.413+0200] {processor.py:161} INFO - Started process (PID=28706) to work on /home/mahmoud/airflow_env/lib/python3.10/site-packages/airflow/example_dags/example_time_delta_sensor_async.py
[2024-01-14T15:48:55.416+0200] {processor.py:830} INFO - Processing file /home/mahmoud/airflow_env/lib/python3.10/site-packages/airflow/example_dags/example_time_delta_sensor_async.py for tasks to queue
[2024-01-14T15:48:55.417+0200] {logging_mixin.py:188} INFO - [2024-01-14T15:48:55.416+0200] {dagbag.py:538} INFO - Filling up the DagBag from /home/mahmoud/airflow_env/lib/python3.10/site-packages/airflow/example_dags/example_time_delta_sensor_async.py
[2024-01-14T15:48:55.422+0200] {processor.py:840} INFO - DAG(s) 'example_time_delta_sensor_async' retrieved from /home/mahmoud/airflow_env/lib/python3.10/site-packages/airflow/example_dags/example_time_delta_sensor_async.py
[2024-01-14T15:48:55.438+0200] {logging_mixin.py:188} INFO - [2024-01-14T15:48:55.437+0200] {dag.py:3033} INFO - Sync 1 DAGs
[2024-01-14T15:48:55.448+0200] {logging_mixin.py:188} INFO - [2024-01-14T15:48:55.448+0200] {dag.py:3820} INFO - Setting next_dagrun for example_time_delta_sensor_async to None, run_after=None
[2024-01-14T15:48:55.472+0200] {processor.py:183} INFO - Processing /home/mahmoud/airflow_env/lib/python3.10/site-packages/airflow/example_dags/example_time_delta_sensor_async.py took 0.062 seconds
[2024-01-14T15:49:49.554+0200] {processor.py:161} INFO - Started process (PID=28918) to work on /home/mahmoud/airflow_env/lib/python3.10/site-packages/airflow/example_dags/example_time_delta_sensor_async.py
[2024-01-14T15:49:49.555+0200] {processor.py:830} INFO - Processing file /home/mahmoud/airflow_env/lib/python3.10/site-packages/airflow/example_dags/example_time_delta_sensor_async.py for tasks to queue
[2024-01-14T15:49:49.555+0200] {logging_mixin.py:188} INFO - [2024-01-14T15:49:49.555+0200] {dagbag.py:538} INFO - Filling up the DagBag from /home/mahmoud/airflow_env/lib/python3.10/site-packages/airflow/example_dags/example_time_delta_sensor_async.py
[2024-01-14T15:49:49.559+0200] {processor.py:840} INFO - DAG(s) 'example_time_delta_sensor_async' retrieved from /home/mahmoud/airflow_env/lib/python3.10/site-packages/airflow/example_dags/example_time_delta_sensor_async.py
[2024-01-14T15:49:49.571+0200] {logging_mixin.py:188} INFO - [2024-01-14T15:49:49.571+0200] {dag.py:3033} INFO - Sync 1 DAGs
[2024-01-14T15:49:49.579+0200] {logging_mixin.py:188} INFO - [2024-01-14T15:49:49.579+0200] {dag.py:3820} INFO - Setting next_dagrun for example_time_delta_sensor_async to None, run_after=None
[2024-01-14T15:49:49.603+0200] {processor.py:183} INFO - Processing /home/mahmoud/airflow_env/lib/python3.10/site-packages/airflow/example_dags/example_time_delta_sensor_async.py took 0.051 seconds
[2024-01-14T15:50:40.128+0200] {processor.py:161} INFO - Started process (PID=29121) to work on /home/mahmoud/airflow_env/lib/python3.10/site-packages/airflow/example_dags/example_time_delta_sensor_async.py
[2024-01-14T15:50:40.130+0200] {processor.py:830} INFO - Processing file /home/mahmoud/airflow_env/lib/python3.10/site-packages/airflow/example_dags/example_time_delta_sensor_async.py for tasks to queue
[2024-01-14T15:50:40.131+0200] {logging_mixin.py:188} INFO - [2024-01-14T15:50:40.131+0200] {dagbag.py:538} INFO - Filling up the DagBag from /home/mahmoud/airflow_env/lib/python3.10/site-packages/airflow/example_dags/example_time_delta_sensor_async.py
[2024-01-14T15:50:40.136+0200] {processor.py:840} INFO - DAG(s) 'example_time_delta_sensor_async' retrieved from /home/mahmoud/airflow_env/lib/python3.10/site-packages/airflow/example_dags/example_time_delta_sensor_async.py
[2024-01-14T15:50:40.151+0200] {logging_mixin.py:188} INFO - [2024-01-14T15:50:40.150+0200] {dag.py:3033} INFO - Sync 1 DAGs
[2024-01-14T15:50:40.161+0200] {logging_mixin.py:188} INFO - [2024-01-14T15:50:40.161+0200] {dag.py:3820} INFO - Setting next_dagrun for example_time_delta_sensor_async to None, run_after=None
[2024-01-14T15:50:40.186+0200] {processor.py:183} INFO - Processing /home/mahmoud/airflow_env/lib/python3.10/site-packages/airflow/example_dags/example_time_delta_sensor_async.py took 0.061 seconds
[2024-01-14T15:51:33.866+0200] {processor.py:161} INFO - Started process (PID=29331) to work on /home/mahmoud/airflow_env/lib/python3.10/site-packages/airflow/example_dags/example_time_delta_sensor_async.py
[2024-01-14T15:51:33.867+0200] {processor.py:830} INFO - Processing file /home/mahmoud/airflow_env/lib/python3.10/site-packages/airflow/example_dags/example_time_delta_sensor_async.py for tasks to queue
[2024-01-14T15:51:33.867+0200] {logging_mixin.py:188} INFO - [2024-01-14T15:51:33.867+0200] {dagbag.py:538} INFO - Filling up the DagBag from /home/mahmoud/airflow_env/lib/python3.10/site-packages/airflow/example_dags/example_time_delta_sensor_async.py
[2024-01-14T15:51:33.871+0200] {processor.py:840} INFO - DAG(s) 'example_time_delta_sensor_async' retrieved from /home/mahmoud/airflow_env/lib/python3.10/site-packages/airflow/example_dags/example_time_delta_sensor_async.py
[2024-01-14T15:51:33.885+0200] {logging_mixin.py:188} INFO - [2024-01-14T15:51:33.884+0200] {dag.py:3033} INFO - Sync 1 DAGs
[2024-01-14T15:51:33.894+0200] {logging_mixin.py:188} INFO - [2024-01-14T15:51:33.894+0200] {dag.py:3820} INFO - Setting next_dagrun for example_time_delta_sensor_async to None, run_after=None
[2024-01-14T15:51:33.917+0200] {processor.py:183} INFO - Processing /home/mahmoud/airflow_env/lib/python3.10/site-packages/airflow/example_dags/example_time_delta_sensor_async.py took 0.054 seconds
[2024-01-14T15:52:24.263+0200] {processor.py:161} INFO - Started process (PID=29529) to work on /home/mahmoud/airflow_env/lib/python3.10/site-packages/airflow/example_dags/example_time_delta_sensor_async.py
[2024-01-14T15:52:24.265+0200] {processor.py:830} INFO - Processing file /home/mahmoud/airflow_env/lib/python3.10/site-packages/airflow/example_dags/example_time_delta_sensor_async.py for tasks to queue
[2024-01-14T15:52:24.266+0200] {logging_mixin.py:188} INFO - [2024-01-14T15:52:24.265+0200] {dagbag.py:538} INFO - Filling up the DagBag from /home/mahmoud/airflow_env/lib/python3.10/site-packages/airflow/example_dags/example_time_delta_sensor_async.py
[2024-01-14T15:52:24.270+0200] {processor.py:840} INFO - DAG(s) 'example_time_delta_sensor_async' retrieved from /home/mahmoud/airflow_env/lib/python3.10/site-packages/airflow/example_dags/example_time_delta_sensor_async.py
[2024-01-14T15:52:24.284+0200] {logging_mixin.py:188} INFO - [2024-01-14T15:52:24.284+0200] {dag.py:3033} INFO - Sync 1 DAGs
[2024-01-14T15:52:24.295+0200] {logging_mixin.py:188} INFO - [2024-01-14T15:52:24.294+0200] {dag.py:3820} INFO - Setting next_dagrun for example_time_delta_sensor_async to None, run_after=None
[2024-01-14T15:52:24.315+0200] {processor.py:183} INFO - Processing /home/mahmoud/airflow_env/lib/python3.10/site-packages/airflow/example_dags/example_time_delta_sensor_async.py took 0.055 seconds
[2024-01-14T15:53:14.567+0200] {processor.py:161} INFO - Started process (PID=29761) to work on /home/mahmoud/airflow_env/lib/python3.10/site-packages/airflow/example_dags/example_time_delta_sensor_async.py
[2024-01-14T15:53:14.569+0200] {processor.py:830} INFO - Processing file /home/mahmoud/airflow_env/lib/python3.10/site-packages/airflow/example_dags/example_time_delta_sensor_async.py for tasks to queue
[2024-01-14T15:53:14.570+0200] {logging_mixin.py:188} INFO - [2024-01-14T15:53:14.570+0200] {dagbag.py:538} INFO - Filling up the DagBag from /home/mahmoud/airflow_env/lib/python3.10/site-packages/airflow/example_dags/example_time_delta_sensor_async.py
[2024-01-14T15:53:14.574+0200] {processor.py:840} INFO - DAG(s) 'example_time_delta_sensor_async' retrieved from /home/mahmoud/airflow_env/lib/python3.10/site-packages/airflow/example_dags/example_time_delta_sensor_async.py
[2024-01-14T15:53:14.588+0200] {logging_mixin.py:188} INFO - [2024-01-14T15:53:14.588+0200] {dag.py:3033} INFO - Sync 1 DAGs
[2024-01-14T15:53:14.598+0200] {logging_mixin.py:188} INFO - [2024-01-14T15:53:14.598+0200] {dag.py:3820} INFO - Setting next_dagrun for example_time_delta_sensor_async to None, run_after=None
[2024-01-14T15:53:14.619+0200] {processor.py:183} INFO - Processing /home/mahmoud/airflow_env/lib/python3.10/site-packages/airflow/example_dags/example_time_delta_sensor_async.py took 0.054 seconds
[2024-01-14T15:54:25.164+0200] {processor.py:161} INFO - Started process (PID=30013) to work on /home/mahmoud/airflow_env/lib/python3.10/site-packages/airflow/example_dags/example_time_delta_sensor_async.py
[2024-01-14T15:54:25.169+0200] {processor.py:830} INFO - Processing file /home/mahmoud/airflow_env/lib/python3.10/site-packages/airflow/example_dags/example_time_delta_sensor_async.py for tasks to queue
[2024-01-14T15:54:25.173+0200] {logging_mixin.py:188} INFO - [2024-01-14T15:54:25.171+0200] {dagbag.py:538} INFO - Filling up the DagBag from /home/mahmoud/airflow_env/lib/python3.10/site-packages/airflow/example_dags/example_time_delta_sensor_async.py
[2024-01-14T15:54:25.196+0200] {processor.py:840} INFO - DAG(s) 'example_time_delta_sensor_async' retrieved from /home/mahmoud/airflow_env/lib/python3.10/site-packages/airflow/example_dags/example_time_delta_sensor_async.py
[2024-01-14T15:54:25.277+0200] {logging_mixin.py:188} INFO - [2024-01-14T15:54:25.276+0200] {dag.py:3033} INFO - Sync 1 DAGs
[2024-01-14T15:54:25.316+0200] {logging_mixin.py:188} INFO - [2024-01-14T15:54:25.316+0200] {dag.py:3820} INFO - Setting next_dagrun for example_time_delta_sensor_async to None, run_after=None
[2024-01-14T15:54:25.383+0200] {processor.py:183} INFO - Processing /home/mahmoud/airflow_env/lib/python3.10/site-packages/airflow/example_dags/example_time_delta_sensor_async.py took 0.229 seconds
[2024-01-14T15:55:37.539+0200] {processor.py:161} INFO - Started process (PID=30261) to work on /home/mahmoud/airflow_env/lib/python3.10/site-packages/airflow/example_dags/example_time_delta_sensor_async.py
[2024-01-14T15:55:37.543+0200] {processor.py:830} INFO - Processing file /home/mahmoud/airflow_env/lib/python3.10/site-packages/airflow/example_dags/example_time_delta_sensor_async.py for tasks to queue
[2024-01-14T15:55:37.545+0200] {logging_mixin.py:188} INFO - [2024-01-14T15:55:37.544+0200] {dagbag.py:538} INFO - Filling up the DagBag from /home/mahmoud/airflow_env/lib/python3.10/site-packages/airflow/example_dags/example_time_delta_sensor_async.py
[2024-01-14T15:55:37.559+0200] {processor.py:840} INFO - DAG(s) 'example_time_delta_sensor_async' retrieved from /home/mahmoud/airflow_env/lib/python3.10/site-packages/airflow/example_dags/example_time_delta_sensor_async.py
[2024-01-14T15:55:37.605+0200] {logging_mixin.py:188} INFO - [2024-01-14T15:55:37.604+0200] {dag.py:3033} INFO - Sync 1 DAGs
[2024-01-14T15:55:37.638+0200] {logging_mixin.py:188} INFO - [2024-01-14T15:55:37.638+0200] {dag.py:3820} INFO - Setting next_dagrun for example_time_delta_sensor_async to None, run_after=None
[2024-01-14T15:55:37.702+0200] {processor.py:183} INFO - Processing /home/mahmoud/airflow_env/lib/python3.10/site-packages/airflow/example_dags/example_time_delta_sensor_async.py took 0.171 seconds
[2024-01-14T15:56:37.051+0200] {processor.py:161} INFO - Started process (PID=30473) to work on /home/mahmoud/airflow_env/lib/python3.10/site-packages/airflow/example_dags/example_time_delta_sensor_async.py
[2024-01-14T15:56:37.054+0200] {processor.py:830} INFO - Processing file /home/mahmoud/airflow_env/lib/python3.10/site-packages/airflow/example_dags/example_time_delta_sensor_async.py for tasks to queue
[2024-01-14T15:56:37.057+0200] {logging_mixin.py:188} INFO - [2024-01-14T15:56:37.056+0200] {dagbag.py:538} INFO - Filling up the DagBag from /home/mahmoud/airflow_env/lib/python3.10/site-packages/airflow/example_dags/example_time_delta_sensor_async.py
[2024-01-14T15:56:37.072+0200] {processor.py:840} INFO - DAG(s) 'example_time_delta_sensor_async' retrieved from /home/mahmoud/airflow_env/lib/python3.10/site-packages/airflow/example_dags/example_time_delta_sensor_async.py
[2024-01-14T15:56:37.123+0200] {logging_mixin.py:188} INFO - [2024-01-14T15:56:37.122+0200] {dag.py:3033} INFO - Sync 1 DAGs
[2024-01-14T15:56:37.162+0200] {logging_mixin.py:188} INFO - [2024-01-14T15:56:37.161+0200] {dag.py:3820} INFO - Setting next_dagrun for example_time_delta_sensor_async to None, run_after=None
[2024-01-14T15:56:37.230+0200] {processor.py:183} INFO - Processing /home/mahmoud/airflow_env/lib/python3.10/site-packages/airflow/example_dags/example_time_delta_sensor_async.py took 0.189 seconds
[2024-01-14T15:57:35.413+0200] {processor.py:161} INFO - Started process (PID=30678) to work on /home/mahmoud/airflow_env/lib/python3.10/site-packages/airflow/example_dags/example_time_delta_sensor_async.py
[2024-01-14T15:57:35.417+0200] {processor.py:830} INFO - Processing file /home/mahmoud/airflow_env/lib/python3.10/site-packages/airflow/example_dags/example_time_delta_sensor_async.py for tasks to queue
[2024-01-14T15:57:35.420+0200] {logging_mixin.py:188} INFO - [2024-01-14T15:57:35.419+0200] {dagbag.py:538} INFO - Filling up the DagBag from /home/mahmoud/airflow_env/lib/python3.10/site-packages/airflow/example_dags/example_time_delta_sensor_async.py
[2024-01-14T15:57:35.437+0200] {processor.py:840} INFO - DAG(s) 'example_time_delta_sensor_async' retrieved from /home/mahmoud/airflow_env/lib/python3.10/site-packages/airflow/example_dags/example_time_delta_sensor_async.py
[2024-01-14T15:57:35.518+0200] {logging_mixin.py:188} INFO - [2024-01-14T15:57:35.517+0200] {dag.py:3033} INFO - Sync 1 DAGs
[2024-01-14T15:57:35.563+0200] {logging_mixin.py:188} INFO - [2024-01-14T15:57:35.562+0200] {dag.py:3820} INFO - Setting next_dagrun for example_time_delta_sensor_async to None, run_after=None
[2024-01-14T15:57:35.812+0200] {processor.py:183} INFO - Processing /home/mahmoud/airflow_env/lib/python3.10/site-packages/airflow/example_dags/example_time_delta_sensor_async.py took 0.410 seconds
