[2024-01-14T14:40:24.336+0200] {processor.py:161} INFO - Started process (PID=9633) to work on /home/mahmoud/airflow_env/lib/python3.10/site-packages/airflow/example_dags/example_setup_teardown_taskflow.py
[2024-01-14T14:40:24.337+0200] {processor.py:830} INFO - Processing file /home/mahmoud/airflow_env/lib/python3.10/site-packages/airflow/example_dags/example_setup_teardown_taskflow.py for tasks to queue
[2024-01-14T14:40:24.337+0200] {logging_mixin.py:188} INFO - [2024-01-14T14:40:24.337+0200] {dagbag.py:538} INFO - Filling up the DagBag from /home/mahmoud/airflow_env/lib/python3.10/site-packages/airflow/example_dags/example_setup_teardown_taskflow.py
[2024-01-14T14:40:24.349+0200] {processor.py:840} INFO - DAG(s) 'example_setup_teardown_taskflow' retrieved from /home/mahmoud/airflow_env/lib/python3.10/site-packages/airflow/example_dags/example_setup_teardown_taskflow.py
[2024-01-14T14:40:24.527+0200] {logging_mixin.py:188} INFO - [2024-01-14T14:40:24.527+0200] {override.py:1769} INFO - Created Permission View: can edit on DAG:example_setup_teardown_taskflow
[2024-01-14T14:40:24.540+0200] {logging_mixin.py:188} INFO - [2024-01-14T14:40:24.539+0200] {override.py:1769} INFO - Created Permission View: can read on DAG:example_setup_teardown_taskflow
[2024-01-14T14:40:24.551+0200] {logging_mixin.py:188} INFO - [2024-01-14T14:40:24.551+0200] {override.py:1769} INFO - Created Permission View: can delete on DAG:example_setup_teardown_taskflow
[2024-01-14T14:40:24.551+0200] {logging_mixin.py:188} INFO - [2024-01-14T14:40:24.551+0200] {dag.py:3033} INFO - Sync 1 DAGs
[2024-01-14T14:40:24.559+0200] {logging_mixin.py:188} INFO - [2024-01-14T14:40:24.559+0200] {dag.py:3055} INFO - Creating ORM DAG for example_setup_teardown_taskflow
[2024-01-14T14:40:24.567+0200] {logging_mixin.py:188} INFO - [2024-01-14T14:40:24.567+0200] {dag.py:3820} INFO - Setting next_dagrun for example_setup_teardown_taskflow to 2024-01-13T00:00:00+00:00, run_after=2024-01-14T00:00:00+00:00
[2024-01-14T14:40:24.587+0200] {processor.py:183} INFO - Processing /home/mahmoud/airflow_env/lib/python3.10/site-packages/airflow/example_dags/example_setup_teardown_taskflow.py took 0.253 seconds
[2024-01-14T15:08:03.065+0200] {processor.py:161} INFO - Started process (PID=16024) to work on /home/mahmoud/airflow_env/lib/python3.10/site-packages/airflow/example_dags/example_setup_teardown_taskflow.py
[2024-01-14T15:08:03.067+0200] {processor.py:830} INFO - Processing file /home/mahmoud/airflow_env/lib/python3.10/site-packages/airflow/example_dags/example_setup_teardown_taskflow.py for tasks to queue
[2024-01-14T15:08:03.068+0200] {logging_mixin.py:188} INFO - [2024-01-14T15:08:03.067+0200] {dagbag.py:538} INFO - Filling up the DagBag from /home/mahmoud/airflow_env/lib/python3.10/site-packages/airflow/example_dags/example_setup_teardown_taskflow.py
[2024-01-14T15:08:03.086+0200] {processor.py:840} INFO - DAG(s) 'example_setup_teardown_taskflow' retrieved from /home/mahmoud/airflow_env/lib/python3.10/site-packages/airflow/example_dags/example_setup_teardown_taskflow.py
[2024-01-14T15:08:03.109+0200] {logging_mixin.py:188} INFO - [2024-01-14T15:08:03.109+0200] {dag.py:3033} INFO - Sync 1 DAGs
[2024-01-14T15:08:03.125+0200] {logging_mixin.py:188} INFO - [2024-01-14T15:08:03.125+0200] {dag.py:3820} INFO - Setting next_dagrun for example_setup_teardown_taskflow to 2024-01-13T00:00:00+00:00, run_after=2024-01-14T00:00:00+00:00
[2024-01-14T15:08:03.227+0200] {processor.py:183} INFO - Processing /home/mahmoud/airflow_env/lib/python3.10/site-packages/airflow/example_dags/example_setup_teardown_taskflow.py took 0.167 seconds
[2024-01-14T15:08:56.690+0200] {processor.py:161} INFO - Started process (PID=16314) to work on /home/mahmoud/airflow_env/lib/python3.10/site-packages/airflow/example_dags/example_setup_teardown_taskflow.py
[2024-01-14T15:08:56.691+0200] {processor.py:830} INFO - Processing file /home/mahmoud/airflow_env/lib/python3.10/site-packages/airflow/example_dags/example_setup_teardown_taskflow.py for tasks to queue
[2024-01-14T15:08:56.692+0200] {logging_mixin.py:188} INFO - [2024-01-14T15:08:56.692+0200] {dagbag.py:538} INFO - Filling up the DagBag from /home/mahmoud/airflow_env/lib/python3.10/site-packages/airflow/example_dags/example_setup_teardown_taskflow.py
[2024-01-14T15:08:56.703+0200] {processor.py:840} INFO - DAG(s) 'example_setup_teardown_taskflow' retrieved from /home/mahmoud/airflow_env/lib/python3.10/site-packages/airflow/example_dags/example_setup_teardown_taskflow.py
[2024-01-14T15:08:56.716+0200] {logging_mixin.py:188} INFO - [2024-01-14T15:08:56.716+0200] {dag.py:3033} INFO - Sync 1 DAGs
[2024-01-14T15:08:56.734+0200] {logging_mixin.py:188} INFO - [2024-01-14T15:08:56.734+0200] {dag.py:3820} INFO - Setting next_dagrun for example_setup_teardown_taskflow to 2024-01-13T00:00:00+00:00, run_after=2024-01-14T00:00:00+00:00
[2024-01-14T15:08:56.754+0200] {processor.py:183} INFO - Processing /home/mahmoud/airflow_env/lib/python3.10/site-packages/airflow/example_dags/example_setup_teardown_taskflow.py took 0.067 seconds
[2024-01-14T15:09:38.176+0200] {processor.py:161} INFO - Started process (PID=16580) to work on /home/mahmoud/airflow_env/lib/python3.10/site-packages/airflow/example_dags/example_setup_teardown_taskflow.py
[2024-01-14T15:09:38.178+0200] {processor.py:830} INFO - Processing file /home/mahmoud/airflow_env/lib/python3.10/site-packages/airflow/example_dags/example_setup_teardown_taskflow.py for tasks to queue
[2024-01-14T15:09:38.179+0200] {logging_mixin.py:188} INFO - [2024-01-14T15:09:38.178+0200] {dagbag.py:538} INFO - Filling up the DagBag from /home/mahmoud/airflow_env/lib/python3.10/site-packages/airflow/example_dags/example_setup_teardown_taskflow.py
[2024-01-14T15:09:38.188+0200] {processor.py:840} INFO - DAG(s) 'example_setup_teardown_taskflow' retrieved from /home/mahmoud/airflow_env/lib/python3.10/site-packages/airflow/example_dags/example_setup_teardown_taskflow.py
[2024-01-14T15:09:38.202+0200] {logging_mixin.py:188} INFO - [2024-01-14T15:09:38.202+0200] {dag.py:3033} INFO - Sync 1 DAGs
[2024-01-14T15:09:38.218+0200] {logging_mixin.py:188} INFO - [2024-01-14T15:09:38.218+0200] {dag.py:3820} INFO - Setting next_dagrun for example_setup_teardown_taskflow to 2024-01-13T00:00:00+00:00, run_after=2024-01-14T00:00:00+00:00
[2024-01-14T15:09:38.237+0200] {processor.py:183} INFO - Processing /home/mahmoud/airflow_env/lib/python3.10/site-packages/airflow/example_dags/example_setup_teardown_taskflow.py took 0.065 seconds
[2024-01-14T15:10:16.478+0200] {processor.py:161} INFO - Started process (PID=16735) to work on /home/mahmoud/airflow_env/lib/python3.10/site-packages/airflow/example_dags/example_setup_teardown_taskflow.py
[2024-01-14T15:10:16.480+0200] {processor.py:830} INFO - Processing file /home/mahmoud/airflow_env/lib/python3.10/site-packages/airflow/example_dags/example_setup_teardown_taskflow.py for tasks to queue
[2024-01-14T15:10:16.482+0200] {logging_mixin.py:188} INFO - [2024-01-14T15:10:16.481+0200] {dagbag.py:538} INFO - Filling up the DagBag from /home/mahmoud/airflow_env/lib/python3.10/site-packages/airflow/example_dags/example_setup_teardown_taskflow.py
[2024-01-14T15:10:16.495+0200] {processor.py:840} INFO - DAG(s) 'example_setup_teardown_taskflow' retrieved from /home/mahmoud/airflow_env/lib/python3.10/site-packages/airflow/example_dags/example_setup_teardown_taskflow.py
[2024-01-14T15:10:16.511+0200] {logging_mixin.py:188} INFO - [2024-01-14T15:10:16.511+0200] {dag.py:3033} INFO - Sync 1 DAGs
[2024-01-14T15:10:16.528+0200] {logging_mixin.py:188} INFO - [2024-01-14T15:10:16.528+0200] {dag.py:3820} INFO - Setting next_dagrun for example_setup_teardown_taskflow to 2024-01-13T00:00:00+00:00, run_after=2024-01-14T00:00:00+00:00
[2024-01-14T15:10:16.553+0200] {processor.py:183} INFO - Processing /home/mahmoud/airflow_env/lib/python3.10/site-packages/airflow/example_dags/example_setup_teardown_taskflow.py took 0.080 seconds
[2024-01-14T15:10:55.909+0200] {processor.py:161} INFO - Started process (PID=16895) to work on /home/mahmoud/airflow_env/lib/python3.10/site-packages/airflow/example_dags/example_setup_teardown_taskflow.py
[2024-01-14T15:10:55.912+0200] {processor.py:830} INFO - Processing file /home/mahmoud/airflow_env/lib/python3.10/site-packages/airflow/example_dags/example_setup_teardown_taskflow.py for tasks to queue
[2024-01-14T15:10:55.913+0200] {logging_mixin.py:188} INFO - [2024-01-14T15:10:55.913+0200] {dagbag.py:538} INFO - Filling up the DagBag from /home/mahmoud/airflow_env/lib/python3.10/site-packages/airflow/example_dags/example_setup_teardown_taskflow.py
[2024-01-14T15:10:55.931+0200] {processor.py:840} INFO - DAG(s) 'example_setup_teardown_taskflow' retrieved from /home/mahmoud/airflow_env/lib/python3.10/site-packages/airflow/example_dags/example_setup_teardown_taskflow.py
[2024-01-14T15:10:55.950+0200] {logging_mixin.py:188} INFO - [2024-01-14T15:10:55.949+0200] {dag.py:3033} INFO - Sync 1 DAGs
[2024-01-14T15:10:55.967+0200] {logging_mixin.py:188} INFO - [2024-01-14T15:10:55.966+0200] {dag.py:3820} INFO - Setting next_dagrun for example_setup_teardown_taskflow to 2024-01-13T00:00:00+00:00, run_after=2024-01-14T00:00:00+00:00
[2024-01-14T15:10:55.986+0200] {processor.py:183} INFO - Processing /home/mahmoud/airflow_env/lib/python3.10/site-packages/airflow/example_dags/example_setup_teardown_taskflow.py took 0.082 seconds
[2024-01-14T15:11:33.761+0200] {processor.py:161} INFO - Started process (PID=17047) to work on /home/mahmoud/airflow_env/lib/python3.10/site-packages/airflow/example_dags/example_setup_teardown_taskflow.py
[2024-01-14T15:11:33.764+0200] {processor.py:830} INFO - Processing file /home/mahmoud/airflow_env/lib/python3.10/site-packages/airflow/example_dags/example_setup_teardown_taskflow.py for tasks to queue
[2024-01-14T15:11:33.764+0200] {logging_mixin.py:188} INFO - [2024-01-14T15:11:33.764+0200] {dagbag.py:538} INFO - Filling up the DagBag from /home/mahmoud/airflow_env/lib/python3.10/site-packages/airflow/example_dags/example_setup_teardown_taskflow.py
[2024-01-14T15:11:33.774+0200] {processor.py:840} INFO - DAG(s) 'example_setup_teardown_taskflow' retrieved from /home/mahmoud/airflow_env/lib/python3.10/site-packages/airflow/example_dags/example_setup_teardown_taskflow.py
[2024-01-14T15:11:33.789+0200] {logging_mixin.py:188} INFO - [2024-01-14T15:11:33.789+0200] {dag.py:3033} INFO - Sync 1 DAGs
[2024-01-14T15:11:33.806+0200] {logging_mixin.py:188} INFO - [2024-01-14T15:11:33.806+0200] {dag.py:3820} INFO - Setting next_dagrun for example_setup_teardown_taskflow to 2024-01-13T00:00:00+00:00, run_after=2024-01-14T00:00:00+00:00
[2024-01-14T15:11:33.829+0200] {processor.py:183} INFO - Processing /home/mahmoud/airflow_env/lib/python3.10/site-packages/airflow/example_dags/example_setup_teardown_taskflow.py took 0.071 seconds
[2024-01-14T15:12:11.023+0200] {processor.py:161} INFO - Started process (PID=17236) to work on /home/mahmoud/airflow_env/lib/python3.10/site-packages/airflow/example_dags/example_setup_teardown_taskflow.py
[2024-01-14T15:12:11.025+0200] {processor.py:830} INFO - Processing file /home/mahmoud/airflow_env/lib/python3.10/site-packages/airflow/example_dags/example_setup_teardown_taskflow.py for tasks to queue
[2024-01-14T15:12:11.027+0200] {logging_mixin.py:188} INFO - [2024-01-14T15:12:11.026+0200] {dagbag.py:538} INFO - Filling up the DagBag from /home/mahmoud/airflow_env/lib/python3.10/site-packages/airflow/example_dags/example_setup_teardown_taskflow.py
[2024-01-14T15:12:11.044+0200] {processor.py:840} INFO - DAG(s) 'example_setup_teardown_taskflow' retrieved from /home/mahmoud/airflow_env/lib/python3.10/site-packages/airflow/example_dags/example_setup_teardown_taskflow.py
[2024-01-14T15:12:11.060+0200] {logging_mixin.py:188} INFO - [2024-01-14T15:12:11.060+0200] {dag.py:3033} INFO - Sync 1 DAGs
[2024-01-14T15:12:11.076+0200] {logging_mixin.py:188} INFO - [2024-01-14T15:12:11.076+0200] {dag.py:3820} INFO - Setting next_dagrun for example_setup_teardown_taskflow to 2024-01-13T00:00:00+00:00, run_after=2024-01-14T00:00:00+00:00
[2024-01-14T15:12:11.099+0200] {processor.py:183} INFO - Processing /home/mahmoud/airflow_env/lib/python3.10/site-packages/airflow/example_dags/example_setup_teardown_taskflow.py took 0.082 seconds
[2024-01-14T15:12:46.334+0200] {processor.py:161} INFO - Started process (PID=17374) to work on /home/mahmoud/airflow_env/lib/python3.10/site-packages/airflow/example_dags/example_setup_teardown_taskflow.py
[2024-01-14T15:12:46.337+0200] {processor.py:830} INFO - Processing file /home/mahmoud/airflow_env/lib/python3.10/site-packages/airflow/example_dags/example_setup_teardown_taskflow.py for tasks to queue
[2024-01-14T15:12:46.338+0200] {logging_mixin.py:188} INFO - [2024-01-14T15:12:46.338+0200] {dagbag.py:538} INFO - Filling up the DagBag from /home/mahmoud/airflow_env/lib/python3.10/site-packages/airflow/example_dags/example_setup_teardown_taskflow.py
[2024-01-14T15:12:46.352+0200] {processor.py:840} INFO - DAG(s) 'example_setup_teardown_taskflow' retrieved from /home/mahmoud/airflow_env/lib/python3.10/site-packages/airflow/example_dags/example_setup_teardown_taskflow.py
[2024-01-14T15:12:46.367+0200] {logging_mixin.py:188} INFO - [2024-01-14T15:12:46.366+0200] {dag.py:3033} INFO - Sync 1 DAGs
[2024-01-14T15:12:46.383+0200] {logging_mixin.py:188} INFO - [2024-01-14T15:12:46.383+0200] {dag.py:3820} INFO - Setting next_dagrun for example_setup_teardown_taskflow to 2024-01-13T00:00:00+00:00, run_after=2024-01-14T00:00:00+00:00
[2024-01-14T15:12:46.406+0200] {processor.py:183} INFO - Processing /home/mahmoud/airflow_env/lib/python3.10/site-packages/airflow/example_dags/example_setup_teardown_taskflow.py took 0.078 seconds
[2024-01-14T15:13:22.149+0200] {processor.py:161} INFO - Started process (PID=17539) to work on /home/mahmoud/airflow_env/lib/python3.10/site-packages/airflow/example_dags/example_setup_teardown_taskflow.py
[2024-01-14T15:13:22.150+0200] {processor.py:830} INFO - Processing file /home/mahmoud/airflow_env/lib/python3.10/site-packages/airflow/example_dags/example_setup_teardown_taskflow.py for tasks to queue
[2024-01-14T15:13:22.152+0200] {logging_mixin.py:188} INFO - [2024-01-14T15:13:22.152+0200] {dagbag.py:538} INFO - Filling up the DagBag from /home/mahmoud/airflow_env/lib/python3.10/site-packages/airflow/example_dags/example_setup_teardown_taskflow.py
[2024-01-14T15:13:22.164+0200] {processor.py:840} INFO - DAG(s) 'example_setup_teardown_taskflow' retrieved from /home/mahmoud/airflow_env/lib/python3.10/site-packages/airflow/example_dags/example_setup_teardown_taskflow.py
[2024-01-14T15:13:22.181+0200] {logging_mixin.py:188} INFO - [2024-01-14T15:13:22.181+0200] {dag.py:3033} INFO - Sync 1 DAGs
[2024-01-14T15:13:22.199+0200] {logging_mixin.py:188} INFO - [2024-01-14T15:13:22.199+0200] {dag.py:3820} INFO - Setting next_dagrun for example_setup_teardown_taskflow to 2024-01-13T00:00:00+00:00, run_after=2024-01-14T00:00:00+00:00
[2024-01-14T15:13:22.224+0200] {processor.py:183} INFO - Processing /home/mahmoud/airflow_env/lib/python3.10/site-packages/airflow/example_dags/example_setup_teardown_taskflow.py took 0.080 seconds
[2024-01-14T15:19:47.728+0200] {processor.py:161} INFO - Started process (PID=19360) to work on /home/mahmoud/airflow_env/lib/python3.10/site-packages/airflow/example_dags/example_setup_teardown_taskflow.py
[2024-01-14T15:19:47.729+0200] {processor.py:830} INFO - Processing file /home/mahmoud/airflow_env/lib/python3.10/site-packages/airflow/example_dags/example_setup_teardown_taskflow.py for tasks to queue
[2024-01-14T15:19:47.730+0200] {logging_mixin.py:188} INFO - [2024-01-14T15:19:47.730+0200] {dagbag.py:538} INFO - Filling up the DagBag from /home/mahmoud/airflow_env/lib/python3.10/site-packages/airflow/example_dags/example_setup_teardown_taskflow.py
[2024-01-14T15:19:47.741+0200] {processor.py:840} INFO - DAG(s) 'example_setup_teardown_taskflow' retrieved from /home/mahmoud/airflow_env/lib/python3.10/site-packages/airflow/example_dags/example_setup_teardown_taskflow.py
[2024-01-14T15:19:47.760+0200] {logging_mixin.py:188} INFO - [2024-01-14T15:19:47.760+0200] {dag.py:3033} INFO - Sync 1 DAGs
[2024-01-14T15:19:47.775+0200] {logging_mixin.py:188} INFO - [2024-01-14T15:19:47.775+0200] {dag.py:3820} INFO - Setting next_dagrun for example_setup_teardown_taskflow to 2024-01-13T00:00:00+00:00, run_after=2024-01-14T00:00:00+00:00
[2024-01-14T15:19:47.868+0200] {processor.py:183} INFO - Processing /home/mahmoud/airflow_env/lib/python3.10/site-packages/airflow/example_dags/example_setup_teardown_taskflow.py took 0.142 seconds
[2024-01-14T15:20:42.874+0200] {processor.py:161} INFO - Started process (PID=19630) to work on /home/mahmoud/airflow_env/lib/python3.10/site-packages/airflow/example_dags/example_setup_teardown_taskflow.py
[2024-01-14T15:20:42.877+0200] {processor.py:830} INFO - Processing file /home/mahmoud/airflow_env/lib/python3.10/site-packages/airflow/example_dags/example_setup_teardown_taskflow.py for tasks to queue
[2024-01-14T15:20:42.878+0200] {logging_mixin.py:188} INFO - [2024-01-14T15:20:42.878+0200] {dagbag.py:538} INFO - Filling up the DagBag from /home/mahmoud/airflow_env/lib/python3.10/site-packages/airflow/example_dags/example_setup_teardown_taskflow.py
[2024-01-14T15:20:42.892+0200] {processor.py:840} INFO - DAG(s) 'example_setup_teardown_taskflow' retrieved from /home/mahmoud/airflow_env/lib/python3.10/site-packages/airflow/example_dags/example_setup_teardown_taskflow.py
[2024-01-14T15:20:42.909+0200] {logging_mixin.py:188} INFO - [2024-01-14T15:20:42.909+0200] {dag.py:3033} INFO - Sync 1 DAGs
[2024-01-14T15:20:42.927+0200] {logging_mixin.py:188} INFO - [2024-01-14T15:20:42.927+0200] {dag.py:3820} INFO - Setting next_dagrun for example_setup_teardown_taskflow to 2024-01-13T00:00:00+00:00, run_after=2024-01-14T00:00:00+00:00
[2024-01-14T15:20:42.948+0200] {processor.py:183} INFO - Processing /home/mahmoud/airflow_env/lib/python3.10/site-packages/airflow/example_dags/example_setup_teardown_taskflow.py took 0.082 seconds
[2024-01-14T15:21:23.497+0200] {processor.py:161} INFO - Started process (PID=19791) to work on /home/mahmoud/airflow_env/lib/python3.10/site-packages/airflow/example_dags/example_setup_teardown_taskflow.py
[2024-01-14T15:21:23.499+0200] {processor.py:830} INFO - Processing file /home/mahmoud/airflow_env/lib/python3.10/site-packages/airflow/example_dags/example_setup_teardown_taskflow.py for tasks to queue
[2024-01-14T15:21:23.500+0200] {logging_mixin.py:188} INFO - [2024-01-14T15:21:23.500+0200] {dagbag.py:538} INFO - Filling up the DagBag from /home/mahmoud/airflow_env/lib/python3.10/site-packages/airflow/example_dags/example_setup_teardown_taskflow.py
[2024-01-14T15:21:23.515+0200] {processor.py:840} INFO - DAG(s) 'example_setup_teardown_taskflow' retrieved from /home/mahmoud/airflow_env/lib/python3.10/site-packages/airflow/example_dags/example_setup_teardown_taskflow.py
[2024-01-14T15:21:23.533+0200] {logging_mixin.py:188} INFO - [2024-01-14T15:21:23.532+0200] {dag.py:3033} INFO - Sync 1 DAGs
[2024-01-14T15:21:23.549+0200] {logging_mixin.py:188} INFO - [2024-01-14T15:21:23.548+0200] {dag.py:3820} INFO - Setting next_dagrun for example_setup_teardown_taskflow to 2024-01-13T00:00:00+00:00, run_after=2024-01-14T00:00:00+00:00
[2024-01-14T15:21:23.569+0200] {processor.py:183} INFO - Processing /home/mahmoud/airflow_env/lib/python3.10/site-packages/airflow/example_dags/example_setup_teardown_taskflow.py took 0.078 seconds
[2024-01-14T15:22:02.458+0200] {processor.py:161} INFO - Started process (PID=19938) to work on /home/mahmoud/airflow_env/lib/python3.10/site-packages/airflow/example_dags/example_setup_teardown_taskflow.py
[2024-01-14T15:22:02.460+0200] {processor.py:830} INFO - Processing file /home/mahmoud/airflow_env/lib/python3.10/site-packages/airflow/example_dags/example_setup_teardown_taskflow.py for tasks to queue
[2024-01-14T15:22:02.461+0200] {logging_mixin.py:188} INFO - [2024-01-14T15:22:02.461+0200] {dagbag.py:538} INFO - Filling up the DagBag from /home/mahmoud/airflow_env/lib/python3.10/site-packages/airflow/example_dags/example_setup_teardown_taskflow.py
[2024-01-14T15:22:02.472+0200] {processor.py:840} INFO - DAG(s) 'example_setup_teardown_taskflow' retrieved from /home/mahmoud/airflow_env/lib/python3.10/site-packages/airflow/example_dags/example_setup_teardown_taskflow.py
[2024-01-14T15:22:02.487+0200] {logging_mixin.py:188} INFO - [2024-01-14T15:22:02.487+0200] {dag.py:3033} INFO - Sync 1 DAGs
[2024-01-14T15:22:02.503+0200] {logging_mixin.py:188} INFO - [2024-01-14T15:22:02.503+0200] {dag.py:3820} INFO - Setting next_dagrun for example_setup_teardown_taskflow to 2024-01-13T00:00:00+00:00, run_after=2024-01-14T00:00:00+00:00
[2024-01-14T15:22:02.520+0200] {processor.py:183} INFO - Processing /home/mahmoud/airflow_env/lib/python3.10/site-packages/airflow/example_dags/example_setup_teardown_taskflow.py took 0.066 seconds
[2024-01-14T15:22:38.363+0200] {processor.py:161} INFO - Started process (PID=20084) to work on /home/mahmoud/airflow_env/lib/python3.10/site-packages/airflow/example_dags/example_setup_teardown_taskflow.py
[2024-01-14T15:22:38.365+0200] {processor.py:830} INFO - Processing file /home/mahmoud/airflow_env/lib/python3.10/site-packages/airflow/example_dags/example_setup_teardown_taskflow.py for tasks to queue
[2024-01-14T15:22:38.366+0200] {logging_mixin.py:188} INFO - [2024-01-14T15:22:38.366+0200] {dagbag.py:538} INFO - Filling up the DagBag from /home/mahmoud/airflow_env/lib/python3.10/site-packages/airflow/example_dags/example_setup_teardown_taskflow.py
[2024-01-14T15:22:38.376+0200] {processor.py:840} INFO - DAG(s) 'example_setup_teardown_taskflow' retrieved from /home/mahmoud/airflow_env/lib/python3.10/site-packages/airflow/example_dags/example_setup_teardown_taskflow.py
[2024-01-14T15:22:38.391+0200] {logging_mixin.py:188} INFO - [2024-01-14T15:22:38.391+0200] {dag.py:3033} INFO - Sync 1 DAGs
[2024-01-14T15:22:38.408+0200] {logging_mixin.py:188} INFO - [2024-01-14T15:22:38.408+0200] {dag.py:3820} INFO - Setting next_dagrun for example_setup_teardown_taskflow to 2024-01-13T00:00:00+00:00, run_after=2024-01-14T00:00:00+00:00
[2024-01-14T15:22:38.428+0200] {processor.py:183} INFO - Processing /home/mahmoud/airflow_env/lib/python3.10/site-packages/airflow/example_dags/example_setup_teardown_taskflow.py took 0.068 seconds
[2024-01-14T15:23:20.100+0200] {processor.py:161} INFO - Started process (PID=20340) to work on /home/mahmoud/airflow_env/lib/python3.10/site-packages/airflow/example_dags/example_setup_teardown_taskflow.py
[2024-01-14T15:23:20.102+0200] {processor.py:830} INFO - Processing file /home/mahmoud/airflow_env/lib/python3.10/site-packages/airflow/example_dags/example_setup_teardown_taskflow.py for tasks to queue
[2024-01-14T15:23:20.103+0200] {logging_mixin.py:188} INFO - [2024-01-14T15:23:20.102+0200] {dagbag.py:538} INFO - Filling up the DagBag from /home/mahmoud/airflow_env/lib/python3.10/site-packages/airflow/example_dags/example_setup_teardown_taskflow.py
[2024-01-14T15:23:20.115+0200] {processor.py:840} INFO - DAG(s) 'example_setup_teardown_taskflow' retrieved from /home/mahmoud/airflow_env/lib/python3.10/site-packages/airflow/example_dags/example_setup_teardown_taskflow.py
[2024-01-14T15:23:20.134+0200] {logging_mixin.py:188} INFO - [2024-01-14T15:23:20.134+0200] {dag.py:3033} INFO - Sync 1 DAGs
[2024-01-14T15:23:20.149+0200] {logging_mixin.py:188} INFO - [2024-01-14T15:23:20.149+0200] {dag.py:3820} INFO - Setting next_dagrun for example_setup_teardown_taskflow to 2024-01-13T00:00:00+00:00, run_after=2024-01-14T00:00:00+00:00
[2024-01-14T15:23:20.242+0200] {processor.py:183} INFO - Processing /home/mahmoud/airflow_env/lib/python3.10/site-packages/airflow/example_dags/example_setup_teardown_taskflow.py took 0.145 seconds
[2024-01-14T15:37:41.136+0200] {processor.py:161} INFO - Started process (PID=24365) to work on /home/mahmoud/airflow_env/lib/python3.10/site-packages/airflow/example_dags/example_setup_teardown_taskflow.py
[2024-01-14T15:37:41.138+0200] {processor.py:830} INFO - Processing file /home/mahmoud/airflow_env/lib/python3.10/site-packages/airflow/example_dags/example_setup_teardown_taskflow.py for tasks to queue
[2024-01-14T15:37:41.138+0200] {logging_mixin.py:188} INFO - [2024-01-14T15:37:41.138+0200] {dagbag.py:538} INFO - Filling up the DagBag from /home/mahmoud/airflow_env/lib/python3.10/site-packages/airflow/example_dags/example_setup_teardown_taskflow.py
[2024-01-14T15:37:41.149+0200] {processor.py:840} INFO - DAG(s) 'example_setup_teardown_taskflow' retrieved from /home/mahmoud/airflow_env/lib/python3.10/site-packages/airflow/example_dags/example_setup_teardown_taskflow.py
[2024-01-14T15:37:41.170+0200] {logging_mixin.py:188} INFO - [2024-01-14T15:37:41.170+0200] {dag.py:3033} INFO - Sync 1 DAGs
[2024-01-14T15:37:41.186+0200] {logging_mixin.py:188} INFO - [2024-01-14T15:37:41.186+0200] {dag.py:3820} INFO - Setting next_dagrun for example_setup_teardown_taskflow to 2024-01-13T00:00:00+00:00, run_after=2024-01-14T00:00:00+00:00
[2024-01-14T15:37:41.291+0200] {processor.py:183} INFO - Processing /home/mahmoud/airflow_env/lib/python3.10/site-packages/airflow/example_dags/example_setup_teardown_taskflow.py took 0.158 seconds
[2024-01-14T15:38:34.633+0200] {processor.py:161} INFO - Started process (PID=24809) to work on /home/mahmoud/airflow_env/lib/python3.10/site-packages/airflow/example_dags/example_setup_teardown_taskflow.py
[2024-01-14T15:38:34.636+0200] {processor.py:830} INFO - Processing file /home/mahmoud/airflow_env/lib/python3.10/site-packages/airflow/example_dags/example_setup_teardown_taskflow.py for tasks to queue
[2024-01-14T15:38:34.638+0200] {logging_mixin.py:188} INFO - [2024-01-14T15:38:34.637+0200] {dagbag.py:538} INFO - Filling up the DagBag from /home/mahmoud/airflow_env/lib/python3.10/site-packages/airflow/example_dags/example_setup_teardown_taskflow.py
[2024-01-14T15:38:34.652+0200] {processor.py:840} INFO - DAG(s) 'example_setup_teardown_taskflow' retrieved from /home/mahmoud/airflow_env/lib/python3.10/site-packages/airflow/example_dags/example_setup_teardown_taskflow.py
[2024-01-14T15:38:34.667+0200] {logging_mixin.py:188} INFO - [2024-01-14T15:38:34.666+0200] {dag.py:3033} INFO - Sync 1 DAGs
[2024-01-14T15:38:34.683+0200] {logging_mixin.py:188} INFO - [2024-01-14T15:38:34.682+0200] {dag.py:3820} INFO - Setting next_dagrun for example_setup_teardown_taskflow to 2024-01-13T00:00:00+00:00, run_after=2024-01-14T00:00:00+00:00
[2024-01-14T15:38:34.704+0200] {processor.py:183} INFO - Processing /home/mahmoud/airflow_env/lib/python3.10/site-packages/airflow/example_dags/example_setup_teardown_taskflow.py took 0.078 seconds
[2024-01-14T15:39:12.384+0200] {processor.py:161} INFO - Started process (PID=25107) to work on /home/mahmoud/airflow_env/lib/python3.10/site-packages/airflow/example_dags/example_setup_teardown_taskflow.py
[2024-01-14T15:39:12.385+0200] {processor.py:830} INFO - Processing file /home/mahmoud/airflow_env/lib/python3.10/site-packages/airflow/example_dags/example_setup_teardown_taskflow.py for tasks to queue
[2024-01-14T15:39:12.386+0200] {logging_mixin.py:188} INFO - [2024-01-14T15:39:12.386+0200] {dagbag.py:538} INFO - Filling up the DagBag from /home/mahmoud/airflow_env/lib/python3.10/site-packages/airflow/example_dags/example_setup_teardown_taskflow.py
[2024-01-14T15:39:12.397+0200] {processor.py:840} INFO - DAG(s) 'example_setup_teardown_taskflow' retrieved from /home/mahmoud/airflow_env/lib/python3.10/site-packages/airflow/example_dags/example_setup_teardown_taskflow.py
[2024-01-14T15:39:12.412+0200] {logging_mixin.py:188} INFO - [2024-01-14T15:39:12.412+0200] {dag.py:3033} INFO - Sync 1 DAGs
[2024-01-14T15:39:12.445+0200] {logging_mixin.py:188} INFO - [2024-01-14T15:39:12.445+0200] {dag.py:3820} INFO - Setting next_dagrun for example_setup_teardown_taskflow to 2024-01-13T00:00:00+00:00, run_after=2024-01-14T00:00:00+00:00
[2024-01-14T15:39:12.474+0200] {processor.py:183} INFO - Processing /home/mahmoud/airflow_env/lib/python3.10/site-packages/airflow/example_dags/example_setup_teardown_taskflow.py took 0.093 seconds
[2024-01-14T15:39:46.871+0200] {processor.py:161} INFO - Started process (PID=25240) to work on /home/mahmoud/airflow_env/lib/python3.10/site-packages/airflow/example_dags/example_setup_teardown_taskflow.py
[2024-01-14T15:39:46.873+0200] {processor.py:830} INFO - Processing file /home/mahmoud/airflow_env/lib/python3.10/site-packages/airflow/example_dags/example_setup_teardown_taskflow.py for tasks to queue
[2024-01-14T15:39:46.873+0200] {logging_mixin.py:188} INFO - [2024-01-14T15:39:46.873+0200] {dagbag.py:538} INFO - Filling up the DagBag from /home/mahmoud/airflow_env/lib/python3.10/site-packages/airflow/example_dags/example_setup_teardown_taskflow.py
[2024-01-14T15:39:46.881+0200] {processor.py:840} INFO - DAG(s) 'example_setup_teardown_taskflow' retrieved from /home/mahmoud/airflow_env/lib/python3.10/site-packages/airflow/example_dags/example_setup_teardown_taskflow.py
[2024-01-14T15:39:46.895+0200] {logging_mixin.py:188} INFO - [2024-01-14T15:39:46.895+0200] {dag.py:3033} INFO - Sync 1 DAGs
[2024-01-14T15:39:46.913+0200] {logging_mixin.py:188} INFO - [2024-01-14T15:39:46.913+0200] {dag.py:3820} INFO - Setting next_dagrun for example_setup_teardown_taskflow to 2024-01-13T00:00:00+00:00, run_after=2024-01-14T00:00:00+00:00
[2024-01-14T15:39:46.937+0200] {processor.py:183} INFO - Processing /home/mahmoud/airflow_env/lib/python3.10/site-packages/airflow/example_dags/example_setup_teardown_taskflow.py took 0.069 seconds
[2024-01-14T15:40:20.656+0200] {processor.py:161} INFO - Started process (PID=25376) to work on /home/mahmoud/airflow_env/lib/python3.10/site-packages/airflow/example_dags/example_setup_teardown_taskflow.py
[2024-01-14T15:40:20.658+0200] {processor.py:830} INFO - Processing file /home/mahmoud/airflow_env/lib/python3.10/site-packages/airflow/example_dags/example_setup_teardown_taskflow.py for tasks to queue
[2024-01-14T15:40:20.659+0200] {logging_mixin.py:188} INFO - [2024-01-14T15:40:20.659+0200] {dagbag.py:538} INFO - Filling up the DagBag from /home/mahmoud/airflow_env/lib/python3.10/site-packages/airflow/example_dags/example_setup_teardown_taskflow.py
[2024-01-14T15:40:20.671+0200] {processor.py:840} INFO - DAG(s) 'example_setup_teardown_taskflow' retrieved from /home/mahmoud/airflow_env/lib/python3.10/site-packages/airflow/example_dags/example_setup_teardown_taskflow.py
[2024-01-14T15:40:20.687+0200] {logging_mixin.py:188} INFO - [2024-01-14T15:40:20.687+0200] {dag.py:3033} INFO - Sync 1 DAGs
[2024-01-14T15:40:20.705+0200] {logging_mixin.py:188} INFO - [2024-01-14T15:40:20.704+0200] {dag.py:3820} INFO - Setting next_dagrun for example_setup_teardown_taskflow to 2024-01-13T00:00:00+00:00, run_after=2024-01-14T00:00:00+00:00
[2024-01-14T15:40:20.728+0200] {processor.py:183} INFO - Processing /home/mahmoud/airflow_env/lib/python3.10/site-packages/airflow/example_dags/example_setup_teardown_taskflow.py took 0.077 seconds
[2024-01-14T15:40:59.599+0200] {processor.py:161} INFO - Started process (PID=25529) to work on /home/mahmoud/airflow_env/lib/python3.10/site-packages/airflow/example_dags/example_setup_teardown_taskflow.py
[2024-01-14T15:40:59.602+0200] {processor.py:830} INFO - Processing file /home/mahmoud/airflow_env/lib/python3.10/site-packages/airflow/example_dags/example_setup_teardown_taskflow.py for tasks to queue
[2024-01-14T15:40:59.602+0200] {logging_mixin.py:188} INFO - [2024-01-14T15:40:59.602+0200] {dagbag.py:538} INFO - Filling up the DagBag from /home/mahmoud/airflow_env/lib/python3.10/site-packages/airflow/example_dags/example_setup_teardown_taskflow.py
[2024-01-14T15:40:59.612+0200] {processor.py:840} INFO - DAG(s) 'example_setup_teardown_taskflow' retrieved from /home/mahmoud/airflow_env/lib/python3.10/site-packages/airflow/example_dags/example_setup_teardown_taskflow.py
[2024-01-14T15:40:59.625+0200] {logging_mixin.py:188} INFO - [2024-01-14T15:40:59.624+0200] {dag.py:3033} INFO - Sync 1 DAGs
[2024-01-14T15:40:59.640+0200] {logging_mixin.py:188} INFO - [2024-01-14T15:40:59.640+0200] {dag.py:3820} INFO - Setting next_dagrun for example_setup_teardown_taskflow to 2024-01-13T00:00:00+00:00, run_after=2024-01-14T00:00:00+00:00
[2024-01-14T15:40:59.676+0200] {processor.py:183} INFO - Processing /home/mahmoud/airflow_env/lib/python3.10/site-packages/airflow/example_dags/example_setup_teardown_taskflow.py took 0.080 seconds
[2024-01-14T15:41:33.427+0200] {processor.py:161} INFO - Started process (PID=25724) to work on /home/mahmoud/airflow_env/lib/python3.10/site-packages/airflow/example_dags/example_setup_teardown_taskflow.py
[2024-01-14T15:41:33.429+0200] {processor.py:830} INFO - Processing file /home/mahmoud/airflow_env/lib/python3.10/site-packages/airflow/example_dags/example_setup_teardown_taskflow.py for tasks to queue
[2024-01-14T15:41:33.430+0200] {logging_mixin.py:188} INFO - [2024-01-14T15:41:33.430+0200] {dagbag.py:538} INFO - Filling up the DagBag from /home/mahmoud/airflow_env/lib/python3.10/site-packages/airflow/example_dags/example_setup_teardown_taskflow.py
[2024-01-14T15:41:33.441+0200] {processor.py:840} INFO - DAG(s) 'example_setup_teardown_taskflow' retrieved from /home/mahmoud/airflow_env/lib/python3.10/site-packages/airflow/example_dags/example_setup_teardown_taskflow.py
[2024-01-14T15:41:33.456+0200] {logging_mixin.py:188} INFO - [2024-01-14T15:41:33.456+0200] {dag.py:3033} INFO - Sync 1 DAGs
[2024-01-14T15:41:33.476+0200] {logging_mixin.py:188} INFO - [2024-01-14T15:41:33.476+0200] {dag.py:3820} INFO - Setting next_dagrun for example_setup_teardown_taskflow to 2024-01-13T00:00:00+00:00, run_after=2024-01-14T00:00:00+00:00
[2024-01-14T15:41:33.495+0200] {processor.py:183} INFO - Processing /home/mahmoud/airflow_env/lib/python3.10/site-packages/airflow/example_dags/example_setup_teardown_taskflow.py took 0.070 seconds
[2024-01-14T15:42:08.721+0200] {processor.py:161} INFO - Started process (PID=25862) to work on /home/mahmoud/airflow_env/lib/python3.10/site-packages/airflow/example_dags/example_setup_teardown_taskflow.py
[2024-01-14T15:42:08.723+0200] {processor.py:830} INFO - Processing file /home/mahmoud/airflow_env/lib/python3.10/site-packages/airflow/example_dags/example_setup_teardown_taskflow.py for tasks to queue
[2024-01-14T15:42:08.724+0200] {logging_mixin.py:188} INFO - [2024-01-14T15:42:08.724+0200] {dagbag.py:538} INFO - Filling up the DagBag from /home/mahmoud/airflow_env/lib/python3.10/site-packages/airflow/example_dags/example_setup_teardown_taskflow.py
[2024-01-14T15:42:08.734+0200] {processor.py:840} INFO - DAG(s) 'example_setup_teardown_taskflow' retrieved from /home/mahmoud/airflow_env/lib/python3.10/site-packages/airflow/example_dags/example_setup_teardown_taskflow.py
[2024-01-14T15:42:08.749+0200] {logging_mixin.py:188} INFO - [2024-01-14T15:42:08.749+0200] {dag.py:3033} INFO - Sync 1 DAGs
[2024-01-14T15:42:08.765+0200] {logging_mixin.py:188} INFO - [2024-01-14T15:42:08.765+0200] {dag.py:3820} INFO - Setting next_dagrun for example_setup_teardown_taskflow to 2024-01-13T00:00:00+00:00, run_after=2024-01-14T00:00:00+00:00
[2024-01-14T15:42:08.791+0200] {processor.py:183} INFO - Processing /home/mahmoud/airflow_env/lib/python3.10/site-packages/airflow/example_dags/example_setup_teardown_taskflow.py took 0.074 seconds
[2024-01-14T15:43:02.514+0200] {processor.py:161} INFO - Started process (PID=26516) to work on /home/mahmoud/airflow_env/lib/python3.10/site-packages/airflow/example_dags/example_setup_teardown_taskflow.py
[2024-01-14T15:43:02.516+0200] {processor.py:830} INFO - Processing file /home/mahmoud/airflow_env/lib/python3.10/site-packages/airflow/example_dags/example_setup_teardown_taskflow.py for tasks to queue
[2024-01-14T15:43:02.518+0200] {logging_mixin.py:188} INFO - [2024-01-14T15:43:02.517+0200] {dagbag.py:538} INFO - Filling up the DagBag from /home/mahmoud/airflow_env/lib/python3.10/site-packages/airflow/example_dags/example_setup_teardown_taskflow.py
[2024-01-14T15:43:02.531+0200] {processor.py:840} INFO - DAG(s) 'example_setup_teardown_taskflow' retrieved from /home/mahmoud/airflow_env/lib/python3.10/site-packages/airflow/example_dags/example_setup_teardown_taskflow.py
[2024-01-14T15:43:02.546+0200] {logging_mixin.py:188} INFO - [2024-01-14T15:43:02.546+0200] {dag.py:3033} INFO - Sync 1 DAGs
[2024-01-14T15:43:02.563+0200] {logging_mixin.py:188} INFO - [2024-01-14T15:43:02.562+0200] {dag.py:3820} INFO - Setting next_dagrun for example_setup_teardown_taskflow to 2024-01-13T00:00:00+00:00, run_after=2024-01-14T00:00:00+00:00
[2024-01-14T15:43:02.581+0200] {processor.py:183} INFO - Processing /home/mahmoud/airflow_env/lib/python3.10/site-packages/airflow/example_dags/example_setup_teardown_taskflow.py took 0.073 seconds
[2024-01-14T15:43:39.625+0200] {processor.py:161} INFO - Started process (PID=26780) to work on /home/mahmoud/airflow_env/lib/python3.10/site-packages/airflow/example_dags/example_setup_teardown_taskflow.py
[2024-01-14T15:43:39.626+0200] {processor.py:830} INFO - Processing file /home/mahmoud/airflow_env/lib/python3.10/site-packages/airflow/example_dags/example_setup_teardown_taskflow.py for tasks to queue
[2024-01-14T15:43:39.627+0200] {logging_mixin.py:188} INFO - [2024-01-14T15:43:39.627+0200] {dagbag.py:538} INFO - Filling up the DagBag from /home/mahmoud/airflow_env/lib/python3.10/site-packages/airflow/example_dags/example_setup_teardown_taskflow.py
[2024-01-14T15:43:39.636+0200] {processor.py:840} INFO - DAG(s) 'example_setup_teardown_taskflow' retrieved from /home/mahmoud/airflow_env/lib/python3.10/site-packages/airflow/example_dags/example_setup_teardown_taskflow.py
[2024-01-14T15:43:39.651+0200] {logging_mixin.py:188} INFO - [2024-01-14T15:43:39.651+0200] {dag.py:3033} INFO - Sync 1 DAGs
[2024-01-14T15:43:39.669+0200] {logging_mixin.py:188} INFO - [2024-01-14T15:43:39.668+0200] {dag.py:3820} INFO - Setting next_dagrun for example_setup_teardown_taskflow to 2024-01-13T00:00:00+00:00, run_after=2024-01-14T00:00:00+00:00
[2024-01-14T15:43:39.688+0200] {processor.py:183} INFO - Processing /home/mahmoud/airflow_env/lib/python3.10/site-packages/airflow/example_dags/example_setup_teardown_taskflow.py took 0.066 seconds
[2024-01-14T15:44:18.009+0200] {processor.py:161} INFO - Started process (PID=27115) to work on /home/mahmoud/airflow_env/lib/python3.10/site-packages/airflow/example_dags/example_setup_teardown_taskflow.py
[2024-01-14T15:44:18.012+0200] {processor.py:830} INFO - Processing file /home/mahmoud/airflow_env/lib/python3.10/site-packages/airflow/example_dags/example_setup_teardown_taskflow.py for tasks to queue
[2024-01-14T15:44:18.013+0200] {logging_mixin.py:188} INFO - [2024-01-14T15:44:18.013+0200] {dagbag.py:538} INFO - Filling up the DagBag from /home/mahmoud/airflow_env/lib/python3.10/site-packages/airflow/example_dags/example_setup_teardown_taskflow.py
[2024-01-14T15:44:18.029+0200] {processor.py:840} INFO - DAG(s) 'example_setup_teardown_taskflow' retrieved from /home/mahmoud/airflow_env/lib/python3.10/site-packages/airflow/example_dags/example_setup_teardown_taskflow.py
[2024-01-14T15:44:18.046+0200] {logging_mixin.py:188} INFO - [2024-01-14T15:44:18.046+0200] {dag.py:3033} INFO - Sync 1 DAGs
[2024-01-14T15:44:18.064+0200] {logging_mixin.py:188} INFO - [2024-01-14T15:44:18.063+0200] {dag.py:3820} INFO - Setting next_dagrun for example_setup_teardown_taskflow to 2024-01-13T00:00:00+00:00, run_after=2024-01-14T00:00:00+00:00
[2024-01-14T15:44:18.086+0200] {processor.py:183} INFO - Processing /home/mahmoud/airflow_env/lib/python3.10/site-packages/airflow/example_dags/example_setup_teardown_taskflow.py took 0.084 seconds
[2024-01-14T15:45:11.247+0200] {processor.py:161} INFO - Started process (PID=27727) to work on /home/mahmoud/airflow_env/lib/python3.10/site-packages/airflow/example_dags/example_setup_teardown_taskflow.py
[2024-01-14T15:45:11.249+0200] {processor.py:830} INFO - Processing file /home/mahmoud/airflow_env/lib/python3.10/site-packages/airflow/example_dags/example_setup_teardown_taskflow.py for tasks to queue
[2024-01-14T15:45:11.249+0200] {logging_mixin.py:188} INFO - [2024-01-14T15:45:11.249+0200] {dagbag.py:538} INFO - Filling up the DagBag from /home/mahmoud/airflow_env/lib/python3.10/site-packages/airflow/example_dags/example_setup_teardown_taskflow.py
[2024-01-14T15:45:11.258+0200] {processor.py:840} INFO - DAG(s) 'example_setup_teardown_taskflow' retrieved from /home/mahmoud/airflow_env/lib/python3.10/site-packages/airflow/example_dags/example_setup_teardown_taskflow.py
[2024-01-14T15:45:11.269+0200] {logging_mixin.py:188} INFO - [2024-01-14T15:45:11.269+0200] {dag.py:3033} INFO - Sync 1 DAGs
[2024-01-14T15:45:11.298+0200] {logging_mixin.py:188} INFO - [2024-01-14T15:45:11.297+0200] {dag.py:3820} INFO - Setting next_dagrun for example_setup_teardown_taskflow to 2024-01-13T00:00:00+00:00, run_after=2024-01-14T00:00:00+00:00
[2024-01-14T15:45:11.322+0200] {processor.py:183} INFO - Processing /home/mahmoud/airflow_env/lib/python3.10/site-packages/airflow/example_dags/example_setup_teardown_taskflow.py took 0.077 seconds
[2024-01-14T15:45:45.796+0200] {processor.py:161} INFO - Started process (PID=27866) to work on /home/mahmoud/airflow_env/lib/python3.10/site-packages/airflow/example_dags/example_setup_teardown_taskflow.py
[2024-01-14T15:45:45.798+0200] {processor.py:830} INFO - Processing file /home/mahmoud/airflow_env/lib/python3.10/site-packages/airflow/example_dags/example_setup_teardown_taskflow.py for tasks to queue
[2024-01-14T15:45:45.799+0200] {logging_mixin.py:188} INFO - [2024-01-14T15:45:45.798+0200] {dagbag.py:538} INFO - Filling up the DagBag from /home/mahmoud/airflow_env/lib/python3.10/site-packages/airflow/example_dags/example_setup_teardown_taskflow.py
[2024-01-14T15:45:45.810+0200] {processor.py:840} INFO - DAG(s) 'example_setup_teardown_taskflow' retrieved from /home/mahmoud/airflow_env/lib/python3.10/site-packages/airflow/example_dags/example_setup_teardown_taskflow.py
[2024-01-14T15:45:45.837+0200] {logging_mixin.py:188} INFO - [2024-01-14T15:45:45.837+0200] {dag.py:3033} INFO - Sync 1 DAGs
[2024-01-14T15:45:45.852+0200] {logging_mixin.py:188} INFO - [2024-01-14T15:45:45.852+0200] {dag.py:3820} INFO - Setting next_dagrun for example_setup_teardown_taskflow to 2024-01-13T00:00:00+00:00, run_after=2024-01-14T00:00:00+00:00
[2024-01-14T15:45:45.874+0200] {processor.py:183} INFO - Processing /home/mahmoud/airflow_env/lib/python3.10/site-packages/airflow/example_dags/example_setup_teardown_taskflow.py took 0.082 seconds
[2024-01-14T15:46:20.702+0200] {processor.py:161} INFO - Started process (PID=28003) to work on /home/mahmoud/airflow_env/lib/python3.10/site-packages/airflow/example_dags/example_setup_teardown_taskflow.py
[2024-01-14T15:46:20.704+0200] {processor.py:830} INFO - Processing file /home/mahmoud/airflow_env/lib/python3.10/site-packages/airflow/example_dags/example_setup_teardown_taskflow.py for tasks to queue
[2024-01-14T15:46:20.704+0200] {logging_mixin.py:188} INFO - [2024-01-14T15:46:20.704+0200] {dagbag.py:538} INFO - Filling up the DagBag from /home/mahmoud/airflow_env/lib/python3.10/site-packages/airflow/example_dags/example_setup_teardown_taskflow.py
[2024-01-14T15:46:20.714+0200] {processor.py:840} INFO - DAG(s) 'example_setup_teardown_taskflow' retrieved from /home/mahmoud/airflow_env/lib/python3.10/site-packages/airflow/example_dags/example_setup_teardown_taskflow.py
[2024-01-14T15:46:20.730+0200] {logging_mixin.py:188} INFO - [2024-01-14T15:46:20.730+0200] {dag.py:3033} INFO - Sync 1 DAGs
[2024-01-14T15:46:20.749+0200] {logging_mixin.py:188} INFO - [2024-01-14T15:46:20.749+0200] {dag.py:3820} INFO - Setting next_dagrun for example_setup_teardown_taskflow to 2024-01-13T00:00:00+00:00, run_after=2024-01-14T00:00:00+00:00
[2024-01-14T15:46:20.770+0200] {processor.py:183} INFO - Processing /home/mahmoud/airflow_env/lib/python3.10/site-packages/airflow/example_dags/example_setup_teardown_taskflow.py took 0.070 seconds
[2024-01-14T15:46:57.776+0200] {processor.py:161} INFO - Started process (PID=28149) to work on /home/mahmoud/airflow_env/lib/python3.10/site-packages/airflow/example_dags/example_setup_teardown_taskflow.py
[2024-01-14T15:46:57.778+0200] {processor.py:830} INFO - Processing file /home/mahmoud/airflow_env/lib/python3.10/site-packages/airflow/example_dags/example_setup_teardown_taskflow.py for tasks to queue
[2024-01-14T15:46:57.779+0200] {logging_mixin.py:188} INFO - [2024-01-14T15:46:57.779+0200] {dagbag.py:538} INFO - Filling up the DagBag from /home/mahmoud/airflow_env/lib/python3.10/site-packages/airflow/example_dags/example_setup_teardown_taskflow.py
[2024-01-14T15:46:57.787+0200] {processor.py:840} INFO - DAG(s) 'example_setup_teardown_taskflow' retrieved from /home/mahmoud/airflow_env/lib/python3.10/site-packages/airflow/example_dags/example_setup_teardown_taskflow.py
[2024-01-14T15:46:57.799+0200] {logging_mixin.py:188} INFO - [2024-01-14T15:46:57.799+0200] {dag.py:3033} INFO - Sync 1 DAGs
[2024-01-14T15:46:57.814+0200] {logging_mixin.py:188} INFO - [2024-01-14T15:46:57.814+0200] {dag.py:3820} INFO - Setting next_dagrun for example_setup_teardown_taskflow to 2024-01-13T00:00:00+00:00, run_after=2024-01-14T00:00:00+00:00
[2024-01-14T15:46:57.834+0200] {processor.py:183} INFO - Processing /home/mahmoud/airflow_env/lib/python3.10/site-packages/airflow/example_dags/example_setup_teardown_taskflow.py took 0.061 seconds
[2024-01-14T15:47:33.875+0200] {processor.py:161} INFO - Started process (PID=28354) to work on /home/mahmoud/airflow_env/lib/python3.10/site-packages/airflow/example_dags/example_setup_teardown_taskflow.py
[2024-01-14T15:47:33.877+0200] {processor.py:830} INFO - Processing file /home/mahmoud/airflow_env/lib/python3.10/site-packages/airflow/example_dags/example_setup_teardown_taskflow.py for tasks to queue
[2024-01-14T15:47:33.878+0200] {logging_mixin.py:188} INFO - [2024-01-14T15:47:33.877+0200] {dagbag.py:538} INFO - Filling up the DagBag from /home/mahmoud/airflow_env/lib/python3.10/site-packages/airflow/example_dags/example_setup_teardown_taskflow.py
[2024-01-14T15:47:33.890+0200] {processor.py:840} INFO - DAG(s) 'example_setup_teardown_taskflow' retrieved from /home/mahmoud/airflow_env/lib/python3.10/site-packages/airflow/example_dags/example_setup_teardown_taskflow.py
[2024-01-14T15:47:33.907+0200] {logging_mixin.py:188} INFO - [2024-01-14T15:47:33.907+0200] {dag.py:3033} INFO - Sync 1 DAGs
[2024-01-14T15:47:33.926+0200] {logging_mixin.py:188} INFO - [2024-01-14T15:47:33.926+0200] {dag.py:3820} INFO - Setting next_dagrun for example_setup_teardown_taskflow to 2024-01-13T00:00:00+00:00, run_after=2024-01-14T00:00:00+00:00
[2024-01-14T15:47:33.951+0200] {processor.py:183} INFO - Processing /home/mahmoud/airflow_env/lib/python3.10/site-packages/airflow/example_dags/example_setup_teardown_taskflow.py took 0.079 seconds
[2024-01-14T15:48:07.783+0200] {processor.py:161} INFO - Started process (PID=28519) to work on /home/mahmoud/airflow_env/lib/python3.10/site-packages/airflow/example_dags/example_setup_teardown_taskflow.py
[2024-01-14T15:48:07.785+0200] {processor.py:830} INFO - Processing file /home/mahmoud/airflow_env/lib/python3.10/site-packages/airflow/example_dags/example_setup_teardown_taskflow.py for tasks to queue
[2024-01-14T15:48:07.786+0200] {logging_mixin.py:188} INFO - [2024-01-14T15:48:07.786+0200] {dagbag.py:538} INFO - Filling up the DagBag from /home/mahmoud/airflow_env/lib/python3.10/site-packages/airflow/example_dags/example_setup_teardown_taskflow.py
[2024-01-14T15:48:07.797+0200] {processor.py:840} INFO - DAG(s) 'example_setup_teardown_taskflow' retrieved from /home/mahmoud/airflow_env/lib/python3.10/site-packages/airflow/example_dags/example_setup_teardown_taskflow.py
[2024-01-14T15:48:07.811+0200] {logging_mixin.py:188} INFO - [2024-01-14T15:48:07.811+0200] {dag.py:3033} INFO - Sync 1 DAGs
[2024-01-14T15:48:07.828+0200] {logging_mixin.py:188} INFO - [2024-01-14T15:48:07.828+0200] {dag.py:3820} INFO - Setting next_dagrun for example_setup_teardown_taskflow to 2024-01-13T00:00:00+00:00, run_after=2024-01-14T00:00:00+00:00
[2024-01-14T15:48:07.850+0200] {processor.py:183} INFO - Processing /home/mahmoud/airflow_env/lib/python3.10/site-packages/airflow/example_dags/example_setup_teardown_taskflow.py took 0.070 seconds
[2024-01-14T15:48:42.992+0200] {processor.py:161} INFO - Started process (PID=28657) to work on /home/mahmoud/airflow_env/lib/python3.10/site-packages/airflow/example_dags/example_setup_teardown_taskflow.py
[2024-01-14T15:48:42.995+0200] {processor.py:830} INFO - Processing file /home/mahmoud/airflow_env/lib/python3.10/site-packages/airflow/example_dags/example_setup_teardown_taskflow.py for tasks to queue
[2024-01-14T15:48:42.997+0200] {logging_mixin.py:188} INFO - [2024-01-14T15:48:42.996+0200] {dagbag.py:538} INFO - Filling up the DagBag from /home/mahmoud/airflow_env/lib/python3.10/site-packages/airflow/example_dags/example_setup_teardown_taskflow.py
[2024-01-14T15:48:43.016+0200] {processor.py:840} INFO - DAG(s) 'example_setup_teardown_taskflow' retrieved from /home/mahmoud/airflow_env/lib/python3.10/site-packages/airflow/example_dags/example_setup_teardown_taskflow.py
[2024-01-14T15:48:43.035+0200] {logging_mixin.py:188} INFO - [2024-01-14T15:48:43.035+0200] {dag.py:3033} INFO - Sync 1 DAGs
[2024-01-14T15:48:43.053+0200] {logging_mixin.py:188} INFO - [2024-01-14T15:48:43.053+0200] {dag.py:3820} INFO - Setting next_dagrun for example_setup_teardown_taskflow to 2024-01-13T00:00:00+00:00, run_after=2024-01-14T00:00:00+00:00
[2024-01-14T15:48:43.073+0200] {processor.py:183} INFO - Processing /home/mahmoud/airflow_env/lib/python3.10/site-packages/airflow/example_dags/example_setup_teardown_taskflow.py took 0.088 seconds
[2024-01-14T15:49:19.753+0200] {processor.py:161} INFO - Started process (PID=28802) to work on /home/mahmoud/airflow_env/lib/python3.10/site-packages/airflow/example_dags/example_setup_teardown_taskflow.py
[2024-01-14T15:49:19.755+0200] {processor.py:830} INFO - Processing file /home/mahmoud/airflow_env/lib/python3.10/site-packages/airflow/example_dags/example_setup_teardown_taskflow.py for tasks to queue
[2024-01-14T15:49:19.756+0200] {logging_mixin.py:188} INFO - [2024-01-14T15:49:19.755+0200] {dagbag.py:538} INFO - Filling up the DagBag from /home/mahmoud/airflow_env/lib/python3.10/site-packages/airflow/example_dags/example_setup_teardown_taskflow.py
[2024-01-14T15:49:19.765+0200] {processor.py:840} INFO - DAG(s) 'example_setup_teardown_taskflow' retrieved from /home/mahmoud/airflow_env/lib/python3.10/site-packages/airflow/example_dags/example_setup_teardown_taskflow.py
[2024-01-14T15:49:19.780+0200] {logging_mixin.py:188} INFO - [2024-01-14T15:49:19.779+0200] {dag.py:3033} INFO - Sync 1 DAGs
[2024-01-14T15:49:19.796+0200] {logging_mixin.py:188} INFO - [2024-01-14T15:49:19.796+0200] {dag.py:3820} INFO - Setting next_dagrun for example_setup_teardown_taskflow to 2024-01-13T00:00:00+00:00, run_after=2024-01-14T00:00:00+00:00
[2024-01-14T15:49:19.817+0200] {processor.py:183} INFO - Processing /home/mahmoud/airflow_env/lib/python3.10/site-packages/airflow/example_dags/example_setup_teardown_taskflow.py took 0.067 seconds
[2024-01-14T15:49:55.179+0200] {processor.py:161} INFO - Started process (PID=28942) to work on /home/mahmoud/airflow_env/lib/python3.10/site-packages/airflow/example_dags/example_setup_teardown_taskflow.py
[2024-01-14T15:49:55.180+0200] {processor.py:830} INFO - Processing file /home/mahmoud/airflow_env/lib/python3.10/site-packages/airflow/example_dags/example_setup_teardown_taskflow.py for tasks to queue
[2024-01-14T15:49:55.181+0200] {logging_mixin.py:188} INFO - [2024-01-14T15:49:55.181+0200] {dagbag.py:538} INFO - Filling up the DagBag from /home/mahmoud/airflow_env/lib/python3.10/site-packages/airflow/example_dags/example_setup_teardown_taskflow.py
[2024-01-14T15:49:55.191+0200] {processor.py:840} INFO - DAG(s) 'example_setup_teardown_taskflow' retrieved from /home/mahmoud/airflow_env/lib/python3.10/site-packages/airflow/example_dags/example_setup_teardown_taskflow.py
[2024-01-14T15:49:55.205+0200] {logging_mixin.py:188} INFO - [2024-01-14T15:49:55.205+0200] {dag.py:3033} INFO - Sync 1 DAGs
[2024-01-14T15:49:55.222+0200] {logging_mixin.py:188} INFO - [2024-01-14T15:49:55.222+0200] {dag.py:3820} INFO - Setting next_dagrun for example_setup_teardown_taskflow to 2024-01-13T00:00:00+00:00, run_after=2024-01-14T00:00:00+00:00
[2024-01-14T15:49:55.246+0200] {processor.py:183} INFO - Processing /home/mahmoud/airflow_env/lib/python3.10/site-packages/airflow/example_dags/example_setup_teardown_taskflow.py took 0.069 seconds
[2024-01-14T15:50:28.394+0200] {processor.py:161} INFO - Started process (PID=29073) to work on /home/mahmoud/airflow_env/lib/python3.10/site-packages/airflow/example_dags/example_setup_teardown_taskflow.py
[2024-01-14T15:50:28.397+0200] {processor.py:830} INFO - Processing file /home/mahmoud/airflow_env/lib/python3.10/site-packages/airflow/example_dags/example_setup_teardown_taskflow.py for tasks to queue
[2024-01-14T15:50:28.398+0200] {logging_mixin.py:188} INFO - [2024-01-14T15:50:28.397+0200] {dagbag.py:538} INFO - Filling up the DagBag from /home/mahmoud/airflow_env/lib/python3.10/site-packages/airflow/example_dags/example_setup_teardown_taskflow.py
[2024-01-14T15:50:28.409+0200] {processor.py:840} INFO - DAG(s) 'example_setup_teardown_taskflow' retrieved from /home/mahmoud/airflow_env/lib/python3.10/site-packages/airflow/example_dags/example_setup_teardown_taskflow.py
[2024-01-14T15:50:28.424+0200] {logging_mixin.py:188} INFO - [2024-01-14T15:50:28.423+0200] {dag.py:3033} INFO - Sync 1 DAGs
[2024-01-14T15:50:28.440+0200] {logging_mixin.py:188} INFO - [2024-01-14T15:50:28.440+0200] {dag.py:3820} INFO - Setting next_dagrun for example_setup_teardown_taskflow to 2024-01-13T00:00:00+00:00, run_after=2024-01-14T00:00:00+00:00
[2024-01-14T15:50:28.462+0200] {processor.py:183} INFO - Processing /home/mahmoud/airflow_env/lib/python3.10/site-packages/airflow/example_dags/example_setup_teardown_taskflow.py took 0.070 seconds
[2024-01-14T15:51:04.133+0200] {processor.py:161} INFO - Started process (PID=29211) to work on /home/mahmoud/airflow_env/lib/python3.10/site-packages/airflow/example_dags/example_setup_teardown_taskflow.py
[2024-01-14T15:51:04.135+0200] {processor.py:830} INFO - Processing file /home/mahmoud/airflow_env/lib/python3.10/site-packages/airflow/example_dags/example_setup_teardown_taskflow.py for tasks to queue
[2024-01-14T15:51:04.135+0200] {logging_mixin.py:188} INFO - [2024-01-14T15:51:04.135+0200] {dagbag.py:538} INFO - Filling up the DagBag from /home/mahmoud/airflow_env/lib/python3.10/site-packages/airflow/example_dags/example_setup_teardown_taskflow.py
[2024-01-14T15:51:04.146+0200] {processor.py:840} INFO - DAG(s) 'example_setup_teardown_taskflow' retrieved from /home/mahmoud/airflow_env/lib/python3.10/site-packages/airflow/example_dags/example_setup_teardown_taskflow.py
[2024-01-14T15:51:04.160+0200] {logging_mixin.py:188} INFO - [2024-01-14T15:51:04.160+0200] {dag.py:3033} INFO - Sync 1 DAGs
[2024-01-14T15:51:04.176+0200] {logging_mixin.py:188} INFO - [2024-01-14T15:51:04.176+0200] {dag.py:3820} INFO - Setting next_dagrun for example_setup_teardown_taskflow to 2024-01-13T00:00:00+00:00, run_after=2024-01-14T00:00:00+00:00
[2024-01-14T15:51:04.199+0200] {processor.py:183} INFO - Processing /home/mahmoud/airflow_env/lib/python3.10/site-packages/airflow/example_dags/example_setup_teardown_taskflow.py took 0.070 seconds
[2024-01-14T15:51:38.641+0200] {processor.py:161} INFO - Started process (PID=29349) to work on /home/mahmoud/airflow_env/lib/python3.10/site-packages/airflow/example_dags/example_setup_teardown_taskflow.py
[2024-01-14T15:51:38.643+0200] {processor.py:830} INFO - Processing file /home/mahmoud/airflow_env/lib/python3.10/site-packages/airflow/example_dags/example_setup_teardown_taskflow.py for tasks to queue
[2024-01-14T15:51:38.644+0200] {logging_mixin.py:188} INFO - [2024-01-14T15:51:38.643+0200] {dagbag.py:538} INFO - Filling up the DagBag from /home/mahmoud/airflow_env/lib/python3.10/site-packages/airflow/example_dags/example_setup_teardown_taskflow.py
[2024-01-14T15:51:38.653+0200] {processor.py:840} INFO - DAG(s) 'example_setup_teardown_taskflow' retrieved from /home/mahmoud/airflow_env/lib/python3.10/site-packages/airflow/example_dags/example_setup_teardown_taskflow.py
[2024-01-14T15:51:38.668+0200] {logging_mixin.py:188} INFO - [2024-01-14T15:51:38.668+0200] {dag.py:3033} INFO - Sync 1 DAGs
[2024-01-14T15:51:38.685+0200] {logging_mixin.py:188} INFO - [2024-01-14T15:51:38.685+0200] {dag.py:3820} INFO - Setting next_dagrun for example_setup_teardown_taskflow to 2024-01-13T00:00:00+00:00, run_after=2024-01-14T00:00:00+00:00
[2024-01-14T15:51:38.704+0200] {processor.py:183} INFO - Processing /home/mahmoud/airflow_env/lib/python3.10/site-packages/airflow/example_dags/example_setup_teardown_taskflow.py took 0.066 seconds
[2024-01-14T15:52:13.976+0200] {processor.py:161} INFO - Started process (PID=29488) to work on /home/mahmoud/airflow_env/lib/python3.10/site-packages/airflow/example_dags/example_setup_teardown_taskflow.py
[2024-01-14T15:52:13.978+0200] {processor.py:830} INFO - Processing file /home/mahmoud/airflow_env/lib/python3.10/site-packages/airflow/example_dags/example_setup_teardown_taskflow.py for tasks to queue
[2024-01-14T15:52:13.978+0200] {logging_mixin.py:188} INFO - [2024-01-14T15:52:13.978+0200] {dagbag.py:538} INFO - Filling up the DagBag from /home/mahmoud/airflow_env/lib/python3.10/site-packages/airflow/example_dags/example_setup_teardown_taskflow.py
[2024-01-14T15:52:13.988+0200] {processor.py:840} INFO - DAG(s) 'example_setup_teardown_taskflow' retrieved from /home/mahmoud/airflow_env/lib/python3.10/site-packages/airflow/example_dags/example_setup_teardown_taskflow.py
[2024-01-14T15:52:14.002+0200] {logging_mixin.py:188} INFO - [2024-01-14T15:52:14.002+0200] {dag.py:3033} INFO - Sync 1 DAGs
[2024-01-14T15:52:14.020+0200] {logging_mixin.py:188} INFO - [2024-01-14T15:52:14.020+0200] {dag.py:3820} INFO - Setting next_dagrun for example_setup_teardown_taskflow to 2024-01-13T00:00:00+00:00, run_after=2024-01-14T00:00:00+00:00
[2024-01-14T15:52:14.040+0200] {processor.py:183} INFO - Processing /home/mahmoud/airflow_env/lib/python3.10/site-packages/airflow/example_dags/example_setup_teardown_taskflow.py took 0.067 seconds
[2024-01-14T15:52:46.397+0200] {processor.py:161} INFO - Started process (PID=29646) to work on /home/mahmoud/airflow_env/lib/python3.10/site-packages/airflow/example_dags/example_setup_teardown_taskflow.py
[2024-01-14T15:52:46.399+0200] {processor.py:830} INFO - Processing file /home/mahmoud/airflow_env/lib/python3.10/site-packages/airflow/example_dags/example_setup_teardown_taskflow.py for tasks to queue
[2024-01-14T15:52:46.400+0200] {logging_mixin.py:188} INFO - [2024-01-14T15:52:46.399+0200] {dagbag.py:538} INFO - Filling up the DagBag from /home/mahmoud/airflow_env/lib/python3.10/site-packages/airflow/example_dags/example_setup_teardown_taskflow.py
[2024-01-14T15:52:46.409+0200] {processor.py:840} INFO - DAG(s) 'example_setup_teardown_taskflow' retrieved from /home/mahmoud/airflow_env/lib/python3.10/site-packages/airflow/example_dags/example_setup_teardown_taskflow.py
[2024-01-14T15:52:46.424+0200] {logging_mixin.py:188} INFO - [2024-01-14T15:52:46.424+0200] {dag.py:3033} INFO - Sync 1 DAGs
[2024-01-14T15:52:46.442+0200] {logging_mixin.py:188} INFO - [2024-01-14T15:52:46.442+0200] {dag.py:3820} INFO - Setting next_dagrun for example_setup_teardown_taskflow to 2024-01-13T00:00:00+00:00, run_after=2024-01-14T00:00:00+00:00
[2024-01-14T15:52:46.463+0200] {processor.py:183} INFO - Processing /home/mahmoud/airflow_env/lib/python3.10/site-packages/airflow/example_dags/example_setup_teardown_taskflow.py took 0.069 seconds
[2024-01-14T15:53:20.843+0200] {processor.py:161} INFO - Started process (PID=29785) to work on /home/mahmoud/airflow_env/lib/python3.10/site-packages/airflow/example_dags/example_setup_teardown_taskflow.py
[2024-01-14T15:53:20.845+0200] {processor.py:830} INFO - Processing file /home/mahmoud/airflow_env/lib/python3.10/site-packages/airflow/example_dags/example_setup_teardown_taskflow.py for tasks to queue
[2024-01-14T15:53:20.846+0200] {logging_mixin.py:188} INFO - [2024-01-14T15:53:20.845+0200] {dagbag.py:538} INFO - Filling up the DagBag from /home/mahmoud/airflow_env/lib/python3.10/site-packages/airflow/example_dags/example_setup_teardown_taskflow.py
[2024-01-14T15:53:20.855+0200] {processor.py:840} INFO - DAG(s) 'example_setup_teardown_taskflow' retrieved from /home/mahmoud/airflow_env/lib/python3.10/site-packages/airflow/example_dags/example_setup_teardown_taskflow.py
[2024-01-14T15:53:20.870+0200] {logging_mixin.py:188} INFO - [2024-01-14T15:53:20.870+0200] {dag.py:3033} INFO - Sync 1 DAGs
[2024-01-14T15:53:20.888+0200] {logging_mixin.py:188} INFO - [2024-01-14T15:53:20.888+0200] {dag.py:3820} INFO - Setting next_dagrun for example_setup_teardown_taskflow to 2024-01-13T00:00:00+00:00, run_after=2024-01-14T00:00:00+00:00
[2024-01-14T15:53:20.908+0200] {processor.py:183} INFO - Processing /home/mahmoud/airflow_env/lib/python3.10/site-packages/airflow/example_dags/example_setup_teardown_taskflow.py took 0.068 seconds
[2024-01-14T15:54:00.182+0200] {processor.py:161} INFO - Started process (PID=29934) to work on /home/mahmoud/airflow_env/lib/python3.10/site-packages/airflow/example_dags/example_setup_teardown_taskflow.py
[2024-01-14T15:54:00.192+0200] {processor.py:830} INFO - Processing file /home/mahmoud/airflow_env/lib/python3.10/site-packages/airflow/example_dags/example_setup_teardown_taskflow.py for tasks to queue
[2024-01-14T15:54:00.200+0200] {logging_mixin.py:188} INFO - [2024-01-14T15:54:00.197+0200] {dagbag.py:538} INFO - Filling up the DagBag from /home/mahmoud/airflow_env/lib/python3.10/site-packages/airflow/example_dags/example_setup_teardown_taskflow.py
[2024-01-14T15:54:00.303+0200] {processor.py:840} INFO - DAG(s) 'example_setup_teardown_taskflow' retrieved from /home/mahmoud/airflow_env/lib/python3.10/site-packages/airflow/example_dags/example_setup_teardown_taskflow.py
[2024-01-14T15:54:00.450+0200] {logging_mixin.py:188} INFO - [2024-01-14T15:54:00.448+0200] {dag.py:3033} INFO - Sync 1 DAGs
[2024-01-14T15:54:00.670+0200] {logging_mixin.py:188} INFO - [2024-01-14T15:54:00.666+0200] {dag.py:3820} INFO - Setting next_dagrun for example_setup_teardown_taskflow to 2024-01-13T00:00:00+00:00, run_after=2024-01-14T00:00:00+00:00
[2024-01-14T15:54:00.914+0200] {processor.py:183} INFO - Processing /home/mahmoud/airflow_env/lib/python3.10/site-packages/airflow/example_dags/example_setup_teardown_taskflow.py took 0.760 seconds
[2024-01-14T15:55:09.240+0200] {processor.py:161} INFO - Started process (PID=30167) to work on /home/mahmoud/airflow_env/lib/python3.10/site-packages/airflow/example_dags/example_setup_teardown_taskflow.py
[2024-01-14T15:55:09.243+0200] {processor.py:830} INFO - Processing file /home/mahmoud/airflow_env/lib/python3.10/site-packages/airflow/example_dags/example_setup_teardown_taskflow.py for tasks to queue
[2024-01-14T15:55:09.245+0200] {logging_mixin.py:188} INFO - [2024-01-14T15:55:09.244+0200] {dagbag.py:538} INFO - Filling up the DagBag from /home/mahmoud/airflow_env/lib/python3.10/site-packages/airflow/example_dags/example_setup_teardown_taskflow.py
[2024-01-14T15:55:09.315+0200] {processor.py:840} INFO - DAG(s) 'example_setup_teardown_taskflow' retrieved from /home/mahmoud/airflow_env/lib/python3.10/site-packages/airflow/example_dags/example_setup_teardown_taskflow.py
[2024-01-14T15:55:09.421+0200] {logging_mixin.py:188} INFO - [2024-01-14T15:55:09.420+0200] {dag.py:3033} INFO - Sync 1 DAGs
[2024-01-14T15:55:09.577+0200] {logging_mixin.py:188} INFO - [2024-01-14T15:55:09.576+0200] {dag.py:3820} INFO - Setting next_dagrun for example_setup_teardown_taskflow to 2024-01-13T00:00:00+00:00, run_after=2024-01-14T00:00:00+00:00
[2024-01-14T15:55:09.673+0200] {processor.py:183} INFO - Processing /home/mahmoud/airflow_env/lib/python3.10/site-packages/airflow/example_dags/example_setup_teardown_taskflow.py took 0.444 seconds
[2024-01-14T15:55:42.460+0200] {processor.py:161} INFO - Started process (PID=30282) to work on /home/mahmoud/airflow_env/lib/python3.10/site-packages/airflow/example_dags/example_setup_teardown_taskflow.py
[2024-01-14T15:55:42.463+0200] {processor.py:830} INFO - Processing file /home/mahmoud/airflow_env/lib/python3.10/site-packages/airflow/example_dags/example_setup_teardown_taskflow.py for tasks to queue
[2024-01-14T15:55:42.466+0200] {logging_mixin.py:188} INFO - [2024-01-14T15:55:42.465+0200] {dagbag.py:538} INFO - Filling up the DagBag from /home/mahmoud/airflow_env/lib/python3.10/site-packages/airflow/example_dags/example_setup_teardown_taskflow.py
[2024-01-14T15:55:42.495+0200] {processor.py:840} INFO - DAG(s) 'example_setup_teardown_taskflow' retrieved from /home/mahmoud/airflow_env/lib/python3.10/site-packages/airflow/example_dags/example_setup_teardown_taskflow.py
[2024-01-14T15:55:42.545+0200] {logging_mixin.py:188} INFO - [2024-01-14T15:55:42.545+0200] {dag.py:3033} INFO - Sync 1 DAGs
[2024-01-14T15:55:42.603+0200] {logging_mixin.py:188} INFO - [2024-01-14T15:55:42.603+0200] {dag.py:3820} INFO - Setting next_dagrun for example_setup_teardown_taskflow to 2024-01-13T00:00:00+00:00, run_after=2024-01-14T00:00:00+00:00
[2024-01-14T15:55:42.665+0200] {processor.py:183} INFO - Processing /home/mahmoud/airflow_env/lib/python3.10/site-packages/airflow/example_dags/example_setup_teardown_taskflow.py took 0.213 seconds
[2024-01-14T15:56:41.779+0200] {processor.py:161} INFO - Started process (PID=30490) to work on /home/mahmoud/airflow_env/lib/python3.10/site-packages/airflow/example_dags/example_setup_teardown_taskflow.py
[2024-01-14T15:56:41.783+0200] {processor.py:830} INFO - Processing file /home/mahmoud/airflow_env/lib/python3.10/site-packages/airflow/example_dags/example_setup_teardown_taskflow.py for tasks to queue
[2024-01-14T15:56:41.785+0200] {logging_mixin.py:188} INFO - [2024-01-14T15:56:41.784+0200] {dagbag.py:538} INFO - Filling up the DagBag from /home/mahmoud/airflow_env/lib/python3.10/site-packages/airflow/example_dags/example_setup_teardown_taskflow.py
[2024-01-14T15:56:41.816+0200] {processor.py:840} INFO - DAG(s) 'example_setup_teardown_taskflow' retrieved from /home/mahmoud/airflow_env/lib/python3.10/site-packages/airflow/example_dags/example_setup_teardown_taskflow.py
[2024-01-14T15:56:41.864+0200] {logging_mixin.py:188} INFO - [2024-01-14T15:56:41.864+0200] {dag.py:3033} INFO - Sync 1 DAGs
[2024-01-14T15:56:41.923+0200] {logging_mixin.py:188} INFO - [2024-01-14T15:56:41.922+0200] {dag.py:3820} INFO - Setting next_dagrun for example_setup_teardown_taskflow to 2024-01-13T00:00:00+00:00, run_after=2024-01-14T00:00:00+00:00
[2024-01-14T15:56:41.986+0200] {processor.py:183} INFO - Processing /home/mahmoud/airflow_env/lib/python3.10/site-packages/airflow/example_dags/example_setup_teardown_taskflow.py took 0.216 seconds
[2024-01-14T15:57:38.791+0200] {processor.py:161} INFO - Started process (PID=30694) to work on /home/mahmoud/airflow_env/lib/python3.10/site-packages/airflow/example_dags/example_setup_teardown_taskflow.py
[2024-01-14T15:57:38.793+0200] {processor.py:830} INFO - Processing file /home/mahmoud/airflow_env/lib/python3.10/site-packages/airflow/example_dags/example_setup_teardown_taskflow.py for tasks to queue
[2024-01-14T15:57:38.794+0200] {logging_mixin.py:188} INFO - [2024-01-14T15:57:38.793+0200] {dagbag.py:538} INFO - Filling up the DagBag from /home/mahmoud/airflow_env/lib/python3.10/site-packages/airflow/example_dags/example_setup_teardown_taskflow.py
[2024-01-14T15:57:38.801+0200] {processor.py:840} INFO - DAG(s) 'example_setup_teardown_taskflow' retrieved from /home/mahmoud/airflow_env/lib/python3.10/site-packages/airflow/example_dags/example_setup_teardown_taskflow.py
[2024-01-14T15:57:38.812+0200] {logging_mixin.py:188} INFO - [2024-01-14T15:57:38.812+0200] {dag.py:3033} INFO - Sync 1 DAGs
[2024-01-14T15:57:38.825+0200] {logging_mixin.py:188} INFO - [2024-01-14T15:57:38.825+0200] {dag.py:3820} INFO - Setting next_dagrun for example_setup_teardown_taskflow to 2024-01-13T00:00:00+00:00, run_after=2024-01-14T00:00:00+00:00
[2024-01-14T15:57:38.845+0200] {processor.py:183} INFO - Processing /home/mahmoud/airflow_env/lib/python3.10/site-packages/airflow/example_dags/example_setup_teardown_taskflow.py took 0.055 seconds
