[2024-01-14T15:08:52.707+0200] {processor.py:161} INFO - Started process (PID=16298) to work on /home/mahmoud/airflow_env/lib/python3.10/site-packages/airflow/example_dags/example_branch_day_of_week_operator.py
[2024-01-14T15:08:52.708+0200] {processor.py:830} INFO - Processing file /home/mahmoud/airflow_env/lib/python3.10/site-packages/airflow/example_dags/example_branch_day_of_week_operator.py for tasks to queue
[2024-01-14T15:08:52.710+0200] {logging_mixin.py:188} INFO - [2024-01-14T15:08:52.709+0200] {dagbag.py:538} INFO - Filling up the DagBag from /home/mahmoud/airflow_env/lib/python3.10/site-packages/airflow/example_dags/example_branch_day_of_week_operator.py
[2024-01-14T15:08:52.724+0200] {processor.py:840} INFO - DAG(s) 'example_weekday_branch_operator' retrieved from /home/mahmoud/airflow_env/lib/python3.10/site-packages/airflow/example_dags/example_branch_day_of_week_operator.py
[2024-01-14T15:08:52.817+0200] {logging_mixin.py:188} INFO - [2024-01-14T15:08:52.817+0200] {override.py:1769} INFO - Created Permission View: can edit on DAG:example_weekday_branch_operator
[2024-01-14T15:08:52.830+0200] {logging_mixin.py:188} INFO - [2024-01-14T15:08:52.830+0200] {override.py:1769} INFO - Created Permission View: can delete on DAG:example_weekday_branch_operator
[2024-01-14T15:08:52.841+0200] {logging_mixin.py:188} INFO - [2024-01-14T15:08:52.840+0200] {override.py:1769} INFO - Created Permission View: can read on DAG:example_weekday_branch_operator
[2024-01-14T15:08:52.841+0200] {logging_mixin.py:188} INFO - [2024-01-14T15:08:52.841+0200] {dag.py:3033} INFO - Sync 1 DAGs
[2024-01-14T15:08:52.849+0200] {logging_mixin.py:188} INFO - [2024-01-14T15:08:52.849+0200] {dag.py:3055} INFO - Creating ORM DAG for example_weekday_branch_operator
[2024-01-14T15:08:52.857+0200] {logging_mixin.py:188} INFO - [2024-01-14T15:08:52.857+0200] {dag.py:3820} INFO - Setting next_dagrun for example_weekday_branch_operator to 2024-01-13T00:00:00+00:00, run_after=2024-01-14T00:00:00+00:00
[2024-01-14T15:08:52.880+0200] {processor.py:183} INFO - Processing /home/mahmoud/airflow_env/lib/python3.10/site-packages/airflow/example_dags/example_branch_day_of_week_operator.py took 0.182 seconds
[2024-01-14T15:09:53.542+0200] {processor.py:161} INFO - Started process (PID=16640) to work on /home/mahmoud/airflow_env/lib/python3.10/site-packages/airflow/example_dags/example_branch_day_of_week_operator.py
[2024-01-14T15:09:53.543+0200] {processor.py:830} INFO - Processing file /home/mahmoud/airflow_env/lib/python3.10/site-packages/airflow/example_dags/example_branch_day_of_week_operator.py for tasks to queue
[2024-01-14T15:09:53.544+0200] {logging_mixin.py:188} INFO - [2024-01-14T15:09:53.544+0200] {dagbag.py:538} INFO - Filling up the DagBag from /home/mahmoud/airflow_env/lib/python3.10/site-packages/airflow/example_dags/example_branch_day_of_week_operator.py
[2024-01-14T15:09:53.551+0200] {processor.py:840} INFO - DAG(s) 'example_weekday_branch_operator' retrieved from /home/mahmoud/airflow_env/lib/python3.10/site-packages/airflow/example_dags/example_branch_day_of_week_operator.py
[2024-01-14T15:09:53.566+0200] {logging_mixin.py:188} INFO - [2024-01-14T15:09:53.566+0200] {dag.py:3033} INFO - Sync 1 DAGs
[2024-01-14T15:09:53.584+0200] {logging_mixin.py:188} INFO - [2024-01-14T15:09:53.584+0200] {dag.py:3820} INFO - Setting next_dagrun for example_weekday_branch_operator to 2024-01-13T00:00:00+00:00, run_after=2024-01-14T00:00:00+00:00
[2024-01-14T15:09:53.605+0200] {processor.py:183} INFO - Processing /home/mahmoud/airflow_env/lib/python3.10/site-packages/airflow/example_dags/example_branch_day_of_week_operator.py took 0.067 seconds
[2024-01-14T15:10:51.815+0200] {processor.py:161} INFO - Started process (PID=16879) to work on /home/mahmoud/airflow_env/lib/python3.10/site-packages/airflow/example_dags/example_branch_day_of_week_operator.py
[2024-01-14T15:10:51.818+0200] {processor.py:830} INFO - Processing file /home/mahmoud/airflow_env/lib/python3.10/site-packages/airflow/example_dags/example_branch_day_of_week_operator.py for tasks to queue
[2024-01-14T15:10:51.819+0200] {logging_mixin.py:188} INFO - [2024-01-14T15:10:51.819+0200] {dagbag.py:538} INFO - Filling up the DagBag from /home/mahmoud/airflow_env/lib/python3.10/site-packages/airflow/example_dags/example_branch_day_of_week_operator.py
[2024-01-14T15:10:51.828+0200] {processor.py:840} INFO - DAG(s) 'example_weekday_branch_operator' retrieved from /home/mahmoud/airflow_env/lib/python3.10/site-packages/airflow/example_dags/example_branch_day_of_week_operator.py
[2024-01-14T15:10:51.843+0200] {logging_mixin.py:188} INFO - [2024-01-14T15:10:51.843+0200] {dag.py:3033} INFO - Sync 1 DAGs
[2024-01-14T15:10:51.861+0200] {logging_mixin.py:188} INFO - [2024-01-14T15:10:51.861+0200] {dag.py:3820} INFO - Setting next_dagrun for example_weekday_branch_operator to 2024-01-13T00:00:00+00:00, run_after=2024-01-14T00:00:00+00:00
[2024-01-14T15:10:51.878+0200] {processor.py:183} INFO - Processing /home/mahmoud/airflow_env/lib/python3.10/site-packages/airflow/example_dags/example_branch_day_of_week_operator.py took 0.069 seconds
[2024-01-14T15:11:50.060+0200] {processor.py:161} INFO - Started process (PID=17151) to work on /home/mahmoud/airflow_env/lib/python3.10/site-packages/airflow/example_dags/example_branch_day_of_week_operator.py
[2024-01-14T15:11:50.062+0200] {processor.py:830} INFO - Processing file /home/mahmoud/airflow_env/lib/python3.10/site-packages/airflow/example_dags/example_branch_day_of_week_operator.py for tasks to queue
[2024-01-14T15:11:50.064+0200] {logging_mixin.py:188} INFO - [2024-01-14T15:11:50.063+0200] {dagbag.py:538} INFO - Filling up the DagBag from /home/mahmoud/airflow_env/lib/python3.10/site-packages/airflow/example_dags/example_branch_day_of_week_operator.py
[2024-01-14T15:11:50.074+0200] {processor.py:840} INFO - DAG(s) 'example_weekday_branch_operator' retrieved from /home/mahmoud/airflow_env/lib/python3.10/site-packages/airflow/example_dags/example_branch_day_of_week_operator.py
[2024-01-14T15:11:50.091+0200] {logging_mixin.py:188} INFO - [2024-01-14T15:11:50.091+0200] {dag.py:3033} INFO - Sync 1 DAGs
[2024-01-14T15:11:50.110+0200] {logging_mixin.py:188} INFO - [2024-01-14T15:11:50.109+0200] {dag.py:3820} INFO - Setting next_dagrun for example_weekday_branch_operator to 2024-01-13T00:00:00+00:00, run_after=2024-01-14T00:00:00+00:00
[2024-01-14T15:11:50.132+0200] {processor.py:183} INFO - Processing /home/mahmoud/airflow_env/lib/python3.10/site-packages/airflow/example_dags/example_branch_day_of_week_operator.py took 0.078 seconds
[2024-01-14T15:12:41.984+0200] {processor.py:161} INFO - Started process (PID=17358) to work on /home/mahmoud/airflow_env/lib/python3.10/site-packages/airflow/example_dags/example_branch_day_of_week_operator.py
[2024-01-14T15:12:41.986+0200] {processor.py:830} INFO - Processing file /home/mahmoud/airflow_env/lib/python3.10/site-packages/airflow/example_dags/example_branch_day_of_week_operator.py for tasks to queue
[2024-01-14T15:12:41.988+0200] {logging_mixin.py:188} INFO - [2024-01-14T15:12:41.987+0200] {dagbag.py:538} INFO - Filling up the DagBag from /home/mahmoud/airflow_env/lib/python3.10/site-packages/airflow/example_dags/example_branch_day_of_week_operator.py
[2024-01-14T15:12:41.999+0200] {processor.py:840} INFO - DAG(s) 'example_weekday_branch_operator' retrieved from /home/mahmoud/airflow_env/lib/python3.10/site-packages/airflow/example_dags/example_branch_day_of_week_operator.py
[2024-01-14T15:12:42.015+0200] {logging_mixin.py:188} INFO - [2024-01-14T15:12:42.015+0200] {dag.py:3033} INFO - Sync 1 DAGs
[2024-01-14T15:12:42.030+0200] {logging_mixin.py:188} INFO - [2024-01-14T15:12:42.030+0200] {dag.py:3820} INFO - Setting next_dagrun for example_weekday_branch_operator to 2024-01-13T00:00:00+00:00, run_after=2024-01-14T00:00:00+00:00
[2024-01-14T15:12:42.050+0200] {processor.py:183} INFO - Processing /home/mahmoud/airflow_env/lib/python3.10/site-packages/airflow/example_dags/example_branch_day_of_week_operator.py took 0.072 seconds
[2024-01-14T15:13:36.117+0200] {processor.py:161} INFO - Started process (PID=17596) to work on /home/mahmoud/airflow_env/lib/python3.10/site-packages/airflow/example_dags/example_branch_day_of_week_operator.py
[2024-01-14T15:13:36.119+0200] {processor.py:830} INFO - Processing file /home/mahmoud/airflow_env/lib/python3.10/site-packages/airflow/example_dags/example_branch_day_of_week_operator.py for tasks to queue
[2024-01-14T15:13:36.120+0200] {logging_mixin.py:188} INFO - [2024-01-14T15:13:36.120+0200] {dagbag.py:538} INFO - Filling up the DagBag from /home/mahmoud/airflow_env/lib/python3.10/site-packages/airflow/example_dags/example_branch_day_of_week_operator.py
[2024-01-14T15:13:36.128+0200] {processor.py:840} INFO - DAG(s) 'example_weekday_branch_operator' retrieved from /home/mahmoud/airflow_env/lib/python3.10/site-packages/airflow/example_dags/example_branch_day_of_week_operator.py
[2024-01-14T15:13:36.144+0200] {logging_mixin.py:188} INFO - [2024-01-14T15:13:36.144+0200] {dag.py:3033} INFO - Sync 1 DAGs
[2024-01-14T15:13:36.163+0200] {logging_mixin.py:188} INFO - [2024-01-14T15:13:36.163+0200] {dag.py:3820} INFO - Setting next_dagrun for example_weekday_branch_operator to 2024-01-13T00:00:00+00:00, run_after=2024-01-14T00:00:00+00:00
[2024-01-14T15:13:36.183+0200] {processor.py:183} INFO - Processing /home/mahmoud/airflow_env/lib/python3.10/site-packages/airflow/example_dags/example_branch_day_of_week_operator.py took 0.069 seconds
[2024-01-14T15:20:38.876+0200] {processor.py:161} INFO - Started process (PID=19614) to work on /home/mahmoud/airflow_env/lib/python3.10/site-packages/airflow/example_dags/example_branch_day_of_week_operator.py
[2024-01-14T15:20:38.879+0200] {processor.py:830} INFO - Processing file /home/mahmoud/airflow_env/lib/python3.10/site-packages/airflow/example_dags/example_branch_day_of_week_operator.py for tasks to queue
[2024-01-14T15:20:38.881+0200] {logging_mixin.py:188} INFO - [2024-01-14T15:20:38.880+0200] {dagbag.py:538} INFO - Filling up the DagBag from /home/mahmoud/airflow_env/lib/python3.10/site-packages/airflow/example_dags/example_branch_day_of_week_operator.py
[2024-01-14T15:20:38.895+0200] {processor.py:840} INFO - DAG(s) 'example_weekday_branch_operator' retrieved from /home/mahmoud/airflow_env/lib/python3.10/site-packages/airflow/example_dags/example_branch_day_of_week_operator.py
[2024-01-14T15:20:38.917+0200] {logging_mixin.py:188} INFO - [2024-01-14T15:20:38.917+0200] {dag.py:3033} INFO - Sync 1 DAGs
[2024-01-14T15:20:38.938+0200] {logging_mixin.py:188} INFO - [2024-01-14T15:20:38.938+0200] {dag.py:3820} INFO - Setting next_dagrun for example_weekday_branch_operator to 2024-01-13T00:00:00+00:00, run_after=2024-01-14T00:00:00+00:00
[2024-01-14T15:20:38.961+0200] {processor.py:183} INFO - Processing /home/mahmoud/airflow_env/lib/python3.10/site-packages/airflow/example_dags/example_branch_day_of_week_operator.py took 0.092 seconds
[2024-01-14T15:21:38.828+0200] {processor.py:161} INFO - Started process (PID=19848) to work on /home/mahmoud/airflow_env/lib/python3.10/site-packages/airflow/example_dags/example_branch_day_of_week_operator.py
[2024-01-14T15:21:38.832+0200] {processor.py:830} INFO - Processing file /home/mahmoud/airflow_env/lib/python3.10/site-packages/airflow/example_dags/example_branch_day_of_week_operator.py for tasks to queue
[2024-01-14T15:21:38.833+0200] {logging_mixin.py:188} INFO - [2024-01-14T15:21:38.832+0200] {dagbag.py:538} INFO - Filling up the DagBag from /home/mahmoud/airflow_env/lib/python3.10/site-packages/airflow/example_dags/example_branch_day_of_week_operator.py
[2024-01-14T15:21:38.844+0200] {processor.py:840} INFO - DAG(s) 'example_weekday_branch_operator' retrieved from /home/mahmoud/airflow_env/lib/python3.10/site-packages/airflow/example_dags/example_branch_day_of_week_operator.py
[2024-01-14T15:21:38.860+0200] {logging_mixin.py:188} INFO - [2024-01-14T15:21:38.860+0200] {dag.py:3033} INFO - Sync 1 DAGs
[2024-01-14T15:21:38.877+0200] {logging_mixin.py:188} INFO - [2024-01-14T15:21:38.877+0200] {dag.py:3820} INFO - Setting next_dagrun for example_weekday_branch_operator to 2024-01-13T00:00:00+00:00, run_after=2024-01-14T00:00:00+00:00
[2024-01-14T15:21:38.901+0200] {processor.py:183} INFO - Processing /home/mahmoud/airflow_env/lib/python3.10/site-packages/airflow/example_dags/example_branch_day_of_week_operator.py took 0.079 seconds
[2024-01-14T15:22:34.255+0200] {processor.py:161} INFO - Started process (PID=20068) to work on /home/mahmoud/airflow_env/lib/python3.10/site-packages/airflow/example_dags/example_branch_day_of_week_operator.py
[2024-01-14T15:22:34.257+0200] {processor.py:830} INFO - Processing file /home/mahmoud/airflow_env/lib/python3.10/site-packages/airflow/example_dags/example_branch_day_of_week_operator.py for tasks to queue
[2024-01-14T15:22:34.258+0200] {logging_mixin.py:188} INFO - [2024-01-14T15:22:34.258+0200] {dagbag.py:538} INFO - Filling up the DagBag from /home/mahmoud/airflow_env/lib/python3.10/site-packages/airflow/example_dags/example_branch_day_of_week_operator.py
[2024-01-14T15:22:34.269+0200] {processor.py:840} INFO - DAG(s) 'example_weekday_branch_operator' retrieved from /home/mahmoud/airflow_env/lib/python3.10/site-packages/airflow/example_dags/example_branch_day_of_week_operator.py
[2024-01-14T15:22:34.286+0200] {logging_mixin.py:188} INFO - [2024-01-14T15:22:34.286+0200] {dag.py:3033} INFO - Sync 1 DAGs
[2024-01-14T15:22:34.304+0200] {logging_mixin.py:188} INFO - [2024-01-14T15:22:34.304+0200] {dag.py:3820} INFO - Setting next_dagrun for example_weekday_branch_operator to 2024-01-13T00:00:00+00:00, run_after=2024-01-14T00:00:00+00:00
[2024-01-14T15:22:34.326+0200] {processor.py:183} INFO - Processing /home/mahmoud/airflow_env/lib/python3.10/site-packages/airflow/example_dags/example_branch_day_of_week_operator.py took 0.076 seconds
[2024-01-14T15:38:30.985+0200] {processor.py:161} INFO - Started process (PID=24796) to work on /home/mahmoud/airflow_env/lib/python3.10/site-packages/airflow/example_dags/example_branch_day_of_week_operator.py
[2024-01-14T15:38:30.987+0200] {processor.py:830} INFO - Processing file /home/mahmoud/airflow_env/lib/python3.10/site-packages/airflow/example_dags/example_branch_day_of_week_operator.py for tasks to queue
[2024-01-14T15:38:30.988+0200] {logging_mixin.py:188} INFO - [2024-01-14T15:38:30.987+0200] {dagbag.py:538} INFO - Filling up the DagBag from /home/mahmoud/airflow_env/lib/python3.10/site-packages/airflow/example_dags/example_branch_day_of_week_operator.py
[2024-01-14T15:38:30.994+0200] {processor.py:840} INFO - DAG(s) 'example_weekday_branch_operator' retrieved from /home/mahmoud/airflow_env/lib/python3.10/site-packages/airflow/example_dags/example_branch_day_of_week_operator.py
[2024-01-14T15:38:31.005+0200] {logging_mixin.py:188} INFO - [2024-01-14T15:38:31.005+0200] {dag.py:3033} INFO - Sync 1 DAGs
[2024-01-14T15:38:31.022+0200] {logging_mixin.py:188} INFO - [2024-01-14T15:38:31.022+0200] {dag.py:3820} INFO - Setting next_dagrun for example_weekday_branch_operator to 2024-01-13T00:00:00+00:00, run_after=2024-01-14T00:00:00+00:00
[2024-01-14T15:38:31.047+0200] {processor.py:183} INFO - Processing /home/mahmoud/airflow_env/lib/python3.10/site-packages/airflow/example_dags/example_branch_day_of_week_operator.py took 0.064 seconds
[2024-01-14T15:39:27.517+0200] {processor.py:161} INFO - Started process (PID=25164) to work on /home/mahmoud/airflow_env/lib/python3.10/site-packages/airflow/example_dags/example_branch_day_of_week_operator.py
[2024-01-14T15:39:27.529+0200] {processor.py:830} INFO - Processing file /home/mahmoud/airflow_env/lib/python3.10/site-packages/airflow/example_dags/example_branch_day_of_week_operator.py for tasks to queue
[2024-01-14T15:39:27.530+0200] {logging_mixin.py:188} INFO - [2024-01-14T15:39:27.530+0200] {dagbag.py:538} INFO - Filling up the DagBag from /home/mahmoud/airflow_env/lib/python3.10/site-packages/airflow/example_dags/example_branch_day_of_week_operator.py
[2024-01-14T15:39:27.537+0200] {processor.py:840} INFO - DAG(s) 'example_weekday_branch_operator' retrieved from /home/mahmoud/airflow_env/lib/python3.10/site-packages/airflow/example_dags/example_branch_day_of_week_operator.py
[2024-01-14T15:39:27.549+0200] {logging_mixin.py:188} INFO - [2024-01-14T15:39:27.549+0200] {dag.py:3033} INFO - Sync 1 DAGs
[2024-01-14T15:39:27.567+0200] {logging_mixin.py:188} INFO - [2024-01-14T15:39:27.567+0200] {dag.py:3820} INFO - Setting next_dagrun for example_weekday_branch_operator to 2024-01-13T00:00:00+00:00, run_after=2024-01-14T00:00:00+00:00
[2024-01-14T15:39:27.593+0200] {processor.py:183} INFO - Processing /home/mahmoud/airflow_env/lib/python3.10/site-packages/airflow/example_dags/example_branch_day_of_week_operator.py took 0.079 seconds
[2024-01-14T15:40:16.650+0200] {processor.py:161} INFO - Started process (PID=25360) to work on /home/mahmoud/airflow_env/lib/python3.10/site-packages/airflow/example_dags/example_branch_day_of_week_operator.py
[2024-01-14T15:40:16.657+0200] {processor.py:830} INFO - Processing file /home/mahmoud/airflow_env/lib/python3.10/site-packages/airflow/example_dags/example_branch_day_of_week_operator.py for tasks to queue
[2024-01-14T15:40:16.658+0200] {logging_mixin.py:188} INFO - [2024-01-14T15:40:16.658+0200] {dagbag.py:538} INFO - Filling up the DagBag from /home/mahmoud/airflow_env/lib/python3.10/site-packages/airflow/example_dags/example_branch_day_of_week_operator.py
[2024-01-14T15:40:16.666+0200] {processor.py:840} INFO - DAG(s) 'example_weekday_branch_operator' retrieved from /home/mahmoud/airflow_env/lib/python3.10/site-packages/airflow/example_dags/example_branch_day_of_week_operator.py
[2024-01-14T15:40:16.681+0200] {logging_mixin.py:188} INFO - [2024-01-14T15:40:16.680+0200] {dag.py:3033} INFO - Sync 1 DAGs
[2024-01-14T15:40:16.699+0200] {logging_mixin.py:188} INFO - [2024-01-14T15:40:16.699+0200] {dag.py:3820} INFO - Setting next_dagrun for example_weekday_branch_operator to 2024-01-13T00:00:00+00:00, run_after=2024-01-14T00:00:00+00:00
[2024-01-14T15:40:16.723+0200] {processor.py:183} INFO - Processing /home/mahmoud/airflow_env/lib/python3.10/site-packages/airflow/example_dags/example_branch_day_of_week_operator.py took 0.077 seconds
[2024-01-14T15:41:13.159+0200] {processor.py:161} INFO - Started process (PID=25643) to work on /home/mahmoud/airflow_env/lib/python3.10/site-packages/airflow/example_dags/example_branch_day_of_week_operator.py
[2024-01-14T15:41:13.161+0200] {processor.py:830} INFO - Processing file /home/mahmoud/airflow_env/lib/python3.10/site-packages/airflow/example_dags/example_branch_day_of_week_operator.py for tasks to queue
[2024-01-14T15:41:13.162+0200] {logging_mixin.py:188} INFO - [2024-01-14T15:41:13.162+0200] {dagbag.py:538} INFO - Filling up the DagBag from /home/mahmoud/airflow_env/lib/python3.10/site-packages/airflow/example_dags/example_branch_day_of_week_operator.py
[2024-01-14T15:41:13.172+0200] {processor.py:840} INFO - DAG(s) 'example_weekday_branch_operator' retrieved from /home/mahmoud/airflow_env/lib/python3.10/site-packages/airflow/example_dags/example_branch_day_of_week_operator.py
[2024-01-14T15:41:13.192+0200] {logging_mixin.py:188} INFO - [2024-01-14T15:41:13.192+0200] {dag.py:3033} INFO - Sync 1 DAGs
[2024-01-14T15:41:13.213+0200] {logging_mixin.py:188} INFO - [2024-01-14T15:41:13.213+0200] {dag.py:3820} INFO - Setting next_dagrun for example_weekday_branch_operator to 2024-01-13T00:00:00+00:00, run_after=2024-01-14T00:00:00+00:00
[2024-01-14T15:41:13.236+0200] {processor.py:183} INFO - Processing /home/mahmoud/airflow_env/lib/python3.10/site-packages/airflow/example_dags/example_branch_day_of_week_operator.py took 0.082 seconds
[2024-01-14T15:42:04.982+0200] {processor.py:161} INFO - Started process (PID=25846) to work on /home/mahmoud/airflow_env/lib/python3.10/site-packages/airflow/example_dags/example_branch_day_of_week_operator.py
[2024-01-14T15:42:04.984+0200] {processor.py:830} INFO - Processing file /home/mahmoud/airflow_env/lib/python3.10/site-packages/airflow/example_dags/example_branch_day_of_week_operator.py for tasks to queue
[2024-01-14T15:42:04.984+0200] {logging_mixin.py:188} INFO - [2024-01-14T15:42:04.984+0200] {dagbag.py:538} INFO - Filling up the DagBag from /home/mahmoud/airflow_env/lib/python3.10/site-packages/airflow/example_dags/example_branch_day_of_week_operator.py
[2024-01-14T15:42:04.990+0200] {processor.py:840} INFO - DAG(s) 'example_weekday_branch_operator' retrieved from /home/mahmoud/airflow_env/lib/python3.10/site-packages/airflow/example_dags/example_branch_day_of_week_operator.py
[2024-01-14T15:42:05.006+0200] {logging_mixin.py:188} INFO - [2024-01-14T15:42:05.005+0200] {dag.py:3033} INFO - Sync 1 DAGs
[2024-01-14T15:42:05.039+0200] {logging_mixin.py:188} INFO - [2024-01-14T15:42:05.039+0200] {dag.py:3820} INFO - Setting next_dagrun for example_weekday_branch_operator to 2024-01-13T00:00:00+00:00, run_after=2024-01-14T00:00:00+00:00
[2024-01-14T15:42:05.059+0200] {processor.py:183} INFO - Processing /home/mahmoud/airflow_env/lib/python3.10/site-packages/airflow/example_dags/example_branch_day_of_week_operator.py took 0.079 seconds
[2024-01-14T15:43:35.622+0200] {processor.py:161} INFO - Started process (PID=26767) to work on /home/mahmoud/airflow_env/lib/python3.10/site-packages/airflow/example_dags/example_branch_day_of_week_operator.py
[2024-01-14T15:43:35.623+0200] {processor.py:830} INFO - Processing file /home/mahmoud/airflow_env/lib/python3.10/site-packages/airflow/example_dags/example_branch_day_of_week_operator.py for tasks to queue
[2024-01-14T15:43:35.624+0200] {logging_mixin.py:188} INFO - [2024-01-14T15:43:35.624+0200] {dagbag.py:538} INFO - Filling up the DagBag from /home/mahmoud/airflow_env/lib/python3.10/site-packages/airflow/example_dags/example_branch_day_of_week_operator.py
[2024-01-14T15:43:35.631+0200] {processor.py:840} INFO - DAG(s) 'example_weekday_branch_operator' retrieved from /home/mahmoud/airflow_env/lib/python3.10/site-packages/airflow/example_dags/example_branch_day_of_week_operator.py
[2024-01-14T15:43:35.643+0200] {logging_mixin.py:188} INFO - [2024-01-14T15:43:35.643+0200] {dag.py:3033} INFO - Sync 1 DAGs
[2024-01-14T15:43:35.660+0200] {logging_mixin.py:188} INFO - [2024-01-14T15:43:35.660+0200] {dag.py:3820} INFO - Setting next_dagrun for example_weekday_branch_operator to 2024-01-13T00:00:00+00:00, run_after=2024-01-14T00:00:00+00:00
[2024-01-14T15:43:35.683+0200] {processor.py:183} INFO - Processing /home/mahmoud/airflow_env/lib/python3.10/site-packages/airflow/example_dags/example_branch_day_of_week_operator.py took 0.065 seconds
[2024-01-14T15:44:41.976+0200] {processor.py:161} INFO - Started process (PID=27508) to work on /home/mahmoud/airflow_env/lib/python3.10/site-packages/airflow/example_dags/example_branch_day_of_week_operator.py
[2024-01-14T15:44:41.979+0200] {processor.py:830} INFO - Processing file /home/mahmoud/airflow_env/lib/python3.10/site-packages/airflow/example_dags/example_branch_day_of_week_operator.py for tasks to queue
[2024-01-14T15:44:41.980+0200] {logging_mixin.py:188} INFO - [2024-01-14T15:44:41.980+0200] {dagbag.py:538} INFO - Filling up the DagBag from /home/mahmoud/airflow_env/lib/python3.10/site-packages/airflow/example_dags/example_branch_day_of_week_operator.py
[2024-01-14T15:44:41.989+0200] {processor.py:840} INFO - DAG(s) 'example_weekday_branch_operator' retrieved from /home/mahmoud/airflow_env/lib/python3.10/site-packages/airflow/example_dags/example_branch_day_of_week_operator.py
[2024-01-14T15:44:42.004+0200] {logging_mixin.py:188} INFO - [2024-01-14T15:44:42.004+0200] {dag.py:3033} INFO - Sync 1 DAGs
[2024-01-14T15:44:42.024+0200] {logging_mixin.py:188} INFO - [2024-01-14T15:44:42.024+0200] {dag.py:3820} INFO - Setting next_dagrun for example_weekday_branch_operator to 2024-01-13T00:00:00+00:00, run_after=2024-01-14T00:00:00+00:00
[2024-01-14T15:44:42.049+0200] {processor.py:183} INFO - Processing /home/mahmoud/airflow_env/lib/python3.10/site-packages/airflow/example_dags/example_branch_day_of_week_operator.py took 0.079 seconds
[2024-01-14T15:45:42.633+0200] {processor.py:161} INFO - Started process (PID=27850) to work on /home/mahmoud/airflow_env/lib/python3.10/site-packages/airflow/example_dags/example_branch_day_of_week_operator.py
[2024-01-14T15:45:42.635+0200] {processor.py:830} INFO - Processing file /home/mahmoud/airflow_env/lib/python3.10/site-packages/airflow/example_dags/example_branch_day_of_week_operator.py for tasks to queue
[2024-01-14T15:45:42.636+0200] {logging_mixin.py:188} INFO - [2024-01-14T15:45:42.636+0200] {dagbag.py:538} INFO - Filling up the DagBag from /home/mahmoud/airflow_env/lib/python3.10/site-packages/airflow/example_dags/example_branch_day_of_week_operator.py
[2024-01-14T15:45:42.643+0200] {processor.py:840} INFO - DAG(s) 'example_weekday_branch_operator' retrieved from /home/mahmoud/airflow_env/lib/python3.10/site-packages/airflow/example_dags/example_branch_day_of_week_operator.py
[2024-01-14T15:45:42.661+0200] {logging_mixin.py:188} INFO - [2024-01-14T15:45:42.661+0200] {dag.py:3033} INFO - Sync 1 DAGs
[2024-01-14T15:45:42.679+0200] {logging_mixin.py:188} INFO - [2024-01-14T15:45:42.679+0200] {dag.py:3820} INFO - Setting next_dagrun for example_weekday_branch_operator to 2024-01-13T00:00:00+00:00, run_after=2024-01-14T00:00:00+00:00
[2024-01-14T15:45:42.699+0200] {processor.py:183} INFO - Processing /home/mahmoud/airflow_env/lib/python3.10/site-packages/airflow/example_dags/example_branch_day_of_week_operator.py took 0.068 seconds
[2024-01-14T15:46:36.018+0200] {processor.py:161} INFO - Started process (PID=28061) to work on /home/mahmoud/airflow_env/lib/python3.10/site-packages/airflow/example_dags/example_branch_day_of_week_operator.py
[2024-01-14T15:46:36.023+0200] {processor.py:830} INFO - Processing file /home/mahmoud/airflow_env/lib/python3.10/site-packages/airflow/example_dags/example_branch_day_of_week_operator.py for tasks to queue
[2024-01-14T15:46:36.023+0200] {logging_mixin.py:188} INFO - [2024-01-14T15:46:36.023+0200] {dagbag.py:538} INFO - Filling up the DagBag from /home/mahmoud/airflow_env/lib/python3.10/site-packages/airflow/example_dags/example_branch_day_of_week_operator.py
[2024-01-14T15:46:36.031+0200] {processor.py:840} INFO - DAG(s) 'example_weekday_branch_operator' retrieved from /home/mahmoud/airflow_env/lib/python3.10/site-packages/airflow/example_dags/example_branch_day_of_week_operator.py
[2024-01-14T15:46:36.047+0200] {logging_mixin.py:188} INFO - [2024-01-14T15:46:36.046+0200] {dag.py:3033} INFO - Sync 1 DAGs
[2024-01-14T15:46:36.066+0200] {logging_mixin.py:188} INFO - [2024-01-14T15:46:36.065+0200] {dag.py:3820} INFO - Setting next_dagrun for example_weekday_branch_operator to 2024-01-13T00:00:00+00:00, run_after=2024-01-14T00:00:00+00:00
[2024-01-14T15:46:36.091+0200] {processor.py:183} INFO - Processing /home/mahmoud/airflow_env/lib/python3.10/site-packages/airflow/example_dags/example_branch_day_of_week_operator.py took 0.076 seconds
[2024-01-14T15:47:29.859+0200] {processor.py:161} INFO - Started process (PID=28338) to work on /home/mahmoud/airflow_env/lib/python3.10/site-packages/airflow/example_dags/example_branch_day_of_week_operator.py
[2024-01-14T15:47:29.862+0200] {processor.py:830} INFO - Processing file /home/mahmoud/airflow_env/lib/python3.10/site-packages/airflow/example_dags/example_branch_day_of_week_operator.py for tasks to queue
[2024-01-14T15:47:29.863+0200] {logging_mixin.py:188} INFO - [2024-01-14T15:47:29.863+0200] {dagbag.py:538} INFO - Filling up the DagBag from /home/mahmoud/airflow_env/lib/python3.10/site-packages/airflow/example_dags/example_branch_day_of_week_operator.py
[2024-01-14T15:47:29.874+0200] {processor.py:840} INFO - DAG(s) 'example_weekday_branch_operator' retrieved from /home/mahmoud/airflow_env/lib/python3.10/site-packages/airflow/example_dags/example_branch_day_of_week_operator.py
[2024-01-14T15:47:29.892+0200] {logging_mixin.py:188} INFO - [2024-01-14T15:47:29.891+0200] {dag.py:3033} INFO - Sync 1 DAGs
[2024-01-14T15:47:29.909+0200] {logging_mixin.py:188} INFO - [2024-01-14T15:47:29.909+0200] {dag.py:3820} INFO - Setting next_dagrun for example_weekday_branch_operator to 2024-01-13T00:00:00+00:00, run_after=2024-01-14T00:00:00+00:00
[2024-01-14T15:47:29.935+0200] {processor.py:183} INFO - Processing /home/mahmoud/airflow_env/lib/python3.10/site-packages/airflow/example_dags/example_branch_day_of_week_operator.py took 0.081 seconds
[2024-01-14T15:48:21.845+0200] {processor.py:161} INFO - Started process (PID=28575) to work on /home/mahmoud/airflow_env/lib/python3.10/site-packages/airflow/example_dags/example_branch_day_of_week_operator.py
[2024-01-14T15:48:21.846+0200] {processor.py:830} INFO - Processing file /home/mahmoud/airflow_env/lib/python3.10/site-packages/airflow/example_dags/example_branch_day_of_week_operator.py for tasks to queue
[2024-01-14T15:48:21.847+0200] {logging_mixin.py:188} INFO - [2024-01-14T15:48:21.847+0200] {dagbag.py:538} INFO - Filling up the DagBag from /home/mahmoud/airflow_env/lib/python3.10/site-packages/airflow/example_dags/example_branch_day_of_week_operator.py
[2024-01-14T15:48:21.855+0200] {processor.py:840} INFO - DAG(s) 'example_weekday_branch_operator' retrieved from /home/mahmoud/airflow_env/lib/python3.10/site-packages/airflow/example_dags/example_branch_day_of_week_operator.py
[2024-01-14T15:48:21.870+0200] {logging_mixin.py:188} INFO - [2024-01-14T15:48:21.870+0200] {dag.py:3033} INFO - Sync 1 DAGs
[2024-01-14T15:48:21.887+0200] {logging_mixin.py:188} INFO - [2024-01-14T15:48:21.887+0200] {dag.py:3820} INFO - Setting next_dagrun for example_weekday_branch_operator to 2024-01-13T00:00:00+00:00, run_after=2024-01-14T00:00:00+00:00
[2024-01-14T15:48:21.910+0200] {processor.py:183} INFO - Processing /home/mahmoud/airflow_env/lib/python3.10/site-packages/airflow/example_dags/example_branch_day_of_week_operator.py took 0.068 seconds
[2024-01-14T15:49:15.731+0200] {processor.py:161} INFO - Started process (PID=28786) to work on /home/mahmoud/airflow_env/lib/python3.10/site-packages/airflow/example_dags/example_branch_day_of_week_operator.py
[2024-01-14T15:49:15.733+0200] {processor.py:830} INFO - Processing file /home/mahmoud/airflow_env/lib/python3.10/site-packages/airflow/example_dags/example_branch_day_of_week_operator.py for tasks to queue
[2024-01-14T15:49:15.734+0200] {logging_mixin.py:188} INFO - [2024-01-14T15:49:15.734+0200] {dagbag.py:538} INFO - Filling up the DagBag from /home/mahmoud/airflow_env/lib/python3.10/site-packages/airflow/example_dags/example_branch_day_of_week_operator.py
[2024-01-14T15:49:15.742+0200] {processor.py:840} INFO - DAG(s) 'example_weekday_branch_operator' retrieved from /home/mahmoud/airflow_env/lib/python3.10/site-packages/airflow/example_dags/example_branch_day_of_week_operator.py
[2024-01-14T15:49:15.757+0200] {logging_mixin.py:188} INFO - [2024-01-14T15:49:15.756+0200] {dag.py:3033} INFO - Sync 1 DAGs
[2024-01-14T15:49:15.774+0200] {logging_mixin.py:188} INFO - [2024-01-14T15:49:15.774+0200] {dag.py:3820} INFO - Setting next_dagrun for example_weekday_branch_operator to 2024-01-13T00:00:00+00:00, run_after=2024-01-14T00:00:00+00:00
[2024-01-14T15:49:15.798+0200] {processor.py:183} INFO - Processing /home/mahmoud/airflow_env/lib/python3.10/site-packages/airflow/example_dags/example_branch_day_of_week_operator.py took 0.070 seconds
[2024-01-14T15:50:07.788+0200] {processor.py:161} INFO - Started process (PID=28991) to work on /home/mahmoud/airflow_env/lib/python3.10/site-packages/airflow/example_dags/example_branch_day_of_week_operator.py
[2024-01-14T15:50:07.790+0200] {processor.py:830} INFO - Processing file /home/mahmoud/airflow_env/lib/python3.10/site-packages/airflow/example_dags/example_branch_day_of_week_operator.py for tasks to queue
[2024-01-14T15:50:07.791+0200] {logging_mixin.py:188} INFO - [2024-01-14T15:50:07.791+0200] {dagbag.py:538} INFO - Filling up the DagBag from /home/mahmoud/airflow_env/lib/python3.10/site-packages/airflow/example_dags/example_branch_day_of_week_operator.py
[2024-01-14T15:50:07.800+0200] {processor.py:840} INFO - DAG(s) 'example_weekday_branch_operator' retrieved from /home/mahmoud/airflow_env/lib/python3.10/site-packages/airflow/example_dags/example_branch_day_of_week_operator.py
[2024-01-14T15:50:07.815+0200] {logging_mixin.py:188} INFO - [2024-01-14T15:50:07.815+0200] {dag.py:3033} INFO - Sync 1 DAGs
[2024-01-14T15:50:07.834+0200] {logging_mixin.py:188} INFO - [2024-01-14T15:50:07.834+0200] {dag.py:3820} INFO - Setting next_dagrun for example_weekday_branch_operator to 2024-01-13T00:00:00+00:00, run_after=2024-01-14T00:00:00+00:00
[2024-01-14T15:50:07.856+0200] {processor.py:183} INFO - Processing /home/mahmoud/airflow_env/lib/python3.10/site-packages/airflow/example_dags/example_branch_day_of_week_operator.py took 0.071 seconds
[2024-01-14T15:50:59.561+0200] {processor.py:161} INFO - Started process (PID=29195) to work on /home/mahmoud/airflow_env/lib/python3.10/site-packages/airflow/example_dags/example_branch_day_of_week_operator.py
[2024-01-14T15:50:59.563+0200] {processor.py:830} INFO - Processing file /home/mahmoud/airflow_env/lib/python3.10/site-packages/airflow/example_dags/example_branch_day_of_week_operator.py for tasks to queue
[2024-01-14T15:50:59.565+0200] {logging_mixin.py:188} INFO - [2024-01-14T15:50:59.564+0200] {dagbag.py:538} INFO - Filling up the DagBag from /home/mahmoud/airflow_env/lib/python3.10/site-packages/airflow/example_dags/example_branch_day_of_week_operator.py
[2024-01-14T15:50:59.580+0200] {processor.py:840} INFO - DAG(s) 'example_weekday_branch_operator' retrieved from /home/mahmoud/airflow_env/lib/python3.10/site-packages/airflow/example_dags/example_branch_day_of_week_operator.py
[2024-01-14T15:50:59.604+0200] {logging_mixin.py:188} INFO - [2024-01-14T15:50:59.604+0200] {dag.py:3033} INFO - Sync 1 DAGs
[2024-01-14T15:50:59.624+0200] {logging_mixin.py:188} INFO - [2024-01-14T15:50:59.624+0200] {dag.py:3820} INFO - Setting next_dagrun for example_weekday_branch_operator to 2024-01-13T00:00:00+00:00, run_after=2024-01-14T00:00:00+00:00
[2024-01-14T15:50:59.646+0200] {processor.py:183} INFO - Processing /home/mahmoud/airflow_env/lib/python3.10/site-packages/airflow/example_dags/example_branch_day_of_week_operator.py took 0.093 seconds
[2024-01-14T15:51:52.644+0200] {processor.py:161} INFO - Started process (PID=29406) to work on /home/mahmoud/airflow_env/lib/python3.10/site-packages/airflow/example_dags/example_branch_day_of_week_operator.py
[2024-01-14T15:51:52.646+0200] {processor.py:830} INFO - Processing file /home/mahmoud/airflow_env/lib/python3.10/site-packages/airflow/example_dags/example_branch_day_of_week_operator.py for tasks to queue
[2024-01-14T15:51:52.647+0200] {logging_mixin.py:188} INFO - [2024-01-14T15:51:52.647+0200] {dagbag.py:538} INFO - Filling up the DagBag from /home/mahmoud/airflow_env/lib/python3.10/site-packages/airflow/example_dags/example_branch_day_of_week_operator.py
[2024-01-14T15:51:52.654+0200] {processor.py:840} INFO - DAG(s) 'example_weekday_branch_operator' retrieved from /home/mahmoud/airflow_env/lib/python3.10/site-packages/airflow/example_dags/example_branch_day_of_week_operator.py
[2024-01-14T15:51:52.669+0200] {logging_mixin.py:188} INFO - [2024-01-14T15:51:52.669+0200] {dag.py:3033} INFO - Sync 1 DAGs
[2024-01-14T15:51:52.687+0200] {logging_mixin.py:188} INFO - [2024-01-14T15:51:52.687+0200] {dag.py:3820} INFO - Setting next_dagrun for example_weekday_branch_operator to 2024-01-13T00:00:00+00:00, run_after=2024-01-14T00:00:00+00:00
[2024-01-14T15:51:52.708+0200] {processor.py:183} INFO - Processing /home/mahmoud/airflow_env/lib/python3.10/site-packages/airflow/example_dags/example_branch_day_of_week_operator.py took 0.066 seconds
[2024-01-14T15:52:42.566+0200] {processor.py:161} INFO - Started process (PID=29630) to work on /home/mahmoud/airflow_env/lib/python3.10/site-packages/airflow/example_dags/example_branch_day_of_week_operator.py
[2024-01-14T15:52:42.567+0200] {processor.py:830} INFO - Processing file /home/mahmoud/airflow_env/lib/python3.10/site-packages/airflow/example_dags/example_branch_day_of_week_operator.py for tasks to queue
[2024-01-14T15:52:42.568+0200] {logging_mixin.py:188} INFO - [2024-01-14T15:52:42.567+0200] {dagbag.py:538} INFO - Filling up the DagBag from /home/mahmoud/airflow_env/lib/python3.10/site-packages/airflow/example_dags/example_branch_day_of_week_operator.py
[2024-01-14T15:52:42.575+0200] {processor.py:840} INFO - DAG(s) 'example_weekday_branch_operator' retrieved from /home/mahmoud/airflow_env/lib/python3.10/site-packages/airflow/example_dags/example_branch_day_of_week_operator.py
[2024-01-14T15:52:42.589+0200] {logging_mixin.py:188} INFO - [2024-01-14T15:52:42.589+0200] {dag.py:3033} INFO - Sync 1 DAGs
[2024-01-14T15:52:42.608+0200] {logging_mixin.py:188} INFO - [2024-01-14T15:52:42.608+0200] {dag.py:3820} INFO - Setting next_dagrun for example_weekday_branch_operator to 2024-01-13T00:00:00+00:00, run_after=2024-01-14T00:00:00+00:00
[2024-01-14T15:52:42.630+0200] {processor.py:183} INFO - Processing /home/mahmoud/airflow_env/lib/python3.10/site-packages/airflow/example_dags/example_branch_day_of_week_operator.py took 0.067 seconds
[2024-01-14T15:53:35.149+0200] {processor.py:161} INFO - Started process (PID=29842) to work on /home/mahmoud/airflow_env/lib/python3.10/site-packages/airflow/example_dags/example_branch_day_of_week_operator.py
[2024-01-14T15:53:35.151+0200] {processor.py:830} INFO - Processing file /home/mahmoud/airflow_env/lib/python3.10/site-packages/airflow/example_dags/example_branch_day_of_week_operator.py for tasks to queue
[2024-01-14T15:53:35.152+0200] {logging_mixin.py:188} INFO - [2024-01-14T15:53:35.152+0200] {dagbag.py:538} INFO - Filling up the DagBag from /home/mahmoud/airflow_env/lib/python3.10/site-packages/airflow/example_dags/example_branch_day_of_week_operator.py
[2024-01-14T15:53:35.160+0200] {processor.py:840} INFO - DAG(s) 'example_weekday_branch_operator' retrieved from /home/mahmoud/airflow_env/lib/python3.10/site-packages/airflow/example_dags/example_branch_day_of_week_operator.py
[2024-01-14T15:53:35.176+0200] {logging_mixin.py:188} INFO - [2024-01-14T15:53:35.176+0200] {dag.py:3033} INFO - Sync 1 DAGs
[2024-01-14T15:53:35.195+0200] {logging_mixin.py:188} INFO - [2024-01-14T15:53:35.195+0200] {dag.py:3820} INFO - Setting next_dagrun for example_weekday_branch_operator to 2024-01-13T00:00:00+00:00, run_after=2024-01-14T00:00:00+00:00
[2024-01-14T15:53:35.217+0200] {processor.py:183} INFO - Processing /home/mahmoud/airflow_env/lib/python3.10/site-packages/airflow/example_dags/example_branch_day_of_week_operator.py took 0.070 seconds
[2024-01-14T15:55:03.842+0200] {processor.py:161} INFO - Started process (PID=30145) to work on /home/mahmoud/airflow_env/lib/python3.10/site-packages/airflow/example_dags/example_branch_day_of_week_operator.py
[2024-01-14T15:55:03.845+0200] {processor.py:830} INFO - Processing file /home/mahmoud/airflow_env/lib/python3.10/site-packages/airflow/example_dags/example_branch_day_of_week_operator.py for tasks to queue
[2024-01-14T15:55:03.848+0200] {logging_mixin.py:188} INFO - [2024-01-14T15:55:03.847+0200] {dagbag.py:538} INFO - Filling up the DagBag from /home/mahmoud/airflow_env/lib/python3.10/site-packages/airflow/example_dags/example_branch_day_of_week_operator.py
[2024-01-14T15:55:03.878+0200] {processor.py:840} INFO - DAG(s) 'example_weekday_branch_operator' retrieved from /home/mahmoud/airflow_env/lib/python3.10/site-packages/airflow/example_dags/example_branch_day_of_week_operator.py
[2024-01-14T15:55:03.940+0200] {logging_mixin.py:188} INFO - [2024-01-14T15:55:03.939+0200] {dag.py:3033} INFO - Sync 1 DAGs
[2024-01-14T15:55:04.019+0200] {logging_mixin.py:188} INFO - [2024-01-14T15:55:04.019+0200] {dag.py:3820} INFO - Setting next_dagrun for example_weekday_branch_operator to 2024-01-13T00:00:00+00:00, run_after=2024-01-14T00:00:00+00:00
[2024-01-14T15:55:04.095+0200] {processor.py:183} INFO - Processing /home/mahmoud/airflow_env/lib/python3.10/site-packages/airflow/example_dags/example_branch_day_of_week_operator.py took 0.265 seconds
[2024-01-14T15:56:08.316+0200] {processor.py:161} INFO - Started process (PID=30372) to work on /home/mahmoud/airflow_env/lib/python3.10/site-packages/airflow/example_dags/example_branch_day_of_week_operator.py
[2024-01-14T15:56:08.320+0200] {processor.py:830} INFO - Processing file /home/mahmoud/airflow_env/lib/python3.10/site-packages/airflow/example_dags/example_branch_day_of_week_operator.py for tasks to queue
[2024-01-14T15:56:08.323+0200] {logging_mixin.py:188} INFO - [2024-01-14T15:56:08.322+0200] {dagbag.py:538} INFO - Filling up the DagBag from /home/mahmoud/airflow_env/lib/python3.10/site-packages/airflow/example_dags/example_branch_day_of_week_operator.py
[2024-01-14T15:56:08.349+0200] {processor.py:840} INFO - DAG(s) 'example_weekday_branch_operator' retrieved from /home/mahmoud/airflow_env/lib/python3.10/site-packages/airflow/example_dags/example_branch_day_of_week_operator.py
[2024-01-14T15:56:08.402+0200] {logging_mixin.py:188} INFO - [2024-01-14T15:56:08.402+0200] {dag.py:3033} INFO - Sync 1 DAGs
[2024-01-14T15:56:08.472+0200] {logging_mixin.py:188} INFO - [2024-01-14T15:56:08.471+0200] {dag.py:3820} INFO - Setting next_dagrun for example_weekday_branch_operator to 2024-01-13T00:00:00+00:00, run_after=2024-01-14T00:00:00+00:00
[2024-01-14T15:56:08.536+0200] {processor.py:183} INFO - Processing /home/mahmoud/airflow_env/lib/python3.10/site-packages/airflow/example_dags/example_branch_day_of_week_operator.py took 0.230 seconds
[2024-01-14T15:57:06.530+0200] {processor.py:161} INFO - Started process (PID=30577) to work on /home/mahmoud/airflow_env/lib/python3.10/site-packages/airflow/example_dags/example_branch_day_of_week_operator.py
[2024-01-14T15:57:06.533+0200] {processor.py:830} INFO - Processing file /home/mahmoud/airflow_env/lib/python3.10/site-packages/airflow/example_dags/example_branch_day_of_week_operator.py for tasks to queue
[2024-01-14T15:57:06.536+0200] {logging_mixin.py:188} INFO - [2024-01-14T15:57:06.535+0200] {dagbag.py:538} INFO - Filling up the DagBag from /home/mahmoud/airflow_env/lib/python3.10/site-packages/airflow/example_dags/example_branch_day_of_week_operator.py
[2024-01-14T15:57:06.563+0200] {processor.py:840} INFO - DAG(s) 'example_weekday_branch_operator' retrieved from /home/mahmoud/airflow_env/lib/python3.10/site-packages/airflow/example_dags/example_branch_day_of_week_operator.py
[2024-01-14T15:57:06.617+0200] {logging_mixin.py:188} INFO - [2024-01-14T15:57:06.617+0200] {dag.py:3033} INFO - Sync 1 DAGs
[2024-01-14T15:57:06.689+0200] {logging_mixin.py:188} INFO - [2024-01-14T15:57:06.688+0200] {dag.py:3820} INFO - Setting next_dagrun for example_weekday_branch_operator to 2024-01-13T00:00:00+00:00, run_after=2024-01-14T00:00:00+00:00
[2024-01-14T15:57:06.757+0200] {processor.py:183} INFO - Processing /home/mahmoud/airflow_env/lib/python3.10/site-packages/airflow/example_dags/example_branch_day_of_week_operator.py took 0.237 seconds
[2024-01-14T15:57:59.485+0200] {processor.py:161} INFO - Started process (PID=30803) to work on /home/mahmoud/airflow_env/lib/python3.10/site-packages/airflow/example_dags/example_branch_day_of_week_operator.py
[2024-01-14T15:57:59.488+0200] {processor.py:830} INFO - Processing file /home/mahmoud/airflow_env/lib/python3.10/site-packages/airflow/example_dags/example_branch_day_of_week_operator.py for tasks to queue
[2024-01-14T15:57:59.489+0200] {logging_mixin.py:188} INFO - [2024-01-14T15:57:59.488+0200] {dagbag.py:538} INFO - Filling up the DagBag from /home/mahmoud/airflow_env/lib/python3.10/site-packages/airflow/example_dags/example_branch_day_of_week_operator.py
[2024-01-14T15:57:59.504+0200] {processor.py:840} INFO - DAG(s) 'example_weekday_branch_operator' retrieved from /home/mahmoud/airflow_env/lib/python3.10/site-packages/airflow/example_dags/example_branch_day_of_week_operator.py
[2024-01-14T15:57:59.530+0200] {logging_mixin.py:188} INFO - [2024-01-14T15:57:59.530+0200] {dag.py:3033} INFO - Sync 1 DAGs
[2024-01-14T15:57:59.558+0200] {logging_mixin.py:188} INFO - [2024-01-14T15:57:59.557+0200] {dag.py:3820} INFO - Setting next_dagrun for example_weekday_branch_operator to 2024-01-13T00:00:00+00:00, run_after=2024-01-14T00:00:00+00:00
[2024-01-14T15:57:59.591+0200] {processor.py:183} INFO - Processing /home/mahmoud/airflow_env/lib/python3.10/site-packages/airflow/example_dags/example_branch_day_of_week_operator.py took 0.114 seconds
