[2024-01-14T15:08:37.292+0200] {processor.py:161} INFO - Started process (PID=16204) to work on /home/mahmoud/airflow_env/lib/python3.10/site-packages/airflow/example_dags/example_branch_python_dop_operator_3.py
[2024-01-14T15:08:37.293+0200] {processor.py:830} INFO - Processing file /home/mahmoud/airflow_env/lib/python3.10/site-packages/airflow/example_dags/example_branch_python_dop_operator_3.py for tasks to queue
[2024-01-14T15:08:37.293+0200] {logging_mixin.py:188} INFO - [2024-01-14T15:08:37.293+0200] {dagbag.py:538} INFO - Filling up the DagBag from /home/mahmoud/airflow_env/lib/python3.10/site-packages/airflow/example_dags/example_branch_python_dop_operator_3.py
[2024-01-14T15:08:37.302+0200] {processor.py:840} INFO - DAG(s) 'example_branch_dop_operator_v3' retrieved from /home/mahmoud/airflow_env/lib/python3.10/site-packages/airflow/example_dags/example_branch_python_dop_operator_3.py
[2024-01-14T15:08:37.390+0200] {logging_mixin.py:188} INFO - [2024-01-14T15:08:37.390+0200] {override.py:1769} INFO - Created Permission View: can edit on DAG:example_branch_dop_operator_v3
[2024-01-14T15:08:37.404+0200] {logging_mixin.py:188} INFO - [2024-01-14T15:08:37.404+0200] {override.py:1769} INFO - Created Permission View: can delete on DAG:example_branch_dop_operator_v3
[2024-01-14T15:08:37.414+0200] {logging_mixin.py:188} INFO - [2024-01-14T15:08:37.414+0200] {override.py:1769} INFO - Created Permission View: can read on DAG:example_branch_dop_operator_v3
[2024-01-14T15:08:37.414+0200] {logging_mixin.py:188} INFO - [2024-01-14T15:08:37.414+0200] {dag.py:3033} INFO - Sync 1 DAGs
[2024-01-14T15:08:37.421+0200] {logging_mixin.py:188} INFO - [2024-01-14T15:08:37.421+0200] {dag.py:3055} INFO - Creating ORM DAG for example_branch_dop_operator_v3
[2024-01-14T15:08:37.430+0200] {logging_mixin.py:188} INFO - [2024-01-14T15:08:37.429+0200] {dag.py:3820} INFO - Setting next_dagrun for example_branch_dop_operator_v3 to 2024-01-14T13:07:00+00:00, run_after=2024-01-14T13:08:00+00:00
[2024-01-14T15:08:37.449+0200] {processor.py:183} INFO - Processing /home/mahmoud/airflow_env/lib/python3.10/site-packages/airflow/example_dags/example_branch_python_dop_operator_3.py took 0.160 seconds
[2024-01-14T15:09:26.546+0200] {processor.py:161} INFO - Started process (PID=16533) to work on /home/mahmoud/airflow_env/lib/python3.10/site-packages/airflow/example_dags/example_branch_python_dop_operator_3.py
[2024-01-14T15:09:26.548+0200] {processor.py:830} INFO - Processing file /home/mahmoud/airflow_env/lib/python3.10/site-packages/airflow/example_dags/example_branch_python_dop_operator_3.py for tasks to queue
[2024-01-14T15:09:26.549+0200] {logging_mixin.py:188} INFO - [2024-01-14T15:09:26.549+0200] {dagbag.py:538} INFO - Filling up the DagBag from /home/mahmoud/airflow_env/lib/python3.10/site-packages/airflow/example_dags/example_branch_python_dop_operator_3.py
[2024-01-14T15:09:26.559+0200] {processor.py:840} INFO - DAG(s) 'example_branch_dop_operator_v3' retrieved from /home/mahmoud/airflow_env/lib/python3.10/site-packages/airflow/example_dags/example_branch_python_dop_operator_3.py
[2024-01-14T15:09:26.572+0200] {logging_mixin.py:188} INFO - [2024-01-14T15:09:26.572+0200] {dag.py:3033} INFO - Sync 1 DAGs
[2024-01-14T15:09:26.593+0200] {logging_mixin.py:188} INFO - [2024-01-14T15:09:26.593+0200] {dag.py:3820} INFO - Setting next_dagrun for example_branch_dop_operator_v3 to 2024-01-14T13:08:00+00:00, run_after=2024-01-14T13:09:00+00:00
[2024-01-14T15:09:26.619+0200] {processor.py:183} INFO - Processing /home/mahmoud/airflow_env/lib/python3.10/site-packages/airflow/example_dags/example_branch_python_dop_operator_3.py took 0.075 seconds
[2024-01-14T15:10:24.317+0200] {processor.py:161} INFO - Started process (PID=16771) to work on /home/mahmoud/airflow_env/lib/python3.10/site-packages/airflow/example_dags/example_branch_python_dop_operator_3.py
[2024-01-14T15:10:24.318+0200] {processor.py:830} INFO - Processing file /home/mahmoud/airflow_env/lib/python3.10/site-packages/airflow/example_dags/example_branch_python_dop_operator_3.py for tasks to queue
[2024-01-14T15:10:24.319+0200] {logging_mixin.py:188} INFO - [2024-01-14T15:10:24.319+0200] {dagbag.py:538} INFO - Filling up the DagBag from /home/mahmoud/airflow_env/lib/python3.10/site-packages/airflow/example_dags/example_branch_python_dop_operator_3.py
[2024-01-14T15:10:24.332+0200] {processor.py:840} INFO - DAG(s) 'example_branch_dop_operator_v3' retrieved from /home/mahmoud/airflow_env/lib/python3.10/site-packages/airflow/example_dags/example_branch_python_dop_operator_3.py
[2024-01-14T15:10:24.347+0200] {logging_mixin.py:188} INFO - [2024-01-14T15:10:24.346+0200] {dag.py:3033} INFO - Sync 1 DAGs
[2024-01-14T15:10:24.365+0200] {logging_mixin.py:188} INFO - [2024-01-14T15:10:24.365+0200] {dag.py:3820} INFO - Setting next_dagrun for example_branch_dop_operator_v3 to 2024-01-14T13:09:00+00:00, run_after=2024-01-14T13:10:00+00:00
[2024-01-14T15:10:24.385+0200] {processor.py:183} INFO - Processing /home/mahmoud/airflow_env/lib/python3.10/site-packages/airflow/example_dags/example_branch_python_dop_operator_3.py took 0.072 seconds
[2024-01-14T15:11:13.689+0200] {processor.py:161} INFO - Started process (PID=16967) to work on /home/mahmoud/airflow_env/lib/python3.10/site-packages/airflow/example_dags/example_branch_python_dop_operator_3.py
[2024-01-14T15:11:13.692+0200] {processor.py:830} INFO - Processing file /home/mahmoud/airflow_env/lib/python3.10/site-packages/airflow/example_dags/example_branch_python_dop_operator_3.py for tasks to queue
[2024-01-14T15:11:13.693+0200] {logging_mixin.py:188} INFO - [2024-01-14T15:11:13.693+0200] {dagbag.py:538} INFO - Filling up the DagBag from /home/mahmoud/airflow_env/lib/python3.10/site-packages/airflow/example_dags/example_branch_python_dop_operator_3.py
[2024-01-14T15:11:13.705+0200] {processor.py:840} INFO - DAG(s) 'example_branch_dop_operator_v3' retrieved from /home/mahmoud/airflow_env/lib/python3.10/site-packages/airflow/example_dags/example_branch_python_dop_operator_3.py
[2024-01-14T15:11:13.721+0200] {logging_mixin.py:188} INFO - [2024-01-14T15:11:13.721+0200] {dag.py:3033} INFO - Sync 1 DAGs
[2024-01-14T15:11:13.741+0200] {logging_mixin.py:188} INFO - [2024-01-14T15:11:13.741+0200] {dag.py:3820} INFO - Setting next_dagrun for example_branch_dop_operator_v3 to 2024-01-14T13:10:00+00:00, run_after=2024-01-14T13:11:00+00:00
[2024-01-14T15:11:13.763+0200] {processor.py:183} INFO - Processing /home/mahmoud/airflow_env/lib/python3.10/site-packages/airflow/example_dags/example_branch_python_dop_operator_3.py took 0.078 seconds
[2024-01-14T15:12:09.317+0200] {processor.py:161} INFO - Started process (PID=17228) to work on /home/mahmoud/airflow_env/lib/python3.10/site-packages/airflow/example_dags/example_branch_python_dop_operator_3.py
[2024-01-14T15:12:09.320+0200] {processor.py:830} INFO - Processing file /home/mahmoud/airflow_env/lib/python3.10/site-packages/airflow/example_dags/example_branch_python_dop_operator_3.py for tasks to queue
[2024-01-14T15:12:09.322+0200] {logging_mixin.py:188} INFO - [2024-01-14T15:12:09.321+0200] {dagbag.py:538} INFO - Filling up the DagBag from /home/mahmoud/airflow_env/lib/python3.10/site-packages/airflow/example_dags/example_branch_python_dop_operator_3.py
[2024-01-14T15:12:09.337+0200] {processor.py:840} INFO - DAG(s) 'example_branch_dop_operator_v3' retrieved from /home/mahmoud/airflow_env/lib/python3.10/site-packages/airflow/example_dags/example_branch_python_dop_operator_3.py
[2024-01-14T15:12:09.352+0200] {logging_mixin.py:188} INFO - [2024-01-14T15:12:09.352+0200] {dag.py:3033} INFO - Sync 1 DAGs
[2024-01-14T15:12:09.372+0200] {logging_mixin.py:188} INFO - [2024-01-14T15:12:09.371+0200] {dag.py:3820} INFO - Setting next_dagrun for example_branch_dop_operator_v3 to 2024-01-14T13:11:00+00:00, run_after=2024-01-14T13:12:00+00:00
[2024-01-14T15:12:09.394+0200] {processor.py:183} INFO - Processing /home/mahmoud/airflow_env/lib/python3.10/site-packages/airflow/example_dags/example_branch_python_dop_operator_3.py took 0.083 seconds
[2024-01-14T15:13:02.292+0200] {processor.py:161} INFO - Started process (PID=17438) to work on /home/mahmoud/airflow_env/lib/python3.10/site-packages/airflow/example_dags/example_branch_python_dop_operator_3.py
[2024-01-14T15:13:02.294+0200] {processor.py:830} INFO - Processing file /home/mahmoud/airflow_env/lib/python3.10/site-packages/airflow/example_dags/example_branch_python_dop_operator_3.py for tasks to queue
[2024-01-14T15:13:02.295+0200] {logging_mixin.py:188} INFO - [2024-01-14T15:13:02.294+0200] {dagbag.py:538} INFO - Filling up the DagBag from /home/mahmoud/airflow_env/lib/python3.10/site-packages/airflow/example_dags/example_branch_python_dop_operator_3.py
[2024-01-14T15:13:02.305+0200] {processor.py:840} INFO - DAG(s) 'example_branch_dop_operator_v3' retrieved from /home/mahmoud/airflow_env/lib/python3.10/site-packages/airflow/example_dags/example_branch_python_dop_operator_3.py
[2024-01-14T15:13:02.318+0200] {logging_mixin.py:188} INFO - [2024-01-14T15:13:02.318+0200] {dag.py:3033} INFO - Sync 1 DAGs
[2024-01-14T15:13:02.338+0200] {logging_mixin.py:188} INFO - [2024-01-14T15:13:02.338+0200] {dag.py:3820} INFO - Setting next_dagrun for example_branch_dop_operator_v3 to 2024-01-14T13:12:00+00:00, run_after=2024-01-14T13:13:00+00:00
[2024-01-14T15:13:02.361+0200] {processor.py:183} INFO - Processing /home/mahmoud/airflow_env/lib/python3.10/site-packages/airflow/example_dags/example_branch_python_dop_operator_3.py took 0.073 seconds
[2024-01-14T15:13:56.610+0200] {processor.py:161} INFO - Started process (PID=17701) to work on /home/mahmoud/airflow_env/lib/python3.10/site-packages/airflow/example_dags/example_branch_python_dop_operator_3.py
[2024-01-14T15:13:56.612+0200] {processor.py:830} INFO - Processing file /home/mahmoud/airflow_env/lib/python3.10/site-packages/airflow/example_dags/example_branch_python_dop_operator_3.py for tasks to queue
[2024-01-14T15:13:56.613+0200] {logging_mixin.py:188} INFO - [2024-01-14T15:13:56.612+0200] {dagbag.py:538} INFO - Filling up the DagBag from /home/mahmoud/airflow_env/lib/python3.10/site-packages/airflow/example_dags/example_branch_python_dop_operator_3.py
[2024-01-14T15:13:56.624+0200] {processor.py:840} INFO - DAG(s) 'example_branch_dop_operator_v3' retrieved from /home/mahmoud/airflow_env/lib/python3.10/site-packages/airflow/example_dags/example_branch_python_dop_operator_3.py
[2024-01-14T15:13:56.640+0200] {logging_mixin.py:188} INFO - [2024-01-14T15:13:56.639+0200] {dag.py:3033} INFO - Sync 1 DAGs
[2024-01-14T15:13:56.660+0200] {logging_mixin.py:188} INFO - [2024-01-14T15:13:56.659+0200] {dag.py:3820} INFO - Setting next_dagrun for example_branch_dop_operator_v3 to 2024-01-14T13:12:00+00:00, run_after=2024-01-14T13:13:00+00:00
[2024-01-14T15:13:56.680+0200] {processor.py:183} INFO - Processing /home/mahmoud/airflow_env/lib/python3.10/site-packages/airflow/example_dags/example_branch_python_dop_operator_3.py took 0.074 seconds
[2024-01-14T15:20:24.617+0200] {processor.py:161} INFO - Started process (PID=19558) to work on /home/mahmoud/airflow_env/lib/python3.10/site-packages/airflow/example_dags/example_branch_python_dop_operator_3.py
[2024-01-14T15:20:24.619+0200] {processor.py:830} INFO - Processing file /home/mahmoud/airflow_env/lib/python3.10/site-packages/airflow/example_dags/example_branch_python_dop_operator_3.py for tasks to queue
[2024-01-14T15:20:24.620+0200] {logging_mixin.py:188} INFO - [2024-01-14T15:20:24.620+0200] {dagbag.py:538} INFO - Filling up the DagBag from /home/mahmoud/airflow_env/lib/python3.10/site-packages/airflow/example_dags/example_branch_python_dop_operator_3.py
[2024-01-14T15:20:24.630+0200] {processor.py:840} INFO - DAG(s) 'example_branch_dop_operator_v3' retrieved from /home/mahmoud/airflow_env/lib/python3.10/site-packages/airflow/example_dags/example_branch_python_dop_operator_3.py
[2024-01-14T15:20:24.643+0200] {logging_mixin.py:188} INFO - [2024-01-14T15:20:24.643+0200] {dag.py:3033} INFO - Sync 1 DAGs
[2024-01-14T15:20:24.663+0200] {logging_mixin.py:188} INFO - [2024-01-14T15:20:24.663+0200] {dag.py:3820} INFO - Setting next_dagrun for example_branch_dop_operator_v3 to 2024-01-14T13:19:00+00:00, run_after=2024-01-14T13:20:00+00:00
[2024-01-14T15:20:24.684+0200] {processor.py:183} INFO - Processing /home/mahmoud/airflow_env/lib/python3.10/site-packages/airflow/example_dags/example_branch_python_dop_operator_3.py took 0.071 seconds
[2024-01-14T15:21:13.660+0200] {processor.py:161} INFO - Started process (PID=19751) to work on /home/mahmoud/airflow_env/lib/python3.10/site-packages/airflow/example_dags/example_branch_python_dop_operator_3.py
[2024-01-14T15:21:13.662+0200] {processor.py:830} INFO - Processing file /home/mahmoud/airflow_env/lib/python3.10/site-packages/airflow/example_dags/example_branch_python_dop_operator_3.py for tasks to queue
[2024-01-14T15:21:13.663+0200] {logging_mixin.py:188} INFO - [2024-01-14T15:21:13.662+0200] {dagbag.py:538} INFO - Filling up the DagBag from /home/mahmoud/airflow_env/lib/python3.10/site-packages/airflow/example_dags/example_branch_python_dop_operator_3.py
[2024-01-14T15:21:13.670+0200] {processor.py:840} INFO - DAG(s) 'example_branch_dop_operator_v3' retrieved from /home/mahmoud/airflow_env/lib/python3.10/site-packages/airflow/example_dags/example_branch_python_dop_operator_3.py
[2024-01-14T15:21:13.681+0200] {logging_mixin.py:188} INFO - [2024-01-14T15:21:13.681+0200] {dag.py:3033} INFO - Sync 1 DAGs
[2024-01-14T15:21:13.701+0200] {logging_mixin.py:188} INFO - [2024-01-14T15:21:13.701+0200] {dag.py:3820} INFO - Setting next_dagrun for example_branch_dop_operator_v3 to 2024-01-14T13:20:00+00:00, run_after=2024-01-14T13:21:00+00:00
[2024-01-14T15:21:13.723+0200] {processor.py:183} INFO - Processing /home/mahmoud/airflow_env/lib/python3.10/site-packages/airflow/example_dags/example_branch_python_dop_operator_3.py took 0.065 seconds
[2024-01-14T15:22:10.428+0200] {processor.py:161} INFO - Started process (PID=19972) to work on /home/mahmoud/airflow_env/lib/python3.10/site-packages/airflow/example_dags/example_branch_python_dop_operator_3.py
[2024-01-14T15:22:10.429+0200] {processor.py:830} INFO - Processing file /home/mahmoud/airflow_env/lib/python3.10/site-packages/airflow/example_dags/example_branch_python_dop_operator_3.py for tasks to queue
[2024-01-14T15:22:10.431+0200] {logging_mixin.py:188} INFO - [2024-01-14T15:22:10.430+0200] {dagbag.py:538} INFO - Filling up the DagBag from /home/mahmoud/airflow_env/lib/python3.10/site-packages/airflow/example_dags/example_branch_python_dop_operator_3.py
[2024-01-14T15:22:10.439+0200] {processor.py:840} INFO - DAG(s) 'example_branch_dop_operator_v3' retrieved from /home/mahmoud/airflow_env/lib/python3.10/site-packages/airflow/example_dags/example_branch_python_dop_operator_3.py
[2024-01-14T15:22:10.452+0200] {logging_mixin.py:188} INFO - [2024-01-14T15:22:10.451+0200] {dag.py:3033} INFO - Sync 1 DAGs
[2024-01-14T15:22:10.471+0200] {logging_mixin.py:188} INFO - [2024-01-14T15:22:10.470+0200] {dag.py:3820} INFO - Setting next_dagrun for example_branch_dop_operator_v3 to 2024-01-14T13:21:00+00:00, run_after=2024-01-14T13:22:00+00:00
[2024-01-14T15:22:10.493+0200] {processor.py:183} INFO - Processing /home/mahmoud/airflow_env/lib/python3.10/site-packages/airflow/example_dags/example_branch_python_dop_operator_3.py took 0.069 seconds
[2024-01-14T15:38:16.747+0200] {processor.py:161} INFO - Started process (PID=24657) to work on /home/mahmoud/airflow_env/lib/python3.10/site-packages/airflow/example_dags/example_branch_python_dop_operator_3.py
[2024-01-14T15:38:16.749+0200] {processor.py:830} INFO - Processing file /home/mahmoud/airflow_env/lib/python3.10/site-packages/airflow/example_dags/example_branch_python_dop_operator_3.py for tasks to queue
[2024-01-14T15:38:16.751+0200] {logging_mixin.py:188} INFO - [2024-01-14T15:38:16.750+0200] {dagbag.py:538} INFO - Filling up the DagBag from /home/mahmoud/airflow_env/lib/python3.10/site-packages/airflow/example_dags/example_branch_python_dop_operator_3.py
[2024-01-14T15:38:16.762+0200] {processor.py:840} INFO - DAG(s) 'example_branch_dop_operator_v3' retrieved from /home/mahmoud/airflow_env/lib/python3.10/site-packages/airflow/example_dags/example_branch_python_dop_operator_3.py
[2024-01-14T15:38:16.776+0200] {logging_mixin.py:188} INFO - [2024-01-14T15:38:16.776+0200] {dag.py:3033} INFO - Sync 1 DAGs
[2024-01-14T15:38:16.796+0200] {logging_mixin.py:188} INFO - [2024-01-14T15:38:16.796+0200] {dag.py:3820} INFO - Setting next_dagrun for example_branch_dop_operator_v3 to 2024-01-14T13:37:00+00:00, run_after=2024-01-14T13:38:00+00:00
[2024-01-14T15:38:16.817+0200] {processor.py:183} INFO - Processing /home/mahmoud/airflow_env/lib/python3.10/site-packages/airflow/example_dags/example_branch_python_dop_operator_3.py took 0.076 seconds
[2024-01-14T15:39:05.523+0200] {processor.py:161} INFO - Started process (PID=25075) to work on /home/mahmoud/airflow_env/lib/python3.10/site-packages/airflow/example_dags/example_branch_python_dop_operator_3.py
[2024-01-14T15:39:05.524+0200] {processor.py:830} INFO - Processing file /home/mahmoud/airflow_env/lib/python3.10/site-packages/airflow/example_dags/example_branch_python_dop_operator_3.py for tasks to queue
[2024-01-14T15:39:05.525+0200] {logging_mixin.py:188} INFO - [2024-01-14T15:39:05.525+0200] {dagbag.py:538} INFO - Filling up the DagBag from /home/mahmoud/airflow_env/lib/python3.10/site-packages/airflow/example_dags/example_branch_python_dop_operator_3.py
[2024-01-14T15:39:05.536+0200] {processor.py:840} INFO - DAG(s) 'example_branch_dop_operator_v3' retrieved from /home/mahmoud/airflow_env/lib/python3.10/site-packages/airflow/example_dags/example_branch_python_dop_operator_3.py
[2024-01-14T15:39:05.550+0200] {logging_mixin.py:188} INFO - [2024-01-14T15:39:05.549+0200] {dag.py:3033} INFO - Sync 1 DAGs
[2024-01-14T15:39:05.570+0200] {logging_mixin.py:188} INFO - [2024-01-14T15:39:05.570+0200] {dag.py:3820} INFO - Setting next_dagrun for example_branch_dop_operator_v3 to 2024-01-14T13:38:00+00:00, run_after=2024-01-14T13:39:00+00:00
[2024-01-14T15:39:05.593+0200] {processor.py:183} INFO - Processing /home/mahmoud/airflow_env/lib/python3.10/site-packages/airflow/example_dags/example_branch_python_dop_operator_3.py took 0.075 seconds
[2024-01-14T15:39:54.881+0200] {processor.py:161} INFO - Started process (PID=25272) to work on /home/mahmoud/airflow_env/lib/python3.10/site-packages/airflow/example_dags/example_branch_python_dop_operator_3.py
[2024-01-14T15:39:54.883+0200] {processor.py:830} INFO - Processing file /home/mahmoud/airflow_env/lib/python3.10/site-packages/airflow/example_dags/example_branch_python_dop_operator_3.py for tasks to queue
[2024-01-14T15:39:54.883+0200] {logging_mixin.py:188} INFO - [2024-01-14T15:39:54.883+0200] {dagbag.py:538} INFO - Filling up the DagBag from /home/mahmoud/airflow_env/lib/python3.10/site-packages/airflow/example_dags/example_branch_python_dop_operator_3.py
[2024-01-14T15:39:54.890+0200] {processor.py:840} INFO - DAG(s) 'example_branch_dop_operator_v3' retrieved from /home/mahmoud/airflow_env/lib/python3.10/site-packages/airflow/example_dags/example_branch_python_dop_operator_3.py
[2024-01-14T15:39:54.906+0200] {logging_mixin.py:188} INFO - [2024-01-14T15:39:54.906+0200] {dag.py:3033} INFO - Sync 1 DAGs
[2024-01-14T15:39:54.927+0200] {logging_mixin.py:188} INFO - [2024-01-14T15:39:54.927+0200] {dag.py:3820} INFO - Setting next_dagrun for example_branch_dop_operator_v3 to 2024-01-14T13:38:00+00:00, run_after=2024-01-14T13:39:00+00:00
[2024-01-14T15:39:54.968+0200] {processor.py:183} INFO - Processing /home/mahmoud/airflow_env/lib/python3.10/site-packages/airflow/example_dags/example_branch_python_dop_operator_3.py took 0.089 seconds
[2024-01-14T15:40:52.452+0200] {processor.py:161} INFO - Started process (PID=25497) to work on /home/mahmoud/airflow_env/lib/python3.10/site-packages/airflow/example_dags/example_branch_python_dop_operator_3.py
[2024-01-14T15:40:52.453+0200] {processor.py:830} INFO - Processing file /home/mahmoud/airflow_env/lib/python3.10/site-packages/airflow/example_dags/example_branch_python_dop_operator_3.py for tasks to queue
[2024-01-14T15:40:52.454+0200] {logging_mixin.py:188} INFO - [2024-01-14T15:40:52.454+0200] {dagbag.py:538} INFO - Filling up the DagBag from /home/mahmoud/airflow_env/lib/python3.10/site-packages/airflow/example_dags/example_branch_python_dop_operator_3.py
[2024-01-14T15:40:52.461+0200] {processor.py:840} INFO - DAG(s) 'example_branch_dop_operator_v3' retrieved from /home/mahmoud/airflow_env/lib/python3.10/site-packages/airflow/example_dags/example_branch_python_dop_operator_3.py
[2024-01-14T15:40:52.473+0200] {logging_mixin.py:188} INFO - [2024-01-14T15:40:52.473+0200] {dag.py:3033} INFO - Sync 1 DAGs
[2024-01-14T15:40:52.496+0200] {logging_mixin.py:188} INFO - [2024-01-14T15:40:52.496+0200] {dag.py:3820} INFO - Setting next_dagrun for example_branch_dop_operator_v3 to 2024-01-14T13:39:00+00:00, run_after=2024-01-14T13:40:00+00:00
[2024-01-14T15:40:52.522+0200] {processor.py:183} INFO - Processing /home/mahmoud/airflow_env/lib/python3.10/site-packages/airflow/example_dags/example_branch_python_dop_operator_3.py took 0.072 seconds
[2024-01-14T15:41:42.787+0200] {processor.py:161} INFO - Started process (PID=25763) to work on /home/mahmoud/airflow_env/lib/python3.10/site-packages/airflow/example_dags/example_branch_python_dop_operator_3.py
[2024-01-14T15:41:42.790+0200] {processor.py:830} INFO - Processing file /home/mahmoud/airflow_env/lib/python3.10/site-packages/airflow/example_dags/example_branch_python_dop_operator_3.py for tasks to queue
[2024-01-14T15:41:42.791+0200] {logging_mixin.py:188} INFO - [2024-01-14T15:41:42.791+0200] {dagbag.py:538} INFO - Filling up the DagBag from /home/mahmoud/airflow_env/lib/python3.10/site-packages/airflow/example_dags/example_branch_python_dop_operator_3.py
[2024-01-14T15:41:42.800+0200] {processor.py:840} INFO - DAG(s) 'example_branch_dop_operator_v3' retrieved from /home/mahmoud/airflow_env/lib/python3.10/site-packages/airflow/example_dags/example_branch_python_dop_operator_3.py
[2024-01-14T15:41:42.814+0200] {logging_mixin.py:188} INFO - [2024-01-14T15:41:42.814+0200] {dag.py:3033} INFO - Sync 1 DAGs
[2024-01-14T15:41:42.850+0200] {logging_mixin.py:188} INFO - [2024-01-14T15:41:42.850+0200] {dag.py:3820} INFO - Setting next_dagrun for example_branch_dop_operator_v3 to 2024-01-14T13:40:00+00:00, run_after=2024-01-14T13:41:00+00:00
[2024-01-14T15:41:42.871+0200] {processor.py:183} INFO - Processing /home/mahmoud/airflow_env/lib/python3.10/site-packages/airflow/example_dags/example_branch_python_dop_operator_3.py took 0.088 seconds
[2024-01-14T15:42:39.964+0200] {processor.py:161} INFO - Started process (PID=26107) to work on /home/mahmoud/airflow_env/lib/python3.10/site-packages/airflow/example_dags/example_branch_python_dop_operator_3.py
[2024-01-14T15:42:39.965+0200] {processor.py:830} INFO - Processing file /home/mahmoud/airflow_env/lib/python3.10/site-packages/airflow/example_dags/example_branch_python_dop_operator_3.py for tasks to queue
[2024-01-14T15:42:39.966+0200] {logging_mixin.py:188} INFO - [2024-01-14T15:42:39.965+0200] {dagbag.py:538} INFO - Filling up the DagBag from /home/mahmoud/airflow_env/lib/python3.10/site-packages/airflow/example_dags/example_branch_python_dop_operator_3.py
[2024-01-14T15:42:39.974+0200] {processor.py:840} INFO - DAG(s) 'example_branch_dop_operator_v3' retrieved from /home/mahmoud/airflow_env/lib/python3.10/site-packages/airflow/example_dags/example_branch_python_dop_operator_3.py
[2024-01-14T15:42:39.986+0200] {logging_mixin.py:188} INFO - [2024-01-14T15:42:39.986+0200] {dag.py:3033} INFO - Sync 1 DAGs
[2024-01-14T15:42:40.004+0200] {logging_mixin.py:188} INFO - [2024-01-14T15:42:40.004+0200] {dag.py:3820} INFO - Setting next_dagrun for example_branch_dop_operator_v3 to 2024-01-14T13:41:00+00:00, run_after=2024-01-14T13:42:00+00:00
[2024-01-14T15:42:40.024+0200] {processor.py:183} INFO - Processing /home/mahmoud/airflow_env/lib/python3.10/site-packages/airflow/example_dags/example_branch_python_dop_operator_3.py took 0.063 seconds
[2024-01-14T15:43:49.945+0200] {processor.py:161} INFO - Started process (PID=26821) to work on /home/mahmoud/airflow_env/lib/python3.10/site-packages/airflow/example_dags/example_branch_python_dop_operator_3.py
[2024-01-14T15:43:49.947+0200] {processor.py:830} INFO - Processing file /home/mahmoud/airflow_env/lib/python3.10/site-packages/airflow/example_dags/example_branch_python_dop_operator_3.py for tasks to queue
[2024-01-14T15:43:49.949+0200] {logging_mixin.py:188} INFO - [2024-01-14T15:43:49.948+0200] {dagbag.py:538} INFO - Filling up the DagBag from /home/mahmoud/airflow_env/lib/python3.10/site-packages/airflow/example_dags/example_branch_python_dop_operator_3.py
[2024-01-14T15:43:49.963+0200] {processor.py:840} INFO - DAG(s) 'example_branch_dop_operator_v3' retrieved from /home/mahmoud/airflow_env/lib/python3.10/site-packages/airflow/example_dags/example_branch_python_dop_operator_3.py
[2024-01-14T15:43:49.979+0200] {logging_mixin.py:188} INFO - [2024-01-14T15:43:49.979+0200] {dag.py:3033} INFO - Sync 1 DAGs
[2024-01-14T15:43:50.000+0200] {logging_mixin.py:188} INFO - [2024-01-14T15:43:50.000+0200] {dag.py:3820} INFO - Setting next_dagrun for example_branch_dop_operator_v3 to 2024-01-14T13:42:00+00:00, run_after=2024-01-14T13:43:00+00:00
[2024-01-14T15:43:50.024+0200] {processor.py:183} INFO - Processing /home/mahmoud/airflow_env/lib/python3.10/site-packages/airflow/example_dags/example_branch_python_dop_operator_3.py took 0.087 seconds
[2024-01-14T15:45:03.407+0200] {processor.py:161} INFO - Started process (PID=27665) to work on /home/mahmoud/airflow_env/lib/python3.10/site-packages/airflow/example_dags/example_branch_python_dop_operator_3.py
[2024-01-14T15:45:03.409+0200] {processor.py:830} INFO - Processing file /home/mahmoud/airflow_env/lib/python3.10/site-packages/airflow/example_dags/example_branch_python_dop_operator_3.py for tasks to queue
[2024-01-14T15:45:03.411+0200] {logging_mixin.py:188} INFO - [2024-01-14T15:45:03.410+0200] {dagbag.py:538} INFO - Filling up the DagBag from /home/mahmoud/airflow_env/lib/python3.10/site-packages/airflow/example_dags/example_branch_python_dop_operator_3.py
[2024-01-14T15:45:03.423+0200] {processor.py:840} INFO - DAG(s) 'example_branch_dop_operator_v3' retrieved from /home/mahmoud/airflow_env/lib/python3.10/site-packages/airflow/example_dags/example_branch_python_dop_operator_3.py
[2024-01-14T15:45:03.438+0200] {logging_mixin.py:188} INFO - [2024-01-14T15:45:03.438+0200] {dag.py:3033} INFO - Sync 1 DAGs
[2024-01-14T15:45:03.458+0200] {logging_mixin.py:188} INFO - [2024-01-14T15:45:03.457+0200] {dag.py:3820} INFO - Setting next_dagrun for example_branch_dop_operator_v3 to 2024-01-14T13:44:00+00:00, run_after=2024-01-14T13:45:00+00:00
[2024-01-14T15:45:03.483+0200] {processor.py:183} INFO - Processing /home/mahmoud/airflow_env/lib/python3.10/site-packages/airflow/example_dags/example_branch_python_dop_operator_3.py took 0.081 seconds
[2024-01-14T15:45:54.937+0200] {processor.py:161} INFO - Started process (PID=27899) to work on /home/mahmoud/airflow_env/lib/python3.10/site-packages/airflow/example_dags/example_branch_python_dop_operator_3.py
[2024-01-14T15:45:54.939+0200] {processor.py:830} INFO - Processing file /home/mahmoud/airflow_env/lib/python3.10/site-packages/airflow/example_dags/example_branch_python_dop_operator_3.py for tasks to queue
[2024-01-14T15:45:54.940+0200] {logging_mixin.py:188} INFO - [2024-01-14T15:45:54.939+0200] {dagbag.py:538} INFO - Filling up the DagBag from /home/mahmoud/airflow_env/lib/python3.10/site-packages/airflow/example_dags/example_branch_python_dop_operator_3.py
[2024-01-14T15:45:54.949+0200] {processor.py:840} INFO - DAG(s) 'example_branch_dop_operator_v3' retrieved from /home/mahmoud/airflow_env/lib/python3.10/site-packages/airflow/example_dags/example_branch_python_dop_operator_3.py
[2024-01-14T15:45:54.965+0200] {logging_mixin.py:188} INFO - [2024-01-14T15:45:54.965+0200] {dag.py:3033} INFO - Sync 1 DAGs
[2024-01-14T15:45:54.988+0200] {logging_mixin.py:188} INFO - [2024-01-14T15:45:54.987+0200] {dag.py:3820} INFO - Setting next_dagrun for example_branch_dop_operator_v3 to 2024-01-14T13:44:00+00:00, run_after=2024-01-14T13:45:00+00:00
[2024-01-14T15:45:55.017+0200] {processor.py:183} INFO - Processing /home/mahmoud/airflow_env/lib/python3.10/site-packages/airflow/example_dags/example_branch_python_dop_operator_3.py took 0.083 seconds
[2024-01-14T15:46:49.744+0200] {processor.py:161} INFO - Started process (PID=28117) to work on /home/mahmoud/airflow_env/lib/python3.10/site-packages/airflow/example_dags/example_branch_python_dop_operator_3.py
[2024-01-14T15:46:49.746+0200] {processor.py:830} INFO - Processing file /home/mahmoud/airflow_env/lib/python3.10/site-packages/airflow/example_dags/example_branch_python_dop_operator_3.py for tasks to queue
[2024-01-14T15:46:49.747+0200] {logging_mixin.py:188} INFO - [2024-01-14T15:46:49.746+0200] {dagbag.py:538} INFO - Filling up the DagBag from /home/mahmoud/airflow_env/lib/python3.10/site-packages/airflow/example_dags/example_branch_python_dop_operator_3.py
[2024-01-14T15:46:49.754+0200] {processor.py:840} INFO - DAG(s) 'example_branch_dop_operator_v3' retrieved from /home/mahmoud/airflow_env/lib/python3.10/site-packages/airflow/example_dags/example_branch_python_dop_operator_3.py
[2024-01-14T15:46:49.766+0200] {logging_mixin.py:188} INFO - [2024-01-14T15:46:49.766+0200] {dag.py:3033} INFO - Sync 1 DAGs
[2024-01-14T15:46:49.785+0200] {logging_mixin.py:188} INFO - [2024-01-14T15:46:49.785+0200] {dag.py:3820} INFO - Setting next_dagrun for example_branch_dop_operator_v3 to 2024-01-14T13:45:00+00:00, run_after=2024-01-14T13:46:00+00:00
[2024-01-14T15:46:49.805+0200] {processor.py:183} INFO - Processing /home/mahmoud/airflow_env/lib/python3.10/site-packages/airflow/example_dags/example_branch_python_dop_operator_3.py took 0.065 seconds
[2024-01-14T15:47:42.222+0200] {processor.py:161} INFO - Started process (PID=28415) to work on /home/mahmoud/airflow_env/lib/python3.10/site-packages/airflow/example_dags/example_branch_python_dop_operator_3.py
[2024-01-14T15:47:42.224+0200] {processor.py:830} INFO - Processing file /home/mahmoud/airflow_env/lib/python3.10/site-packages/airflow/example_dags/example_branch_python_dop_operator_3.py for tasks to queue
[2024-01-14T15:47:42.226+0200] {logging_mixin.py:188} INFO - [2024-01-14T15:47:42.225+0200] {dagbag.py:538} INFO - Filling up the DagBag from /home/mahmoud/airflow_env/lib/python3.10/site-packages/airflow/example_dags/example_branch_python_dop_operator_3.py
[2024-01-14T15:47:42.244+0200] {processor.py:840} INFO - DAG(s) 'example_branch_dop_operator_v3' retrieved from /home/mahmoud/airflow_env/lib/python3.10/site-packages/airflow/example_dags/example_branch_python_dop_operator_3.py
[2024-01-14T15:47:42.265+0200] {logging_mixin.py:188} INFO - [2024-01-14T15:47:42.264+0200] {dag.py:3033} INFO - Sync 1 DAGs
[2024-01-14T15:47:42.287+0200] {logging_mixin.py:188} INFO - [2024-01-14T15:47:42.287+0200] {dag.py:3820} INFO - Setting next_dagrun for example_branch_dop_operator_v3 to 2024-01-14T13:46:00+00:00, run_after=2024-01-14T13:47:00+00:00
[2024-01-14T15:47:42.309+0200] {processor.py:183} INFO - Processing /home/mahmoud/airflow_env/lib/python3.10/site-packages/airflow/example_dags/example_branch_python_dop_operator_3.py took 0.093 seconds
[2024-01-14T15:48:35.004+0200] {processor.py:161} INFO - Started process (PID=28625) to work on /home/mahmoud/airflow_env/lib/python3.10/site-packages/airflow/example_dags/example_branch_python_dop_operator_3.py
[2024-01-14T15:48:35.006+0200] {processor.py:830} INFO - Processing file /home/mahmoud/airflow_env/lib/python3.10/site-packages/airflow/example_dags/example_branch_python_dop_operator_3.py for tasks to queue
[2024-01-14T15:48:35.007+0200] {logging_mixin.py:188} INFO - [2024-01-14T15:48:35.006+0200] {dagbag.py:538} INFO - Filling up the DagBag from /home/mahmoud/airflow_env/lib/python3.10/site-packages/airflow/example_dags/example_branch_python_dop_operator_3.py
[2024-01-14T15:48:35.016+0200] {processor.py:840} INFO - DAG(s) 'example_branch_dop_operator_v3' retrieved from /home/mahmoud/airflow_env/lib/python3.10/site-packages/airflow/example_dags/example_branch_python_dop_operator_3.py
[2024-01-14T15:48:35.029+0200] {logging_mixin.py:188} INFO - [2024-01-14T15:48:35.029+0200] {dag.py:3033} INFO - Sync 1 DAGs
[2024-01-14T15:48:35.050+0200] {logging_mixin.py:188} INFO - [2024-01-14T15:48:35.050+0200] {dag.py:3820} INFO - Setting next_dagrun for example_branch_dop_operator_v3 to 2024-01-14T13:47:00+00:00, run_after=2024-01-14T13:48:00+00:00
[2024-01-14T15:48:35.071+0200] {processor.py:183} INFO - Processing /home/mahmoud/airflow_env/lib/python3.10/site-packages/airflow/example_dags/example_branch_python_dop_operator_3.py took 0.070 seconds
[2024-01-14T15:49:31.057+0200] {processor.py:161} INFO - Started process (PID=28843) to work on /home/mahmoud/airflow_env/lib/python3.10/site-packages/airflow/example_dags/example_branch_python_dop_operator_3.py
[2024-01-14T15:49:31.060+0200] {processor.py:830} INFO - Processing file /home/mahmoud/airflow_env/lib/python3.10/site-packages/airflow/example_dags/example_branch_python_dop_operator_3.py for tasks to queue
[2024-01-14T15:49:31.060+0200] {logging_mixin.py:188} INFO - [2024-01-14T15:49:31.060+0200] {dagbag.py:538} INFO - Filling up the DagBag from /home/mahmoud/airflow_env/lib/python3.10/site-packages/airflow/example_dags/example_branch_python_dop_operator_3.py
[2024-01-14T15:49:31.069+0200] {processor.py:840} INFO - DAG(s) 'example_branch_dop_operator_v3' retrieved from /home/mahmoud/airflow_env/lib/python3.10/site-packages/airflow/example_dags/example_branch_python_dop_operator_3.py
[2024-01-14T15:49:31.083+0200] {logging_mixin.py:188} INFO - [2024-01-14T15:49:31.083+0200] {dag.py:3033} INFO - Sync 1 DAGs
[2024-01-14T15:49:31.102+0200] {logging_mixin.py:188} INFO - [2024-01-14T15:49:31.102+0200] {dag.py:3820} INFO - Setting next_dagrun for example_branch_dop_operator_v3 to 2024-01-14T13:48:00+00:00, run_after=2024-01-14T13:49:00+00:00
[2024-01-14T15:49:31.122+0200] {processor.py:183} INFO - Processing /home/mahmoud/airflow_env/lib/python3.10/site-packages/airflow/example_dags/example_branch_python_dop_operator_3.py took 0.068 seconds
[2024-01-14T15:50:20.797+0200] {processor.py:161} INFO - Started process (PID=29041) to work on /home/mahmoud/airflow_env/lib/python3.10/site-packages/airflow/example_dags/example_branch_python_dop_operator_3.py
[2024-01-14T15:50:20.800+0200] {processor.py:830} INFO - Processing file /home/mahmoud/airflow_env/lib/python3.10/site-packages/airflow/example_dags/example_branch_python_dop_operator_3.py for tasks to queue
[2024-01-14T15:50:20.801+0200] {logging_mixin.py:188} INFO - [2024-01-14T15:50:20.801+0200] {dagbag.py:538} INFO - Filling up the DagBag from /home/mahmoud/airflow_env/lib/python3.10/site-packages/airflow/example_dags/example_branch_python_dop_operator_3.py
[2024-01-14T15:50:20.817+0200] {processor.py:840} INFO - DAG(s) 'example_branch_dop_operator_v3' retrieved from /home/mahmoud/airflow_env/lib/python3.10/site-packages/airflow/example_dags/example_branch_python_dop_operator_3.py
[2024-01-14T15:50:20.836+0200] {logging_mixin.py:188} INFO - [2024-01-14T15:50:20.836+0200] {dag.py:3033} INFO - Sync 1 DAGs
[2024-01-14T15:50:20.858+0200] {logging_mixin.py:188} INFO - [2024-01-14T15:50:20.858+0200] {dag.py:3820} INFO - Setting next_dagrun for example_branch_dop_operator_v3 to 2024-01-14T13:49:00+00:00, run_after=2024-01-14T13:50:00+00:00
[2024-01-14T15:50:20.879+0200] {processor.py:183} INFO - Processing /home/mahmoud/airflow_env/lib/python3.10/site-packages/airflow/example_dags/example_branch_python_dop_operator_3.py took 0.087 seconds
[2024-01-14T15:51:13.313+0200] {processor.py:161} INFO - Started process (PID=29251) to work on /home/mahmoud/airflow_env/lib/python3.10/site-packages/airflow/example_dags/example_branch_python_dop_operator_3.py
[2024-01-14T15:51:13.315+0200] {processor.py:830} INFO - Processing file /home/mahmoud/airflow_env/lib/python3.10/site-packages/airflow/example_dags/example_branch_python_dop_operator_3.py for tasks to queue
[2024-01-14T15:51:13.316+0200] {logging_mixin.py:188} INFO - [2024-01-14T15:51:13.316+0200] {dagbag.py:538} INFO - Filling up the DagBag from /home/mahmoud/airflow_env/lib/python3.10/site-packages/airflow/example_dags/example_branch_python_dop_operator_3.py
[2024-01-14T15:51:13.328+0200] {processor.py:840} INFO - DAG(s) 'example_branch_dop_operator_v3' retrieved from /home/mahmoud/airflow_env/lib/python3.10/site-packages/airflow/example_dags/example_branch_python_dop_operator_3.py
[2024-01-14T15:51:13.344+0200] {logging_mixin.py:188} INFO - [2024-01-14T15:51:13.344+0200] {dag.py:3033} INFO - Sync 1 DAGs
[2024-01-14T15:51:13.364+0200] {logging_mixin.py:188} INFO - [2024-01-14T15:51:13.363+0200] {dag.py:3820} INFO - Setting next_dagrun for example_branch_dop_operator_v3 to 2024-01-14T13:50:00+00:00, run_after=2024-01-14T13:51:00+00:00
[2024-01-14T15:51:13.385+0200] {processor.py:183} INFO - Processing /home/mahmoud/airflow_env/lib/python3.10/site-packages/airflow/example_dags/example_branch_python_dop_operator_3.py took 0.076 seconds
[2024-01-14T15:52:06.457+0200] {processor.py:161} INFO - Started process (PID=29462) to work on /home/mahmoud/airflow_env/lib/python3.10/site-packages/airflow/example_dags/example_branch_python_dop_operator_3.py
[2024-01-14T15:52:06.459+0200] {processor.py:830} INFO - Processing file /home/mahmoud/airflow_env/lib/python3.10/site-packages/airflow/example_dags/example_branch_python_dop_operator_3.py for tasks to queue
[2024-01-14T15:52:06.459+0200] {logging_mixin.py:188} INFO - [2024-01-14T15:52:06.459+0200] {dagbag.py:538} INFO - Filling up the DagBag from /home/mahmoud/airflow_env/lib/python3.10/site-packages/airflow/example_dags/example_branch_python_dop_operator_3.py
[2024-01-14T15:52:06.468+0200] {processor.py:840} INFO - DAG(s) 'example_branch_dop_operator_v3' retrieved from /home/mahmoud/airflow_env/lib/python3.10/site-packages/airflow/example_dags/example_branch_python_dop_operator_3.py
[2024-01-14T15:52:06.481+0200] {logging_mixin.py:188} INFO - [2024-01-14T15:52:06.481+0200] {dag.py:3033} INFO - Sync 1 DAGs
[2024-01-14T15:52:06.502+0200] {logging_mixin.py:188} INFO - [2024-01-14T15:52:06.502+0200] {dag.py:3820} INFO - Setting next_dagrun for example_branch_dop_operator_v3 to 2024-01-14T13:51:00+00:00, run_after=2024-01-14T13:52:00+00:00
[2024-01-14T15:52:06.523+0200] {processor.py:183} INFO - Processing /home/mahmoud/airflow_env/lib/python3.10/site-packages/airflow/example_dags/example_branch_python_dop_operator_3.py took 0.069 seconds
[2024-01-14T15:52:56.260+0200] {processor.py:161} INFO - Started process (PID=29686) to work on /home/mahmoud/airflow_env/lib/python3.10/site-packages/airflow/example_dags/example_branch_python_dop_operator_3.py
[2024-01-14T15:52:56.261+0200] {processor.py:830} INFO - Processing file /home/mahmoud/airflow_env/lib/python3.10/site-packages/airflow/example_dags/example_branch_python_dop_operator_3.py for tasks to queue
[2024-01-14T15:52:56.262+0200] {logging_mixin.py:188} INFO - [2024-01-14T15:52:56.262+0200] {dagbag.py:538} INFO - Filling up the DagBag from /home/mahmoud/airflow_env/lib/python3.10/site-packages/airflow/example_dags/example_branch_python_dop_operator_3.py
[2024-01-14T15:52:56.271+0200] {processor.py:840} INFO - DAG(s) 'example_branch_dop_operator_v3' retrieved from /home/mahmoud/airflow_env/lib/python3.10/site-packages/airflow/example_dags/example_branch_python_dop_operator_3.py
[2024-01-14T15:52:56.285+0200] {logging_mixin.py:188} INFO - [2024-01-14T15:52:56.285+0200] {dag.py:3033} INFO - Sync 1 DAGs
[2024-01-14T15:52:56.305+0200] {logging_mixin.py:188} INFO - [2024-01-14T15:52:56.305+0200] {dag.py:3820} INFO - Setting next_dagrun for example_branch_dop_operator_v3 to 2024-01-14T13:51:00+00:00, run_after=2024-01-14T13:52:00+00:00
[2024-01-14T15:52:56.328+0200] {processor.py:183} INFO - Processing /home/mahmoud/airflow_env/lib/python3.10/site-packages/airflow/example_dags/example_branch_python_dop_operator_3.py took 0.070 seconds
[2024-01-14T15:53:49.362+0200] {processor.py:161} INFO - Started process (PID=29899) to work on /home/mahmoud/airflow_env/lib/python3.10/site-packages/airflow/example_dags/example_branch_python_dop_operator_3.py
[2024-01-14T15:53:49.364+0200] {processor.py:830} INFO - Processing file /home/mahmoud/airflow_env/lib/python3.10/site-packages/airflow/example_dags/example_branch_python_dop_operator_3.py for tasks to queue
[2024-01-14T15:53:49.365+0200] {logging_mixin.py:188} INFO - [2024-01-14T15:53:49.365+0200] {dagbag.py:538} INFO - Filling up the DagBag from /home/mahmoud/airflow_env/lib/python3.10/site-packages/airflow/example_dags/example_branch_python_dop_operator_3.py
[2024-01-14T15:53:49.377+0200] {processor.py:840} INFO - DAG(s) 'example_branch_dop_operator_v3' retrieved from /home/mahmoud/airflow_env/lib/python3.10/site-packages/airflow/example_dags/example_branch_python_dop_operator_3.py
[2024-01-14T15:53:49.395+0200] {logging_mixin.py:188} INFO - [2024-01-14T15:53:49.395+0200] {dag.py:3033} INFO - Sync 1 DAGs
[2024-01-14T15:53:49.425+0200] {logging_mixin.py:188} INFO - [2024-01-14T15:53:49.424+0200] {dag.py:3820} INFO - Setting next_dagrun for example_branch_dop_operator_v3 to 2024-01-14T13:52:00+00:00, run_after=2024-01-14T13:53:00+00:00
[2024-01-14T15:53:49.452+0200] {processor.py:183} INFO - Processing /home/mahmoud/airflow_env/lib/python3.10/site-packages/airflow/example_dags/example_branch_python_dop_operator_3.py took 0.094 seconds
[2024-01-14T15:54:50.977+0200] {processor.py:161} INFO - Started process (PID=30107) to work on /home/mahmoud/airflow_env/lib/python3.10/site-packages/airflow/example_dags/example_branch_python_dop_operator_3.py
[2024-01-14T15:54:50.983+0200] {processor.py:830} INFO - Processing file /home/mahmoud/airflow_env/lib/python3.10/site-packages/airflow/example_dags/example_branch_python_dop_operator_3.py for tasks to queue
[2024-01-14T15:54:50.986+0200] {logging_mixin.py:188} INFO - [2024-01-14T15:54:50.985+0200] {dagbag.py:538} INFO - Filling up the DagBag from /home/mahmoud/airflow_env/lib/python3.10/site-packages/airflow/example_dags/example_branch_python_dop_operator_3.py
[2024-01-14T15:54:51.026+0200] {processor.py:840} INFO - DAG(s) 'example_branch_dop_operator_v3' retrieved from /home/mahmoud/airflow_env/lib/python3.10/site-packages/airflow/example_dags/example_branch_python_dop_operator_3.py
[2024-01-14T15:54:51.091+0200] {logging_mixin.py:188} INFO - [2024-01-14T15:54:51.090+0200] {dag.py:3033} INFO - Sync 1 DAGs
[2024-01-14T15:54:51.194+0200] {logging_mixin.py:188} INFO - [2024-01-14T15:54:51.193+0200] {dag.py:3820} INFO - Setting next_dagrun for example_branch_dop_operator_v3 to 2024-01-14T13:53:00+00:00, run_after=2024-01-14T13:54:00+00:00
[2024-01-14T15:54:51.282+0200] {processor.py:183} INFO - Processing /home/mahmoud/airflow_env/lib/python3.10/site-packages/airflow/example_dags/example_branch_python_dop_operator_3.py took 0.318 seconds
[2024-01-14T15:55:58.709+0200] {processor.py:161} INFO - Started process (PID=30340) to work on /home/mahmoud/airflow_env/lib/python3.10/site-packages/airflow/example_dags/example_branch_python_dop_operator_3.py
[2024-01-14T15:55:58.715+0200] {processor.py:830} INFO - Processing file /home/mahmoud/airflow_env/lib/python3.10/site-packages/airflow/example_dags/example_branch_python_dop_operator_3.py for tasks to queue
[2024-01-14T15:55:58.719+0200] {logging_mixin.py:188} INFO - [2024-01-14T15:55:58.717+0200] {dagbag.py:538} INFO - Filling up the DagBag from /home/mahmoud/airflow_env/lib/python3.10/site-packages/airflow/example_dags/example_branch_python_dop_operator_3.py
[2024-01-14T15:55:58.768+0200] {processor.py:840} INFO - DAG(s) 'example_branch_dop_operator_v3' retrieved from /home/mahmoud/airflow_env/lib/python3.10/site-packages/airflow/example_dags/example_branch_python_dop_operator_3.py
[2024-01-14T15:55:58.848+0200] {logging_mixin.py:188} INFO - [2024-01-14T15:55:58.847+0200] {dag.py:3033} INFO - Sync 1 DAGs
[2024-01-14T15:55:58.975+0200] {logging_mixin.py:188} INFO - [2024-01-14T15:55:58.974+0200] {dag.py:3820} INFO - Setting next_dagrun for example_branch_dop_operator_v3 to 2024-01-14T13:54:00+00:00, run_after=2024-01-14T13:55:00+00:00
[2024-01-14T15:55:59.078+0200] {processor.py:183} INFO - Processing /home/mahmoud/airflow_env/lib/python3.10/site-packages/airflow/example_dags/example_branch_python_dop_operator_3.py took 0.384 seconds
[2024-01-14T15:56:57.156+0200] {processor.py:161} INFO - Started process (PID=30545) to work on /home/mahmoud/airflow_env/lib/python3.10/site-packages/airflow/example_dags/example_branch_python_dop_operator_3.py
[2024-01-14T15:56:57.159+0200] {processor.py:830} INFO - Processing file /home/mahmoud/airflow_env/lib/python3.10/site-packages/airflow/example_dags/example_branch_python_dop_operator_3.py for tasks to queue
[2024-01-14T15:56:57.162+0200] {logging_mixin.py:188} INFO - [2024-01-14T15:56:57.160+0200] {dagbag.py:538} INFO - Filling up the DagBag from /home/mahmoud/airflow_env/lib/python3.10/site-packages/airflow/example_dags/example_branch_python_dop_operator_3.py
[2024-01-14T15:56:57.191+0200] {processor.py:840} INFO - DAG(s) 'example_branch_dop_operator_v3' retrieved from /home/mahmoud/airflow_env/lib/python3.10/site-packages/airflow/example_dags/example_branch_python_dop_operator_3.py
[2024-01-14T15:56:57.244+0200] {logging_mixin.py:188} INFO - [2024-01-14T15:56:57.243+0200] {dag.py:3033} INFO - Sync 1 DAGs
[2024-01-14T15:56:57.333+0200] {logging_mixin.py:188} INFO - [2024-01-14T15:56:57.333+0200] {dag.py:3820} INFO - Setting next_dagrun for example_branch_dop_operator_v3 to 2024-01-14T13:55:00+00:00, run_after=2024-01-14T13:56:00+00:00
[2024-01-14T15:56:57.415+0200] {processor.py:183} INFO - Processing /home/mahmoud/airflow_env/lib/python3.10/site-packages/airflow/example_dags/example_branch_python_dop_operator_3.py took 0.268 seconds
[2024-01-14T15:57:50.284+0200] {processor.py:161} INFO - Started process (PID=30767) to work on /home/mahmoud/airflow_env/lib/python3.10/site-packages/airflow/example_dags/example_branch_python_dop_operator_3.py
[2024-01-14T15:57:50.285+0200] {processor.py:830} INFO - Processing file /home/mahmoud/airflow_env/lib/python3.10/site-packages/airflow/example_dags/example_branch_python_dop_operator_3.py for tasks to queue
[2024-01-14T15:57:50.286+0200] {logging_mixin.py:188} INFO - [2024-01-14T15:57:50.286+0200] {dagbag.py:538} INFO - Filling up the DagBag from /home/mahmoud/airflow_env/lib/python3.10/site-packages/airflow/example_dags/example_branch_python_dop_operator_3.py
[2024-01-14T15:57:50.293+0200] {processor.py:840} INFO - DAG(s) 'example_branch_dop_operator_v3' retrieved from /home/mahmoud/airflow_env/lib/python3.10/site-packages/airflow/example_dags/example_branch_python_dop_operator_3.py
[2024-01-14T15:57:50.305+0200] {logging_mixin.py:188} INFO - [2024-01-14T15:57:50.305+0200] {dag.py:3033} INFO - Sync 1 DAGs
[2024-01-14T15:57:50.326+0200] {logging_mixin.py:188} INFO - [2024-01-14T15:57:50.325+0200] {dag.py:3820} INFO - Setting next_dagrun for example_branch_dop_operator_v3 to 2024-01-14T13:56:00+00:00, run_after=2024-01-14T13:57:00+00:00
[2024-01-14T15:57:50.350+0200] {processor.py:183} INFO - Processing /home/mahmoud/airflow_env/lib/python3.10/site-packages/airflow/example_dags/example_branch_python_dop_operator_3.py took 0.069 seconds
