[2024-01-14T15:08:43.808+0200] {processor.py:161} INFO - Started process (PID=16252) to work on /home/mahmoud/airflow_env/lib/python3.10/site-packages/airflow/example_dags/example_dag_decorator.py
[2024-01-14T15:08:43.809+0200] {processor.py:830} INFO - Processing file /home/mahmoud/airflow_env/lib/python3.10/site-packages/airflow/example_dags/example_dag_decorator.py for tasks to queue
[2024-01-14T15:08:43.811+0200] {logging_mixin.py:188} INFO - [2024-01-14T15:08:43.810+0200] {dagbag.py:538} INFO - Filling up the DagBag from /home/mahmoud/airflow_env/lib/python3.10/site-packages/airflow/example_dags/example_dag_decorator.py
[2024-01-14T15:08:43.880+0200] {processor.py:840} INFO - DAG(s) 'example_dag_decorator' retrieved from /home/mahmoud/airflow_env/lib/python3.10/site-packages/airflow/example_dags/example_dag_decorator.py
[2024-01-14T15:08:43.963+0200] {logging_mixin.py:188} INFO - [2024-01-14T15:08:43.962+0200] {override.py:1769} INFO - Created Permission View: can edit on DAG:example_dag_decorator
[2024-01-14T15:08:43.975+0200] {logging_mixin.py:188} INFO - [2024-01-14T15:08:43.975+0200] {override.py:1769} INFO - Created Permission View: can delete on DAG:example_dag_decorator
[2024-01-14T15:08:43.986+0200] {logging_mixin.py:188} INFO - [2024-01-14T15:08:43.985+0200] {override.py:1769} INFO - Created Permission View: can read on DAG:example_dag_decorator
[2024-01-14T15:08:43.986+0200] {logging_mixin.py:188} INFO - [2024-01-14T15:08:43.986+0200] {dag.py:3033} INFO - Sync 1 DAGs
[2024-01-14T15:08:43.994+0200] {logging_mixin.py:188} INFO - [2024-01-14T15:08:43.994+0200] {dag.py:3055} INFO - Creating ORM DAG for example_dag_decorator
[2024-01-14T15:08:43.994+0200] {logging_mixin.py:188} INFO - [2024-01-14T15:08:43.994+0200] {dag.py:3820} INFO - Setting next_dagrun for example_dag_decorator to None, run_after=None
[2024-01-14T15:08:44.019+0200] {processor.py:183} INFO - Processing /home/mahmoud/airflow_env/lib/python3.10/site-packages/airflow/example_dags/example_dag_decorator.py took 0.216 seconds
[2024-01-14T15:09:32.701+0200] {processor.py:161} INFO - Started process (PID=16557) to work on /home/mahmoud/airflow_env/lib/python3.10/site-packages/airflow/example_dags/example_dag_decorator.py
[2024-01-14T15:09:32.703+0200] {processor.py:830} INFO - Processing file /home/mahmoud/airflow_env/lib/python3.10/site-packages/airflow/example_dags/example_dag_decorator.py for tasks to queue
[2024-01-14T15:09:32.704+0200] {logging_mixin.py:188} INFO - [2024-01-14T15:09:32.703+0200] {dagbag.py:538} INFO - Filling up the DagBag from /home/mahmoud/airflow_env/lib/python3.10/site-packages/airflow/example_dags/example_dag_decorator.py
[2024-01-14T15:09:32.767+0200] {processor.py:840} INFO - DAG(s) 'example_dag_decorator' retrieved from /home/mahmoud/airflow_env/lib/python3.10/site-packages/airflow/example_dags/example_dag_decorator.py
[2024-01-14T15:09:32.827+0200] {logging_mixin.py:188} INFO - [2024-01-14T15:09:32.827+0200] {dag.py:3033} INFO - Sync 1 DAGs
[2024-01-14T15:09:32.834+0200] {logging_mixin.py:188} INFO - [2024-01-14T15:09:32.834+0200] {dag.py:3820} INFO - Setting next_dagrun for example_dag_decorator to None, run_after=None
[2024-01-14T15:09:32.855+0200] {processor.py:183} INFO - Processing /home/mahmoud/airflow_env/lib/python3.10/site-packages/airflow/example_dags/example_dag_decorator.py took 0.158 seconds
[2024-01-14T15:10:31.069+0200] {processor.py:161} INFO - Started process (PID=16795) to work on /home/mahmoud/airflow_env/lib/python3.10/site-packages/airflow/example_dags/example_dag_decorator.py
[2024-01-14T15:10:31.072+0200] {processor.py:830} INFO - Processing file /home/mahmoud/airflow_env/lib/python3.10/site-packages/airflow/example_dags/example_dag_decorator.py for tasks to queue
[2024-01-14T15:10:31.073+0200] {logging_mixin.py:188} INFO - [2024-01-14T15:10:31.072+0200] {dagbag.py:538} INFO - Filling up the DagBag from /home/mahmoud/airflow_env/lib/python3.10/site-packages/airflow/example_dags/example_dag_decorator.py
[2024-01-14T15:10:31.142+0200] {processor.py:840} INFO - DAG(s) 'example_dag_decorator' retrieved from /home/mahmoud/airflow_env/lib/python3.10/site-packages/airflow/example_dags/example_dag_decorator.py
[2024-01-14T15:10:31.207+0200] {logging_mixin.py:188} INFO - [2024-01-14T15:10:31.207+0200] {dag.py:3033} INFO - Sync 1 DAGs
[2024-01-14T15:10:31.214+0200] {logging_mixin.py:188} INFO - [2024-01-14T15:10:31.214+0200] {dag.py:3820} INFO - Setting next_dagrun for example_dag_decorator to None, run_after=None
[2024-01-14T15:10:31.233+0200] {processor.py:183} INFO - Processing /home/mahmoud/airflow_env/lib/python3.10/site-packages/airflow/example_dags/example_dag_decorator.py took 0.171 seconds
[2024-01-14T15:11:28.764+0200] {processor.py:161} INFO - Started process (PID=17024) to work on /home/mahmoud/airflow_env/lib/python3.10/site-packages/airflow/example_dags/example_dag_decorator.py
[2024-01-14T15:11:28.767+0200] {processor.py:830} INFO - Processing file /home/mahmoud/airflow_env/lib/python3.10/site-packages/airflow/example_dags/example_dag_decorator.py for tasks to queue
[2024-01-14T15:11:28.769+0200] {logging_mixin.py:188} INFO - [2024-01-14T15:11:28.768+0200] {dagbag.py:538} INFO - Filling up the DagBag from /home/mahmoud/airflow_env/lib/python3.10/site-packages/airflow/example_dags/example_dag_decorator.py
[2024-01-14T15:11:28.841+0200] {processor.py:840} INFO - DAG(s) 'example_dag_decorator' retrieved from /home/mahmoud/airflow_env/lib/python3.10/site-packages/airflow/example_dags/example_dag_decorator.py
[2024-01-14T15:11:28.910+0200] {logging_mixin.py:188} INFO - [2024-01-14T15:11:28.910+0200] {dag.py:3033} INFO - Sync 1 DAGs
[2024-01-14T15:11:28.918+0200] {logging_mixin.py:188} INFO - [2024-01-14T15:11:28.918+0200] {dag.py:3820} INFO - Setting next_dagrun for example_dag_decorator to None, run_after=None
[2024-01-14T15:11:28.940+0200] {processor.py:183} INFO - Processing /home/mahmoud/airflow_env/lib/python3.10/site-packages/airflow/example_dags/example_dag_decorator.py took 0.184 seconds
[2024-01-14T15:12:23.661+0200] {processor.py:161} INFO - Started process (PID=17285) to work on /home/mahmoud/airflow_env/lib/python3.10/site-packages/airflow/example_dags/example_dag_decorator.py
[2024-01-14T15:12:23.664+0200] {processor.py:830} INFO - Processing file /home/mahmoud/airflow_env/lib/python3.10/site-packages/airflow/example_dags/example_dag_decorator.py for tasks to queue
[2024-01-14T15:12:23.666+0200] {logging_mixin.py:188} INFO - [2024-01-14T15:12:23.665+0200] {dagbag.py:538} INFO - Filling up the DagBag from /home/mahmoud/airflow_env/lib/python3.10/site-packages/airflow/example_dags/example_dag_decorator.py
[2024-01-14T15:12:23.743+0200] {processor.py:840} INFO - DAG(s) 'example_dag_decorator' retrieved from /home/mahmoud/airflow_env/lib/python3.10/site-packages/airflow/example_dags/example_dag_decorator.py
[2024-01-14T15:12:23.808+0200] {logging_mixin.py:188} INFO - [2024-01-14T15:12:23.808+0200] {dag.py:3033} INFO - Sync 1 DAGs
[2024-01-14T15:12:23.816+0200] {logging_mixin.py:188} INFO - [2024-01-14T15:12:23.816+0200] {dag.py:3820} INFO - Setting next_dagrun for example_dag_decorator to None, run_after=None
[2024-01-14T15:12:23.835+0200] {processor.py:183} INFO - Processing /home/mahmoud/airflow_env/lib/python3.10/site-packages/airflow/example_dags/example_dag_decorator.py took 0.182 seconds
[2024-01-14T15:13:16.754+0200] {processor.py:161} INFO - Started process (PID=17522) to work on /home/mahmoud/airflow_env/lib/python3.10/site-packages/airflow/example_dags/example_dag_decorator.py
[2024-01-14T15:13:16.755+0200] {processor.py:830} INFO - Processing file /home/mahmoud/airflow_env/lib/python3.10/site-packages/airflow/example_dags/example_dag_decorator.py for tasks to queue
[2024-01-14T15:13:16.756+0200] {logging_mixin.py:188} INFO - [2024-01-14T15:13:16.755+0200] {dagbag.py:538} INFO - Filling up the DagBag from /home/mahmoud/airflow_env/lib/python3.10/site-packages/airflow/example_dags/example_dag_decorator.py
[2024-01-14T15:13:16.821+0200] {processor.py:840} INFO - DAG(s) 'example_dag_decorator' retrieved from /home/mahmoud/airflow_env/lib/python3.10/site-packages/airflow/example_dags/example_dag_decorator.py
[2024-01-14T15:13:16.884+0200] {logging_mixin.py:188} INFO - [2024-01-14T15:13:16.884+0200] {dag.py:3033} INFO - Sync 1 DAGs
[2024-01-14T15:13:16.890+0200] {logging_mixin.py:188} INFO - [2024-01-14T15:13:16.890+0200] {dag.py:3820} INFO - Setting next_dagrun for example_dag_decorator to None, run_after=None
[2024-01-14T15:13:16.910+0200] {processor.py:183} INFO - Processing /home/mahmoud/airflow_env/lib/python3.10/site-packages/airflow/example_dags/example_dag_decorator.py took 0.159 seconds
[2024-01-14T15:20:30.960+0200] {processor.py:161} INFO - Started process (PID=19582) to work on /home/mahmoud/airflow_env/lib/python3.10/site-packages/airflow/example_dags/example_dag_decorator.py
[2024-01-14T15:20:30.963+0200] {processor.py:830} INFO - Processing file /home/mahmoud/airflow_env/lib/python3.10/site-packages/airflow/example_dags/example_dag_decorator.py for tasks to queue
[2024-01-14T15:20:30.965+0200] {logging_mixin.py:188} INFO - [2024-01-14T15:20:30.964+0200] {dagbag.py:538} INFO - Filling up the DagBag from /home/mahmoud/airflow_env/lib/python3.10/site-packages/airflow/example_dags/example_dag_decorator.py
[2024-01-14T15:20:31.049+0200] {processor.py:840} INFO - DAG(s) 'example_dag_decorator' retrieved from /home/mahmoud/airflow_env/lib/python3.10/site-packages/airflow/example_dags/example_dag_decorator.py
[2024-01-14T15:20:31.115+0200] {logging_mixin.py:188} INFO - [2024-01-14T15:20:31.115+0200] {dag.py:3033} INFO - Sync 1 DAGs
[2024-01-14T15:20:31.123+0200] {logging_mixin.py:188} INFO - [2024-01-14T15:20:31.122+0200] {dag.py:3820} INFO - Setting next_dagrun for example_dag_decorator to None, run_after=None
[2024-01-14T15:20:31.145+0200] {processor.py:183} INFO - Processing /home/mahmoud/airflow_env/lib/python3.10/site-packages/airflow/example_dags/example_dag_decorator.py took 0.191 seconds
[2024-01-14T15:21:18.832+0200] {processor.py:161} INFO - Started process (PID=19769) to work on /home/mahmoud/airflow_env/lib/python3.10/site-packages/airflow/example_dags/example_dag_decorator.py
[2024-01-14T15:21:18.835+0200] {processor.py:830} INFO - Processing file /home/mahmoud/airflow_env/lib/python3.10/site-packages/airflow/example_dags/example_dag_decorator.py for tasks to queue
[2024-01-14T15:21:18.836+0200] {logging_mixin.py:188} INFO - [2024-01-14T15:21:18.836+0200] {dagbag.py:538} INFO - Filling up the DagBag from /home/mahmoud/airflow_env/lib/python3.10/site-packages/airflow/example_dags/example_dag_decorator.py
[2024-01-14T15:21:18.915+0200] {processor.py:840} INFO - DAG(s) 'example_dag_decorator' retrieved from /home/mahmoud/airflow_env/lib/python3.10/site-packages/airflow/example_dags/example_dag_decorator.py
[2024-01-14T15:21:18.980+0200] {logging_mixin.py:188} INFO - [2024-01-14T15:21:18.980+0200] {dag.py:3033} INFO - Sync 1 DAGs
[2024-01-14T15:21:18.987+0200] {logging_mixin.py:188} INFO - [2024-01-14T15:21:18.986+0200] {dag.py:3820} INFO - Setting next_dagrun for example_dag_decorator to None, run_after=None
[2024-01-14T15:21:19.010+0200] {processor.py:183} INFO - Processing /home/mahmoud/airflow_env/lib/python3.10/site-packages/airflow/example_dags/example_dag_decorator.py took 0.185 seconds
[2024-01-14T15:22:16.752+0200] {processor.py:161} INFO - Started process (PID=19996) to work on /home/mahmoud/airflow_env/lib/python3.10/site-packages/airflow/example_dags/example_dag_decorator.py
[2024-01-14T15:22:16.754+0200] {processor.py:830} INFO - Processing file /home/mahmoud/airflow_env/lib/python3.10/site-packages/airflow/example_dags/example_dag_decorator.py for tasks to queue
[2024-01-14T15:22:16.755+0200] {logging_mixin.py:188} INFO - [2024-01-14T15:22:16.755+0200] {dagbag.py:538} INFO - Filling up the DagBag from /home/mahmoud/airflow_env/lib/python3.10/site-packages/airflow/example_dags/example_dag_decorator.py
[2024-01-14T15:22:16.821+0200] {processor.py:840} INFO - DAG(s) 'example_dag_decorator' retrieved from /home/mahmoud/airflow_env/lib/python3.10/site-packages/airflow/example_dags/example_dag_decorator.py
[2024-01-14T15:22:16.885+0200] {logging_mixin.py:188} INFO - [2024-01-14T15:22:16.885+0200] {dag.py:3033} INFO - Sync 1 DAGs
[2024-01-14T15:22:16.892+0200] {logging_mixin.py:188} INFO - [2024-01-14T15:22:16.892+0200] {dag.py:3820} INFO - Setting next_dagrun for example_dag_decorator to None, run_after=None
[2024-01-14T15:22:16.913+0200] {processor.py:183} INFO - Processing /home/mahmoud/airflow_env/lib/python3.10/site-packages/airflow/example_dags/example_dag_decorator.py took 0.164 seconds
[2024-01-14T15:38:23.137+0200] {processor.py:161} INFO - Started process (PID=24717) to work on /home/mahmoud/airflow_env/lib/python3.10/site-packages/airflow/example_dags/example_dag_decorator.py
[2024-01-14T15:38:23.139+0200] {processor.py:830} INFO - Processing file /home/mahmoud/airflow_env/lib/python3.10/site-packages/airflow/example_dags/example_dag_decorator.py for tasks to queue
[2024-01-14T15:38:23.140+0200] {logging_mixin.py:188} INFO - [2024-01-14T15:38:23.140+0200] {dagbag.py:538} INFO - Filling up the DagBag from /home/mahmoud/airflow_env/lib/python3.10/site-packages/airflow/example_dags/example_dag_decorator.py
[2024-01-14T15:38:23.203+0200] {processor.py:840} INFO - DAG(s) 'example_dag_decorator' retrieved from /home/mahmoud/airflow_env/lib/python3.10/site-packages/airflow/example_dags/example_dag_decorator.py
[2024-01-14T15:38:23.264+0200] {logging_mixin.py:188} INFO - [2024-01-14T15:38:23.264+0200] {dag.py:3033} INFO - Sync 1 DAGs
[2024-01-14T15:38:23.271+0200] {logging_mixin.py:188} INFO - [2024-01-14T15:38:23.271+0200] {dag.py:3820} INFO - Setting next_dagrun for example_dag_decorator to None, run_after=None
[2024-01-14T15:38:23.291+0200] {processor.py:183} INFO - Processing /home/mahmoud/airflow_env/lib/python3.10/site-packages/airflow/example_dags/example_dag_decorator.py took 0.158 seconds
[2024-01-14T15:39:11.039+0200] {processor.py:161} INFO - Started process (PID=25099) to work on /home/mahmoud/airflow_env/lib/python3.10/site-packages/airflow/example_dags/example_dag_decorator.py
[2024-01-14T15:39:11.040+0200] {processor.py:830} INFO - Processing file /home/mahmoud/airflow_env/lib/python3.10/site-packages/airflow/example_dags/example_dag_decorator.py for tasks to queue
[2024-01-14T15:39:11.041+0200] {logging_mixin.py:188} INFO - [2024-01-14T15:39:11.041+0200] {dagbag.py:538} INFO - Filling up the DagBag from /home/mahmoud/airflow_env/lib/python3.10/site-packages/airflow/example_dags/example_dag_decorator.py
[2024-01-14T15:39:11.115+0200] {processor.py:840} INFO - DAG(s) 'example_dag_decorator' retrieved from /home/mahmoud/airflow_env/lib/python3.10/site-packages/airflow/example_dags/example_dag_decorator.py
[2024-01-14T15:39:11.200+0200] {logging_mixin.py:188} INFO - [2024-01-14T15:39:11.200+0200] {dag.py:3033} INFO - Sync 1 DAGs
[2024-01-14T15:39:11.211+0200] {logging_mixin.py:188} INFO - [2024-01-14T15:39:11.211+0200] {dag.py:3820} INFO - Setting next_dagrun for example_dag_decorator to None, run_after=None
[2024-01-14T15:39:11.234+0200] {processor.py:183} INFO - Processing /home/mahmoud/airflow_env/lib/python3.10/site-packages/airflow/example_dags/example_dag_decorator.py took 0.199 seconds
[2024-01-14T15:40:01.203+0200] {processor.py:161} INFO - Started process (PID=25296) to work on /home/mahmoud/airflow_env/lib/python3.10/site-packages/airflow/example_dags/example_dag_decorator.py
[2024-01-14T15:40:01.206+0200] {processor.py:830} INFO - Processing file /home/mahmoud/airflow_env/lib/python3.10/site-packages/airflow/example_dags/example_dag_decorator.py for tasks to queue
[2024-01-14T15:40:01.208+0200] {logging_mixin.py:188} INFO - [2024-01-14T15:40:01.207+0200] {dagbag.py:538} INFO - Filling up the DagBag from /home/mahmoud/airflow_env/lib/python3.10/site-packages/airflow/example_dags/example_dag_decorator.py
[2024-01-14T15:40:01.278+0200] {processor.py:840} INFO - DAG(s) 'example_dag_decorator' retrieved from /home/mahmoud/airflow_env/lib/python3.10/site-packages/airflow/example_dags/example_dag_decorator.py
[2024-01-14T15:40:01.346+0200] {logging_mixin.py:188} INFO - [2024-01-14T15:40:01.346+0200] {dag.py:3033} INFO - Sync 1 DAGs
[2024-01-14T15:40:01.353+0200] {logging_mixin.py:188} INFO - [2024-01-14T15:40:01.353+0200] {dag.py:3820} INFO - Setting next_dagrun for example_dag_decorator to None, run_after=None
[2024-01-14T15:40:01.376+0200] {processor.py:183} INFO - Processing /home/mahmoud/airflow_env/lib/python3.10/site-packages/airflow/example_dags/example_dag_decorator.py took 0.178 seconds
[2024-01-14T15:40:57.229+0200] {processor.py:161} INFO - Started process (PID=25521) to work on /home/mahmoud/airflow_env/lib/python3.10/site-packages/airflow/example_dags/example_dag_decorator.py
[2024-01-14T15:40:57.231+0200] {processor.py:830} INFO - Processing file /home/mahmoud/airflow_env/lib/python3.10/site-packages/airflow/example_dags/example_dag_decorator.py for tasks to queue
[2024-01-14T15:40:57.232+0200] {logging_mixin.py:188} INFO - [2024-01-14T15:40:57.232+0200] {dagbag.py:538} INFO - Filling up the DagBag from /home/mahmoud/airflow_env/lib/python3.10/site-packages/airflow/example_dags/example_dag_decorator.py
[2024-01-14T15:40:57.305+0200] {processor.py:840} INFO - DAG(s) 'example_dag_decorator' retrieved from /home/mahmoud/airflow_env/lib/python3.10/site-packages/airflow/example_dags/example_dag_decorator.py
[2024-01-14T15:40:57.378+0200] {logging_mixin.py:188} INFO - [2024-01-14T15:40:57.378+0200] {dag.py:3033} INFO - Sync 1 DAGs
[2024-01-14T15:40:57.385+0200] {logging_mixin.py:188} INFO - [2024-01-14T15:40:57.385+0200] {dag.py:3820} INFO - Setting next_dagrun for example_dag_decorator to None, run_after=None
[2024-01-14T15:40:57.406+0200] {processor.py:183} INFO - Processing /home/mahmoud/airflow_env/lib/python3.10/site-packages/airflow/example_dags/example_dag_decorator.py took 0.180 seconds
[2024-01-14T15:41:49.279+0200] {processor.py:161} INFO - Started process (PID=25787) to work on /home/mahmoud/airflow_env/lib/python3.10/site-packages/airflow/example_dags/example_dag_decorator.py
[2024-01-14T15:41:49.281+0200] {processor.py:830} INFO - Processing file /home/mahmoud/airflow_env/lib/python3.10/site-packages/airflow/example_dags/example_dag_decorator.py for tasks to queue
[2024-01-14T15:41:49.282+0200] {logging_mixin.py:188} INFO - [2024-01-14T15:41:49.282+0200] {dagbag.py:538} INFO - Filling up the DagBag from /home/mahmoud/airflow_env/lib/python3.10/site-packages/airflow/example_dags/example_dag_decorator.py
[2024-01-14T15:41:49.360+0200] {processor.py:840} INFO - DAG(s) 'example_dag_decorator' retrieved from /home/mahmoud/airflow_env/lib/python3.10/site-packages/airflow/example_dags/example_dag_decorator.py
[2024-01-14T15:41:49.440+0200] {logging_mixin.py:188} INFO - [2024-01-14T15:41:49.439+0200] {dag.py:3033} INFO - Sync 1 DAGs
[2024-01-14T15:41:49.447+0200] {logging_mixin.py:188} INFO - [2024-01-14T15:41:49.447+0200] {dag.py:3820} INFO - Setting next_dagrun for example_dag_decorator to None, run_after=None
[2024-01-14T15:41:49.470+0200] {processor.py:183} INFO - Processing /home/mahmoud/airflow_env/lib/python3.10/site-packages/airflow/example_dags/example_dag_decorator.py took 0.196 seconds
[2024-01-14T15:42:57.224+0200] {processor.py:161} INFO - Started process (PID=26435) to work on /home/mahmoud/airflow_env/lib/python3.10/site-packages/airflow/example_dags/example_dag_decorator.py
[2024-01-14T15:42:57.226+0200] {processor.py:830} INFO - Processing file /home/mahmoud/airflow_env/lib/python3.10/site-packages/airflow/example_dags/example_dag_decorator.py for tasks to queue
[2024-01-14T15:42:57.227+0200] {logging_mixin.py:188} INFO - [2024-01-14T15:42:57.227+0200] {dagbag.py:538} INFO - Filling up the DagBag from /home/mahmoud/airflow_env/lib/python3.10/site-packages/airflow/example_dags/example_dag_decorator.py
[2024-01-14T15:42:57.302+0200] {processor.py:840} INFO - DAG(s) 'example_dag_decorator' retrieved from /home/mahmoud/airflow_env/lib/python3.10/site-packages/airflow/example_dags/example_dag_decorator.py
[2024-01-14T15:42:57.372+0200] {logging_mixin.py:188} INFO - [2024-01-14T15:42:57.372+0200] {dag.py:3033} INFO - Sync 1 DAGs
[2024-01-14T15:42:57.381+0200] {logging_mixin.py:188} INFO - [2024-01-14T15:42:57.381+0200] {dag.py:3820} INFO - Setting next_dagrun for example_dag_decorator to None, run_after=None
[2024-01-14T15:42:57.403+0200] {processor.py:183} INFO - Processing /home/mahmoud/airflow_env/lib/python3.10/site-packages/airflow/example_dags/example_dag_decorator.py took 0.185 seconds
[2024-01-14T15:43:56.221+0200] {processor.py:161} INFO - Started process (PID=26877) to work on /home/mahmoud/airflow_env/lib/python3.10/site-packages/airflow/example_dags/example_dag_decorator.py
[2024-01-14T15:43:56.223+0200] {processor.py:830} INFO - Processing file /home/mahmoud/airflow_env/lib/python3.10/site-packages/airflow/example_dags/example_dag_decorator.py for tasks to queue
[2024-01-14T15:43:56.224+0200] {logging_mixin.py:188} INFO - [2024-01-14T15:43:56.223+0200] {dagbag.py:538} INFO - Filling up the DagBag from /home/mahmoud/airflow_env/lib/python3.10/site-packages/airflow/example_dags/example_dag_decorator.py
[2024-01-14T15:43:56.287+0200] {processor.py:840} INFO - DAG(s) 'example_dag_decorator' retrieved from /home/mahmoud/airflow_env/lib/python3.10/site-packages/airflow/example_dags/example_dag_decorator.py
[2024-01-14T15:43:56.301+0200] {logging_mixin.py:188} INFO - [2024-01-14T15:43:56.301+0200] {dag.py:3033} INFO - Sync 1 DAGs
[2024-01-14T15:43:56.309+0200] {logging_mixin.py:188} INFO - [2024-01-14T15:43:56.309+0200] {dag.py:3820} INFO - Setting next_dagrun for example_dag_decorator to None, run_after=None
[2024-01-14T15:43:56.328+0200] {processor.py:183} INFO - Processing /home/mahmoud/airflow_env/lib/python3.10/site-packages/airflow/example_dags/example_dag_decorator.py took 0.112 seconds
[2024-01-14T15:45:09.714+0200] {processor.py:161} INFO - Started process (PID=27719) to work on /home/mahmoud/airflow_env/lib/python3.10/site-packages/airflow/example_dags/example_dag_decorator.py
[2024-01-14T15:45:09.717+0200] {processor.py:830} INFO - Processing file /home/mahmoud/airflow_env/lib/python3.10/site-packages/airflow/example_dags/example_dag_decorator.py for tasks to queue
[2024-01-14T15:45:09.718+0200] {logging_mixin.py:188} INFO - [2024-01-14T15:45:09.718+0200] {dagbag.py:538} INFO - Filling up the DagBag from /home/mahmoud/airflow_env/lib/python3.10/site-packages/airflow/example_dags/example_dag_decorator.py
[2024-01-14T15:45:09.790+0200] {processor.py:840} INFO - DAG(s) 'example_dag_decorator' retrieved from /home/mahmoud/airflow_env/lib/python3.10/site-packages/airflow/example_dags/example_dag_decorator.py
[2024-01-14T15:45:09.877+0200] {logging_mixin.py:188} INFO - [2024-01-14T15:45:09.877+0200] {dag.py:3033} INFO - Sync 1 DAGs
[2024-01-14T15:45:09.884+0200] {logging_mixin.py:188} INFO - [2024-01-14T15:45:09.884+0200] {dag.py:3820} INFO - Setting next_dagrun for example_dag_decorator to None, run_after=None
[2024-01-14T15:45:09.911+0200] {processor.py:183} INFO - Processing /home/mahmoud/airflow_env/lib/python3.10/site-packages/airflow/example_dags/example_dag_decorator.py took 0.200 seconds
[2024-01-14T15:46:00.629+0200] {processor.py:161} INFO - Started process (PID=27923) to work on /home/mahmoud/airflow_env/lib/python3.10/site-packages/airflow/example_dags/example_dag_decorator.py
[2024-01-14T15:46:00.631+0200] {processor.py:830} INFO - Processing file /home/mahmoud/airflow_env/lib/python3.10/site-packages/airflow/example_dags/example_dag_decorator.py for tasks to queue
[2024-01-14T15:46:00.632+0200] {logging_mixin.py:188} INFO - [2024-01-14T15:46:00.631+0200] {dagbag.py:538} INFO - Filling up the DagBag from /home/mahmoud/airflow_env/lib/python3.10/site-packages/airflow/example_dags/example_dag_decorator.py
[2024-01-14T15:46:00.710+0200] {processor.py:840} INFO - DAG(s) 'example_dag_decorator' retrieved from /home/mahmoud/airflow_env/lib/python3.10/site-packages/airflow/example_dags/example_dag_decorator.py
[2024-01-14T15:46:00.782+0200] {logging_mixin.py:188} INFO - [2024-01-14T15:46:00.782+0200] {dag.py:3033} INFO - Sync 1 DAGs
[2024-01-14T15:46:00.790+0200] {logging_mixin.py:188} INFO - [2024-01-14T15:46:00.790+0200] {dag.py:3820} INFO - Setting next_dagrun for example_dag_decorator to None, run_after=None
[2024-01-14T15:46:00.831+0200] {processor.py:183} INFO - Processing /home/mahmoud/airflow_env/lib/python3.10/site-packages/airflow/example_dags/example_dag_decorator.py took 0.205 seconds
[2024-01-14T15:46:56.066+0200] {processor.py:161} INFO - Started process (PID=28141) to work on /home/mahmoud/airflow_env/lib/python3.10/site-packages/airflow/example_dags/example_dag_decorator.py
[2024-01-14T15:46:56.067+0200] {processor.py:830} INFO - Processing file /home/mahmoud/airflow_env/lib/python3.10/site-packages/airflow/example_dags/example_dag_decorator.py for tasks to queue
[2024-01-14T15:46:56.068+0200] {logging_mixin.py:188} INFO - [2024-01-14T15:46:56.068+0200] {dagbag.py:538} INFO - Filling up the DagBag from /home/mahmoud/airflow_env/lib/python3.10/site-packages/airflow/example_dags/example_dag_decorator.py
[2024-01-14T15:46:56.148+0200] {processor.py:840} INFO - DAG(s) 'example_dag_decorator' retrieved from /home/mahmoud/airflow_env/lib/python3.10/site-packages/airflow/example_dags/example_dag_decorator.py
[2024-01-14T15:46:56.227+0200] {logging_mixin.py:188} INFO - [2024-01-14T15:46:56.227+0200] {dag.py:3033} INFO - Sync 1 DAGs
[2024-01-14T15:46:56.235+0200] {logging_mixin.py:188} INFO - [2024-01-14T15:46:56.234+0200] {dag.py:3820} INFO - Setting next_dagrun for example_dag_decorator to None, run_after=None
[2024-01-14T15:46:56.262+0200] {processor.py:183} INFO - Processing /home/mahmoud/airflow_env/lib/python3.10/site-packages/airflow/example_dags/example_dag_decorator.py took 0.199 seconds
[2024-01-14T15:47:48.193+0200] {processor.py:161} INFO - Started process (PID=28439) to work on /home/mahmoud/airflow_env/lib/python3.10/site-packages/airflow/example_dags/example_dag_decorator.py
[2024-01-14T15:47:48.195+0200] {processor.py:830} INFO - Processing file /home/mahmoud/airflow_env/lib/python3.10/site-packages/airflow/example_dags/example_dag_decorator.py for tasks to queue
[2024-01-14T15:47:48.196+0200] {logging_mixin.py:188} INFO - [2024-01-14T15:47:48.195+0200] {dagbag.py:538} INFO - Filling up the DagBag from /home/mahmoud/airflow_env/lib/python3.10/site-packages/airflow/example_dags/example_dag_decorator.py
[2024-01-14T15:47:48.260+0200] {processor.py:840} INFO - DAG(s) 'example_dag_decorator' retrieved from /home/mahmoud/airflow_env/lib/python3.10/site-packages/airflow/example_dags/example_dag_decorator.py
[2024-01-14T15:47:48.273+0200] {logging_mixin.py:188} INFO - [2024-01-14T15:47:48.273+0200] {dag.py:3033} INFO - Sync 1 DAGs
[2024-01-14T15:47:48.282+0200] {logging_mixin.py:188} INFO - [2024-01-14T15:47:48.281+0200] {dag.py:3820} INFO - Setting next_dagrun for example_dag_decorator to None, run_after=None
[2024-01-14T15:47:48.304+0200] {processor.py:183} INFO - Processing /home/mahmoud/airflow_env/lib/python3.10/site-packages/airflow/example_dags/example_dag_decorator.py took 0.113 seconds
[2024-01-14T15:48:41.339+0200] {processor.py:161} INFO - Started process (PID=28649) to work on /home/mahmoud/airflow_env/lib/python3.10/site-packages/airflow/example_dags/example_dag_decorator.py
[2024-01-14T15:48:41.341+0200] {processor.py:830} INFO - Processing file /home/mahmoud/airflow_env/lib/python3.10/site-packages/airflow/example_dags/example_dag_decorator.py for tasks to queue
[2024-01-14T15:48:41.341+0200] {logging_mixin.py:188} INFO - [2024-01-14T15:48:41.341+0200] {dagbag.py:538} INFO - Filling up the DagBag from /home/mahmoud/airflow_env/lib/python3.10/site-packages/airflow/example_dags/example_dag_decorator.py
[2024-01-14T15:48:41.406+0200] {processor.py:840} INFO - DAG(s) 'example_dag_decorator' retrieved from /home/mahmoud/airflow_env/lib/python3.10/site-packages/airflow/example_dags/example_dag_decorator.py
[2024-01-14T15:48:41.419+0200] {logging_mixin.py:188} INFO - [2024-01-14T15:48:41.418+0200] {dag.py:3033} INFO - Sync 1 DAGs
[2024-01-14T15:48:41.427+0200] {logging_mixin.py:188} INFO - [2024-01-14T15:48:41.427+0200] {dag.py:3820} INFO - Setting next_dagrun for example_dag_decorator to None, run_after=None
[2024-01-14T15:48:41.448+0200] {processor.py:183} INFO - Processing /home/mahmoud/airflow_env/lib/python3.10/site-packages/airflow/example_dags/example_dag_decorator.py took 0.113 seconds
[2024-01-14T15:49:36.455+0200] {processor.py:161} INFO - Started process (PID=28867) to work on /home/mahmoud/airflow_env/lib/python3.10/site-packages/airflow/example_dags/example_dag_decorator.py
[2024-01-14T15:49:36.458+0200] {processor.py:830} INFO - Processing file /home/mahmoud/airflow_env/lib/python3.10/site-packages/airflow/example_dags/example_dag_decorator.py for tasks to queue
[2024-01-14T15:49:36.458+0200] {logging_mixin.py:188} INFO - [2024-01-14T15:49:36.458+0200] {dagbag.py:538} INFO - Filling up the DagBag from /home/mahmoud/airflow_env/lib/python3.10/site-packages/airflow/example_dags/example_dag_decorator.py
[2024-01-14T15:49:36.520+0200] {processor.py:840} INFO - DAG(s) 'example_dag_decorator' retrieved from /home/mahmoud/airflow_env/lib/python3.10/site-packages/airflow/example_dags/example_dag_decorator.py
[2024-01-14T15:49:36.533+0200] {logging_mixin.py:188} INFO - [2024-01-14T15:49:36.532+0200] {dag.py:3033} INFO - Sync 1 DAGs
[2024-01-14T15:49:36.540+0200] {logging_mixin.py:188} INFO - [2024-01-14T15:49:36.540+0200] {dag.py:3820} INFO - Setting next_dagrun for example_dag_decorator to None, run_after=None
[2024-01-14T15:49:36.561+0200] {processor.py:183} INFO - Processing /home/mahmoud/airflow_env/lib/python3.10/site-packages/airflow/example_dags/example_dag_decorator.py took 0.109 seconds
[2024-01-14T15:50:26.687+0200] {processor.py:161} INFO - Started process (PID=29065) to work on /home/mahmoud/airflow_env/lib/python3.10/site-packages/airflow/example_dags/example_dag_decorator.py
[2024-01-14T15:50:26.689+0200] {processor.py:830} INFO - Processing file /home/mahmoud/airflow_env/lib/python3.10/site-packages/airflow/example_dags/example_dag_decorator.py for tasks to queue
[2024-01-14T15:50:26.690+0200] {logging_mixin.py:188} INFO - [2024-01-14T15:50:26.690+0200] {dagbag.py:538} INFO - Filling up the DagBag from /home/mahmoud/airflow_env/lib/python3.10/site-packages/airflow/example_dags/example_dag_decorator.py
[2024-01-14T15:50:26.756+0200] {processor.py:840} INFO - DAG(s) 'example_dag_decorator' retrieved from /home/mahmoud/airflow_env/lib/python3.10/site-packages/airflow/example_dags/example_dag_decorator.py
[2024-01-14T15:50:26.769+0200] {logging_mixin.py:188} INFO - [2024-01-14T15:50:26.768+0200] {dag.py:3033} INFO - Sync 1 DAGs
[2024-01-14T15:50:26.776+0200] {logging_mixin.py:188} INFO - [2024-01-14T15:50:26.776+0200] {dag.py:3820} INFO - Setting next_dagrun for example_dag_decorator to None, run_after=None
[2024-01-14T15:50:26.795+0200] {processor.py:183} INFO - Processing /home/mahmoud/airflow_env/lib/python3.10/site-packages/airflow/example_dags/example_dag_decorator.py took 0.112 seconds
[2024-01-14T15:51:19.642+0200] {processor.py:161} INFO - Started process (PID=29275) to work on /home/mahmoud/airflow_env/lib/python3.10/site-packages/airflow/example_dags/example_dag_decorator.py
[2024-01-14T15:51:19.645+0200] {processor.py:830} INFO - Processing file /home/mahmoud/airflow_env/lib/python3.10/site-packages/airflow/example_dags/example_dag_decorator.py for tasks to queue
[2024-01-14T15:51:19.645+0200] {logging_mixin.py:188} INFO - [2024-01-14T15:51:19.645+0200] {dagbag.py:538} INFO - Filling up the DagBag from /home/mahmoud/airflow_env/lib/python3.10/site-packages/airflow/example_dags/example_dag_decorator.py
[2024-01-14T15:51:19.708+0200] {processor.py:840} INFO - DAG(s) 'example_dag_decorator' retrieved from /home/mahmoud/airflow_env/lib/python3.10/site-packages/airflow/example_dags/example_dag_decorator.py
[2024-01-14T15:51:19.770+0200] {logging_mixin.py:188} INFO - [2024-01-14T15:51:19.769+0200] {dag.py:3033} INFO - Sync 1 DAGs
[2024-01-14T15:51:19.776+0200] {logging_mixin.py:188} INFO - [2024-01-14T15:51:19.776+0200] {dag.py:3820} INFO - Setting next_dagrun for example_dag_decorator to None, run_after=None
[2024-01-14T15:51:19.796+0200] {processor.py:183} INFO - Processing /home/mahmoud/airflow_env/lib/python3.10/site-packages/airflow/example_dags/example_dag_decorator.py took 0.157 seconds
[2024-01-14T15:52:11.601+0200] {processor.py:161} INFO - Started process (PID=29480) to work on /home/mahmoud/airflow_env/lib/python3.10/site-packages/airflow/example_dags/example_dag_decorator.py
[2024-01-14T15:52:11.602+0200] {processor.py:830} INFO - Processing file /home/mahmoud/airflow_env/lib/python3.10/site-packages/airflow/example_dags/example_dag_decorator.py for tasks to queue
[2024-01-14T15:52:11.603+0200] {logging_mixin.py:188} INFO - [2024-01-14T15:52:11.603+0200] {dagbag.py:538} INFO - Filling up the DagBag from /home/mahmoud/airflow_env/lib/python3.10/site-packages/airflow/example_dags/example_dag_decorator.py
[2024-01-14T15:52:11.673+0200] {processor.py:840} INFO - DAG(s) 'example_dag_decorator' retrieved from /home/mahmoud/airflow_env/lib/python3.10/site-packages/airflow/example_dags/example_dag_decorator.py
[2024-01-14T15:52:11.688+0200] {logging_mixin.py:188} INFO - [2024-01-14T15:52:11.688+0200] {dag.py:3033} INFO - Sync 1 DAGs
[2024-01-14T15:52:11.697+0200] {logging_mixin.py:188} INFO - [2024-01-14T15:52:11.697+0200] {dag.py:3820} INFO - Setting next_dagrun for example_dag_decorator to None, run_after=None
[2024-01-14T15:52:11.721+0200] {processor.py:183} INFO - Processing /home/mahmoud/airflow_env/lib/python3.10/site-packages/airflow/example_dags/example_dag_decorator.py took 0.122 seconds
[2024-01-14T15:53:01.403+0200] {processor.py:161} INFO - Started process (PID=29704) to work on /home/mahmoud/airflow_env/lib/python3.10/site-packages/airflow/example_dags/example_dag_decorator.py
[2024-01-14T15:53:01.405+0200] {processor.py:830} INFO - Processing file /home/mahmoud/airflow_env/lib/python3.10/site-packages/airflow/example_dags/example_dag_decorator.py for tasks to queue
[2024-01-14T15:53:01.405+0200] {logging_mixin.py:188} INFO - [2024-01-14T15:53:01.405+0200] {dagbag.py:538} INFO - Filling up the DagBag from /home/mahmoud/airflow_env/lib/python3.10/site-packages/airflow/example_dags/example_dag_decorator.py
[2024-01-14T15:53:01.477+0200] {processor.py:840} INFO - DAG(s) 'example_dag_decorator' retrieved from /home/mahmoud/airflow_env/lib/python3.10/site-packages/airflow/example_dags/example_dag_decorator.py
[2024-01-14T15:53:01.543+0200] {logging_mixin.py:188} INFO - [2024-01-14T15:53:01.543+0200] {dag.py:3033} INFO - Sync 1 DAGs
[2024-01-14T15:53:01.550+0200] {logging_mixin.py:188} INFO - [2024-01-14T15:53:01.550+0200] {dag.py:3820} INFO - Setting next_dagrun for example_dag_decorator to None, run_after=None
[2024-01-14T15:53:01.570+0200] {processor.py:183} INFO - Processing /home/mahmoud/airflow_env/lib/python3.10/site-packages/airflow/example_dags/example_dag_decorator.py took 0.170 seconds
[2024-01-14T15:53:56.176+0200] {processor.py:161} INFO - Started process (PID=29923) to work on /home/mahmoud/airflow_env/lib/python3.10/site-packages/airflow/example_dags/example_dag_decorator.py
[2024-01-14T15:53:56.185+0200] {processor.py:830} INFO - Processing file /home/mahmoud/airflow_env/lib/python3.10/site-packages/airflow/example_dags/example_dag_decorator.py for tasks to queue
[2024-01-14T15:53:56.192+0200] {logging_mixin.py:188} INFO - [2024-01-14T15:53:56.190+0200] {dagbag.py:538} INFO - Filling up the DagBag from /home/mahmoud/airflow_env/lib/python3.10/site-packages/airflow/example_dags/example_dag_decorator.py
[2024-01-14T15:53:56.931+0200] {processor.py:840} INFO - DAG(s) 'example_dag_decorator' retrieved from /home/mahmoud/airflow_env/lib/python3.10/site-packages/airflow/example_dags/example_dag_decorator.py
[2024-01-14T15:53:57.755+0200] {logging_mixin.py:188} INFO - [2024-01-14T15:53:57.754+0200] {dag.py:3033} INFO - Sync 1 DAGs
[2024-01-14T15:53:57.854+0200] {logging_mixin.py:188} INFO - [2024-01-14T15:53:57.853+0200] {dag.py:3820} INFO - Setting next_dagrun for example_dag_decorator to None, run_after=None
[2024-01-14T15:53:58.040+0200] {processor.py:183} INFO - Processing /home/mahmoud/airflow_env/lib/python3.10/site-packages/airflow/example_dags/example_dag_decorator.py took 1.889 seconds
[2024-01-14T15:54:59.963+0200] {processor.py:161} INFO - Started process (PID=30137) to work on /home/mahmoud/airflow_env/lib/python3.10/site-packages/airflow/example_dags/example_dag_decorator.py
[2024-01-14T15:54:59.968+0200] {processor.py:830} INFO - Processing file /home/mahmoud/airflow_env/lib/python3.10/site-packages/airflow/example_dags/example_dag_decorator.py for tasks to queue
[2024-01-14T15:54:59.971+0200] {logging_mixin.py:188} INFO - [2024-01-14T15:54:59.970+0200] {dagbag.py:538} INFO - Filling up the DagBag from /home/mahmoud/airflow_env/lib/python3.10/site-packages/airflow/example_dags/example_dag_decorator.py
[2024-01-14T15:55:00.349+0200] {processor.py:840} INFO - DAG(s) 'example_dag_decorator' retrieved from /home/mahmoud/airflow_env/lib/python3.10/site-packages/airflow/example_dags/example_dag_decorator.py
[2024-01-14T15:55:01.209+0200] {logging_mixin.py:188} INFO - [2024-01-14T15:55:01.208+0200] {dag.py:3033} INFO - Sync 1 DAGs
[2024-01-14T15:55:01.266+0200] {logging_mixin.py:188} INFO - [2024-01-14T15:55:01.265+0200] {dag.py:3820} INFO - Setting next_dagrun for example_dag_decorator to None, run_after=None
[2024-01-14T15:55:01.382+0200] {processor.py:183} INFO - Processing /home/mahmoud/airflow_env/lib/python3.10/site-packages/airflow/example_dags/example_dag_decorator.py took 1.430 seconds
[2024-01-14T15:56:05.094+0200] {processor.py:161} INFO - Started process (PID=30364) to work on /home/mahmoud/airflow_env/lib/python3.10/site-packages/airflow/example_dags/example_dag_decorator.py
[2024-01-14T15:56:05.098+0200] {processor.py:830} INFO - Processing file /home/mahmoud/airflow_env/lib/python3.10/site-packages/airflow/example_dags/example_dag_decorator.py for tasks to queue
[2024-01-14T15:56:05.102+0200] {logging_mixin.py:188} INFO - [2024-01-14T15:56:05.100+0200] {dagbag.py:538} INFO - Filling up the DagBag from /home/mahmoud/airflow_env/lib/python3.10/site-packages/airflow/example_dags/example_dag_decorator.py
[2024-01-14T15:56:05.445+0200] {processor.py:840} INFO - DAG(s) 'example_dag_decorator' retrieved from /home/mahmoud/airflow_env/lib/python3.10/site-packages/airflow/example_dags/example_dag_decorator.py
[2024-01-14T15:56:05.831+0200] {logging_mixin.py:188} INFO - [2024-01-14T15:56:05.831+0200] {dag.py:3033} INFO - Sync 1 DAGs
[2024-01-14T15:56:05.872+0200] {logging_mixin.py:188} INFO - [2024-01-14T15:56:05.872+0200] {dag.py:3820} INFO - Setting next_dagrun for example_dag_decorator to None, run_after=None
[2024-01-14T15:56:05.963+0200] {processor.py:183} INFO - Processing /home/mahmoud/airflow_env/lib/python3.10/site-packages/airflow/example_dags/example_dag_decorator.py took 0.884 seconds
[2024-01-14T15:57:04.475+0200] {processor.py:161} INFO - Started process (PID=30569) to work on /home/mahmoud/airflow_env/lib/python3.10/site-packages/airflow/example_dags/example_dag_decorator.py
[2024-01-14T15:57:04.478+0200] {processor.py:830} INFO - Processing file /home/mahmoud/airflow_env/lib/python3.10/site-packages/airflow/example_dags/example_dag_decorator.py for tasks to queue
[2024-01-14T15:57:04.481+0200] {logging_mixin.py:188} INFO - [2024-01-14T15:57:04.480+0200] {dagbag.py:538} INFO - Filling up the DagBag from /home/mahmoud/airflow_env/lib/python3.10/site-packages/airflow/example_dags/example_dag_decorator.py
[2024-01-14T15:57:04.733+0200] {processor.py:840} INFO - DAG(s) 'example_dag_decorator' retrieved from /home/mahmoud/airflow_env/lib/python3.10/site-packages/airflow/example_dags/example_dag_decorator.py
[2024-01-14T15:57:05.020+0200] {logging_mixin.py:188} INFO - [2024-01-14T15:57:05.019+0200] {dag.py:3033} INFO - Sync 1 DAGs
[2024-01-14T15:57:05.050+0200] {logging_mixin.py:188} INFO - [2024-01-14T15:57:05.049+0200] {dag.py:3820} INFO - Setting next_dagrun for example_dag_decorator to None, run_after=None
[2024-01-14T15:57:05.118+0200] {processor.py:183} INFO - Processing /home/mahmoud/airflow_env/lib/python3.10/site-packages/airflow/example_dags/example_dag_decorator.py took 0.652 seconds
[2024-01-14T15:57:56.436+0200] {processor.py:161} INFO - Started process (PID=30788) to work on /home/mahmoud/airflow_env/lib/python3.10/site-packages/airflow/example_dags/example_dag_decorator.py
[2024-01-14T15:57:56.439+0200] {processor.py:830} INFO - Processing file /home/mahmoud/airflow_env/lib/python3.10/site-packages/airflow/example_dags/example_dag_decorator.py for tasks to queue
[2024-01-14T15:57:56.443+0200] {logging_mixin.py:188} INFO - [2024-01-14T15:57:56.441+0200] {dagbag.py:538} INFO - Filling up the DagBag from /home/mahmoud/airflow_env/lib/python3.10/site-packages/airflow/example_dags/example_dag_decorator.py
[2024-01-14T15:57:56.526+0200] {processor.py:840} INFO - DAG(s) 'example_dag_decorator' retrieved from /home/mahmoud/airflow_env/lib/python3.10/site-packages/airflow/example_dags/example_dag_decorator.py
[2024-01-14T15:57:56.593+0200] {logging_mixin.py:188} INFO - [2024-01-14T15:57:56.592+0200] {dag.py:3033} INFO - Sync 1 DAGs
[2024-01-14T15:57:56.599+0200] {logging_mixin.py:188} INFO - [2024-01-14T15:57:56.599+0200] {dag.py:3820} INFO - Setting next_dagrun for example_dag_decorator to None, run_after=None
[2024-01-14T15:57:56.620+0200] {processor.py:183} INFO - Processing /home/mahmoud/airflow_env/lib/python3.10/site-packages/airflow/example_dags/example_dag_decorator.py took 0.193 seconds
