[2024-01-14T15:08:54.198+0200] {processor.py:161} INFO - Started process (PID=16306) to work on /home/mahmoud/airflow_env/lib/python3.10/site-packages/airflow/example_dags/example_branch_datetime_operator.py
[2024-01-14T15:08:54.199+0200] {processor.py:830} INFO - Processing file /home/mahmoud/airflow_env/lib/python3.10/site-packages/airflow/example_dags/example_branch_datetime_operator.py for tasks to queue
[2024-01-14T15:08:54.200+0200] {logging_mixin.py:188} INFO - [2024-01-14T15:08:54.200+0200] {dagbag.py:538} INFO - Filling up the DagBag from /home/mahmoud/airflow_env/lib/python3.10/site-packages/airflow/example_dags/example_branch_datetime_operator.py
[2024-01-14T15:08:54.214+0200] {processor.py:840} INFO - DAG(s) 'example_branch_datetime_operator_2', 'example_branch_datetime_operator', 'example_branch_datetime_operator_3' retrieved from /home/mahmoud/airflow_env/lib/python3.10/site-packages/airflow/example_dags/example_branch_datetime_operator.py
[2024-01-14T15:08:54.300+0200] {logging_mixin.py:188} INFO - [2024-01-14T15:08:54.299+0200] {override.py:1769} INFO - Created Permission View: can edit on DAG:example_branch_datetime_operator_2
[2024-01-14T15:08:54.310+0200] {logging_mixin.py:188} INFO - [2024-01-14T15:08:54.310+0200] {override.py:1769} INFO - Created Permission View: can delete on DAG:example_branch_datetime_operator_2
[2024-01-14T15:08:54.321+0200] {logging_mixin.py:188} INFO - [2024-01-14T15:08:54.321+0200] {override.py:1769} INFO - Created Permission View: can read on DAG:example_branch_datetime_operator_2
[2024-01-14T15:08:54.343+0200] {logging_mixin.py:188} INFO - [2024-01-14T15:08:54.343+0200] {override.py:1769} INFO - Created Permission View: can edit on DAG:example_branch_datetime_operator
[2024-01-14T15:08:54.351+0200] {logging_mixin.py:188} INFO - [2024-01-14T15:08:54.351+0200] {override.py:1769} INFO - Created Permission View: can delete on DAG:example_branch_datetime_operator
[2024-01-14T15:08:54.364+0200] {logging_mixin.py:188} INFO - [2024-01-14T15:08:54.364+0200] {override.py:1769} INFO - Created Permission View: can read on DAG:example_branch_datetime_operator
[2024-01-14T15:08:54.393+0200] {logging_mixin.py:188} INFO - [2024-01-14T15:08:54.393+0200] {override.py:1769} INFO - Created Permission View: can edit on DAG:example_branch_datetime_operator_3
[2024-01-14T15:08:54.405+0200] {logging_mixin.py:188} INFO - [2024-01-14T15:08:54.404+0200] {override.py:1769} INFO - Created Permission View: can delete on DAG:example_branch_datetime_operator_3
[2024-01-14T15:08:54.416+0200] {logging_mixin.py:188} INFO - [2024-01-14T15:08:54.416+0200] {override.py:1769} INFO - Created Permission View: can read on DAG:example_branch_datetime_operator_3
[2024-01-14T15:08:54.416+0200] {logging_mixin.py:188} INFO - [2024-01-14T15:08:54.416+0200] {dag.py:3033} INFO - Sync 3 DAGs
[2024-01-14T15:08:54.425+0200] {logging_mixin.py:188} INFO - [2024-01-14T15:08:54.425+0200] {dag.py:3055} INFO - Creating ORM DAG for example_branch_datetime_operator_3
[2024-01-14T15:08:54.426+0200] {logging_mixin.py:188} INFO - [2024-01-14T15:08:54.426+0200] {dag.py:3055} INFO - Creating ORM DAG for example_branch_datetime_operator_2
[2024-01-14T15:08:54.426+0200] {logging_mixin.py:188} INFO - [2024-01-14T15:08:54.426+0200] {dag.py:3055} INFO - Creating ORM DAG for example_branch_datetime_operator
[2024-01-14T15:08:54.434+0200] {logging_mixin.py:188} INFO - [2024-01-14T15:08:54.434+0200] {dag.py:3820} INFO - Setting next_dagrun for example_branch_datetime_operator to 2024-01-13T00:00:00+00:00, run_after=2024-01-14T00:00:00+00:00
[2024-01-14T15:08:54.436+0200] {logging_mixin.py:188} INFO - [2024-01-14T15:08:54.436+0200] {dag.py:3820} INFO - Setting next_dagrun for example_branch_datetime_operator_2 to 2024-01-13T00:00:00+00:00, run_after=2024-01-14T00:00:00+00:00
[2024-01-14T15:08:54.437+0200] {logging_mixin.py:188} INFO - [2024-01-14T15:08:54.437+0200] {dag.py:3820} INFO - Setting next_dagrun for example_branch_datetime_operator_3 to 2024-01-13T00:00:00+00:00, run_after=2024-01-14T00:00:00+00:00
[2024-01-14T15:08:54.462+0200] {processor.py:183} INFO - Processing /home/mahmoud/airflow_env/lib/python3.10/site-packages/airflow/example_dags/example_branch_datetime_operator.py took 0.268 seconds
[2024-01-14T15:09:55.039+0200] {processor.py:161} INFO - Started process (PID=16648) to work on /home/mahmoud/airflow_env/lib/python3.10/site-packages/airflow/example_dags/example_branch_datetime_operator.py
[2024-01-14T15:09:55.041+0200] {processor.py:830} INFO - Processing file /home/mahmoud/airflow_env/lib/python3.10/site-packages/airflow/example_dags/example_branch_datetime_operator.py for tasks to queue
[2024-01-14T15:09:55.042+0200] {logging_mixin.py:188} INFO - [2024-01-14T15:09:55.042+0200] {dagbag.py:538} INFO - Filling up the DagBag from /home/mahmoud/airflow_env/lib/python3.10/site-packages/airflow/example_dags/example_branch_datetime_operator.py
[2024-01-14T15:09:55.055+0200] {processor.py:840} INFO - DAG(s) 'example_branch_datetime_operator_2', 'example_branch_datetime_operator', 'example_branch_datetime_operator_3' retrieved from /home/mahmoud/airflow_env/lib/python3.10/site-packages/airflow/example_dags/example_branch_datetime_operator.py
[2024-01-14T15:09:55.075+0200] {logging_mixin.py:188} INFO - [2024-01-14T15:09:55.075+0200] {dag.py:3033} INFO - Sync 3 DAGs
[2024-01-14T15:09:55.093+0200] {logging_mixin.py:188} INFO - [2024-01-14T15:09:55.093+0200] {dag.py:3820} INFO - Setting next_dagrun for example_branch_datetime_operator to 2024-01-13T00:00:00+00:00, run_after=2024-01-14T00:00:00+00:00
[2024-01-14T15:09:55.097+0200] {logging_mixin.py:188} INFO - [2024-01-14T15:09:55.097+0200] {dag.py:3820} INFO - Setting next_dagrun for example_branch_datetime_operator_2 to 2024-01-13T00:00:00+00:00, run_after=2024-01-14T00:00:00+00:00
[2024-01-14T15:09:55.099+0200] {logging_mixin.py:188} INFO - [2024-01-14T15:09:55.098+0200] {dag.py:3820} INFO - Setting next_dagrun for example_branch_datetime_operator_3 to 2024-01-13T00:00:00+00:00, run_after=2024-01-14T00:00:00+00:00
[2024-01-14T15:09:55.121+0200] {processor.py:183} INFO - Processing /home/mahmoud/airflow_env/lib/python3.10/site-packages/airflow/example_dags/example_branch_datetime_operator.py took 0.086 seconds
[2024-01-14T15:10:53.512+0200] {processor.py:161} INFO - Started process (PID=16887) to work on /home/mahmoud/airflow_env/lib/python3.10/site-packages/airflow/example_dags/example_branch_datetime_operator.py
[2024-01-14T15:10:53.514+0200] {processor.py:830} INFO - Processing file /home/mahmoud/airflow_env/lib/python3.10/site-packages/airflow/example_dags/example_branch_datetime_operator.py for tasks to queue
[2024-01-14T15:10:53.516+0200] {logging_mixin.py:188} INFO - [2024-01-14T15:10:53.515+0200] {dagbag.py:538} INFO - Filling up the DagBag from /home/mahmoud/airflow_env/lib/python3.10/site-packages/airflow/example_dags/example_branch_datetime_operator.py
[2024-01-14T15:10:53.534+0200] {processor.py:840} INFO - DAG(s) 'example_branch_datetime_operator_3', 'example_branch_datetime_operator_2', 'example_branch_datetime_operator' retrieved from /home/mahmoud/airflow_env/lib/python3.10/site-packages/airflow/example_dags/example_branch_datetime_operator.py
[2024-01-14T15:10:53.560+0200] {logging_mixin.py:188} INFO - [2024-01-14T15:10:53.559+0200] {dag.py:3033} INFO - Sync 3 DAGs
[2024-01-14T15:10:53.579+0200] {logging_mixin.py:188} INFO - [2024-01-14T15:10:53.579+0200] {dag.py:3820} INFO - Setting next_dagrun for example_branch_datetime_operator to 2024-01-13T00:00:00+00:00, run_after=2024-01-14T00:00:00+00:00
[2024-01-14T15:10:53.584+0200] {logging_mixin.py:188} INFO - [2024-01-14T15:10:53.584+0200] {dag.py:3820} INFO - Setting next_dagrun for example_branch_datetime_operator_2 to 2024-01-13T00:00:00+00:00, run_after=2024-01-14T00:00:00+00:00
[2024-01-14T15:10:53.586+0200] {logging_mixin.py:188} INFO - [2024-01-14T15:10:53.586+0200] {dag.py:3820} INFO - Setting next_dagrun for example_branch_datetime_operator_3 to 2024-01-13T00:00:00+00:00, run_after=2024-01-14T00:00:00+00:00
[2024-01-14T15:10:53.606+0200] {processor.py:183} INFO - Processing /home/mahmoud/airflow_env/lib/python3.10/site-packages/airflow/example_dags/example_branch_datetime_operator.py took 0.101 seconds
[2024-01-14T15:11:51.523+0200] {processor.py:161} INFO - Started process (PID=17153) to work on /home/mahmoud/airflow_env/lib/python3.10/site-packages/airflow/example_dags/example_branch_datetime_operator.py
[2024-01-14T15:11:51.525+0200] {processor.py:830} INFO - Processing file /home/mahmoud/airflow_env/lib/python3.10/site-packages/airflow/example_dags/example_branch_datetime_operator.py for tasks to queue
[2024-01-14T15:11:51.526+0200] {logging_mixin.py:188} INFO - [2024-01-14T15:11:51.526+0200] {dagbag.py:538} INFO - Filling up the DagBag from /home/mahmoud/airflow_env/lib/python3.10/site-packages/airflow/example_dags/example_branch_datetime_operator.py
[2024-01-14T15:11:51.538+0200] {processor.py:840} INFO - DAG(s) 'example_branch_datetime_operator_3', 'example_branch_datetime_operator', 'example_branch_datetime_operator_2' retrieved from /home/mahmoud/airflow_env/lib/python3.10/site-packages/airflow/example_dags/example_branch_datetime_operator.py
[2024-01-14T15:11:51.560+0200] {logging_mixin.py:188} INFO - [2024-01-14T15:11:51.560+0200] {dag.py:3033} INFO - Sync 3 DAGs
[2024-01-14T15:11:51.579+0200] {logging_mixin.py:188} INFO - [2024-01-14T15:11:51.579+0200] {dag.py:3820} INFO - Setting next_dagrun for example_branch_datetime_operator to 2024-01-13T00:00:00+00:00, run_after=2024-01-14T00:00:00+00:00
[2024-01-14T15:11:51.583+0200] {logging_mixin.py:188} INFO - [2024-01-14T15:11:51.583+0200] {dag.py:3820} INFO - Setting next_dagrun for example_branch_datetime_operator_2 to 2024-01-13T00:00:00+00:00, run_after=2024-01-14T00:00:00+00:00
[2024-01-14T15:11:51.585+0200] {logging_mixin.py:188} INFO - [2024-01-14T15:11:51.585+0200] {dag.py:3820} INFO - Setting next_dagrun for example_branch_datetime_operator_3 to 2024-01-13T00:00:00+00:00, run_after=2024-01-14T00:00:00+00:00
[2024-01-14T15:11:51.607+0200] {processor.py:183} INFO - Processing /home/mahmoud/airflow_env/lib/python3.10/site-packages/airflow/example_dags/example_branch_datetime_operator.py took 0.087 seconds
[2024-01-14T15:12:44.291+0200] {processor.py:161} INFO - Started process (PID=17366) to work on /home/mahmoud/airflow_env/lib/python3.10/site-packages/airflow/example_dags/example_branch_datetime_operator.py
[2024-01-14T15:12:44.292+0200] {processor.py:830} INFO - Processing file /home/mahmoud/airflow_env/lib/python3.10/site-packages/airflow/example_dags/example_branch_datetime_operator.py for tasks to queue
[2024-01-14T15:12:44.293+0200] {logging_mixin.py:188} INFO - [2024-01-14T15:12:44.293+0200] {dagbag.py:538} INFO - Filling up the DagBag from /home/mahmoud/airflow_env/lib/python3.10/site-packages/airflow/example_dags/example_branch_datetime_operator.py
[2024-01-14T15:12:44.304+0200] {processor.py:840} INFO - DAG(s) 'example_branch_datetime_operator_3', 'example_branch_datetime_operator_2', 'example_branch_datetime_operator' retrieved from /home/mahmoud/airflow_env/lib/python3.10/site-packages/airflow/example_dags/example_branch_datetime_operator.py
[2024-01-14T15:12:44.324+0200] {logging_mixin.py:188} INFO - [2024-01-14T15:12:44.323+0200] {dag.py:3033} INFO - Sync 3 DAGs
[2024-01-14T15:12:44.342+0200] {logging_mixin.py:188} INFO - [2024-01-14T15:12:44.341+0200] {dag.py:3820} INFO - Setting next_dagrun for example_branch_datetime_operator to 2024-01-13T00:00:00+00:00, run_after=2024-01-14T00:00:00+00:00
[2024-01-14T15:12:44.345+0200] {logging_mixin.py:188} INFO - [2024-01-14T15:12:44.345+0200] {dag.py:3820} INFO - Setting next_dagrun for example_branch_datetime_operator_2 to 2024-01-13T00:00:00+00:00, run_after=2024-01-14T00:00:00+00:00
[2024-01-14T15:12:44.347+0200] {logging_mixin.py:188} INFO - [2024-01-14T15:12:44.347+0200] {dag.py:3820} INFO - Setting next_dagrun for example_branch_datetime_operator_3 to 2024-01-13T00:00:00+00:00, run_after=2024-01-14T00:00:00+00:00
[2024-01-14T15:12:44.365+0200] {processor.py:183} INFO - Processing /home/mahmoud/airflow_env/lib/python3.10/site-packages/airflow/example_dags/example_branch_datetime_operator.py took 0.079 seconds
[2024-01-14T15:13:38.306+0200] {processor.py:161} INFO - Started process (PID=17604) to work on /home/mahmoud/airflow_env/lib/python3.10/site-packages/airflow/example_dags/example_branch_datetime_operator.py
[2024-01-14T15:13:38.309+0200] {processor.py:830} INFO - Processing file /home/mahmoud/airflow_env/lib/python3.10/site-packages/airflow/example_dags/example_branch_datetime_operator.py for tasks to queue
[2024-01-14T15:13:38.310+0200] {logging_mixin.py:188} INFO - [2024-01-14T15:13:38.309+0200] {dagbag.py:538} INFO - Filling up the DagBag from /home/mahmoud/airflow_env/lib/python3.10/site-packages/airflow/example_dags/example_branch_datetime_operator.py
[2024-01-14T15:13:38.323+0200] {processor.py:840} INFO - DAG(s) 'example_branch_datetime_operator_2', 'example_branch_datetime_operator_3', 'example_branch_datetime_operator' retrieved from /home/mahmoud/airflow_env/lib/python3.10/site-packages/airflow/example_dags/example_branch_datetime_operator.py
[2024-01-14T15:13:38.344+0200] {logging_mixin.py:188} INFO - [2024-01-14T15:13:38.344+0200] {dag.py:3033} INFO - Sync 3 DAGs
[2024-01-14T15:13:38.362+0200] {logging_mixin.py:188} INFO - [2024-01-14T15:13:38.362+0200] {dag.py:3820} INFO - Setting next_dagrun for example_branch_datetime_operator to 2024-01-13T00:00:00+00:00, run_after=2024-01-14T00:00:00+00:00
[2024-01-14T15:13:38.365+0200] {logging_mixin.py:188} INFO - [2024-01-14T15:13:38.365+0200] {dag.py:3820} INFO - Setting next_dagrun for example_branch_datetime_operator_2 to 2024-01-13T00:00:00+00:00, run_after=2024-01-14T00:00:00+00:00
[2024-01-14T15:13:38.367+0200] {logging_mixin.py:188} INFO - [2024-01-14T15:13:38.367+0200] {dag.py:3820} INFO - Setting next_dagrun for example_branch_datetime_operator_3 to 2024-01-13T00:00:00+00:00, run_after=2024-01-14T00:00:00+00:00
[2024-01-14T15:13:38.388+0200] {processor.py:183} INFO - Processing /home/mahmoud/airflow_env/lib/python3.10/site-packages/airflow/example_dags/example_branch_datetime_operator.py took 0.087 seconds
[2024-01-14T15:20:41.262+0200] {processor.py:161} INFO - Started process (PID=19622) to work on /home/mahmoud/airflow_env/lib/python3.10/site-packages/airflow/example_dags/example_branch_datetime_operator.py
[2024-01-14T15:20:41.264+0200] {processor.py:830} INFO - Processing file /home/mahmoud/airflow_env/lib/python3.10/site-packages/airflow/example_dags/example_branch_datetime_operator.py for tasks to queue
[2024-01-14T15:20:41.265+0200] {logging_mixin.py:188} INFO - [2024-01-14T15:20:41.265+0200] {dagbag.py:538} INFO - Filling up the DagBag from /home/mahmoud/airflow_env/lib/python3.10/site-packages/airflow/example_dags/example_branch_datetime_operator.py
[2024-01-14T15:20:41.279+0200] {processor.py:840} INFO - DAG(s) 'example_branch_datetime_operator', 'example_branch_datetime_operator_3', 'example_branch_datetime_operator_2' retrieved from /home/mahmoud/airflow_env/lib/python3.10/site-packages/airflow/example_dags/example_branch_datetime_operator.py
[2024-01-14T15:20:41.298+0200] {logging_mixin.py:188} INFO - [2024-01-14T15:20:41.298+0200] {dag.py:3033} INFO - Sync 3 DAGs
[2024-01-14T15:20:41.318+0200] {logging_mixin.py:188} INFO - [2024-01-14T15:20:41.318+0200] {dag.py:3820} INFO - Setting next_dagrun for example_branch_datetime_operator to 2024-01-13T00:00:00+00:00, run_after=2024-01-14T00:00:00+00:00
[2024-01-14T15:20:41.322+0200] {logging_mixin.py:188} INFO - [2024-01-14T15:20:41.322+0200] {dag.py:3820} INFO - Setting next_dagrun for example_branch_datetime_operator_2 to 2024-01-13T00:00:00+00:00, run_after=2024-01-14T00:00:00+00:00
[2024-01-14T15:20:41.325+0200] {logging_mixin.py:188} INFO - [2024-01-14T15:20:41.324+0200] {dag.py:3820} INFO - Setting next_dagrun for example_branch_datetime_operator_3 to 2024-01-13T00:00:00+00:00, run_after=2024-01-14T00:00:00+00:00
[2024-01-14T15:20:41.344+0200] {processor.py:183} INFO - Processing /home/mahmoud/airflow_env/lib/python3.10/site-packages/airflow/example_dags/example_branch_datetime_operator.py took 0.087 seconds
[2024-01-14T15:21:40.734+0200] {processor.py:161} INFO - Started process (PID=19856) to work on /home/mahmoud/airflow_env/lib/python3.10/site-packages/airflow/example_dags/example_branch_datetime_operator.py
[2024-01-14T15:21:40.736+0200] {processor.py:830} INFO - Processing file /home/mahmoud/airflow_env/lib/python3.10/site-packages/airflow/example_dags/example_branch_datetime_operator.py for tasks to queue
[2024-01-14T15:21:40.737+0200] {logging_mixin.py:188} INFO - [2024-01-14T15:21:40.737+0200] {dagbag.py:538} INFO - Filling up the DagBag from /home/mahmoud/airflow_env/lib/python3.10/site-packages/airflow/example_dags/example_branch_datetime_operator.py
[2024-01-14T15:21:40.751+0200] {processor.py:840} INFO - DAG(s) 'example_branch_datetime_operator', 'example_branch_datetime_operator_3', 'example_branch_datetime_operator_2' retrieved from /home/mahmoud/airflow_env/lib/python3.10/site-packages/airflow/example_dags/example_branch_datetime_operator.py
[2024-01-14T15:21:40.773+0200] {logging_mixin.py:188} INFO - [2024-01-14T15:21:40.772+0200] {dag.py:3033} INFO - Sync 3 DAGs
[2024-01-14T15:21:40.792+0200] {logging_mixin.py:188} INFO - [2024-01-14T15:21:40.792+0200] {dag.py:3820} INFO - Setting next_dagrun for example_branch_datetime_operator to 2024-01-13T00:00:00+00:00, run_after=2024-01-14T00:00:00+00:00
[2024-01-14T15:21:40.796+0200] {logging_mixin.py:188} INFO - [2024-01-14T15:21:40.796+0200] {dag.py:3820} INFO - Setting next_dagrun for example_branch_datetime_operator_2 to 2024-01-13T00:00:00+00:00, run_after=2024-01-14T00:00:00+00:00
[2024-01-14T15:21:40.798+0200] {logging_mixin.py:188} INFO - [2024-01-14T15:21:40.798+0200] {dag.py:3820} INFO - Setting next_dagrun for example_branch_datetime_operator_3 to 2024-01-13T00:00:00+00:00, run_after=2024-01-14T00:00:00+00:00
[2024-01-14T15:21:40.820+0200] {processor.py:183} INFO - Processing /home/mahmoud/airflow_env/lib/python3.10/site-packages/airflow/example_dags/example_branch_datetime_operator.py took 0.090 seconds
[2024-01-14T15:22:36.265+0200] {processor.py:161} INFO - Started process (PID=20076) to work on /home/mahmoud/airflow_env/lib/python3.10/site-packages/airflow/example_dags/example_branch_datetime_operator.py
[2024-01-14T15:22:36.268+0200] {processor.py:830} INFO - Processing file /home/mahmoud/airflow_env/lib/python3.10/site-packages/airflow/example_dags/example_branch_datetime_operator.py for tasks to queue
[2024-01-14T15:22:36.270+0200] {logging_mixin.py:188} INFO - [2024-01-14T15:22:36.269+0200] {dagbag.py:538} INFO - Filling up the DagBag from /home/mahmoud/airflow_env/lib/python3.10/site-packages/airflow/example_dags/example_branch_datetime_operator.py
[2024-01-14T15:22:36.287+0200] {processor.py:840} INFO - DAG(s) 'example_branch_datetime_operator_3', 'example_branch_datetime_operator_2', 'example_branch_datetime_operator' retrieved from /home/mahmoud/airflow_env/lib/python3.10/site-packages/airflow/example_dags/example_branch_datetime_operator.py
[2024-01-14T15:22:36.310+0200] {logging_mixin.py:188} INFO - [2024-01-14T15:22:36.310+0200] {dag.py:3033} INFO - Sync 3 DAGs
[2024-01-14T15:22:36.327+0200] {logging_mixin.py:188} INFO - [2024-01-14T15:22:36.327+0200] {dag.py:3820} INFO - Setting next_dagrun for example_branch_datetime_operator to 2024-01-13T00:00:00+00:00, run_after=2024-01-14T00:00:00+00:00
[2024-01-14T15:22:36.330+0200] {logging_mixin.py:188} INFO - [2024-01-14T15:22:36.330+0200] {dag.py:3820} INFO - Setting next_dagrun for example_branch_datetime_operator_2 to 2024-01-13T00:00:00+00:00, run_after=2024-01-14T00:00:00+00:00
[2024-01-14T15:22:36.332+0200] {logging_mixin.py:188} INFO - [2024-01-14T15:22:36.332+0200] {dag.py:3820} INFO - Setting next_dagrun for example_branch_datetime_operator_3 to 2024-01-13T00:00:00+00:00, run_after=2024-01-14T00:00:00+00:00
[2024-01-14T15:22:36.350+0200] {processor.py:183} INFO - Processing /home/mahmoud/airflow_env/lib/python3.10/site-packages/airflow/example_dags/example_branch_datetime_operator.py took 0.093 seconds
[2024-01-14T15:38:32.328+0200] {processor.py:161} INFO - Started process (PID=24801) to work on /home/mahmoud/airflow_env/lib/python3.10/site-packages/airflow/example_dags/example_branch_datetime_operator.py
[2024-01-14T15:38:32.330+0200] {processor.py:830} INFO - Processing file /home/mahmoud/airflow_env/lib/python3.10/site-packages/airflow/example_dags/example_branch_datetime_operator.py for tasks to queue
[2024-01-14T15:38:32.330+0200] {logging_mixin.py:188} INFO - [2024-01-14T15:38:32.330+0200] {dagbag.py:538} INFO - Filling up the DagBag from /home/mahmoud/airflow_env/lib/python3.10/site-packages/airflow/example_dags/example_branch_datetime_operator.py
[2024-01-14T15:38:32.340+0200] {processor.py:840} INFO - DAG(s) 'example_branch_datetime_operator_2', 'example_branch_datetime_operator', 'example_branch_datetime_operator_3' retrieved from /home/mahmoud/airflow_env/lib/python3.10/site-packages/airflow/example_dags/example_branch_datetime_operator.py
[2024-01-14T15:38:32.360+0200] {logging_mixin.py:188} INFO - [2024-01-14T15:38:32.359+0200] {dag.py:3033} INFO - Sync 3 DAGs
[2024-01-14T15:38:32.379+0200] {logging_mixin.py:188} INFO - [2024-01-14T15:38:32.379+0200] {dag.py:3820} INFO - Setting next_dagrun for example_branch_datetime_operator to 2024-01-13T00:00:00+00:00, run_after=2024-01-14T00:00:00+00:00
[2024-01-14T15:38:32.382+0200] {logging_mixin.py:188} INFO - [2024-01-14T15:38:32.382+0200] {dag.py:3820} INFO - Setting next_dagrun for example_branch_datetime_operator_2 to 2024-01-13T00:00:00+00:00, run_after=2024-01-14T00:00:00+00:00
[2024-01-14T15:38:32.384+0200] {logging_mixin.py:188} INFO - [2024-01-14T15:38:32.384+0200] {dag.py:3820} INFO - Setting next_dagrun for example_branch_datetime_operator_3 to 2024-01-13T00:00:00+00:00, run_after=2024-01-14T00:00:00+00:00
[2024-01-14T15:38:32.405+0200] {processor.py:183} INFO - Processing /home/mahmoud/airflow_env/lib/python3.10/site-packages/airflow/example_dags/example_branch_datetime_operator.py took 0.079 seconds
[2024-01-14T15:39:29.129+0200] {processor.py:161} INFO - Started process (PID=25172) to work on /home/mahmoud/airflow_env/lib/python3.10/site-packages/airflow/example_dags/example_branch_datetime_operator.py
[2024-01-14T15:39:29.132+0200] {processor.py:830} INFO - Processing file /home/mahmoud/airflow_env/lib/python3.10/site-packages/airflow/example_dags/example_branch_datetime_operator.py for tasks to queue
[2024-01-14T15:39:29.133+0200] {logging_mixin.py:188} INFO - [2024-01-14T15:39:29.133+0200] {dagbag.py:538} INFO - Filling up the DagBag from /home/mahmoud/airflow_env/lib/python3.10/site-packages/airflow/example_dags/example_branch_datetime_operator.py
[2024-01-14T15:39:29.147+0200] {processor.py:840} INFO - DAG(s) 'example_branch_datetime_operator', 'example_branch_datetime_operator_3', 'example_branch_datetime_operator_2' retrieved from /home/mahmoud/airflow_env/lib/python3.10/site-packages/airflow/example_dags/example_branch_datetime_operator.py
[2024-01-14T15:39:29.170+0200] {logging_mixin.py:188} INFO - [2024-01-14T15:39:29.169+0200] {dag.py:3033} INFO - Sync 3 DAGs
[2024-01-14T15:39:29.191+0200] {logging_mixin.py:188} INFO - [2024-01-14T15:39:29.191+0200] {dag.py:3820} INFO - Setting next_dagrun for example_branch_datetime_operator to 2024-01-13T00:00:00+00:00, run_after=2024-01-14T00:00:00+00:00
[2024-01-14T15:39:29.194+0200] {logging_mixin.py:188} INFO - [2024-01-14T15:39:29.194+0200] {dag.py:3820} INFO - Setting next_dagrun for example_branch_datetime_operator_2 to 2024-01-13T00:00:00+00:00, run_after=2024-01-14T00:00:00+00:00
[2024-01-14T15:39:29.196+0200] {logging_mixin.py:188} INFO - [2024-01-14T15:39:29.196+0200] {dag.py:3820} INFO - Setting next_dagrun for example_branch_datetime_operator_3 to 2024-01-13T00:00:00+00:00, run_after=2024-01-14T00:00:00+00:00
[2024-01-14T15:39:29.221+0200] {processor.py:183} INFO - Processing /home/mahmoud/airflow_env/lib/python3.10/site-packages/airflow/example_dags/example_branch_datetime_operator.py took 0.098 seconds
[2024-01-14T15:40:18.913+0200] {processor.py:161} INFO - Started process (PID=25368) to work on /home/mahmoud/airflow_env/lib/python3.10/site-packages/airflow/example_dags/example_branch_datetime_operator.py
[2024-01-14T15:40:18.914+0200] {processor.py:830} INFO - Processing file /home/mahmoud/airflow_env/lib/python3.10/site-packages/airflow/example_dags/example_branch_datetime_operator.py for tasks to queue
[2024-01-14T15:40:18.914+0200] {logging_mixin.py:188} INFO - [2024-01-14T15:40:18.914+0200] {dagbag.py:538} INFO - Filling up the DagBag from /home/mahmoud/airflow_env/lib/python3.10/site-packages/airflow/example_dags/example_branch_datetime_operator.py
[2024-01-14T15:40:18.922+0200] {processor.py:840} INFO - DAG(s) 'example_branch_datetime_operator', 'example_branch_datetime_operator_3', 'example_branch_datetime_operator_2' retrieved from /home/mahmoud/airflow_env/lib/python3.10/site-packages/airflow/example_dags/example_branch_datetime_operator.py
[2024-01-14T15:40:18.940+0200] {logging_mixin.py:188} INFO - [2024-01-14T15:40:18.940+0200] {dag.py:3033} INFO - Sync 3 DAGs
[2024-01-14T15:40:18.958+0200] {logging_mixin.py:188} INFO - [2024-01-14T15:40:18.958+0200] {dag.py:3820} INFO - Setting next_dagrun for example_branch_datetime_operator to 2024-01-13T00:00:00+00:00, run_after=2024-01-14T00:00:00+00:00
[2024-01-14T15:40:18.962+0200] {logging_mixin.py:188} INFO - [2024-01-14T15:40:18.961+0200] {dag.py:3820} INFO - Setting next_dagrun for example_branch_datetime_operator_2 to 2024-01-13T00:00:00+00:00, run_after=2024-01-14T00:00:00+00:00
[2024-01-14T15:40:18.963+0200] {logging_mixin.py:188} INFO - [2024-01-14T15:40:18.963+0200] {dag.py:3820} INFO - Setting next_dagrun for example_branch_datetime_operator_3 to 2024-01-13T00:00:00+00:00, run_after=2024-01-14T00:00:00+00:00
[2024-01-14T15:40:18.983+0200] {processor.py:183} INFO - Processing /home/mahmoud/airflow_env/lib/python3.10/site-packages/airflow/example_dags/example_branch_datetime_operator.py took 0.072 seconds
[2024-01-14T15:41:15.426+0200] {processor.py:161} INFO - Started process (PID=25651) to work on /home/mahmoud/airflow_env/lib/python3.10/site-packages/airflow/example_dags/example_branch_datetime_operator.py
[2024-01-14T15:41:15.428+0200] {processor.py:830} INFO - Processing file /home/mahmoud/airflow_env/lib/python3.10/site-packages/airflow/example_dags/example_branch_datetime_operator.py for tasks to queue
[2024-01-14T15:41:15.429+0200] {logging_mixin.py:188} INFO - [2024-01-14T15:41:15.429+0200] {dagbag.py:538} INFO - Filling up the DagBag from /home/mahmoud/airflow_env/lib/python3.10/site-packages/airflow/example_dags/example_branch_datetime_operator.py
[2024-01-14T15:41:15.443+0200] {processor.py:840} INFO - DAG(s) 'example_branch_datetime_operator_3', 'example_branch_datetime_operator', 'example_branch_datetime_operator_2' retrieved from /home/mahmoud/airflow_env/lib/python3.10/site-packages/airflow/example_dags/example_branch_datetime_operator.py
[2024-01-14T15:41:15.463+0200] {logging_mixin.py:188} INFO - [2024-01-14T15:41:15.463+0200] {dag.py:3033} INFO - Sync 3 DAGs
[2024-01-14T15:41:15.480+0200] {logging_mixin.py:188} INFO - [2024-01-14T15:41:15.480+0200] {dag.py:3820} INFO - Setting next_dagrun for example_branch_datetime_operator to 2024-01-13T00:00:00+00:00, run_after=2024-01-14T00:00:00+00:00
[2024-01-14T15:41:15.484+0200] {logging_mixin.py:188} INFO - [2024-01-14T15:41:15.484+0200] {dag.py:3820} INFO - Setting next_dagrun for example_branch_datetime_operator_2 to 2024-01-13T00:00:00+00:00, run_after=2024-01-14T00:00:00+00:00
[2024-01-14T15:41:15.485+0200] {logging_mixin.py:188} INFO - [2024-01-14T15:41:15.485+0200] {dag.py:3820} INFO - Setting next_dagrun for example_branch_datetime_operator_3 to 2024-01-13T00:00:00+00:00, run_after=2024-01-14T00:00:00+00:00
[2024-01-14T15:41:15.521+0200] {processor.py:183} INFO - Processing /home/mahmoud/airflow_env/lib/python3.10/site-packages/airflow/example_dags/example_branch_datetime_operator.py took 0.099 seconds
[2024-01-14T15:42:07.360+0200] {processor.py:161} INFO - Started process (PID=25860) to work on /home/mahmoud/airflow_env/lib/python3.10/site-packages/airflow/example_dags/example_branch_datetime_operator.py
[2024-01-14T15:42:07.361+0200] {processor.py:830} INFO - Processing file /home/mahmoud/airflow_env/lib/python3.10/site-packages/airflow/example_dags/example_branch_datetime_operator.py for tasks to queue
[2024-01-14T15:42:07.362+0200] {logging_mixin.py:188} INFO - [2024-01-14T15:42:07.361+0200] {dagbag.py:538} INFO - Filling up the DagBag from /home/mahmoud/airflow_env/lib/python3.10/site-packages/airflow/example_dags/example_branch_datetime_operator.py
[2024-01-14T15:42:07.371+0200] {processor.py:840} INFO - DAG(s) 'example_branch_datetime_operator', 'example_branch_datetime_operator_2', 'example_branch_datetime_operator_3' retrieved from /home/mahmoud/airflow_env/lib/python3.10/site-packages/airflow/example_dags/example_branch_datetime_operator.py
[2024-01-14T15:42:07.391+0200] {logging_mixin.py:188} INFO - [2024-01-14T15:42:07.391+0200] {dag.py:3033} INFO - Sync 3 DAGs
[2024-01-14T15:42:07.411+0200] {logging_mixin.py:188} INFO - [2024-01-14T15:42:07.411+0200] {dag.py:3820} INFO - Setting next_dagrun for example_branch_datetime_operator to 2024-01-13T00:00:00+00:00, run_after=2024-01-14T00:00:00+00:00
[2024-01-14T15:42:07.415+0200] {logging_mixin.py:188} INFO - [2024-01-14T15:42:07.415+0200] {dag.py:3820} INFO - Setting next_dagrun for example_branch_datetime_operator_2 to 2024-01-13T00:00:00+00:00, run_after=2024-01-14T00:00:00+00:00
[2024-01-14T15:42:07.417+0200] {logging_mixin.py:188} INFO - [2024-01-14T15:42:07.417+0200] {dag.py:3820} INFO - Setting next_dagrun for example_branch_datetime_operator_3 to 2024-01-13T00:00:00+00:00, run_after=2024-01-14T00:00:00+00:00
[2024-01-14T15:42:07.440+0200] {processor.py:183} INFO - Processing /home/mahmoud/airflow_env/lib/python3.10/site-packages/airflow/example_dags/example_branch_datetime_operator.py took 0.083 seconds
[2024-01-14T15:43:37.315+0200] {processor.py:161} INFO - Started process (PID=26772) to work on /home/mahmoud/airflow_env/lib/python3.10/site-packages/airflow/example_dags/example_branch_datetime_operator.py
[2024-01-14T15:43:37.317+0200] {processor.py:830} INFO - Processing file /home/mahmoud/airflow_env/lib/python3.10/site-packages/airflow/example_dags/example_branch_datetime_operator.py for tasks to queue
[2024-01-14T15:43:37.318+0200] {logging_mixin.py:188} INFO - [2024-01-14T15:43:37.318+0200] {dagbag.py:538} INFO - Filling up the DagBag from /home/mahmoud/airflow_env/lib/python3.10/site-packages/airflow/example_dags/example_branch_datetime_operator.py
[2024-01-14T15:43:37.330+0200] {processor.py:840} INFO - DAG(s) 'example_branch_datetime_operator_3', 'example_branch_datetime_operator', 'example_branch_datetime_operator_2' retrieved from /home/mahmoud/airflow_env/lib/python3.10/site-packages/airflow/example_dags/example_branch_datetime_operator.py
[2024-01-14T15:43:37.350+0200] {logging_mixin.py:188} INFO - [2024-01-14T15:43:37.350+0200] {dag.py:3033} INFO - Sync 3 DAGs
[2024-01-14T15:43:37.368+0200] {logging_mixin.py:188} INFO - [2024-01-14T15:43:37.368+0200] {dag.py:3820} INFO - Setting next_dagrun for example_branch_datetime_operator to 2024-01-13T00:00:00+00:00, run_after=2024-01-14T00:00:00+00:00
[2024-01-14T15:43:37.373+0200] {logging_mixin.py:188} INFO - [2024-01-14T15:43:37.373+0200] {dag.py:3820} INFO - Setting next_dagrun for example_branch_datetime_operator_2 to 2024-01-13T00:00:00+00:00, run_after=2024-01-14T00:00:00+00:00
[2024-01-14T15:43:37.375+0200] {logging_mixin.py:188} INFO - [2024-01-14T15:43:37.375+0200] {dag.py:3820} INFO - Setting next_dagrun for example_branch_datetime_operator_3 to 2024-01-13T00:00:00+00:00, run_after=2024-01-14T00:00:00+00:00
[2024-01-14T15:43:37.397+0200] {processor.py:183} INFO - Processing /home/mahmoud/airflow_env/lib/python3.10/site-packages/airflow/example_dags/example_branch_datetime_operator.py took 0.086 seconds
[2024-01-14T15:44:43.868+0200] {processor.py:161} INFO - Started process (PID=27529) to work on /home/mahmoud/airflow_env/lib/python3.10/site-packages/airflow/example_dags/example_branch_datetime_operator.py
[2024-01-14T15:44:43.870+0200] {processor.py:830} INFO - Processing file /home/mahmoud/airflow_env/lib/python3.10/site-packages/airflow/example_dags/example_branch_datetime_operator.py for tasks to queue
[2024-01-14T15:44:43.871+0200] {logging_mixin.py:188} INFO - [2024-01-14T15:44:43.870+0200] {dagbag.py:538} INFO - Filling up the DagBag from /home/mahmoud/airflow_env/lib/python3.10/site-packages/airflow/example_dags/example_branch_datetime_operator.py
[2024-01-14T15:44:43.882+0200] {processor.py:840} INFO - DAG(s) 'example_branch_datetime_operator_3', 'example_branch_datetime_operator', 'example_branch_datetime_operator_2' retrieved from /home/mahmoud/airflow_env/lib/python3.10/site-packages/airflow/example_dags/example_branch_datetime_operator.py
[2024-01-14T15:44:43.904+0200] {logging_mixin.py:188} INFO - [2024-01-14T15:44:43.904+0200] {dag.py:3033} INFO - Sync 3 DAGs
[2024-01-14T15:44:43.928+0200] {logging_mixin.py:188} INFO - [2024-01-14T15:44:43.928+0200] {dag.py:3820} INFO - Setting next_dagrun for example_branch_datetime_operator to 2024-01-13T00:00:00+00:00, run_after=2024-01-14T00:00:00+00:00
[2024-01-14T15:44:43.932+0200] {logging_mixin.py:188} INFO - [2024-01-14T15:44:43.932+0200] {dag.py:3820} INFO - Setting next_dagrun for example_branch_datetime_operator_2 to 2024-01-13T00:00:00+00:00, run_after=2024-01-14T00:00:00+00:00
[2024-01-14T15:44:43.934+0200] {logging_mixin.py:188} INFO - [2024-01-14T15:44:43.934+0200] {dag.py:3820} INFO - Setting next_dagrun for example_branch_datetime_operator_3 to 2024-01-13T00:00:00+00:00, run_after=2024-01-14T00:00:00+00:00
[2024-01-14T15:44:43.954+0200] {processor.py:183} INFO - Processing /home/mahmoud/airflow_env/lib/python3.10/site-packages/airflow/example_dags/example_branch_datetime_operator.py took 0.090 seconds
[2024-01-14T15:45:44.024+0200] {processor.py:161} INFO - Started process (PID=27858) to work on /home/mahmoud/airflow_env/lib/python3.10/site-packages/airflow/example_dags/example_branch_datetime_operator.py
[2024-01-14T15:45:44.026+0200] {processor.py:830} INFO - Processing file /home/mahmoud/airflow_env/lib/python3.10/site-packages/airflow/example_dags/example_branch_datetime_operator.py for tasks to queue
[2024-01-14T15:45:44.027+0200] {logging_mixin.py:188} INFO - [2024-01-14T15:45:44.026+0200] {dagbag.py:538} INFO - Filling up the DagBag from /home/mahmoud/airflow_env/lib/python3.10/site-packages/airflow/example_dags/example_branch_datetime_operator.py
[2024-01-14T15:45:44.037+0200] {processor.py:840} INFO - DAG(s) 'example_branch_datetime_operator_2', 'example_branch_datetime_operator', 'example_branch_datetime_operator_3' retrieved from /home/mahmoud/airflow_env/lib/python3.10/site-packages/airflow/example_dags/example_branch_datetime_operator.py
[2024-01-14T15:45:44.058+0200] {logging_mixin.py:188} INFO - [2024-01-14T15:45:44.057+0200] {dag.py:3033} INFO - Sync 3 DAGs
[2024-01-14T15:45:44.086+0200] {logging_mixin.py:188} INFO - [2024-01-14T15:45:44.086+0200] {dag.py:3820} INFO - Setting next_dagrun for example_branch_datetime_operator to 2024-01-13T00:00:00+00:00, run_after=2024-01-14T00:00:00+00:00
[2024-01-14T15:45:44.090+0200] {logging_mixin.py:188} INFO - [2024-01-14T15:45:44.090+0200] {dag.py:3820} INFO - Setting next_dagrun for example_branch_datetime_operator_2 to 2024-01-13T00:00:00+00:00, run_after=2024-01-14T00:00:00+00:00
[2024-01-14T15:45:44.093+0200] {logging_mixin.py:188} INFO - [2024-01-14T15:45:44.092+0200] {dag.py:3820} INFO - Setting next_dagrun for example_branch_datetime_operator_3 to 2024-01-13T00:00:00+00:00, run_after=2024-01-14T00:00:00+00:00
[2024-01-14T15:45:44.110+0200] {processor.py:183} INFO - Processing /home/mahmoud/airflow_env/lib/python3.10/site-packages/airflow/example_dags/example_branch_datetime_operator.py took 0.091 seconds
[2024-01-14T15:46:38.396+0200] {processor.py:161} INFO - Started process (PID=28069) to work on /home/mahmoud/airflow_env/lib/python3.10/site-packages/airflow/example_dags/example_branch_datetime_operator.py
[2024-01-14T15:46:38.397+0200] {processor.py:830} INFO - Processing file /home/mahmoud/airflow_env/lib/python3.10/site-packages/airflow/example_dags/example_branch_datetime_operator.py for tasks to queue
[2024-01-14T15:46:38.397+0200] {logging_mixin.py:188} INFO - [2024-01-14T15:46:38.397+0200] {dagbag.py:538} INFO - Filling up the DagBag from /home/mahmoud/airflow_env/lib/python3.10/site-packages/airflow/example_dags/example_branch_datetime_operator.py
[2024-01-14T15:46:38.405+0200] {processor.py:840} INFO - DAG(s) 'example_branch_datetime_operator', 'example_branch_datetime_operator_2', 'example_branch_datetime_operator_3' retrieved from /home/mahmoud/airflow_env/lib/python3.10/site-packages/airflow/example_dags/example_branch_datetime_operator.py
[2024-01-14T15:46:38.421+0200] {logging_mixin.py:188} INFO - [2024-01-14T15:46:38.421+0200] {dag.py:3033} INFO - Sync 3 DAGs
[2024-01-14T15:46:38.437+0200] {logging_mixin.py:188} INFO - [2024-01-14T15:46:38.437+0200] {dag.py:3820} INFO - Setting next_dagrun for example_branch_datetime_operator to 2024-01-13T00:00:00+00:00, run_after=2024-01-14T00:00:00+00:00
[2024-01-14T15:46:38.441+0200] {logging_mixin.py:188} INFO - [2024-01-14T15:46:38.441+0200] {dag.py:3820} INFO - Setting next_dagrun for example_branch_datetime_operator_2 to 2024-01-13T00:00:00+00:00, run_after=2024-01-14T00:00:00+00:00
[2024-01-14T15:46:38.442+0200] {logging_mixin.py:188} INFO - [2024-01-14T15:46:38.442+0200] {dag.py:3820} INFO - Setting next_dagrun for example_branch_datetime_operator_3 to 2024-01-13T00:00:00+00:00, run_after=2024-01-14T00:00:00+00:00
[2024-01-14T15:46:38.463+0200] {processor.py:183} INFO - Processing /home/mahmoud/airflow_env/lib/python3.10/site-packages/airflow/example_dags/example_branch_datetime_operator.py took 0.070 seconds
[2024-01-14T15:47:32.079+0200] {processor.py:161} INFO - Started process (PID=28346) to work on /home/mahmoud/airflow_env/lib/python3.10/site-packages/airflow/example_dags/example_branch_datetime_operator.py
[2024-01-14T15:47:32.081+0200] {processor.py:830} INFO - Processing file /home/mahmoud/airflow_env/lib/python3.10/site-packages/airflow/example_dags/example_branch_datetime_operator.py for tasks to queue
[2024-01-14T15:47:32.083+0200] {logging_mixin.py:188} INFO - [2024-01-14T15:47:32.082+0200] {dagbag.py:538} INFO - Filling up the DagBag from /home/mahmoud/airflow_env/lib/python3.10/site-packages/airflow/example_dags/example_branch_datetime_operator.py
[2024-01-14T15:47:32.095+0200] {processor.py:840} INFO - DAG(s) 'example_branch_datetime_operator_3', 'example_branch_datetime_operator', 'example_branch_datetime_operator_2' retrieved from /home/mahmoud/airflow_env/lib/python3.10/site-packages/airflow/example_dags/example_branch_datetime_operator.py
[2024-01-14T15:47:32.112+0200] {logging_mixin.py:188} INFO - [2024-01-14T15:47:32.112+0200] {dag.py:3033} INFO - Sync 3 DAGs
[2024-01-14T15:47:32.129+0200] {logging_mixin.py:188} INFO - [2024-01-14T15:47:32.128+0200] {dag.py:3820} INFO - Setting next_dagrun for example_branch_datetime_operator to 2024-01-13T00:00:00+00:00, run_after=2024-01-14T00:00:00+00:00
[2024-01-14T15:47:32.132+0200] {logging_mixin.py:188} INFO - [2024-01-14T15:47:32.132+0200] {dag.py:3820} INFO - Setting next_dagrun for example_branch_datetime_operator_2 to 2024-01-13T00:00:00+00:00, run_after=2024-01-14T00:00:00+00:00
[2024-01-14T15:47:32.133+0200] {logging_mixin.py:188} INFO - [2024-01-14T15:47:32.133+0200] {dag.py:3820} INFO - Setting next_dagrun for example_branch_datetime_operator_3 to 2024-01-13T00:00:00+00:00, run_after=2024-01-14T00:00:00+00:00
[2024-01-14T15:47:32.154+0200] {processor.py:183} INFO - Processing /home/mahmoud/airflow_env/lib/python3.10/site-packages/airflow/example_dags/example_branch_datetime_operator.py took 0.079 seconds
[2024-01-14T15:48:23.824+0200] {processor.py:161} INFO - Started process (PID=28583) to work on /home/mahmoud/airflow_env/lib/python3.10/site-packages/airflow/example_dags/example_branch_datetime_operator.py
[2024-01-14T15:48:23.826+0200] {processor.py:830} INFO - Processing file /home/mahmoud/airflow_env/lib/python3.10/site-packages/airflow/example_dags/example_branch_datetime_operator.py for tasks to queue
[2024-01-14T15:48:23.827+0200] {logging_mixin.py:188} INFO - [2024-01-14T15:48:23.826+0200] {dagbag.py:538} INFO - Filling up the DagBag from /home/mahmoud/airflow_env/lib/python3.10/site-packages/airflow/example_dags/example_branch_datetime_operator.py
[2024-01-14T15:48:23.838+0200] {processor.py:840} INFO - DAG(s) 'example_branch_datetime_operator_2', 'example_branch_datetime_operator', 'example_branch_datetime_operator_3' retrieved from /home/mahmoud/airflow_env/lib/python3.10/site-packages/airflow/example_dags/example_branch_datetime_operator.py
[2024-01-14T15:48:23.857+0200] {logging_mixin.py:188} INFO - [2024-01-14T15:48:23.857+0200] {dag.py:3033} INFO - Sync 3 DAGs
[2024-01-14T15:48:23.874+0200] {logging_mixin.py:188} INFO - [2024-01-14T15:48:23.874+0200] {dag.py:3820} INFO - Setting next_dagrun for example_branch_datetime_operator to 2024-01-13T00:00:00+00:00, run_after=2024-01-14T00:00:00+00:00
[2024-01-14T15:48:23.877+0200] {logging_mixin.py:188} INFO - [2024-01-14T15:48:23.877+0200] {dag.py:3820} INFO - Setting next_dagrun for example_branch_datetime_operator_2 to 2024-01-13T00:00:00+00:00, run_after=2024-01-14T00:00:00+00:00
[2024-01-14T15:48:23.879+0200] {logging_mixin.py:188} INFO - [2024-01-14T15:48:23.879+0200] {dag.py:3820} INFO - Setting next_dagrun for example_branch_datetime_operator_3 to 2024-01-13T00:00:00+00:00, run_after=2024-01-14T00:00:00+00:00
[2024-01-14T15:48:23.898+0200] {processor.py:183} INFO - Processing /home/mahmoud/airflow_env/lib/python3.10/site-packages/airflow/example_dags/example_branch_datetime_operator.py took 0.076 seconds
[2024-01-14T15:49:17.445+0200] {processor.py:161} INFO - Started process (PID=28792) to work on /home/mahmoud/airflow_env/lib/python3.10/site-packages/airflow/example_dags/example_branch_datetime_operator.py
[2024-01-14T15:49:17.447+0200] {processor.py:830} INFO - Processing file /home/mahmoud/airflow_env/lib/python3.10/site-packages/airflow/example_dags/example_branch_datetime_operator.py for tasks to queue
[2024-01-14T15:49:17.448+0200] {logging_mixin.py:188} INFO - [2024-01-14T15:49:17.447+0200] {dagbag.py:538} INFO - Filling up the DagBag from /home/mahmoud/airflow_env/lib/python3.10/site-packages/airflow/example_dags/example_branch_datetime_operator.py
[2024-01-14T15:49:17.456+0200] {processor.py:840} INFO - DAG(s) 'example_branch_datetime_operator', 'example_branch_datetime_operator_2', 'example_branch_datetime_operator_3' retrieved from /home/mahmoud/airflow_env/lib/python3.10/site-packages/airflow/example_dags/example_branch_datetime_operator.py
[2024-01-14T15:49:17.475+0200] {logging_mixin.py:188} INFO - [2024-01-14T15:49:17.475+0200] {dag.py:3033} INFO - Sync 3 DAGs
[2024-01-14T15:49:17.493+0200] {logging_mixin.py:188} INFO - [2024-01-14T15:49:17.492+0200] {dag.py:3820} INFO - Setting next_dagrun for example_branch_datetime_operator to 2024-01-13T00:00:00+00:00, run_after=2024-01-14T00:00:00+00:00
[2024-01-14T15:49:17.496+0200] {logging_mixin.py:188} INFO - [2024-01-14T15:49:17.496+0200] {dag.py:3820} INFO - Setting next_dagrun for example_branch_datetime_operator_2 to 2024-01-13T00:00:00+00:00, run_after=2024-01-14T00:00:00+00:00
[2024-01-14T15:49:17.497+0200] {logging_mixin.py:188} INFO - [2024-01-14T15:49:17.497+0200] {dag.py:3820} INFO - Setting next_dagrun for example_branch_datetime_operator_3 to 2024-01-13T00:00:00+00:00, run_after=2024-01-14T00:00:00+00:00
[2024-01-14T15:49:17.517+0200] {processor.py:183} INFO - Processing /home/mahmoud/airflow_env/lib/python3.10/site-packages/airflow/example_dags/example_branch_datetime_operator.py took 0.074 seconds
[2024-01-14T15:50:10.084+0200] {processor.py:161} INFO - Started process (PID=28999) to work on /home/mahmoud/airflow_env/lib/python3.10/site-packages/airflow/example_dags/example_branch_datetime_operator.py
[2024-01-14T15:50:10.085+0200] {processor.py:830} INFO - Processing file /home/mahmoud/airflow_env/lib/python3.10/site-packages/airflow/example_dags/example_branch_datetime_operator.py for tasks to queue
[2024-01-14T15:50:10.086+0200] {logging_mixin.py:188} INFO - [2024-01-14T15:50:10.085+0200] {dagbag.py:538} INFO - Filling up the DagBag from /home/mahmoud/airflow_env/lib/python3.10/site-packages/airflow/example_dags/example_branch_datetime_operator.py
[2024-01-14T15:50:10.096+0200] {processor.py:840} INFO - DAG(s) 'example_branch_datetime_operator_2', 'example_branch_datetime_operator_3', 'example_branch_datetime_operator' retrieved from /home/mahmoud/airflow_env/lib/python3.10/site-packages/airflow/example_dags/example_branch_datetime_operator.py
[2024-01-14T15:50:10.115+0200] {logging_mixin.py:188} INFO - [2024-01-14T15:50:10.115+0200] {dag.py:3033} INFO - Sync 3 DAGs
[2024-01-14T15:50:10.134+0200] {logging_mixin.py:188} INFO - [2024-01-14T15:50:10.133+0200] {dag.py:3820} INFO - Setting next_dagrun for example_branch_datetime_operator to 2024-01-13T00:00:00+00:00, run_after=2024-01-14T00:00:00+00:00
[2024-01-14T15:50:10.137+0200] {logging_mixin.py:188} INFO - [2024-01-14T15:50:10.137+0200] {dag.py:3820} INFO - Setting next_dagrun for example_branch_datetime_operator_2 to 2024-01-13T00:00:00+00:00, run_after=2024-01-14T00:00:00+00:00
[2024-01-14T15:50:10.138+0200] {logging_mixin.py:188} INFO - [2024-01-14T15:50:10.138+0200] {dag.py:3820} INFO - Setting next_dagrun for example_branch_datetime_operator_3 to 2024-01-13T00:00:00+00:00, run_after=2024-01-14T00:00:00+00:00
[2024-01-14T15:50:10.158+0200] {processor.py:183} INFO - Processing /home/mahmoud/airflow_env/lib/python3.10/site-packages/airflow/example_dags/example_branch_datetime_operator.py took 0.077 seconds
[2024-01-14T15:51:01.837+0200] {processor.py:161} INFO - Started process (PID=29203) to work on /home/mahmoud/airflow_env/lib/python3.10/site-packages/airflow/example_dags/example_branch_datetime_operator.py
[2024-01-14T15:51:01.839+0200] {processor.py:830} INFO - Processing file /home/mahmoud/airflow_env/lib/python3.10/site-packages/airflow/example_dags/example_branch_datetime_operator.py for tasks to queue
[2024-01-14T15:51:01.840+0200] {logging_mixin.py:188} INFO - [2024-01-14T15:51:01.839+0200] {dagbag.py:538} INFO - Filling up the DagBag from /home/mahmoud/airflow_env/lib/python3.10/site-packages/airflow/example_dags/example_branch_datetime_operator.py
[2024-01-14T15:51:01.850+0200] {processor.py:840} INFO - DAG(s) 'example_branch_datetime_operator_3', 'example_branch_datetime_operator', 'example_branch_datetime_operator_2' retrieved from /home/mahmoud/airflow_env/lib/python3.10/site-packages/airflow/example_dags/example_branch_datetime_operator.py
[2024-01-14T15:51:01.868+0200] {logging_mixin.py:188} INFO - [2024-01-14T15:51:01.868+0200] {dag.py:3033} INFO - Sync 3 DAGs
[2024-01-14T15:51:01.886+0200] {logging_mixin.py:188} INFO - [2024-01-14T15:51:01.885+0200] {dag.py:3820} INFO - Setting next_dagrun for example_branch_datetime_operator to 2024-01-13T00:00:00+00:00, run_after=2024-01-14T00:00:00+00:00
[2024-01-14T15:51:01.889+0200] {logging_mixin.py:188} INFO - [2024-01-14T15:51:01.889+0200] {dag.py:3820} INFO - Setting next_dagrun for example_branch_datetime_operator_2 to 2024-01-13T00:00:00+00:00, run_after=2024-01-14T00:00:00+00:00
[2024-01-14T15:51:01.890+0200] {logging_mixin.py:188} INFO - [2024-01-14T15:51:01.890+0200] {dag.py:3820} INFO - Setting next_dagrun for example_branch_datetime_operator_3 to 2024-01-13T00:00:00+00:00, run_after=2024-01-14T00:00:00+00:00
[2024-01-14T15:51:01.909+0200] {processor.py:183} INFO - Processing /home/mahmoud/airflow_env/lib/python3.10/site-packages/airflow/example_dags/example_branch_datetime_operator.py took 0.075 seconds
[2024-01-14T15:51:54.909+0200] {processor.py:161} INFO - Started process (PID=29414) to work on /home/mahmoud/airflow_env/lib/python3.10/site-packages/airflow/example_dags/example_branch_datetime_operator.py
[2024-01-14T15:51:54.911+0200] {processor.py:830} INFO - Processing file /home/mahmoud/airflow_env/lib/python3.10/site-packages/airflow/example_dags/example_branch_datetime_operator.py for tasks to queue
[2024-01-14T15:51:54.912+0200] {logging_mixin.py:188} INFO - [2024-01-14T15:51:54.912+0200] {dagbag.py:538} INFO - Filling up the DagBag from /home/mahmoud/airflow_env/lib/python3.10/site-packages/airflow/example_dags/example_branch_datetime_operator.py
[2024-01-14T15:51:54.921+0200] {processor.py:840} INFO - DAG(s) 'example_branch_datetime_operator_3', 'example_branch_datetime_operator', 'example_branch_datetime_operator_2' retrieved from /home/mahmoud/airflow_env/lib/python3.10/site-packages/airflow/example_dags/example_branch_datetime_operator.py
[2024-01-14T15:51:54.940+0200] {logging_mixin.py:188} INFO - [2024-01-14T15:51:54.940+0200] {dag.py:3033} INFO - Sync 3 DAGs
[2024-01-14T15:51:54.958+0200] {logging_mixin.py:188} INFO - [2024-01-14T15:51:54.958+0200] {dag.py:3820} INFO - Setting next_dagrun for example_branch_datetime_operator to 2024-01-13T00:00:00+00:00, run_after=2024-01-14T00:00:00+00:00
[2024-01-14T15:51:54.961+0200] {logging_mixin.py:188} INFO - [2024-01-14T15:51:54.961+0200] {dag.py:3820} INFO - Setting next_dagrun for example_branch_datetime_operator_2 to 2024-01-13T00:00:00+00:00, run_after=2024-01-14T00:00:00+00:00
[2024-01-14T15:51:54.963+0200] {logging_mixin.py:188} INFO - [2024-01-14T15:51:54.963+0200] {dag.py:3820} INFO - Setting next_dagrun for example_branch_datetime_operator_3 to 2024-01-13T00:00:00+00:00, run_after=2024-01-14T00:00:00+00:00
[2024-01-14T15:51:54.983+0200] {processor.py:183} INFO - Processing /home/mahmoud/airflow_env/lib/python3.10/site-packages/airflow/example_dags/example_branch_datetime_operator.py took 0.077 seconds
[2024-01-14T15:52:44.843+0200] {processor.py:161} INFO - Started process (PID=29638) to work on /home/mahmoud/airflow_env/lib/python3.10/site-packages/airflow/example_dags/example_branch_datetime_operator.py
[2024-01-14T15:52:44.844+0200] {processor.py:830} INFO - Processing file /home/mahmoud/airflow_env/lib/python3.10/site-packages/airflow/example_dags/example_branch_datetime_operator.py for tasks to queue
[2024-01-14T15:52:44.844+0200] {logging_mixin.py:188} INFO - [2024-01-14T15:52:44.844+0200] {dagbag.py:538} INFO - Filling up the DagBag from /home/mahmoud/airflow_env/lib/python3.10/site-packages/airflow/example_dags/example_branch_datetime_operator.py
[2024-01-14T15:52:44.854+0200] {processor.py:840} INFO - DAG(s) 'example_branch_datetime_operator_3', 'example_branch_datetime_operator', 'example_branch_datetime_operator_2' retrieved from /home/mahmoud/airflow_env/lib/python3.10/site-packages/airflow/example_dags/example_branch_datetime_operator.py
[2024-01-14T15:52:44.873+0200] {logging_mixin.py:188} INFO - [2024-01-14T15:52:44.872+0200] {dag.py:3033} INFO - Sync 3 DAGs
[2024-01-14T15:52:44.892+0200] {logging_mixin.py:188} INFO - [2024-01-14T15:52:44.892+0200] {dag.py:3820} INFO - Setting next_dagrun for example_branch_datetime_operator to 2024-01-13T00:00:00+00:00, run_after=2024-01-14T00:00:00+00:00
[2024-01-14T15:52:44.896+0200] {logging_mixin.py:188} INFO - [2024-01-14T15:52:44.895+0200] {dag.py:3820} INFO - Setting next_dagrun for example_branch_datetime_operator_2 to 2024-01-13T00:00:00+00:00, run_after=2024-01-14T00:00:00+00:00
[2024-01-14T15:52:44.897+0200] {logging_mixin.py:188} INFO - [2024-01-14T15:52:44.897+0200] {dag.py:3820} INFO - Setting next_dagrun for example_branch_datetime_operator_3 to 2024-01-13T00:00:00+00:00, run_after=2024-01-14T00:00:00+00:00
[2024-01-14T15:52:44.917+0200] {processor.py:183} INFO - Processing /home/mahmoud/airflow_env/lib/python3.10/site-packages/airflow/example_dags/example_branch_datetime_operator.py took 0.078 seconds
[2024-01-14T15:53:36.955+0200] {processor.py:161} INFO - Started process (PID=29850) to work on /home/mahmoud/airflow_env/lib/python3.10/site-packages/airflow/example_dags/example_branch_datetime_operator.py
[2024-01-14T15:53:36.957+0200] {processor.py:830} INFO - Processing file /home/mahmoud/airflow_env/lib/python3.10/site-packages/airflow/example_dags/example_branch_datetime_operator.py for tasks to queue
[2024-01-14T15:53:36.958+0200] {logging_mixin.py:188} INFO - [2024-01-14T15:53:36.957+0200] {dagbag.py:538} INFO - Filling up the DagBag from /home/mahmoud/airflow_env/lib/python3.10/site-packages/airflow/example_dags/example_branch_datetime_operator.py
[2024-01-14T15:53:36.968+0200] {processor.py:840} INFO - DAG(s) 'example_branch_datetime_operator', 'example_branch_datetime_operator_2', 'example_branch_datetime_operator_3' retrieved from /home/mahmoud/airflow_env/lib/python3.10/site-packages/airflow/example_dags/example_branch_datetime_operator.py
[2024-01-14T15:53:36.987+0200] {logging_mixin.py:188} INFO - [2024-01-14T15:53:36.987+0200] {dag.py:3033} INFO - Sync 3 DAGs
[2024-01-14T15:53:37.006+0200] {logging_mixin.py:188} INFO - [2024-01-14T15:53:37.006+0200] {dag.py:3820} INFO - Setting next_dagrun for example_branch_datetime_operator to 2024-01-13T00:00:00+00:00, run_after=2024-01-14T00:00:00+00:00
[2024-01-14T15:53:37.010+0200] {logging_mixin.py:188} INFO - [2024-01-14T15:53:37.010+0200] {dag.py:3820} INFO - Setting next_dagrun for example_branch_datetime_operator_2 to 2024-01-13T00:00:00+00:00, run_after=2024-01-14T00:00:00+00:00
[2024-01-14T15:53:37.012+0200] {logging_mixin.py:188} INFO - [2024-01-14T15:53:37.012+0200] {dag.py:3820} INFO - Setting next_dagrun for example_branch_datetime_operator_3 to 2024-01-13T00:00:00+00:00, run_after=2024-01-14T00:00:00+00:00
[2024-01-14T15:53:37.031+0200] {processor.py:183} INFO - Processing /home/mahmoud/airflow_env/lib/python3.10/site-packages/airflow/example_dags/example_branch_datetime_operator.py took 0.079 seconds
[2024-01-14T15:55:06.631+0200] {processor.py:161} INFO - Started process (PID=30156) to work on /home/mahmoud/airflow_env/lib/python3.10/site-packages/airflow/example_dags/example_branch_datetime_operator.py
[2024-01-14T15:55:06.635+0200] {processor.py:830} INFO - Processing file /home/mahmoud/airflow_env/lib/python3.10/site-packages/airflow/example_dags/example_branch_datetime_operator.py for tasks to queue
[2024-01-14T15:55:06.637+0200] {logging_mixin.py:188} INFO - [2024-01-14T15:55:06.636+0200] {dagbag.py:538} INFO - Filling up the DagBag from /home/mahmoud/airflow_env/lib/python3.10/site-packages/airflow/example_dags/example_branch_datetime_operator.py
[2024-01-14T15:55:06.677+0200] {processor.py:840} INFO - DAG(s) 'example_branch_datetime_operator_2', 'example_branch_datetime_operator', 'example_branch_datetime_operator_3' retrieved from /home/mahmoud/airflow_env/lib/python3.10/site-packages/airflow/example_dags/example_branch_datetime_operator.py
[2024-01-14T15:55:06.747+0200] {logging_mixin.py:188} INFO - [2024-01-14T15:55:06.746+0200] {dag.py:3033} INFO - Sync 3 DAGs
[2024-01-14T15:55:06.817+0200] {logging_mixin.py:188} INFO - [2024-01-14T15:55:06.817+0200] {dag.py:3820} INFO - Setting next_dagrun for example_branch_datetime_operator to 2024-01-13T00:00:00+00:00, run_after=2024-01-14T00:00:00+00:00
[2024-01-14T15:55:06.832+0200] {logging_mixin.py:188} INFO - [2024-01-14T15:55:06.831+0200] {dag.py:3820} INFO - Setting next_dagrun for example_branch_datetime_operator_2 to 2024-01-13T00:00:00+00:00, run_after=2024-01-14T00:00:00+00:00
[2024-01-14T15:55:06.839+0200] {logging_mixin.py:188} INFO - [2024-01-14T15:55:06.838+0200] {dag.py:3820} INFO - Setting next_dagrun for example_branch_datetime_operator_3 to 2024-01-13T00:00:00+00:00, run_after=2024-01-14T00:00:00+00:00
[2024-01-14T15:55:06.899+0200] {processor.py:183} INFO - Processing /home/mahmoud/airflow_env/lib/python3.10/site-packages/airflow/example_dags/example_branch_datetime_operator.py took 0.278 seconds
[2024-01-14T15:56:11.073+0200] {processor.py:161} INFO - Started process (PID=30380) to work on /home/mahmoud/airflow_env/lib/python3.10/site-packages/airflow/example_dags/example_branch_datetime_operator.py
[2024-01-14T15:56:11.077+0200] {processor.py:830} INFO - Processing file /home/mahmoud/airflow_env/lib/python3.10/site-packages/airflow/example_dags/example_branch_datetime_operator.py for tasks to queue
[2024-01-14T15:56:11.079+0200] {logging_mixin.py:188} INFO - [2024-01-14T15:56:11.078+0200] {dagbag.py:538} INFO - Filling up the DagBag from /home/mahmoud/airflow_env/lib/python3.10/site-packages/airflow/example_dags/example_branch_datetime_operator.py
[2024-01-14T15:56:11.110+0200] {processor.py:840} INFO - DAG(s) 'example_branch_datetime_operator_2', 'example_branch_datetime_operator', 'example_branch_datetime_operator_3' retrieved from /home/mahmoud/airflow_env/lib/python3.10/site-packages/airflow/example_dags/example_branch_datetime_operator.py
[2024-01-14T15:56:11.170+0200] {logging_mixin.py:188} INFO - [2024-01-14T15:56:11.170+0200] {dag.py:3033} INFO - Sync 3 DAGs
[2024-01-14T15:56:11.232+0200] {logging_mixin.py:188} INFO - [2024-01-14T15:56:11.232+0200] {dag.py:3820} INFO - Setting next_dagrun for example_branch_datetime_operator to 2024-01-13T00:00:00+00:00, run_after=2024-01-14T00:00:00+00:00
[2024-01-14T15:56:11.245+0200] {logging_mixin.py:188} INFO - [2024-01-14T15:56:11.244+0200] {dag.py:3820} INFO - Setting next_dagrun for example_branch_datetime_operator_2 to 2024-01-13T00:00:00+00:00, run_after=2024-01-14T00:00:00+00:00
[2024-01-14T15:56:11.251+0200] {logging_mixin.py:188} INFO - [2024-01-14T15:56:11.250+0200] {dag.py:3820} INFO - Setting next_dagrun for example_branch_datetime_operator_3 to 2024-01-13T00:00:00+00:00, run_after=2024-01-14T00:00:00+00:00
[2024-01-14T15:56:11.305+0200] {processor.py:183} INFO - Processing /home/mahmoud/airflow_env/lib/python3.10/site-packages/airflow/example_dags/example_branch_datetime_operator.py took 0.241 seconds
[2024-01-14T15:57:09.292+0200] {processor.py:161} INFO - Started process (PID=30591) to work on /home/mahmoud/airflow_env/lib/python3.10/site-packages/airflow/example_dags/example_branch_datetime_operator.py
[2024-01-14T15:57:09.296+0200] {processor.py:830} INFO - Processing file /home/mahmoud/airflow_env/lib/python3.10/site-packages/airflow/example_dags/example_branch_datetime_operator.py for tasks to queue
[2024-01-14T15:57:09.298+0200] {logging_mixin.py:188} INFO - [2024-01-14T15:57:09.297+0200] {dagbag.py:538} INFO - Filling up the DagBag from /home/mahmoud/airflow_env/lib/python3.10/site-packages/airflow/example_dags/example_branch_datetime_operator.py
[2024-01-14T15:57:09.329+0200] {processor.py:840} INFO - DAG(s) 'example_branch_datetime_operator_3', 'example_branch_datetime_operator', 'example_branch_datetime_operator_2' retrieved from /home/mahmoud/airflow_env/lib/python3.10/site-packages/airflow/example_dags/example_branch_datetime_operator.py
[2024-01-14T15:57:09.390+0200] {logging_mixin.py:188} INFO - [2024-01-14T15:57:09.390+0200] {dag.py:3033} INFO - Sync 3 DAGs
[2024-01-14T15:57:09.453+0200] {logging_mixin.py:188} INFO - [2024-01-14T15:57:09.453+0200] {dag.py:3820} INFO - Setting next_dagrun for example_branch_datetime_operator to 2024-01-13T00:00:00+00:00, run_after=2024-01-14T00:00:00+00:00
[2024-01-14T15:57:09.466+0200] {logging_mixin.py:188} INFO - [2024-01-14T15:57:09.465+0200] {dag.py:3820} INFO - Setting next_dagrun for example_branch_datetime_operator_2 to 2024-01-13T00:00:00+00:00, run_after=2024-01-14T00:00:00+00:00
[2024-01-14T15:57:09.472+0200] {logging_mixin.py:188} INFO - [2024-01-14T15:57:09.471+0200] {dag.py:3820} INFO - Setting next_dagrun for example_branch_datetime_operator_3 to 2024-01-13T00:00:00+00:00, run_after=2024-01-14T00:00:00+00:00
[2024-01-14T15:57:09.529+0200] {processor.py:183} INFO - Processing /home/mahmoud/airflow_env/lib/python3.10/site-packages/airflow/example_dags/example_branch_datetime_operator.py took 0.247 seconds
