[2024-01-14T15:08:52.954+0200] {processor.py:161} INFO - Started process (PID=16299) to work on /home/mahmoud/airflow_env/lib/python3.10/site-packages/airflow/example_dags/example_bash_operator.py
[2024-01-14T15:08:52.955+0200] {processor.py:830} INFO - Processing file /home/mahmoud/airflow_env/lib/python3.10/site-packages/airflow/example_dags/example_bash_operator.py for tasks to queue
[2024-01-14T15:08:52.956+0200] {logging_mixin.py:188} INFO - [2024-01-14T15:08:52.955+0200] {dagbag.py:538} INFO - Filling up the DagBag from /home/mahmoud/airflow_env/lib/python3.10/site-packages/airflow/example_dags/example_bash_operator.py
[2024-01-14T15:08:52.969+0200] {processor.py:840} INFO - DAG(s) 'example_bash_operator' retrieved from /home/mahmoud/airflow_env/lib/python3.10/site-packages/airflow/example_dags/example_bash_operator.py
[2024-01-14T15:08:53.060+0200] {logging_mixin.py:188} INFO - [2024-01-14T15:08:53.059+0200] {override.py:1769} INFO - Created Permission View: can edit on DAG:example_bash_operator
[2024-01-14T15:08:53.073+0200] {logging_mixin.py:188} INFO - [2024-01-14T15:08:53.073+0200] {override.py:1769} INFO - Created Permission View: can delete on DAG:example_bash_operator
[2024-01-14T15:08:53.084+0200] {logging_mixin.py:188} INFO - [2024-01-14T15:08:53.084+0200] {override.py:1769} INFO - Created Permission View: can read on DAG:example_bash_operator
[2024-01-14T15:08:53.084+0200] {logging_mixin.py:188} INFO - [2024-01-14T15:08:53.084+0200] {dag.py:3033} INFO - Sync 1 DAGs
[2024-01-14T15:08:53.093+0200] {logging_mixin.py:188} INFO - [2024-01-14T15:08:53.093+0200] {dag.py:3055} INFO - Creating ORM DAG for example_bash_operator
[2024-01-14T15:08:53.101+0200] {logging_mixin.py:188} INFO - [2024-01-14T15:08:53.101+0200] {dag.py:3820} INFO - Setting next_dagrun for example_bash_operator to 2024-01-13T00:00:00+00:00, run_after=2024-01-14T00:00:00+00:00
[2024-01-14T15:08:53.125+0200] {processor.py:183} INFO - Processing /home/mahmoud/airflow_env/lib/python3.10/site-packages/airflow/example_dags/example_bash_operator.py took 0.175 seconds
[2024-01-14T15:09:53.895+0200] {processor.py:161} INFO - Started process (PID=16641) to work on /home/mahmoud/airflow_env/lib/python3.10/site-packages/airflow/example_dags/example_bash_operator.py
[2024-01-14T15:09:53.898+0200] {processor.py:830} INFO - Processing file /home/mahmoud/airflow_env/lib/python3.10/site-packages/airflow/example_dags/example_bash_operator.py for tasks to queue
[2024-01-14T15:09:53.900+0200] {logging_mixin.py:188} INFO - [2024-01-14T15:09:53.899+0200] {dagbag.py:538} INFO - Filling up the DagBag from /home/mahmoud/airflow_env/lib/python3.10/site-packages/airflow/example_dags/example_bash_operator.py
[2024-01-14T15:09:53.912+0200] {processor.py:840} INFO - DAG(s) 'example_bash_operator' retrieved from /home/mahmoud/airflow_env/lib/python3.10/site-packages/airflow/example_dags/example_bash_operator.py
[2024-01-14T15:09:53.932+0200] {logging_mixin.py:188} INFO - [2024-01-14T15:09:53.932+0200] {dag.py:3033} INFO - Sync 1 DAGs
[2024-01-14T15:09:53.948+0200] {logging_mixin.py:188} INFO - [2024-01-14T15:09:53.948+0200] {dag.py:3820} INFO - Setting next_dagrun for example_bash_operator to 2024-01-13T00:00:00+00:00, run_after=2024-01-14T00:00:00+00:00
[2024-01-14T15:09:53.966+0200] {processor.py:183} INFO - Processing /home/mahmoud/airflow_env/lib/python3.10/site-packages/airflow/example_dags/example_bash_operator.py took 0.078 seconds
[2024-01-14T15:10:52.944+0200] {processor.py:161} INFO - Started process (PID=16886) to work on /home/mahmoud/airflow_env/lib/python3.10/site-packages/airflow/example_dags/example_bash_operator.py
[2024-01-14T15:10:52.944+0200] {processor.py:830} INFO - Processing file /home/mahmoud/airflow_env/lib/python3.10/site-packages/airflow/example_dags/example_bash_operator.py for tasks to queue
[2024-01-14T15:10:52.945+0200] {logging_mixin.py:188} INFO - [2024-01-14T15:10:52.945+0200] {dagbag.py:538} INFO - Filling up the DagBag from /home/mahmoud/airflow_env/lib/python3.10/site-packages/airflow/example_dags/example_bash_operator.py
[2024-01-14T15:10:52.954+0200] {processor.py:840} INFO - DAG(s) 'example_bash_operator' retrieved from /home/mahmoud/airflow_env/lib/python3.10/site-packages/airflow/example_dags/example_bash_operator.py
[2024-01-14T15:10:52.973+0200] {logging_mixin.py:188} INFO - [2024-01-14T15:10:52.973+0200] {dag.py:3033} INFO - Sync 1 DAGs
[2024-01-14T15:10:52.989+0200] {logging_mixin.py:188} INFO - [2024-01-14T15:10:52.989+0200] {dag.py:3820} INFO - Setting next_dagrun for example_bash_operator to 2024-01-13T00:00:00+00:00, run_after=2024-01-14T00:00:00+00:00
[2024-01-14T15:10:53.009+0200] {processor.py:183} INFO - Processing /home/mahmoud/airflow_env/lib/python3.10/site-packages/airflow/example_dags/example_bash_operator.py took 0.068 seconds
[2024-01-14T15:11:50.377+0200] {processor.py:161} INFO - Started process (PID=17152) to work on /home/mahmoud/airflow_env/lib/python3.10/site-packages/airflow/example_dags/example_bash_operator.py
[2024-01-14T15:11:50.379+0200] {processor.py:830} INFO - Processing file /home/mahmoud/airflow_env/lib/python3.10/site-packages/airflow/example_dags/example_bash_operator.py for tasks to queue
[2024-01-14T15:11:50.381+0200] {logging_mixin.py:188} INFO - [2024-01-14T15:11:50.380+0200] {dagbag.py:538} INFO - Filling up the DagBag from /home/mahmoud/airflow_env/lib/python3.10/site-packages/airflow/example_dags/example_bash_operator.py
[2024-01-14T15:11:50.401+0200] {processor.py:840} INFO - DAG(s) 'example_bash_operator' retrieved from /home/mahmoud/airflow_env/lib/python3.10/site-packages/airflow/example_dags/example_bash_operator.py
[2024-01-14T15:11:50.422+0200] {logging_mixin.py:188} INFO - [2024-01-14T15:11:50.421+0200] {dag.py:3033} INFO - Sync 1 DAGs
[2024-01-14T15:11:50.438+0200] {logging_mixin.py:188} INFO - [2024-01-14T15:11:50.438+0200] {dag.py:3820} INFO - Setting next_dagrun for example_bash_operator to 2024-01-13T00:00:00+00:00, run_after=2024-01-14T00:00:00+00:00
[2024-01-14T15:11:50.460+0200] {processor.py:183} INFO - Processing /home/mahmoud/airflow_env/lib/python3.10/site-packages/airflow/example_dags/example_bash_operator.py took 0.090 seconds
[2024-01-14T15:12:43.151+0200] {processor.py:161} INFO - Started process (PID=17359) to work on /home/mahmoud/airflow_env/lib/python3.10/site-packages/airflow/example_dags/example_bash_operator.py
[2024-01-14T15:12:43.154+0200] {processor.py:830} INFO - Processing file /home/mahmoud/airflow_env/lib/python3.10/site-packages/airflow/example_dags/example_bash_operator.py for tasks to queue
[2024-01-14T15:12:43.155+0200] {logging_mixin.py:188} INFO - [2024-01-14T15:12:43.155+0200] {dagbag.py:538} INFO - Filling up the DagBag from /home/mahmoud/airflow_env/lib/python3.10/site-packages/airflow/example_dags/example_bash_operator.py
[2024-01-14T15:12:43.175+0200] {processor.py:840} INFO - DAG(s) 'example_bash_operator' retrieved from /home/mahmoud/airflow_env/lib/python3.10/site-packages/airflow/example_dags/example_bash_operator.py
[2024-01-14T15:12:43.200+0200] {logging_mixin.py:188} INFO - [2024-01-14T15:12:43.200+0200] {dag.py:3033} INFO - Sync 1 DAGs
[2024-01-14T15:12:43.217+0200] {logging_mixin.py:188} INFO - [2024-01-14T15:12:43.216+0200] {dag.py:3820} INFO - Setting next_dagrun for example_bash_operator to 2024-01-13T00:00:00+00:00, run_after=2024-01-14T00:00:00+00:00
[2024-01-14T15:12:43.238+0200] {processor.py:183} INFO - Processing /home/mahmoud/airflow_env/lib/python3.10/site-packages/airflow/example_dags/example_bash_operator.py took 0.093 seconds
[2024-01-14T15:13:37.158+0200] {processor.py:161} INFO - Started process (PID=17603) to work on /home/mahmoud/airflow_env/lib/python3.10/site-packages/airflow/example_dags/example_bash_operator.py
[2024-01-14T15:13:37.160+0200] {processor.py:830} INFO - Processing file /home/mahmoud/airflow_env/lib/python3.10/site-packages/airflow/example_dags/example_bash_operator.py for tasks to queue
[2024-01-14T15:13:37.162+0200] {logging_mixin.py:188} INFO - [2024-01-14T15:13:37.161+0200] {dagbag.py:538} INFO - Filling up the DagBag from /home/mahmoud/airflow_env/lib/python3.10/site-packages/airflow/example_dags/example_bash_operator.py
[2024-01-14T15:13:37.178+0200] {processor.py:840} INFO - DAG(s) 'example_bash_operator' retrieved from /home/mahmoud/airflow_env/lib/python3.10/site-packages/airflow/example_dags/example_bash_operator.py
[2024-01-14T15:13:37.202+0200] {logging_mixin.py:188} INFO - [2024-01-14T15:13:37.202+0200] {dag.py:3033} INFO - Sync 1 DAGs
[2024-01-14T15:13:37.221+0200] {logging_mixin.py:188} INFO - [2024-01-14T15:13:37.221+0200] {dag.py:3820} INFO - Setting next_dagrun for example_bash_operator to 2024-01-13T00:00:00+00:00, run_after=2024-01-14T00:00:00+00:00
[2024-01-14T15:13:37.245+0200] {processor.py:183} INFO - Processing /home/mahmoud/airflow_env/lib/python3.10/site-packages/airflow/example_dags/example_bash_operator.py took 0.093 seconds
[2024-01-14T15:20:40.025+0200] {processor.py:161} INFO - Started process (PID=19615) to work on /home/mahmoud/airflow_env/lib/python3.10/site-packages/airflow/example_dags/example_bash_operator.py
[2024-01-14T15:20:40.027+0200] {processor.py:830} INFO - Processing file /home/mahmoud/airflow_env/lib/python3.10/site-packages/airflow/example_dags/example_bash_operator.py for tasks to queue
[2024-01-14T15:20:40.029+0200] {logging_mixin.py:188} INFO - [2024-01-14T15:20:40.028+0200] {dagbag.py:538} INFO - Filling up the DagBag from /home/mahmoud/airflow_env/lib/python3.10/site-packages/airflow/example_dags/example_bash_operator.py
[2024-01-14T15:20:40.049+0200] {processor.py:840} INFO - DAG(s) 'example_bash_operator' retrieved from /home/mahmoud/airflow_env/lib/python3.10/site-packages/airflow/example_dags/example_bash_operator.py
[2024-01-14T15:20:40.074+0200] {logging_mixin.py:188} INFO - [2024-01-14T15:20:40.074+0200] {dag.py:3033} INFO - Sync 1 DAGs
[2024-01-14T15:20:40.092+0200] {logging_mixin.py:188} INFO - [2024-01-14T15:20:40.092+0200] {dag.py:3820} INFO - Setting next_dagrun for example_bash_operator to 2024-01-13T00:00:00+00:00, run_after=2024-01-14T00:00:00+00:00
[2024-01-14T15:20:40.113+0200] {processor.py:183} INFO - Processing /home/mahmoud/airflow_env/lib/python3.10/site-packages/airflow/example_dags/example_bash_operator.py took 0.096 seconds
[2024-01-14T15:21:39.579+0200] {processor.py:161} INFO - Started process (PID=19849) to work on /home/mahmoud/airflow_env/lib/python3.10/site-packages/airflow/example_dags/example_bash_operator.py
[2024-01-14T15:21:39.580+0200] {processor.py:830} INFO - Processing file /home/mahmoud/airflow_env/lib/python3.10/site-packages/airflow/example_dags/example_bash_operator.py for tasks to queue
[2024-01-14T15:21:39.581+0200] {logging_mixin.py:188} INFO - [2024-01-14T15:21:39.581+0200] {dagbag.py:538} INFO - Filling up the DagBag from /home/mahmoud/airflow_env/lib/python3.10/site-packages/airflow/example_dags/example_bash_operator.py
[2024-01-14T15:21:39.593+0200] {processor.py:840} INFO - DAG(s) 'example_bash_operator' retrieved from /home/mahmoud/airflow_env/lib/python3.10/site-packages/airflow/example_dags/example_bash_operator.py
[2024-01-14T15:21:39.613+0200] {logging_mixin.py:188} INFO - [2024-01-14T15:21:39.613+0200] {dag.py:3033} INFO - Sync 1 DAGs
[2024-01-14T15:21:39.629+0200] {logging_mixin.py:188} INFO - [2024-01-14T15:21:39.629+0200] {dag.py:3820} INFO - Setting next_dagrun for example_bash_operator to 2024-01-13T00:00:00+00:00, run_after=2024-01-14T00:00:00+00:00
[2024-01-14T15:21:39.652+0200] {processor.py:183} INFO - Processing /home/mahmoud/airflow_env/lib/python3.10/site-packages/airflow/example_dags/example_bash_operator.py took 0.076 seconds
[2024-01-14T15:22:35.406+0200] {processor.py:161} INFO - Started process (PID=20069) to work on /home/mahmoud/airflow_env/lib/python3.10/site-packages/airflow/example_dags/example_bash_operator.py
[2024-01-14T15:22:35.409+0200] {processor.py:830} INFO - Processing file /home/mahmoud/airflow_env/lib/python3.10/site-packages/airflow/example_dags/example_bash_operator.py for tasks to queue
[2024-01-14T15:22:35.411+0200] {logging_mixin.py:188} INFO - [2024-01-14T15:22:35.410+0200] {dagbag.py:538} INFO - Filling up the DagBag from /home/mahmoud/airflow_env/lib/python3.10/site-packages/airflow/example_dags/example_bash_operator.py
[2024-01-14T15:22:35.426+0200] {processor.py:840} INFO - DAG(s) 'example_bash_operator' retrieved from /home/mahmoud/airflow_env/lib/python3.10/site-packages/airflow/example_dags/example_bash_operator.py
[2024-01-14T15:22:35.449+0200] {logging_mixin.py:188} INFO - [2024-01-14T15:22:35.448+0200] {dag.py:3033} INFO - Sync 1 DAGs
[2024-01-14T15:22:35.466+0200] {logging_mixin.py:188} INFO - [2024-01-14T15:22:35.466+0200] {dag.py:3820} INFO - Setting next_dagrun for example_bash_operator to 2024-01-13T00:00:00+00:00, run_after=2024-01-14T00:00:00+00:00
[2024-01-14T15:22:35.485+0200] {processor.py:183} INFO - Processing /home/mahmoud/airflow_env/lib/python3.10/site-packages/airflow/example_dags/example_bash_operator.py took 0.086 seconds
[2024-01-14T15:38:31.162+0200] {processor.py:161} INFO - Started process (PID=24800) to work on /home/mahmoud/airflow_env/lib/python3.10/site-packages/airflow/example_dags/example_bash_operator.py
[2024-01-14T15:38:31.163+0200] {processor.py:830} INFO - Processing file /home/mahmoud/airflow_env/lib/python3.10/site-packages/airflow/example_dags/example_bash_operator.py for tasks to queue
[2024-01-14T15:38:31.164+0200] {logging_mixin.py:188} INFO - [2024-01-14T15:38:31.164+0200] {dagbag.py:538} INFO - Filling up the DagBag from /home/mahmoud/airflow_env/lib/python3.10/site-packages/airflow/example_dags/example_bash_operator.py
[2024-01-14T15:38:31.175+0200] {processor.py:840} INFO - DAG(s) 'example_bash_operator' retrieved from /home/mahmoud/airflow_env/lib/python3.10/site-packages/airflow/example_dags/example_bash_operator.py
[2024-01-14T15:38:31.195+0200] {logging_mixin.py:188} INFO - [2024-01-14T15:38:31.195+0200] {dag.py:3033} INFO - Sync 1 DAGs
[2024-01-14T15:38:31.213+0200] {logging_mixin.py:188} INFO - [2024-01-14T15:38:31.213+0200] {dag.py:3820} INFO - Setting next_dagrun for example_bash_operator to 2024-01-13T00:00:00+00:00, run_after=2024-01-14T00:00:00+00:00
[2024-01-14T15:38:31.233+0200] {processor.py:183} INFO - Processing /home/mahmoud/airflow_env/lib/python3.10/site-packages/airflow/example_dags/example_bash_operator.py took 0.074 seconds
[2024-01-14T15:39:27.861+0200] {processor.py:161} INFO - Started process (PID=25165) to work on /home/mahmoud/airflow_env/lib/python3.10/site-packages/airflow/example_dags/example_bash_operator.py
[2024-01-14T15:39:27.864+0200] {processor.py:830} INFO - Processing file /home/mahmoud/airflow_env/lib/python3.10/site-packages/airflow/example_dags/example_bash_operator.py for tasks to queue
[2024-01-14T15:39:27.865+0200] {logging_mixin.py:188} INFO - [2024-01-14T15:39:27.865+0200] {dagbag.py:538} INFO - Filling up the DagBag from /home/mahmoud/airflow_env/lib/python3.10/site-packages/airflow/example_dags/example_bash_operator.py
[2024-01-14T15:39:27.879+0200] {processor.py:840} INFO - DAG(s) 'example_bash_operator' retrieved from /home/mahmoud/airflow_env/lib/python3.10/site-packages/airflow/example_dags/example_bash_operator.py
[2024-01-14T15:39:27.901+0200] {logging_mixin.py:188} INFO - [2024-01-14T15:39:27.901+0200] {dag.py:3033} INFO - Sync 1 DAGs
[2024-01-14T15:39:27.923+0200] {logging_mixin.py:188} INFO - [2024-01-14T15:39:27.923+0200] {dag.py:3820} INFO - Setting next_dagrun for example_bash_operator to 2024-01-13T00:00:00+00:00, run_after=2024-01-14T00:00:00+00:00
[2024-01-14T15:39:27.951+0200] {processor.py:183} INFO - Processing /home/mahmoud/airflow_env/lib/python3.10/site-packages/airflow/example_dags/example_bash_operator.py took 0.094 seconds
[2024-01-14T15:40:17.780+0200] {processor.py:161} INFO - Started process (PID=25361) to work on /home/mahmoud/airflow_env/lib/python3.10/site-packages/airflow/example_dags/example_bash_operator.py
[2024-01-14T15:40:17.781+0200] {processor.py:830} INFO - Processing file /home/mahmoud/airflow_env/lib/python3.10/site-packages/airflow/example_dags/example_bash_operator.py for tasks to queue
[2024-01-14T15:40:17.781+0200] {logging_mixin.py:188} INFO - [2024-01-14T15:40:17.781+0200] {dagbag.py:538} INFO - Filling up the DagBag from /home/mahmoud/airflow_env/lib/python3.10/site-packages/airflow/example_dags/example_bash_operator.py
[2024-01-14T15:40:17.794+0200] {processor.py:840} INFO - DAG(s) 'example_bash_operator' retrieved from /home/mahmoud/airflow_env/lib/python3.10/site-packages/airflow/example_dags/example_bash_operator.py
[2024-01-14T15:40:17.813+0200] {logging_mixin.py:188} INFO - [2024-01-14T15:40:17.813+0200] {dag.py:3033} INFO - Sync 1 DAGs
[2024-01-14T15:40:17.831+0200] {logging_mixin.py:188} INFO - [2024-01-14T15:40:17.831+0200] {dag.py:3820} INFO - Setting next_dagrun for example_bash_operator to 2024-01-13T00:00:00+00:00, run_after=2024-01-14T00:00:00+00:00
[2024-01-14T15:40:17.857+0200] {processor.py:183} INFO - Processing /home/mahmoud/airflow_env/lib/python3.10/site-packages/airflow/example_dags/example_bash_operator.py took 0.079 seconds
[2024-01-14T15:41:14.291+0200] {processor.py:161} INFO - Started process (PID=25650) to work on /home/mahmoud/airflow_env/lib/python3.10/site-packages/airflow/example_dags/example_bash_operator.py
[2024-01-14T15:41:14.308+0200] {processor.py:830} INFO - Processing file /home/mahmoud/airflow_env/lib/python3.10/site-packages/airflow/example_dags/example_bash_operator.py for tasks to queue
[2024-01-14T15:41:14.308+0200] {logging_mixin.py:188} INFO - [2024-01-14T15:41:14.308+0200] {dagbag.py:538} INFO - Filling up the DagBag from /home/mahmoud/airflow_env/lib/python3.10/site-packages/airflow/example_dags/example_bash_operator.py
[2024-01-14T15:41:14.317+0200] {processor.py:840} INFO - DAG(s) 'example_bash_operator' retrieved from /home/mahmoud/airflow_env/lib/python3.10/site-packages/airflow/example_dags/example_bash_operator.py
[2024-01-14T15:41:14.335+0200] {logging_mixin.py:188} INFO - [2024-01-14T15:41:14.335+0200] {dag.py:3033} INFO - Sync 1 DAGs
[2024-01-14T15:41:14.358+0200] {logging_mixin.py:188} INFO - [2024-01-14T15:41:14.357+0200] {dag.py:3820} INFO - Setting next_dagrun for example_bash_operator to 2024-01-13T00:00:00+00:00, run_after=2024-01-14T00:00:00+00:00
[2024-01-14T15:41:14.380+0200] {processor.py:183} INFO - Processing /home/mahmoud/airflow_env/lib/python3.10/site-packages/airflow/example_dags/example_bash_operator.py took 0.093 seconds
[2024-01-14T15:42:06.130+0200] {processor.py:161} INFO - Started process (PID=25853) to work on /home/mahmoud/airflow_env/lib/python3.10/site-packages/airflow/example_dags/example_bash_operator.py
[2024-01-14T15:42:06.132+0200] {processor.py:830} INFO - Processing file /home/mahmoud/airflow_env/lib/python3.10/site-packages/airflow/example_dags/example_bash_operator.py for tasks to queue
[2024-01-14T15:42:06.133+0200] {logging_mixin.py:188} INFO - [2024-01-14T15:42:06.133+0200] {dagbag.py:538} INFO - Filling up the DagBag from /home/mahmoud/airflow_env/lib/python3.10/site-packages/airflow/example_dags/example_bash_operator.py
[2024-01-14T15:42:06.148+0200] {processor.py:840} INFO - DAG(s) 'example_bash_operator' retrieved from /home/mahmoud/airflow_env/lib/python3.10/site-packages/airflow/example_dags/example_bash_operator.py
[2024-01-14T15:42:06.171+0200] {logging_mixin.py:188} INFO - [2024-01-14T15:42:06.171+0200] {dag.py:3033} INFO - Sync 1 DAGs
[2024-01-14T15:42:06.193+0200] {logging_mixin.py:188} INFO - [2024-01-14T15:42:06.192+0200] {dag.py:3820} INFO - Setting next_dagrun for example_bash_operator to 2024-01-13T00:00:00+00:00, run_after=2024-01-14T00:00:00+00:00
[2024-01-14T15:42:06.220+0200] {processor.py:183} INFO - Processing /home/mahmoud/airflow_env/lib/python3.10/site-packages/airflow/example_dags/example_bash_operator.py took 0.095 seconds
[2024-01-14T15:43:36.381+0200] {processor.py:161} INFO - Started process (PID=26771) to work on /home/mahmoud/airflow_env/lib/python3.10/site-packages/airflow/example_dags/example_bash_operator.py
[2024-01-14T15:43:36.384+0200] {processor.py:830} INFO - Processing file /home/mahmoud/airflow_env/lib/python3.10/site-packages/airflow/example_dags/example_bash_operator.py for tasks to queue
[2024-01-14T15:43:36.385+0200] {logging_mixin.py:188} INFO - [2024-01-14T15:43:36.385+0200] {dagbag.py:538} INFO - Filling up the DagBag from /home/mahmoud/airflow_env/lib/python3.10/site-packages/airflow/example_dags/example_bash_operator.py
[2024-01-14T15:43:36.401+0200] {processor.py:840} INFO - DAG(s) 'example_bash_operator' retrieved from /home/mahmoud/airflow_env/lib/python3.10/site-packages/airflow/example_dags/example_bash_operator.py
[2024-01-14T15:43:36.423+0200] {logging_mixin.py:188} INFO - [2024-01-14T15:43:36.423+0200] {dag.py:3033} INFO - Sync 1 DAGs
[2024-01-14T15:43:36.441+0200] {logging_mixin.py:188} INFO - [2024-01-14T15:43:36.441+0200] {dag.py:3820} INFO - Setting next_dagrun for example_bash_operator to 2024-01-13T00:00:00+00:00, run_after=2024-01-14T00:00:00+00:00
[2024-01-14T15:43:36.463+0200] {processor.py:183} INFO - Processing /home/mahmoud/airflow_env/lib/python3.10/site-packages/airflow/example_dags/example_bash_operator.py took 0.088 seconds
[2024-01-14T15:44:42.604+0200] {processor.py:161} INFO - Started process (PID=27509) to work on /home/mahmoud/airflow_env/lib/python3.10/site-packages/airflow/example_dags/example_bash_operator.py
[2024-01-14T15:44:42.607+0200] {processor.py:830} INFO - Processing file /home/mahmoud/airflow_env/lib/python3.10/site-packages/airflow/example_dags/example_bash_operator.py for tasks to queue
[2024-01-14T15:44:42.609+0200] {logging_mixin.py:188} INFO - [2024-01-14T15:44:42.608+0200] {dagbag.py:538} INFO - Filling up the DagBag from /home/mahmoud/airflow_env/lib/python3.10/site-packages/airflow/example_dags/example_bash_operator.py
[2024-01-14T15:44:42.629+0200] {processor.py:840} INFO - DAG(s) 'example_bash_operator' retrieved from /home/mahmoud/airflow_env/lib/python3.10/site-packages/airflow/example_dags/example_bash_operator.py
[2024-01-14T15:44:42.653+0200] {logging_mixin.py:188} INFO - [2024-01-14T15:44:42.653+0200] {dag.py:3033} INFO - Sync 1 DAGs
[2024-01-14T15:44:42.669+0200] {logging_mixin.py:188} INFO - [2024-01-14T15:44:42.669+0200] {dag.py:3820} INFO - Setting next_dagrun for example_bash_operator to 2024-01-13T00:00:00+00:00, run_after=2024-01-14T00:00:00+00:00
[2024-01-14T15:44:42.691+0200] {processor.py:183} INFO - Processing /home/mahmoud/airflow_env/lib/python3.10/site-packages/airflow/example_dags/example_bash_operator.py took 0.096 seconds
[2024-01-14T15:45:43.776+0200] {processor.py:161} INFO - Started process (PID=27857) to work on /home/mahmoud/airflow_env/lib/python3.10/site-packages/airflow/example_dags/example_bash_operator.py
[2024-01-14T15:45:43.778+0200] {processor.py:830} INFO - Processing file /home/mahmoud/airflow_env/lib/python3.10/site-packages/airflow/example_dags/example_bash_operator.py for tasks to queue
[2024-01-14T15:45:43.779+0200] {logging_mixin.py:188} INFO - [2024-01-14T15:45:43.779+0200] {dagbag.py:538} INFO - Filling up the DagBag from /home/mahmoud/airflow_env/lib/python3.10/site-packages/airflow/example_dags/example_bash_operator.py
[2024-01-14T15:45:43.790+0200] {processor.py:840} INFO - DAG(s) 'example_bash_operator' retrieved from /home/mahmoud/airflow_env/lib/python3.10/site-packages/airflow/example_dags/example_bash_operator.py
[2024-01-14T15:45:43.822+0200] {logging_mixin.py:188} INFO - [2024-01-14T15:45:43.822+0200] {dag.py:3033} INFO - Sync 1 DAGs
[2024-01-14T15:45:43.840+0200] {logging_mixin.py:188} INFO - [2024-01-14T15:45:43.840+0200] {dag.py:3820} INFO - Setting next_dagrun for example_bash_operator to 2024-01-13T00:00:00+00:00, run_after=2024-01-14T00:00:00+00:00
[2024-01-14T15:45:43.863+0200] {processor.py:183} INFO - Processing /home/mahmoud/airflow_env/lib/python3.10/site-packages/airflow/example_dags/example_bash_operator.py took 0.091 seconds
[2024-01-14T15:46:37.166+0200] {processor.py:161} INFO - Started process (PID=28068) to work on /home/mahmoud/airflow_env/lib/python3.10/site-packages/airflow/example_dags/example_bash_operator.py
[2024-01-14T15:46:37.183+0200] {processor.py:830} INFO - Processing file /home/mahmoud/airflow_env/lib/python3.10/site-packages/airflow/example_dags/example_bash_operator.py for tasks to queue
[2024-01-14T15:46:37.184+0200] {logging_mixin.py:188} INFO - [2024-01-14T15:46:37.183+0200] {dagbag.py:538} INFO - Filling up the DagBag from /home/mahmoud/airflow_env/lib/python3.10/site-packages/airflow/example_dags/example_bash_operator.py
[2024-01-14T15:46:37.193+0200] {processor.py:840} INFO - DAG(s) 'example_bash_operator' retrieved from /home/mahmoud/airflow_env/lib/python3.10/site-packages/airflow/example_dags/example_bash_operator.py
[2024-01-14T15:46:37.215+0200] {logging_mixin.py:188} INFO - [2024-01-14T15:46:37.215+0200] {dag.py:3033} INFO - Sync 1 DAGs
[2024-01-14T15:46:37.237+0200] {logging_mixin.py:188} INFO - [2024-01-14T15:46:37.237+0200] {dag.py:3820} INFO - Setting next_dagrun for example_bash_operator to 2024-01-13T00:00:00+00:00, run_after=2024-01-14T00:00:00+00:00
[2024-01-14T15:46:37.264+0200] {processor.py:183} INFO - Processing /home/mahmoud/airflow_env/lib/python3.10/site-packages/airflow/example_dags/example_bash_operator.py took 0.101 seconds
[2024-01-14T15:47:31.010+0200] {processor.py:161} INFO - Started process (PID=28345) to work on /home/mahmoud/airflow_env/lib/python3.10/site-packages/airflow/example_dags/example_bash_operator.py
[2024-01-14T15:47:31.012+0200] {processor.py:830} INFO - Processing file /home/mahmoud/airflow_env/lib/python3.10/site-packages/airflow/example_dags/example_bash_operator.py for tasks to queue
[2024-01-14T15:47:31.013+0200] {logging_mixin.py:188} INFO - [2024-01-14T15:47:31.013+0200] {dagbag.py:538} INFO - Filling up the DagBag from /home/mahmoud/airflow_env/lib/python3.10/site-packages/airflow/example_dags/example_bash_operator.py
[2024-01-14T15:47:31.032+0200] {processor.py:840} INFO - DAG(s) 'example_bash_operator' retrieved from /home/mahmoud/airflow_env/lib/python3.10/site-packages/airflow/example_dags/example_bash_operator.py
[2024-01-14T15:47:31.055+0200] {logging_mixin.py:188} INFO - [2024-01-14T15:47:31.055+0200] {dag.py:3033} INFO - Sync 1 DAGs
[2024-01-14T15:47:31.072+0200] {logging_mixin.py:188} INFO - [2024-01-14T15:47:31.072+0200] {dag.py:3820} INFO - Setting next_dagrun for example_bash_operator to 2024-01-13T00:00:00+00:00, run_after=2024-01-14T00:00:00+00:00
[2024-01-14T15:47:31.095+0200] {processor.py:183} INFO - Processing /home/mahmoud/airflow_env/lib/python3.10/site-packages/airflow/example_dags/example_bash_operator.py took 0.091 seconds
[2024-01-14T15:48:22.696+0200] {processor.py:161} INFO - Started process (PID=28576) to work on /home/mahmoud/airflow_env/lib/python3.10/site-packages/airflow/example_dags/example_bash_operator.py
[2024-01-14T15:48:22.699+0200] {processor.py:830} INFO - Processing file /home/mahmoud/airflow_env/lib/python3.10/site-packages/airflow/example_dags/example_bash_operator.py for tasks to queue
[2024-01-14T15:48:22.701+0200] {logging_mixin.py:188} INFO - [2024-01-14T15:48:22.700+0200] {dagbag.py:538} INFO - Filling up the DagBag from /home/mahmoud/airflow_env/lib/python3.10/site-packages/airflow/example_dags/example_bash_operator.py
[2024-01-14T15:48:22.718+0200] {processor.py:840} INFO - DAG(s) 'example_bash_operator' retrieved from /home/mahmoud/airflow_env/lib/python3.10/site-packages/airflow/example_dags/example_bash_operator.py
[2024-01-14T15:48:22.741+0200] {logging_mixin.py:188} INFO - [2024-01-14T15:48:22.741+0200] {dag.py:3033} INFO - Sync 1 DAGs
[2024-01-14T15:48:22.757+0200] {logging_mixin.py:188} INFO - [2024-01-14T15:48:22.757+0200] {dag.py:3820} INFO - Setting next_dagrun for example_bash_operator to 2024-01-13T00:00:00+00:00, run_after=2024-01-14T00:00:00+00:00
[2024-01-14T15:48:22.777+0200] {processor.py:183} INFO - Processing /home/mahmoud/airflow_env/lib/python3.10/site-packages/airflow/example_dags/example_bash_operator.py took 0.088 seconds
[2024-01-14T15:49:16.301+0200] {processor.py:161} INFO - Started process (PID=28787) to work on /home/mahmoud/airflow_env/lib/python3.10/site-packages/airflow/example_dags/example_bash_operator.py
[2024-01-14T15:49:16.303+0200] {processor.py:830} INFO - Processing file /home/mahmoud/airflow_env/lib/python3.10/site-packages/airflow/example_dags/example_bash_operator.py for tasks to queue
[2024-01-14T15:49:16.304+0200] {logging_mixin.py:188} INFO - [2024-01-14T15:49:16.303+0200] {dagbag.py:538} INFO - Filling up the DagBag from /home/mahmoud/airflow_env/lib/python3.10/site-packages/airflow/example_dags/example_bash_operator.py
[2024-01-14T15:49:16.316+0200] {processor.py:840} INFO - DAG(s) 'example_bash_operator' retrieved from /home/mahmoud/airflow_env/lib/python3.10/site-packages/airflow/example_dags/example_bash_operator.py
[2024-01-14T15:49:16.337+0200] {logging_mixin.py:188} INFO - [2024-01-14T15:49:16.337+0200] {dag.py:3033} INFO - Sync 1 DAGs
[2024-01-14T15:49:16.354+0200] {logging_mixin.py:188} INFO - [2024-01-14T15:49:16.354+0200] {dag.py:3820} INFO - Setting next_dagrun for example_bash_operator to 2024-01-13T00:00:00+00:00, run_after=2024-01-14T00:00:00+00:00
[2024-01-14T15:49:16.376+0200] {processor.py:183} INFO - Processing /home/mahmoud/airflow_env/lib/python3.10/site-packages/airflow/example_dags/example_bash_operator.py took 0.079 seconds
[2024-01-14T15:50:08.938+0200] {processor.py:161} INFO - Started process (PID=28995) to work on /home/mahmoud/airflow_env/lib/python3.10/site-packages/airflow/example_dags/example_bash_operator.py
[2024-01-14T15:50:08.940+0200] {processor.py:830} INFO - Processing file /home/mahmoud/airflow_env/lib/python3.10/site-packages/airflow/example_dags/example_bash_operator.py for tasks to queue
[2024-01-14T15:50:08.940+0200] {logging_mixin.py:188} INFO - [2024-01-14T15:50:08.940+0200] {dagbag.py:538} INFO - Filling up the DagBag from /home/mahmoud/airflow_env/lib/python3.10/site-packages/airflow/example_dags/example_bash_operator.py
[2024-01-14T15:50:08.949+0200] {processor.py:840} INFO - DAG(s) 'example_bash_operator' retrieved from /home/mahmoud/airflow_env/lib/python3.10/site-packages/airflow/example_dags/example_bash_operator.py
[2024-01-14T15:50:08.968+0200] {logging_mixin.py:188} INFO - [2024-01-14T15:50:08.968+0200] {dag.py:3033} INFO - Sync 1 DAGs
[2024-01-14T15:50:08.984+0200] {logging_mixin.py:188} INFO - [2024-01-14T15:50:08.984+0200] {dag.py:3820} INFO - Setting next_dagrun for example_bash_operator to 2024-01-13T00:00:00+00:00, run_after=2024-01-14T00:00:00+00:00
[2024-01-14T15:50:09.006+0200] {processor.py:183} INFO - Processing /home/mahmoud/airflow_env/lib/python3.10/site-packages/airflow/example_dags/example_bash_operator.py took 0.070 seconds
[2024-01-14T15:51:00.694+0200] {processor.py:161} INFO - Started process (PID=29202) to work on /home/mahmoud/airflow_env/lib/python3.10/site-packages/airflow/example_dags/example_bash_operator.py
[2024-01-14T15:51:00.696+0200] {processor.py:830} INFO - Processing file /home/mahmoud/airflow_env/lib/python3.10/site-packages/airflow/example_dags/example_bash_operator.py for tasks to queue
[2024-01-14T15:51:00.697+0200] {logging_mixin.py:188} INFO - [2024-01-14T15:51:00.696+0200] {dagbag.py:538} INFO - Filling up the DagBag from /home/mahmoud/airflow_env/lib/python3.10/site-packages/airflow/example_dags/example_bash_operator.py
[2024-01-14T15:51:00.707+0200] {processor.py:840} INFO - DAG(s) 'example_bash_operator' retrieved from /home/mahmoud/airflow_env/lib/python3.10/site-packages/airflow/example_dags/example_bash_operator.py
[2024-01-14T15:51:00.728+0200] {logging_mixin.py:188} INFO - [2024-01-14T15:51:00.728+0200] {dag.py:3033} INFO - Sync 1 DAGs
[2024-01-14T15:51:00.746+0200] {logging_mixin.py:188} INFO - [2024-01-14T15:51:00.746+0200] {dag.py:3820} INFO - Setting next_dagrun for example_bash_operator to 2024-01-13T00:00:00+00:00, run_after=2024-01-14T00:00:00+00:00
[2024-01-14T15:51:00.768+0200] {processor.py:183} INFO - Processing /home/mahmoud/airflow_env/lib/python3.10/site-packages/airflow/example_dags/example_bash_operator.py took 0.077 seconds
[2024-01-14T15:51:53.777+0200] {processor.py:161} INFO - Started process (PID=29407) to work on /home/mahmoud/airflow_env/lib/python3.10/site-packages/airflow/example_dags/example_bash_operator.py
[2024-01-14T15:51:53.779+0200] {processor.py:830} INFO - Processing file /home/mahmoud/airflow_env/lib/python3.10/site-packages/airflow/example_dags/example_bash_operator.py for tasks to queue
[2024-01-14T15:51:53.780+0200] {logging_mixin.py:188} INFO - [2024-01-14T15:51:53.779+0200] {dagbag.py:538} INFO - Filling up the DagBag from /home/mahmoud/airflow_env/lib/python3.10/site-packages/airflow/example_dags/example_bash_operator.py
[2024-01-14T15:51:53.790+0200] {processor.py:840} INFO - DAG(s) 'example_bash_operator' retrieved from /home/mahmoud/airflow_env/lib/python3.10/site-packages/airflow/example_dags/example_bash_operator.py
[2024-01-14T15:51:53.811+0200] {logging_mixin.py:188} INFO - [2024-01-14T15:51:53.811+0200] {dag.py:3033} INFO - Sync 1 DAGs
[2024-01-14T15:51:53.831+0200] {logging_mixin.py:188} INFO - [2024-01-14T15:51:53.831+0200] {dag.py:3820} INFO - Setting next_dagrun for example_bash_operator to 2024-01-13T00:00:00+00:00, run_after=2024-01-14T00:00:00+00:00
[2024-01-14T15:51:53.853+0200] {processor.py:183} INFO - Processing /home/mahmoud/airflow_env/lib/python3.10/site-packages/airflow/example_dags/example_bash_operator.py took 0.079 seconds
[2024-01-14T15:52:43.709+0200] {processor.py:161} INFO - Started process (PID=29637) to work on /home/mahmoud/airflow_env/lib/python3.10/site-packages/airflow/example_dags/example_bash_operator.py
[2024-01-14T15:52:43.711+0200] {processor.py:830} INFO - Processing file /home/mahmoud/airflow_env/lib/python3.10/site-packages/airflow/example_dags/example_bash_operator.py for tasks to queue
[2024-01-14T15:52:43.712+0200] {logging_mixin.py:188} INFO - [2024-01-14T15:52:43.712+0200] {dagbag.py:538} INFO - Filling up the DagBag from /home/mahmoud/airflow_env/lib/python3.10/site-packages/airflow/example_dags/example_bash_operator.py
[2024-01-14T15:52:43.723+0200] {processor.py:840} INFO - DAG(s) 'example_bash_operator' retrieved from /home/mahmoud/airflow_env/lib/python3.10/site-packages/airflow/example_dags/example_bash_operator.py
[2024-01-14T15:52:43.745+0200] {logging_mixin.py:188} INFO - [2024-01-14T15:52:43.745+0200] {dag.py:3033} INFO - Sync 1 DAGs
[2024-01-14T15:52:43.764+0200] {logging_mixin.py:188} INFO - [2024-01-14T15:52:43.764+0200] {dag.py:3820} INFO - Setting next_dagrun for example_bash_operator to 2024-01-13T00:00:00+00:00, run_after=2024-01-14T00:00:00+00:00
[2024-01-14T15:52:43.785+0200] {processor.py:183} INFO - Processing /home/mahmoud/airflow_env/lib/python3.10/site-packages/airflow/example_dags/example_bash_operator.py took 0.079 seconds
[2024-01-14T15:53:36.288+0200] {processor.py:161} INFO - Started process (PID=29843) to work on /home/mahmoud/airflow_env/lib/python3.10/site-packages/airflow/example_dags/example_bash_operator.py
[2024-01-14T15:53:36.290+0200] {processor.py:830} INFO - Processing file /home/mahmoud/airflow_env/lib/python3.10/site-packages/airflow/example_dags/example_bash_operator.py for tasks to queue
[2024-01-14T15:53:36.291+0200] {logging_mixin.py:188} INFO - [2024-01-14T15:53:36.291+0200] {dagbag.py:538} INFO - Filling up the DagBag from /home/mahmoud/airflow_env/lib/python3.10/site-packages/airflow/example_dags/example_bash_operator.py
[2024-01-14T15:53:36.303+0200] {processor.py:840} INFO - DAG(s) 'example_bash_operator' retrieved from /home/mahmoud/airflow_env/lib/python3.10/site-packages/airflow/example_dags/example_bash_operator.py
[2024-01-14T15:53:36.326+0200] {logging_mixin.py:188} INFO - [2024-01-14T15:53:36.326+0200] {dag.py:3033} INFO - Sync 1 DAGs
[2024-01-14T15:53:36.345+0200] {logging_mixin.py:188} INFO - [2024-01-14T15:53:36.345+0200] {dag.py:3820} INFO - Setting next_dagrun for example_bash_operator to 2024-01-13T00:00:00+00:00, run_after=2024-01-14T00:00:00+00:00
[2024-01-14T15:53:36.366+0200] {processor.py:183} INFO - Processing /home/mahmoud/airflow_env/lib/python3.10/site-packages/airflow/example_dags/example_bash_operator.py took 0.081 seconds
[2024-01-14T15:55:05.237+0200] {processor.py:161} INFO - Started process (PID=30152) to work on /home/mahmoud/airflow_env/lib/python3.10/site-packages/airflow/example_dags/example_bash_operator.py
[2024-01-14T15:55:05.241+0200] {processor.py:830} INFO - Processing file /home/mahmoud/airflow_env/lib/python3.10/site-packages/airflow/example_dags/example_bash_operator.py for tasks to queue
[2024-01-14T15:55:05.244+0200] {logging_mixin.py:188} INFO - [2024-01-14T15:55:05.243+0200] {dagbag.py:538} INFO - Filling up the DagBag from /home/mahmoud/airflow_env/lib/python3.10/site-packages/airflow/example_dags/example_bash_operator.py
[2024-01-14T15:55:05.288+0200] {processor.py:840} INFO - DAG(s) 'example_bash_operator' retrieved from /home/mahmoud/airflow_env/lib/python3.10/site-packages/airflow/example_dags/example_bash_operator.py
[2024-01-14T15:55:05.376+0200] {logging_mixin.py:188} INFO - [2024-01-14T15:55:05.375+0200] {dag.py:3033} INFO - Sync 1 DAGs
[2024-01-14T15:55:05.454+0200] {logging_mixin.py:188} INFO - [2024-01-14T15:55:05.453+0200] {dag.py:3820} INFO - Setting next_dagrun for example_bash_operator to 2024-01-13T00:00:00+00:00, run_after=2024-01-14T00:00:00+00:00
[2024-01-14T15:55:05.531+0200] {processor.py:183} INFO - Processing /home/mahmoud/airflow_env/lib/python3.10/site-packages/airflow/example_dags/example_bash_operator.py took 0.305 seconds
[2024-01-14T15:56:09.696+0200] {processor.py:161} INFO - Started process (PID=30379) to work on /home/mahmoud/airflow_env/lib/python3.10/site-packages/airflow/example_dags/example_bash_operator.py
[2024-01-14T15:56:09.700+0200] {processor.py:830} INFO - Processing file /home/mahmoud/airflow_env/lib/python3.10/site-packages/airflow/example_dags/example_bash_operator.py for tasks to queue
[2024-01-14T15:56:09.703+0200] {logging_mixin.py:188} INFO - [2024-01-14T15:56:09.701+0200] {dagbag.py:538} INFO - Filling up the DagBag from /home/mahmoud/airflow_env/lib/python3.10/site-packages/airflow/example_dags/example_bash_operator.py
[2024-01-14T15:56:09.742+0200] {processor.py:840} INFO - DAG(s) 'example_bash_operator' retrieved from /home/mahmoud/airflow_env/lib/python3.10/site-packages/airflow/example_dags/example_bash_operator.py
[2024-01-14T15:56:09.821+0200] {logging_mixin.py:188} INFO - [2024-01-14T15:56:09.820+0200] {dag.py:3033} INFO - Sync 1 DAGs
[2024-01-14T15:56:09.891+0200] {logging_mixin.py:188} INFO - [2024-01-14T15:56:09.891+0200] {dag.py:3820} INFO - Setting next_dagrun for example_bash_operator to 2024-01-13T00:00:00+00:00, run_after=2024-01-14T00:00:00+00:00
[2024-01-14T15:56:09.960+0200] {processor.py:183} INFO - Processing /home/mahmoud/airflow_env/lib/python3.10/site-packages/airflow/example_dags/example_bash_operator.py took 0.274 seconds
[2024-01-14T15:57:07.915+0200] {processor.py:161} INFO - Started process (PID=30584) to work on /home/mahmoud/airflow_env/lib/python3.10/site-packages/airflow/example_dags/example_bash_operator.py
[2024-01-14T15:57:07.919+0200] {processor.py:830} INFO - Processing file /home/mahmoud/airflow_env/lib/python3.10/site-packages/airflow/example_dags/example_bash_operator.py for tasks to queue
[2024-01-14T15:57:07.922+0200] {logging_mixin.py:188} INFO - [2024-01-14T15:57:07.921+0200] {dagbag.py:538} INFO - Filling up the DagBag from /home/mahmoud/airflow_env/lib/python3.10/site-packages/airflow/example_dags/example_bash_operator.py
[2024-01-14T15:57:07.961+0200] {processor.py:840} INFO - DAG(s) 'example_bash_operator' retrieved from /home/mahmoud/airflow_env/lib/python3.10/site-packages/airflow/example_dags/example_bash_operator.py
[2024-01-14T15:57:08.037+0200] {logging_mixin.py:188} INFO - [2024-01-14T15:57:08.036+0200] {dag.py:3033} INFO - Sync 1 DAGs
[2024-01-14T15:57:08.107+0200] {logging_mixin.py:188} INFO - [2024-01-14T15:57:08.106+0200] {dag.py:3820} INFO - Setting next_dagrun for example_bash_operator to 2024-01-13T00:00:00+00:00, run_after=2024-01-14T00:00:00+00:00
[2024-01-14T15:57:08.173+0200] {processor.py:183} INFO - Processing /home/mahmoud/airflow_env/lib/python3.10/site-packages/airflow/example_dags/example_bash_operator.py took 0.268 seconds
[2024-01-14T15:58:00.730+0200] {processor.py:161} INFO - Started process (PID=30822) to work on /home/mahmoud/airflow_env/lib/python3.10/site-packages/airflow/example_dags/example_bash_operator.py
[2024-01-14T15:58:00.732+0200] {processor.py:830} INFO - Processing file /home/mahmoud/airflow_env/lib/python3.10/site-packages/airflow/example_dags/example_bash_operator.py for tasks to queue
[2024-01-14T15:58:00.733+0200] {logging_mixin.py:188} INFO - [2024-01-14T15:58:00.733+0200] {dagbag.py:538} INFO - Filling up the DagBag from /home/mahmoud/airflow_env/lib/python3.10/site-packages/airflow/example_dags/example_bash_operator.py
[2024-01-14T15:58:00.750+0200] {processor.py:840} INFO - DAG(s) 'example_bash_operator' retrieved from /home/mahmoud/airflow_env/lib/python3.10/site-packages/airflow/example_dags/example_bash_operator.py
[2024-01-14T15:58:00.774+0200] {logging_mixin.py:188} INFO - [2024-01-14T15:58:00.774+0200] {dag.py:3033} INFO - Sync 1 DAGs
[2024-01-14T15:58:00.793+0200] {logging_mixin.py:188} INFO - [2024-01-14T15:58:00.793+0200] {dag.py:3820} INFO - Setting next_dagrun for example_bash_operator to 2024-01-13T00:00:00+00:00, run_after=2024-01-14T00:00:00+00:00
[2024-01-14T15:58:00.817+0200] {processor.py:183} INFO - Processing /home/mahmoud/airflow_env/lib/python3.10/site-packages/airflow/example_dags/example_bash_operator.py took 0.092 seconds
