[2024-01-14T14:40:38.699+0200] {processor.py:161} INFO - Started process (PID=9750) to work on /home/mahmoud/airflow_env/lib/python3.10/site-packages/airflow/example_dags/example_complex.py
[2024-01-14T14:40:38.700+0200] {processor.py:830} INFO - Processing file /home/mahmoud/airflow_env/lib/python3.10/site-packages/airflow/example_dags/example_complex.py for tasks to queue
[2024-01-14T14:40:38.701+0200] {logging_mixin.py:188} INFO - [2024-01-14T14:40:38.701+0200] {dagbag.py:538} INFO - Filling up the DagBag from /home/mahmoud/airflow_env/lib/python3.10/site-packages/airflow/example_dags/example_complex.py
[2024-01-14T14:40:38.714+0200] {processor.py:840} INFO - DAG(s) 'example_complex' retrieved from /home/mahmoud/airflow_env/lib/python3.10/site-packages/airflow/example_dags/example_complex.py
[2024-01-14T14:40:38.883+0200] {logging_mixin.py:188} INFO - [2024-01-14T14:40:38.883+0200] {override.py:1769} INFO - Created Permission View: can edit on DAG:example_complex
[2024-01-14T14:40:38.896+0200] {logging_mixin.py:188} INFO - [2024-01-14T14:40:38.896+0200] {override.py:1769} INFO - Created Permission View: can read on DAG:example_complex
[2024-01-14T14:40:38.905+0200] {logging_mixin.py:188} INFO - [2024-01-14T14:40:38.904+0200] {override.py:1769} INFO - Created Permission View: can delete on DAG:example_complex
[2024-01-14T14:40:38.905+0200] {logging_mixin.py:188} INFO - [2024-01-14T14:40:38.905+0200] {dag.py:3033} INFO - Sync 1 DAGs
[2024-01-14T14:40:38.914+0200] {logging_mixin.py:188} INFO - [2024-01-14T14:40:38.914+0200] {dag.py:3055} INFO - Creating ORM DAG for example_complex
[2024-01-14T14:40:38.914+0200] {logging_mixin.py:188} INFO - [2024-01-14T14:40:38.914+0200] {dag.py:3820} INFO - Setting next_dagrun for example_complex to None, run_after=None
[2024-01-14T14:40:38.933+0200] {processor.py:183} INFO - Processing /home/mahmoud/airflow_env/lib/python3.10/site-packages/airflow/example_dags/example_complex.py took 0.237 seconds
[2024-01-14T15:08:15.956+0200] {processor.py:161} INFO - Started process (PID=16099) to work on /home/mahmoud/airflow_env/lib/python3.10/site-packages/airflow/example_dags/example_complex.py
[2024-01-14T15:08:15.958+0200] {processor.py:830} INFO - Processing file /home/mahmoud/airflow_env/lib/python3.10/site-packages/airflow/example_dags/example_complex.py for tasks to queue
[2024-01-14T15:08:15.959+0200] {logging_mixin.py:188} INFO - [2024-01-14T15:08:15.958+0200] {dagbag.py:538} INFO - Filling up the DagBag from /home/mahmoud/airflow_env/lib/python3.10/site-packages/airflow/example_dags/example_complex.py
[2024-01-14T15:08:15.970+0200] {processor.py:840} INFO - DAG(s) 'example_complex' retrieved from /home/mahmoud/airflow_env/lib/python3.10/site-packages/airflow/example_dags/example_complex.py
[2024-01-14T15:08:15.990+0200] {logging_mixin.py:188} INFO - [2024-01-14T15:08:15.990+0200] {dag.py:3033} INFO - Sync 1 DAGs
[2024-01-14T15:08:16.070+0200] {logging_mixin.py:188} INFO - [2024-01-14T15:08:16.070+0200] {dag.py:3820} INFO - Setting next_dagrun for example_complex to None, run_after=None
[2024-01-14T15:08:16.094+0200] {processor.py:183} INFO - Processing /home/mahmoud/airflow_env/lib/python3.10/site-packages/airflow/example_dags/example_complex.py took 0.140 seconds
[2024-01-14T15:09:08.189+0200] {processor.py:161} INFO - Started process (PID=16379) to work on /home/mahmoud/airflow_env/lib/python3.10/site-packages/airflow/example_dags/example_complex.py
[2024-01-14T15:09:08.191+0200] {processor.py:830} INFO - Processing file /home/mahmoud/airflow_env/lib/python3.10/site-packages/airflow/example_dags/example_complex.py for tasks to queue
[2024-01-14T15:09:08.192+0200] {logging_mixin.py:188} INFO - [2024-01-14T15:09:08.191+0200] {dagbag.py:538} INFO - Filling up the DagBag from /home/mahmoud/airflow_env/lib/python3.10/site-packages/airflow/example_dags/example_complex.py
[2024-01-14T15:09:08.207+0200] {processor.py:840} INFO - DAG(s) 'example_complex' retrieved from /home/mahmoud/airflow_env/lib/python3.10/site-packages/airflow/example_dags/example_complex.py
[2024-01-14T15:09:08.231+0200] {logging_mixin.py:188} INFO - [2024-01-14T15:09:08.231+0200] {dag.py:3033} INFO - Sync 1 DAGs
[2024-01-14T15:09:08.240+0200] {logging_mixin.py:188} INFO - [2024-01-14T15:09:08.240+0200] {dag.py:3820} INFO - Setting next_dagrun for example_complex to None, run_after=None
[2024-01-14T15:09:08.262+0200] {processor.py:183} INFO - Processing /home/mahmoud/airflow_env/lib/python3.10/site-packages/airflow/example_dags/example_complex.py took 0.077 seconds
[2024-01-14T15:09:56.371+0200] {processor.py:161} INFO - Started process (PID=16658) to work on /home/mahmoud/airflow_env/lib/python3.10/site-packages/airflow/example_dags/example_complex.py
[2024-01-14T15:09:56.372+0200] {processor.py:830} INFO - Processing file /home/mahmoud/airflow_env/lib/python3.10/site-packages/airflow/example_dags/example_complex.py for tasks to queue
[2024-01-14T15:09:56.373+0200] {logging_mixin.py:188} INFO - [2024-01-14T15:09:56.373+0200] {dagbag.py:538} INFO - Filling up the DagBag from /home/mahmoud/airflow_env/lib/python3.10/site-packages/airflow/example_dags/example_complex.py
[2024-01-14T15:09:56.383+0200] {processor.py:840} INFO - DAG(s) 'example_complex' retrieved from /home/mahmoud/airflow_env/lib/python3.10/site-packages/airflow/example_dags/example_complex.py
[2024-01-14T15:09:56.403+0200] {logging_mixin.py:188} INFO - [2024-01-14T15:09:56.403+0200] {dag.py:3033} INFO - Sync 1 DAGs
[2024-01-14T15:09:56.414+0200] {logging_mixin.py:188} INFO - [2024-01-14T15:09:56.413+0200] {dag.py:3820} INFO - Setting next_dagrun for example_complex to None, run_after=None
[2024-01-14T15:09:56.437+0200] {processor.py:183} INFO - Processing /home/mahmoud/airflow_env/lib/python3.10/site-packages/airflow/example_dags/example_complex.py took 0.069 seconds
[2024-01-14T15:10:39.025+0200] {processor.py:161} INFO - Started process (PID=16830) to work on /home/mahmoud/airflow_env/lib/python3.10/site-packages/airflow/example_dags/example_complex.py
[2024-01-14T15:10:39.027+0200] {processor.py:830} INFO - Processing file /home/mahmoud/airflow_env/lib/python3.10/site-packages/airflow/example_dags/example_complex.py for tasks to queue
[2024-01-14T15:10:39.027+0200] {logging_mixin.py:188} INFO - [2024-01-14T15:10:39.027+0200] {dagbag.py:538} INFO - Filling up the DagBag from /home/mahmoud/airflow_env/lib/python3.10/site-packages/airflow/example_dags/example_complex.py
[2024-01-14T15:10:39.045+0200] {processor.py:840} INFO - DAG(s) 'example_complex' retrieved from /home/mahmoud/airflow_env/lib/python3.10/site-packages/airflow/example_dags/example_complex.py
[2024-01-14T15:10:39.069+0200] {logging_mixin.py:188} INFO - [2024-01-14T15:10:39.069+0200] {dag.py:3033} INFO - Sync 1 DAGs
[2024-01-14T15:10:39.079+0200] {logging_mixin.py:188} INFO - [2024-01-14T15:10:39.079+0200] {dag.py:3820} INFO - Setting next_dagrun for example_complex to None, run_after=None
[2024-01-14T15:10:39.100+0200] {processor.py:183} INFO - Processing /home/mahmoud/airflow_env/lib/python3.10/site-packages/airflow/example_dags/example_complex.py took 0.078 seconds
[2024-01-14T15:11:18.608+0200] {processor.py:161} INFO - Started process (PID=16984) to work on /home/mahmoud/airflow_env/lib/python3.10/site-packages/airflow/example_dags/example_complex.py
[2024-01-14T15:11:18.610+0200] {processor.py:830} INFO - Processing file /home/mahmoud/airflow_env/lib/python3.10/site-packages/airflow/example_dags/example_complex.py for tasks to queue
[2024-01-14T15:11:18.611+0200] {logging_mixin.py:188} INFO - [2024-01-14T15:11:18.611+0200] {dagbag.py:538} INFO - Filling up the DagBag from /home/mahmoud/airflow_env/lib/python3.10/site-packages/airflow/example_dags/example_complex.py
[2024-01-14T15:11:18.623+0200] {processor.py:840} INFO - DAG(s) 'example_complex' retrieved from /home/mahmoud/airflow_env/lib/python3.10/site-packages/airflow/example_dags/example_complex.py
[2024-01-14T15:11:18.644+0200] {logging_mixin.py:188} INFO - [2024-01-14T15:11:18.644+0200] {dag.py:3033} INFO - Sync 1 DAGs
[2024-01-14T15:11:18.655+0200] {logging_mixin.py:188} INFO - [2024-01-14T15:11:18.655+0200] {dag.py:3820} INFO - Setting next_dagrun for example_complex to None, run_after=None
[2024-01-14T15:11:18.678+0200] {processor.py:183} INFO - Processing /home/mahmoud/airflow_env/lib/python3.10/site-packages/airflow/example_dags/example_complex.py took 0.073 seconds
[2024-01-14T15:11:55.757+0200] {processor.py:161} INFO - Started process (PID=17172) to work on /home/mahmoud/airflow_env/lib/python3.10/site-packages/airflow/example_dags/example_complex.py
[2024-01-14T15:11:55.758+0200] {processor.py:830} INFO - Processing file /home/mahmoud/airflow_env/lib/python3.10/site-packages/airflow/example_dags/example_complex.py for tasks to queue
[2024-01-14T15:11:55.759+0200] {logging_mixin.py:188} INFO - [2024-01-14T15:11:55.759+0200] {dagbag.py:538} INFO - Filling up the DagBag from /home/mahmoud/airflow_env/lib/python3.10/site-packages/airflow/example_dags/example_complex.py
[2024-01-14T15:11:55.770+0200] {processor.py:840} INFO - DAG(s) 'example_complex' retrieved from /home/mahmoud/airflow_env/lib/python3.10/site-packages/airflow/example_dags/example_complex.py
[2024-01-14T15:11:55.792+0200] {logging_mixin.py:188} INFO - [2024-01-14T15:11:55.792+0200] {dag.py:3033} INFO - Sync 1 DAGs
[2024-01-14T15:11:55.802+0200] {logging_mixin.py:188} INFO - [2024-01-14T15:11:55.801+0200] {dag.py:3820} INFO - Setting next_dagrun for example_complex to None, run_after=None
[2024-01-14T15:11:55.824+0200] {processor.py:183} INFO - Processing /home/mahmoud/airflow_env/lib/python3.10/site-packages/airflow/example_dags/example_complex.py took 0.069 seconds
[2024-01-14T15:12:32.810+0200] {processor.py:161} INFO - Started process (PID=17318) to work on /home/mahmoud/airflow_env/lib/python3.10/site-packages/airflow/example_dags/example_complex.py
[2024-01-14T15:12:32.812+0200] {processor.py:830} INFO - Processing file /home/mahmoud/airflow_env/lib/python3.10/site-packages/airflow/example_dags/example_complex.py for tasks to queue
[2024-01-14T15:12:32.813+0200] {logging_mixin.py:188} INFO - [2024-01-14T15:12:32.812+0200] {dagbag.py:538} INFO - Filling up the DagBag from /home/mahmoud/airflow_env/lib/python3.10/site-packages/airflow/example_dags/example_complex.py
[2024-01-14T15:12:32.824+0200] {processor.py:840} INFO - DAG(s) 'example_complex' retrieved from /home/mahmoud/airflow_env/lib/python3.10/site-packages/airflow/example_dags/example_complex.py
[2024-01-14T15:12:32.846+0200] {logging_mixin.py:188} INFO - [2024-01-14T15:12:32.845+0200] {dag.py:3033} INFO - Sync 1 DAGs
[2024-01-14T15:12:32.855+0200] {logging_mixin.py:188} INFO - [2024-01-14T15:12:32.855+0200] {dag.py:3820} INFO - Setting next_dagrun for example_complex to None, run_after=None
[2024-01-14T15:12:32.880+0200] {processor.py:183} INFO - Processing /home/mahmoud/airflow_env/lib/python3.10/site-packages/airflow/example_dags/example_complex.py took 0.073 seconds
[2024-01-14T15:13:26.738+0200] {processor.py:161} INFO - Started process (PID=17561) to work on /home/mahmoud/airflow_env/lib/python3.10/site-packages/airflow/example_dags/example_complex.py
[2024-01-14T15:13:26.740+0200] {processor.py:830} INFO - Processing file /home/mahmoud/airflow_env/lib/python3.10/site-packages/airflow/example_dags/example_complex.py for tasks to queue
[2024-01-14T15:13:26.741+0200] {logging_mixin.py:188} INFO - [2024-01-14T15:13:26.740+0200] {dagbag.py:538} INFO - Filling up the DagBag from /home/mahmoud/airflow_env/lib/python3.10/site-packages/airflow/example_dags/example_complex.py
[2024-01-14T15:13:26.752+0200] {processor.py:840} INFO - DAG(s) 'example_complex' retrieved from /home/mahmoud/airflow_env/lib/python3.10/site-packages/airflow/example_dags/example_complex.py
[2024-01-14T15:13:26.776+0200] {logging_mixin.py:188} INFO - [2024-01-14T15:13:26.775+0200] {dag.py:3033} INFO - Sync 1 DAGs
[2024-01-14T15:13:26.787+0200] {logging_mixin.py:188} INFO - [2024-01-14T15:13:26.786+0200] {dag.py:3820} INFO - Setting next_dagrun for example_complex to None, run_after=None
[2024-01-14T15:13:26.810+0200] {processor.py:183} INFO - Processing /home/mahmoud/airflow_env/lib/python3.10/site-packages/airflow/example_dags/example_complex.py took 0.074 seconds
[2024-01-14T15:20:02.704+0200] {processor.py:161} INFO - Started process (PID=19473) to work on /home/mahmoud/airflow_env/lib/python3.10/site-packages/airflow/example_dags/example_complex.py
[2024-01-14T15:20:02.707+0200] {processor.py:830} INFO - Processing file /home/mahmoud/airflow_env/lib/python3.10/site-packages/airflow/example_dags/example_complex.py for tasks to queue
[2024-01-14T15:20:02.708+0200] {logging_mixin.py:188} INFO - [2024-01-14T15:20:02.708+0200] {dagbag.py:538} INFO - Filling up the DagBag from /home/mahmoud/airflow_env/lib/python3.10/site-packages/airflow/example_dags/example_complex.py
[2024-01-14T15:20:02.726+0200] {processor.py:840} INFO - DAG(s) 'example_complex' retrieved from /home/mahmoud/airflow_env/lib/python3.10/site-packages/airflow/example_dags/example_complex.py
[2024-01-14T15:20:02.749+0200] {logging_mixin.py:188} INFO - [2024-01-14T15:20:02.749+0200] {dag.py:3033} INFO - Sync 1 DAGs
[2024-01-14T15:20:02.835+0200] {logging_mixin.py:188} INFO - [2024-01-14T15:20:02.834+0200] {dag.py:3820} INFO - Setting next_dagrun for example_complex to None, run_after=None
[2024-01-14T15:20:02.862+0200] {processor.py:183} INFO - Processing /home/mahmoud/airflow_env/lib/python3.10/site-packages/airflow/example_dags/example_complex.py took 0.164 seconds
[2024-01-14T15:20:54.312+0200] {processor.py:161} INFO - Started process (PID=19672) to work on /home/mahmoud/airflow_env/lib/python3.10/site-packages/airflow/example_dags/example_complex.py
[2024-01-14T15:20:54.314+0200] {processor.py:830} INFO - Processing file /home/mahmoud/airflow_env/lib/python3.10/site-packages/airflow/example_dags/example_complex.py for tasks to queue
[2024-01-14T15:20:54.315+0200] {logging_mixin.py:188} INFO - [2024-01-14T15:20:54.315+0200] {dagbag.py:538} INFO - Filling up the DagBag from /home/mahmoud/airflow_env/lib/python3.10/site-packages/airflow/example_dags/example_complex.py
[2024-01-14T15:20:54.325+0200] {processor.py:840} INFO - DAG(s) 'example_complex' retrieved from /home/mahmoud/airflow_env/lib/python3.10/site-packages/airflow/example_dags/example_complex.py
[2024-01-14T15:20:54.347+0200] {logging_mixin.py:188} INFO - [2024-01-14T15:20:54.347+0200] {dag.py:3033} INFO - Sync 1 DAGs
[2024-01-14T15:20:54.356+0200] {logging_mixin.py:188} INFO - [2024-01-14T15:20:54.355+0200] {dag.py:3820} INFO - Setting next_dagrun for example_complex to None, run_after=None
[2024-01-14T15:20:54.379+0200] {processor.py:183} INFO - Processing /home/mahmoud/airflow_env/lib/python3.10/site-packages/airflow/example_dags/example_complex.py took 0.070 seconds
[2024-01-14T15:21:44.159+0200] {processor.py:161} INFO - Started process (PID=19871) to work on /home/mahmoud/airflow_env/lib/python3.10/site-packages/airflow/example_dags/example_complex.py
[2024-01-14T15:21:44.161+0200] {processor.py:830} INFO - Processing file /home/mahmoud/airflow_env/lib/python3.10/site-packages/airflow/example_dags/example_complex.py for tasks to queue
[2024-01-14T15:21:44.162+0200] {logging_mixin.py:188} INFO - [2024-01-14T15:21:44.162+0200] {dagbag.py:538} INFO - Filling up the DagBag from /home/mahmoud/airflow_env/lib/python3.10/site-packages/airflow/example_dags/example_complex.py
[2024-01-14T15:21:44.174+0200] {processor.py:840} INFO - DAG(s) 'example_complex' retrieved from /home/mahmoud/airflow_env/lib/python3.10/site-packages/airflow/example_dags/example_complex.py
[2024-01-14T15:21:44.197+0200] {logging_mixin.py:188} INFO - [2024-01-14T15:21:44.197+0200] {dag.py:3033} INFO - Sync 1 DAGs
[2024-01-14T15:21:44.208+0200] {logging_mixin.py:188} INFO - [2024-01-14T15:21:44.208+0200] {dag.py:3820} INFO - Setting next_dagrun for example_complex to None, run_after=None
[2024-01-14T15:21:44.232+0200] {processor.py:183} INFO - Processing /home/mahmoud/airflow_env/lib/python3.10/site-packages/airflow/example_dags/example_complex.py took 0.078 seconds
[2024-01-14T15:22:23.064+0200] {processor.py:161} INFO - Started process (PID=20021) to work on /home/mahmoud/airflow_env/lib/python3.10/site-packages/airflow/example_dags/example_complex.py
[2024-01-14T15:22:23.066+0200] {processor.py:830} INFO - Processing file /home/mahmoud/airflow_env/lib/python3.10/site-packages/airflow/example_dags/example_complex.py for tasks to queue
[2024-01-14T15:22:23.067+0200] {logging_mixin.py:188} INFO - [2024-01-14T15:22:23.067+0200] {dagbag.py:538} INFO - Filling up the DagBag from /home/mahmoud/airflow_env/lib/python3.10/site-packages/airflow/example_dags/example_complex.py
[2024-01-14T15:22:23.078+0200] {processor.py:840} INFO - DAG(s) 'example_complex' retrieved from /home/mahmoud/airflow_env/lib/python3.10/site-packages/airflow/example_dags/example_complex.py
[2024-01-14T15:22:23.099+0200] {logging_mixin.py:188} INFO - [2024-01-14T15:22:23.098+0200] {dag.py:3033} INFO - Sync 1 DAGs
[2024-01-14T15:22:23.107+0200] {logging_mixin.py:188} INFO - [2024-01-14T15:22:23.107+0200] {dag.py:3820} INFO - Setting next_dagrun for example_complex to None, run_after=None
[2024-01-14T15:22:23.126+0200] {processor.py:183} INFO - Processing /home/mahmoud/airflow_env/lib/python3.10/site-packages/airflow/example_dags/example_complex.py took 0.065 seconds
[2024-01-14T15:23:32.943+0200] {processor.py:161} INFO - Started process (PID=20457) to work on /home/mahmoud/airflow_env/lib/python3.10/site-packages/airflow/example_dags/example_complex.py
[2024-01-14T15:23:32.945+0200] {processor.py:830} INFO - Processing file /home/mahmoud/airflow_env/lib/python3.10/site-packages/airflow/example_dags/example_complex.py for tasks to queue
[2024-01-14T15:23:32.946+0200] {logging_mixin.py:188} INFO - [2024-01-14T15:23:32.946+0200] {dagbag.py:538} INFO - Filling up the DagBag from /home/mahmoud/airflow_env/lib/python3.10/site-packages/airflow/example_dags/example_complex.py
[2024-01-14T15:23:32.958+0200] {processor.py:840} INFO - DAG(s) 'example_complex' retrieved from /home/mahmoud/airflow_env/lib/python3.10/site-packages/airflow/example_dags/example_complex.py
[2024-01-14T15:23:32.979+0200] {logging_mixin.py:188} INFO - [2024-01-14T15:23:32.979+0200] {dag.py:3033} INFO - Sync 1 DAGs
[2024-01-14T15:23:33.069+0200] {logging_mixin.py:188} INFO - [2024-01-14T15:23:33.069+0200] {dag.py:3820} INFO - Setting next_dagrun for example_complex to None, run_after=None
[2024-01-14T15:23:33.095+0200] {processor.py:183} INFO - Processing /home/mahmoud/airflow_env/lib/python3.10/site-packages/airflow/example_dags/example_complex.py took 0.156 seconds
[2024-01-14T15:37:54.940+0200] {processor.py:161} INFO - Started process (PID=24504) to work on /home/mahmoud/airflow_env/lib/python3.10/site-packages/airflow/example_dags/example_complex.py
[2024-01-14T15:37:54.943+0200] {processor.py:830} INFO - Processing file /home/mahmoud/airflow_env/lib/python3.10/site-packages/airflow/example_dags/example_complex.py for tasks to queue
[2024-01-14T15:37:54.944+0200] {logging_mixin.py:188} INFO - [2024-01-14T15:37:54.944+0200] {dagbag.py:538} INFO - Filling up the DagBag from /home/mahmoud/airflow_env/lib/python3.10/site-packages/airflow/example_dags/example_complex.py
[2024-01-14T15:37:54.959+0200] {processor.py:840} INFO - DAG(s) 'example_complex' retrieved from /home/mahmoud/airflow_env/lib/python3.10/site-packages/airflow/example_dags/example_complex.py
[2024-01-14T15:37:54.980+0200] {logging_mixin.py:188} INFO - [2024-01-14T15:37:54.980+0200] {dag.py:3033} INFO - Sync 1 DAGs
[2024-01-14T15:37:55.063+0200] {logging_mixin.py:188} INFO - [2024-01-14T15:37:55.062+0200] {dag.py:3820} INFO - Setting next_dagrun for example_complex to None, run_after=None
[2024-01-14T15:37:55.089+0200] {processor.py:183} INFO - Processing /home/mahmoud/airflow_env/lib/python3.10/site-packages/airflow/example_dags/example_complex.py took 0.155 seconds
[2024-01-14T15:38:46.077+0200] {processor.py:161} INFO - Started process (PID=24883) to work on /home/mahmoud/airflow_env/lib/python3.10/site-packages/airflow/example_dags/example_complex.py
[2024-01-14T15:38:46.080+0200] {processor.py:830} INFO - Processing file /home/mahmoud/airflow_env/lib/python3.10/site-packages/airflow/example_dags/example_complex.py for tasks to queue
[2024-01-14T15:38:46.082+0200] {logging_mixin.py:188} INFO - [2024-01-14T15:38:46.081+0200] {dagbag.py:538} INFO - Filling up the DagBag from /home/mahmoud/airflow_env/lib/python3.10/site-packages/airflow/example_dags/example_complex.py
[2024-01-14T15:38:46.100+0200] {processor.py:840} INFO - DAG(s) 'example_complex' retrieved from /home/mahmoud/airflow_env/lib/python3.10/site-packages/airflow/example_dags/example_complex.py
[2024-01-14T15:38:46.125+0200] {logging_mixin.py:188} INFO - [2024-01-14T15:38:46.125+0200] {dag.py:3033} INFO - Sync 1 DAGs
[2024-01-14T15:38:46.135+0200] {logging_mixin.py:188} INFO - [2024-01-14T15:38:46.135+0200] {dag.py:3820} INFO - Setting next_dagrun for example_complex to None, run_after=None
[2024-01-14T15:38:46.157+0200] {processor.py:183} INFO - Processing /home/mahmoud/airflow_env/lib/python3.10/site-packages/airflow/example_dags/example_complex.py took 0.087 seconds
[2024-01-14T15:39:33.121+0200] {processor.py:161} INFO - Started process (PID=25189) to work on /home/mahmoud/airflow_env/lib/python3.10/site-packages/airflow/example_dags/example_complex.py
[2024-01-14T15:39:33.122+0200] {processor.py:830} INFO - Processing file /home/mahmoud/airflow_env/lib/python3.10/site-packages/airflow/example_dags/example_complex.py for tasks to queue
[2024-01-14T15:39:33.123+0200] {logging_mixin.py:188} INFO - [2024-01-14T15:39:33.123+0200] {dagbag.py:538} INFO - Filling up the DagBag from /home/mahmoud/airflow_env/lib/python3.10/site-packages/airflow/example_dags/example_complex.py
[2024-01-14T15:39:33.135+0200] {processor.py:840} INFO - DAG(s) 'example_complex' retrieved from /home/mahmoud/airflow_env/lib/python3.10/site-packages/airflow/example_dags/example_complex.py
[2024-01-14T15:39:33.158+0200] {logging_mixin.py:188} INFO - [2024-01-14T15:39:33.158+0200] {dag.py:3033} INFO - Sync 1 DAGs
[2024-01-14T15:39:33.167+0200] {logging_mixin.py:188} INFO - [2024-01-14T15:39:33.167+0200] {dag.py:3820} INFO - Setting next_dagrun for example_complex to None, run_after=None
[2024-01-14T15:39:33.192+0200] {processor.py:183} INFO - Processing /home/mahmoud/airflow_env/lib/python3.10/site-packages/airflow/example_dags/example_complex.py took 0.075 seconds
[2024-01-14T15:40:24.657+0200] {processor.py:161} INFO - Started process (PID=25392) to work on /home/mahmoud/airflow_env/lib/python3.10/site-packages/airflow/example_dags/example_complex.py
[2024-01-14T15:40:24.659+0200] {processor.py:830} INFO - Processing file /home/mahmoud/airflow_env/lib/python3.10/site-packages/airflow/example_dags/example_complex.py for tasks to queue
[2024-01-14T15:40:24.660+0200] {logging_mixin.py:188} INFO - [2024-01-14T15:40:24.660+0200] {dagbag.py:538} INFO - Filling up the DagBag from /home/mahmoud/airflow_env/lib/python3.10/site-packages/airflow/example_dags/example_complex.py
[2024-01-14T15:40:24.672+0200] {processor.py:840} INFO - DAG(s) 'example_complex' retrieved from /home/mahmoud/airflow_env/lib/python3.10/site-packages/airflow/example_dags/example_complex.py
[2024-01-14T15:40:24.694+0200] {logging_mixin.py:188} INFO - [2024-01-14T15:40:24.693+0200] {dag.py:3033} INFO - Sync 1 DAGs
[2024-01-14T15:40:24.704+0200] {logging_mixin.py:188} INFO - [2024-01-14T15:40:24.704+0200] {dag.py:3820} INFO - Setting next_dagrun for example_complex to None, run_after=None
[2024-01-14T15:40:24.726+0200] {processor.py:183} INFO - Processing /home/mahmoud/airflow_env/lib/python3.10/site-packages/airflow/example_dags/example_complex.py took 0.074 seconds
[2024-01-14T15:41:03.014+0200] {processor.py:161} INFO - Started process (PID=25572) to work on /home/mahmoud/airflow_env/lib/python3.10/site-packages/airflow/example_dags/example_complex.py
[2024-01-14T15:41:03.015+0200] {processor.py:830} INFO - Processing file /home/mahmoud/airflow_env/lib/python3.10/site-packages/airflow/example_dags/example_complex.py for tasks to queue
[2024-01-14T15:41:03.016+0200] {logging_mixin.py:188} INFO - [2024-01-14T15:41:03.016+0200] {dagbag.py:538} INFO - Filling up the DagBag from /home/mahmoud/airflow_env/lib/python3.10/site-packages/airflow/example_dags/example_complex.py
[2024-01-14T15:41:03.028+0200] {processor.py:840} INFO - DAG(s) 'example_complex' retrieved from /home/mahmoud/airflow_env/lib/python3.10/site-packages/airflow/example_dags/example_complex.py
[2024-01-14T15:41:03.048+0200] {logging_mixin.py:188} INFO - [2024-01-14T15:41:03.048+0200] {dag.py:3033} INFO - Sync 1 DAGs
[2024-01-14T15:41:03.057+0200] {logging_mixin.py:188} INFO - [2024-01-14T15:41:03.057+0200] {dag.py:3820} INFO - Setting next_dagrun for example_complex to None, run_after=None
[2024-01-14T15:41:03.089+0200] {processor.py:183} INFO - Processing /home/mahmoud/airflow_env/lib/python3.10/site-packages/airflow/example_dags/example_complex.py took 0.079 seconds
[2024-01-14T15:41:54.837+0200] {processor.py:161} INFO - Started process (PID=25811) to work on /home/mahmoud/airflow_env/lib/python3.10/site-packages/airflow/example_dags/example_complex.py
[2024-01-14T15:41:54.839+0200] {processor.py:830} INFO - Processing file /home/mahmoud/airflow_env/lib/python3.10/site-packages/airflow/example_dags/example_complex.py for tasks to queue
[2024-01-14T15:41:54.840+0200] {logging_mixin.py:188} INFO - [2024-01-14T15:41:54.840+0200] {dagbag.py:538} INFO - Filling up the DagBag from /home/mahmoud/airflow_env/lib/python3.10/site-packages/airflow/example_dags/example_complex.py
[2024-01-14T15:41:54.849+0200] {processor.py:840} INFO - DAG(s) 'example_complex' retrieved from /home/mahmoud/airflow_env/lib/python3.10/site-packages/airflow/example_dags/example_complex.py
[2024-01-14T15:41:54.870+0200] {logging_mixin.py:188} INFO - [2024-01-14T15:41:54.869+0200] {dag.py:3033} INFO - Sync 1 DAGs
[2024-01-14T15:41:54.880+0200] {logging_mixin.py:188} INFO - [2024-01-14T15:41:54.880+0200] {dag.py:3820} INFO - Setting next_dagrun for example_complex to None, run_after=None
[2024-01-14T15:41:54.901+0200] {processor.py:183} INFO - Processing /home/mahmoud/airflow_env/lib/python3.10/site-packages/airflow/example_dags/example_complex.py took 0.067 seconds
[2024-01-14T15:42:30.534+0200] {processor.py:161} INFO - Started process (PID=25983) to work on /home/mahmoud/airflow_env/lib/python3.10/site-packages/airflow/example_dags/example_complex.py
[2024-01-14T15:42:30.537+0200] {processor.py:830} INFO - Processing file /home/mahmoud/airflow_env/lib/python3.10/site-packages/airflow/example_dags/example_complex.py for tasks to queue
[2024-01-14T15:42:30.538+0200] {logging_mixin.py:188} INFO - [2024-01-14T15:42:30.537+0200] {dagbag.py:538} INFO - Filling up the DagBag from /home/mahmoud/airflow_env/lib/python3.10/site-packages/airflow/example_dags/example_complex.py
[2024-01-14T15:42:30.551+0200] {processor.py:840} INFO - DAG(s) 'example_complex' retrieved from /home/mahmoud/airflow_env/lib/python3.10/site-packages/airflow/example_dags/example_complex.py
[2024-01-14T15:42:30.575+0200] {logging_mixin.py:188} INFO - [2024-01-14T15:42:30.575+0200] {dag.py:3033} INFO - Sync 1 DAGs
[2024-01-14T15:42:30.585+0200] {logging_mixin.py:188} INFO - [2024-01-14T15:42:30.584+0200] {dag.py:3820} INFO - Setting next_dagrun for example_complex to None, run_after=None
[2024-01-14T15:42:30.607+0200] {processor.py:183} INFO - Processing /home/mahmoud/airflow_env/lib/python3.10/site-packages/airflow/example_dags/example_complex.py took 0.078 seconds
[2024-01-14T15:43:14.948+0200] {processor.py:161} INFO - Started process (PID=26654) to work on /home/mahmoud/airflow_env/lib/python3.10/site-packages/airflow/example_dags/example_complex.py
[2024-01-14T15:43:14.949+0200] {processor.py:830} INFO - Processing file /home/mahmoud/airflow_env/lib/python3.10/site-packages/airflow/example_dags/example_complex.py for tasks to queue
[2024-01-14T15:43:14.950+0200] {logging_mixin.py:188} INFO - [2024-01-14T15:43:14.949+0200] {dagbag.py:538} INFO - Filling up the DagBag from /home/mahmoud/airflow_env/lib/python3.10/site-packages/airflow/example_dags/example_complex.py
[2024-01-14T15:43:14.960+0200] {processor.py:840} INFO - DAG(s) 'example_complex' retrieved from /home/mahmoud/airflow_env/lib/python3.10/site-packages/airflow/example_dags/example_complex.py
[2024-01-14T15:43:14.979+0200] {logging_mixin.py:188} INFO - [2024-01-14T15:43:14.979+0200] {dag.py:3033} INFO - Sync 1 DAGs
[2024-01-14T15:43:14.989+0200] {logging_mixin.py:188} INFO - [2024-01-14T15:43:14.989+0200] {dag.py:3820} INFO - Setting next_dagrun for example_complex to None, run_after=None
[2024-01-14T15:43:15.010+0200] {processor.py:183} INFO - Processing /home/mahmoud/airflow_env/lib/python3.10/site-packages/airflow/example_dags/example_complex.py took 0.065 seconds
[2024-01-14T15:44:02.824+0200] {processor.py:161} INFO - Started process (PID=26938) to work on /home/mahmoud/airflow_env/lib/python3.10/site-packages/airflow/example_dags/example_complex.py
[2024-01-14T15:44:02.826+0200] {processor.py:830} INFO - Processing file /home/mahmoud/airflow_env/lib/python3.10/site-packages/airflow/example_dags/example_complex.py for tasks to queue
[2024-01-14T15:44:02.827+0200] {logging_mixin.py:188} INFO - [2024-01-14T15:44:02.826+0200] {dagbag.py:538} INFO - Filling up the DagBag from /home/mahmoud/airflow_env/lib/python3.10/site-packages/airflow/example_dags/example_complex.py
[2024-01-14T15:44:02.838+0200] {processor.py:840} INFO - DAG(s) 'example_complex' retrieved from /home/mahmoud/airflow_env/lib/python3.10/site-packages/airflow/example_dags/example_complex.py
[2024-01-14T15:44:02.861+0200] {logging_mixin.py:188} INFO - [2024-01-14T15:44:02.860+0200] {dag.py:3033} INFO - Sync 1 DAGs
[2024-01-14T15:44:02.870+0200] {logging_mixin.py:188} INFO - [2024-01-14T15:44:02.870+0200] {dag.py:3820} INFO - Setting next_dagrun for example_complex to None, run_after=None
[2024-01-14T15:44:02.895+0200] {processor.py:183} INFO - Processing /home/mahmoud/airflow_env/lib/python3.10/site-packages/airflow/example_dags/example_complex.py took 0.075 seconds
[2024-01-14T15:44:50.963+0200] {processor.py:161} INFO - Started process (PID=27584) to work on /home/mahmoud/airflow_env/lib/python3.10/site-packages/airflow/example_dags/example_complex.py
[2024-01-14T15:44:50.966+0200] {processor.py:830} INFO - Processing file /home/mahmoud/airflow_env/lib/python3.10/site-packages/airflow/example_dags/example_complex.py for tasks to queue
[2024-01-14T15:44:50.967+0200] {logging_mixin.py:188} INFO - [2024-01-14T15:44:50.967+0200] {dagbag.py:538} INFO - Filling up the DagBag from /home/mahmoud/airflow_env/lib/python3.10/site-packages/airflow/example_dags/example_complex.py
[2024-01-14T15:44:50.979+0200] {processor.py:840} INFO - DAG(s) 'example_complex' retrieved from /home/mahmoud/airflow_env/lib/python3.10/site-packages/airflow/example_dags/example_complex.py
[2024-01-14T15:44:51.001+0200] {logging_mixin.py:188} INFO - [2024-01-14T15:44:51.001+0200] {dag.py:3033} INFO - Sync 1 DAGs
[2024-01-14T15:44:51.011+0200] {logging_mixin.py:188} INFO - [2024-01-14T15:44:51.011+0200] {dag.py:3820} INFO - Setting next_dagrun for example_complex to None, run_after=None
[2024-01-14T15:44:51.032+0200] {processor.py:183} INFO - Processing /home/mahmoud/airflow_env/lib/python3.10/site-packages/airflow/example_dags/example_complex.py took 0.073 seconds
[2024-01-14T15:45:33.970+0200] {processor.py:161} INFO - Started process (PID=27817) to work on /home/mahmoud/airflow_env/lib/python3.10/site-packages/airflow/example_dags/example_complex.py
[2024-01-14T15:45:33.972+0200] {processor.py:830} INFO - Processing file /home/mahmoud/airflow_env/lib/python3.10/site-packages/airflow/example_dags/example_complex.py for tasks to queue
[2024-01-14T15:45:33.973+0200] {logging_mixin.py:188} INFO - [2024-01-14T15:45:33.973+0200] {dagbag.py:538} INFO - Filling up the DagBag from /home/mahmoud/airflow_env/lib/python3.10/site-packages/airflow/example_dags/example_complex.py
[2024-01-14T15:45:33.982+0200] {processor.py:840} INFO - DAG(s) 'example_complex' retrieved from /home/mahmoud/airflow_env/lib/python3.10/site-packages/airflow/example_dags/example_complex.py
[2024-01-14T15:45:34.001+0200] {logging_mixin.py:188} INFO - [2024-01-14T15:45:34.001+0200] {dag.py:3033} INFO - Sync 1 DAGs
[2024-01-14T15:45:34.012+0200] {logging_mixin.py:188} INFO - [2024-01-14T15:45:34.012+0200] {dag.py:3820} INFO - Setting next_dagrun for example_complex to None, run_after=None
[2024-01-14T15:45:34.032+0200] {processor.py:183} INFO - Processing /home/mahmoud/airflow_env/lib/python3.10/site-packages/airflow/example_dags/example_complex.py took 0.064 seconds
[2024-01-14T15:46:26.871+0200] {processor.py:161} INFO - Started process (PID=28027) to work on /home/mahmoud/airflow_env/lib/python3.10/site-packages/airflow/example_dags/example_complex.py
[2024-01-14T15:46:26.873+0200] {processor.py:830} INFO - Processing file /home/mahmoud/airflow_env/lib/python3.10/site-packages/airflow/example_dags/example_complex.py for tasks to queue
[2024-01-14T15:46:26.875+0200] {logging_mixin.py:188} INFO - [2024-01-14T15:46:26.874+0200] {dagbag.py:538} INFO - Filling up the DagBag from /home/mahmoud/airflow_env/lib/python3.10/site-packages/airflow/example_dags/example_complex.py
[2024-01-14T15:46:26.885+0200] {processor.py:840} INFO - DAG(s) 'example_complex' retrieved from /home/mahmoud/airflow_env/lib/python3.10/site-packages/airflow/example_dags/example_complex.py
[2024-01-14T15:46:26.908+0200] {logging_mixin.py:188} INFO - [2024-01-14T15:46:26.908+0200] {dag.py:3033} INFO - Sync 1 DAGs
[2024-01-14T15:46:26.918+0200] {logging_mixin.py:188} INFO - [2024-01-14T15:46:26.918+0200] {dag.py:3820} INFO - Setting next_dagrun for example_complex to None, run_after=None
[2024-01-14T15:46:26.943+0200] {processor.py:183} INFO - Processing /home/mahmoud/airflow_env/lib/python3.10/site-packages/airflow/example_dags/example_complex.py took 0.076 seconds
[2024-01-14T15:47:20.016+0200] {processor.py:161} INFO - Started process (PID=28304) to work on /home/mahmoud/airflow_env/lib/python3.10/site-packages/airflow/example_dags/example_complex.py
[2024-01-14T15:47:20.017+0200] {processor.py:830} INFO - Processing file /home/mahmoud/airflow_env/lib/python3.10/site-packages/airflow/example_dags/example_complex.py for tasks to queue
[2024-01-14T15:47:20.018+0200] {logging_mixin.py:188} INFO - [2024-01-14T15:47:20.018+0200] {dagbag.py:538} INFO - Filling up the DagBag from /home/mahmoud/airflow_env/lib/python3.10/site-packages/airflow/example_dags/example_complex.py
[2024-01-14T15:47:20.028+0200] {processor.py:840} INFO - DAG(s) 'example_complex' retrieved from /home/mahmoud/airflow_env/lib/python3.10/site-packages/airflow/example_dags/example_complex.py
[2024-01-14T15:47:20.051+0200] {logging_mixin.py:188} INFO - [2024-01-14T15:47:20.051+0200] {dag.py:3033} INFO - Sync 1 DAGs
[2024-01-14T15:47:20.061+0200] {logging_mixin.py:188} INFO - [2024-01-14T15:47:20.061+0200] {dag.py:3820} INFO - Setting next_dagrun for example_complex to None, run_after=None
[2024-01-14T15:47:20.085+0200] {processor.py:183} INFO - Processing /home/mahmoud/airflow_env/lib/python3.10/site-packages/airflow/example_dags/example_complex.py took 0.072 seconds
[2024-01-14T15:48:11.379+0200] {processor.py:161} INFO - Started process (PID=28529) to work on /home/mahmoud/airflow_env/lib/python3.10/site-packages/airflow/example_dags/example_complex.py
[2024-01-14T15:48:11.381+0200] {processor.py:830} INFO - Processing file /home/mahmoud/airflow_env/lib/python3.10/site-packages/airflow/example_dags/example_complex.py for tasks to queue
[2024-01-14T15:48:11.382+0200] {logging_mixin.py:188} INFO - [2024-01-14T15:48:11.382+0200] {dagbag.py:538} INFO - Filling up the DagBag from /home/mahmoud/airflow_env/lib/python3.10/site-packages/airflow/example_dags/example_complex.py
[2024-01-14T15:48:11.392+0200] {processor.py:840} INFO - DAG(s) 'example_complex' retrieved from /home/mahmoud/airflow_env/lib/python3.10/site-packages/airflow/example_dags/example_complex.py
[2024-01-14T15:48:11.412+0200] {logging_mixin.py:188} INFO - [2024-01-14T15:48:11.412+0200] {dag.py:3033} INFO - Sync 1 DAGs
[2024-01-14T15:48:11.420+0200] {logging_mixin.py:188} INFO - [2024-01-14T15:48:11.420+0200] {dag.py:3820} INFO - Setting next_dagrun for example_complex to None, run_after=None
[2024-01-14T15:48:11.440+0200] {processor.py:183} INFO - Processing /home/mahmoud/airflow_env/lib/python3.10/site-packages/airflow/example_dags/example_complex.py took 0.063 seconds
[2024-01-14T15:48:48.797+0200] {processor.py:161} INFO - Started process (PID=28681) to work on /home/mahmoud/airflow_env/lib/python3.10/site-packages/airflow/example_dags/example_complex.py
[2024-01-14T15:48:48.799+0200] {processor.py:830} INFO - Processing file /home/mahmoud/airflow_env/lib/python3.10/site-packages/airflow/example_dags/example_complex.py for tasks to queue
[2024-01-14T15:48:48.800+0200] {logging_mixin.py:188} INFO - [2024-01-14T15:48:48.800+0200] {dagbag.py:538} INFO - Filling up the DagBag from /home/mahmoud/airflow_env/lib/python3.10/site-packages/airflow/example_dags/example_complex.py
[2024-01-14T15:48:48.812+0200] {processor.py:840} INFO - DAG(s) 'example_complex' retrieved from /home/mahmoud/airflow_env/lib/python3.10/site-packages/airflow/example_dags/example_complex.py
[2024-01-14T15:48:48.833+0200] {logging_mixin.py:188} INFO - [2024-01-14T15:48:48.833+0200] {dag.py:3033} INFO - Sync 1 DAGs
[2024-01-14T15:48:48.843+0200] {logging_mixin.py:188} INFO - [2024-01-14T15:48:48.843+0200] {dag.py:3820} INFO - Setting next_dagrun for example_complex to None, run_after=None
[2024-01-14T15:48:48.864+0200] {processor.py:183} INFO - Processing /home/mahmoud/airflow_env/lib/python3.10/site-packages/airflow/example_dags/example_complex.py took 0.070 seconds
[2024-01-14T15:49:42.095+0200] {processor.py:161} INFO - Started process (PID=28886) to work on /home/mahmoud/airflow_env/lib/python3.10/site-packages/airflow/example_dags/example_complex.py
[2024-01-14T15:49:42.097+0200] {processor.py:830} INFO - Processing file /home/mahmoud/airflow_env/lib/python3.10/site-packages/airflow/example_dags/example_complex.py for tasks to queue
[2024-01-14T15:49:42.098+0200] {logging_mixin.py:188} INFO - [2024-01-14T15:49:42.098+0200] {dagbag.py:538} INFO - Filling up the DagBag from /home/mahmoud/airflow_env/lib/python3.10/site-packages/airflow/example_dags/example_complex.py
[2024-01-14T15:49:42.108+0200] {processor.py:840} INFO - DAG(s) 'example_complex' retrieved from /home/mahmoud/airflow_env/lib/python3.10/site-packages/airflow/example_dags/example_complex.py
[2024-01-14T15:49:42.127+0200] {logging_mixin.py:188} INFO - [2024-01-14T15:49:42.127+0200] {dag.py:3033} INFO - Sync 1 DAGs
[2024-01-14T15:49:42.136+0200] {logging_mixin.py:188} INFO - [2024-01-14T15:49:42.136+0200] {dag.py:3820} INFO - Setting next_dagrun for example_complex to None, run_after=None
[2024-01-14T15:49:42.157+0200] {processor.py:183} INFO - Processing /home/mahmoud/airflow_env/lib/python3.10/site-packages/airflow/example_dags/example_complex.py took 0.067 seconds
[2024-01-14T15:50:33.009+0200] {processor.py:161} INFO - Started process (PID=29089) to work on /home/mahmoud/airflow_env/lib/python3.10/site-packages/airflow/example_dags/example_complex.py
[2024-01-14T15:50:33.011+0200] {processor.py:830} INFO - Processing file /home/mahmoud/airflow_env/lib/python3.10/site-packages/airflow/example_dags/example_complex.py for tasks to queue
[2024-01-14T15:50:33.012+0200] {logging_mixin.py:188} INFO - [2024-01-14T15:50:33.012+0200] {dagbag.py:538} INFO - Filling up the DagBag from /home/mahmoud/airflow_env/lib/python3.10/site-packages/airflow/example_dags/example_complex.py
[2024-01-14T15:50:33.023+0200] {processor.py:840} INFO - DAG(s) 'example_complex' retrieved from /home/mahmoud/airflow_env/lib/python3.10/site-packages/airflow/example_dags/example_complex.py
[2024-01-14T15:50:33.045+0200] {logging_mixin.py:188} INFO - [2024-01-14T15:50:33.045+0200] {dag.py:3033} INFO - Sync 1 DAGs
[2024-01-14T15:50:33.054+0200] {logging_mixin.py:188} INFO - [2024-01-14T15:50:33.054+0200] {dag.py:3820} INFO - Setting next_dagrun for example_complex to None, run_after=None
[2024-01-14T15:50:33.075+0200] {processor.py:183} INFO - Processing /home/mahmoud/airflow_env/lib/python3.10/site-packages/airflow/example_dags/example_complex.py took 0.070 seconds
[2024-01-14T15:51:25.199+0200] {processor.py:161} INFO - Started process (PID=29293) to work on /home/mahmoud/airflow_env/lib/python3.10/site-packages/airflow/example_dags/example_complex.py
[2024-01-14T15:51:25.201+0200] {processor.py:830} INFO - Processing file /home/mahmoud/airflow_env/lib/python3.10/site-packages/airflow/example_dags/example_complex.py for tasks to queue
[2024-01-14T15:51:25.203+0200] {logging_mixin.py:188} INFO - [2024-01-14T15:51:25.202+0200] {dagbag.py:538} INFO - Filling up the DagBag from /home/mahmoud/airflow_env/lib/python3.10/site-packages/airflow/example_dags/example_complex.py
[2024-01-14T15:51:25.215+0200] {processor.py:840} INFO - DAG(s) 'example_complex' retrieved from /home/mahmoud/airflow_env/lib/python3.10/site-packages/airflow/example_dags/example_complex.py
[2024-01-14T15:51:25.238+0200] {logging_mixin.py:188} INFO - [2024-01-14T15:51:25.238+0200] {dag.py:3033} INFO - Sync 1 DAGs
[2024-01-14T15:51:25.247+0200] {logging_mixin.py:188} INFO - [2024-01-14T15:51:25.247+0200] {dag.py:3820} INFO - Setting next_dagrun for example_complex to None, run_after=None
[2024-01-14T15:51:25.271+0200] {processor.py:183} INFO - Processing /home/mahmoud/airflow_env/lib/python3.10/site-packages/airflow/example_dags/example_complex.py took 0.076 seconds
[2024-01-14T15:52:00.712+0200] {processor.py:161} INFO - Started process (PID=29438) to work on /home/mahmoud/airflow_env/lib/python3.10/site-packages/airflow/example_dags/example_complex.py
[2024-01-14T15:52:00.714+0200] {processor.py:830} INFO - Processing file /home/mahmoud/airflow_env/lib/python3.10/site-packages/airflow/example_dags/example_complex.py for tasks to queue
[2024-01-14T15:52:00.715+0200] {logging_mixin.py:188} INFO - [2024-01-14T15:52:00.714+0200] {dagbag.py:538} INFO - Filling up the DagBag from /home/mahmoud/airflow_env/lib/python3.10/site-packages/airflow/example_dags/example_complex.py
[2024-01-14T15:52:00.725+0200] {processor.py:840} INFO - DAG(s) 'example_complex' retrieved from /home/mahmoud/airflow_env/lib/python3.10/site-packages/airflow/example_dags/example_complex.py
[2024-01-14T15:52:00.746+0200] {logging_mixin.py:188} INFO - [2024-01-14T15:52:00.746+0200] {dag.py:3033} INFO - Sync 1 DAGs
[2024-01-14T15:52:00.756+0200] {logging_mixin.py:188} INFO - [2024-01-14T15:52:00.756+0200] {dag.py:3820} INFO - Setting next_dagrun for example_complex to None, run_after=None
[2024-01-14T15:52:00.779+0200] {processor.py:183} INFO - Processing /home/mahmoud/airflow_env/lib/python3.10/site-packages/airflow/example_dags/example_complex.py took 0.069 seconds
[2024-01-14T15:52:49.984+0200] {processor.py:161} INFO - Started process (PID=29662) to work on /home/mahmoud/airflow_env/lib/python3.10/site-packages/airflow/example_dags/example_complex.py
[2024-01-14T15:52:49.986+0200] {processor.py:830} INFO - Processing file /home/mahmoud/airflow_env/lib/python3.10/site-packages/airflow/example_dags/example_complex.py for tasks to queue
[2024-01-14T15:52:49.987+0200] {logging_mixin.py:188} INFO - [2024-01-14T15:52:49.986+0200] {dagbag.py:538} INFO - Filling up the DagBag from /home/mahmoud/airflow_env/lib/python3.10/site-packages/airflow/example_dags/example_complex.py
[2024-01-14T15:52:49.997+0200] {processor.py:840} INFO - DAG(s) 'example_complex' retrieved from /home/mahmoud/airflow_env/lib/python3.10/site-packages/airflow/example_dags/example_complex.py
[2024-01-14T15:52:50.019+0200] {logging_mixin.py:188} INFO - [2024-01-14T15:52:50.019+0200] {dag.py:3033} INFO - Sync 1 DAGs
[2024-01-14T15:52:50.029+0200] {logging_mixin.py:188} INFO - [2024-01-14T15:52:50.029+0200] {dag.py:3820} INFO - Setting next_dagrun for example_complex to None, run_after=None
[2024-01-14T15:52:50.051+0200] {processor.py:183} INFO - Processing /home/mahmoud/airflow_env/lib/python3.10/site-packages/airflow/example_dags/example_complex.py took 0.069 seconds
[2024-01-14T15:53:42.029+0200] {processor.py:161} INFO - Started process (PID=29868) to work on /home/mahmoud/airflow_env/lib/python3.10/site-packages/airflow/example_dags/example_complex.py
[2024-01-14T15:53:42.031+0200] {processor.py:830} INFO - Processing file /home/mahmoud/airflow_env/lib/python3.10/site-packages/airflow/example_dags/example_complex.py for tasks to queue
[2024-01-14T15:53:42.032+0200] {logging_mixin.py:188} INFO - [2024-01-14T15:53:42.031+0200] {dagbag.py:538} INFO - Filling up the DagBag from /home/mahmoud/airflow_env/lib/python3.10/site-packages/airflow/example_dags/example_complex.py
[2024-01-14T15:53:42.042+0200] {processor.py:840} INFO - DAG(s) 'example_complex' retrieved from /home/mahmoud/airflow_env/lib/python3.10/site-packages/airflow/example_dags/example_complex.py
[2024-01-14T15:53:42.064+0200] {logging_mixin.py:188} INFO - [2024-01-14T15:53:42.064+0200] {dag.py:3033} INFO - Sync 1 DAGs
[2024-01-14T15:53:42.075+0200] {logging_mixin.py:188} INFO - [2024-01-14T15:53:42.074+0200] {dag.py:3820} INFO - Setting next_dagrun for example_complex to None, run_after=None
[2024-01-14T15:53:42.097+0200] {processor.py:183} INFO - Processing /home/mahmoud/airflow_env/lib/python3.10/site-packages/airflow/example_dags/example_complex.py took 0.071 seconds
[2024-01-14T15:54:37.508+0200] {processor.py:161} INFO - Started process (PID=30060) to work on /home/mahmoud/airflow_env/lib/python3.10/site-packages/airflow/example_dags/example_complex.py
[2024-01-14T15:54:37.512+0200] {processor.py:830} INFO - Processing file /home/mahmoud/airflow_env/lib/python3.10/site-packages/airflow/example_dags/example_complex.py for tasks to queue
[2024-01-14T15:54:37.514+0200] {logging_mixin.py:188} INFO - [2024-01-14T15:54:37.513+0200] {dagbag.py:538} INFO - Filling up the DagBag from /home/mahmoud/airflow_env/lib/python3.10/site-packages/airflow/example_dags/example_complex.py
[2024-01-14T15:54:37.547+0200] {processor.py:840} INFO - DAG(s) 'example_complex' retrieved from /home/mahmoud/airflow_env/lib/python3.10/site-packages/airflow/example_dags/example_complex.py
[2024-01-14T15:54:37.617+0200] {logging_mixin.py:188} INFO - [2024-01-14T15:54:37.617+0200] {dag.py:3033} INFO - Sync 1 DAGs
[2024-01-14T15:54:37.650+0200] {logging_mixin.py:188} INFO - [2024-01-14T15:54:37.650+0200] {dag.py:3820} INFO - Setting next_dagrun for example_complex to None, run_after=None
[2024-01-14T15:54:37.711+0200] {processor.py:183} INFO - Processing /home/mahmoud/airflow_env/lib/python3.10/site-packages/airflow/example_dags/example_complex.py took 0.211 seconds
[2024-01-14T15:55:24.507+0200] {processor.py:161} INFO - Started process (PID=30215) to work on /home/mahmoud/airflow_env/lib/python3.10/site-packages/airflow/example_dags/example_complex.py
[2024-01-14T15:55:24.511+0200] {processor.py:830} INFO - Processing file /home/mahmoud/airflow_env/lib/python3.10/site-packages/airflow/example_dags/example_complex.py for tasks to queue
[2024-01-14T15:55:24.513+0200] {logging_mixin.py:188} INFO - [2024-01-14T15:55:24.512+0200] {dagbag.py:538} INFO - Filling up the DagBag from /home/mahmoud/airflow_env/lib/python3.10/site-packages/airflow/example_dags/example_complex.py
[2024-01-14T15:55:24.551+0200] {processor.py:840} INFO - DAG(s) 'example_complex' retrieved from /home/mahmoud/airflow_env/lib/python3.10/site-packages/airflow/example_dags/example_complex.py
[2024-01-14T15:55:24.636+0200] {logging_mixin.py:188} INFO - [2024-01-14T15:55:24.635+0200] {dag.py:3033} INFO - Sync 1 DAGs
[2024-01-14T15:55:24.678+0200] {logging_mixin.py:188} INFO - [2024-01-14T15:55:24.677+0200] {dag.py:3820} INFO - Setting next_dagrun for example_complex to None, run_after=None
[2024-01-14T15:55:24.761+0200] {processor.py:183} INFO - Processing /home/mahmoud/airflow_env/lib/python3.10/site-packages/airflow/example_dags/example_complex.py took 0.265 seconds
[2024-01-14T15:56:25.211+0200] {processor.py:161} INFO - Started process (PID=30433) to work on /home/mahmoud/airflow_env/lib/python3.10/site-packages/airflow/example_dags/example_complex.py
[2024-01-14T15:56:25.214+0200] {processor.py:830} INFO - Processing file /home/mahmoud/airflow_env/lib/python3.10/site-packages/airflow/example_dags/example_complex.py for tasks to queue
[2024-01-14T15:56:25.218+0200] {logging_mixin.py:188} INFO - [2024-01-14T15:56:25.216+0200] {dagbag.py:538} INFO - Filling up the DagBag from /home/mahmoud/airflow_env/lib/python3.10/site-packages/airflow/example_dags/example_complex.py
[2024-01-14T15:56:25.263+0200] {processor.py:840} INFO - DAG(s) 'example_complex' retrieved from /home/mahmoud/airflow_env/lib/python3.10/site-packages/airflow/example_dags/example_complex.py
[2024-01-14T15:56:25.345+0200] {logging_mixin.py:188} INFO - [2024-01-14T15:56:25.344+0200] {dag.py:3033} INFO - Sync 1 DAGs
[2024-01-14T15:56:25.383+0200] {logging_mixin.py:188} INFO - [2024-01-14T15:56:25.382+0200] {dag.py:3820} INFO - Setting next_dagrun for example_complex to None, run_after=None
[2024-01-14T15:56:25.456+0200] {processor.py:183} INFO - Processing /home/mahmoud/airflow_env/lib/python3.10/site-packages/airflow/example_dags/example_complex.py took 0.263 seconds
[2024-01-14T15:57:23.223+0200] {processor.py:161} INFO - Started process (PID=30638) to work on /home/mahmoud/airflow_env/lib/python3.10/site-packages/airflow/example_dags/example_complex.py
[2024-01-14T15:57:23.227+0200] {processor.py:830} INFO - Processing file /home/mahmoud/airflow_env/lib/python3.10/site-packages/airflow/example_dags/example_complex.py for tasks to queue
[2024-01-14T15:57:23.229+0200] {logging_mixin.py:188} INFO - [2024-01-14T15:57:23.228+0200] {dagbag.py:538} INFO - Filling up the DagBag from /home/mahmoud/airflow_env/lib/python3.10/site-packages/airflow/example_dags/example_complex.py
[2024-01-14T15:57:23.262+0200] {processor.py:840} INFO - DAG(s) 'example_complex' retrieved from /home/mahmoud/airflow_env/lib/python3.10/site-packages/airflow/example_dags/example_complex.py
[2024-01-14T15:57:23.333+0200] {logging_mixin.py:188} INFO - [2024-01-14T15:57:23.332+0200] {dag.py:3033} INFO - Sync 1 DAGs
[2024-01-14T15:57:23.365+0200] {logging_mixin.py:188} INFO - [2024-01-14T15:57:23.365+0200] {dag.py:3820} INFO - Setting next_dagrun for example_complex to None, run_after=None
[2024-01-14T15:57:23.426+0200] {processor.py:183} INFO - Processing /home/mahmoud/airflow_env/lib/python3.10/site-packages/airflow/example_dags/example_complex.py took 0.212 seconds
