[2024-01-14T14:40:42.714+0200] {processor.py:161} INFO - Started process (PID=9766) to work on /home/mahmoud/airflow_env/lib/python3.10/site-packages/airflow/example_dags/example_params_trigger_ui.py
[2024-01-14T14:40:42.714+0200] {processor.py:830} INFO - Processing file /home/mahmoud/airflow_env/lib/python3.10/site-packages/airflow/example_dags/example_params_trigger_ui.py for tasks to queue
[2024-01-14T14:40:42.715+0200] {logging_mixin.py:188} INFO - [2024-01-14T14:40:42.715+0200] {dagbag.py:538} INFO - Filling up the DagBag from /home/mahmoud/airflow_env/lib/python3.10/site-packages/airflow/example_dags/example_params_trigger_ui.py
[2024-01-14T14:40:42.729+0200] {processor.py:840} INFO - DAG(s) 'example_params_trigger_ui' retrieved from /home/mahmoud/airflow_env/lib/python3.10/site-packages/airflow/example_dags/example_params_trigger_ui.py
[2024-01-14T14:40:42.915+0200] {logging_mixin.py:188} INFO - [2024-01-14T14:40:42.913+0200] {override.py:1769} INFO - Created Permission View: can edit on DAG:example_params_trigger_ui
[2024-01-14T14:40:42.928+0200] {logging_mixin.py:188} INFO - [2024-01-14T14:40:42.927+0200] {override.py:1769} INFO - Created Permission View: can read on DAG:example_params_trigger_ui
[2024-01-14T14:40:42.940+0200] {logging_mixin.py:188} INFO - [2024-01-14T14:40:42.940+0200] {override.py:1769} INFO - Created Permission View: can delete on DAG:example_params_trigger_ui
[2024-01-14T14:40:42.941+0200] {logging_mixin.py:188} INFO - [2024-01-14T14:40:42.940+0200] {dag.py:3033} INFO - Sync 1 DAGs
[2024-01-14T14:40:42.948+0200] {logging_mixin.py:188} INFO - [2024-01-14T14:40:42.948+0200] {dag.py:3055} INFO - Creating ORM DAG for example_params_trigger_ui
[2024-01-14T14:40:42.949+0200] {logging_mixin.py:188} INFO - [2024-01-14T14:40:42.948+0200] {dag.py:3820} INFO - Setting next_dagrun for example_params_trigger_ui to None, run_after=None
[2024-01-14T14:40:42.971+0200] {processor.py:183} INFO - Processing /home/mahmoud/airflow_env/lib/python3.10/site-packages/airflow/example_dags/example_params_trigger_ui.py took 0.261 seconds
[2024-01-14T15:08:19.904+0200] {processor.py:161} INFO - Started process (PID=16115) to work on /home/mahmoud/airflow_env/lib/python3.10/site-packages/airflow/example_dags/example_params_trigger_ui.py
[2024-01-14T15:08:19.907+0200] {processor.py:830} INFO - Processing file /home/mahmoud/airflow_env/lib/python3.10/site-packages/airflow/example_dags/example_params_trigger_ui.py for tasks to queue
[2024-01-14T15:08:19.908+0200] {logging_mixin.py:188} INFO - [2024-01-14T15:08:19.908+0200] {dagbag.py:538} INFO - Filling up the DagBag from /home/mahmoud/airflow_env/lib/python3.10/site-packages/airflow/example_dags/example_params_trigger_ui.py
[2024-01-14T15:08:19.929+0200] {processor.py:840} INFO - DAG(s) 'example_params_trigger_ui' retrieved from /home/mahmoud/airflow_env/lib/python3.10/site-packages/airflow/example_dags/example_params_trigger_ui.py
[2024-01-14T15:08:19.965+0200] {logging_mixin.py:188} INFO - [2024-01-14T15:08:19.965+0200] {dag.py:3033} INFO - Sync 1 DAGs
[2024-01-14T15:08:20.044+0200] {logging_mixin.py:188} INFO - [2024-01-14T15:08:20.043+0200] {dag.py:3820} INFO - Setting next_dagrun for example_params_trigger_ui to None, run_after=None
[2024-01-14T15:08:20.069+0200] {processor.py:183} INFO - Processing /home/mahmoud/airflow_env/lib/python3.10/site-packages/airflow/example_dags/example_params_trigger_ui.py took 0.171 seconds
[2024-01-14T15:09:12.176+0200] {processor.py:161} INFO - Started process (PID=16419) to work on /home/mahmoud/airflow_env/lib/python3.10/site-packages/airflow/example_dags/example_params_trigger_ui.py
[2024-01-14T15:09:12.178+0200] {processor.py:830} INFO - Processing file /home/mahmoud/airflow_env/lib/python3.10/site-packages/airflow/example_dags/example_params_trigger_ui.py for tasks to queue
[2024-01-14T15:09:12.179+0200] {logging_mixin.py:188} INFO - [2024-01-14T15:09:12.178+0200] {dagbag.py:538} INFO - Filling up the DagBag from /home/mahmoud/airflow_env/lib/python3.10/site-packages/airflow/example_dags/example_params_trigger_ui.py
[2024-01-14T15:09:12.191+0200] {processor.py:840} INFO - DAG(s) 'example_params_trigger_ui' retrieved from /home/mahmoud/airflow_env/lib/python3.10/site-packages/airflow/example_dags/example_params_trigger_ui.py
[2024-01-14T15:09:12.230+0200] {logging_mixin.py:188} INFO - [2024-01-14T15:09:12.230+0200] {dag.py:3033} INFO - Sync 1 DAGs
[2024-01-14T15:09:12.240+0200] {logging_mixin.py:188} INFO - [2024-01-14T15:09:12.240+0200] {dag.py:3820} INFO - Setting next_dagrun for example_params_trigger_ui to None, run_after=None
[2024-01-14T15:09:12.261+0200] {processor.py:183} INFO - Processing /home/mahmoud/airflow_env/lib/python3.10/site-packages/airflow/example_dags/example_params_trigger_ui.py took 0.088 seconds
[2024-01-14T15:10:00.985+0200] {processor.py:161} INFO - Started process (PID=16674) to work on /home/mahmoud/airflow_env/lib/python3.10/site-packages/airflow/example_dags/example_params_trigger_ui.py
[2024-01-14T15:10:00.988+0200] {processor.py:830} INFO - Processing file /home/mahmoud/airflow_env/lib/python3.10/site-packages/airflow/example_dags/example_params_trigger_ui.py for tasks to queue
[2024-01-14T15:10:00.990+0200] {logging_mixin.py:188} INFO - [2024-01-14T15:10:00.989+0200] {dagbag.py:538} INFO - Filling up the DagBag from /home/mahmoud/airflow_env/lib/python3.10/site-packages/airflow/example_dags/example_params_trigger_ui.py
[2024-01-14T15:10:01.010+0200] {processor.py:840} INFO - DAG(s) 'example_params_trigger_ui' retrieved from /home/mahmoud/airflow_env/lib/python3.10/site-packages/airflow/example_dags/example_params_trigger_ui.py
[2024-01-14T15:10:01.049+0200] {logging_mixin.py:188} INFO - [2024-01-14T15:10:01.049+0200] {dag.py:3033} INFO - Sync 1 DAGs
[2024-01-14T15:10:01.057+0200] {logging_mixin.py:188} INFO - [2024-01-14T15:10:01.057+0200] {dag.py:3820} INFO - Setting next_dagrun for example_params_trigger_ui to None, run_after=None
[2024-01-14T15:10:01.076+0200] {processor.py:183} INFO - Processing /home/mahmoud/airflow_env/lib/python3.10/site-packages/airflow/example_dags/example_params_trigger_ui.py took 0.097 seconds
[2024-01-14T15:10:43.035+0200] {processor.py:161} INFO - Started process (PID=16846) to work on /home/mahmoud/airflow_env/lib/python3.10/site-packages/airflow/example_dags/example_params_trigger_ui.py
[2024-01-14T15:10:43.038+0200] {processor.py:830} INFO - Processing file /home/mahmoud/airflow_env/lib/python3.10/site-packages/airflow/example_dags/example_params_trigger_ui.py for tasks to queue
[2024-01-14T15:10:43.039+0200] {logging_mixin.py:188} INFO - [2024-01-14T15:10:43.039+0200] {dagbag.py:538} INFO - Filling up the DagBag from /home/mahmoud/airflow_env/lib/python3.10/site-packages/airflow/example_dags/example_params_trigger_ui.py
[2024-01-14T15:10:43.059+0200] {processor.py:840} INFO - DAG(s) 'example_params_trigger_ui' retrieved from /home/mahmoud/airflow_env/lib/python3.10/site-packages/airflow/example_dags/example_params_trigger_ui.py
[2024-01-14T15:10:43.101+0200] {logging_mixin.py:188} INFO - [2024-01-14T15:10:43.101+0200] {dag.py:3033} INFO - Sync 1 DAGs
[2024-01-14T15:10:43.111+0200] {logging_mixin.py:188} INFO - [2024-01-14T15:10:43.110+0200] {dag.py:3820} INFO - Setting next_dagrun for example_params_trigger_ui to None, run_after=None
[2024-01-14T15:10:43.134+0200] {processor.py:183} INFO - Processing /home/mahmoud/airflow_env/lib/python3.10/site-packages/airflow/example_dags/example_params_trigger_ui.py took 0.104 seconds
[2024-01-14T15:11:22.914+0200] {processor.py:161} INFO - Started process (PID=17006) to work on /home/mahmoud/airflow_env/lib/python3.10/site-packages/airflow/example_dags/example_params_trigger_ui.py
[2024-01-14T15:11:22.916+0200] {processor.py:830} INFO - Processing file /home/mahmoud/airflow_env/lib/python3.10/site-packages/airflow/example_dags/example_params_trigger_ui.py for tasks to queue
[2024-01-14T15:11:22.917+0200] {logging_mixin.py:188} INFO - [2024-01-14T15:11:22.917+0200] {dagbag.py:538} INFO - Filling up the DagBag from /home/mahmoud/airflow_env/lib/python3.10/site-packages/airflow/example_dags/example_params_trigger_ui.py
[2024-01-14T15:11:22.929+0200] {processor.py:840} INFO - DAG(s) 'example_params_trigger_ui' retrieved from /home/mahmoud/airflow_env/lib/python3.10/site-packages/airflow/example_dags/example_params_trigger_ui.py
[2024-01-14T15:11:22.963+0200] {logging_mixin.py:188} INFO - [2024-01-14T15:11:22.963+0200] {dag.py:3033} INFO - Sync 1 DAGs
[2024-01-14T15:11:22.971+0200] {logging_mixin.py:188} INFO - [2024-01-14T15:11:22.971+0200] {dag.py:3820} INFO - Setting next_dagrun for example_params_trigger_ui to None, run_after=None
[2024-01-14T15:11:22.994+0200] {processor.py:183} INFO - Processing /home/mahmoud/airflow_env/lib/python3.10/site-packages/airflow/example_dags/example_params_trigger_ui.py took 0.081 seconds
[2024-01-14T15:12:17.333+0200] {processor.py:161} INFO - Started process (PID=17261) to work on /home/mahmoud/airflow_env/lib/python3.10/site-packages/airflow/example_dags/example_params_trigger_ui.py
[2024-01-14T15:12:17.335+0200] {processor.py:830} INFO - Processing file /home/mahmoud/airflow_env/lib/python3.10/site-packages/airflow/example_dags/example_params_trigger_ui.py for tasks to queue
[2024-01-14T15:12:17.336+0200] {logging_mixin.py:188} INFO - [2024-01-14T15:12:17.336+0200] {dagbag.py:538} INFO - Filling up the DagBag from /home/mahmoud/airflow_env/lib/python3.10/site-packages/airflow/example_dags/example_params_trigger_ui.py
[2024-01-14T15:12:17.350+0200] {processor.py:840} INFO - DAG(s) 'example_params_trigger_ui' retrieved from /home/mahmoud/airflow_env/lib/python3.10/site-packages/airflow/example_dags/example_params_trigger_ui.py
[2024-01-14T15:12:17.384+0200] {logging_mixin.py:188} INFO - [2024-01-14T15:12:17.384+0200] {dag.py:3033} INFO - Sync 1 DAGs
[2024-01-14T15:12:17.391+0200] {logging_mixin.py:188} INFO - [2024-01-14T15:12:17.391+0200] {dag.py:3820} INFO - Setting next_dagrun for example_params_trigger_ui to None, run_after=None
[2024-01-14T15:12:17.412+0200] {processor.py:183} INFO - Processing /home/mahmoud/airflow_env/lib/python3.10/site-packages/airflow/example_dags/example_params_trigger_ui.py took 0.083 seconds
[2024-01-14T15:13:11.188+0200] {processor.py:161} INFO - Started process (PID=17498) to work on /home/mahmoud/airflow_env/lib/python3.10/site-packages/airflow/example_dags/example_params_trigger_ui.py
[2024-01-14T15:13:11.189+0200] {processor.py:830} INFO - Processing file /home/mahmoud/airflow_env/lib/python3.10/site-packages/airflow/example_dags/example_params_trigger_ui.py for tasks to queue
[2024-01-14T15:13:11.190+0200] {logging_mixin.py:188} INFO - [2024-01-14T15:13:11.190+0200] {dagbag.py:538} INFO - Filling up the DagBag from /home/mahmoud/airflow_env/lib/python3.10/site-packages/airflow/example_dags/example_params_trigger_ui.py
[2024-01-14T15:13:11.208+0200] {processor.py:840} INFO - DAG(s) 'example_params_trigger_ui' retrieved from /home/mahmoud/airflow_env/lib/python3.10/site-packages/airflow/example_dags/example_params_trigger_ui.py
[2024-01-14T15:13:11.244+0200] {logging_mixin.py:188} INFO - [2024-01-14T15:13:11.244+0200] {dag.py:3033} INFO - Sync 1 DAGs
[2024-01-14T15:13:11.254+0200] {logging_mixin.py:188} INFO - [2024-01-14T15:13:11.254+0200] {dag.py:3820} INFO - Setting next_dagrun for example_params_trigger_ui to None, run_after=None
[2024-01-14T15:13:11.276+0200] {processor.py:183} INFO - Processing /home/mahmoud/airflow_env/lib/python3.10/site-packages/airflow/example_dags/example_params_trigger_ui.py took 0.093 seconds
[2024-01-14T15:20:07.689+0200] {processor.py:161} INFO - Started process (PID=19495) to work on /home/mahmoud/airflow_env/lib/python3.10/site-packages/airflow/example_dags/example_params_trigger_ui.py
[2024-01-14T15:20:07.691+0200] {processor.py:830} INFO - Processing file /home/mahmoud/airflow_env/lib/python3.10/site-packages/airflow/example_dags/example_params_trigger_ui.py for tasks to queue
[2024-01-14T15:20:07.691+0200] {logging_mixin.py:188} INFO - [2024-01-14T15:20:07.691+0200] {dagbag.py:538} INFO - Filling up the DagBag from /home/mahmoud/airflow_env/lib/python3.10/site-packages/airflow/example_dags/example_params_trigger_ui.py
[2024-01-14T15:20:07.706+0200] {processor.py:840} INFO - DAG(s) 'example_params_trigger_ui' retrieved from /home/mahmoud/airflow_env/lib/python3.10/site-packages/airflow/example_dags/example_params_trigger_ui.py
[2024-01-14T15:20:07.743+0200] {logging_mixin.py:188} INFO - [2024-01-14T15:20:07.743+0200] {dag.py:3033} INFO - Sync 1 DAGs
[2024-01-14T15:20:07.823+0200] {logging_mixin.py:188} INFO - [2024-01-14T15:20:07.823+0200] {dag.py:3820} INFO - Setting next_dagrun for example_params_trigger_ui to None, run_after=None
[2024-01-14T15:20:07.849+0200] {processor.py:183} INFO - Processing /home/mahmoud/airflow_env/lib/python3.10/site-packages/airflow/example_dags/example_params_trigger_ui.py took 0.163 seconds
[2024-01-14T15:20:58.316+0200] {processor.py:161} INFO - Started process (PID=19688) to work on /home/mahmoud/airflow_env/lib/python3.10/site-packages/airflow/example_dags/example_params_trigger_ui.py
[2024-01-14T15:20:58.318+0200] {processor.py:830} INFO - Processing file /home/mahmoud/airflow_env/lib/python3.10/site-packages/airflow/example_dags/example_params_trigger_ui.py for tasks to queue
[2024-01-14T15:20:58.319+0200] {logging_mixin.py:188} INFO - [2024-01-14T15:20:58.319+0200] {dagbag.py:538} INFO - Filling up the DagBag from /home/mahmoud/airflow_env/lib/python3.10/site-packages/airflow/example_dags/example_params_trigger_ui.py
[2024-01-14T15:20:58.334+0200] {processor.py:840} INFO - DAG(s) 'example_params_trigger_ui' retrieved from /home/mahmoud/airflow_env/lib/python3.10/site-packages/airflow/example_dags/example_params_trigger_ui.py
[2024-01-14T15:20:58.372+0200] {logging_mixin.py:188} INFO - [2024-01-14T15:20:58.372+0200] {dag.py:3033} INFO - Sync 1 DAGs
[2024-01-14T15:20:58.381+0200] {logging_mixin.py:188} INFO - [2024-01-14T15:20:58.381+0200] {dag.py:3820} INFO - Setting next_dagrun for example_params_trigger_ui to None, run_after=None
[2024-01-14T15:20:58.404+0200] {processor.py:183} INFO - Processing /home/mahmoud/airflow_env/lib/python3.10/site-packages/airflow/example_dags/example_params_trigger_ui.py took 0.092 seconds
[2024-01-14T15:21:47.672+0200] {processor.py:161} INFO - Started process (PID=19881) to work on /home/mahmoud/airflow_env/lib/python3.10/site-packages/airflow/example_dags/example_params_trigger_ui.py
[2024-01-14T15:21:47.677+0200] {processor.py:830} INFO - Processing file /home/mahmoud/airflow_env/lib/python3.10/site-packages/airflow/example_dags/example_params_trigger_ui.py for tasks to queue
[2024-01-14T15:21:47.678+0200] {logging_mixin.py:188} INFO - [2024-01-14T15:21:47.678+0200] {dagbag.py:538} INFO - Filling up the DagBag from /home/mahmoud/airflow_env/lib/python3.10/site-packages/airflow/example_dags/example_params_trigger_ui.py
[2024-01-14T15:21:47.694+0200] {processor.py:840} INFO - DAG(s) 'example_params_trigger_ui' retrieved from /home/mahmoud/airflow_env/lib/python3.10/site-packages/airflow/example_dags/example_params_trigger_ui.py
[2024-01-14T15:21:47.728+0200] {logging_mixin.py:188} INFO - [2024-01-14T15:21:47.728+0200] {dag.py:3033} INFO - Sync 1 DAGs
[2024-01-14T15:21:47.736+0200] {logging_mixin.py:188} INFO - [2024-01-14T15:21:47.736+0200] {dag.py:3820} INFO - Setting next_dagrun for example_params_trigger_ui to None, run_after=None
[2024-01-14T15:21:47.759+0200] {processor.py:183} INFO - Processing /home/mahmoud/airflow_env/lib/python3.10/site-packages/airflow/example_dags/example_params_trigger_ui.py took 0.091 seconds
[2024-01-14T15:22:27.090+0200] {processor.py:161} INFO - Started process (PID=20037) to work on /home/mahmoud/airflow_env/lib/python3.10/site-packages/airflow/example_dags/example_params_trigger_ui.py
[2024-01-14T15:22:27.092+0200] {processor.py:830} INFO - Processing file /home/mahmoud/airflow_env/lib/python3.10/site-packages/airflow/example_dags/example_params_trigger_ui.py for tasks to queue
[2024-01-14T15:22:27.093+0200] {logging_mixin.py:188} INFO - [2024-01-14T15:22:27.093+0200] {dagbag.py:538} INFO - Filling up the DagBag from /home/mahmoud/airflow_env/lib/python3.10/site-packages/airflow/example_dags/example_params_trigger_ui.py
[2024-01-14T15:22:27.106+0200] {processor.py:840} INFO - DAG(s) 'example_params_trigger_ui' retrieved from /home/mahmoud/airflow_env/lib/python3.10/site-packages/airflow/example_dags/example_params_trigger_ui.py
[2024-01-14T15:22:27.141+0200] {logging_mixin.py:188} INFO - [2024-01-14T15:22:27.141+0200] {dag.py:3033} INFO - Sync 1 DAGs
[2024-01-14T15:22:27.149+0200] {logging_mixin.py:188} INFO - [2024-01-14T15:22:27.149+0200] {dag.py:3820} INFO - Setting next_dagrun for example_params_trigger_ui to None, run_after=None
[2024-01-14T15:22:27.169+0200] {processor.py:183} INFO - Processing /home/mahmoud/airflow_env/lib/python3.10/site-packages/airflow/example_dags/example_params_trigger_ui.py took 0.082 seconds
[2024-01-14T15:23:36.863+0200] {processor.py:161} INFO - Started process (PID=20473) to work on /home/mahmoud/airflow_env/lib/python3.10/site-packages/airflow/example_dags/example_params_trigger_ui.py
[2024-01-14T15:23:36.866+0200] {processor.py:830} INFO - Processing file /home/mahmoud/airflow_env/lib/python3.10/site-packages/airflow/example_dags/example_params_trigger_ui.py for tasks to queue
[2024-01-14T15:23:36.867+0200] {logging_mixin.py:188} INFO - [2024-01-14T15:23:36.866+0200] {dagbag.py:538} INFO - Filling up the DagBag from /home/mahmoud/airflow_env/lib/python3.10/site-packages/airflow/example_dags/example_params_trigger_ui.py
[2024-01-14T15:23:36.884+0200] {processor.py:840} INFO - DAG(s) 'example_params_trigger_ui' retrieved from /home/mahmoud/airflow_env/lib/python3.10/site-packages/airflow/example_dags/example_params_trigger_ui.py
[2024-01-14T15:23:36.921+0200] {logging_mixin.py:188} INFO - [2024-01-14T15:23:36.921+0200] {dag.py:3033} INFO - Sync 1 DAGs
[2024-01-14T15:23:37.004+0200] {logging_mixin.py:188} INFO - [2024-01-14T15:23:37.004+0200] {dag.py:3820} INFO - Setting next_dagrun for example_params_trigger_ui to None, run_after=None
[2024-01-14T15:23:37.029+0200] {processor.py:183} INFO - Processing /home/mahmoud/airflow_env/lib/python3.10/site-packages/airflow/example_dags/example_params_trigger_ui.py took 0.171 seconds
[2024-01-14T15:37:58.944+0200] {processor.py:161} INFO - Started process (PID=24534) to work on /home/mahmoud/airflow_env/lib/python3.10/site-packages/airflow/example_dags/example_params_trigger_ui.py
[2024-01-14T15:37:58.946+0200] {processor.py:830} INFO - Processing file /home/mahmoud/airflow_env/lib/python3.10/site-packages/airflow/example_dags/example_params_trigger_ui.py for tasks to queue
[2024-01-14T15:37:58.947+0200] {logging_mixin.py:188} INFO - [2024-01-14T15:37:58.947+0200] {dagbag.py:538} INFO - Filling up the DagBag from /home/mahmoud/airflow_env/lib/python3.10/site-packages/airflow/example_dags/example_params_trigger_ui.py
[2024-01-14T15:37:58.962+0200] {processor.py:840} INFO - DAG(s) 'example_params_trigger_ui' retrieved from /home/mahmoud/airflow_env/lib/python3.10/site-packages/airflow/example_dags/example_params_trigger_ui.py
[2024-01-14T15:37:58.997+0200] {logging_mixin.py:188} INFO - [2024-01-14T15:37:58.997+0200] {dag.py:3033} INFO - Sync 1 DAGs
[2024-01-14T15:37:59.082+0200] {logging_mixin.py:188} INFO - [2024-01-14T15:37:59.081+0200] {dag.py:3820} INFO - Setting next_dagrun for example_params_trigger_ui to None, run_after=None
[2024-01-14T15:37:59.106+0200] {processor.py:183} INFO - Processing /home/mahmoud/airflow_env/lib/python3.10/site-packages/airflow/example_dags/example_params_trigger_ui.py took 0.165 seconds
[2024-01-14T15:38:50.073+0200] {processor.py:161} INFO - Started process (PID=24913) to work on /home/mahmoud/airflow_env/lib/python3.10/site-packages/airflow/example_dags/example_params_trigger_ui.py
[2024-01-14T15:38:50.075+0200] {processor.py:830} INFO - Processing file /home/mahmoud/airflow_env/lib/python3.10/site-packages/airflow/example_dags/example_params_trigger_ui.py for tasks to queue
[2024-01-14T15:38:50.075+0200] {logging_mixin.py:188} INFO - [2024-01-14T15:38:50.075+0200] {dagbag.py:538} INFO - Filling up the DagBag from /home/mahmoud/airflow_env/lib/python3.10/site-packages/airflow/example_dags/example_params_trigger_ui.py
[2024-01-14T15:38:50.087+0200] {processor.py:840} INFO - DAG(s) 'example_params_trigger_ui' retrieved from /home/mahmoud/airflow_env/lib/python3.10/site-packages/airflow/example_dags/example_params_trigger_ui.py
[2024-01-14T15:38:50.121+0200] {logging_mixin.py:188} INFO - [2024-01-14T15:38:50.121+0200] {dag.py:3033} INFO - Sync 1 DAGs
[2024-01-14T15:38:50.130+0200] {logging_mixin.py:188} INFO - [2024-01-14T15:38:50.129+0200] {dag.py:3820} INFO - Setting next_dagrun for example_params_trigger_ui to None, run_after=None
[2024-01-14T15:38:50.149+0200] {processor.py:183} INFO - Processing /home/mahmoud/airflow_env/lib/python3.10/site-packages/airflow/example_dags/example_params_trigger_ui.py took 0.079 seconds
[2024-01-14T15:39:37.689+0200] {processor.py:161} INFO - Started process (PID=25205) to work on /home/mahmoud/airflow_env/lib/python3.10/site-packages/airflow/example_dags/example_params_trigger_ui.py
[2024-01-14T15:39:37.691+0200] {processor.py:830} INFO - Processing file /home/mahmoud/airflow_env/lib/python3.10/site-packages/airflow/example_dags/example_params_trigger_ui.py for tasks to queue
[2024-01-14T15:39:37.692+0200] {logging_mixin.py:188} INFO - [2024-01-14T15:39:37.691+0200] {dagbag.py:538} INFO - Filling up the DagBag from /home/mahmoud/airflow_env/lib/python3.10/site-packages/airflow/example_dags/example_params_trigger_ui.py
[2024-01-14T15:39:37.702+0200] {processor.py:840} INFO - DAG(s) 'example_params_trigger_ui' retrieved from /home/mahmoud/airflow_env/lib/python3.10/site-packages/airflow/example_dags/example_params_trigger_ui.py
[2024-01-14T15:39:37.750+0200] {logging_mixin.py:188} INFO - [2024-01-14T15:39:37.750+0200] {dag.py:3033} INFO - Sync 1 DAGs
[2024-01-14T15:39:37.759+0200] {logging_mixin.py:188} INFO - [2024-01-14T15:39:37.759+0200] {dag.py:3820} INFO - Setting next_dagrun for example_params_trigger_ui to None, run_after=None
[2024-01-14T15:39:37.779+0200] {processor.py:183} INFO - Processing /home/mahmoud/airflow_env/lib/python3.10/site-packages/airflow/example_dags/example_params_trigger_ui.py took 0.093 seconds
[2024-01-14T15:40:29.224+0200] {processor.py:161} INFO - Started process (PID=25408) to work on /home/mahmoud/airflow_env/lib/python3.10/site-packages/airflow/example_dags/example_params_trigger_ui.py
[2024-01-14T15:40:29.225+0200] {processor.py:830} INFO - Processing file /home/mahmoud/airflow_env/lib/python3.10/site-packages/airflow/example_dags/example_params_trigger_ui.py for tasks to queue
[2024-01-14T15:40:29.226+0200] {logging_mixin.py:188} INFO - [2024-01-14T15:40:29.226+0200] {dagbag.py:538} INFO - Filling up the DagBag from /home/mahmoud/airflow_env/lib/python3.10/site-packages/airflow/example_dags/example_params_trigger_ui.py
[2024-01-14T15:40:29.240+0200] {processor.py:840} INFO - DAG(s) 'example_params_trigger_ui' retrieved from /home/mahmoud/airflow_env/lib/python3.10/site-packages/airflow/example_dags/example_params_trigger_ui.py
[2024-01-14T15:40:29.276+0200] {logging_mixin.py:188} INFO - [2024-01-14T15:40:29.276+0200] {dag.py:3033} INFO - Sync 1 DAGs
[2024-01-14T15:40:29.285+0200] {logging_mixin.py:188} INFO - [2024-01-14T15:40:29.284+0200] {dag.py:3820} INFO - Setting next_dagrun for example_params_trigger_ui to None, run_after=None
[2024-01-14T15:40:29.308+0200] {processor.py:183} INFO - Processing /home/mahmoud/airflow_env/lib/python3.10/site-packages/airflow/example_dags/example_params_trigger_ui.py took 0.087 seconds
[2024-01-14T15:41:23.291+0200] {processor.py:161} INFO - Started process (PID=25683) to work on /home/mahmoud/airflow_env/lib/python3.10/site-packages/airflow/example_dags/example_params_trigger_ui.py
[2024-01-14T15:41:23.293+0200] {processor.py:830} INFO - Processing file /home/mahmoud/airflow_env/lib/python3.10/site-packages/airflow/example_dags/example_params_trigger_ui.py for tasks to queue
[2024-01-14T15:41:23.294+0200] {logging_mixin.py:188} INFO - [2024-01-14T15:41:23.294+0200] {dagbag.py:538} INFO - Filling up the DagBag from /home/mahmoud/airflow_env/lib/python3.10/site-packages/airflow/example_dags/example_params_trigger_ui.py
[2024-01-14T15:41:23.307+0200] {processor.py:840} INFO - DAG(s) 'example_params_trigger_ui' retrieved from /home/mahmoud/airflow_env/lib/python3.10/site-packages/airflow/example_dags/example_params_trigger_ui.py
[2024-01-14T15:41:23.347+0200] {logging_mixin.py:188} INFO - [2024-01-14T15:41:23.347+0200] {dag.py:3033} INFO - Sync 1 DAGs
[2024-01-14T15:41:23.358+0200] {logging_mixin.py:188} INFO - [2024-01-14T15:41:23.358+0200] {dag.py:3820} INFO - Setting next_dagrun for example_params_trigger_ui to None, run_after=None
[2024-01-14T15:41:23.383+0200] {processor.py:183} INFO - Processing /home/mahmoud/airflow_env/lib/python3.10/site-packages/airflow/example_dags/example_params_trigger_ui.py took 0.095 seconds
[2024-01-14T15:42:15.133+0200] {processor.py:161} INFO - Started process (PID=25887) to work on /home/mahmoud/airflow_env/lib/python3.10/site-packages/airflow/example_dags/example_params_trigger_ui.py
[2024-01-14T15:42:15.135+0200] {processor.py:830} INFO - Processing file /home/mahmoud/airflow_env/lib/python3.10/site-packages/airflow/example_dags/example_params_trigger_ui.py for tasks to queue
[2024-01-14T15:42:15.136+0200] {logging_mixin.py:188} INFO - [2024-01-14T15:42:15.135+0200] {dagbag.py:538} INFO - Filling up the DagBag from /home/mahmoud/airflow_env/lib/python3.10/site-packages/airflow/example_dags/example_params_trigger_ui.py
[2024-01-14T15:42:15.154+0200] {processor.py:840} INFO - DAG(s) 'example_params_trigger_ui' retrieved from /home/mahmoud/airflow_env/lib/python3.10/site-packages/airflow/example_dags/example_params_trigger_ui.py
[2024-01-14T15:42:15.199+0200] {logging_mixin.py:188} INFO - [2024-01-14T15:42:15.198+0200] {dag.py:3033} INFO - Sync 1 DAGs
[2024-01-14T15:42:15.212+0200] {logging_mixin.py:188} INFO - [2024-01-14T15:42:15.212+0200] {dag.py:3820} INFO - Setting next_dagrun for example_params_trigger_ui to None, run_after=None
[2024-01-14T15:42:15.233+0200] {processor.py:183} INFO - Processing /home/mahmoud/airflow_env/lib/python3.10/site-packages/airflow/example_dags/example_params_trigger_ui.py took 0.104 seconds
[2024-01-14T15:43:17.839+0200] {processor.py:161} INFO - Started process (PID=26667) to work on /home/mahmoud/airflow_env/lib/python3.10/site-packages/airflow/example_dags/example_params_trigger_ui.py
[2024-01-14T15:43:17.842+0200] {processor.py:830} INFO - Processing file /home/mahmoud/airflow_env/lib/python3.10/site-packages/airflow/example_dags/example_params_trigger_ui.py for tasks to queue
[2024-01-14T15:43:17.844+0200] {logging_mixin.py:188} INFO - [2024-01-14T15:43:17.843+0200] {dagbag.py:538} INFO - Filling up the DagBag from /home/mahmoud/airflow_env/lib/python3.10/site-packages/airflow/example_dags/example_params_trigger_ui.py
[2024-01-14T15:43:17.864+0200] {processor.py:840} INFO - DAG(s) 'example_params_trigger_ui' retrieved from /home/mahmoud/airflow_env/lib/python3.10/site-packages/airflow/example_dags/example_params_trigger_ui.py
[2024-01-14T15:43:17.902+0200] {logging_mixin.py:188} INFO - [2024-01-14T15:43:17.902+0200] {dag.py:3033} INFO - Sync 1 DAGs
[2024-01-14T15:43:17.910+0200] {logging_mixin.py:188} INFO - [2024-01-14T15:43:17.910+0200] {dag.py:3820} INFO - Setting next_dagrun for example_params_trigger_ui to None, run_after=None
[2024-01-14T15:43:17.931+0200] {processor.py:183} INFO - Processing /home/mahmoud/airflow_env/lib/python3.10/site-packages/airflow/example_dags/example_params_trigger_ui.py took 0.100 seconds
[2024-01-14T15:44:07.976+0200] {processor.py:161} INFO - Started process (PID=27018) to work on /home/mahmoud/airflow_env/lib/python3.10/site-packages/airflow/example_dags/example_params_trigger_ui.py
[2024-01-14T15:44:07.979+0200] {processor.py:830} INFO - Processing file /home/mahmoud/airflow_env/lib/python3.10/site-packages/airflow/example_dags/example_params_trigger_ui.py for tasks to queue
[2024-01-14T15:44:07.980+0200] {logging_mixin.py:188} INFO - [2024-01-14T15:44:07.979+0200] {dagbag.py:538} INFO - Filling up the DagBag from /home/mahmoud/airflow_env/lib/python3.10/site-packages/airflow/example_dags/example_params_trigger_ui.py
[2024-01-14T15:44:07.996+0200] {processor.py:840} INFO - DAG(s) 'example_params_trigger_ui' retrieved from /home/mahmoud/airflow_env/lib/python3.10/site-packages/airflow/example_dags/example_params_trigger_ui.py
[2024-01-14T15:44:08.032+0200] {logging_mixin.py:188} INFO - [2024-01-14T15:44:08.032+0200] {dag.py:3033} INFO - Sync 1 DAGs
[2024-01-14T15:44:08.040+0200] {logging_mixin.py:188} INFO - [2024-01-14T15:44:08.039+0200] {dag.py:3820} INFO - Setting next_dagrun for example_params_trigger_ui to None, run_after=None
[2024-01-14T15:44:08.060+0200] {processor.py:183} INFO - Processing /home/mahmoud/airflow_env/lib/python3.10/site-packages/airflow/example_dags/example_params_trigger_ui.py took 0.088 seconds
[2024-01-14T15:44:55.382+0200] {processor.py:161} INFO - Started process (PID=27600) to work on /home/mahmoud/airflow_env/lib/python3.10/site-packages/airflow/example_dags/example_params_trigger_ui.py
[2024-01-14T15:44:55.384+0200] {processor.py:830} INFO - Processing file /home/mahmoud/airflow_env/lib/python3.10/site-packages/airflow/example_dags/example_params_trigger_ui.py for tasks to queue
[2024-01-14T15:44:55.385+0200] {logging_mixin.py:188} INFO - [2024-01-14T15:44:55.385+0200] {dagbag.py:538} INFO - Filling up the DagBag from /home/mahmoud/airflow_env/lib/python3.10/site-packages/airflow/example_dags/example_params_trigger_ui.py
[2024-01-14T15:44:55.400+0200] {processor.py:840} INFO - DAG(s) 'example_params_trigger_ui' retrieved from /home/mahmoud/airflow_env/lib/python3.10/site-packages/airflow/example_dags/example_params_trigger_ui.py
[2024-01-14T15:44:55.439+0200] {logging_mixin.py:188} INFO - [2024-01-14T15:44:55.438+0200] {dag.py:3033} INFO - Sync 1 DAGs
[2024-01-14T15:44:55.449+0200] {logging_mixin.py:188} INFO - [2024-01-14T15:44:55.449+0200] {dag.py:3820} INFO - Setting next_dagrun for example_params_trigger_ui to None, run_after=None
[2024-01-14T15:44:55.477+0200] {processor.py:183} INFO - Processing /home/mahmoud/airflow_env/lib/python3.10/site-packages/airflow/example_dags/example_params_trigger_ui.py took 0.098 seconds
[2024-01-14T15:45:37.741+0200] {processor.py:161} INFO - Started process (PID=27833) to work on /home/mahmoud/airflow_env/lib/python3.10/site-packages/airflow/example_dags/example_params_trigger_ui.py
[2024-01-14T15:45:37.744+0200] {processor.py:830} INFO - Processing file /home/mahmoud/airflow_env/lib/python3.10/site-packages/airflow/example_dags/example_params_trigger_ui.py for tasks to queue
[2024-01-14T15:45:37.745+0200] {logging_mixin.py:188} INFO - [2024-01-14T15:45:37.745+0200] {dagbag.py:538} INFO - Filling up the DagBag from /home/mahmoud/airflow_env/lib/python3.10/site-packages/airflow/example_dags/example_params_trigger_ui.py
[2024-01-14T15:45:37.761+0200] {processor.py:840} INFO - DAG(s) 'example_params_trigger_ui' retrieved from /home/mahmoud/airflow_env/lib/python3.10/site-packages/airflow/example_dags/example_params_trigger_ui.py
[2024-01-14T15:45:37.814+0200] {logging_mixin.py:188} INFO - [2024-01-14T15:45:37.813+0200] {dag.py:3033} INFO - Sync 1 DAGs
[2024-01-14T15:45:37.825+0200] {logging_mixin.py:188} INFO - [2024-01-14T15:45:37.824+0200] {dag.py:3820} INFO - Setting next_dagrun for example_params_trigger_ui to None, run_after=None
[2024-01-14T15:45:37.847+0200] {processor.py:183} INFO - Processing /home/mahmoud/airflow_env/lib/python3.10/site-packages/airflow/example_dags/example_params_trigger_ui.py took 0.110 seconds
[2024-01-14T15:46:30.875+0200] {processor.py:161} INFO - Started process (PID=28043) to work on /home/mahmoud/airflow_env/lib/python3.10/site-packages/airflow/example_dags/example_params_trigger_ui.py
[2024-01-14T15:46:30.876+0200] {processor.py:830} INFO - Processing file /home/mahmoud/airflow_env/lib/python3.10/site-packages/airflow/example_dags/example_params_trigger_ui.py for tasks to queue
[2024-01-14T15:46:30.877+0200] {logging_mixin.py:188} INFO - [2024-01-14T15:46:30.877+0200] {dagbag.py:538} INFO - Filling up the DagBag from /home/mahmoud/airflow_env/lib/python3.10/site-packages/airflow/example_dags/example_params_trigger_ui.py
[2024-01-14T15:46:30.890+0200] {processor.py:840} INFO - DAG(s) 'example_params_trigger_ui' retrieved from /home/mahmoud/airflow_env/lib/python3.10/site-packages/airflow/example_dags/example_params_trigger_ui.py
[2024-01-14T15:46:30.927+0200] {logging_mixin.py:188} INFO - [2024-01-14T15:46:30.927+0200] {dag.py:3033} INFO - Sync 1 DAGs
[2024-01-14T15:46:30.937+0200] {logging_mixin.py:188} INFO - [2024-01-14T15:46:30.937+0200] {dag.py:3820} INFO - Setting next_dagrun for example_params_trigger_ui to None, run_after=None
[2024-01-14T15:46:30.962+0200] {processor.py:183} INFO - Processing /home/mahmoud/airflow_env/lib/python3.10/site-packages/airflow/example_dags/example_params_trigger_ui.py took 0.091 seconds
[2024-01-14T15:47:23.428+0200] {processor.py:161} INFO - Started process (PID=28314) to work on /home/mahmoud/airflow_env/lib/python3.10/site-packages/airflow/example_dags/example_params_trigger_ui.py
[2024-01-14T15:47:23.430+0200] {processor.py:830} INFO - Processing file /home/mahmoud/airflow_env/lib/python3.10/site-packages/airflow/example_dags/example_params_trigger_ui.py for tasks to queue
[2024-01-14T15:47:23.432+0200] {logging_mixin.py:188} INFO - [2024-01-14T15:47:23.431+0200] {dagbag.py:538} INFO - Filling up the DagBag from /home/mahmoud/airflow_env/lib/python3.10/site-packages/airflow/example_dags/example_params_trigger_ui.py
[2024-01-14T15:47:23.448+0200] {processor.py:840} INFO - DAG(s) 'example_params_trigger_ui' retrieved from /home/mahmoud/airflow_env/lib/python3.10/site-packages/airflow/example_dags/example_params_trigger_ui.py
[2024-01-14T15:47:23.480+0200] {logging_mixin.py:188} INFO - [2024-01-14T15:47:23.480+0200] {dag.py:3033} INFO - Sync 1 DAGs
[2024-01-14T15:47:23.489+0200] {logging_mixin.py:188} INFO - [2024-01-14T15:47:23.489+0200] {dag.py:3820} INFO - Setting next_dagrun for example_params_trigger_ui to None, run_after=None
[2024-01-14T15:47:23.512+0200] {processor.py:183} INFO - Processing /home/mahmoud/airflow_env/lib/python3.10/site-packages/airflow/example_dags/example_params_trigger_ui.py took 0.089 seconds
[2024-01-14T15:48:15.399+0200] {processor.py:161} INFO - Started process (PID=28545) to work on /home/mahmoud/airflow_env/lib/python3.10/site-packages/airflow/example_dags/example_params_trigger_ui.py
[2024-01-14T15:48:15.401+0200] {processor.py:830} INFO - Processing file /home/mahmoud/airflow_env/lib/python3.10/site-packages/airflow/example_dags/example_params_trigger_ui.py for tasks to queue
[2024-01-14T15:48:15.402+0200] {logging_mixin.py:188} INFO - [2024-01-14T15:48:15.402+0200] {dagbag.py:538} INFO - Filling up the DagBag from /home/mahmoud/airflow_env/lib/python3.10/site-packages/airflow/example_dags/example_params_trigger_ui.py
[2024-01-14T15:48:15.418+0200] {processor.py:840} INFO - DAG(s) 'example_params_trigger_ui' retrieved from /home/mahmoud/airflow_env/lib/python3.10/site-packages/airflow/example_dags/example_params_trigger_ui.py
[2024-01-14T15:48:15.452+0200] {logging_mixin.py:188} INFO - [2024-01-14T15:48:15.452+0200] {dag.py:3033} INFO - Sync 1 DAGs
[2024-01-14T15:48:15.460+0200] {logging_mixin.py:188} INFO - [2024-01-14T15:48:15.460+0200] {dag.py:3820} INFO - Setting next_dagrun for example_params_trigger_ui to None, run_after=None
[2024-01-14T15:48:15.480+0200] {processor.py:183} INFO - Processing /home/mahmoud/airflow_env/lib/python3.10/site-packages/airflow/example_dags/example_params_trigger_ui.py took 0.085 seconds
[2024-01-14T15:49:09.460+0200] {processor.py:161} INFO - Started process (PID=28762) to work on /home/mahmoud/airflow_env/lib/python3.10/site-packages/airflow/example_dags/example_params_trigger_ui.py
[2024-01-14T15:49:09.461+0200] {processor.py:830} INFO - Processing file /home/mahmoud/airflow_env/lib/python3.10/site-packages/airflow/example_dags/example_params_trigger_ui.py for tasks to queue
[2024-01-14T15:49:09.462+0200] {logging_mixin.py:188} INFO - [2024-01-14T15:49:09.462+0200] {dagbag.py:538} INFO - Filling up the DagBag from /home/mahmoud/airflow_env/lib/python3.10/site-packages/airflow/example_dags/example_params_trigger_ui.py
[2024-01-14T15:49:09.476+0200] {processor.py:840} INFO - DAG(s) 'example_params_trigger_ui' retrieved from /home/mahmoud/airflow_env/lib/python3.10/site-packages/airflow/example_dags/example_params_trigger_ui.py
[2024-01-14T15:49:09.511+0200] {logging_mixin.py:188} INFO - [2024-01-14T15:49:09.511+0200] {dag.py:3033} INFO - Sync 1 DAGs
[2024-01-14T15:49:09.519+0200] {logging_mixin.py:188} INFO - [2024-01-14T15:49:09.519+0200] {dag.py:3820} INFO - Setting next_dagrun for example_params_trigger_ui to None, run_after=None
[2024-01-14T15:49:09.539+0200] {processor.py:183} INFO - Processing /home/mahmoud/airflow_env/lib/python3.10/site-packages/airflow/example_dags/example_params_trigger_ui.py took 0.083 seconds
[2024-01-14T15:50:02.645+0200] {processor.py:161} INFO - Started process (PID=28967) to work on /home/mahmoud/airflow_env/lib/python3.10/site-packages/airflow/example_dags/example_params_trigger_ui.py
[2024-01-14T15:50:02.646+0200] {processor.py:830} INFO - Processing file /home/mahmoud/airflow_env/lib/python3.10/site-packages/airflow/example_dags/example_params_trigger_ui.py for tasks to queue
[2024-01-14T15:50:02.647+0200] {logging_mixin.py:188} INFO - [2024-01-14T15:50:02.646+0200] {dagbag.py:538} INFO - Filling up the DagBag from /home/mahmoud/airflow_env/lib/python3.10/site-packages/airflow/example_dags/example_params_trigger_ui.py
[2024-01-14T15:50:02.661+0200] {processor.py:840} INFO - DAG(s) 'example_params_trigger_ui' retrieved from /home/mahmoud/airflow_env/lib/python3.10/site-packages/airflow/example_dags/example_params_trigger_ui.py
[2024-01-14T15:50:02.696+0200] {logging_mixin.py:188} INFO - [2024-01-14T15:50:02.696+0200] {dag.py:3033} INFO - Sync 1 DAGs
[2024-01-14T15:50:02.704+0200] {logging_mixin.py:188} INFO - [2024-01-14T15:50:02.704+0200] {dag.py:3820} INFO - Setting next_dagrun for example_params_trigger_ui to None, run_after=None
[2024-01-14T15:50:02.726+0200] {processor.py:183} INFO - Processing /home/mahmoud/airflow_env/lib/python3.10/site-packages/airflow/example_dags/example_params_trigger_ui.py took 0.084 seconds
[2024-01-14T15:50:54.384+0200] {processor.py:161} INFO - Started process (PID=29177) to work on /home/mahmoud/airflow_env/lib/python3.10/site-packages/airflow/example_dags/example_params_trigger_ui.py
[2024-01-14T15:50:54.385+0200] {processor.py:830} INFO - Processing file /home/mahmoud/airflow_env/lib/python3.10/site-packages/airflow/example_dags/example_params_trigger_ui.py for tasks to queue
[2024-01-14T15:50:54.386+0200] {logging_mixin.py:188} INFO - [2024-01-14T15:50:54.385+0200] {dagbag.py:538} INFO - Filling up the DagBag from /home/mahmoud/airflow_env/lib/python3.10/site-packages/airflow/example_dags/example_params_trigger_ui.py
[2024-01-14T15:50:54.397+0200] {processor.py:840} INFO - DAG(s) 'example_params_trigger_ui' retrieved from /home/mahmoud/airflow_env/lib/python3.10/site-packages/airflow/example_dags/example_params_trigger_ui.py
[2024-01-14T15:50:54.431+0200] {logging_mixin.py:188} INFO - [2024-01-14T15:50:54.430+0200] {dag.py:3033} INFO - Sync 1 DAGs
[2024-01-14T15:50:54.438+0200] {logging_mixin.py:188} INFO - [2024-01-14T15:50:54.438+0200] {dag.py:3820} INFO - Setting next_dagrun for example_params_trigger_ui to None, run_after=None
[2024-01-14T15:50:54.461+0200] {processor.py:183} INFO - Processing /home/mahmoud/airflow_env/lib/python3.10/site-packages/airflow/example_dags/example_params_trigger_ui.py took 0.079 seconds
[2024-01-14T15:51:47.033+0200] {processor.py:161} INFO - Started process (PID=29382) to work on /home/mahmoud/airflow_env/lib/python3.10/site-packages/airflow/example_dags/example_params_trigger_ui.py
[2024-01-14T15:51:47.035+0200] {processor.py:830} INFO - Processing file /home/mahmoud/airflow_env/lib/python3.10/site-packages/airflow/example_dags/example_params_trigger_ui.py for tasks to queue
[2024-01-14T15:51:47.036+0200] {logging_mixin.py:188} INFO - [2024-01-14T15:51:47.036+0200] {dagbag.py:538} INFO - Filling up the DagBag from /home/mahmoud/airflow_env/lib/python3.10/site-packages/airflow/example_dags/example_params_trigger_ui.py
[2024-01-14T15:51:47.048+0200] {processor.py:840} INFO - DAG(s) 'example_params_trigger_ui' retrieved from /home/mahmoud/airflow_env/lib/python3.10/site-packages/airflow/example_dags/example_params_trigger_ui.py
[2024-01-14T15:51:47.084+0200] {logging_mixin.py:188} INFO - [2024-01-14T15:51:47.084+0200] {dag.py:3033} INFO - Sync 1 DAGs
[2024-01-14T15:51:47.093+0200] {logging_mixin.py:188} INFO - [2024-01-14T15:51:47.093+0200] {dag.py:3820} INFO - Setting next_dagrun for example_params_trigger_ui to None, run_after=None
[2024-01-14T15:51:47.115+0200] {processor.py:183} INFO - Processing /home/mahmoud/airflow_env/lib/python3.10/site-packages/airflow/example_dags/example_params_trigger_ui.py took 0.085 seconds
[2024-01-14T15:52:37.423+0200] {processor.py:161} INFO - Started process (PID=29585) to work on /home/mahmoud/airflow_env/lib/python3.10/site-packages/airflow/example_dags/example_params_trigger_ui.py
[2024-01-14T15:52:37.425+0200] {processor.py:830} INFO - Processing file /home/mahmoud/airflow_env/lib/python3.10/site-packages/airflow/example_dags/example_params_trigger_ui.py for tasks to queue
[2024-01-14T15:52:37.426+0200] {logging_mixin.py:188} INFO - [2024-01-14T15:52:37.425+0200] {dagbag.py:538} INFO - Filling up the DagBag from /home/mahmoud/airflow_env/lib/python3.10/site-packages/airflow/example_dags/example_params_trigger_ui.py
[2024-01-14T15:52:37.439+0200] {processor.py:840} INFO - DAG(s) 'example_params_trigger_ui' retrieved from /home/mahmoud/airflow_env/lib/python3.10/site-packages/airflow/example_dags/example_params_trigger_ui.py
[2024-01-14T15:52:37.477+0200] {logging_mixin.py:188} INFO - [2024-01-14T15:52:37.477+0200] {dag.py:3033} INFO - Sync 1 DAGs
[2024-01-14T15:52:37.488+0200] {logging_mixin.py:188} INFO - [2024-01-14T15:52:37.487+0200] {dag.py:3820} INFO - Setting next_dagrun for example_params_trigger_ui to None, run_after=None
[2024-01-14T15:52:37.509+0200] {processor.py:183} INFO - Processing /home/mahmoud/airflow_env/lib/python3.10/site-packages/airflow/example_dags/example_params_trigger_ui.py took 0.089 seconds
[2024-01-14T15:53:28.856+0200] {processor.py:161} INFO - Started process (PID=29818) to work on /home/mahmoud/airflow_env/lib/python3.10/site-packages/airflow/example_dags/example_params_trigger_ui.py
[2024-01-14T15:53:28.858+0200] {processor.py:830} INFO - Processing file /home/mahmoud/airflow_env/lib/python3.10/site-packages/airflow/example_dags/example_params_trigger_ui.py for tasks to queue
[2024-01-14T15:53:28.859+0200] {logging_mixin.py:188} INFO - [2024-01-14T15:53:28.859+0200] {dagbag.py:538} INFO - Filling up the DagBag from /home/mahmoud/airflow_env/lib/python3.10/site-packages/airflow/example_dags/example_params_trigger_ui.py
[2024-01-14T15:53:28.872+0200] {processor.py:840} INFO - DAG(s) 'example_params_trigger_ui' retrieved from /home/mahmoud/airflow_env/lib/python3.10/site-packages/airflow/example_dags/example_params_trigger_ui.py
[2024-01-14T15:53:28.910+0200] {logging_mixin.py:188} INFO - [2024-01-14T15:53:28.910+0200] {dag.py:3033} INFO - Sync 1 DAGs
[2024-01-14T15:53:28.919+0200] {logging_mixin.py:188} INFO - [2024-01-14T15:53:28.919+0200] {dag.py:3820} INFO - Setting next_dagrun for example_params_trigger_ui to None, run_after=None
[2024-01-14T15:53:28.940+0200] {processor.py:183} INFO - Processing /home/mahmoud/airflow_env/lib/python3.10/site-packages/airflow/example_dags/example_params_trigger_ui.py took 0.087 seconds
[2024-01-14T15:54:16.582+0200] {processor.py:161} INFO - Started process (PID=29982) to work on /home/mahmoud/airflow_env/lib/python3.10/site-packages/airflow/example_dags/example_params_trigger_ui.py
[2024-01-14T15:54:16.586+0200] {processor.py:830} INFO - Processing file /home/mahmoud/airflow_env/lib/python3.10/site-packages/airflow/example_dags/example_params_trigger_ui.py for tasks to queue
[2024-01-14T15:54:16.589+0200] {logging_mixin.py:188} INFO - [2024-01-14T15:54:16.588+0200] {dagbag.py:538} INFO - Filling up the DagBag from /home/mahmoud/airflow_env/lib/python3.10/site-packages/airflow/example_dags/example_params_trigger_ui.py
[2024-01-14T15:54:16.643+0200] {processor.py:840} INFO - DAG(s) 'example_params_trigger_ui' retrieved from /home/mahmoud/airflow_env/lib/python3.10/site-packages/airflow/example_dags/example_params_trigger_ui.py
[2024-01-14T15:54:16.808+0200] {logging_mixin.py:188} INFO - [2024-01-14T15:54:16.808+0200] {dag.py:3033} INFO - Sync 1 DAGs
[2024-01-14T15:54:16.850+0200] {logging_mixin.py:188} INFO - [2024-01-14T15:54:16.849+0200] {dag.py:3820} INFO - Setting next_dagrun for example_params_trigger_ui to None, run_after=None
[2024-01-14T15:54:16.926+0200] {processor.py:183} INFO - Processing /home/mahmoud/airflow_env/lib/python3.10/site-packages/airflow/example_dags/example_params_trigger_ui.py took 0.355 seconds
[2024-01-14T15:55:28.197+0200] {processor.py:161} INFO - Started process (PID=30230) to work on /home/mahmoud/airflow_env/lib/python3.10/site-packages/airflow/example_dags/example_params_trigger_ui.py
[2024-01-14T15:55:28.200+0200] {processor.py:830} INFO - Processing file /home/mahmoud/airflow_env/lib/python3.10/site-packages/airflow/example_dags/example_params_trigger_ui.py for tasks to queue
[2024-01-14T15:55:28.203+0200] {logging_mixin.py:188} INFO - [2024-01-14T15:55:28.202+0200] {dagbag.py:538} INFO - Filling up the DagBag from /home/mahmoud/airflow_env/lib/python3.10/site-packages/airflow/example_dags/example_params_trigger_ui.py
[2024-01-14T15:55:28.251+0200] {processor.py:840} INFO - DAG(s) 'example_params_trigger_ui' retrieved from /home/mahmoud/airflow_env/lib/python3.10/site-packages/airflow/example_dags/example_params_trigger_ui.py
[2024-01-14T15:55:28.398+0200] {logging_mixin.py:188} INFO - [2024-01-14T15:55:28.398+0200] {dag.py:3033} INFO - Sync 1 DAGs
[2024-01-14T15:55:28.438+0200] {logging_mixin.py:188} INFO - [2024-01-14T15:55:28.437+0200] {dag.py:3820} INFO - Setting next_dagrun for example_params_trigger_ui to None, run_after=None
[2024-01-14T15:55:28.506+0200] {processor.py:183} INFO - Processing /home/mahmoud/airflow_env/lib/python3.10/site-packages/airflow/example_dags/example_params_trigger_ui.py took 0.319 seconds
[2024-01-14T15:56:28.386+0200] {processor.py:161} INFO - Started process (PID=30442) to work on /home/mahmoud/airflow_env/lib/python3.10/site-packages/airflow/example_dags/example_params_trigger_ui.py
[2024-01-14T15:56:28.390+0200] {processor.py:830} INFO - Processing file /home/mahmoud/airflow_env/lib/python3.10/site-packages/airflow/example_dags/example_params_trigger_ui.py for tasks to queue
[2024-01-14T15:56:28.393+0200] {logging_mixin.py:188} INFO - [2024-01-14T15:56:28.392+0200] {dagbag.py:538} INFO - Filling up the DagBag from /home/mahmoud/airflow_env/lib/python3.10/site-packages/airflow/example_dags/example_params_trigger_ui.py
[2024-01-14T15:56:28.439+0200] {processor.py:840} INFO - DAG(s) 'example_params_trigger_ui' retrieved from /home/mahmoud/airflow_env/lib/python3.10/site-packages/airflow/example_dags/example_params_trigger_ui.py
[2024-01-14T15:56:28.579+0200] {logging_mixin.py:188} INFO - [2024-01-14T15:56:28.579+0200] {dag.py:3033} INFO - Sync 1 DAGs
[2024-01-14T15:56:28.616+0200] {logging_mixin.py:188} INFO - [2024-01-14T15:56:28.615+0200] {dag.py:3820} INFO - Setting next_dagrun for example_params_trigger_ui to None, run_after=None
[2024-01-14T15:56:28.683+0200] {processor.py:183} INFO - Processing /home/mahmoud/airflow_env/lib/python3.10/site-packages/airflow/example_dags/example_params_trigger_ui.py took 0.307 seconds
[2024-01-14T15:57:27.141+0200] {processor.py:161} INFO - Started process (PID=30653) to work on /home/mahmoud/airflow_env/lib/python3.10/site-packages/airflow/example_dags/example_params_trigger_ui.py
[2024-01-14T15:57:27.145+0200] {processor.py:830} INFO - Processing file /home/mahmoud/airflow_env/lib/python3.10/site-packages/airflow/example_dags/example_params_trigger_ui.py for tasks to queue
[2024-01-14T15:57:27.147+0200] {logging_mixin.py:188} INFO - [2024-01-14T15:57:27.146+0200] {dagbag.py:538} INFO - Filling up the DagBag from /home/mahmoud/airflow_env/lib/python3.10/site-packages/airflow/example_dags/example_params_trigger_ui.py
[2024-01-14T15:57:27.192+0200] {processor.py:840} INFO - DAG(s) 'example_params_trigger_ui' retrieved from /home/mahmoud/airflow_env/lib/python3.10/site-packages/airflow/example_dags/example_params_trigger_ui.py
[2024-01-14T15:57:27.333+0200] {logging_mixin.py:188} INFO - [2024-01-14T15:57:27.332+0200] {dag.py:3033} INFO - Sync 1 DAGs
[2024-01-14T15:57:27.368+0200] {logging_mixin.py:188} INFO - [2024-01-14T15:57:27.368+0200] {dag.py:3820} INFO - Setting next_dagrun for example_params_trigger_ui to None, run_after=None
[2024-01-14T15:57:27.436+0200] {processor.py:183} INFO - Processing /home/mahmoud/airflow_env/lib/python3.10/site-packages/airflow/example_dags/example_params_trigger_ui.py took 0.304 seconds
