[2024-01-14T15:08:45.187+0200] {processor.py:161} INFO - Started process (PID=16253) to work on /home/mahmoud/airflow_env/lib/python3.10/site-packages/airflow/example_dags/example_datasets.py
[2024-01-14T15:08:45.188+0200] {processor.py:830} INFO - Processing file /home/mahmoud/airflow_env/lib/python3.10/site-packages/airflow/example_dags/example_datasets.py for tasks to queue
[2024-01-14T15:08:45.189+0200] {logging_mixin.py:188} INFO - [2024-01-14T15:08:45.189+0200] {dagbag.py:538} INFO - Filling up the DagBag from /home/mahmoud/airflow_env/lib/python3.10/site-packages/airflow/example_dags/example_datasets.py
[2024-01-14T15:08:45.199+0200] {processor.py:840} INFO - DAG(s) 'dataset_consumes_1', 'dataset_consumes_1_never_scheduled', 'dataset_produces_2', 'dataset_produces_1', 'dataset_consumes_1_and_2', 'dataset_consumes_unknown_never_scheduled' retrieved from /home/mahmoud/airflow_env/lib/python3.10/site-packages/airflow/example_dags/example_datasets.py
[2024-01-14T15:08:45.286+0200] {logging_mixin.py:188} INFO - [2024-01-14T15:08:45.286+0200] {override.py:1769} INFO - Created Permission View: can edit on DAG:dataset_consumes_1
[2024-01-14T15:08:45.300+0200] {logging_mixin.py:188} INFO - [2024-01-14T15:08:45.299+0200] {override.py:1769} INFO - Created Permission View: can delete on DAG:dataset_consumes_1
[2024-01-14T15:08:45.312+0200] {logging_mixin.py:188} INFO - [2024-01-14T15:08:45.312+0200] {override.py:1769} INFO - Created Permission View: can read on DAG:dataset_consumes_1
[2024-01-14T15:08:45.341+0200] {logging_mixin.py:188} INFO - [2024-01-14T15:08:45.340+0200] {override.py:1769} INFO - Created Permission View: can edit on DAG:dataset_consumes_1_never_scheduled
[2024-01-14T15:08:45.353+0200] {logging_mixin.py:188} INFO - [2024-01-14T15:08:45.353+0200] {override.py:1769} INFO - Created Permission View: can delete on DAG:dataset_consumes_1_never_scheduled
[2024-01-14T15:08:45.365+0200] {logging_mixin.py:188} INFO - [2024-01-14T15:08:45.365+0200] {override.py:1769} INFO - Created Permission View: can read on DAG:dataset_consumes_1_never_scheduled
[2024-01-14T15:08:45.392+0200] {logging_mixin.py:188} INFO - [2024-01-14T15:08:45.392+0200] {override.py:1769} INFO - Created Permission View: can edit on DAG:dataset_produces_2
[2024-01-14T15:08:45.404+0200] {logging_mixin.py:188} INFO - [2024-01-14T15:08:45.404+0200] {override.py:1769} INFO - Created Permission View: can delete on DAG:dataset_produces_2
[2024-01-14T15:08:45.418+0200] {logging_mixin.py:188} INFO - [2024-01-14T15:08:45.417+0200] {override.py:1769} INFO - Created Permission View: can read on DAG:dataset_produces_2
[2024-01-14T15:08:45.446+0200] {logging_mixin.py:188} INFO - [2024-01-14T15:08:45.446+0200] {override.py:1769} INFO - Created Permission View: can edit on DAG:dataset_produces_1
[2024-01-14T15:08:45.458+0200] {logging_mixin.py:188} INFO - [2024-01-14T15:08:45.458+0200] {override.py:1769} INFO - Created Permission View: can delete on DAG:dataset_produces_1
[2024-01-14T15:08:45.472+0200] {logging_mixin.py:188} INFO - [2024-01-14T15:08:45.471+0200] {override.py:1769} INFO - Created Permission View: can read on DAG:dataset_produces_1
[2024-01-14T15:08:45.497+0200] {logging_mixin.py:188} INFO - [2024-01-14T15:08:45.496+0200] {override.py:1769} INFO - Created Permission View: can edit on DAG:dataset_consumes_1_and_2
[2024-01-14T15:08:45.509+0200] {logging_mixin.py:188} INFO - [2024-01-14T15:08:45.509+0200] {override.py:1769} INFO - Created Permission View: can delete on DAG:dataset_consumes_1_and_2
[2024-01-14T15:08:45.522+0200] {logging_mixin.py:188} INFO - [2024-01-14T15:08:45.522+0200] {override.py:1769} INFO - Created Permission View: can read on DAG:dataset_consumes_1_and_2
[2024-01-14T15:08:45.549+0200] {logging_mixin.py:188} INFO - [2024-01-14T15:08:45.548+0200] {override.py:1769} INFO - Created Permission View: can edit on DAG:dataset_consumes_unknown_never_scheduled
[2024-01-14T15:08:45.558+0200] {logging_mixin.py:188} INFO - [2024-01-14T15:08:45.558+0200] {override.py:1769} INFO - Created Permission View: can delete on DAG:dataset_consumes_unknown_never_scheduled
[2024-01-14T15:08:45.569+0200] {logging_mixin.py:188} INFO - [2024-01-14T15:08:45.569+0200] {override.py:1769} INFO - Created Permission View: can read on DAG:dataset_consumes_unknown_never_scheduled
[2024-01-14T15:08:45.570+0200] {logging_mixin.py:188} INFO - [2024-01-14T15:08:45.569+0200] {dag.py:3033} INFO - Sync 6 DAGs
[2024-01-14T15:08:45.578+0200] {logging_mixin.py:188} INFO - [2024-01-14T15:08:45.578+0200] {dag.py:3055} INFO - Creating ORM DAG for dataset_consumes_1
[2024-01-14T15:08:45.578+0200] {logging_mixin.py:188} INFO - [2024-01-14T15:08:45.578+0200] {dag.py:3055} INFO - Creating ORM DAG for dataset_produces_2
[2024-01-14T15:08:45.579+0200] {logging_mixin.py:188} INFO - [2024-01-14T15:08:45.579+0200] {dag.py:3055} INFO - Creating ORM DAG for dataset_consumes_unknown_never_scheduled
[2024-01-14T15:08:45.579+0200] {logging_mixin.py:188} INFO - [2024-01-14T15:08:45.579+0200] {dag.py:3055} INFO - Creating ORM DAG for dataset_produces_1
[2024-01-14T15:08:45.579+0200] {logging_mixin.py:188} INFO - [2024-01-14T15:08:45.579+0200] {dag.py:3055} INFO - Creating ORM DAG for dataset_consumes_1_and_2
[2024-01-14T15:08:45.580+0200] {logging_mixin.py:188} INFO - [2024-01-14T15:08:45.580+0200] {dag.py:3055} INFO - Creating ORM DAG for dataset_consumes_1_never_scheduled
[2024-01-14T15:08:45.587+0200] {logging_mixin.py:188} INFO - [2024-01-14T15:08:45.586+0200] {dag.py:3820} INFO - Setting next_dagrun for dataset_consumes_1 to None, run_after=None
[2024-01-14T15:08:45.587+0200] {logging_mixin.py:188} INFO - [2024-01-14T15:08:45.587+0200] {dag.py:3820} INFO - Setting next_dagrun for dataset_consumes_1_and_2 to None, run_after=None
[2024-01-14T15:08:45.587+0200] {logging_mixin.py:188} INFO - [2024-01-14T15:08:45.587+0200] {dag.py:3820} INFO - Setting next_dagrun for dataset_consumes_1_never_scheduled to None, run_after=None
[2024-01-14T15:08:45.588+0200] {logging_mixin.py:188} INFO - [2024-01-14T15:08:45.588+0200] {dag.py:3820} INFO - Setting next_dagrun for dataset_consumes_unknown_never_scheduled to None, run_after=None
[2024-01-14T15:08:45.589+0200] {logging_mixin.py:188} INFO - [2024-01-14T15:08:45.589+0200] {dag.py:3820} INFO - Setting next_dagrun for dataset_produces_1 to 2024-01-13T00:00:00+00:00, run_after=2024-01-14T00:00:00+00:00
[2024-01-14T15:08:45.590+0200] {logging_mixin.py:188} INFO - [2024-01-14T15:08:45.590+0200] {dag.py:3820} INFO - Setting next_dagrun for dataset_produces_2 to None, run_after=None
[2024-01-14T15:08:45.622+0200] {processor.py:183} INFO - Processing /home/mahmoud/airflow_env/lib/python3.10/site-packages/airflow/example_dags/example_datasets.py took 0.437 seconds
[2024-01-14T15:09:33.607+0200] {processor.py:161} INFO - Started process (PID=16564) to work on /home/mahmoud/airflow_env/lib/python3.10/site-packages/airflow/example_dags/example_datasets.py
[2024-01-14T15:09:33.610+0200] {processor.py:830} INFO - Processing file /home/mahmoud/airflow_env/lib/python3.10/site-packages/airflow/example_dags/example_datasets.py for tasks to queue
[2024-01-14T15:09:33.611+0200] {logging_mixin.py:188} INFO - [2024-01-14T15:09:33.611+0200] {dagbag.py:538} INFO - Filling up the DagBag from /home/mahmoud/airflow_env/lib/python3.10/site-packages/airflow/example_dags/example_datasets.py
[2024-01-14T15:09:33.624+0200] {processor.py:840} INFO - DAG(s) 'dataset_consumes_1_never_scheduled', 'dataset_consumes_1', 'dataset_consumes_1_and_2', 'dataset_produces_1', 'dataset_produces_2', 'dataset_consumes_unknown_never_scheduled' retrieved from /home/mahmoud/airflow_env/lib/python3.10/site-packages/airflow/example_dags/example_datasets.py
[2024-01-14T15:09:33.650+0200] {logging_mixin.py:188} INFO - [2024-01-14T15:09:33.650+0200] {dag.py:3033} INFO - Sync 6 DAGs
[2024-01-14T15:09:33.667+0200] {logging_mixin.py:188} INFO - [2024-01-14T15:09:33.667+0200] {dag.py:3820} INFO - Setting next_dagrun for dataset_consumes_1 to None, run_after=None
[2024-01-14T15:09:33.669+0200] {logging_mixin.py:188} INFO - [2024-01-14T15:09:33.669+0200] {dag.py:3820} INFO - Setting next_dagrun for dataset_consumes_1_and_2 to None, run_after=None
[2024-01-14T15:09:33.670+0200] {logging_mixin.py:188} INFO - [2024-01-14T15:09:33.670+0200] {dag.py:3820} INFO - Setting next_dagrun for dataset_consumes_1_never_scheduled to None, run_after=None
[2024-01-14T15:09:33.670+0200] {logging_mixin.py:188} INFO - [2024-01-14T15:09:33.670+0200] {dag.py:3820} INFO - Setting next_dagrun for dataset_consumes_unknown_never_scheduled to None, run_after=None
[2024-01-14T15:09:33.672+0200] {logging_mixin.py:188} INFO - [2024-01-14T15:09:33.672+0200] {dag.py:3820} INFO - Setting next_dagrun for dataset_produces_1 to 2024-01-13T00:00:00+00:00, run_after=2024-01-14T00:00:00+00:00
[2024-01-14T15:09:33.672+0200] {logging_mixin.py:188} INFO - [2024-01-14T15:09:33.672+0200] {dag.py:3820} INFO - Setting next_dagrun for dataset_produces_2 to None, run_after=None
[2024-01-14T15:09:33.697+0200] {processor.py:183} INFO - Processing /home/mahmoud/airflow_env/lib/python3.10/site-packages/airflow/example_dags/example_datasets.py took 0.095 seconds
[2024-01-14T15:10:32.331+0200] {processor.py:161} INFO - Started process (PID=16802) to work on /home/mahmoud/airflow_env/lib/python3.10/site-packages/airflow/example_dags/example_datasets.py
[2024-01-14T15:10:32.333+0200] {processor.py:830} INFO - Processing file /home/mahmoud/airflow_env/lib/python3.10/site-packages/airflow/example_dags/example_datasets.py for tasks to queue
[2024-01-14T15:10:32.335+0200] {logging_mixin.py:188} INFO - [2024-01-14T15:10:32.334+0200] {dagbag.py:538} INFO - Filling up the DagBag from /home/mahmoud/airflow_env/lib/python3.10/site-packages/airflow/example_dags/example_datasets.py
[2024-01-14T15:10:32.347+0200] {processor.py:840} INFO - DAG(s) 'dataset_consumes_1', 'dataset_consumes_1_and_2', 'dataset_consumes_unknown_never_scheduled', 'dataset_produces_1', 'dataset_consumes_1_never_scheduled', 'dataset_produces_2' retrieved from /home/mahmoud/airflow_env/lib/python3.10/site-packages/airflow/example_dags/example_datasets.py
[2024-01-14T15:10:32.371+0200] {logging_mixin.py:188} INFO - [2024-01-14T15:10:32.371+0200] {dag.py:3033} INFO - Sync 6 DAGs
[2024-01-14T15:10:32.389+0200] {logging_mixin.py:188} INFO - [2024-01-14T15:10:32.389+0200] {dag.py:3820} INFO - Setting next_dagrun for dataset_consumes_1 to None, run_after=None
[2024-01-14T15:10:32.392+0200] {logging_mixin.py:188} INFO - [2024-01-14T15:10:32.392+0200] {dag.py:3820} INFO - Setting next_dagrun for dataset_consumes_1_and_2 to None, run_after=None
[2024-01-14T15:10:32.392+0200] {logging_mixin.py:188} INFO - [2024-01-14T15:10:32.392+0200] {dag.py:3820} INFO - Setting next_dagrun for dataset_consumes_1_never_scheduled to None, run_after=None
[2024-01-14T15:10:32.393+0200] {logging_mixin.py:188} INFO - [2024-01-14T15:10:32.393+0200] {dag.py:3820} INFO - Setting next_dagrun for dataset_consumes_unknown_never_scheduled to None, run_after=None
[2024-01-14T15:10:32.395+0200] {logging_mixin.py:188} INFO - [2024-01-14T15:10:32.395+0200] {dag.py:3820} INFO - Setting next_dagrun for dataset_produces_1 to 2024-01-13T00:00:00+00:00, run_after=2024-01-14T00:00:00+00:00
[2024-01-14T15:10:32.395+0200] {logging_mixin.py:188} INFO - [2024-01-14T15:10:32.395+0200] {dag.py:3820} INFO - Setting next_dagrun for dataset_produces_2 to None, run_after=None
[2024-01-14T15:10:32.422+0200] {processor.py:183} INFO - Processing /home/mahmoud/airflow_env/lib/python3.10/site-packages/airflow/example_dags/example_datasets.py took 0.096 seconds
[2024-01-14T15:11:29.826+0200] {processor.py:161} INFO - Started process (PID=17031) to work on /home/mahmoud/airflow_env/lib/python3.10/site-packages/airflow/example_dags/example_datasets.py
[2024-01-14T15:11:29.828+0200] {processor.py:830} INFO - Processing file /home/mahmoud/airflow_env/lib/python3.10/site-packages/airflow/example_dags/example_datasets.py for tasks to queue
[2024-01-14T15:11:29.829+0200] {logging_mixin.py:188} INFO - [2024-01-14T15:11:29.828+0200] {dagbag.py:538} INFO - Filling up the DagBag from /home/mahmoud/airflow_env/lib/python3.10/site-packages/airflow/example_dags/example_datasets.py
[2024-01-14T15:11:29.842+0200] {processor.py:840} INFO - DAG(s) 'dataset_produces_1', 'dataset_consumes_1_never_scheduled', 'dataset_consumes_unknown_never_scheduled', 'dataset_produces_2', 'dataset_consumes_1_and_2', 'dataset_consumes_1' retrieved from /home/mahmoud/airflow_env/lib/python3.10/site-packages/airflow/example_dags/example_datasets.py
[2024-01-14T15:11:29.867+0200] {logging_mixin.py:188} INFO - [2024-01-14T15:11:29.867+0200] {dag.py:3033} INFO - Sync 6 DAGs
[2024-01-14T15:11:29.884+0200] {logging_mixin.py:188} INFO - [2024-01-14T15:11:29.884+0200] {dag.py:3820} INFO - Setting next_dagrun for dataset_consumes_1 to None, run_after=None
[2024-01-14T15:11:29.887+0200] {logging_mixin.py:188} INFO - [2024-01-14T15:11:29.887+0200] {dag.py:3820} INFO - Setting next_dagrun for dataset_consumes_1_and_2 to None, run_after=None
[2024-01-14T15:11:29.887+0200] {logging_mixin.py:188} INFO - [2024-01-14T15:11:29.887+0200] {dag.py:3820} INFO - Setting next_dagrun for dataset_consumes_1_never_scheduled to None, run_after=None
[2024-01-14T15:11:29.888+0200] {logging_mixin.py:188} INFO - [2024-01-14T15:11:29.888+0200] {dag.py:3820} INFO - Setting next_dagrun for dataset_consumes_unknown_never_scheduled to None, run_after=None
[2024-01-14T15:11:29.890+0200] {logging_mixin.py:188} INFO - [2024-01-14T15:11:29.890+0200] {dag.py:3820} INFO - Setting next_dagrun for dataset_produces_1 to 2024-01-13T00:00:00+00:00, run_after=2024-01-14T00:00:00+00:00
[2024-01-14T15:11:29.890+0200] {logging_mixin.py:188} INFO - [2024-01-14T15:11:29.890+0200] {dag.py:3820} INFO - Setting next_dagrun for dataset_produces_2 to None, run_after=None
[2024-01-14T15:11:29.916+0200] {processor.py:183} INFO - Processing /home/mahmoud/airflow_env/lib/python3.10/site-packages/airflow/example_dags/example_datasets.py took 0.094 seconds
[2024-01-14T15:12:24.883+0200] {processor.py:161} INFO - Started process (PID=17292) to work on /home/mahmoud/airflow_env/lib/python3.10/site-packages/airflow/example_dags/example_datasets.py
[2024-01-14T15:12:24.885+0200] {processor.py:830} INFO - Processing file /home/mahmoud/airflow_env/lib/python3.10/site-packages/airflow/example_dags/example_datasets.py for tasks to queue
[2024-01-14T15:12:24.886+0200] {logging_mixin.py:188} INFO - [2024-01-14T15:12:24.886+0200] {dagbag.py:538} INFO - Filling up the DagBag from /home/mahmoud/airflow_env/lib/python3.10/site-packages/airflow/example_dags/example_datasets.py
[2024-01-14T15:12:24.895+0200] {processor.py:840} INFO - DAG(s) 'dataset_consumes_1', 'dataset_consumes_1_and_2', 'dataset_produces_2', 'dataset_consumes_1_never_scheduled', 'dataset_produces_1', 'dataset_consumes_unknown_never_scheduled' retrieved from /home/mahmoud/airflow_env/lib/python3.10/site-packages/airflow/example_dags/example_datasets.py
[2024-01-14T15:12:24.920+0200] {logging_mixin.py:188} INFO - [2024-01-14T15:12:24.919+0200] {dag.py:3033} INFO - Sync 6 DAGs
[2024-01-14T15:12:24.938+0200] {logging_mixin.py:188} INFO - [2024-01-14T15:12:24.938+0200] {dag.py:3820} INFO - Setting next_dagrun for dataset_consumes_1 to None, run_after=None
[2024-01-14T15:12:24.941+0200] {logging_mixin.py:188} INFO - [2024-01-14T15:12:24.941+0200] {dag.py:3820} INFO - Setting next_dagrun for dataset_consumes_1_and_2 to None, run_after=None
[2024-01-14T15:12:24.941+0200] {logging_mixin.py:188} INFO - [2024-01-14T15:12:24.941+0200] {dag.py:3820} INFO - Setting next_dagrun for dataset_consumes_1_never_scheduled to None, run_after=None
[2024-01-14T15:12:24.942+0200] {logging_mixin.py:188} INFO - [2024-01-14T15:12:24.942+0200] {dag.py:3820} INFO - Setting next_dagrun for dataset_consumes_unknown_never_scheduled to None, run_after=None
[2024-01-14T15:12:24.944+0200] {logging_mixin.py:188} INFO - [2024-01-14T15:12:24.944+0200] {dag.py:3820} INFO - Setting next_dagrun for dataset_produces_1 to 2024-01-13T00:00:00+00:00, run_after=2024-01-14T00:00:00+00:00
[2024-01-14T15:12:24.945+0200] {logging_mixin.py:188} INFO - [2024-01-14T15:12:24.945+0200] {dag.py:3820} INFO - Setting next_dagrun for dataset_produces_2 to None, run_after=None
[2024-01-14T15:12:24.975+0200] {processor.py:183} INFO - Processing /home/mahmoud/airflow_env/lib/python3.10/site-packages/airflow/example_dags/example_datasets.py took 0.095 seconds
[2024-01-14T15:13:18.008+0200] {processor.py:161} INFO - Started process (PID=17523) to work on /home/mahmoud/airflow_env/lib/python3.10/site-packages/airflow/example_dags/example_datasets.py
[2024-01-14T15:13:18.009+0200] {processor.py:830} INFO - Processing file /home/mahmoud/airflow_env/lib/python3.10/site-packages/airflow/example_dags/example_datasets.py for tasks to queue
[2024-01-14T15:13:18.011+0200] {logging_mixin.py:188} INFO - [2024-01-14T15:13:18.010+0200] {dagbag.py:538} INFO - Filling up the DagBag from /home/mahmoud/airflow_env/lib/python3.10/site-packages/airflow/example_dags/example_datasets.py
[2024-01-14T15:13:18.025+0200] {processor.py:840} INFO - DAG(s) 'dataset_produces_1', 'dataset_consumes_unknown_never_scheduled', 'dataset_produces_2', 'dataset_consumes_1_never_scheduled', 'dataset_consumes_1_and_2', 'dataset_consumes_1' retrieved from /home/mahmoud/airflow_env/lib/python3.10/site-packages/airflow/example_dags/example_datasets.py
[2024-01-14T15:13:18.053+0200] {logging_mixin.py:188} INFO - [2024-01-14T15:13:18.053+0200] {dag.py:3033} INFO - Sync 6 DAGs
[2024-01-14T15:13:18.070+0200] {logging_mixin.py:188} INFO - [2024-01-14T15:13:18.070+0200] {dag.py:3820} INFO - Setting next_dagrun for dataset_consumes_1 to None, run_after=None
[2024-01-14T15:13:18.072+0200] {logging_mixin.py:188} INFO - [2024-01-14T15:13:18.072+0200] {dag.py:3820} INFO - Setting next_dagrun for dataset_consumes_1_and_2 to None, run_after=None
[2024-01-14T15:13:18.073+0200] {logging_mixin.py:188} INFO - [2024-01-14T15:13:18.073+0200] {dag.py:3820} INFO - Setting next_dagrun for dataset_consumes_1_never_scheduled to None, run_after=None
[2024-01-14T15:13:18.073+0200] {logging_mixin.py:188} INFO - [2024-01-14T15:13:18.073+0200] {dag.py:3820} INFO - Setting next_dagrun for dataset_consumes_unknown_never_scheduled to None, run_after=None
[2024-01-14T15:13:18.075+0200] {logging_mixin.py:188} INFO - [2024-01-14T15:13:18.075+0200] {dag.py:3820} INFO - Setting next_dagrun for dataset_produces_1 to 2024-01-13T00:00:00+00:00, run_after=2024-01-14T00:00:00+00:00
[2024-01-14T15:13:18.075+0200] {logging_mixin.py:188} INFO - [2024-01-14T15:13:18.075+0200] {dag.py:3820} INFO - Setting next_dagrun for dataset_produces_2 to None, run_after=None
[2024-01-14T15:13:18.102+0200] {processor.py:183} INFO - Processing /home/mahmoud/airflow_env/lib/python3.10/site-packages/airflow/example_dags/example_datasets.py took 0.099 seconds
[2024-01-14T15:20:31.925+0200] {processor.py:161} INFO - Started process (PID=19589) to work on /home/mahmoud/airflow_env/lib/python3.10/site-packages/airflow/example_dags/example_datasets.py
[2024-01-14T15:20:31.927+0200] {processor.py:830} INFO - Processing file /home/mahmoud/airflow_env/lib/python3.10/site-packages/airflow/example_dags/example_datasets.py for tasks to queue
[2024-01-14T15:20:31.928+0200] {logging_mixin.py:188} INFO - [2024-01-14T15:20:31.928+0200] {dagbag.py:538} INFO - Filling up the DagBag from /home/mahmoud/airflow_env/lib/python3.10/site-packages/airflow/example_dags/example_datasets.py
[2024-01-14T15:20:31.937+0200] {processor.py:840} INFO - DAG(s) 'dataset_produces_2', 'dataset_consumes_1_and_2', 'dataset_consumes_1_never_scheduled', 'dataset_consumes_unknown_never_scheduled', 'dataset_produces_1', 'dataset_consumes_1' retrieved from /home/mahmoud/airflow_env/lib/python3.10/site-packages/airflow/example_dags/example_datasets.py
[2024-01-14T15:20:31.958+0200] {logging_mixin.py:188} INFO - [2024-01-14T15:20:31.958+0200] {dag.py:3033} INFO - Sync 6 DAGs
[2024-01-14T15:20:31.974+0200] {logging_mixin.py:188} INFO - [2024-01-14T15:20:31.974+0200] {dag.py:3820} INFO - Setting next_dagrun for dataset_consumes_1 to None, run_after=None
[2024-01-14T15:20:31.976+0200] {logging_mixin.py:188} INFO - [2024-01-14T15:20:31.976+0200] {dag.py:3820} INFO - Setting next_dagrun for dataset_consumes_1_and_2 to None, run_after=None
[2024-01-14T15:20:31.977+0200] {logging_mixin.py:188} INFO - [2024-01-14T15:20:31.977+0200] {dag.py:3820} INFO - Setting next_dagrun for dataset_consumes_1_never_scheduled to None, run_after=None
[2024-01-14T15:20:31.977+0200] {logging_mixin.py:188} INFO - [2024-01-14T15:20:31.977+0200] {dag.py:3820} INFO - Setting next_dagrun for dataset_consumes_unknown_never_scheduled to None, run_after=None
[2024-01-14T15:20:31.979+0200] {logging_mixin.py:188} INFO - [2024-01-14T15:20:31.979+0200] {dag.py:3820} INFO - Setting next_dagrun for dataset_produces_1 to 2024-01-13T00:00:00+00:00, run_after=2024-01-14T00:00:00+00:00
[2024-01-14T15:20:31.980+0200] {logging_mixin.py:188} INFO - [2024-01-14T15:20:31.980+0200] {dag.py:3820} INFO - Setting next_dagrun for dataset_produces_2 to None, run_after=None
[2024-01-14T15:20:32.005+0200] {processor.py:183} INFO - Processing /home/mahmoud/airflow_env/lib/python3.10/site-packages/airflow/example_dags/example_datasets.py took 0.082 seconds
[2024-01-14T15:21:20.080+0200] {processor.py:161} INFO - Started process (PID=19776) to work on /home/mahmoud/airflow_env/lib/python3.10/site-packages/airflow/example_dags/example_datasets.py
[2024-01-14T15:21:20.082+0200] {processor.py:830} INFO - Processing file /home/mahmoud/airflow_env/lib/python3.10/site-packages/airflow/example_dags/example_datasets.py for tasks to queue
[2024-01-14T15:21:20.083+0200] {logging_mixin.py:188} INFO - [2024-01-14T15:21:20.082+0200] {dagbag.py:538} INFO - Filling up the DagBag from /home/mahmoud/airflow_env/lib/python3.10/site-packages/airflow/example_dags/example_datasets.py
[2024-01-14T15:21:20.095+0200] {processor.py:840} INFO - DAG(s) 'dataset_consumes_1_and_2', 'dataset_consumes_1', 'dataset_consumes_unknown_never_scheduled', 'dataset_consumes_1_never_scheduled', 'dataset_produces_1', 'dataset_produces_2' retrieved from /home/mahmoud/airflow_env/lib/python3.10/site-packages/airflow/example_dags/example_datasets.py
[2024-01-14T15:21:20.122+0200] {logging_mixin.py:188} INFO - [2024-01-14T15:21:20.122+0200] {dag.py:3033} INFO - Sync 6 DAGs
[2024-01-14T15:21:20.138+0200] {logging_mixin.py:188} INFO - [2024-01-14T15:21:20.138+0200] {dag.py:3820} INFO - Setting next_dagrun for dataset_consumes_1 to None, run_after=None
[2024-01-14T15:21:20.141+0200] {logging_mixin.py:188} INFO - [2024-01-14T15:21:20.141+0200] {dag.py:3820} INFO - Setting next_dagrun for dataset_consumes_1_and_2 to None, run_after=None
[2024-01-14T15:21:20.141+0200] {logging_mixin.py:188} INFO - [2024-01-14T15:21:20.141+0200] {dag.py:3820} INFO - Setting next_dagrun for dataset_consumes_1_never_scheduled to None, run_after=None
[2024-01-14T15:21:20.142+0200] {logging_mixin.py:188} INFO - [2024-01-14T15:21:20.142+0200] {dag.py:3820} INFO - Setting next_dagrun for dataset_consumes_unknown_never_scheduled to None, run_after=None
[2024-01-14T15:21:20.144+0200] {logging_mixin.py:188} INFO - [2024-01-14T15:21:20.143+0200] {dag.py:3820} INFO - Setting next_dagrun for dataset_produces_1 to 2024-01-13T00:00:00+00:00, run_after=2024-01-14T00:00:00+00:00
[2024-01-14T15:21:20.144+0200] {logging_mixin.py:188} INFO - [2024-01-14T15:21:20.144+0200] {dag.py:3820} INFO - Setting next_dagrun for dataset_produces_2 to None, run_after=None
[2024-01-14T15:21:20.173+0200] {processor.py:183} INFO - Processing /home/mahmoud/airflow_env/lib/python3.10/site-packages/airflow/example_dags/example_datasets.py took 0.096 seconds
[2024-01-14T15:22:17.963+0200] {processor.py:161} INFO - Started process (PID=20003) to work on /home/mahmoud/airflow_env/lib/python3.10/site-packages/airflow/example_dags/example_datasets.py
[2024-01-14T15:22:17.964+0200] {processor.py:830} INFO - Processing file /home/mahmoud/airflow_env/lib/python3.10/site-packages/airflow/example_dags/example_datasets.py for tasks to queue
[2024-01-14T15:22:17.965+0200] {logging_mixin.py:188} INFO - [2024-01-14T15:22:17.965+0200] {dagbag.py:538} INFO - Filling up the DagBag from /home/mahmoud/airflow_env/lib/python3.10/site-packages/airflow/example_dags/example_datasets.py
[2024-01-14T15:22:17.972+0200] {processor.py:840} INFO - DAG(s) 'dataset_consumes_1', 'dataset_produces_1', 'dataset_consumes_1_and_2', 'dataset_consumes_unknown_never_scheduled', 'dataset_consumes_1_never_scheduled', 'dataset_produces_2' retrieved from /home/mahmoud/airflow_env/lib/python3.10/site-packages/airflow/example_dags/example_datasets.py
[2024-01-14T15:22:17.995+0200] {logging_mixin.py:188} INFO - [2024-01-14T15:22:17.995+0200] {dag.py:3033} INFO - Sync 6 DAGs
[2024-01-14T15:22:18.012+0200] {logging_mixin.py:188} INFO - [2024-01-14T15:22:18.012+0200] {dag.py:3820} INFO - Setting next_dagrun for dataset_consumes_1 to None, run_after=None
[2024-01-14T15:22:18.014+0200] {logging_mixin.py:188} INFO - [2024-01-14T15:22:18.014+0200] {dag.py:3820} INFO - Setting next_dagrun for dataset_consumes_1_and_2 to None, run_after=None
[2024-01-14T15:22:18.015+0200] {logging_mixin.py:188} INFO - [2024-01-14T15:22:18.015+0200] {dag.py:3820} INFO - Setting next_dagrun for dataset_consumes_1_never_scheduled to None, run_after=None
[2024-01-14T15:22:18.016+0200] {logging_mixin.py:188} INFO - [2024-01-14T15:22:18.016+0200] {dag.py:3820} INFO - Setting next_dagrun for dataset_consumes_unknown_never_scheduled to None, run_after=None
[2024-01-14T15:22:18.017+0200] {logging_mixin.py:188} INFO - [2024-01-14T15:22:18.017+0200] {dag.py:3820} INFO - Setting next_dagrun for dataset_produces_1 to 2024-01-13T00:00:00+00:00, run_after=2024-01-14T00:00:00+00:00
[2024-01-14T15:22:18.018+0200] {logging_mixin.py:188} INFO - [2024-01-14T15:22:18.018+0200] {dag.py:3820} INFO - Setting next_dagrun for dataset_produces_2 to None, run_after=None
[2024-01-14T15:22:18.048+0200] {processor.py:183} INFO - Processing /home/mahmoud/airflow_env/lib/python3.10/site-packages/airflow/example_dags/example_datasets.py took 0.087 seconds
[2024-01-14T15:38:24.384+0200] {processor.py:161} INFO - Started process (PID=24727) to work on /home/mahmoud/airflow_env/lib/python3.10/site-packages/airflow/example_dags/example_datasets.py
[2024-01-14T15:38:24.386+0200] {processor.py:830} INFO - Processing file /home/mahmoud/airflow_env/lib/python3.10/site-packages/airflow/example_dags/example_datasets.py for tasks to queue
[2024-01-14T15:38:24.387+0200] {logging_mixin.py:188} INFO - [2024-01-14T15:38:24.387+0200] {dagbag.py:538} INFO - Filling up the DagBag from /home/mahmoud/airflow_env/lib/python3.10/site-packages/airflow/example_dags/example_datasets.py
[2024-01-14T15:38:24.398+0200] {processor.py:840} INFO - DAG(s) 'dataset_consumes_unknown_never_scheduled', 'dataset_consumes_1_and_2', 'dataset_produces_1', 'dataset_produces_2', 'dataset_consumes_1', 'dataset_consumes_1_never_scheduled' retrieved from /home/mahmoud/airflow_env/lib/python3.10/site-packages/airflow/example_dags/example_datasets.py
[2024-01-14T15:38:24.421+0200] {logging_mixin.py:188} INFO - [2024-01-14T15:38:24.420+0200] {dag.py:3033} INFO - Sync 6 DAGs
[2024-01-14T15:38:24.437+0200] {logging_mixin.py:188} INFO - [2024-01-14T15:38:24.437+0200] {dag.py:3820} INFO - Setting next_dagrun for dataset_consumes_1 to None, run_after=None
[2024-01-14T15:38:24.439+0200] {logging_mixin.py:188} INFO - [2024-01-14T15:38:24.439+0200] {dag.py:3820} INFO - Setting next_dagrun for dataset_consumes_1_and_2 to None, run_after=None
[2024-01-14T15:38:24.440+0200] {logging_mixin.py:188} INFO - [2024-01-14T15:38:24.439+0200] {dag.py:3820} INFO - Setting next_dagrun for dataset_consumes_1_never_scheduled to None, run_after=None
[2024-01-14T15:38:24.440+0200] {logging_mixin.py:188} INFO - [2024-01-14T15:38:24.440+0200] {dag.py:3820} INFO - Setting next_dagrun for dataset_consumes_unknown_never_scheduled to None, run_after=None
[2024-01-14T15:38:24.442+0200] {logging_mixin.py:188} INFO - [2024-01-14T15:38:24.442+0200] {dag.py:3820} INFO - Setting next_dagrun for dataset_produces_1 to 2024-01-13T00:00:00+00:00, run_after=2024-01-14T00:00:00+00:00
[2024-01-14T15:38:24.442+0200] {logging_mixin.py:188} INFO - [2024-01-14T15:38:24.442+0200] {dag.py:3820} INFO - Setting next_dagrun for dataset_produces_2 to None, run_after=None
[2024-01-14T15:38:24.470+0200] {processor.py:183} INFO - Processing /home/mahmoud/airflow_env/lib/python3.10/site-packages/airflow/example_dags/example_datasets.py took 0.089 seconds
[2024-01-14T15:39:21.081+0200] {processor.py:161} INFO - Started process (PID=25139) to work on /home/mahmoud/airflow_env/lib/python3.10/site-packages/airflow/example_dags/example_datasets.py
[2024-01-14T15:39:21.095+0200] {processor.py:830} INFO - Processing file /home/mahmoud/airflow_env/lib/python3.10/site-packages/airflow/example_dags/example_datasets.py for tasks to queue
[2024-01-14T15:39:21.096+0200] {logging_mixin.py:188} INFO - [2024-01-14T15:39:21.096+0200] {dagbag.py:538} INFO - Filling up the DagBag from /home/mahmoud/airflow_env/lib/python3.10/site-packages/airflow/example_dags/example_datasets.py
[2024-01-14T15:39:21.104+0200] {processor.py:840} INFO - DAG(s) 'dataset_consumes_1', 'dataset_produces_2', 'dataset_produces_1', 'dataset_consumes_unknown_never_scheduled', 'dataset_consumes_1_never_scheduled', 'dataset_consumes_1_and_2' retrieved from /home/mahmoud/airflow_env/lib/python3.10/site-packages/airflow/example_dags/example_datasets.py
[2024-01-14T15:39:21.135+0200] {logging_mixin.py:188} INFO - [2024-01-14T15:39:21.135+0200] {dag.py:3033} INFO - Sync 6 DAGs
[2024-01-14T15:39:21.167+0200] {logging_mixin.py:188} INFO - [2024-01-14T15:39:21.166+0200] {dag.py:3820} INFO - Setting next_dagrun for dataset_consumes_1 to None, run_after=None
[2024-01-14T15:39:21.181+0200] {logging_mixin.py:188} INFO - [2024-01-14T15:39:21.181+0200] {dag.py:3820} INFO - Setting next_dagrun for dataset_consumes_1_and_2 to None, run_after=None
[2024-01-14T15:39:21.182+0200] {logging_mixin.py:188} INFO - [2024-01-14T15:39:21.182+0200] {dag.py:3820} INFO - Setting next_dagrun for dataset_consumes_1_never_scheduled to None, run_after=None
[2024-01-14T15:39:21.183+0200] {logging_mixin.py:188} INFO - [2024-01-14T15:39:21.183+0200] {dag.py:3820} INFO - Setting next_dagrun for dataset_consumes_unknown_never_scheduled to None, run_after=None
[2024-01-14T15:39:21.189+0200] {logging_mixin.py:188} INFO - [2024-01-14T15:39:21.188+0200] {dag.py:3820} INFO - Setting next_dagrun for dataset_produces_1 to 2024-01-13T00:00:00+00:00, run_after=2024-01-14T00:00:00+00:00
[2024-01-14T15:39:21.190+0200] {logging_mixin.py:188} INFO - [2024-01-14T15:39:21.189+0200] {dag.py:3820} INFO - Setting next_dagrun for dataset_produces_2 to None, run_after=None
[2024-01-14T15:39:21.229+0200] {processor.py:183} INFO - Processing /home/mahmoud/airflow_env/lib/python3.10/site-packages/airflow/example_dags/example_datasets.py took 0.150 seconds
[2024-01-14T15:40:10.343+0200] {processor.py:161} INFO - Started process (PID=25335) to work on /home/mahmoud/airflow_env/lib/python3.10/site-packages/airflow/example_dags/example_datasets.py
[2024-01-14T15:40:10.345+0200] {processor.py:830} INFO - Processing file /home/mahmoud/airflow_env/lib/python3.10/site-packages/airflow/example_dags/example_datasets.py for tasks to queue
[2024-01-14T15:40:10.346+0200] {logging_mixin.py:188} INFO - [2024-01-14T15:40:10.345+0200] {dagbag.py:538} INFO - Filling up the DagBag from /home/mahmoud/airflow_env/lib/python3.10/site-packages/airflow/example_dags/example_datasets.py
[2024-01-14T15:40:10.353+0200] {processor.py:840} INFO - DAG(s) 'dataset_produces_1', 'dataset_consumes_1_and_2', 'dataset_consumes_1', 'dataset_produces_2', 'dataset_consumes_1_never_scheduled', 'dataset_consumes_unknown_never_scheduled' retrieved from /home/mahmoud/airflow_env/lib/python3.10/site-packages/airflow/example_dags/example_datasets.py
[2024-01-14T15:40:10.374+0200] {logging_mixin.py:188} INFO - [2024-01-14T15:40:10.374+0200] {dag.py:3033} INFO - Sync 6 DAGs
[2024-01-14T15:40:10.391+0200] {logging_mixin.py:188} INFO - [2024-01-14T15:40:10.391+0200] {dag.py:3820} INFO - Setting next_dagrun for dataset_consumes_1 to None, run_after=None
[2024-01-14T15:40:10.395+0200] {logging_mixin.py:188} INFO - [2024-01-14T15:40:10.394+0200] {dag.py:3820} INFO - Setting next_dagrun for dataset_consumes_1_and_2 to None, run_after=None
[2024-01-14T15:40:10.395+0200] {logging_mixin.py:188} INFO - [2024-01-14T15:40:10.395+0200] {dag.py:3820} INFO - Setting next_dagrun for dataset_consumes_1_never_scheduled to None, run_after=None
[2024-01-14T15:40:10.396+0200] {logging_mixin.py:188} INFO - [2024-01-14T15:40:10.396+0200] {dag.py:3820} INFO - Setting next_dagrun for dataset_consumes_unknown_never_scheduled to None, run_after=None
[2024-01-14T15:40:10.397+0200] {logging_mixin.py:188} INFO - [2024-01-14T15:40:10.397+0200] {dag.py:3820} INFO - Setting next_dagrun for dataset_produces_1 to 2024-01-13T00:00:00+00:00, run_after=2024-01-14T00:00:00+00:00
[2024-01-14T15:40:10.398+0200] {logging_mixin.py:188} INFO - [2024-01-14T15:40:10.398+0200] {dag.py:3820} INFO - Setting next_dagrun for dataset_produces_2 to None, run_after=None
[2024-01-14T15:40:10.424+0200] {processor.py:183} INFO - Processing /home/mahmoud/airflow_env/lib/python3.10/site-packages/airflow/example_dags/example_datasets.py took 0.083 seconds
[2024-01-14T15:41:06.761+0200] {processor.py:161} INFO - Started process (PID=25603) to work on /home/mahmoud/airflow_env/lib/python3.10/site-packages/airflow/example_dags/example_datasets.py
[2024-01-14T15:41:06.762+0200] {processor.py:830} INFO - Processing file /home/mahmoud/airflow_env/lib/python3.10/site-packages/airflow/example_dags/example_datasets.py for tasks to queue
[2024-01-14T15:41:06.763+0200] {logging_mixin.py:188} INFO - [2024-01-14T15:41:06.762+0200] {dagbag.py:538} INFO - Filling up the DagBag from /home/mahmoud/airflow_env/lib/python3.10/site-packages/airflow/example_dags/example_datasets.py
[2024-01-14T15:41:06.770+0200] {processor.py:840} INFO - DAG(s) 'dataset_consumes_unknown_never_scheduled', 'dataset_consumes_1', 'dataset_consumes_1_and_2', 'dataset_produces_1', 'dataset_consumes_1_never_scheduled', 'dataset_produces_2' retrieved from /home/mahmoud/airflow_env/lib/python3.10/site-packages/airflow/example_dags/example_datasets.py
[2024-01-14T15:41:06.794+0200] {logging_mixin.py:188} INFO - [2024-01-14T15:41:06.794+0200] {dag.py:3033} INFO - Sync 6 DAGs
[2024-01-14T15:41:06.812+0200] {logging_mixin.py:188} INFO - [2024-01-14T15:41:06.812+0200] {dag.py:3820} INFO - Setting next_dagrun for dataset_consumes_1 to None, run_after=None
[2024-01-14T15:41:06.815+0200] {logging_mixin.py:188} INFO - [2024-01-14T15:41:06.815+0200] {dag.py:3820} INFO - Setting next_dagrun for dataset_consumes_1_and_2 to None, run_after=None
[2024-01-14T15:41:06.817+0200] {logging_mixin.py:188} INFO - [2024-01-14T15:41:06.816+0200] {dag.py:3820} INFO - Setting next_dagrun for dataset_consumes_1_never_scheduled to None, run_after=None
[2024-01-14T15:41:06.818+0200] {logging_mixin.py:188} INFO - [2024-01-14T15:41:06.818+0200] {dag.py:3820} INFO - Setting next_dagrun for dataset_consumes_unknown_never_scheduled to None, run_after=None
[2024-01-14T15:41:06.823+0200] {logging_mixin.py:188} INFO - [2024-01-14T15:41:06.823+0200] {dag.py:3820} INFO - Setting next_dagrun for dataset_produces_1 to 2024-01-13T00:00:00+00:00, run_after=2024-01-14T00:00:00+00:00
[2024-01-14T15:41:06.825+0200] {logging_mixin.py:188} INFO - [2024-01-14T15:41:06.825+0200] {dag.py:3820} INFO - Setting next_dagrun for dataset_produces_2 to None, run_after=None
[2024-01-14T15:41:06.857+0200] {processor.py:183} INFO - Processing /home/mahmoud/airflow_env/lib/python3.10/site-packages/airflow/example_dags/example_datasets.py took 0.099 seconds
[2024-01-14T15:41:57.931+0200] {processor.py:161} INFO - Started process (PID=25821) to work on /home/mahmoud/airflow_env/lib/python3.10/site-packages/airflow/example_dags/example_datasets.py
[2024-01-14T15:41:57.934+0200] {processor.py:830} INFO - Processing file /home/mahmoud/airflow_env/lib/python3.10/site-packages/airflow/example_dags/example_datasets.py for tasks to queue
[2024-01-14T15:41:57.935+0200] {logging_mixin.py:188} INFO - [2024-01-14T15:41:57.935+0200] {dagbag.py:538} INFO - Filling up the DagBag from /home/mahmoud/airflow_env/lib/python3.10/site-packages/airflow/example_dags/example_datasets.py
[2024-01-14T15:41:57.948+0200] {processor.py:840} INFO - DAG(s) 'dataset_consumes_unknown_never_scheduled', 'dataset_consumes_1_never_scheduled', 'dataset_consumes_1', 'dataset_produces_1', 'dataset_produces_2', 'dataset_consumes_1_and_2' retrieved from /home/mahmoud/airflow_env/lib/python3.10/site-packages/airflow/example_dags/example_datasets.py
[2024-01-14T15:41:57.975+0200] {logging_mixin.py:188} INFO - [2024-01-14T15:41:57.975+0200] {dag.py:3033} INFO - Sync 6 DAGs
[2024-01-14T15:41:57.994+0200] {logging_mixin.py:188} INFO - [2024-01-14T15:41:57.994+0200] {dag.py:3820} INFO - Setting next_dagrun for dataset_consumes_1 to None, run_after=None
[2024-01-14T15:41:57.997+0200] {logging_mixin.py:188} INFO - [2024-01-14T15:41:57.997+0200] {dag.py:3820} INFO - Setting next_dagrun for dataset_consumes_1_and_2 to None, run_after=None
[2024-01-14T15:41:57.997+0200] {logging_mixin.py:188} INFO - [2024-01-14T15:41:57.997+0200] {dag.py:3820} INFO - Setting next_dagrun for dataset_consumes_1_never_scheduled to None, run_after=None
[2024-01-14T15:41:57.998+0200] {logging_mixin.py:188} INFO - [2024-01-14T15:41:57.998+0200] {dag.py:3820} INFO - Setting next_dagrun for dataset_consumes_unknown_never_scheduled to None, run_after=None
[2024-01-14T15:41:58.000+0200] {logging_mixin.py:188} INFO - [2024-01-14T15:41:58.000+0200] {dag.py:3820} INFO - Setting next_dagrun for dataset_produces_1 to 2024-01-13T00:00:00+00:00, run_after=2024-01-14T00:00:00+00:00
[2024-01-14T15:41:58.001+0200] {logging_mixin.py:188} INFO - [2024-01-14T15:41:58.001+0200] {dag.py:3820} INFO - Setting next_dagrun for dataset_produces_2 to None, run_after=None
[2024-01-14T15:41:58.031+0200] {processor.py:183} INFO - Processing /home/mahmoud/airflow_env/lib/python3.10/site-packages/airflow/example_dags/example_datasets.py took 0.105 seconds
[2024-01-14T15:43:28.139+0200] {processor.py:161} INFO - Started process (PID=26724) to work on /home/mahmoud/airflow_env/lib/python3.10/site-packages/airflow/example_dags/example_datasets.py
[2024-01-14T15:43:28.141+0200] {processor.py:830} INFO - Processing file /home/mahmoud/airflow_env/lib/python3.10/site-packages/airflow/example_dags/example_datasets.py for tasks to queue
[2024-01-14T15:43:28.142+0200] {logging_mixin.py:188} INFO - [2024-01-14T15:43:28.141+0200] {dagbag.py:538} INFO - Filling up the DagBag from /home/mahmoud/airflow_env/lib/python3.10/site-packages/airflow/example_dags/example_datasets.py
[2024-01-14T15:43:28.151+0200] {processor.py:840} INFO - DAG(s) 'dataset_produces_2', 'dataset_consumes_1', 'dataset_produces_1', 'dataset_consumes_unknown_never_scheduled', 'dataset_consumes_1_and_2', 'dataset_consumes_1_never_scheduled' retrieved from /home/mahmoud/airflow_env/lib/python3.10/site-packages/airflow/example_dags/example_datasets.py
[2024-01-14T15:43:28.173+0200] {logging_mixin.py:188} INFO - [2024-01-14T15:43:28.173+0200] {dag.py:3033} INFO - Sync 6 DAGs
[2024-01-14T15:43:28.190+0200] {logging_mixin.py:188} INFO - [2024-01-14T15:43:28.190+0200] {dag.py:3820} INFO - Setting next_dagrun for dataset_consumes_1 to None, run_after=None
[2024-01-14T15:43:28.193+0200] {logging_mixin.py:188} INFO - [2024-01-14T15:43:28.193+0200] {dag.py:3820} INFO - Setting next_dagrun for dataset_consumes_1_and_2 to None, run_after=None
[2024-01-14T15:43:28.194+0200] {logging_mixin.py:188} INFO - [2024-01-14T15:43:28.194+0200] {dag.py:3820} INFO - Setting next_dagrun for dataset_consumes_1_never_scheduled to None, run_after=None
[2024-01-14T15:43:28.195+0200] {logging_mixin.py:188} INFO - [2024-01-14T15:43:28.194+0200] {dag.py:3820} INFO - Setting next_dagrun for dataset_consumes_unknown_never_scheduled to None, run_after=None
[2024-01-14T15:43:28.196+0200] {logging_mixin.py:188} INFO - [2024-01-14T15:43:28.196+0200] {dag.py:3820} INFO - Setting next_dagrun for dataset_produces_1 to 2024-01-13T00:00:00+00:00, run_after=2024-01-14T00:00:00+00:00
[2024-01-14T15:43:28.197+0200] {logging_mixin.py:188} INFO - [2024-01-14T15:43:28.197+0200] {dag.py:3820} INFO - Setting next_dagrun for dataset_produces_2 to None, run_after=None
[2024-01-14T15:43:28.223+0200] {processor.py:183} INFO - Processing /home/mahmoud/airflow_env/lib/python3.10/site-packages/airflow/example_dags/example_datasets.py took 0.087 seconds
[2024-01-14T15:44:33.590+0200] {processor.py:161} INFO - Started process (PID=27370) to work on /home/mahmoud/airflow_env/lib/python3.10/site-packages/airflow/example_dags/example_datasets.py
[2024-01-14T15:44:33.592+0200] {processor.py:830} INFO - Processing file /home/mahmoud/airflow_env/lib/python3.10/site-packages/airflow/example_dags/example_datasets.py for tasks to queue
[2024-01-14T15:44:33.594+0200] {logging_mixin.py:188} INFO - [2024-01-14T15:44:33.593+0200] {dagbag.py:538} INFO - Filling up the DagBag from /home/mahmoud/airflow_env/lib/python3.10/site-packages/airflow/example_dags/example_datasets.py
[2024-01-14T15:44:33.606+0200] {processor.py:840} INFO - DAG(s) 'dataset_consumes_1_never_scheduled', 'dataset_consumes_unknown_never_scheduled', 'dataset_produces_2', 'dataset_consumes_1_and_2', 'dataset_produces_1', 'dataset_consumes_1' retrieved from /home/mahmoud/airflow_env/lib/python3.10/site-packages/airflow/example_dags/example_datasets.py
[2024-01-14T15:44:33.630+0200] {logging_mixin.py:188} INFO - [2024-01-14T15:44:33.630+0200] {dag.py:3033} INFO - Sync 6 DAGs
[2024-01-14T15:44:33.647+0200] {logging_mixin.py:188} INFO - [2024-01-14T15:44:33.646+0200] {dag.py:3820} INFO - Setting next_dagrun for dataset_consumes_1 to None, run_after=None
[2024-01-14T15:44:33.649+0200] {logging_mixin.py:188} INFO - [2024-01-14T15:44:33.649+0200] {dag.py:3820} INFO - Setting next_dagrun for dataset_consumes_1_and_2 to None, run_after=None
[2024-01-14T15:44:33.650+0200] {logging_mixin.py:188} INFO - [2024-01-14T15:44:33.649+0200] {dag.py:3820} INFO - Setting next_dagrun for dataset_consumes_1_never_scheduled to None, run_after=None
[2024-01-14T15:44:33.650+0200] {logging_mixin.py:188} INFO - [2024-01-14T15:44:33.650+0200] {dag.py:3820} INFO - Setting next_dagrun for dataset_consumes_unknown_never_scheduled to None, run_after=None
[2024-01-14T15:44:33.652+0200] {logging_mixin.py:188} INFO - [2024-01-14T15:44:33.652+0200] {dag.py:3820} INFO - Setting next_dagrun for dataset_produces_1 to 2024-01-13T00:00:00+00:00, run_after=2024-01-14T00:00:00+00:00
[2024-01-14T15:44:33.652+0200] {logging_mixin.py:188} INFO - [2024-01-14T15:44:33.652+0200] {dag.py:3820} INFO - Setting next_dagrun for dataset_produces_2 to None, run_after=None
[2024-01-14T15:44:33.678+0200] {processor.py:183} INFO - Processing /home/mahmoud/airflow_env/lib/python3.10/site-packages/airflow/example_dags/example_datasets.py took 0.093 seconds
[2024-01-14T15:45:22.526+0200] {processor.py:161} INFO - Started process (PID=27769) to work on /home/mahmoud/airflow_env/lib/python3.10/site-packages/airflow/example_dags/example_datasets.py
[2024-01-14T15:45:22.528+0200] {processor.py:830} INFO - Processing file /home/mahmoud/airflow_env/lib/python3.10/site-packages/airflow/example_dags/example_datasets.py for tasks to queue
[2024-01-14T15:45:22.528+0200] {logging_mixin.py:188} INFO - [2024-01-14T15:45:22.528+0200] {dagbag.py:538} INFO - Filling up the DagBag from /home/mahmoud/airflow_env/lib/python3.10/site-packages/airflow/example_dags/example_datasets.py
[2024-01-14T15:45:22.536+0200] {processor.py:840} INFO - DAG(s) 'dataset_consumes_1_never_scheduled', 'dataset_produces_1', 'dataset_produces_2', 'dataset_consumes_unknown_never_scheduled', 'dataset_consumes_1', 'dataset_consumes_1_and_2' retrieved from /home/mahmoud/airflow_env/lib/python3.10/site-packages/airflow/example_dags/example_datasets.py
[2024-01-14T15:45:22.559+0200] {logging_mixin.py:188} INFO - [2024-01-14T15:45:22.559+0200] {dag.py:3033} INFO - Sync 6 DAGs
[2024-01-14T15:45:22.579+0200] {logging_mixin.py:188} INFO - [2024-01-14T15:45:22.579+0200] {dag.py:3820} INFO - Setting next_dagrun for dataset_consumes_1 to None, run_after=None
[2024-01-14T15:45:22.581+0200] {logging_mixin.py:188} INFO - [2024-01-14T15:45:22.581+0200] {dag.py:3820} INFO - Setting next_dagrun for dataset_consumes_1_and_2 to None, run_after=None
[2024-01-14T15:45:22.582+0200] {logging_mixin.py:188} INFO - [2024-01-14T15:45:22.582+0200] {dag.py:3820} INFO - Setting next_dagrun for dataset_consumes_1_never_scheduled to None, run_after=None
[2024-01-14T15:45:22.583+0200] {logging_mixin.py:188} INFO - [2024-01-14T15:45:22.583+0200] {dag.py:3820} INFO - Setting next_dagrun for dataset_consumes_unknown_never_scheduled to None, run_after=None
[2024-01-14T15:45:22.585+0200] {logging_mixin.py:188} INFO - [2024-01-14T15:45:22.584+0200] {dag.py:3820} INFO - Setting next_dagrun for dataset_produces_1 to 2024-01-13T00:00:00+00:00, run_after=2024-01-14T00:00:00+00:00
[2024-01-14T15:45:22.585+0200] {logging_mixin.py:188} INFO - [2024-01-14T15:45:22.585+0200] {dag.py:3820} INFO - Setting next_dagrun for dataset_produces_2 to None, run_after=None
[2024-01-14T15:45:22.616+0200] {processor.py:183} INFO - Processing /home/mahmoud/airflow_env/lib/python3.10/site-packages/airflow/example_dags/example_datasets.py took 0.094 seconds
[2024-01-14T15:46:14.418+0200] {processor.py:161} INFO - Started process (PID=27978) to work on /home/mahmoud/airflow_env/lib/python3.10/site-packages/airflow/example_dags/example_datasets.py
[2024-01-14T15:46:14.420+0200] {processor.py:830} INFO - Processing file /home/mahmoud/airflow_env/lib/python3.10/site-packages/airflow/example_dags/example_datasets.py for tasks to queue
[2024-01-14T15:46:14.421+0200] {logging_mixin.py:188} INFO - [2024-01-14T15:46:14.421+0200] {dagbag.py:538} INFO - Filling up the DagBag from /home/mahmoud/airflow_env/lib/python3.10/site-packages/airflow/example_dags/example_datasets.py
[2024-01-14T15:46:14.433+0200] {processor.py:840} INFO - DAG(s) 'dataset_consumes_unknown_never_scheduled', 'dataset_consumes_1', 'dataset_produces_2', 'dataset_produces_1', 'dataset_consumes_1_never_scheduled', 'dataset_consumes_1_and_2' retrieved from /home/mahmoud/airflow_env/lib/python3.10/site-packages/airflow/example_dags/example_datasets.py
[2024-01-14T15:46:14.465+0200] {logging_mixin.py:188} INFO - [2024-01-14T15:46:14.465+0200] {dag.py:3033} INFO - Sync 6 DAGs
[2024-01-14T15:46:14.485+0200] {logging_mixin.py:188} INFO - [2024-01-14T15:46:14.485+0200] {dag.py:3820} INFO - Setting next_dagrun for dataset_consumes_1 to None, run_after=None
[2024-01-14T15:46:14.489+0200] {logging_mixin.py:188} INFO - [2024-01-14T15:46:14.489+0200] {dag.py:3820} INFO - Setting next_dagrun for dataset_consumes_1_and_2 to None, run_after=None
[2024-01-14T15:46:14.489+0200] {logging_mixin.py:188} INFO - [2024-01-14T15:46:14.489+0200] {dag.py:3820} INFO - Setting next_dagrun for dataset_consumes_1_never_scheduled to None, run_after=None
[2024-01-14T15:46:14.490+0200] {logging_mixin.py:188} INFO - [2024-01-14T15:46:14.490+0200] {dag.py:3820} INFO - Setting next_dagrun for dataset_consumes_unknown_never_scheduled to None, run_after=None
[2024-01-14T15:46:14.492+0200] {logging_mixin.py:188} INFO - [2024-01-14T15:46:14.492+0200] {dag.py:3820} INFO - Setting next_dagrun for dataset_produces_1 to 2024-01-13T00:00:00+00:00, run_after=2024-01-14T00:00:00+00:00
[2024-01-14T15:46:14.493+0200] {logging_mixin.py:188} INFO - [2024-01-14T15:46:14.493+0200] {dag.py:3820} INFO - Setting next_dagrun for dataset_produces_2 to None, run_after=None
[2024-01-14T15:46:14.520+0200] {processor.py:183} INFO - Processing /home/mahmoud/airflow_env/lib/python3.10/site-packages/airflow/example_dags/example_datasets.py took 0.107 seconds
[2024-01-14T15:47:09.074+0200] {processor.py:161} INFO - Started process (PID=28256) to work on /home/mahmoud/airflow_env/lib/python3.10/site-packages/airflow/example_dags/example_datasets.py
[2024-01-14T15:47:09.075+0200] {processor.py:830} INFO - Processing file /home/mahmoud/airflow_env/lib/python3.10/site-packages/airflow/example_dags/example_datasets.py for tasks to queue
[2024-01-14T15:47:09.076+0200] {logging_mixin.py:188} INFO - [2024-01-14T15:47:09.076+0200] {dagbag.py:538} INFO - Filling up the DagBag from /home/mahmoud/airflow_env/lib/python3.10/site-packages/airflow/example_dags/example_datasets.py
[2024-01-14T15:47:09.084+0200] {processor.py:840} INFO - DAG(s) 'dataset_produces_1', 'dataset_consumes_1_and_2', 'dataset_consumes_1_never_scheduled', 'dataset_produces_2', 'dataset_consumes_unknown_never_scheduled', 'dataset_consumes_1' retrieved from /home/mahmoud/airflow_env/lib/python3.10/site-packages/airflow/example_dags/example_datasets.py
[2024-01-14T15:47:09.104+0200] {logging_mixin.py:188} INFO - [2024-01-14T15:47:09.104+0200] {dag.py:3033} INFO - Sync 6 DAGs
[2024-01-14T15:47:09.121+0200] {logging_mixin.py:188} INFO - [2024-01-14T15:47:09.120+0200] {dag.py:3820} INFO - Setting next_dagrun for dataset_consumes_1 to None, run_after=None
[2024-01-14T15:47:09.123+0200] {logging_mixin.py:188} INFO - [2024-01-14T15:47:09.123+0200] {dag.py:3820} INFO - Setting next_dagrun for dataset_consumes_1_and_2 to None, run_after=None
[2024-01-14T15:47:09.125+0200] {logging_mixin.py:188} INFO - [2024-01-14T15:47:09.124+0200] {dag.py:3820} INFO - Setting next_dagrun for dataset_consumes_1_never_scheduled to None, run_after=None
[2024-01-14T15:47:09.125+0200] {logging_mixin.py:188} INFO - [2024-01-14T15:47:09.125+0200] {dag.py:3820} INFO - Setting next_dagrun for dataset_consumes_unknown_never_scheduled to None, run_after=None
[2024-01-14T15:47:09.127+0200] {logging_mixin.py:188} INFO - [2024-01-14T15:47:09.127+0200] {dag.py:3820} INFO - Setting next_dagrun for dataset_produces_1 to 2024-01-13T00:00:00+00:00, run_after=2024-01-14T00:00:00+00:00
[2024-01-14T15:47:09.128+0200] {logging_mixin.py:188} INFO - [2024-01-14T15:47:09.128+0200] {dag.py:3820} INFO - Setting next_dagrun for dataset_produces_2 to None, run_after=None
[2024-01-14T15:47:09.154+0200] {processor.py:183} INFO - Processing /home/mahmoud/airflow_env/lib/python3.10/site-packages/airflow/example_dags/example_datasets.py took 0.083 seconds
[2024-01-14T15:48:02.202+0200] {processor.py:161} INFO - Started process (PID=28494) to work on /home/mahmoud/airflow_env/lib/python3.10/site-packages/airflow/example_dags/example_datasets.py
[2024-01-14T15:48:02.204+0200] {processor.py:830} INFO - Processing file /home/mahmoud/airflow_env/lib/python3.10/site-packages/airflow/example_dags/example_datasets.py for tasks to queue
[2024-01-14T15:48:02.205+0200] {logging_mixin.py:188} INFO - [2024-01-14T15:48:02.205+0200] {dagbag.py:538} INFO - Filling up the DagBag from /home/mahmoud/airflow_env/lib/python3.10/site-packages/airflow/example_dags/example_datasets.py
[2024-01-14T15:48:02.215+0200] {processor.py:840} INFO - DAG(s) 'dataset_consumes_1_and_2', 'dataset_produces_1', 'dataset_consumes_1', 'dataset_consumes_unknown_never_scheduled', 'dataset_consumes_1_never_scheduled', 'dataset_produces_2' retrieved from /home/mahmoud/airflow_env/lib/python3.10/site-packages/airflow/example_dags/example_datasets.py
[2024-01-14T15:48:02.238+0200] {logging_mixin.py:188} INFO - [2024-01-14T15:48:02.237+0200] {dag.py:3033} INFO - Sync 6 DAGs
[2024-01-14T15:48:02.254+0200] {logging_mixin.py:188} INFO - [2024-01-14T15:48:02.254+0200] {dag.py:3820} INFO - Setting next_dagrun for dataset_consumes_1 to None, run_after=None
[2024-01-14T15:48:02.256+0200] {logging_mixin.py:188} INFO - [2024-01-14T15:48:02.256+0200] {dag.py:3820} INFO - Setting next_dagrun for dataset_consumes_1_and_2 to None, run_after=None
[2024-01-14T15:48:02.256+0200] {logging_mixin.py:188} INFO - [2024-01-14T15:48:02.256+0200] {dag.py:3820} INFO - Setting next_dagrun for dataset_consumes_1_never_scheduled to None, run_after=None
[2024-01-14T15:48:02.257+0200] {logging_mixin.py:188} INFO - [2024-01-14T15:48:02.257+0200] {dag.py:3820} INFO - Setting next_dagrun for dataset_consumes_unknown_never_scheduled to None, run_after=None
[2024-01-14T15:48:02.258+0200] {logging_mixin.py:188} INFO - [2024-01-14T15:48:02.258+0200] {dag.py:3820} INFO - Setting next_dagrun for dataset_produces_1 to 2024-01-13T00:00:00+00:00, run_after=2024-01-14T00:00:00+00:00
[2024-01-14T15:48:02.259+0200] {logging_mixin.py:188} INFO - [2024-01-14T15:48:02.259+0200] {dag.py:3820} INFO - Setting next_dagrun for dataset_produces_2 to None, run_after=None
[2024-01-14T15:48:02.287+0200] {processor.py:183} INFO - Processing /home/mahmoud/airflow_env/lib/python3.10/site-packages/airflow/example_dags/example_datasets.py took 0.088 seconds
[2024-01-14T15:48:54.278+0200] {processor.py:161} INFO - Started process (PID=28699) to work on /home/mahmoud/airflow_env/lib/python3.10/site-packages/airflow/example_dags/example_datasets.py
[2024-01-14T15:48:54.280+0200] {processor.py:830} INFO - Processing file /home/mahmoud/airflow_env/lib/python3.10/site-packages/airflow/example_dags/example_datasets.py for tasks to queue
[2024-01-14T15:48:54.281+0200] {logging_mixin.py:188} INFO - [2024-01-14T15:48:54.281+0200] {dagbag.py:538} INFO - Filling up the DagBag from /home/mahmoud/airflow_env/lib/python3.10/site-packages/airflow/example_dags/example_datasets.py
[2024-01-14T15:48:54.291+0200] {processor.py:840} INFO - DAG(s) 'dataset_consumes_1', 'dataset_consumes_1_never_scheduled', 'dataset_consumes_unknown_never_scheduled', 'dataset_produces_1', 'dataset_produces_2', 'dataset_consumes_1_and_2' retrieved from /home/mahmoud/airflow_env/lib/python3.10/site-packages/airflow/example_dags/example_datasets.py
[2024-01-14T15:48:54.315+0200] {logging_mixin.py:188} INFO - [2024-01-14T15:48:54.315+0200] {dag.py:3033} INFO - Sync 6 DAGs
[2024-01-14T15:48:54.332+0200] {logging_mixin.py:188} INFO - [2024-01-14T15:48:54.332+0200] {dag.py:3820} INFO - Setting next_dagrun for dataset_consumes_1 to None, run_after=None
[2024-01-14T15:48:54.334+0200] {logging_mixin.py:188} INFO - [2024-01-14T15:48:54.334+0200] {dag.py:3820} INFO - Setting next_dagrun for dataset_consumes_1_and_2 to None, run_after=None
[2024-01-14T15:48:54.335+0200] {logging_mixin.py:188} INFO - [2024-01-14T15:48:54.335+0200] {dag.py:3820} INFO - Setting next_dagrun for dataset_consumes_1_never_scheduled to None, run_after=None
[2024-01-14T15:48:54.336+0200] {logging_mixin.py:188} INFO - [2024-01-14T15:48:54.335+0200] {dag.py:3820} INFO - Setting next_dagrun for dataset_consumes_unknown_never_scheduled to None, run_after=None
[2024-01-14T15:48:54.337+0200] {logging_mixin.py:188} INFO - [2024-01-14T15:48:54.337+0200] {dag.py:3820} INFO - Setting next_dagrun for dataset_produces_1 to 2024-01-13T00:00:00+00:00, run_after=2024-01-14T00:00:00+00:00
[2024-01-14T15:48:54.338+0200] {logging_mixin.py:188} INFO - [2024-01-14T15:48:54.338+0200] {dag.py:3820} INFO - Setting next_dagrun for dataset_produces_2 to None, run_after=None
[2024-01-14T15:48:54.366+0200] {processor.py:183} INFO - Processing /home/mahmoud/airflow_env/lib/python3.10/site-packages/airflow/example_dags/example_datasets.py took 0.092 seconds
[2024-01-14T15:49:48.425+0200] {processor.py:161} INFO - Started process (PID=28917) to work on /home/mahmoud/airflow_env/lib/python3.10/site-packages/airflow/example_dags/example_datasets.py
[2024-01-14T15:49:48.427+0200] {processor.py:830} INFO - Processing file /home/mahmoud/airflow_env/lib/python3.10/site-packages/airflow/example_dags/example_datasets.py for tasks to queue
[2024-01-14T15:49:48.428+0200] {logging_mixin.py:188} INFO - [2024-01-14T15:49:48.427+0200] {dagbag.py:538} INFO - Filling up the DagBag from /home/mahmoud/airflow_env/lib/python3.10/site-packages/airflow/example_dags/example_datasets.py
[2024-01-14T15:49:48.437+0200] {processor.py:840} INFO - DAG(s) 'dataset_consumes_1_never_scheduled', 'dataset_produces_2', 'dataset_consumes_1', 'dataset_consumes_1_and_2', 'dataset_produces_1', 'dataset_consumes_unknown_never_scheduled' retrieved from /home/mahmoud/airflow_env/lib/python3.10/site-packages/airflow/example_dags/example_datasets.py
[2024-01-14T15:49:48.461+0200] {logging_mixin.py:188} INFO - [2024-01-14T15:49:48.460+0200] {dag.py:3033} INFO - Sync 6 DAGs
[2024-01-14T15:49:48.477+0200] {logging_mixin.py:188} INFO - [2024-01-14T15:49:48.477+0200] {dag.py:3820} INFO - Setting next_dagrun for dataset_consumes_1 to None, run_after=None
[2024-01-14T15:49:48.479+0200] {logging_mixin.py:188} INFO - [2024-01-14T15:49:48.479+0200] {dag.py:3820} INFO - Setting next_dagrun for dataset_consumes_1_and_2 to None, run_after=None
[2024-01-14T15:49:48.479+0200] {logging_mixin.py:188} INFO - [2024-01-14T15:49:48.479+0200] {dag.py:3820} INFO - Setting next_dagrun for dataset_consumes_1_never_scheduled to None, run_after=None
[2024-01-14T15:49:48.480+0200] {logging_mixin.py:188} INFO - [2024-01-14T15:49:48.480+0200] {dag.py:3820} INFO - Setting next_dagrun for dataset_consumes_unknown_never_scheduled to None, run_after=None
[2024-01-14T15:49:48.482+0200] {logging_mixin.py:188} INFO - [2024-01-14T15:49:48.481+0200] {dag.py:3820} INFO - Setting next_dagrun for dataset_produces_1 to 2024-01-13T00:00:00+00:00, run_after=2024-01-14T00:00:00+00:00
[2024-01-14T15:49:48.482+0200] {logging_mixin.py:188} INFO - [2024-01-14T15:49:48.482+0200] {dag.py:3820} INFO - Setting next_dagrun for dataset_produces_2 to None, run_after=None
[2024-01-14T15:49:48.511+0200] {processor.py:183} INFO - Processing /home/mahmoud/airflow_env/lib/python3.10/site-packages/airflow/example_dags/example_datasets.py took 0.089 seconds
[2024-01-14T15:50:38.864+0200] {processor.py:161} INFO - Started process (PID=29114) to work on /home/mahmoud/airflow_env/lib/python3.10/site-packages/airflow/example_dags/example_datasets.py
[2024-01-14T15:50:38.868+0200] {processor.py:830} INFO - Processing file /home/mahmoud/airflow_env/lib/python3.10/site-packages/airflow/example_dags/example_datasets.py for tasks to queue
[2024-01-14T15:50:38.869+0200] {logging_mixin.py:188} INFO - [2024-01-14T15:50:38.869+0200] {dagbag.py:538} INFO - Filling up the DagBag from /home/mahmoud/airflow_env/lib/python3.10/site-packages/airflow/example_dags/example_datasets.py
[2024-01-14T15:50:38.889+0200] {processor.py:840} INFO - DAG(s) 'dataset_produces_1', 'dataset_consumes_1_and_2', 'dataset_consumes_1', 'dataset_consumes_unknown_never_scheduled', 'dataset_consumes_1_never_scheduled', 'dataset_produces_2' retrieved from /home/mahmoud/airflow_env/lib/python3.10/site-packages/airflow/example_dags/example_datasets.py
[2024-01-14T15:50:38.920+0200] {logging_mixin.py:188} INFO - [2024-01-14T15:50:38.920+0200] {dag.py:3033} INFO - Sync 6 DAGs
[2024-01-14T15:50:38.937+0200] {logging_mixin.py:188} INFO - [2024-01-14T15:50:38.937+0200] {dag.py:3820} INFO - Setting next_dagrun for dataset_consumes_1 to None, run_after=None
[2024-01-14T15:50:38.939+0200] {logging_mixin.py:188} INFO - [2024-01-14T15:50:38.939+0200] {dag.py:3820} INFO - Setting next_dagrun for dataset_consumes_1_and_2 to None, run_after=None
[2024-01-14T15:50:38.940+0200] {logging_mixin.py:188} INFO - [2024-01-14T15:50:38.940+0200] {dag.py:3820} INFO - Setting next_dagrun for dataset_consumes_1_never_scheduled to None, run_after=None
[2024-01-14T15:50:38.941+0200] {logging_mixin.py:188} INFO - [2024-01-14T15:50:38.941+0200] {dag.py:3820} INFO - Setting next_dagrun for dataset_consumes_unknown_never_scheduled to None, run_after=None
[2024-01-14T15:50:38.942+0200] {logging_mixin.py:188} INFO - [2024-01-14T15:50:38.942+0200] {dag.py:3820} INFO - Setting next_dagrun for dataset_produces_1 to 2024-01-13T00:00:00+00:00, run_after=2024-01-14T00:00:00+00:00
[2024-01-14T15:50:38.943+0200] {logging_mixin.py:188} INFO - [2024-01-14T15:50:38.943+0200] {dag.py:3820} INFO - Setting next_dagrun for dataset_produces_2 to None, run_after=None
[2024-01-14T15:50:38.971+0200] {processor.py:183} INFO - Processing /home/mahmoud/airflow_env/lib/python3.10/site-packages/airflow/example_dags/example_datasets.py took 0.116 seconds
[2024-01-14T15:51:32.734+0200] {processor.py:161} INFO - Started process (PID=29324) to work on /home/mahmoud/airflow_env/lib/python3.10/site-packages/airflow/example_dags/example_datasets.py
[2024-01-14T15:51:32.736+0200] {processor.py:830} INFO - Processing file /home/mahmoud/airflow_env/lib/python3.10/site-packages/airflow/example_dags/example_datasets.py for tasks to queue
[2024-01-14T15:51:32.737+0200] {logging_mixin.py:188} INFO - [2024-01-14T15:51:32.736+0200] {dagbag.py:538} INFO - Filling up the DagBag from /home/mahmoud/airflow_env/lib/python3.10/site-packages/airflow/example_dags/example_datasets.py
[2024-01-14T15:51:32.745+0200] {processor.py:840} INFO - DAG(s) 'dataset_consumes_1_never_scheduled', 'dataset_consumes_1_and_2', 'dataset_consumes_1', 'dataset_produces_2', 'dataset_produces_1', 'dataset_consumes_unknown_never_scheduled' retrieved from /home/mahmoud/airflow_env/lib/python3.10/site-packages/airflow/example_dags/example_datasets.py
[2024-01-14T15:51:32.768+0200] {logging_mixin.py:188} INFO - [2024-01-14T15:51:32.768+0200] {dag.py:3033} INFO - Sync 6 DAGs
[2024-01-14T15:51:32.786+0200] {logging_mixin.py:188} INFO - [2024-01-14T15:51:32.786+0200] {dag.py:3820} INFO - Setting next_dagrun for dataset_consumes_1 to None, run_after=None
[2024-01-14T15:51:32.789+0200] {logging_mixin.py:188} INFO - [2024-01-14T15:51:32.789+0200] {dag.py:3820} INFO - Setting next_dagrun for dataset_consumes_1_and_2 to None, run_after=None
[2024-01-14T15:51:32.789+0200] {logging_mixin.py:188} INFO - [2024-01-14T15:51:32.789+0200] {dag.py:3820} INFO - Setting next_dagrun for dataset_consumes_1_never_scheduled to None, run_after=None
[2024-01-14T15:51:32.790+0200] {logging_mixin.py:188} INFO - [2024-01-14T15:51:32.790+0200] {dag.py:3820} INFO - Setting next_dagrun for dataset_consumes_unknown_never_scheduled to None, run_after=None
[2024-01-14T15:51:32.792+0200] {logging_mixin.py:188} INFO - [2024-01-14T15:51:32.792+0200] {dag.py:3820} INFO - Setting next_dagrun for dataset_produces_1 to 2024-01-13T00:00:00+00:00, run_after=2024-01-14T00:00:00+00:00
[2024-01-14T15:51:32.793+0200] {logging_mixin.py:188} INFO - [2024-01-14T15:51:32.793+0200] {dag.py:3820} INFO - Setting next_dagrun for dataset_produces_2 to None, run_after=None
[2024-01-14T15:51:32.819+0200] {processor.py:183} INFO - Processing /home/mahmoud/airflow_env/lib/python3.10/site-packages/airflow/example_dags/example_datasets.py took 0.088 seconds
[2024-01-14T15:52:23.133+0200] {processor.py:161} INFO - Started process (PID=29528) to work on /home/mahmoud/airflow_env/lib/python3.10/site-packages/airflow/example_dags/example_datasets.py
[2024-01-14T15:52:23.135+0200] {processor.py:830} INFO - Processing file /home/mahmoud/airflow_env/lib/python3.10/site-packages/airflow/example_dags/example_datasets.py for tasks to queue
[2024-01-14T15:52:23.136+0200] {logging_mixin.py:188} INFO - [2024-01-14T15:52:23.135+0200] {dagbag.py:538} INFO - Filling up the DagBag from /home/mahmoud/airflow_env/lib/python3.10/site-packages/airflow/example_dags/example_datasets.py
[2024-01-14T15:52:23.145+0200] {processor.py:840} INFO - DAG(s) 'dataset_consumes_1_and_2', 'dataset_produces_1', 'dataset_consumes_1_never_scheduled', 'dataset_produces_2', 'dataset_consumes_unknown_never_scheduled', 'dataset_consumes_1' retrieved from /home/mahmoud/airflow_env/lib/python3.10/site-packages/airflow/example_dags/example_datasets.py
[2024-01-14T15:52:23.169+0200] {logging_mixin.py:188} INFO - [2024-01-14T15:52:23.168+0200] {dag.py:3033} INFO - Sync 6 DAGs
[2024-01-14T15:52:23.187+0200] {logging_mixin.py:188} INFO - [2024-01-14T15:52:23.187+0200] {dag.py:3820} INFO - Setting next_dagrun for dataset_consumes_1 to None, run_after=None
[2024-01-14T15:52:23.189+0200] {logging_mixin.py:188} INFO - [2024-01-14T15:52:23.189+0200] {dag.py:3820} INFO - Setting next_dagrun for dataset_consumes_1_and_2 to None, run_after=None
[2024-01-14T15:52:23.190+0200] {logging_mixin.py:188} INFO - [2024-01-14T15:52:23.190+0200] {dag.py:3820} INFO - Setting next_dagrun for dataset_consumes_1_never_scheduled to None, run_after=None
[2024-01-14T15:52:23.191+0200] {logging_mixin.py:188} INFO - [2024-01-14T15:52:23.191+0200] {dag.py:3820} INFO - Setting next_dagrun for dataset_consumes_unknown_never_scheduled to None, run_after=None
[2024-01-14T15:52:23.193+0200] {logging_mixin.py:188} INFO - [2024-01-14T15:52:23.193+0200] {dag.py:3820} INFO - Setting next_dagrun for dataset_produces_1 to 2024-01-13T00:00:00+00:00, run_after=2024-01-14T00:00:00+00:00
[2024-01-14T15:52:23.193+0200] {logging_mixin.py:188} INFO - [2024-01-14T15:52:23.193+0200] {dag.py:3820} INFO - Setting next_dagrun for dataset_produces_2 to None, run_after=None
[2024-01-14T15:52:23.220+0200] {processor.py:183} INFO - Processing /home/mahmoud/airflow_env/lib/python3.10/site-packages/airflow/example_dags/example_datasets.py took 0.090 seconds
[2024-01-14T15:53:13.424+0200] {processor.py:161} INFO - Started process (PID=29754) to work on /home/mahmoud/airflow_env/lib/python3.10/site-packages/airflow/example_dags/example_datasets.py
[2024-01-14T15:53:13.426+0200] {processor.py:830} INFO - Processing file /home/mahmoud/airflow_env/lib/python3.10/site-packages/airflow/example_dags/example_datasets.py for tasks to queue
[2024-01-14T15:53:13.427+0200] {logging_mixin.py:188} INFO - [2024-01-14T15:53:13.427+0200] {dagbag.py:538} INFO - Filling up the DagBag from /home/mahmoud/airflow_env/lib/python3.10/site-packages/airflow/example_dags/example_datasets.py
[2024-01-14T15:53:13.436+0200] {processor.py:840} INFO - DAG(s) 'dataset_consumes_unknown_never_scheduled', 'dataset_produces_2', 'dataset_consumes_1_never_scheduled', 'dataset_produces_1', 'dataset_consumes_1', 'dataset_consumes_1_and_2' retrieved from /home/mahmoud/airflow_env/lib/python3.10/site-packages/airflow/example_dags/example_datasets.py
[2024-01-14T15:53:13.460+0200] {logging_mixin.py:188} INFO - [2024-01-14T15:53:13.460+0200] {dag.py:3033} INFO - Sync 6 DAGs
[2024-01-14T15:53:13.478+0200] {logging_mixin.py:188} INFO - [2024-01-14T15:53:13.478+0200] {dag.py:3820} INFO - Setting next_dagrun for dataset_consumes_1 to None, run_after=None
[2024-01-14T15:53:13.480+0200] {logging_mixin.py:188} INFO - [2024-01-14T15:53:13.480+0200] {dag.py:3820} INFO - Setting next_dagrun for dataset_consumes_1_and_2 to None, run_after=None
[2024-01-14T15:53:13.481+0200] {logging_mixin.py:188} INFO - [2024-01-14T15:53:13.481+0200] {dag.py:3820} INFO - Setting next_dagrun for dataset_consumes_1_never_scheduled to None, run_after=None
[2024-01-14T15:53:13.482+0200] {logging_mixin.py:188} INFO - [2024-01-14T15:53:13.482+0200] {dag.py:3820} INFO - Setting next_dagrun for dataset_consumes_unknown_never_scheduled to None, run_after=None
[2024-01-14T15:53:13.484+0200] {logging_mixin.py:188} INFO - [2024-01-14T15:53:13.484+0200] {dag.py:3820} INFO - Setting next_dagrun for dataset_produces_1 to 2024-01-13T00:00:00+00:00, run_after=2024-01-14T00:00:00+00:00
[2024-01-14T15:53:13.484+0200] {logging_mixin.py:188} INFO - [2024-01-14T15:53:13.484+0200] {dag.py:3820} INFO - Setting next_dagrun for dataset_produces_2 to None, run_after=None
[2024-01-14T15:53:13.511+0200] {processor.py:183} INFO - Processing /home/mahmoud/airflow_env/lib/python3.10/site-packages/airflow/example_dags/example_datasets.py took 0.089 seconds
[2024-01-14T15:54:23.665+0200] {processor.py:161} INFO - Started process (PID=30006) to work on /home/mahmoud/airflow_env/lib/python3.10/site-packages/airflow/example_dags/example_datasets.py
[2024-01-14T15:54:23.669+0200] {processor.py:830} INFO - Processing file /home/mahmoud/airflow_env/lib/python3.10/site-packages/airflow/example_dags/example_datasets.py for tasks to queue
[2024-01-14T15:54:23.672+0200] {logging_mixin.py:188} INFO - [2024-01-14T15:54:23.671+0200] {dagbag.py:538} INFO - Filling up the DagBag from /home/mahmoud/airflow_env/lib/python3.10/site-packages/airflow/example_dags/example_datasets.py
[2024-01-14T15:54:23.701+0200] {processor.py:840} INFO - DAG(s) 'dataset_produces_2', 'dataset_consumes_1_never_scheduled', 'dataset_consumes_1', 'dataset_consumes_unknown_never_scheduled', 'dataset_consumes_1_and_2', 'dataset_produces_1' retrieved from /home/mahmoud/airflow_env/lib/python3.10/site-packages/airflow/example_dags/example_datasets.py
[2024-01-14T15:54:23.781+0200] {logging_mixin.py:188} INFO - [2024-01-14T15:54:23.781+0200] {dag.py:3033} INFO - Sync 6 DAGs
[2024-01-14T15:54:23.848+0200] {logging_mixin.py:188} INFO - [2024-01-14T15:54:23.847+0200] {dag.py:3820} INFO - Setting next_dagrun for dataset_consumes_1 to None, run_after=None
[2024-01-14T15:54:23.858+0200] {logging_mixin.py:188} INFO - [2024-01-14T15:54:23.858+0200] {dag.py:3820} INFO - Setting next_dagrun for dataset_consumes_1_and_2 to None, run_after=None
[2024-01-14T15:54:23.861+0200] {logging_mixin.py:188} INFO - [2024-01-14T15:54:23.861+0200] {dag.py:3820} INFO - Setting next_dagrun for dataset_consumes_1_never_scheduled to None, run_after=None
[2024-01-14T15:54:23.864+0200] {logging_mixin.py:188} INFO - [2024-01-14T15:54:23.863+0200] {dag.py:3820} INFO - Setting next_dagrun for dataset_consumes_unknown_never_scheduled to None, run_after=None
[2024-01-14T15:54:23.871+0200] {logging_mixin.py:188} INFO - [2024-01-14T15:54:23.870+0200] {dag.py:3820} INFO - Setting next_dagrun for dataset_produces_1 to 2024-01-13T00:00:00+00:00, run_after=2024-01-14T00:00:00+00:00
[2024-01-14T15:54:23.874+0200] {logging_mixin.py:188} INFO - [2024-01-14T15:54:23.873+0200] {dag.py:3820} INFO - Setting next_dagrun for dataset_produces_2 to None, run_after=None
[2024-01-14T15:54:23.961+0200] {processor.py:183} INFO - Processing /home/mahmoud/airflow_env/lib/python3.10/site-packages/airflow/example_dags/example_datasets.py took 0.305 seconds
[2024-01-14T15:55:36.160+0200] {processor.py:161} INFO - Started process (PID=30260) to work on /home/mahmoud/airflow_env/lib/python3.10/site-packages/airflow/example_dags/example_datasets.py
[2024-01-14T15:55:36.164+0200] {processor.py:830} INFO - Processing file /home/mahmoud/airflow_env/lib/python3.10/site-packages/airflow/example_dags/example_datasets.py for tasks to queue
[2024-01-14T15:55:36.166+0200] {logging_mixin.py:188} INFO - [2024-01-14T15:55:36.165+0200] {dagbag.py:538} INFO - Filling up the DagBag from /home/mahmoud/airflow_env/lib/python3.10/site-packages/airflow/example_dags/example_datasets.py
[2024-01-14T15:55:36.194+0200] {processor.py:840} INFO - DAG(s) 'dataset_produces_2', 'dataset_consumes_1', 'dataset_consumes_1_never_scheduled', 'dataset_consumes_unknown_never_scheduled', 'dataset_consumes_1_and_2', 'dataset_produces_1' retrieved from /home/mahmoud/airflow_env/lib/python3.10/site-packages/airflow/example_dags/example_datasets.py
[2024-01-14T15:55:36.270+0200] {logging_mixin.py:188} INFO - [2024-01-14T15:55:36.269+0200] {dag.py:3033} INFO - Sync 6 DAGs
[2024-01-14T15:55:36.331+0200] {logging_mixin.py:188} INFO - [2024-01-14T15:55:36.331+0200] {dag.py:3820} INFO - Setting next_dagrun for dataset_consumes_1 to None, run_after=None
[2024-01-14T15:55:36.341+0200] {logging_mixin.py:188} INFO - [2024-01-14T15:55:36.340+0200] {dag.py:3820} INFO - Setting next_dagrun for dataset_consumes_1_and_2 to None, run_after=None
[2024-01-14T15:55:36.343+0200] {logging_mixin.py:188} INFO - [2024-01-14T15:55:36.343+0200] {dag.py:3820} INFO - Setting next_dagrun for dataset_consumes_1_never_scheduled to None, run_after=None
[2024-01-14T15:55:36.345+0200] {logging_mixin.py:188} INFO - [2024-01-14T15:55:36.345+0200] {dag.py:3820} INFO - Setting next_dagrun for dataset_consumes_unknown_never_scheduled to None, run_after=None
[2024-01-14T15:55:36.352+0200] {logging_mixin.py:188} INFO - [2024-01-14T15:55:36.352+0200] {dag.py:3820} INFO - Setting next_dagrun for dataset_produces_1 to 2024-01-13T00:00:00+00:00, run_after=2024-01-14T00:00:00+00:00
[2024-01-14T15:55:36.355+0200] {logging_mixin.py:188} INFO - [2024-01-14T15:55:36.354+0200] {dag.py:3820} INFO - Setting next_dagrun for dataset_produces_2 to None, run_after=None
[2024-01-14T15:55:36.437+0200] {processor.py:183} INFO - Processing /home/mahmoud/airflow_env/lib/python3.10/site-packages/airflow/example_dags/example_datasets.py took 0.286 seconds
[2024-01-14T15:56:35.571+0200] {processor.py:161} INFO - Started process (PID=30466) to work on /home/mahmoud/airflow_env/lib/python3.10/site-packages/airflow/example_dags/example_datasets.py
[2024-01-14T15:56:35.575+0200] {processor.py:830} INFO - Processing file /home/mahmoud/airflow_env/lib/python3.10/site-packages/airflow/example_dags/example_datasets.py for tasks to queue
[2024-01-14T15:56:35.577+0200] {logging_mixin.py:188} INFO - [2024-01-14T15:56:35.576+0200] {dagbag.py:538} INFO - Filling up the DagBag from /home/mahmoud/airflow_env/lib/python3.10/site-packages/airflow/example_dags/example_datasets.py
[2024-01-14T15:56:35.610+0200] {processor.py:840} INFO - DAG(s) 'dataset_consumes_1', 'dataset_consumes_unknown_never_scheduled', 'dataset_consumes_1_and_2', 'dataset_consumes_1_never_scheduled', 'dataset_produces_2', 'dataset_produces_1' retrieved from /home/mahmoud/airflow_env/lib/python3.10/site-packages/airflow/example_dags/example_datasets.py
[2024-01-14T15:56:35.697+0200] {logging_mixin.py:188} INFO - [2024-01-14T15:56:35.697+0200] {dag.py:3033} INFO - Sync 6 DAGs
[2024-01-14T15:56:35.770+0200] {logging_mixin.py:188} INFO - [2024-01-14T15:56:35.769+0200] {dag.py:3820} INFO - Setting next_dagrun for dataset_consumes_1 to None, run_after=None
[2024-01-14T15:56:35.781+0200] {logging_mixin.py:188} INFO - [2024-01-14T15:56:35.781+0200] {dag.py:3820} INFO - Setting next_dagrun for dataset_consumes_1_and_2 to None, run_after=None
[2024-01-14T15:56:35.784+0200] {logging_mixin.py:188} INFO - [2024-01-14T15:56:35.784+0200] {dag.py:3820} INFO - Setting next_dagrun for dataset_consumes_1_never_scheduled to None, run_after=None
[2024-01-14T15:56:35.787+0200] {logging_mixin.py:188} INFO - [2024-01-14T15:56:35.786+0200] {dag.py:3820} INFO - Setting next_dagrun for dataset_consumes_unknown_never_scheduled to None, run_after=None
[2024-01-14T15:56:35.796+0200] {logging_mixin.py:188} INFO - [2024-01-14T15:56:35.795+0200] {dag.py:3820} INFO - Setting next_dagrun for dataset_produces_1 to 2024-01-13T00:00:00+00:00, run_after=2024-01-14T00:00:00+00:00
[2024-01-14T15:56:35.799+0200] {logging_mixin.py:188} INFO - [2024-01-14T15:56:35.798+0200] {dag.py:3820} INFO - Setting next_dagrun for dataset_produces_2 to None, run_after=None
[2024-01-14T15:56:35.902+0200] {processor.py:183} INFO - Processing /home/mahmoud/airflow_env/lib/python3.10/site-packages/airflow/example_dags/example_datasets.py took 0.340 seconds
[2024-01-14T15:57:33.930+0200] {processor.py:161} INFO - Started process (PID=30677) to work on /home/mahmoud/airflow_env/lib/python3.10/site-packages/airflow/example_dags/example_datasets.py
[2024-01-14T15:57:33.934+0200] {processor.py:830} INFO - Processing file /home/mahmoud/airflow_env/lib/python3.10/site-packages/airflow/example_dags/example_datasets.py for tasks to queue
[2024-01-14T15:57:33.937+0200] {logging_mixin.py:188} INFO - [2024-01-14T15:57:33.936+0200] {dagbag.py:538} INFO - Filling up the DagBag from /home/mahmoud/airflow_env/lib/python3.10/site-packages/airflow/example_dags/example_datasets.py
[2024-01-14T15:57:33.968+0200] {processor.py:840} INFO - DAG(s) 'dataset_consumes_unknown_never_scheduled', 'dataset_consumes_1_and_2', 'dataset_produces_2', 'dataset_consumes_1', 'dataset_produces_1', 'dataset_consumes_1_never_scheduled' retrieved from /home/mahmoud/airflow_env/lib/python3.10/site-packages/airflow/example_dags/example_datasets.py
[2024-01-14T15:57:34.053+0200] {logging_mixin.py:188} INFO - [2024-01-14T15:57:34.053+0200] {dag.py:3033} INFO - Sync 6 DAGs
[2024-01-14T15:57:34.120+0200] {logging_mixin.py:188} INFO - [2024-01-14T15:57:34.120+0200] {dag.py:3820} INFO - Setting next_dagrun for dataset_consumes_1 to None, run_after=None
[2024-01-14T15:57:34.131+0200] {logging_mixin.py:188} INFO - [2024-01-14T15:57:34.130+0200] {dag.py:3820} INFO - Setting next_dagrun for dataset_consumes_1_and_2 to None, run_after=None
[2024-01-14T15:57:34.134+0200] {logging_mixin.py:188} INFO - [2024-01-14T15:57:34.133+0200] {dag.py:3820} INFO - Setting next_dagrun for dataset_consumes_1_never_scheduled to None, run_after=None
[2024-01-14T15:57:34.136+0200] {logging_mixin.py:188} INFO - [2024-01-14T15:57:34.136+0200] {dag.py:3820} INFO - Setting next_dagrun for dataset_consumes_unknown_never_scheduled to None, run_after=None
[2024-01-14T15:57:34.144+0200] {logging_mixin.py:188} INFO - [2024-01-14T15:57:34.143+0200] {dag.py:3820} INFO - Setting next_dagrun for dataset_produces_1 to 2024-01-13T00:00:00+00:00, run_after=2024-01-14T00:00:00+00:00
[2024-01-14T15:57:34.146+0200] {logging_mixin.py:188} INFO - [2024-01-14T15:57:34.146+0200] {dag.py:3820} INFO - Setting next_dagrun for dataset_produces_2 to None, run_after=None
[2024-01-14T15:57:34.236+0200] {processor.py:183} INFO - Processing /home/mahmoud/airflow_env/lib/python3.10/site-packages/airflow/example_dags/example_datasets.py took 0.316 seconds
