[2024-01-14T14:40:45.377+0200] {processor.py:161} INFO - Started process (PID=9775) to work on /home/mahmoud/airflow_env/lib/python3.10/site-packages/airflow/example_dags/example_task_group.py
[2024-01-14T14:40:45.378+0200] {processor.py:830} INFO - Processing file /home/mahmoud/airflow_env/lib/python3.10/site-packages/airflow/example_dags/example_task_group.py for tasks to queue
[2024-01-14T14:40:45.379+0200] {logging_mixin.py:188} INFO - [2024-01-14T14:40:45.378+0200] {dagbag.py:538} INFO - Filling up the DagBag from /home/mahmoud/airflow_env/lib/python3.10/site-packages/airflow/example_dags/example_task_group.py
[2024-01-14T14:40:45.388+0200] {processor.py:840} INFO - DAG(s) 'example_task_group' retrieved from /home/mahmoud/airflow_env/lib/python3.10/site-packages/airflow/example_dags/example_task_group.py
[2024-01-14T14:40:45.555+0200] {logging_mixin.py:188} INFO - [2024-01-14T14:40:45.554+0200] {override.py:1769} INFO - Created Permission View: can edit on DAG:example_task_group
[2024-01-14T14:40:45.571+0200] {logging_mixin.py:188} INFO - [2024-01-14T14:40:45.571+0200] {override.py:1769} INFO - Created Permission View: can read on DAG:example_task_group
[2024-01-14T14:40:45.583+0200] {logging_mixin.py:188} INFO - [2024-01-14T14:40:45.583+0200] {override.py:1769} INFO - Created Permission View: can delete on DAG:example_task_group
[2024-01-14T14:40:45.583+0200] {logging_mixin.py:188} INFO - [2024-01-14T14:40:45.583+0200] {dag.py:3033} INFO - Sync 1 DAGs
[2024-01-14T14:40:45.591+0200] {logging_mixin.py:188} INFO - [2024-01-14T14:40:45.591+0200] {dag.py:3055} INFO - Creating ORM DAG for example_task_group
[2024-01-14T14:40:45.597+0200] {logging_mixin.py:188} INFO - [2024-01-14T14:40:45.597+0200] {dag.py:3820} INFO - Setting next_dagrun for example_task_group to 2024-01-13T00:00:00+00:00, run_after=2024-01-14T00:00:00+00:00
[2024-01-14T14:40:45.622+0200] {processor.py:183} INFO - Processing /home/mahmoud/airflow_env/lib/python3.10/site-packages/airflow/example_dags/example_task_group.py took 0.249 seconds
[2024-01-14T15:08:22.649+0200] {processor.py:161} INFO - Started process (PID=16124) to work on /home/mahmoud/airflow_env/lib/python3.10/site-packages/airflow/example_dags/example_task_group.py
[2024-01-14T15:08:22.652+0200] {processor.py:830} INFO - Processing file /home/mahmoud/airflow_env/lib/python3.10/site-packages/airflow/example_dags/example_task_group.py for tasks to queue
[2024-01-14T15:08:22.653+0200] {logging_mixin.py:188} INFO - [2024-01-14T15:08:22.653+0200] {dagbag.py:538} INFO - Filling up the DagBag from /home/mahmoud/airflow_env/lib/python3.10/site-packages/airflow/example_dags/example_task_group.py
[2024-01-14T15:08:22.665+0200] {processor.py:840} INFO - DAG(s) 'example_task_group' retrieved from /home/mahmoud/airflow_env/lib/python3.10/site-packages/airflow/example_dags/example_task_group.py
[2024-01-14T15:08:22.680+0200] {logging_mixin.py:188} INFO - [2024-01-14T15:08:22.680+0200] {dag.py:3033} INFO - Sync 1 DAGs
[2024-01-14T15:08:22.773+0200] {logging_mixin.py:188} INFO - [2024-01-14T15:08:22.773+0200] {dag.py:3820} INFO - Setting next_dagrun for example_task_group to 2024-01-13T00:00:00+00:00, run_after=2024-01-14T00:00:00+00:00
[2024-01-14T15:08:22.798+0200] {processor.py:183} INFO - Processing /home/mahmoud/airflow_env/lib/python3.10/site-packages/airflow/example_dags/example_task_group.py took 0.155 seconds
[2024-01-14T15:09:15.070+0200] {processor.py:161} INFO - Started process (PID=16449) to work on /home/mahmoud/airflow_env/lib/python3.10/site-packages/airflow/example_dags/example_task_group.py
[2024-01-14T15:09:15.073+0200] {processor.py:830} INFO - Processing file /home/mahmoud/airflow_env/lib/python3.10/site-packages/airflow/example_dags/example_task_group.py for tasks to queue
[2024-01-14T15:09:15.074+0200] {logging_mixin.py:188} INFO - [2024-01-14T15:09:15.074+0200] {dagbag.py:538} INFO - Filling up the DagBag from /home/mahmoud/airflow_env/lib/python3.10/site-packages/airflow/example_dags/example_task_group.py
[2024-01-14T15:09:15.086+0200] {processor.py:840} INFO - DAG(s) 'example_task_group' retrieved from /home/mahmoud/airflow_env/lib/python3.10/site-packages/airflow/example_dags/example_task_group.py
[2024-01-14T15:09:15.105+0200] {logging_mixin.py:188} INFO - [2024-01-14T15:09:15.105+0200] {dag.py:3033} INFO - Sync 1 DAGs
[2024-01-14T15:09:15.122+0200] {logging_mixin.py:188} INFO - [2024-01-14T15:09:15.121+0200] {dag.py:3820} INFO - Setting next_dagrun for example_task_group to 2024-01-13T00:00:00+00:00, run_after=2024-01-14T00:00:00+00:00
[2024-01-14T15:09:15.142+0200] {processor.py:183} INFO - Processing /home/mahmoud/airflow_env/lib/python3.10/site-packages/airflow/example_dags/example_task_group.py took 0.079 seconds
[2024-01-14T15:10:02.984+0200] {processor.py:161} INFO - Started process (PID=16683) to work on /home/mahmoud/airflow_env/lib/python3.10/site-packages/airflow/example_dags/example_task_group.py
[2024-01-14T15:10:02.986+0200] {processor.py:830} INFO - Processing file /home/mahmoud/airflow_env/lib/python3.10/site-packages/airflow/example_dags/example_task_group.py for tasks to queue
[2024-01-14T15:10:02.987+0200] {logging_mixin.py:188} INFO - [2024-01-14T15:10:02.987+0200] {dagbag.py:538} INFO - Filling up the DagBag from /home/mahmoud/airflow_env/lib/python3.10/site-packages/airflow/example_dags/example_task_group.py
[2024-01-14T15:10:02.996+0200] {processor.py:840} INFO - DAG(s) 'example_task_group' retrieved from /home/mahmoud/airflow_env/lib/python3.10/site-packages/airflow/example_dags/example_task_group.py
[2024-01-14T15:10:03.012+0200] {logging_mixin.py:188} INFO - [2024-01-14T15:10:03.012+0200] {dag.py:3033} INFO - Sync 1 DAGs
[2024-01-14T15:10:03.029+0200] {logging_mixin.py:188} INFO - [2024-01-14T15:10:03.029+0200] {dag.py:3820} INFO - Setting next_dagrun for example_task_group to 2024-01-13T00:00:00+00:00, run_after=2024-01-14T00:00:00+00:00
[2024-01-14T15:10:03.055+0200] {processor.py:183} INFO - Processing /home/mahmoud/airflow_env/lib/python3.10/site-packages/airflow/example_dags/example_task_group.py took 0.075 seconds
[2024-01-14T15:10:45.731+0200] {processor.py:161} INFO - Started process (PID=16861) to work on /home/mahmoud/airflow_env/lib/python3.10/site-packages/airflow/example_dags/example_task_group.py
[2024-01-14T15:10:45.734+0200] {processor.py:830} INFO - Processing file /home/mahmoud/airflow_env/lib/python3.10/site-packages/airflow/example_dags/example_task_group.py for tasks to queue
[2024-01-14T15:10:45.735+0200] {logging_mixin.py:188} INFO - [2024-01-14T15:10:45.735+0200] {dagbag.py:538} INFO - Filling up the DagBag from /home/mahmoud/airflow_env/lib/python3.10/site-packages/airflow/example_dags/example_task_group.py
[2024-01-14T15:10:45.743+0200] {processor.py:840} INFO - DAG(s) 'example_task_group' retrieved from /home/mahmoud/airflow_env/lib/python3.10/site-packages/airflow/example_dags/example_task_group.py
[2024-01-14T15:10:45.760+0200] {logging_mixin.py:188} INFO - [2024-01-14T15:10:45.759+0200] {dag.py:3033} INFO - Sync 1 DAGs
[2024-01-14T15:10:45.781+0200] {logging_mixin.py:188} INFO - [2024-01-14T15:10:45.780+0200] {dag.py:3820} INFO - Setting next_dagrun for example_task_group to 2024-01-13T00:00:00+00:00, run_after=2024-01-14T00:00:00+00:00
[2024-01-14T15:10:45.807+0200] {processor.py:183} INFO - Processing /home/mahmoud/airflow_env/lib/python3.10/site-packages/airflow/example_dags/example_task_group.py took 0.079 seconds
[2024-01-14T15:11:44.595+0200] {processor.py:161} INFO - Started process (PID=17109) to work on /home/mahmoud/airflow_env/lib/python3.10/site-packages/airflow/example_dags/example_task_group.py
[2024-01-14T15:11:44.597+0200] {processor.py:830} INFO - Processing file /home/mahmoud/airflow_env/lib/python3.10/site-packages/airflow/example_dags/example_task_group.py for tasks to queue
[2024-01-14T15:11:44.598+0200] {logging_mixin.py:188} INFO - [2024-01-14T15:11:44.598+0200] {dagbag.py:538} INFO - Filling up the DagBag from /home/mahmoud/airflow_env/lib/python3.10/site-packages/airflow/example_dags/example_task_group.py
[2024-01-14T15:11:44.606+0200] {processor.py:840} INFO - DAG(s) 'example_task_group' retrieved from /home/mahmoud/airflow_env/lib/python3.10/site-packages/airflow/example_dags/example_task_group.py
[2024-01-14T15:11:44.621+0200] {logging_mixin.py:188} INFO - [2024-01-14T15:11:44.621+0200] {dag.py:3033} INFO - Sync 1 DAGs
[2024-01-14T15:11:44.639+0200] {logging_mixin.py:188} INFO - [2024-01-14T15:11:44.639+0200] {dag.py:3820} INFO - Setting next_dagrun for example_task_group to 2024-01-13T00:00:00+00:00, run_after=2024-01-14T00:00:00+00:00
[2024-01-14T15:11:44.663+0200] {processor.py:183} INFO - Processing /home/mahmoud/airflow_env/lib/python3.10/site-packages/airflow/example_dags/example_task_group.py took 0.071 seconds
[2024-01-14T15:12:36.175+0200] {processor.py:161} INFO - Started process (PID=17334) to work on /home/mahmoud/airflow_env/lib/python3.10/site-packages/airflow/example_dags/example_task_group.py
[2024-01-14T15:12:36.177+0200] {processor.py:830} INFO - Processing file /home/mahmoud/airflow_env/lib/python3.10/site-packages/airflow/example_dags/example_task_group.py for tasks to queue
[2024-01-14T15:12:36.178+0200] {logging_mixin.py:188} INFO - [2024-01-14T15:12:36.177+0200] {dagbag.py:538} INFO - Filling up the DagBag from /home/mahmoud/airflow_env/lib/python3.10/site-packages/airflow/example_dags/example_task_group.py
[2024-01-14T15:12:36.186+0200] {processor.py:840} INFO - DAG(s) 'example_task_group' retrieved from /home/mahmoud/airflow_env/lib/python3.10/site-packages/airflow/example_dags/example_task_group.py
[2024-01-14T15:12:36.202+0200] {logging_mixin.py:188} INFO - [2024-01-14T15:12:36.202+0200] {dag.py:3033} INFO - Sync 1 DAGs
[2024-01-14T15:12:36.219+0200] {logging_mixin.py:188} INFO - [2024-01-14T15:12:36.219+0200] {dag.py:3820} INFO - Setting next_dagrun for example_task_group to 2024-01-13T00:00:00+00:00, run_after=2024-01-14T00:00:00+00:00
[2024-01-14T15:12:36.241+0200] {processor.py:183} INFO - Processing /home/mahmoud/airflow_env/lib/python3.10/site-packages/airflow/example_dags/example_task_group.py took 0.070 seconds
[2024-01-14T15:13:30.796+0200] {processor.py:161} INFO - Started process (PID=17572) to work on /home/mahmoud/airflow_env/lib/python3.10/site-packages/airflow/example_dags/example_task_group.py
[2024-01-14T15:13:30.799+0200] {processor.py:830} INFO - Processing file /home/mahmoud/airflow_env/lib/python3.10/site-packages/airflow/example_dags/example_task_group.py for tasks to queue
[2024-01-14T15:13:30.801+0200] {logging_mixin.py:188} INFO - [2024-01-14T15:13:30.800+0200] {dagbag.py:538} INFO - Filling up the DagBag from /home/mahmoud/airflow_env/lib/python3.10/site-packages/airflow/example_dags/example_task_group.py
[2024-01-14T15:13:30.812+0200] {processor.py:840} INFO - DAG(s) 'example_task_group' retrieved from /home/mahmoud/airflow_env/lib/python3.10/site-packages/airflow/example_dags/example_task_group.py
[2024-01-14T15:13:30.828+0200] {logging_mixin.py:188} INFO - [2024-01-14T15:13:30.828+0200] {dag.py:3033} INFO - Sync 1 DAGs
[2024-01-14T15:13:30.845+0200] {logging_mixin.py:188} INFO - [2024-01-14T15:13:30.844+0200] {dag.py:3820} INFO - Setting next_dagrun for example_task_group to 2024-01-13T00:00:00+00:00, run_after=2024-01-14T00:00:00+00:00
[2024-01-14T15:13:30.863+0200] {processor.py:183} INFO - Processing /home/mahmoud/airflow_env/lib/python3.10/site-packages/airflow/example_dags/example_task_group.py took 0.073 seconds
[2024-01-14T15:20:11.441+0200] {processor.py:161} INFO - Started process (PID=19510) to work on /home/mahmoud/airflow_env/lib/python3.10/site-packages/airflow/example_dags/example_task_group.py
[2024-01-14T15:20:11.444+0200] {processor.py:830} INFO - Processing file /home/mahmoud/airflow_env/lib/python3.10/site-packages/airflow/example_dags/example_task_group.py for tasks to queue
[2024-01-14T15:20:11.446+0200] {logging_mixin.py:188} INFO - [2024-01-14T15:20:11.445+0200] {dagbag.py:538} INFO - Filling up the DagBag from /home/mahmoud/airflow_env/lib/python3.10/site-packages/airflow/example_dags/example_task_group.py
[2024-01-14T15:20:11.462+0200] {processor.py:840} INFO - DAG(s) 'example_task_group' retrieved from /home/mahmoud/airflow_env/lib/python3.10/site-packages/airflow/example_dags/example_task_group.py
[2024-01-14T15:20:11.481+0200] {logging_mixin.py:188} INFO - [2024-01-14T15:20:11.481+0200] {dag.py:3033} INFO - Sync 1 DAGs
[2024-01-14T15:20:11.578+0200] {logging_mixin.py:188} INFO - [2024-01-14T15:20:11.577+0200] {dag.py:3820} INFO - Setting next_dagrun for example_task_group to 2024-01-13T00:00:00+00:00, run_after=2024-01-14T00:00:00+00:00
[2024-01-14T15:20:11.600+0200] {processor.py:183} INFO - Processing /home/mahmoud/airflow_env/lib/python3.10/site-packages/airflow/example_dags/example_task_group.py took 0.166 seconds
[2024-01-14T15:21:01.748+0200] {processor.py:161} INFO - Started process (PID=19703) to work on /home/mahmoud/airflow_env/lib/python3.10/site-packages/airflow/example_dags/example_task_group.py
[2024-01-14T15:21:01.749+0200] {processor.py:830} INFO - Processing file /home/mahmoud/airflow_env/lib/python3.10/site-packages/airflow/example_dags/example_task_group.py for tasks to queue
[2024-01-14T15:21:01.750+0200] {logging_mixin.py:188} INFO - [2024-01-14T15:21:01.750+0200] {dagbag.py:538} INFO - Filling up the DagBag from /home/mahmoud/airflow_env/lib/python3.10/site-packages/airflow/example_dags/example_task_group.py
[2024-01-14T15:21:01.761+0200] {processor.py:840} INFO - DAG(s) 'example_task_group' retrieved from /home/mahmoud/airflow_env/lib/python3.10/site-packages/airflow/example_dags/example_task_group.py
[2024-01-14T15:21:01.778+0200] {logging_mixin.py:188} INFO - [2024-01-14T15:21:01.777+0200] {dag.py:3033} INFO - Sync 1 DAGs
[2024-01-14T15:21:01.794+0200] {logging_mixin.py:188} INFO - [2024-01-14T15:21:01.794+0200] {dag.py:3820} INFO - Setting next_dagrun for example_task_group to 2024-01-13T00:00:00+00:00, run_after=2024-01-14T00:00:00+00:00
[2024-01-14T15:21:01.815+0200] {processor.py:183} INFO - Processing /home/mahmoud/airflow_env/lib/python3.10/site-packages/airflow/example_dags/example_task_group.py took 0.071 seconds
[2024-01-14T15:21:51.109+0200] {processor.py:161} INFO - Started process (PID=19896) to work on /home/mahmoud/airflow_env/lib/python3.10/site-packages/airflow/example_dags/example_task_group.py
[2024-01-14T15:21:51.111+0200] {processor.py:830} INFO - Processing file /home/mahmoud/airflow_env/lib/python3.10/site-packages/airflow/example_dags/example_task_group.py for tasks to queue
[2024-01-14T15:21:51.112+0200] {logging_mixin.py:188} INFO - [2024-01-14T15:21:51.112+0200] {dagbag.py:538} INFO - Filling up the DagBag from /home/mahmoud/airflow_env/lib/python3.10/site-packages/airflow/example_dags/example_task_group.py
[2024-01-14T15:21:51.120+0200] {processor.py:840} INFO - DAG(s) 'example_task_group' retrieved from /home/mahmoud/airflow_env/lib/python3.10/site-packages/airflow/example_dags/example_task_group.py
[2024-01-14T15:21:51.135+0200] {logging_mixin.py:188} INFO - [2024-01-14T15:21:51.135+0200] {dag.py:3033} INFO - Sync 1 DAGs
[2024-01-14T15:21:51.152+0200] {logging_mixin.py:188} INFO - [2024-01-14T15:21:51.152+0200] {dag.py:3820} INFO - Setting next_dagrun for example_task_group to 2024-01-13T00:00:00+00:00, run_after=2024-01-14T00:00:00+00:00
[2024-01-14T15:21:51.174+0200] {processor.py:183} INFO - Processing /home/mahmoud/airflow_env/lib/python3.10/site-packages/airflow/example_dags/example_task_group.py took 0.068 seconds
[2024-01-14T15:22:46.008+0200] {processor.py:161} INFO - Started process (PID=20115) to work on /home/mahmoud/airflow_env/lib/python3.10/site-packages/airflow/example_dags/example_task_group.py
[2024-01-14T15:22:46.011+0200] {processor.py:830} INFO - Processing file /home/mahmoud/airflow_env/lib/python3.10/site-packages/airflow/example_dags/example_task_group.py for tasks to queue
[2024-01-14T15:22:46.012+0200] {logging_mixin.py:188} INFO - [2024-01-14T15:22:46.012+0200] {dagbag.py:538} INFO - Filling up the DagBag from /home/mahmoud/airflow_env/lib/python3.10/site-packages/airflow/example_dags/example_task_group.py
[2024-01-14T15:22:46.025+0200] {processor.py:840} INFO - DAG(s) 'example_task_group' retrieved from /home/mahmoud/airflow_env/lib/python3.10/site-packages/airflow/example_dags/example_task_group.py
[2024-01-14T15:22:46.044+0200] {logging_mixin.py:188} INFO - [2024-01-14T15:22:46.044+0200] {dag.py:3033} INFO - Sync 1 DAGs
[2024-01-14T15:22:46.061+0200] {logging_mixin.py:188} INFO - [2024-01-14T15:22:46.061+0200] {dag.py:3820} INFO - Setting next_dagrun for example_task_group to 2024-01-13T00:00:00+00:00, run_after=2024-01-14T00:00:00+00:00
[2024-01-14T15:22:46.083+0200] {processor.py:183} INFO - Processing /home/mahmoud/airflow_env/lib/python3.10/site-packages/airflow/example_dags/example_task_group.py took 0.080 seconds
[2024-01-14T15:23:39.638+0200] {processor.py:161} INFO - Started process (PID=20488) to work on /home/mahmoud/airflow_env/lib/python3.10/site-packages/airflow/example_dags/example_task_group.py
[2024-01-14T15:23:39.640+0200] {processor.py:830} INFO - Processing file /home/mahmoud/airflow_env/lib/python3.10/site-packages/airflow/example_dags/example_task_group.py for tasks to queue
[2024-01-14T15:23:39.641+0200] {logging_mixin.py:188} INFO - [2024-01-14T15:23:39.641+0200] {dagbag.py:538} INFO - Filling up the DagBag from /home/mahmoud/airflow_env/lib/python3.10/site-packages/airflow/example_dags/example_task_group.py
[2024-01-14T15:23:39.657+0200] {processor.py:840} INFO - DAG(s) 'example_task_group' retrieved from /home/mahmoud/airflow_env/lib/python3.10/site-packages/airflow/example_dags/example_task_group.py
[2024-01-14T15:23:39.675+0200] {logging_mixin.py:188} INFO - [2024-01-14T15:23:39.675+0200] {dag.py:3033} INFO - Sync 1 DAGs
[2024-01-14T15:23:39.768+0200] {logging_mixin.py:188} INFO - [2024-01-14T15:23:39.767+0200] {dag.py:3820} INFO - Setting next_dagrun for example_task_group to 2024-01-13T00:00:00+00:00, run_after=2024-01-14T00:00:00+00:00
[2024-01-14T15:23:39.792+0200] {processor.py:183} INFO - Processing /home/mahmoud/airflow_env/lib/python3.10/site-packages/airflow/example_dags/example_task_group.py took 0.160 seconds
[2024-01-14T15:38:02.719+0200] {processor.py:161} INFO - Started process (PID=24573) to work on /home/mahmoud/airflow_env/lib/python3.10/site-packages/airflow/example_dags/example_task_group.py
[2024-01-14T15:38:02.722+0200] {processor.py:830} INFO - Processing file /home/mahmoud/airflow_env/lib/python3.10/site-packages/airflow/example_dags/example_task_group.py for tasks to queue
[2024-01-14T15:38:02.724+0200] {logging_mixin.py:188} INFO - [2024-01-14T15:38:02.723+0200] {dagbag.py:538} INFO - Filling up the DagBag from /home/mahmoud/airflow_env/lib/python3.10/site-packages/airflow/example_dags/example_task_group.py
[2024-01-14T15:38:02.745+0200] {processor.py:840} INFO - DAG(s) 'example_task_group' retrieved from /home/mahmoud/airflow_env/lib/python3.10/site-packages/airflow/example_dags/example_task_group.py
[2024-01-14T15:38:02.766+0200] {logging_mixin.py:188} INFO - [2024-01-14T15:38:02.766+0200] {dag.py:3033} INFO - Sync 1 DAGs
[2024-01-14T15:38:02.859+0200] {logging_mixin.py:188} INFO - [2024-01-14T15:38:02.859+0200] {dag.py:3820} INFO - Setting next_dagrun for example_task_group to 2024-01-13T00:00:00+00:00, run_after=2024-01-14T00:00:00+00:00
[2024-01-14T15:38:02.885+0200] {processor.py:183} INFO - Processing /home/mahmoud/airflow_env/lib/python3.10/site-packages/airflow/example_dags/example_task_group.py took 0.172 seconds
[2024-01-14T15:38:52.953+0200] {processor.py:161} INFO - Started process (PID=24934) to work on /home/mahmoud/airflow_env/lib/python3.10/site-packages/airflow/example_dags/example_task_group.py
[2024-01-14T15:38:52.955+0200] {processor.py:830} INFO - Processing file /home/mahmoud/airflow_env/lib/python3.10/site-packages/airflow/example_dags/example_task_group.py for tasks to queue
[2024-01-14T15:38:52.955+0200] {logging_mixin.py:188} INFO - [2024-01-14T15:38:52.955+0200] {dagbag.py:538} INFO - Filling up the DagBag from /home/mahmoud/airflow_env/lib/python3.10/site-packages/airflow/example_dags/example_task_group.py
[2024-01-14T15:38:52.963+0200] {processor.py:840} INFO - DAG(s) 'example_task_group' retrieved from /home/mahmoud/airflow_env/lib/python3.10/site-packages/airflow/example_dags/example_task_group.py
[2024-01-14T15:38:52.979+0200] {logging_mixin.py:188} INFO - [2024-01-14T15:38:52.979+0200] {dag.py:3033} INFO - Sync 1 DAGs
[2024-01-14T15:38:52.997+0200] {logging_mixin.py:188} INFO - [2024-01-14T15:38:52.997+0200] {dag.py:3820} INFO - Setting next_dagrun for example_task_group to 2024-01-13T00:00:00+00:00, run_after=2024-01-14T00:00:00+00:00
[2024-01-14T15:38:53.021+0200] {processor.py:183} INFO - Processing /home/mahmoud/airflow_env/lib/python3.10/site-packages/airflow/example_dags/example_task_group.py took 0.071 seconds
[2024-01-14T15:39:39.914+0200] {processor.py:161} INFO - Started process (PID=25214) to work on /home/mahmoud/airflow_env/lib/python3.10/site-packages/airflow/example_dags/example_task_group.py
[2024-01-14T15:39:39.916+0200] {processor.py:830} INFO - Processing file /home/mahmoud/airflow_env/lib/python3.10/site-packages/airflow/example_dags/example_task_group.py for tasks to queue
[2024-01-14T15:39:39.917+0200] {logging_mixin.py:188} INFO - [2024-01-14T15:39:39.916+0200] {dagbag.py:538} INFO - Filling up the DagBag from /home/mahmoud/airflow_env/lib/python3.10/site-packages/airflow/example_dags/example_task_group.py
[2024-01-14T15:39:39.924+0200] {processor.py:840} INFO - DAG(s) 'example_task_group' retrieved from /home/mahmoud/airflow_env/lib/python3.10/site-packages/airflow/example_dags/example_task_group.py
[2024-01-14T15:39:39.939+0200] {logging_mixin.py:188} INFO - [2024-01-14T15:39:39.939+0200] {dag.py:3033} INFO - Sync 1 DAGs
[2024-01-14T15:39:39.958+0200] {logging_mixin.py:188} INFO - [2024-01-14T15:39:39.957+0200] {dag.py:3820} INFO - Setting next_dagrun for example_task_group to 2024-01-13T00:00:00+00:00, run_after=2024-01-14T00:00:00+00:00
[2024-01-14T15:39:39.979+0200] {processor.py:183} INFO - Processing /home/mahmoud/airflow_env/lib/python3.10/site-packages/airflow/example_dags/example_task_group.py took 0.067 seconds
[2024-01-14T15:40:32.104+0200] {processor.py:161} INFO - Started process (PID=25417) to work on /home/mahmoud/airflow_env/lib/python3.10/site-packages/airflow/example_dags/example_task_group.py
[2024-01-14T15:40:32.106+0200] {processor.py:830} INFO - Processing file /home/mahmoud/airflow_env/lib/python3.10/site-packages/airflow/example_dags/example_task_group.py for tasks to queue
[2024-01-14T15:40:32.108+0200] {logging_mixin.py:188} INFO - [2024-01-14T15:40:32.107+0200] {dagbag.py:538} INFO - Filling up the DagBag from /home/mahmoud/airflow_env/lib/python3.10/site-packages/airflow/example_dags/example_task_group.py
[2024-01-14T15:40:32.117+0200] {processor.py:840} INFO - DAG(s) 'example_task_group' retrieved from /home/mahmoud/airflow_env/lib/python3.10/site-packages/airflow/example_dags/example_task_group.py
[2024-01-14T15:40:32.134+0200] {logging_mixin.py:188} INFO - [2024-01-14T15:40:32.134+0200] {dag.py:3033} INFO - Sync 1 DAGs
[2024-01-14T15:40:32.152+0200] {logging_mixin.py:188} INFO - [2024-01-14T15:40:32.152+0200] {dag.py:3820} INFO - Setting next_dagrun for example_task_group to 2024-01-13T00:00:00+00:00, run_after=2024-01-14T00:00:00+00:00
[2024-01-14T15:40:32.175+0200] {processor.py:183} INFO - Processing /home/mahmoud/airflow_env/lib/python3.10/site-packages/airflow/example_dags/example_task_group.py took 0.077 seconds
[2024-01-14T15:41:26.246+0200] {processor.py:161} INFO - Started process (PID=25698) to work on /home/mahmoud/airflow_env/lib/python3.10/site-packages/airflow/example_dags/example_task_group.py
[2024-01-14T15:41:26.248+0200] {processor.py:830} INFO - Processing file /home/mahmoud/airflow_env/lib/python3.10/site-packages/airflow/example_dags/example_task_group.py for tasks to queue
[2024-01-14T15:41:26.248+0200] {logging_mixin.py:188} INFO - [2024-01-14T15:41:26.248+0200] {dagbag.py:538} INFO - Filling up the DagBag from /home/mahmoud/airflow_env/lib/python3.10/site-packages/airflow/example_dags/example_task_group.py
[2024-01-14T15:41:26.255+0200] {processor.py:840} INFO - DAG(s) 'example_task_group' retrieved from /home/mahmoud/airflow_env/lib/python3.10/site-packages/airflow/example_dags/example_task_group.py
[2024-01-14T15:41:26.269+0200] {logging_mixin.py:188} INFO - [2024-01-14T15:41:26.269+0200] {dag.py:3033} INFO - Sync 1 DAGs
[2024-01-14T15:41:26.286+0200] {logging_mixin.py:188} INFO - [2024-01-14T15:41:26.285+0200] {dag.py:3820} INFO - Setting next_dagrun for example_task_group to 2024-01-13T00:00:00+00:00, run_after=2024-01-14T00:00:00+00:00
[2024-01-14T15:41:26.320+0200] {processor.py:183} INFO - Processing /home/mahmoud/airflow_env/lib/python3.10/site-packages/airflow/example_dags/example_task_group.py took 0.077 seconds
[2024-01-14T15:42:17.894+0200] {processor.py:161} INFO - Started process (PID=25902) to work on /home/mahmoud/airflow_env/lib/python3.10/site-packages/airflow/example_dags/example_task_group.py
[2024-01-14T15:42:17.897+0200] {processor.py:830} INFO - Processing file /home/mahmoud/airflow_env/lib/python3.10/site-packages/airflow/example_dags/example_task_group.py for tasks to queue
[2024-01-14T15:42:17.898+0200] {logging_mixin.py:188} INFO - [2024-01-14T15:42:17.897+0200] {dagbag.py:538} INFO - Filling up the DagBag from /home/mahmoud/airflow_env/lib/python3.10/site-packages/airflow/example_dags/example_task_group.py
[2024-01-14T15:42:17.907+0200] {processor.py:840} INFO - DAG(s) 'example_task_group' retrieved from /home/mahmoud/airflow_env/lib/python3.10/site-packages/airflow/example_dags/example_task_group.py
[2024-01-14T15:42:17.925+0200] {logging_mixin.py:188} INFO - [2024-01-14T15:42:17.925+0200] {dag.py:3033} INFO - Sync 1 DAGs
[2024-01-14T15:42:17.946+0200] {logging_mixin.py:188} INFO - [2024-01-14T15:42:17.946+0200] {dag.py:3820} INFO - Setting next_dagrun for example_task_group to 2024-01-13T00:00:00+00:00, run_after=2024-01-14T00:00:00+00:00
[2024-01-14T15:42:17.970+0200] {processor.py:183} INFO - Processing /home/mahmoud/airflow_env/lib/python3.10/site-packages/airflow/example_dags/example_task_group.py took 0.081 seconds
[2024-01-14T15:43:21.389+0200] {processor.py:161} INFO - Started process (PID=26682) to work on /home/mahmoud/airflow_env/lib/python3.10/site-packages/airflow/example_dags/example_task_group.py
[2024-01-14T15:43:21.391+0200] {processor.py:830} INFO - Processing file /home/mahmoud/airflow_env/lib/python3.10/site-packages/airflow/example_dags/example_task_group.py for tasks to queue
[2024-01-14T15:43:21.392+0200] {logging_mixin.py:188} INFO - [2024-01-14T15:43:21.392+0200] {dagbag.py:538} INFO - Filling up the DagBag from /home/mahmoud/airflow_env/lib/python3.10/site-packages/airflow/example_dags/example_task_group.py
[2024-01-14T15:43:21.402+0200] {processor.py:840} INFO - DAG(s) 'example_task_group' retrieved from /home/mahmoud/airflow_env/lib/python3.10/site-packages/airflow/example_dags/example_task_group.py
[2024-01-14T15:43:21.417+0200] {logging_mixin.py:188} INFO - [2024-01-14T15:43:21.417+0200] {dag.py:3033} INFO - Sync 1 DAGs
[2024-01-14T15:43:21.434+0200] {logging_mixin.py:188} INFO - [2024-01-14T15:43:21.433+0200] {dag.py:3820} INFO - Setting next_dagrun for example_task_group to 2024-01-13T00:00:00+00:00, run_after=2024-01-14T00:00:00+00:00
[2024-01-14T15:43:21.455+0200] {processor.py:183} INFO - Processing /home/mahmoud/airflow_env/lib/python3.10/site-packages/airflow/example_dags/example_task_group.py took 0.071 seconds
[2024-01-14T15:44:11.419+0200] {processor.py:161} INFO - Started process (PID=27090) to work on /home/mahmoud/airflow_env/lib/python3.10/site-packages/airflow/example_dags/example_task_group.py
[2024-01-14T15:44:11.421+0200] {processor.py:830} INFO - Processing file /home/mahmoud/airflow_env/lib/python3.10/site-packages/airflow/example_dags/example_task_group.py for tasks to queue
[2024-01-14T15:44:11.423+0200] {logging_mixin.py:188} INFO - [2024-01-14T15:44:11.422+0200] {dagbag.py:538} INFO - Filling up the DagBag from /home/mahmoud/airflow_env/lib/python3.10/site-packages/airflow/example_dags/example_task_group.py
[2024-01-14T15:44:11.433+0200] {processor.py:840} INFO - DAG(s) 'example_task_group' retrieved from /home/mahmoud/airflow_env/lib/python3.10/site-packages/airflow/example_dags/example_task_group.py
[2024-01-14T15:44:11.450+0200] {logging_mixin.py:188} INFO - [2024-01-14T15:44:11.450+0200] {dag.py:3033} INFO - Sync 1 DAGs
[2024-01-14T15:44:11.467+0200] {logging_mixin.py:188} INFO - [2024-01-14T15:44:11.467+0200] {dag.py:3820} INFO - Setting next_dagrun for example_task_group to 2024-01-13T00:00:00+00:00, run_after=2024-01-14T00:00:00+00:00
[2024-01-14T15:44:11.486+0200] {processor.py:183} INFO - Processing /home/mahmoud/airflow_env/lib/python3.10/site-packages/airflow/example_dags/example_task_group.py took 0.073 seconds
[2024-01-14T15:44:58.243+0200] {processor.py:161} INFO - Started process (PID=27616) to work on /home/mahmoud/airflow_env/lib/python3.10/site-packages/airflow/example_dags/example_task_group.py
[2024-01-14T15:44:58.245+0200] {processor.py:830} INFO - Processing file /home/mahmoud/airflow_env/lib/python3.10/site-packages/airflow/example_dags/example_task_group.py for tasks to queue
[2024-01-14T15:44:58.246+0200] {logging_mixin.py:188} INFO - [2024-01-14T15:44:58.246+0200] {dagbag.py:538} INFO - Filling up the DagBag from /home/mahmoud/airflow_env/lib/python3.10/site-packages/airflow/example_dags/example_task_group.py
[2024-01-14T15:44:58.254+0200] {processor.py:840} INFO - DAG(s) 'example_task_group' retrieved from /home/mahmoud/airflow_env/lib/python3.10/site-packages/airflow/example_dags/example_task_group.py
[2024-01-14T15:44:58.270+0200] {logging_mixin.py:188} INFO - [2024-01-14T15:44:58.270+0200] {dag.py:3033} INFO - Sync 1 DAGs
[2024-01-14T15:44:58.288+0200] {logging_mixin.py:188} INFO - [2024-01-14T15:44:58.288+0200] {dag.py:3820} INFO - Setting next_dagrun for example_task_group to 2024-01-13T00:00:00+00:00, run_after=2024-01-14T00:00:00+00:00
[2024-01-14T15:44:58.312+0200] {processor.py:183} INFO - Processing /home/mahmoud/airflow_env/lib/python3.10/site-packages/airflow/example_dags/example_task_group.py took 0.074 seconds
[2024-01-14T15:45:40.359+0200] {processor.py:161} INFO - Started process (PID=27842) to work on /home/mahmoud/airflow_env/lib/python3.10/site-packages/airflow/example_dags/example_task_group.py
[2024-01-14T15:45:40.361+0200] {processor.py:830} INFO - Processing file /home/mahmoud/airflow_env/lib/python3.10/site-packages/airflow/example_dags/example_task_group.py for tasks to queue
[2024-01-14T15:45:40.362+0200] {logging_mixin.py:188} INFO - [2024-01-14T15:45:40.362+0200] {dagbag.py:538} INFO - Filling up the DagBag from /home/mahmoud/airflow_env/lib/python3.10/site-packages/airflow/example_dags/example_task_group.py
[2024-01-14T15:45:40.372+0200] {processor.py:840} INFO - DAG(s) 'example_task_group' retrieved from /home/mahmoud/airflow_env/lib/python3.10/site-packages/airflow/example_dags/example_task_group.py
[2024-01-14T15:45:40.389+0200] {logging_mixin.py:188} INFO - [2024-01-14T15:45:40.389+0200] {dag.py:3033} INFO - Sync 1 DAGs
[2024-01-14T15:45:40.409+0200] {logging_mixin.py:188} INFO - [2024-01-14T15:45:40.408+0200] {dag.py:3820} INFO - Setting next_dagrun for example_task_group to 2024-01-13T00:00:00+00:00, run_after=2024-01-14T00:00:00+00:00
[2024-01-14T15:45:40.433+0200] {processor.py:183} INFO - Processing /home/mahmoud/airflow_env/lib/python3.10/site-packages/airflow/example_dags/example_task_group.py took 0.080 seconds
[2024-01-14T15:46:33.396+0200] {processor.py:161} INFO - Started process (PID=28052) to work on /home/mahmoud/airflow_env/lib/python3.10/site-packages/airflow/example_dags/example_task_group.py
[2024-01-14T15:46:33.427+0200] {processor.py:830} INFO - Processing file /home/mahmoud/airflow_env/lib/python3.10/site-packages/airflow/example_dags/example_task_group.py for tasks to queue
[2024-01-14T15:46:33.427+0200] {logging_mixin.py:188} INFO - [2024-01-14T15:46:33.427+0200] {dagbag.py:538} INFO - Filling up the DagBag from /home/mahmoud/airflow_env/lib/python3.10/site-packages/airflow/example_dags/example_task_group.py
[2024-01-14T15:46:33.436+0200] {processor.py:840} INFO - DAG(s) 'example_task_group' retrieved from /home/mahmoud/airflow_env/lib/python3.10/site-packages/airflow/example_dags/example_task_group.py
[2024-01-14T15:46:33.452+0200] {logging_mixin.py:188} INFO - [2024-01-14T15:46:33.452+0200] {dag.py:3033} INFO - Sync 1 DAGs
[2024-01-14T15:46:33.470+0200] {logging_mixin.py:188} INFO - [2024-01-14T15:46:33.470+0200] {dag.py:3820} INFO - Setting next_dagrun for example_task_group to 2024-01-13T00:00:00+00:00, run_after=2024-01-14T00:00:00+00:00
[2024-01-14T15:46:33.496+0200] {processor.py:183} INFO - Processing /home/mahmoud/airflow_env/lib/python3.10/site-packages/airflow/example_dags/example_task_group.py took 0.103 seconds
[2024-01-14T15:47:26.868+0200] {processor.py:161} INFO - Started process (PID=28329) to work on /home/mahmoud/airflow_env/lib/python3.10/site-packages/airflow/example_dags/example_task_group.py
[2024-01-14T15:47:26.870+0200] {processor.py:830} INFO - Processing file /home/mahmoud/airflow_env/lib/python3.10/site-packages/airflow/example_dags/example_task_group.py for tasks to queue
[2024-01-14T15:47:26.872+0200] {logging_mixin.py:188} INFO - [2024-01-14T15:47:26.871+0200] {dagbag.py:538} INFO - Filling up the DagBag from /home/mahmoud/airflow_env/lib/python3.10/site-packages/airflow/example_dags/example_task_group.py
[2024-01-14T15:47:26.884+0200] {processor.py:840} INFO - DAG(s) 'example_task_group' retrieved from /home/mahmoud/airflow_env/lib/python3.10/site-packages/airflow/example_dags/example_task_group.py
[2024-01-14T15:47:26.901+0200] {logging_mixin.py:188} INFO - [2024-01-14T15:47:26.901+0200] {dag.py:3033} INFO - Sync 1 DAGs
[2024-01-14T15:47:26.919+0200] {logging_mixin.py:188} INFO - [2024-01-14T15:47:26.919+0200] {dag.py:3820} INFO - Setting next_dagrun for example_task_group to 2024-01-13T00:00:00+00:00, run_after=2024-01-14T00:00:00+00:00
[2024-01-14T15:47:26.942+0200] {processor.py:183} INFO - Processing /home/mahmoud/airflow_env/lib/python3.10/site-packages/airflow/example_dags/example_task_group.py took 0.081 seconds
[2024-01-14T15:48:18.823+0200] {processor.py:161} INFO - Started process (PID=28560) to work on /home/mahmoud/airflow_env/lib/python3.10/site-packages/airflow/example_dags/example_task_group.py
[2024-01-14T15:48:18.825+0200] {processor.py:830} INFO - Processing file /home/mahmoud/airflow_env/lib/python3.10/site-packages/airflow/example_dags/example_task_group.py for tasks to queue
[2024-01-14T15:48:18.826+0200] {logging_mixin.py:188} INFO - [2024-01-14T15:48:18.826+0200] {dagbag.py:538} INFO - Filling up the DagBag from /home/mahmoud/airflow_env/lib/python3.10/site-packages/airflow/example_dags/example_task_group.py
[2024-01-14T15:48:18.835+0200] {processor.py:840} INFO - DAG(s) 'example_task_group' retrieved from /home/mahmoud/airflow_env/lib/python3.10/site-packages/airflow/example_dags/example_task_group.py
[2024-01-14T15:48:18.850+0200] {logging_mixin.py:188} INFO - [2024-01-14T15:48:18.850+0200] {dag.py:3033} INFO - Sync 1 DAGs
[2024-01-14T15:48:18.867+0200] {logging_mixin.py:188} INFO - [2024-01-14T15:48:18.867+0200] {dag.py:3820} INFO - Setting next_dagrun for example_task_group to 2024-01-13T00:00:00+00:00, run_after=2024-01-14T00:00:00+00:00
[2024-01-14T15:48:18.888+0200] {processor.py:183} INFO - Processing /home/mahmoud/airflow_env/lib/python3.10/site-packages/airflow/example_dags/example_task_group.py took 0.069 seconds
[2024-01-14T15:49:12.294+0200] {processor.py:161} INFO - Started process (PID=28771) to work on /home/mahmoud/airflow_env/lib/python3.10/site-packages/airflow/example_dags/example_task_group.py
[2024-01-14T15:49:12.296+0200] {processor.py:830} INFO - Processing file /home/mahmoud/airflow_env/lib/python3.10/site-packages/airflow/example_dags/example_task_group.py for tasks to queue
[2024-01-14T15:49:12.297+0200] {logging_mixin.py:188} INFO - [2024-01-14T15:49:12.297+0200] {dagbag.py:538} INFO - Filling up the DagBag from /home/mahmoud/airflow_env/lib/python3.10/site-packages/airflow/example_dags/example_task_group.py
[2024-01-14T15:49:12.304+0200] {processor.py:840} INFO - DAG(s) 'example_task_group' retrieved from /home/mahmoud/airflow_env/lib/python3.10/site-packages/airflow/example_dags/example_task_group.py
[2024-01-14T15:49:12.319+0200] {logging_mixin.py:188} INFO - [2024-01-14T15:49:12.319+0200] {dag.py:3033} INFO - Sync 1 DAGs
[2024-01-14T15:49:12.337+0200] {logging_mixin.py:188} INFO - [2024-01-14T15:49:12.337+0200] {dag.py:3820} INFO - Setting next_dagrun for example_task_group to 2024-01-13T00:00:00+00:00, run_after=2024-01-14T00:00:00+00:00
[2024-01-14T15:49:12.359+0200] {processor.py:183} INFO - Processing /home/mahmoud/airflow_env/lib/python3.10/site-packages/airflow/example_dags/example_task_group.py took 0.067 seconds
[2024-01-14T15:50:05.347+0200] {processor.py:161} INFO - Started process (PID=28982) to work on /home/mahmoud/airflow_env/lib/python3.10/site-packages/airflow/example_dags/example_task_group.py
[2024-01-14T15:50:05.348+0200] {processor.py:830} INFO - Processing file /home/mahmoud/airflow_env/lib/python3.10/site-packages/airflow/example_dags/example_task_group.py for tasks to queue
[2024-01-14T15:50:05.350+0200] {logging_mixin.py:188} INFO - [2024-01-14T15:50:05.349+0200] {dagbag.py:538} INFO - Filling up the DagBag from /home/mahmoud/airflow_env/lib/python3.10/site-packages/airflow/example_dags/example_task_group.py
[2024-01-14T15:50:05.359+0200] {processor.py:840} INFO - DAG(s) 'example_task_group' retrieved from /home/mahmoud/airflow_env/lib/python3.10/site-packages/airflow/example_dags/example_task_group.py
[2024-01-14T15:50:05.374+0200] {logging_mixin.py:188} INFO - [2024-01-14T15:50:05.374+0200] {dag.py:3033} INFO - Sync 1 DAGs
[2024-01-14T15:50:05.391+0200] {logging_mixin.py:188} INFO - [2024-01-14T15:50:05.391+0200] {dag.py:3820} INFO - Setting next_dagrun for example_task_group to 2024-01-13T00:00:00+00:00, run_after=2024-01-14T00:00:00+00:00
[2024-01-14T15:50:05.413+0200] {processor.py:183} INFO - Processing /home/mahmoud/airflow_env/lib/python3.10/site-packages/airflow/example_dags/example_task_group.py took 0.071 seconds
[2024-01-14T15:50:57.096+0200] {processor.py:161} INFO - Started process (PID=29186) to work on /home/mahmoud/airflow_env/lib/python3.10/site-packages/airflow/example_dags/example_task_group.py
[2024-01-14T15:50:57.098+0200] {processor.py:830} INFO - Processing file /home/mahmoud/airflow_env/lib/python3.10/site-packages/airflow/example_dags/example_task_group.py for tasks to queue
[2024-01-14T15:50:57.100+0200] {logging_mixin.py:188} INFO - [2024-01-14T15:50:57.099+0200] {dagbag.py:538} INFO - Filling up the DagBag from /home/mahmoud/airflow_env/lib/python3.10/site-packages/airflow/example_dags/example_task_group.py
[2024-01-14T15:50:57.112+0200] {processor.py:840} INFO - DAG(s) 'example_task_group' retrieved from /home/mahmoud/airflow_env/lib/python3.10/site-packages/airflow/example_dags/example_task_group.py
[2024-01-14T15:50:57.135+0200] {logging_mixin.py:188} INFO - [2024-01-14T15:50:57.134+0200] {dag.py:3033} INFO - Sync 1 DAGs
[2024-01-14T15:50:57.153+0200] {logging_mixin.py:188} INFO - [2024-01-14T15:50:57.153+0200] {dag.py:3820} INFO - Setting next_dagrun for example_task_group to 2024-01-13T00:00:00+00:00, run_after=2024-01-14T00:00:00+00:00
[2024-01-14T15:50:57.174+0200] {processor.py:183} INFO - Processing /home/mahmoud/airflow_env/lib/python3.10/site-packages/airflow/example_dags/example_task_group.py took 0.086 seconds
[2024-01-14T15:51:50.429+0200] {processor.py:161} INFO - Started process (PID=29397) to work on /home/mahmoud/airflow_env/lib/python3.10/site-packages/airflow/example_dags/example_task_group.py
[2024-01-14T15:51:50.431+0200] {processor.py:830} INFO - Processing file /home/mahmoud/airflow_env/lib/python3.10/site-packages/airflow/example_dags/example_task_group.py for tasks to queue
[2024-01-14T15:51:50.432+0200] {logging_mixin.py:188} INFO - [2024-01-14T15:51:50.432+0200] {dagbag.py:538} INFO - Filling up the DagBag from /home/mahmoud/airflow_env/lib/python3.10/site-packages/airflow/example_dags/example_task_group.py
[2024-01-14T15:51:50.440+0200] {processor.py:840} INFO - DAG(s) 'example_task_group' retrieved from /home/mahmoud/airflow_env/lib/python3.10/site-packages/airflow/example_dags/example_task_group.py
[2024-01-14T15:51:50.455+0200] {logging_mixin.py:188} INFO - [2024-01-14T15:51:50.455+0200] {dag.py:3033} INFO - Sync 1 DAGs
[2024-01-14T15:51:50.473+0200] {logging_mixin.py:188} INFO - [2024-01-14T15:51:50.473+0200] {dag.py:3820} INFO - Setting next_dagrun for example_task_group to 2024-01-13T00:00:00+00:00, run_after=2024-01-14T00:00:00+00:00
[2024-01-14T15:51:50.494+0200] {processor.py:183} INFO - Processing /home/mahmoud/airflow_env/lib/python3.10/site-packages/airflow/example_dags/example_task_group.py took 0.068 seconds
[2024-01-14T15:52:40.145+0200] {processor.py:161} INFO - Started process (PID=29594) to work on /home/mahmoud/airflow_env/lib/python3.10/site-packages/airflow/example_dags/example_task_group.py
[2024-01-14T15:52:40.147+0200] {processor.py:830} INFO - Processing file /home/mahmoud/airflow_env/lib/python3.10/site-packages/airflow/example_dags/example_task_group.py for tasks to queue
[2024-01-14T15:52:40.148+0200] {logging_mixin.py:188} INFO - [2024-01-14T15:52:40.148+0200] {dagbag.py:538} INFO - Filling up the DagBag from /home/mahmoud/airflow_env/lib/python3.10/site-packages/airflow/example_dags/example_task_group.py
[2024-01-14T15:52:40.155+0200] {processor.py:840} INFO - DAG(s) 'example_task_group' retrieved from /home/mahmoud/airflow_env/lib/python3.10/site-packages/airflow/example_dags/example_task_group.py
[2024-01-14T15:52:40.170+0200] {logging_mixin.py:188} INFO - [2024-01-14T15:52:40.170+0200] {dag.py:3033} INFO - Sync 1 DAGs
[2024-01-14T15:52:40.188+0200] {logging_mixin.py:188} INFO - [2024-01-14T15:52:40.188+0200] {dag.py:3820} INFO - Setting next_dagrun for example_task_group to 2024-01-13T00:00:00+00:00, run_after=2024-01-14T00:00:00+00:00
[2024-01-14T15:52:40.208+0200] {processor.py:183} INFO - Processing /home/mahmoud/airflow_env/lib/python3.10/site-packages/airflow/example_dags/example_task_group.py took 0.066 seconds
[2024-01-14T15:53:32.278+0200] {processor.py:161} INFO - Started process (PID=29827) to work on /home/mahmoud/airflow_env/lib/python3.10/site-packages/airflow/example_dags/example_task_group.py
[2024-01-14T15:53:32.280+0200] {processor.py:830} INFO - Processing file /home/mahmoud/airflow_env/lib/python3.10/site-packages/airflow/example_dags/example_task_group.py for tasks to queue
[2024-01-14T15:53:32.281+0200] {logging_mixin.py:188} INFO - [2024-01-14T15:53:32.280+0200] {dagbag.py:538} INFO - Filling up the DagBag from /home/mahmoud/airflow_env/lib/python3.10/site-packages/airflow/example_dags/example_task_group.py
[2024-01-14T15:53:32.289+0200] {processor.py:840} INFO - DAG(s) 'example_task_group' retrieved from /home/mahmoud/airflow_env/lib/python3.10/site-packages/airflow/example_dags/example_task_group.py
[2024-01-14T15:53:32.303+0200] {logging_mixin.py:188} INFO - [2024-01-14T15:53:32.303+0200] {dag.py:3033} INFO - Sync 1 DAGs
[2024-01-14T15:53:32.321+0200] {logging_mixin.py:188} INFO - [2024-01-14T15:53:32.321+0200] {dag.py:3820} INFO - Setting next_dagrun for example_task_group to 2024-01-13T00:00:00+00:00, run_after=2024-01-14T00:00:00+00:00
[2024-01-14T15:53:32.345+0200] {processor.py:183} INFO - Processing /home/mahmoud/airflow_env/lib/python3.10/site-packages/airflow/example_dags/example_task_group.py took 0.071 seconds
[2024-01-14T15:54:41.938+0200] {processor.py:161} INFO - Started process (PID=30076) to work on /home/mahmoud/airflow_env/lib/python3.10/site-packages/airflow/example_dags/example_task_group.py
[2024-01-14T15:54:41.941+0200] {processor.py:830} INFO - Processing file /home/mahmoud/airflow_env/lib/python3.10/site-packages/airflow/example_dags/example_task_group.py for tasks to queue
[2024-01-14T15:54:41.944+0200] {logging_mixin.py:188} INFO - [2024-01-14T15:54:41.943+0200] {dagbag.py:538} INFO - Filling up the DagBag from /home/mahmoud/airflow_env/lib/python3.10/site-packages/airflow/example_dags/example_task_group.py
[2024-01-14T15:54:41.969+0200] {processor.py:840} INFO - DAG(s) 'example_task_group' retrieved from /home/mahmoud/airflow_env/lib/python3.10/site-packages/airflow/example_dags/example_task_group.py
[2024-01-14T15:54:42.021+0200] {logging_mixin.py:188} INFO - [2024-01-14T15:54:42.021+0200] {dag.py:3033} INFO - Sync 1 DAGs
[2024-01-14T15:54:42.085+0200] {logging_mixin.py:188} INFO - [2024-01-14T15:54:42.084+0200] {dag.py:3820} INFO - Setting next_dagrun for example_task_group to 2024-01-13T00:00:00+00:00, run_after=2024-01-14T00:00:00+00:00
[2024-01-14T15:54:42.150+0200] {processor.py:183} INFO - Processing /home/mahmoud/airflow_env/lib/python3.10/site-packages/airflow/example_dags/example_task_group.py took 0.222 seconds
[2024-01-14T15:55:49.134+0200] {processor.py:161} INFO - Started process (PID=30306) to work on /home/mahmoud/airflow_env/lib/python3.10/site-packages/airflow/example_dags/example_task_group.py
[2024-01-14T15:55:49.138+0200] {processor.py:830} INFO - Processing file /home/mahmoud/airflow_env/lib/python3.10/site-packages/airflow/example_dags/example_task_group.py for tasks to queue
[2024-01-14T15:55:49.140+0200] {logging_mixin.py:188} INFO - [2024-01-14T15:55:49.139+0200] {dagbag.py:538} INFO - Filling up the DagBag from /home/mahmoud/airflow_env/lib/python3.10/site-packages/airflow/example_dags/example_task_group.py
[2024-01-14T15:55:49.164+0200] {processor.py:840} INFO - DAG(s) 'example_task_group' retrieved from /home/mahmoud/airflow_env/lib/python3.10/site-packages/airflow/example_dags/example_task_group.py
[2024-01-14T15:55:49.216+0200] {logging_mixin.py:188} INFO - [2024-01-14T15:55:49.215+0200] {dag.py:3033} INFO - Sync 1 DAGs
[2024-01-14T15:55:49.282+0200] {logging_mixin.py:188} INFO - [2024-01-14T15:55:49.281+0200] {dag.py:3820} INFO - Setting next_dagrun for example_task_group to 2024-01-13T00:00:00+00:00, run_after=2024-01-14T00:00:00+00:00
[2024-01-14T15:55:49.348+0200] {processor.py:183} INFO - Processing /home/mahmoud/airflow_env/lib/python3.10/site-packages/airflow/example_dags/example_task_group.py took 0.223 seconds
[2024-01-14T15:56:48.280+0200] {processor.py:161} INFO - Started process (PID=30514) to work on /home/mahmoud/airflow_env/lib/python3.10/site-packages/airflow/example_dags/example_task_group.py
[2024-01-14T15:56:48.283+0200] {processor.py:830} INFO - Processing file /home/mahmoud/airflow_env/lib/python3.10/site-packages/airflow/example_dags/example_task_group.py for tasks to queue
[2024-01-14T15:56:48.286+0200] {logging_mixin.py:188} INFO - [2024-01-14T15:56:48.285+0200] {dagbag.py:538} INFO - Filling up the DagBag from /home/mahmoud/airflow_env/lib/python3.10/site-packages/airflow/example_dags/example_task_group.py
[2024-01-14T15:56:48.309+0200] {processor.py:840} INFO - DAG(s) 'example_task_group' retrieved from /home/mahmoud/airflow_env/lib/python3.10/site-packages/airflow/example_dags/example_task_group.py
[2024-01-14T15:56:48.357+0200] {logging_mixin.py:188} INFO - [2024-01-14T15:56:48.357+0200] {dag.py:3033} INFO - Sync 1 DAGs
[2024-01-14T15:56:48.415+0200] {logging_mixin.py:188} INFO - [2024-01-14T15:56:48.414+0200] {dag.py:3820} INFO - Setting next_dagrun for example_task_group to 2024-01-13T00:00:00+00:00, run_after=2024-01-14T00:00:00+00:00
[2024-01-14T15:56:48.474+0200] {processor.py:183} INFO - Processing /home/mahmoud/airflow_env/lib/python3.10/site-packages/airflow/example_dags/example_task_group.py took 0.203 seconds
[2024-01-14T15:57:43.325+0200] {processor.py:161} INFO - Started process (PID=30739) to work on /home/mahmoud/airflow_env/lib/python3.10/site-packages/airflow/example_dags/example_task_group.py
[2024-01-14T15:57:43.327+0200] {processor.py:830} INFO - Processing file /home/mahmoud/airflow_env/lib/python3.10/site-packages/airflow/example_dags/example_task_group.py for tasks to queue
[2024-01-14T15:57:43.329+0200] {logging_mixin.py:188} INFO - [2024-01-14T15:57:43.328+0200] {dagbag.py:538} INFO - Filling up the DagBag from /home/mahmoud/airflow_env/lib/python3.10/site-packages/airflow/example_dags/example_task_group.py
[2024-01-14T15:57:43.345+0200] {processor.py:840} INFO - DAG(s) 'example_task_group' retrieved from /home/mahmoud/airflow_env/lib/python3.10/site-packages/airflow/example_dags/example_task_group.py
[2024-01-14T15:57:43.366+0200] {logging_mixin.py:188} INFO - [2024-01-14T15:57:43.366+0200] {dag.py:3033} INFO - Sync 1 DAGs
[2024-01-14T15:57:43.385+0200] {logging_mixin.py:188} INFO - [2024-01-14T15:57:43.385+0200] {dag.py:3820} INFO - Setting next_dagrun for example_task_group to 2024-01-13T00:00:00+00:00, run_after=2024-01-14T00:00:00+00:00
[2024-01-14T15:57:43.408+0200] {processor.py:183} INFO - Processing /home/mahmoud/airflow_env/lib/python3.10/site-packages/airflow/example_dags/example_task_group.py took 0.089 seconds
