[2024-01-14T14:40:29.295+0200] {processor.py:161} INFO - Started process (PID=9685) to work on /home/mahmoud/airflow_env/lib/python3.10/site-packages/airflow/example_dags/example_skip_dag.py
[2024-01-14T14:40:29.295+0200] {processor.py:830} INFO - Processing file /home/mahmoud/airflow_env/lib/python3.10/site-packages/airflow/example_dags/example_skip_dag.py for tasks to queue
[2024-01-14T14:40:29.296+0200] {logging_mixin.py:188} INFO - [2024-01-14T14:40:29.296+0200] {dagbag.py:538} INFO - Filling up the DagBag from /home/mahmoud/airflow_env/lib/python3.10/site-packages/airflow/example_dags/example_skip_dag.py
[2024-01-14T14:40:29.303+0200] {processor.py:840} INFO - DAG(s) 'example_skip_dag' retrieved from /home/mahmoud/airflow_env/lib/python3.10/site-packages/airflow/example_dags/example_skip_dag.py
[2024-01-14T14:40:29.468+0200] {logging_mixin.py:188} INFO - [2024-01-14T14:40:29.468+0200] {override.py:1769} INFO - Created Permission View: can edit on DAG:example_skip_dag
[2024-01-14T14:40:29.479+0200] {logging_mixin.py:188} INFO - [2024-01-14T14:40:29.479+0200] {override.py:1769} INFO - Created Permission View: can read on DAG:example_skip_dag
[2024-01-14T14:40:29.487+0200] {logging_mixin.py:188} INFO - [2024-01-14T14:40:29.487+0200] {override.py:1769} INFO - Created Permission View: can delete on DAG:example_skip_dag
[2024-01-14T14:40:29.487+0200] {logging_mixin.py:188} INFO - [2024-01-14T14:40:29.487+0200] {dag.py:3033} INFO - Sync 1 DAGs
[2024-01-14T14:40:29.494+0200] {logging_mixin.py:188} INFO - [2024-01-14T14:40:29.494+0200] {dag.py:3055} INFO - Creating ORM DAG for example_skip_dag
[2024-01-14T14:40:29.501+0200] {logging_mixin.py:188} INFO - [2024-01-14T14:40:29.500+0200] {dag.py:3820} INFO - Setting next_dagrun for example_skip_dag to 2024-01-13T00:00:00+00:00, run_after=2024-01-14T00:00:00+00:00
[2024-01-14T14:40:29.522+0200] {processor.py:183} INFO - Processing /home/mahmoud/airflow_env/lib/python3.10/site-packages/airflow/example_dags/example_skip_dag.py took 0.230 seconds
[2024-01-14T15:08:06.845+0200] {processor.py:161} INFO - Started process (PID=16067) to work on /home/mahmoud/airflow_env/lib/python3.10/site-packages/airflow/example_dags/example_skip_dag.py
[2024-01-14T15:08:06.847+0200] {processor.py:830} INFO - Processing file /home/mahmoud/airflow_env/lib/python3.10/site-packages/airflow/example_dags/example_skip_dag.py for tasks to queue
[2024-01-14T15:08:06.848+0200] {logging_mixin.py:188} INFO - [2024-01-14T15:08:06.847+0200] {dagbag.py:538} INFO - Filling up the DagBag from /home/mahmoud/airflow_env/lib/python3.10/site-packages/airflow/example_dags/example_skip_dag.py
[2024-01-14T15:08:06.860+0200] {processor.py:840} INFO - DAG(s) 'example_skip_dag' retrieved from /home/mahmoud/airflow_env/lib/python3.10/site-packages/airflow/example_dags/example_skip_dag.py
[2024-01-14T15:08:06.877+0200] {logging_mixin.py:188} INFO - [2024-01-14T15:08:06.877+0200] {dag.py:3033} INFO - Sync 1 DAGs
[2024-01-14T15:08:06.893+0200] {logging_mixin.py:188} INFO - [2024-01-14T15:08:06.893+0200] {dag.py:3820} INFO - Setting next_dagrun for example_skip_dag to 2024-01-13T00:00:00+00:00, run_after=2024-01-14T00:00:00+00:00
[2024-01-14T15:08:06.993+0200] {processor.py:183} INFO - Processing /home/mahmoud/airflow_env/lib/python3.10/site-packages/airflow/example_dags/example_skip_dag.py took 0.156 seconds
[2024-01-14T15:09:00.735+0200] {processor.py:161} INFO - Started process (PID=16330) to work on /home/mahmoud/airflow_env/lib/python3.10/site-packages/airflow/example_dags/example_skip_dag.py
[2024-01-14T15:09:00.738+0200] {processor.py:830} INFO - Processing file /home/mahmoud/airflow_env/lib/python3.10/site-packages/airflow/example_dags/example_skip_dag.py for tasks to queue
[2024-01-14T15:09:00.739+0200] {logging_mixin.py:188} INFO - [2024-01-14T15:09:00.738+0200] {dagbag.py:538} INFO - Filling up the DagBag from /home/mahmoud/airflow_env/lib/python3.10/site-packages/airflow/example_dags/example_skip_dag.py
[2024-01-14T15:09:00.746+0200] {processor.py:840} INFO - DAG(s) 'example_skip_dag' retrieved from /home/mahmoud/airflow_env/lib/python3.10/site-packages/airflow/example_dags/example_skip_dag.py
[2024-01-14T15:09:00.761+0200] {logging_mixin.py:188} INFO - [2024-01-14T15:09:00.761+0200] {dag.py:3033} INFO - Sync 1 DAGs
[2024-01-14T15:09:00.780+0200] {logging_mixin.py:188} INFO - [2024-01-14T15:09:00.780+0200] {dag.py:3820} INFO - Setting next_dagrun for example_skip_dag to 2024-01-13T00:00:00+00:00, run_after=2024-01-14T00:00:00+00:00
[2024-01-14T15:09:00.804+0200] {processor.py:183} INFO - Processing /home/mahmoud/airflow_env/lib/python3.10/site-packages/airflow/example_dags/example_skip_dag.py took 0.074 seconds
[2024-01-14T15:09:42.158+0200] {processor.py:161} INFO - Started process (PID=16599) to work on /home/mahmoud/airflow_env/lib/python3.10/site-packages/airflow/example_dags/example_skip_dag.py
[2024-01-14T15:09:42.160+0200] {processor.py:830} INFO - Processing file /home/mahmoud/airflow_env/lib/python3.10/site-packages/airflow/example_dags/example_skip_dag.py for tasks to queue
[2024-01-14T15:09:42.160+0200] {logging_mixin.py:188} INFO - [2024-01-14T15:09:42.160+0200] {dagbag.py:538} INFO - Filling up the DagBag from /home/mahmoud/airflow_env/lib/python3.10/site-packages/airflow/example_dags/example_skip_dag.py
[2024-01-14T15:09:42.169+0200] {processor.py:840} INFO - DAG(s) 'example_skip_dag' retrieved from /home/mahmoud/airflow_env/lib/python3.10/site-packages/airflow/example_dags/example_skip_dag.py
[2024-01-14T15:09:42.184+0200] {logging_mixin.py:188} INFO - [2024-01-14T15:09:42.184+0200] {dag.py:3033} INFO - Sync 1 DAGs
[2024-01-14T15:09:42.207+0200] {logging_mixin.py:188} INFO - [2024-01-14T15:09:42.207+0200] {dag.py:3820} INFO - Setting next_dagrun for example_skip_dag to 2024-01-13T00:00:00+00:00, run_after=2024-01-14T00:00:00+00:00
[2024-01-14T15:09:42.249+0200] {processor.py:183} INFO - Processing /home/mahmoud/airflow_env/lib/python3.10/site-packages/airflow/example_dags/example_skip_dag.py took 0.094 seconds
[2024-01-14T15:10:20.455+0200] {processor.py:161} INFO - Started process (PID=16751) to work on /home/mahmoud/airflow_env/lib/python3.10/site-packages/airflow/example_dags/example_skip_dag.py
[2024-01-14T15:10:20.457+0200] {processor.py:830} INFO - Processing file /home/mahmoud/airflow_env/lib/python3.10/site-packages/airflow/example_dags/example_skip_dag.py for tasks to queue
[2024-01-14T15:10:20.458+0200] {logging_mixin.py:188} INFO - [2024-01-14T15:10:20.458+0200] {dagbag.py:538} INFO - Filling up the DagBag from /home/mahmoud/airflow_env/lib/python3.10/site-packages/airflow/example_dags/example_skip_dag.py
[2024-01-14T15:10:20.469+0200] {processor.py:840} INFO - DAG(s) 'example_skip_dag' retrieved from /home/mahmoud/airflow_env/lib/python3.10/site-packages/airflow/example_dags/example_skip_dag.py
[2024-01-14T15:10:20.486+0200] {logging_mixin.py:188} INFO - [2024-01-14T15:10:20.486+0200] {dag.py:3033} INFO - Sync 1 DAGs
[2024-01-14T15:10:20.504+0200] {logging_mixin.py:188} INFO - [2024-01-14T15:10:20.504+0200] {dag.py:3820} INFO - Setting next_dagrun for example_skip_dag to 2024-01-13T00:00:00+00:00, run_after=2024-01-14T00:00:00+00:00
[2024-01-14T15:10:20.527+0200] {processor.py:183} INFO - Processing /home/mahmoud/airflow_env/lib/python3.10/site-packages/airflow/example_dags/example_skip_dag.py took 0.077 seconds
[2024-01-14T15:10:59.939+0200] {processor.py:161} INFO - Started process (PID=16911) to work on /home/mahmoud/airflow_env/lib/python3.10/site-packages/airflow/example_dags/example_skip_dag.py
[2024-01-14T15:10:59.943+0200] {processor.py:830} INFO - Processing file /home/mahmoud/airflow_env/lib/python3.10/site-packages/airflow/example_dags/example_skip_dag.py for tasks to queue
[2024-01-14T15:10:59.945+0200] {logging_mixin.py:188} INFO - [2024-01-14T15:10:59.944+0200] {dagbag.py:538} INFO - Filling up the DagBag from /home/mahmoud/airflow_env/lib/python3.10/site-packages/airflow/example_dags/example_skip_dag.py
[2024-01-14T15:10:59.962+0200] {processor.py:840} INFO - DAG(s) 'example_skip_dag' retrieved from /home/mahmoud/airflow_env/lib/python3.10/site-packages/airflow/example_dags/example_skip_dag.py
[2024-01-14T15:10:59.986+0200] {logging_mixin.py:188} INFO - [2024-01-14T15:10:59.986+0200] {dag.py:3033} INFO - Sync 1 DAGs
[2024-01-14T15:11:00.005+0200] {logging_mixin.py:188} INFO - [2024-01-14T15:11:00.005+0200] {dag.py:3820} INFO - Setting next_dagrun for example_skip_dag to 2024-01-13T00:00:00+00:00, run_after=2024-01-14T00:00:00+00:00
[2024-01-14T15:11:00.027+0200] {processor.py:183} INFO - Processing /home/mahmoud/airflow_env/lib/python3.10/site-packages/airflow/example_dags/example_skip_dag.py took 0.095 seconds
[2024-01-14T15:11:37.766+0200] {processor.py:161} INFO - Started process (PID=17063) to work on /home/mahmoud/airflow_env/lib/python3.10/site-packages/airflow/example_dags/example_skip_dag.py
[2024-01-14T15:11:37.768+0200] {processor.py:830} INFO - Processing file /home/mahmoud/airflow_env/lib/python3.10/site-packages/airflow/example_dags/example_skip_dag.py for tasks to queue
[2024-01-14T15:11:37.769+0200] {logging_mixin.py:188} INFO - [2024-01-14T15:11:37.769+0200] {dagbag.py:538} INFO - Filling up the DagBag from /home/mahmoud/airflow_env/lib/python3.10/site-packages/airflow/example_dags/example_skip_dag.py
[2024-01-14T15:11:37.776+0200] {processor.py:840} INFO - DAG(s) 'example_skip_dag' retrieved from /home/mahmoud/airflow_env/lib/python3.10/site-packages/airflow/example_dags/example_skip_dag.py
[2024-01-14T15:11:37.791+0200] {logging_mixin.py:188} INFO - [2024-01-14T15:11:37.791+0200] {dag.py:3033} INFO - Sync 1 DAGs
[2024-01-14T15:11:37.809+0200] {logging_mixin.py:188} INFO - [2024-01-14T15:11:37.809+0200] {dag.py:3820} INFO - Setting next_dagrun for example_skip_dag to 2024-01-13T00:00:00+00:00, run_after=2024-01-14T00:00:00+00:00
[2024-01-14T15:11:37.831+0200] {processor.py:183} INFO - Processing /home/mahmoud/airflow_env/lib/python3.10/site-packages/airflow/example_dags/example_skip_dag.py took 0.068 seconds
[2024-01-14T15:12:15.624+0200] {processor.py:161} INFO - Started process (PID=17252) to work on /home/mahmoud/airflow_env/lib/python3.10/site-packages/airflow/example_dags/example_skip_dag.py
[2024-01-14T15:12:15.628+0200] {processor.py:830} INFO - Processing file /home/mahmoud/airflow_env/lib/python3.10/site-packages/airflow/example_dags/example_skip_dag.py for tasks to queue
[2024-01-14T15:12:15.630+0200] {logging_mixin.py:188} INFO - [2024-01-14T15:12:15.629+0200] {dagbag.py:538} INFO - Filling up the DagBag from /home/mahmoud/airflow_env/lib/python3.10/site-packages/airflow/example_dags/example_skip_dag.py
[2024-01-14T15:12:15.642+0200] {processor.py:840} INFO - DAG(s) 'example_skip_dag' retrieved from /home/mahmoud/airflow_env/lib/python3.10/site-packages/airflow/example_dags/example_skip_dag.py
[2024-01-14T15:12:15.661+0200] {logging_mixin.py:188} INFO - [2024-01-14T15:12:15.661+0200] {dag.py:3033} INFO - Sync 1 DAGs
[2024-01-14T15:12:15.679+0200] {logging_mixin.py:188} INFO - [2024-01-14T15:12:15.679+0200] {dag.py:3820} INFO - Setting next_dagrun for example_skip_dag to 2024-01-13T00:00:00+00:00, run_after=2024-01-14T00:00:00+00:00
[2024-01-14T15:12:15.700+0200] {processor.py:183} INFO - Processing /home/mahmoud/airflow_env/lib/python3.10/site-packages/airflow/example_dags/example_skip_dag.py took 0.083 seconds
[2024-01-14T15:13:02.659+0200] {processor.py:161} INFO - Started process (PID=17439) to work on /home/mahmoud/airflow_env/lib/python3.10/site-packages/airflow/example_dags/example_skip_dag.py
[2024-01-14T15:13:02.662+0200] {processor.py:830} INFO - Processing file /home/mahmoud/airflow_env/lib/python3.10/site-packages/airflow/example_dags/example_skip_dag.py for tasks to queue
[2024-01-14T15:13:02.664+0200] {logging_mixin.py:188} INFO - [2024-01-14T15:13:02.663+0200] {dagbag.py:538} INFO - Filling up the DagBag from /home/mahmoud/airflow_env/lib/python3.10/site-packages/airflow/example_dags/example_skip_dag.py
[2024-01-14T15:13:02.676+0200] {processor.py:840} INFO - DAG(s) 'example_skip_dag' retrieved from /home/mahmoud/airflow_env/lib/python3.10/site-packages/airflow/example_dags/example_skip_dag.py
[2024-01-14T15:13:02.696+0200] {logging_mixin.py:188} INFO - [2024-01-14T15:13:02.696+0200] {dag.py:3033} INFO - Sync 1 DAGs
[2024-01-14T15:13:02.714+0200] {logging_mixin.py:188} INFO - [2024-01-14T15:13:02.714+0200] {dag.py:3820} INFO - Setting next_dagrun for example_skip_dag to 2024-01-13T00:00:00+00:00, run_after=2024-01-14T00:00:00+00:00
[2024-01-14T15:13:02.738+0200] {processor.py:183} INFO - Processing /home/mahmoud/airflow_env/lib/python3.10/site-packages/airflow/example_dags/example_skip_dag.py took 0.086 seconds
[2024-01-14T15:13:38.824+0200] {processor.py:161} INFO - Started process (PID=17605) to work on /home/mahmoud/airflow_env/lib/python3.10/site-packages/airflow/example_dags/example_skip_dag.py
[2024-01-14T15:13:38.826+0200] {processor.py:830} INFO - Processing file /home/mahmoud/airflow_env/lib/python3.10/site-packages/airflow/example_dags/example_skip_dag.py for tasks to queue
[2024-01-14T15:13:38.827+0200] {logging_mixin.py:188} INFO - [2024-01-14T15:13:38.827+0200] {dagbag.py:538} INFO - Filling up the DagBag from /home/mahmoud/airflow_env/lib/python3.10/site-packages/airflow/example_dags/example_skip_dag.py
[2024-01-14T15:13:38.841+0200] {processor.py:840} INFO - DAG(s) 'example_skip_dag' retrieved from /home/mahmoud/airflow_env/lib/python3.10/site-packages/airflow/example_dags/example_skip_dag.py
[2024-01-14T15:13:38.862+0200] {logging_mixin.py:188} INFO - [2024-01-14T15:13:38.862+0200] {dag.py:3033} INFO - Sync 1 DAGs
[2024-01-14T15:13:38.880+0200] {logging_mixin.py:188} INFO - [2024-01-14T15:13:38.880+0200] {dag.py:3820} INFO - Setting next_dagrun for example_skip_dag to 2024-01-13T00:00:00+00:00, run_after=2024-01-14T00:00:00+00:00
[2024-01-14T15:13:38.903+0200] {processor.py:183} INFO - Processing /home/mahmoud/airflow_env/lib/python3.10/site-packages/airflow/example_dags/example_skip_dag.py took 0.085 seconds
[2024-01-14T15:19:52.553+0200] {processor.py:161} INFO - Started process (PID=19406) to work on /home/mahmoud/airflow_env/lib/python3.10/site-packages/airflow/example_dags/example_skip_dag.py
[2024-01-14T15:19:52.556+0200] {processor.py:830} INFO - Processing file /home/mahmoud/airflow_env/lib/python3.10/site-packages/airflow/example_dags/example_skip_dag.py for tasks to queue
[2024-01-14T15:19:52.557+0200] {logging_mixin.py:188} INFO - [2024-01-14T15:19:52.557+0200] {dagbag.py:538} INFO - Filling up the DagBag from /home/mahmoud/airflow_env/lib/python3.10/site-packages/airflow/example_dags/example_skip_dag.py
[2024-01-14T15:19:52.572+0200] {processor.py:840} INFO - DAG(s) 'example_skip_dag' retrieved from /home/mahmoud/airflow_env/lib/python3.10/site-packages/airflow/example_dags/example_skip_dag.py
[2024-01-14T15:19:52.590+0200] {logging_mixin.py:188} INFO - [2024-01-14T15:19:52.590+0200] {dag.py:3033} INFO - Sync 1 DAGs
[2024-01-14T15:19:52.607+0200] {logging_mixin.py:188} INFO - [2024-01-14T15:19:52.606+0200] {dag.py:3820} INFO - Setting next_dagrun for example_skip_dag to 2024-01-13T00:00:00+00:00, run_after=2024-01-14T00:00:00+00:00
[2024-01-14T15:19:52.699+0200] {processor.py:183} INFO - Processing /home/mahmoud/airflow_env/lib/python3.10/site-packages/airflow/example_dags/example_skip_dag.py took 0.153 seconds
[2024-01-14T15:20:46.529+0200] {processor.py:161} INFO - Started process (PID=19646) to work on /home/mahmoud/airflow_env/lib/python3.10/site-packages/airflow/example_dags/example_skip_dag.py
[2024-01-14T15:20:46.530+0200] {processor.py:830} INFO - Processing file /home/mahmoud/airflow_env/lib/python3.10/site-packages/airflow/example_dags/example_skip_dag.py for tasks to queue
[2024-01-14T15:20:46.531+0200] {logging_mixin.py:188} INFO - [2024-01-14T15:20:46.531+0200] {dagbag.py:538} INFO - Filling up the DagBag from /home/mahmoud/airflow_env/lib/python3.10/site-packages/airflow/example_dags/example_skip_dag.py
[2024-01-14T15:20:46.539+0200] {processor.py:840} INFO - DAG(s) 'example_skip_dag' retrieved from /home/mahmoud/airflow_env/lib/python3.10/site-packages/airflow/example_dags/example_skip_dag.py
[2024-01-14T15:20:46.554+0200] {logging_mixin.py:188} INFO - [2024-01-14T15:20:46.554+0200] {dag.py:3033} INFO - Sync 1 DAGs
[2024-01-14T15:20:46.573+0200] {logging_mixin.py:188} INFO - [2024-01-14T15:20:46.573+0200] {dag.py:3820} INFO - Setting next_dagrun for example_skip_dag to 2024-01-13T00:00:00+00:00, run_after=2024-01-14T00:00:00+00:00
[2024-01-14T15:20:46.594+0200] {processor.py:183} INFO - Processing /home/mahmoud/airflow_env/lib/python3.10/site-packages/airflow/example_dags/example_skip_dag.py took 0.070 seconds
[2024-01-14T15:21:27.526+0200] {processor.py:161} INFO - Started process (PID=19807) to work on /home/mahmoud/airflow_env/lib/python3.10/site-packages/airflow/example_dags/example_skip_dag.py
[2024-01-14T15:21:27.529+0200] {processor.py:830} INFO - Processing file /home/mahmoud/airflow_env/lib/python3.10/site-packages/airflow/example_dags/example_skip_dag.py for tasks to queue
[2024-01-14T15:21:27.530+0200] {logging_mixin.py:188} INFO - [2024-01-14T15:21:27.530+0200] {dagbag.py:538} INFO - Filling up the DagBag from /home/mahmoud/airflow_env/lib/python3.10/site-packages/airflow/example_dags/example_skip_dag.py
[2024-01-14T15:21:27.538+0200] {processor.py:840} INFO - DAG(s) 'example_skip_dag' retrieved from /home/mahmoud/airflow_env/lib/python3.10/site-packages/airflow/example_dags/example_skip_dag.py
[2024-01-14T15:21:27.553+0200] {logging_mixin.py:188} INFO - [2024-01-14T15:21:27.553+0200] {dag.py:3033} INFO - Sync 1 DAGs
[2024-01-14T15:21:27.570+0200] {logging_mixin.py:188} INFO - [2024-01-14T15:21:27.570+0200] {dag.py:3820} INFO - Setting next_dagrun for example_skip_dag to 2024-01-13T00:00:00+00:00, run_after=2024-01-14T00:00:00+00:00
[2024-01-14T15:21:27.590+0200] {processor.py:183} INFO - Processing /home/mahmoud/airflow_env/lib/python3.10/site-packages/airflow/example_dags/example_skip_dag.py took 0.069 seconds
[2024-01-14T15:22:05.277+0200] {processor.py:161} INFO - Started process (PID=19954) to work on /home/mahmoud/airflow_env/lib/python3.10/site-packages/airflow/example_dags/example_skip_dag.py
[2024-01-14T15:22:05.278+0200] {processor.py:830} INFO - Processing file /home/mahmoud/airflow_env/lib/python3.10/site-packages/airflow/example_dags/example_skip_dag.py for tasks to queue
[2024-01-14T15:22:05.280+0200] {logging_mixin.py:188} INFO - [2024-01-14T15:22:05.279+0200] {dagbag.py:538} INFO - Filling up the DagBag from /home/mahmoud/airflow_env/lib/python3.10/site-packages/airflow/example_dags/example_skip_dag.py
[2024-01-14T15:22:05.291+0200] {processor.py:840} INFO - DAG(s) 'example_skip_dag' retrieved from /home/mahmoud/airflow_env/lib/python3.10/site-packages/airflow/example_dags/example_skip_dag.py
[2024-01-14T15:22:05.307+0200] {logging_mixin.py:188} INFO - [2024-01-14T15:22:05.307+0200] {dag.py:3033} INFO - Sync 1 DAGs
[2024-01-14T15:22:05.324+0200] {logging_mixin.py:188} INFO - [2024-01-14T15:22:05.324+0200] {dag.py:3820} INFO - Setting next_dagrun for example_skip_dag to 2024-01-13T00:00:00+00:00, run_after=2024-01-14T00:00:00+00:00
[2024-01-14T15:22:05.346+0200] {processor.py:183} INFO - Processing /home/mahmoud/airflow_env/lib/python3.10/site-packages/airflow/example_dags/example_skip_dag.py took 0.073 seconds
[2024-01-14T15:22:42.558+0200] {processor.py:161} INFO - Started process (PID=20100) to work on /home/mahmoud/airflow_env/lib/python3.10/site-packages/airflow/example_dags/example_skip_dag.py
[2024-01-14T15:22:42.559+0200] {processor.py:830} INFO - Processing file /home/mahmoud/airflow_env/lib/python3.10/site-packages/airflow/example_dags/example_skip_dag.py for tasks to queue
[2024-01-14T15:22:42.560+0200] {logging_mixin.py:188} INFO - [2024-01-14T15:22:42.560+0200] {dagbag.py:538} INFO - Filling up the DagBag from /home/mahmoud/airflow_env/lib/python3.10/site-packages/airflow/example_dags/example_skip_dag.py
[2024-01-14T15:22:42.566+0200] {processor.py:840} INFO - DAG(s) 'example_skip_dag' retrieved from /home/mahmoud/airflow_env/lib/python3.10/site-packages/airflow/example_dags/example_skip_dag.py
[2024-01-14T15:22:42.584+0200] {logging_mixin.py:188} INFO - [2024-01-14T15:22:42.583+0200] {dag.py:3033} INFO - Sync 1 DAGs
[2024-01-14T15:22:42.615+0200] {logging_mixin.py:188} INFO - [2024-01-14T15:22:42.614+0200] {dag.py:3820} INFO - Setting next_dagrun for example_skip_dag to 2024-01-13T00:00:00+00:00, run_after=2024-01-14T00:00:00+00:00
[2024-01-14T15:22:42.644+0200] {processor.py:183} INFO - Processing /home/mahmoud/airflow_env/lib/python3.10/site-packages/airflow/example_dags/example_skip_dag.py took 0.088 seconds
[2024-01-14T15:23:23.870+0200] {processor.py:161} INFO - Started process (PID=20369) to work on /home/mahmoud/airflow_env/lib/python3.10/site-packages/airflow/example_dags/example_skip_dag.py
[2024-01-14T15:23:23.872+0200] {processor.py:830} INFO - Processing file /home/mahmoud/airflow_env/lib/python3.10/site-packages/airflow/example_dags/example_skip_dag.py for tasks to queue
[2024-01-14T15:23:23.874+0200] {logging_mixin.py:188} INFO - [2024-01-14T15:23:23.873+0200] {dagbag.py:538} INFO - Filling up the DagBag from /home/mahmoud/airflow_env/lib/python3.10/site-packages/airflow/example_dags/example_skip_dag.py
[2024-01-14T15:23:23.887+0200] {processor.py:840} INFO - DAG(s) 'example_skip_dag' retrieved from /home/mahmoud/airflow_env/lib/python3.10/site-packages/airflow/example_dags/example_skip_dag.py
[2024-01-14T15:23:23.905+0200] {logging_mixin.py:188} INFO - [2024-01-14T15:23:23.905+0200] {dag.py:3033} INFO - Sync 1 DAGs
[2024-01-14T15:23:23.922+0200] {logging_mixin.py:188} INFO - [2024-01-14T15:23:23.921+0200] {dag.py:3820} INFO - Setting next_dagrun for example_skip_dag to 2024-01-13T00:00:00+00:00, run_after=2024-01-14T00:00:00+00:00
[2024-01-14T15:23:24.022+0200] {processor.py:183} INFO - Processing /home/mahmoud/airflow_env/lib/python3.10/site-packages/airflow/example_dags/example_skip_dag.py took 0.158 seconds
[2024-01-14T15:37:44.933+0200] {processor.py:161} INFO - Started process (PID=24397) to work on /home/mahmoud/airflow_env/lib/python3.10/site-packages/airflow/example_dags/example_skip_dag.py
[2024-01-14T15:37:44.935+0200] {processor.py:830} INFO - Processing file /home/mahmoud/airflow_env/lib/python3.10/site-packages/airflow/example_dags/example_skip_dag.py for tasks to queue
[2024-01-14T15:37:44.936+0200] {logging_mixin.py:188} INFO - [2024-01-14T15:37:44.935+0200] {dagbag.py:538} INFO - Filling up the DagBag from /home/mahmoud/airflow_env/lib/python3.10/site-packages/airflow/example_dags/example_skip_dag.py
[2024-01-14T15:37:44.946+0200] {processor.py:840} INFO - DAG(s) 'example_skip_dag' retrieved from /home/mahmoud/airflow_env/lib/python3.10/site-packages/airflow/example_dags/example_skip_dag.py
[2024-01-14T15:37:44.961+0200] {logging_mixin.py:188} INFO - [2024-01-14T15:37:44.960+0200] {dag.py:3033} INFO - Sync 1 DAGs
[2024-01-14T15:37:44.977+0200] {logging_mixin.py:188} INFO - [2024-01-14T15:37:44.977+0200] {dag.py:3820} INFO - Setting next_dagrun for example_skip_dag to 2024-01-13T00:00:00+00:00, run_after=2024-01-14T00:00:00+00:00
[2024-01-14T15:37:45.076+0200] {processor.py:183} INFO - Processing /home/mahmoud/airflow_env/lib/python3.10/site-packages/airflow/example_dags/example_skip_dag.py took 0.148 seconds
[2024-01-14T15:38:38.630+0200] {processor.py:161} INFO - Started process (PID=24839) to work on /home/mahmoud/airflow_env/lib/python3.10/site-packages/airflow/example_dags/example_skip_dag.py
[2024-01-14T15:38:38.632+0200] {processor.py:830} INFO - Processing file /home/mahmoud/airflow_env/lib/python3.10/site-packages/airflow/example_dags/example_skip_dag.py for tasks to queue
[2024-01-14T15:38:38.633+0200] {logging_mixin.py:188} INFO - [2024-01-14T15:38:38.632+0200] {dagbag.py:538} INFO - Filling up the DagBag from /home/mahmoud/airflow_env/lib/python3.10/site-packages/airflow/example_dags/example_skip_dag.py
[2024-01-14T15:38:38.640+0200] {processor.py:840} INFO - DAG(s) 'example_skip_dag' retrieved from /home/mahmoud/airflow_env/lib/python3.10/site-packages/airflow/example_dags/example_skip_dag.py
[2024-01-14T15:38:38.654+0200] {logging_mixin.py:188} INFO - [2024-01-14T15:38:38.654+0200] {dag.py:3033} INFO - Sync 1 DAGs
[2024-01-14T15:38:38.672+0200] {logging_mixin.py:188} INFO - [2024-01-14T15:38:38.672+0200] {dag.py:3820} INFO - Setting next_dagrun for example_skip_dag to 2024-01-13T00:00:00+00:00, run_after=2024-01-14T00:00:00+00:00
[2024-01-14T15:38:38.693+0200] {processor.py:183} INFO - Processing /home/mahmoud/airflow_env/lib/python3.10/site-packages/airflow/example_dags/example_skip_dag.py took 0.067 seconds
[2024-01-14T15:39:16.948+0200] {processor.py:161} INFO - Started process (PID=25123) to work on /home/mahmoud/airflow_env/lib/python3.10/site-packages/airflow/example_dags/example_skip_dag.py
[2024-01-14T15:39:16.950+0200] {processor.py:830} INFO - Processing file /home/mahmoud/airflow_env/lib/python3.10/site-packages/airflow/example_dags/example_skip_dag.py for tasks to queue
[2024-01-14T15:39:16.951+0200] {logging_mixin.py:188} INFO - [2024-01-14T15:39:16.950+0200] {dagbag.py:538} INFO - Filling up the DagBag from /home/mahmoud/airflow_env/lib/python3.10/site-packages/airflow/example_dags/example_skip_dag.py
[2024-01-14T15:39:16.959+0200] {processor.py:840} INFO - DAG(s) 'example_skip_dag' retrieved from /home/mahmoud/airflow_env/lib/python3.10/site-packages/airflow/example_dags/example_skip_dag.py
[2024-01-14T15:39:16.977+0200] {logging_mixin.py:188} INFO - [2024-01-14T15:39:16.977+0200] {dag.py:3033} INFO - Sync 1 DAGs
[2024-01-14T15:39:17.000+0200] {logging_mixin.py:188} INFO - [2024-01-14T15:39:17.000+0200] {dag.py:3820} INFO - Setting next_dagrun for example_skip_dag to 2024-01-13T00:00:00+00:00, run_after=2024-01-14T00:00:00+00:00
[2024-01-14T15:39:17.025+0200] {processor.py:183} INFO - Processing /home/mahmoud/airflow_env/lib/python3.10/site-packages/airflow/example_dags/example_skip_dag.py took 0.081 seconds
[2024-01-14T15:40:03.304+0200] {processor.py:161} INFO - Started process (PID=25304) to work on /home/mahmoud/airflow_env/lib/python3.10/site-packages/airflow/example_dags/example_skip_dag.py
[2024-01-14T15:40:03.306+0200] {processor.py:830} INFO - Processing file /home/mahmoud/airflow_env/lib/python3.10/site-packages/airflow/example_dags/example_skip_dag.py for tasks to queue
[2024-01-14T15:40:03.307+0200] {logging_mixin.py:188} INFO - [2024-01-14T15:40:03.307+0200] {dagbag.py:538} INFO - Filling up the DagBag from /home/mahmoud/airflow_env/lib/python3.10/site-packages/airflow/example_dags/example_skip_dag.py
[2024-01-14T15:40:03.314+0200] {processor.py:840} INFO - DAG(s) 'example_skip_dag' retrieved from /home/mahmoud/airflow_env/lib/python3.10/site-packages/airflow/example_dags/example_skip_dag.py
[2024-01-14T15:40:03.329+0200] {logging_mixin.py:188} INFO - [2024-01-14T15:40:03.329+0200] {dag.py:3033} INFO - Sync 1 DAGs
[2024-01-14T15:40:03.348+0200] {logging_mixin.py:188} INFO - [2024-01-14T15:40:03.347+0200] {dag.py:3820} INFO - Setting next_dagrun for example_skip_dag to 2024-01-13T00:00:00+00:00, run_after=2024-01-14T00:00:00+00:00
[2024-01-14T15:40:03.370+0200] {processor.py:183} INFO - Processing /home/mahmoud/airflow_env/lib/python3.10/site-packages/airflow/example_dags/example_skip_dag.py took 0.070 seconds
[2024-01-14T15:40:39.997+0200] {processor.py:161} INFO - Started process (PID=25449) to work on /home/mahmoud/airflow_env/lib/python3.10/site-packages/airflow/example_dags/example_skip_dag.py
[2024-01-14T15:40:39.999+0200] {processor.py:830} INFO - Processing file /home/mahmoud/airflow_env/lib/python3.10/site-packages/airflow/example_dags/example_skip_dag.py for tasks to queue
[2024-01-14T15:40:40.000+0200] {logging_mixin.py:188} INFO - [2024-01-14T15:40:40.000+0200] {dagbag.py:538} INFO - Filling up the DagBag from /home/mahmoud/airflow_env/lib/python3.10/site-packages/airflow/example_dags/example_skip_dag.py
[2024-01-14T15:40:40.007+0200] {processor.py:840} INFO - DAG(s) 'example_skip_dag' retrieved from /home/mahmoud/airflow_env/lib/python3.10/site-packages/airflow/example_dags/example_skip_dag.py
[2024-01-14T15:40:40.022+0200] {logging_mixin.py:188} INFO - [2024-01-14T15:40:40.022+0200] {dag.py:3033} INFO - Sync 1 DAGs
[2024-01-14T15:40:40.041+0200] {logging_mixin.py:188} INFO - [2024-01-14T15:40:40.040+0200] {dag.py:3820} INFO - Setting next_dagrun for example_skip_dag to 2024-01-13T00:00:00+00:00, run_after=2024-01-14T00:00:00+00:00
[2024-01-14T15:40:40.063+0200] {processor.py:183} INFO - Processing /home/mahmoud/airflow_env/lib/python3.10/site-packages/airflow/example_dags/example_skip_dag.py took 0.069 seconds
[2024-01-14T15:41:17.079+0200] {processor.py:161} INFO - Started process (PID=25659) to work on /home/mahmoud/airflow_env/lib/python3.10/site-packages/airflow/example_dags/example_skip_dag.py
[2024-01-14T15:41:17.081+0200] {processor.py:830} INFO - Processing file /home/mahmoud/airflow_env/lib/python3.10/site-packages/airflow/example_dags/example_skip_dag.py for tasks to queue
[2024-01-14T15:41:17.081+0200] {logging_mixin.py:188} INFO - [2024-01-14T15:41:17.081+0200] {dagbag.py:538} INFO - Filling up the DagBag from /home/mahmoud/airflow_env/lib/python3.10/site-packages/airflow/example_dags/example_skip_dag.py
[2024-01-14T15:41:17.087+0200] {processor.py:840} INFO - DAG(s) 'example_skip_dag' retrieved from /home/mahmoud/airflow_env/lib/python3.10/site-packages/airflow/example_dags/example_skip_dag.py
[2024-01-14T15:41:17.100+0200] {logging_mixin.py:188} INFO - [2024-01-14T15:41:17.100+0200] {dag.py:3033} INFO - Sync 1 DAGs
[2024-01-14T15:41:17.117+0200] {logging_mixin.py:188} INFO - [2024-01-14T15:41:17.117+0200] {dag.py:3820} INFO - Setting next_dagrun for example_skip_dag to 2024-01-13T00:00:00+00:00, run_after=2024-01-14T00:00:00+00:00
[2024-01-14T15:41:17.143+0200] {processor.py:183} INFO - Processing /home/mahmoud/airflow_env/lib/python3.10/site-packages/airflow/example_dags/example_skip_dag.py took 0.066 seconds
[2024-01-14T15:41:51.647+0200] {processor.py:161} INFO - Started process (PID=25795) to work on /home/mahmoud/airflow_env/lib/python3.10/site-packages/airflow/example_dags/example_skip_dag.py
[2024-01-14T15:41:51.649+0200] {processor.py:830} INFO - Processing file /home/mahmoud/airflow_env/lib/python3.10/site-packages/airflow/example_dags/example_skip_dag.py for tasks to queue
[2024-01-14T15:41:51.650+0200] {logging_mixin.py:188} INFO - [2024-01-14T15:41:51.650+0200] {dagbag.py:538} INFO - Filling up the DagBag from /home/mahmoud/airflow_env/lib/python3.10/site-packages/airflow/example_dags/example_skip_dag.py
[2024-01-14T15:41:51.657+0200] {processor.py:840} INFO - DAG(s) 'example_skip_dag' retrieved from /home/mahmoud/airflow_env/lib/python3.10/site-packages/airflow/example_dags/example_skip_dag.py
[2024-01-14T15:41:51.674+0200] {logging_mixin.py:188} INFO - [2024-01-14T15:41:51.674+0200] {dag.py:3033} INFO - Sync 1 DAGs
[2024-01-14T15:41:51.694+0200] {logging_mixin.py:188} INFO - [2024-01-14T15:41:51.694+0200] {dag.py:3820} INFO - Setting next_dagrun for example_skip_dag to 2024-01-13T00:00:00+00:00, run_after=2024-01-14T00:00:00+00:00
[2024-01-14T15:41:51.714+0200] {processor.py:183} INFO - Processing /home/mahmoud/airflow_env/lib/python3.10/site-packages/airflow/example_dags/example_skip_dag.py took 0.069 seconds
[2024-01-14T15:42:26.426+0200] {processor.py:161} INFO - Started process (PID=25952) to work on /home/mahmoud/airflow_env/lib/python3.10/site-packages/airflow/example_dags/example_skip_dag.py
[2024-01-14T15:42:26.428+0200] {processor.py:830} INFO - Processing file /home/mahmoud/airflow_env/lib/python3.10/site-packages/airflow/example_dags/example_skip_dag.py for tasks to queue
[2024-01-14T15:42:26.430+0200] {logging_mixin.py:188} INFO - [2024-01-14T15:42:26.429+0200] {dagbag.py:538} INFO - Filling up the DagBag from /home/mahmoud/airflow_env/lib/python3.10/site-packages/airflow/example_dags/example_skip_dag.py
[2024-01-14T15:42:26.443+0200] {processor.py:840} INFO - DAG(s) 'example_skip_dag' retrieved from /home/mahmoud/airflow_env/lib/python3.10/site-packages/airflow/example_dags/example_skip_dag.py
[2024-01-14T15:42:26.461+0200] {logging_mixin.py:188} INFO - [2024-01-14T15:42:26.461+0200] {dag.py:3033} INFO - Sync 1 DAGs
[2024-01-14T15:42:26.482+0200] {logging_mixin.py:188} INFO - [2024-01-14T15:42:26.482+0200] {dag.py:3820} INFO - Setting next_dagrun for example_skip_dag to 2024-01-13T00:00:00+00:00, run_after=2024-01-14T00:00:00+00:00
[2024-01-14T15:42:26.531+0200] {processor.py:183} INFO - Processing /home/mahmoud/airflow_env/lib/python3.10/site-packages/airflow/example_dags/example_skip_dag.py took 0.111 seconds
[2024-01-14T15:43:06.346+0200] {processor.py:161} INFO - Started process (PID=26561) to work on /home/mahmoud/airflow_env/lib/python3.10/site-packages/airflow/example_dags/example_skip_dag.py
[2024-01-14T15:43:06.350+0200] {processor.py:830} INFO - Processing file /home/mahmoud/airflow_env/lib/python3.10/site-packages/airflow/example_dags/example_skip_dag.py for tasks to queue
[2024-01-14T15:43:06.352+0200] {logging_mixin.py:188} INFO - [2024-01-14T15:43:06.351+0200] {dagbag.py:538} INFO - Filling up the DagBag from /home/mahmoud/airflow_env/lib/python3.10/site-packages/airflow/example_dags/example_skip_dag.py
[2024-01-14T15:43:06.371+0200] {processor.py:840} INFO - DAG(s) 'example_skip_dag' retrieved from /home/mahmoud/airflow_env/lib/python3.10/site-packages/airflow/example_dags/example_skip_dag.py
[2024-01-14T15:43:06.392+0200] {logging_mixin.py:188} INFO - [2024-01-14T15:43:06.392+0200] {dag.py:3033} INFO - Sync 1 DAGs
[2024-01-14T15:43:06.411+0200] {logging_mixin.py:188} INFO - [2024-01-14T15:43:06.411+0200] {dag.py:3820} INFO - Setting next_dagrun for example_skip_dag to 2024-01-13T00:00:00+00:00, run_after=2024-01-14T00:00:00+00:00
[2024-01-14T15:43:06.432+0200] {processor.py:183} INFO - Processing /home/mahmoud/airflow_env/lib/python3.10/site-packages/airflow/example_dags/example_skip_dag.py took 0.094 seconds
[2024-01-14T15:43:43.648+0200] {processor.py:161} INFO - Started process (PID=26796) to work on /home/mahmoud/airflow_env/lib/python3.10/site-packages/airflow/example_dags/example_skip_dag.py
[2024-01-14T15:43:43.650+0200] {processor.py:830} INFO - Processing file /home/mahmoud/airflow_env/lib/python3.10/site-packages/airflow/example_dags/example_skip_dag.py for tasks to queue
[2024-01-14T15:43:43.651+0200] {logging_mixin.py:188} INFO - [2024-01-14T15:43:43.651+0200] {dagbag.py:538} INFO - Filling up the DagBag from /home/mahmoud/airflow_env/lib/python3.10/site-packages/airflow/example_dags/example_skip_dag.py
[2024-01-14T15:43:43.661+0200] {processor.py:840} INFO - DAG(s) 'example_skip_dag' retrieved from /home/mahmoud/airflow_env/lib/python3.10/site-packages/airflow/example_dags/example_skip_dag.py
[2024-01-14T15:43:43.679+0200] {logging_mixin.py:188} INFO - [2024-01-14T15:43:43.678+0200] {dag.py:3033} INFO - Sync 1 DAGs
[2024-01-14T15:43:43.696+0200] {logging_mixin.py:188} INFO - [2024-01-14T15:43:43.696+0200] {dag.py:3820} INFO - Setting next_dagrun for example_skip_dag to 2024-01-13T00:00:00+00:00, run_after=2024-01-14T00:00:00+00:00
[2024-01-14T15:43:43.720+0200] {processor.py:183} INFO - Processing /home/mahmoud/airflow_env/lib/python3.10/site-packages/airflow/example_dags/example_skip_dag.py took 0.079 seconds
[2024-01-14T15:44:22.835+0200] {processor.py:161} INFO - Started process (PID=27196) to work on /home/mahmoud/airflow_env/lib/python3.10/site-packages/airflow/example_dags/example_skip_dag.py
[2024-01-14T15:44:22.837+0200] {processor.py:830} INFO - Processing file /home/mahmoud/airflow_env/lib/python3.10/site-packages/airflow/example_dags/example_skip_dag.py for tasks to queue
[2024-01-14T15:44:22.838+0200] {logging_mixin.py:188} INFO - [2024-01-14T15:44:22.837+0200] {dagbag.py:538} INFO - Filling up the DagBag from /home/mahmoud/airflow_env/lib/python3.10/site-packages/airflow/example_dags/example_skip_dag.py
[2024-01-14T15:44:22.845+0200] {processor.py:840} INFO - DAG(s) 'example_skip_dag' retrieved from /home/mahmoud/airflow_env/lib/python3.10/site-packages/airflow/example_dags/example_skip_dag.py
[2024-01-14T15:44:22.860+0200] {logging_mixin.py:188} INFO - [2024-01-14T15:44:22.860+0200] {dag.py:3033} INFO - Sync 1 DAGs
[2024-01-14T15:44:22.879+0200] {logging_mixin.py:188} INFO - [2024-01-14T15:44:22.879+0200] {dag.py:3820} INFO - Setting next_dagrun for example_skip_dag to 2024-01-13T00:00:00+00:00, run_after=2024-01-14T00:00:00+00:00
[2024-01-14T15:44:22.901+0200] {processor.py:183} INFO - Processing /home/mahmoud/airflow_env/lib/python3.10/site-packages/airflow/example_dags/example_skip_dag.py took 0.069 seconds
[2024-01-14T15:45:14.931+0200] {processor.py:161} INFO - Started process (PID=27743) to work on /home/mahmoud/airflow_env/lib/python3.10/site-packages/airflow/example_dags/example_skip_dag.py
[2024-01-14T15:45:14.933+0200] {processor.py:830} INFO - Processing file /home/mahmoud/airflow_env/lib/python3.10/site-packages/airflow/example_dags/example_skip_dag.py for tasks to queue
[2024-01-14T15:45:14.933+0200] {logging_mixin.py:188} INFO - [2024-01-14T15:45:14.933+0200] {dagbag.py:538} INFO - Filling up the DagBag from /home/mahmoud/airflow_env/lib/python3.10/site-packages/airflow/example_dags/example_skip_dag.py
[2024-01-14T15:45:14.942+0200] {processor.py:840} INFO - DAG(s) 'example_skip_dag' retrieved from /home/mahmoud/airflow_env/lib/python3.10/site-packages/airflow/example_dags/example_skip_dag.py
[2024-01-14T15:45:14.960+0200] {logging_mixin.py:188} INFO - [2024-01-14T15:45:14.959+0200] {dag.py:3033} INFO - Sync 1 DAGs
[2024-01-14T15:45:14.981+0200] {logging_mixin.py:188} INFO - [2024-01-14T15:45:14.981+0200] {dag.py:3820} INFO - Setting next_dagrun for example_skip_dag to 2024-01-13T00:00:00+00:00, run_after=2024-01-14T00:00:00+00:00
[2024-01-14T15:45:15.003+0200] {processor.py:183} INFO - Processing /home/mahmoud/airflow_env/lib/python3.10/site-packages/airflow/example_dags/example_skip_dag.py took 0.075 seconds
[2024-01-14T15:46:01.997+0200] {processor.py:161} INFO - Started process (PID=27930) to work on /home/mahmoud/airflow_env/lib/python3.10/site-packages/airflow/example_dags/example_skip_dag.py
[2024-01-14T15:46:01.999+0200] {processor.py:830} INFO - Processing file /home/mahmoud/airflow_env/lib/python3.10/site-packages/airflow/example_dags/example_skip_dag.py for tasks to queue
[2024-01-14T15:46:02.000+0200] {logging_mixin.py:188} INFO - [2024-01-14T15:46:01.999+0200] {dagbag.py:538} INFO - Filling up the DagBag from /home/mahmoud/airflow_env/lib/python3.10/site-packages/airflow/example_dags/example_skip_dag.py
[2024-01-14T15:46:02.006+0200] {processor.py:840} INFO - DAG(s) 'example_skip_dag' retrieved from /home/mahmoud/airflow_env/lib/python3.10/site-packages/airflow/example_dags/example_skip_dag.py
[2024-01-14T15:46:02.021+0200] {logging_mixin.py:188} INFO - [2024-01-14T15:46:02.020+0200] {dag.py:3033} INFO - Sync 1 DAGs
[2024-01-14T15:46:02.038+0200] {logging_mixin.py:188} INFO - [2024-01-14T15:46:02.038+0200] {dag.py:3820} INFO - Setting next_dagrun for example_skip_dag to 2024-01-13T00:00:00+00:00, run_after=2024-01-14T00:00:00+00:00
[2024-01-14T15:46:02.061+0200] {processor.py:183} INFO - Processing /home/mahmoud/airflow_env/lib/python3.10/site-packages/airflow/example_dags/example_skip_dag.py took 0.067 seconds
[2024-01-14T15:46:39.525+0200] {processor.py:161} INFO - Started process (PID=28076) to work on /home/mahmoud/airflow_env/lib/python3.10/site-packages/airflow/example_dags/example_skip_dag.py
[2024-01-14T15:46:39.526+0200] {processor.py:830} INFO - Processing file /home/mahmoud/airflow_env/lib/python3.10/site-packages/airflow/example_dags/example_skip_dag.py for tasks to queue
[2024-01-14T15:46:39.527+0200] {logging_mixin.py:188} INFO - [2024-01-14T15:46:39.526+0200] {dagbag.py:538} INFO - Filling up the DagBag from /home/mahmoud/airflow_env/lib/python3.10/site-packages/airflow/example_dags/example_skip_dag.py
[2024-01-14T15:46:39.532+0200] {processor.py:840} INFO - DAG(s) 'example_skip_dag' retrieved from /home/mahmoud/airflow_env/lib/python3.10/site-packages/airflow/example_dags/example_skip_dag.py
[2024-01-14T15:46:39.545+0200] {logging_mixin.py:188} INFO - [2024-01-14T15:46:39.545+0200] {dag.py:3033} INFO - Sync 1 DAGs
[2024-01-14T15:46:39.562+0200] {logging_mixin.py:188} INFO - [2024-01-14T15:46:39.562+0200] {dag.py:3820} INFO - Setting next_dagrun for example_skip_dag to 2024-01-13T00:00:00+00:00, run_after=2024-01-14T00:00:00+00:00
[2024-01-14T15:46:39.585+0200] {processor.py:183} INFO - Processing /home/mahmoud/airflow_env/lib/python3.10/site-packages/airflow/example_dags/example_skip_dag.py took 0.062 seconds
[2024-01-14T15:47:14.222+0200] {processor.py:161} INFO - Started process (PID=28280) to work on /home/mahmoud/airflow_env/lib/python3.10/site-packages/airflow/example_dags/example_skip_dag.py
[2024-01-14T15:47:14.224+0200] {processor.py:830} INFO - Processing file /home/mahmoud/airflow_env/lib/python3.10/site-packages/airflow/example_dags/example_skip_dag.py for tasks to queue
[2024-01-14T15:47:14.225+0200] {logging_mixin.py:188} INFO - [2024-01-14T15:47:14.225+0200] {dagbag.py:538} INFO - Filling up the DagBag from /home/mahmoud/airflow_env/lib/python3.10/site-packages/airflow/example_dags/example_skip_dag.py
[2024-01-14T15:47:14.231+0200] {processor.py:840} INFO - DAG(s) 'example_skip_dag' retrieved from /home/mahmoud/airflow_env/lib/python3.10/site-packages/airflow/example_dags/example_skip_dag.py
[2024-01-14T15:47:14.246+0200] {logging_mixin.py:188} INFO - [2024-01-14T15:47:14.246+0200] {dag.py:3033} INFO - Sync 1 DAGs
[2024-01-14T15:47:14.265+0200] {logging_mixin.py:188} INFO - [2024-01-14T15:47:14.264+0200] {dag.py:3820} INFO - Setting next_dagrun for example_skip_dag to 2024-01-13T00:00:00+00:00, run_after=2024-01-14T00:00:00+00:00
[2024-01-14T15:47:14.284+0200] {processor.py:183} INFO - Processing /home/mahmoud/airflow_env/lib/python3.10/site-packages/airflow/example_dags/example_skip_dag.py took 0.064 seconds
[2024-01-14T15:47:49.160+0200] {processor.py:161} INFO - Started process (PID=28446) to work on /home/mahmoud/airflow_env/lib/python3.10/site-packages/airflow/example_dags/example_skip_dag.py
[2024-01-14T15:47:49.163+0200] {processor.py:830} INFO - Processing file /home/mahmoud/airflow_env/lib/python3.10/site-packages/airflow/example_dags/example_skip_dag.py for tasks to queue
[2024-01-14T15:47:49.164+0200] {logging_mixin.py:188} INFO - [2024-01-14T15:47:49.163+0200] {dagbag.py:538} INFO - Filling up the DagBag from /home/mahmoud/airflow_env/lib/python3.10/site-packages/airflow/example_dags/example_skip_dag.py
[2024-01-14T15:47:49.171+0200] {processor.py:840} INFO - DAG(s) 'example_skip_dag' retrieved from /home/mahmoud/airflow_env/lib/python3.10/site-packages/airflow/example_dags/example_skip_dag.py
[2024-01-14T15:47:49.186+0200] {logging_mixin.py:188} INFO - [2024-01-14T15:47:49.186+0200] {dag.py:3033} INFO - Sync 1 DAGs
[2024-01-14T15:47:49.203+0200] {logging_mixin.py:188} INFO - [2024-01-14T15:47:49.203+0200] {dag.py:3820} INFO - Setting next_dagrun for example_skip_dag to 2024-01-13T00:00:00+00:00, run_after=2024-01-14T00:00:00+00:00
[2024-01-14T15:47:49.226+0200] {processor.py:183} INFO - Processing /home/mahmoud/airflow_env/lib/python3.10/site-packages/airflow/example_dags/example_skip_dag.py took 0.070 seconds
[2024-01-14T15:48:24.688+0200] {processor.py:161} INFO - Started process (PID=28584) to work on /home/mahmoud/airflow_env/lib/python3.10/site-packages/airflow/example_dags/example_skip_dag.py
[2024-01-14T15:48:24.690+0200] {processor.py:830} INFO - Processing file /home/mahmoud/airflow_env/lib/python3.10/site-packages/airflow/example_dags/example_skip_dag.py for tasks to queue
[2024-01-14T15:48:24.691+0200] {logging_mixin.py:188} INFO - [2024-01-14T15:48:24.690+0200] {dagbag.py:538} INFO - Filling up the DagBag from /home/mahmoud/airflow_env/lib/python3.10/site-packages/airflow/example_dags/example_skip_dag.py
[2024-01-14T15:48:24.698+0200] {processor.py:840} INFO - DAG(s) 'example_skip_dag' retrieved from /home/mahmoud/airflow_env/lib/python3.10/site-packages/airflow/example_dags/example_skip_dag.py
[2024-01-14T15:48:24.713+0200] {logging_mixin.py:188} INFO - [2024-01-14T15:48:24.713+0200] {dag.py:3033} INFO - Sync 1 DAGs
[2024-01-14T15:48:24.730+0200] {logging_mixin.py:188} INFO - [2024-01-14T15:48:24.730+0200] {dag.py:3820} INFO - Setting next_dagrun for example_skip_dag to 2024-01-13T00:00:00+00:00, run_after=2024-01-14T00:00:00+00:00
[2024-01-14T15:48:24.754+0200] {processor.py:183} INFO - Processing /home/mahmoud/airflow_env/lib/python3.10/site-packages/airflow/example_dags/example_skip_dag.py took 0.070 seconds
[2024-01-14T15:49:00.290+0200] {processor.py:161} INFO - Started process (PID=28723) to work on /home/mahmoud/airflow_env/lib/python3.10/site-packages/airflow/example_dags/example_skip_dag.py
[2024-01-14T15:49:00.291+0200] {processor.py:830} INFO - Processing file /home/mahmoud/airflow_env/lib/python3.10/site-packages/airflow/example_dags/example_skip_dag.py for tasks to queue
[2024-01-14T15:49:00.292+0200] {logging_mixin.py:188} INFO - [2024-01-14T15:49:00.292+0200] {dagbag.py:538} INFO - Filling up the DagBag from /home/mahmoud/airflow_env/lib/python3.10/site-packages/airflow/example_dags/example_skip_dag.py
[2024-01-14T15:49:00.299+0200] {processor.py:840} INFO - DAG(s) 'example_skip_dag' retrieved from /home/mahmoud/airflow_env/lib/python3.10/site-packages/airflow/example_dags/example_skip_dag.py
[2024-01-14T15:49:00.314+0200] {logging_mixin.py:188} INFO - [2024-01-14T15:49:00.313+0200] {dag.py:3033} INFO - Sync 1 DAGs
[2024-01-14T15:49:00.331+0200] {logging_mixin.py:188} INFO - [2024-01-14T15:49:00.331+0200] {dag.py:3820} INFO - Setting next_dagrun for example_skip_dag to 2024-01-13T00:00:00+00:00, run_after=2024-01-14T00:00:00+00:00
[2024-01-14T15:49:00.355+0200] {processor.py:183} INFO - Processing /home/mahmoud/airflow_env/lib/python3.10/site-packages/airflow/example_dags/example_skip_dag.py took 0.068 seconds
[2024-01-14T15:49:36.812+0200] {processor.py:161} INFO - Started process (PID=28868) to work on /home/mahmoud/airflow_env/lib/python3.10/site-packages/airflow/example_dags/example_skip_dag.py
[2024-01-14T15:49:36.815+0200] {processor.py:830} INFO - Processing file /home/mahmoud/airflow_env/lib/python3.10/site-packages/airflow/example_dags/example_skip_dag.py for tasks to queue
[2024-01-14T15:49:36.816+0200] {logging_mixin.py:188} INFO - [2024-01-14T15:49:36.816+0200] {dagbag.py:538} INFO - Filling up the DagBag from /home/mahmoud/airflow_env/lib/python3.10/site-packages/airflow/example_dags/example_skip_dag.py
[2024-01-14T15:49:36.831+0200] {processor.py:840} INFO - DAG(s) 'example_skip_dag' retrieved from /home/mahmoud/airflow_env/lib/python3.10/site-packages/airflow/example_dags/example_skip_dag.py
[2024-01-14T15:49:36.854+0200] {logging_mixin.py:188} INFO - [2024-01-14T15:49:36.854+0200] {dag.py:3033} INFO - Sync 1 DAGs
[2024-01-14T15:49:36.874+0200] {logging_mixin.py:188} INFO - [2024-01-14T15:49:36.874+0200] {dag.py:3820} INFO - Setting next_dagrun for example_skip_dag to 2024-01-13T00:00:00+00:00, run_after=2024-01-14T00:00:00+00:00
[2024-01-14T15:49:36.896+0200] {processor.py:183} INFO - Processing /home/mahmoud/airflow_env/lib/python3.10/site-packages/airflow/example_dags/example_skip_dag.py took 0.093 seconds
[2024-01-14T15:50:11.238+0200] {processor.py:161} INFO - Started process (PID=29006) to work on /home/mahmoud/airflow_env/lib/python3.10/site-packages/airflow/example_dags/example_skip_dag.py
[2024-01-14T15:50:11.239+0200] {processor.py:830} INFO - Processing file /home/mahmoud/airflow_env/lib/python3.10/site-packages/airflow/example_dags/example_skip_dag.py for tasks to queue
[2024-01-14T15:50:11.240+0200] {logging_mixin.py:188} INFO - [2024-01-14T15:50:11.239+0200] {dagbag.py:538} INFO - Filling up the DagBag from /home/mahmoud/airflow_env/lib/python3.10/site-packages/airflow/example_dags/example_skip_dag.py
[2024-01-14T15:50:11.247+0200] {processor.py:840} INFO - DAG(s) 'example_skip_dag' retrieved from /home/mahmoud/airflow_env/lib/python3.10/site-packages/airflow/example_dags/example_skip_dag.py
[2024-01-14T15:50:11.263+0200] {logging_mixin.py:188} INFO - [2024-01-14T15:50:11.263+0200] {dag.py:3033} INFO - Sync 1 DAGs
[2024-01-14T15:50:11.281+0200] {logging_mixin.py:188} INFO - [2024-01-14T15:50:11.281+0200] {dag.py:3820} INFO - Setting next_dagrun for example_skip_dag to 2024-01-13T00:00:00+00:00, run_after=2024-01-14T00:00:00+00:00
[2024-01-14T15:50:11.304+0200] {processor.py:183} INFO - Processing /home/mahmoud/airflow_env/lib/python3.10/site-packages/airflow/example_dags/example_skip_dag.py took 0.070 seconds
[2024-01-14T15:50:45.805+0200] {processor.py:161} INFO - Started process (PID=29139) to work on /home/mahmoud/airflow_env/lib/python3.10/site-packages/airflow/example_dags/example_skip_dag.py
[2024-01-14T15:50:45.807+0200] {processor.py:830} INFO - Processing file /home/mahmoud/airflow_env/lib/python3.10/site-packages/airflow/example_dags/example_skip_dag.py for tasks to queue
[2024-01-14T15:50:45.808+0200] {logging_mixin.py:188} INFO - [2024-01-14T15:50:45.808+0200] {dagbag.py:538} INFO - Filling up the DagBag from /home/mahmoud/airflow_env/lib/python3.10/site-packages/airflow/example_dags/example_skip_dag.py
[2024-01-14T15:50:45.815+0200] {processor.py:840} INFO - DAG(s) 'example_skip_dag' retrieved from /home/mahmoud/airflow_env/lib/python3.10/site-packages/airflow/example_dags/example_skip_dag.py
[2024-01-14T15:50:45.830+0200] {logging_mixin.py:188} INFO - [2024-01-14T15:50:45.830+0200] {dag.py:3033} INFO - Sync 1 DAGs
[2024-01-14T15:50:45.847+0200] {logging_mixin.py:188} INFO - [2024-01-14T15:50:45.846+0200] {dag.py:3820} INFO - Setting next_dagrun for example_skip_dag to 2024-01-13T00:00:00+00:00, run_after=2024-01-14T00:00:00+00:00
[2024-01-14T15:50:45.866+0200] {processor.py:183} INFO - Processing /home/mahmoud/airflow_env/lib/python3.10/site-packages/airflow/example_dags/example_skip_dag.py took 0.064 seconds
[2024-01-14T15:51:21.226+0200] {processor.py:161} INFO - Started process (PID=29280) to work on /home/mahmoud/airflow_env/lib/python3.10/site-packages/airflow/example_dags/example_skip_dag.py
[2024-01-14T15:51:21.227+0200] {processor.py:830} INFO - Processing file /home/mahmoud/airflow_env/lib/python3.10/site-packages/airflow/example_dags/example_skip_dag.py for tasks to queue
[2024-01-14T15:51:21.228+0200] {logging_mixin.py:188} INFO - [2024-01-14T15:51:21.228+0200] {dagbag.py:538} INFO - Filling up the DagBag from /home/mahmoud/airflow_env/lib/python3.10/site-packages/airflow/example_dags/example_skip_dag.py
[2024-01-14T15:51:21.233+0200] {processor.py:840} INFO - DAG(s) 'example_skip_dag' retrieved from /home/mahmoud/airflow_env/lib/python3.10/site-packages/airflow/example_dags/example_skip_dag.py
[2024-01-14T15:51:21.246+0200] {logging_mixin.py:188} INFO - [2024-01-14T15:51:21.246+0200] {dag.py:3033} INFO - Sync 1 DAGs
[2024-01-14T15:51:21.262+0200] {logging_mixin.py:188} INFO - [2024-01-14T15:51:21.262+0200] {dag.py:3820} INFO - Setting next_dagrun for example_skip_dag to 2024-01-13T00:00:00+00:00, run_after=2024-01-14T00:00:00+00:00
[2024-01-14T15:51:21.286+0200] {processor.py:183} INFO - Processing /home/mahmoud/airflow_env/lib/python3.10/site-packages/airflow/example_dags/example_skip_dag.py took 0.062 seconds
[2024-01-14T15:51:56.173+0200] {processor.py:161} INFO - Started process (PID=29422) to work on /home/mahmoud/airflow_env/lib/python3.10/site-packages/airflow/example_dags/example_skip_dag.py
[2024-01-14T15:51:56.175+0200] {processor.py:830} INFO - Processing file /home/mahmoud/airflow_env/lib/python3.10/site-packages/airflow/example_dags/example_skip_dag.py for tasks to queue
[2024-01-14T15:51:56.176+0200] {logging_mixin.py:188} INFO - [2024-01-14T15:51:56.176+0200] {dagbag.py:538} INFO - Filling up the DagBag from /home/mahmoud/airflow_env/lib/python3.10/site-packages/airflow/example_dags/example_skip_dag.py
[2024-01-14T15:51:56.183+0200] {processor.py:840} INFO - DAG(s) 'example_skip_dag' retrieved from /home/mahmoud/airflow_env/lib/python3.10/site-packages/airflow/example_dags/example_skip_dag.py
[2024-01-14T15:51:56.197+0200] {logging_mixin.py:188} INFO - [2024-01-14T15:51:56.197+0200] {dag.py:3033} INFO - Sync 1 DAGs
[2024-01-14T15:51:56.215+0200] {logging_mixin.py:188} INFO - [2024-01-14T15:51:56.214+0200] {dag.py:3820} INFO - Setting next_dagrun for example_skip_dag to 2024-01-13T00:00:00+00:00, run_after=2024-01-14T00:00:00+00:00
[2024-01-14T15:51:56.234+0200] {processor.py:183} INFO - Processing /home/mahmoud/airflow_env/lib/python3.10/site-packages/airflow/example_dags/example_skip_dag.py took 0.063 seconds
[2024-01-14T15:52:30.542+0200] {processor.py:161} INFO - Started process (PID=29553) to work on /home/mahmoud/airflow_env/lib/python3.10/site-packages/airflow/example_dags/example_skip_dag.py
[2024-01-14T15:52:30.543+0200] {processor.py:830} INFO - Processing file /home/mahmoud/airflow_env/lib/python3.10/site-packages/airflow/example_dags/example_skip_dag.py for tasks to queue
[2024-01-14T15:52:30.543+0200] {logging_mixin.py:188} INFO - [2024-01-14T15:52:30.543+0200] {dagbag.py:538} INFO - Filling up the DagBag from /home/mahmoud/airflow_env/lib/python3.10/site-packages/airflow/example_dags/example_skip_dag.py
[2024-01-14T15:52:30.551+0200] {processor.py:840} INFO - DAG(s) 'example_skip_dag' retrieved from /home/mahmoud/airflow_env/lib/python3.10/site-packages/airflow/example_dags/example_skip_dag.py
[2024-01-14T15:52:30.567+0200] {logging_mixin.py:188} INFO - [2024-01-14T15:52:30.567+0200] {dag.py:3033} INFO - Sync 1 DAGs
[2024-01-14T15:52:30.586+0200] {logging_mixin.py:188} INFO - [2024-01-14T15:52:30.586+0200] {dag.py:3820} INFO - Setting next_dagrun for example_skip_dag to 2024-01-13T00:00:00+00:00, run_after=2024-01-14T00:00:00+00:00
[2024-01-14T15:52:30.607+0200] {processor.py:183} INFO - Processing /home/mahmoud/airflow_env/lib/python3.10/site-packages/airflow/example_dags/example_skip_dag.py took 0.069 seconds
[2024-01-14T15:53:03.135+0200] {processor.py:161} INFO - Started process (PID=29712) to work on /home/mahmoud/airflow_env/lib/python3.10/site-packages/airflow/example_dags/example_skip_dag.py
[2024-01-14T15:53:03.137+0200] {processor.py:830} INFO - Processing file /home/mahmoud/airflow_env/lib/python3.10/site-packages/airflow/example_dags/example_skip_dag.py for tasks to queue
[2024-01-14T15:53:03.138+0200] {logging_mixin.py:188} INFO - [2024-01-14T15:53:03.138+0200] {dagbag.py:538} INFO - Filling up the DagBag from /home/mahmoud/airflow_env/lib/python3.10/site-packages/airflow/example_dags/example_skip_dag.py
[2024-01-14T15:53:03.145+0200] {processor.py:840} INFO - DAG(s) 'example_skip_dag' retrieved from /home/mahmoud/airflow_env/lib/python3.10/site-packages/airflow/example_dags/example_skip_dag.py
[2024-01-14T15:53:03.160+0200] {logging_mixin.py:188} INFO - [2024-01-14T15:53:03.159+0200] {dag.py:3033} INFO - Sync 1 DAGs
[2024-01-14T15:53:03.177+0200] {logging_mixin.py:188} INFO - [2024-01-14T15:53:03.177+0200] {dag.py:3820} INFO - Setting next_dagrun for example_skip_dag to 2024-01-13T00:00:00+00:00, run_after=2024-01-14T00:00:00+00:00
[2024-01-14T15:53:03.197+0200] {processor.py:183} INFO - Processing /home/mahmoud/airflow_env/lib/python3.10/site-packages/airflow/example_dags/example_skip_dag.py took 0.065 seconds
[2024-01-14T15:53:38.597+0200] {processor.py:161} INFO - Started process (PID=29858) to work on /home/mahmoud/airflow_env/lib/python3.10/site-packages/airflow/example_dags/example_skip_dag.py
[2024-01-14T15:53:38.598+0200] {processor.py:830} INFO - Processing file /home/mahmoud/airflow_env/lib/python3.10/site-packages/airflow/example_dags/example_skip_dag.py for tasks to queue
[2024-01-14T15:53:38.599+0200] {logging_mixin.py:188} INFO - [2024-01-14T15:53:38.599+0200] {dagbag.py:538} INFO - Filling up the DagBag from /home/mahmoud/airflow_env/lib/python3.10/site-packages/airflow/example_dags/example_skip_dag.py
[2024-01-14T15:53:38.606+0200] {processor.py:840} INFO - DAG(s) 'example_skip_dag' retrieved from /home/mahmoud/airflow_env/lib/python3.10/site-packages/airflow/example_dags/example_skip_dag.py
[2024-01-14T15:53:38.622+0200] {logging_mixin.py:188} INFO - [2024-01-14T15:53:38.622+0200] {dag.py:3033} INFO - Sync 1 DAGs
[2024-01-14T15:53:38.640+0200] {logging_mixin.py:188} INFO - [2024-01-14T15:53:38.639+0200] {dag.py:3820} INFO - Setting next_dagrun for example_skip_dag to 2024-01-13T00:00:00+00:00, run_after=2024-01-14T00:00:00+00:00
[2024-01-14T15:53:38.661+0200] {processor.py:183} INFO - Processing /home/mahmoud/airflow_env/lib/python3.10/site-packages/airflow/example_dags/example_skip_dag.py took 0.068 seconds
[2024-01-14T15:54:32.704+0200] {processor.py:161} INFO - Started process (PID=30041) to work on /home/mahmoud/airflow_env/lib/python3.10/site-packages/airflow/example_dags/example_skip_dag.py
[2024-01-14T15:54:32.707+0200] {processor.py:830} INFO - Processing file /home/mahmoud/airflow_env/lib/python3.10/site-packages/airflow/example_dags/example_skip_dag.py for tasks to queue
[2024-01-14T15:54:32.709+0200] {logging_mixin.py:188} INFO - [2024-01-14T15:54:32.708+0200] {dagbag.py:538} INFO - Filling up the DagBag from /home/mahmoud/airflow_env/lib/python3.10/site-packages/airflow/example_dags/example_skip_dag.py
[2024-01-14T15:54:32.729+0200] {processor.py:840} INFO - DAG(s) 'example_skip_dag' retrieved from /home/mahmoud/airflow_env/lib/python3.10/site-packages/airflow/example_dags/example_skip_dag.py
[2024-01-14T15:54:32.779+0200] {logging_mixin.py:188} INFO - [2024-01-14T15:54:32.779+0200] {dag.py:3033} INFO - Sync 1 DAGs
[2024-01-14T15:54:32.843+0200] {logging_mixin.py:188} INFO - [2024-01-14T15:54:32.843+0200] {dag.py:3820} INFO - Setting next_dagrun for example_skip_dag to 2024-01-13T00:00:00+00:00, run_after=2024-01-14T00:00:00+00:00
[2024-01-14T15:54:32.903+0200] {processor.py:183} INFO - Processing /home/mahmoud/airflow_env/lib/python3.10/site-packages/airflow/example_dags/example_skip_dag.py took 0.208 seconds
[2024-01-14T15:55:13.457+0200] {processor.py:161} INFO - Started process (PID=30183) to work on /home/mahmoud/airflow_env/lib/python3.10/site-packages/airflow/example_dags/example_skip_dag.py
[2024-01-14T15:55:13.460+0200] {processor.py:830} INFO - Processing file /home/mahmoud/airflow_env/lib/python3.10/site-packages/airflow/example_dags/example_skip_dag.py for tasks to queue
[2024-01-14T15:55:13.463+0200] {logging_mixin.py:188} INFO - [2024-01-14T15:55:13.462+0200] {dagbag.py:538} INFO - Filling up the DagBag from /home/mahmoud/airflow_env/lib/python3.10/site-packages/airflow/example_dags/example_skip_dag.py
[2024-01-14T15:55:13.487+0200] {processor.py:840} INFO - DAG(s) 'example_skip_dag' retrieved from /home/mahmoud/airflow_env/lib/python3.10/site-packages/airflow/example_dags/example_skip_dag.py
[2024-01-14T15:55:13.540+0200] {logging_mixin.py:188} INFO - [2024-01-14T15:55:13.540+0200] {dag.py:3033} INFO - Sync 1 DAGs
[2024-01-14T15:55:13.604+0200] {logging_mixin.py:188} INFO - [2024-01-14T15:55:13.604+0200] {dag.py:3820} INFO - Setting next_dagrun for example_skip_dag to 2024-01-13T00:00:00+00:00, run_after=2024-01-14T00:00:00+00:00
[2024-01-14T15:55:13.671+0200] {processor.py:183} INFO - Processing /home/mahmoud/airflow_env/lib/python3.10/site-packages/airflow/example_dags/example_skip_dag.py took 0.224 seconds
[2024-01-14T15:56:14.897+0200] {processor.py:161} INFO - Started process (PID=30395) to work on /home/mahmoud/airflow_env/lib/python3.10/site-packages/airflow/example_dags/example_skip_dag.py
[2024-01-14T15:56:14.901+0200] {processor.py:830} INFO - Processing file /home/mahmoud/airflow_env/lib/python3.10/site-packages/airflow/example_dags/example_skip_dag.py for tasks to queue
[2024-01-14T15:56:14.903+0200] {logging_mixin.py:188} INFO - [2024-01-14T15:56:14.902+0200] {dagbag.py:538} INFO - Filling up the DagBag from /home/mahmoud/airflow_env/lib/python3.10/site-packages/airflow/example_dags/example_skip_dag.py
[2024-01-14T15:56:14.925+0200] {processor.py:840} INFO - DAG(s) 'example_skip_dag' retrieved from /home/mahmoud/airflow_env/lib/python3.10/site-packages/airflow/example_dags/example_skip_dag.py
[2024-01-14T15:56:14.972+0200] {logging_mixin.py:188} INFO - [2024-01-14T15:56:14.971+0200] {dag.py:3033} INFO - Sync 1 DAGs
[2024-01-14T15:56:15.030+0200] {logging_mixin.py:188} INFO - [2024-01-14T15:56:15.030+0200] {dag.py:3820} INFO - Setting next_dagrun for example_skip_dag to 2024-01-13T00:00:00+00:00, run_after=2024-01-14T00:00:00+00:00
[2024-01-14T15:56:15.090+0200] {processor.py:183} INFO - Processing /home/mahmoud/airflow_env/lib/python3.10/site-packages/airflow/example_dags/example_skip_dag.py took 0.203 seconds
[2024-01-14T15:57:12.558+0200] {processor.py:161} INFO - Started process (PID=30600) to work on /home/mahmoud/airflow_env/lib/python3.10/site-packages/airflow/example_dags/example_skip_dag.py
[2024-01-14T15:57:12.562+0200] {processor.py:830} INFO - Processing file /home/mahmoud/airflow_env/lib/python3.10/site-packages/airflow/example_dags/example_skip_dag.py for tasks to queue
[2024-01-14T15:57:12.564+0200] {logging_mixin.py:188} INFO - [2024-01-14T15:57:12.563+0200] {dagbag.py:538} INFO - Filling up the DagBag from /home/mahmoud/airflow_env/lib/python3.10/site-packages/airflow/example_dags/example_skip_dag.py
[2024-01-14T15:57:12.586+0200] {processor.py:840} INFO - DAG(s) 'example_skip_dag' retrieved from /home/mahmoud/airflow_env/lib/python3.10/site-packages/airflow/example_dags/example_skip_dag.py
[2024-01-14T15:57:12.632+0200] {logging_mixin.py:188} INFO - [2024-01-14T15:57:12.631+0200] {dag.py:3033} INFO - Sync 1 DAGs
[2024-01-14T15:57:12.690+0200] {logging_mixin.py:188} INFO - [2024-01-14T15:57:12.689+0200] {dag.py:3820} INFO - Setting next_dagrun for example_skip_dag to 2024-01-13T00:00:00+00:00, run_after=2024-01-14T00:00:00+00:00
[2024-01-14T15:57:12.748+0200] {processor.py:183} INFO - Processing /home/mahmoud/airflow_env/lib/python3.10/site-packages/airflow/example_dags/example_skip_dag.py took 0.199 seconds
[2024-01-14T15:58:03.485+0200] {processor.py:161} INFO - Started process (PID=30836) to work on /home/mahmoud/airflow_env/lib/python3.10/site-packages/airflow/example_dags/example_skip_dag.py
[2024-01-14T15:58:03.488+0200] {processor.py:830} INFO - Processing file /home/mahmoud/airflow_env/lib/python3.10/site-packages/airflow/example_dags/example_skip_dag.py for tasks to queue
[2024-01-14T15:58:03.489+0200] {logging_mixin.py:188} INFO - [2024-01-14T15:58:03.488+0200] {dagbag.py:538} INFO - Filling up the DagBag from /home/mahmoud/airflow_env/lib/python3.10/site-packages/airflow/example_dags/example_skip_dag.py
[2024-01-14T15:58:03.499+0200] {processor.py:840} INFO - DAG(s) 'example_skip_dag' retrieved from /home/mahmoud/airflow_env/lib/python3.10/site-packages/airflow/example_dags/example_skip_dag.py
[2024-01-14T15:58:03.517+0200] {logging_mixin.py:188} INFO - [2024-01-14T15:58:03.516+0200] {dag.py:3033} INFO - Sync 1 DAGs
[2024-01-14T15:58:03.534+0200] {logging_mixin.py:188} INFO - [2024-01-14T15:58:03.534+0200] {dag.py:3820} INFO - Setting next_dagrun for example_skip_dag to 2024-01-13T00:00:00+00:00, run_after=2024-01-14T00:00:00+00:00
[2024-01-14T15:58:03.556+0200] {processor.py:183} INFO - Processing /home/mahmoud/airflow_env/lib/python3.10/site-packages/airflow/example_dags/example_skip_dag.py took 0.078 seconds
