[2024-01-14T15:08:33.220+0200] {processor.py:161} INFO - Started process (PID=16172) to work on /home/mahmoud/airflow_env/lib/python3.10/site-packages/airflow/example_dags/example_python_operator.py
[2024-01-14T15:08:33.221+0200] {processor.py:830} INFO - Processing file /home/mahmoud/airflow_env/lib/python3.10/site-packages/airflow/example_dags/example_python_operator.py for tasks to queue
[2024-01-14T15:08:33.223+0200] {logging_mixin.py:188} INFO - [2024-01-14T15:08:33.223+0200] {dagbag.py:538} INFO - Filling up the DagBag from /home/mahmoud/airflow_env/lib/python3.10/site-packages/airflow/example_dags/example_python_operator.py
[2024-01-14T15:08:33.243+0200] {processor.py:840} INFO - DAG(s) 'example_python_operator' retrieved from /home/mahmoud/airflow_env/lib/python3.10/site-packages/airflow/example_dags/example_python_operator.py
[2024-01-14T15:08:33.407+0200] {logging_mixin.py:188} INFO - [2024-01-14T15:08:33.407+0200] {override.py:1769} INFO - Created Permission View: can edit on DAG:example_python_operator
[2024-01-14T15:08:33.419+0200] {logging_mixin.py:188} INFO - [2024-01-14T15:08:33.419+0200] {override.py:1769} INFO - Created Permission View: can delete on DAG:example_python_operator
[2024-01-14T15:08:33.432+0200] {logging_mixin.py:188} INFO - [2024-01-14T15:08:33.431+0200] {override.py:1769} INFO - Created Permission View: can read on DAG:example_python_operator
[2024-01-14T15:08:33.432+0200] {logging_mixin.py:188} INFO - [2024-01-14T15:08:33.432+0200] {dag.py:3033} INFO - Sync 1 DAGs
[2024-01-14T15:08:33.440+0200] {logging_mixin.py:188} INFO - [2024-01-14T15:08:33.439+0200] {dag.py:3055} INFO - Creating ORM DAG for example_python_operator
[2024-01-14T15:08:33.440+0200] {logging_mixin.py:188} INFO - [2024-01-14T15:08:33.440+0200] {dag.py:3820} INFO - Setting next_dagrun for example_python_operator to None, run_after=None
[2024-01-14T15:08:33.461+0200] {processor.py:183} INFO - Processing /home/mahmoud/airflow_env/lib/python3.10/site-packages/airflow/example_dags/example_python_operator.py took 0.248 seconds
[2024-01-14T15:09:23.455+0200] {processor.py:161} INFO - Started process (PID=16521) to work on /home/mahmoud/airflow_env/lib/python3.10/site-packages/airflow/example_dags/example_python_operator.py
[2024-01-14T15:09:23.457+0200] {processor.py:830} INFO - Processing file /home/mahmoud/airflow_env/lib/python3.10/site-packages/airflow/example_dags/example_python_operator.py for tasks to queue
[2024-01-14T15:09:23.458+0200] {logging_mixin.py:188} INFO - [2024-01-14T15:09:23.457+0200] {dagbag.py:538} INFO - Filling up the DagBag from /home/mahmoud/airflow_env/lib/python3.10/site-packages/airflow/example_dags/example_python_operator.py
[2024-01-14T15:09:23.471+0200] {processor.py:840} INFO - DAG(s) 'example_python_operator' retrieved from /home/mahmoud/airflow_env/lib/python3.10/site-packages/airflow/example_dags/example_python_operator.py
[2024-01-14T15:09:23.486+0200] {logging_mixin.py:188} INFO - [2024-01-14T15:09:23.486+0200] {dag.py:3033} INFO - Sync 1 DAGs
[2024-01-14T15:09:23.497+0200] {logging_mixin.py:188} INFO - [2024-01-14T15:09:23.497+0200] {dag.py:3820} INFO - Setting next_dagrun for example_python_operator to None, run_after=None
[2024-01-14T15:09:23.520+0200] {processor.py:183} INFO - Processing /home/mahmoud/airflow_env/lib/python3.10/site-packages/airflow/example_dags/example_python_operator.py took 0.069 seconds
[2024-01-14T15:10:12.007+0200] {processor.py:161} INFO - Started process (PID=16719) to work on /home/mahmoud/airflow_env/lib/python3.10/site-packages/airflow/example_dags/example_python_operator.py
[2024-01-14T15:10:12.009+0200] {processor.py:830} INFO - Processing file /home/mahmoud/airflow_env/lib/python3.10/site-packages/airflow/example_dags/example_python_operator.py for tasks to queue
[2024-01-14T15:10:12.011+0200] {logging_mixin.py:188} INFO - [2024-01-14T15:10:12.010+0200] {dagbag.py:538} INFO - Filling up the DagBag from /home/mahmoud/airflow_env/lib/python3.10/site-packages/airflow/example_dags/example_python_operator.py
[2024-01-14T15:10:12.025+0200] {processor.py:840} INFO - DAG(s) 'example_python_operator' retrieved from /home/mahmoud/airflow_env/lib/python3.10/site-packages/airflow/example_dags/example_python_operator.py
[2024-01-14T15:10:12.042+0200] {logging_mixin.py:188} INFO - [2024-01-14T15:10:12.041+0200] {dag.py:3033} INFO - Sync 1 DAGs
[2024-01-14T15:10:12.052+0200] {logging_mixin.py:188} INFO - [2024-01-14T15:10:12.052+0200] {dag.py:3820} INFO - Setting next_dagrun for example_python_operator to None, run_after=None
[2024-01-14T15:10:12.074+0200] {processor.py:183} INFO - Processing /home/mahmoud/airflow_env/lib/python3.10/site-packages/airflow/example_dags/example_python_operator.py took 0.074 seconds
[2024-01-14T15:11:10.243+0200] {processor.py:161} INFO - Started process (PID=16952) to work on /home/mahmoud/airflow_env/lib/python3.10/site-packages/airflow/example_dags/example_python_operator.py
[2024-01-14T15:11:10.246+0200] {processor.py:830} INFO - Processing file /home/mahmoud/airflow_env/lib/python3.10/site-packages/airflow/example_dags/example_python_operator.py for tasks to queue
[2024-01-14T15:11:10.247+0200] {logging_mixin.py:188} INFO - [2024-01-14T15:11:10.246+0200] {dagbag.py:538} INFO - Filling up the DagBag from /home/mahmoud/airflow_env/lib/python3.10/site-packages/airflow/example_dags/example_python_operator.py
[2024-01-14T15:11:10.259+0200] {processor.py:840} INFO - DAG(s) 'example_python_operator' retrieved from /home/mahmoud/airflow_env/lib/python3.10/site-packages/airflow/example_dags/example_python_operator.py
[2024-01-14T15:11:10.275+0200] {logging_mixin.py:188} INFO - [2024-01-14T15:11:10.275+0200] {dag.py:3033} INFO - Sync 1 DAGs
[2024-01-14T15:11:10.285+0200] {logging_mixin.py:188} INFO - [2024-01-14T15:11:10.285+0200] {dag.py:3820} INFO - Setting next_dagrun for example_python_operator to None, run_after=None
[2024-01-14T15:11:10.310+0200] {processor.py:183} INFO - Processing /home/mahmoud/airflow_env/lib/python3.10/site-packages/airflow/example_dags/example_python_operator.py took 0.071 seconds
[2024-01-14T15:12:05.859+0200] {processor.py:161} INFO - Started process (PID=17213) to work on /home/mahmoud/airflow_env/lib/python3.10/site-packages/airflow/example_dags/example_python_operator.py
[2024-01-14T15:12:05.861+0200] {processor.py:830} INFO - Processing file /home/mahmoud/airflow_env/lib/python3.10/site-packages/airflow/example_dags/example_python_operator.py for tasks to queue
[2024-01-14T15:12:05.862+0200] {logging_mixin.py:188} INFO - [2024-01-14T15:12:05.862+0200] {dagbag.py:538} INFO - Filling up the DagBag from /home/mahmoud/airflow_env/lib/python3.10/site-packages/airflow/example_dags/example_python_operator.py
[2024-01-14T15:12:05.876+0200] {processor.py:840} INFO - DAG(s) 'example_python_operator' retrieved from /home/mahmoud/airflow_env/lib/python3.10/site-packages/airflow/example_dags/example_python_operator.py
[2024-01-14T15:12:05.894+0200] {logging_mixin.py:188} INFO - [2024-01-14T15:12:05.894+0200] {dag.py:3033} INFO - Sync 1 DAGs
[2024-01-14T15:12:05.904+0200] {logging_mixin.py:188} INFO - [2024-01-14T15:12:05.904+0200] {dag.py:3820} INFO - Setting next_dagrun for example_python_operator to None, run_after=None
[2024-01-14T15:12:05.928+0200] {processor.py:183} INFO - Processing /home/mahmoud/airflow_env/lib/python3.10/site-packages/airflow/example_dags/example_python_operator.py took 0.074 seconds
[2024-01-14T15:12:59.791+0200] {processor.py:161} INFO - Started process (PID=17423) to work on /home/mahmoud/airflow_env/lib/python3.10/site-packages/airflow/example_dags/example_python_operator.py
[2024-01-14T15:12:59.793+0200] {processor.py:830} INFO - Processing file /home/mahmoud/airflow_env/lib/python3.10/site-packages/airflow/example_dags/example_python_operator.py for tasks to queue
[2024-01-14T15:12:59.794+0200] {logging_mixin.py:188} INFO - [2024-01-14T15:12:59.794+0200] {dagbag.py:538} INFO - Filling up the DagBag from /home/mahmoud/airflow_env/lib/python3.10/site-packages/airflow/example_dags/example_python_operator.py
[2024-01-14T15:12:59.810+0200] {processor.py:840} INFO - DAG(s) 'example_python_operator' retrieved from /home/mahmoud/airflow_env/lib/python3.10/site-packages/airflow/example_dags/example_python_operator.py
[2024-01-14T15:12:59.827+0200] {logging_mixin.py:188} INFO - [2024-01-14T15:12:59.827+0200] {dag.py:3033} INFO - Sync 1 DAGs
[2024-01-14T15:12:59.837+0200] {logging_mixin.py:188} INFO - [2024-01-14T15:12:59.837+0200] {dag.py:3820} INFO - Setting next_dagrun for example_python_operator to None, run_after=None
[2024-01-14T15:12:59.859+0200] {processor.py:183} INFO - Processing /home/mahmoud/airflow_env/lib/python3.10/site-packages/airflow/example_dags/example_python_operator.py took 0.074 seconds
[2024-01-14T15:13:53.548+0200] {processor.py:161} INFO - Started process (PID=17689) to work on /home/mahmoud/airflow_env/lib/python3.10/site-packages/airflow/example_dags/example_python_operator.py
[2024-01-14T15:13:53.549+0200] {processor.py:830} INFO - Processing file /home/mahmoud/airflow_env/lib/python3.10/site-packages/airflow/example_dags/example_python_operator.py for tasks to queue
[2024-01-14T15:13:53.550+0200] {logging_mixin.py:188} INFO - [2024-01-14T15:13:53.550+0200] {dagbag.py:538} INFO - Filling up the DagBag from /home/mahmoud/airflow_env/lib/python3.10/site-packages/airflow/example_dags/example_python_operator.py
[2024-01-14T15:13:53.558+0200] {processor.py:840} INFO - DAG(s) 'example_python_operator' retrieved from /home/mahmoud/airflow_env/lib/python3.10/site-packages/airflow/example_dags/example_python_operator.py
[2024-01-14T15:13:53.572+0200] {logging_mixin.py:188} INFO - [2024-01-14T15:13:53.571+0200] {dag.py:3033} INFO - Sync 1 DAGs
[2024-01-14T15:13:53.582+0200] {logging_mixin.py:188} INFO - [2024-01-14T15:13:53.581+0200] {dag.py:3820} INFO - Setting next_dagrun for example_python_operator to None, run_after=None
[2024-01-14T15:13:53.605+0200] {processor.py:183} INFO - Processing /home/mahmoud/airflow_env/lib/python3.10/site-packages/airflow/example_dags/example_python_operator.py took 0.059 seconds
[2024-01-14T15:20:20.734+0200] {processor.py:161} INFO - Started process (PID=19543) to work on /home/mahmoud/airflow_env/lib/python3.10/site-packages/airflow/example_dags/example_python_operator.py
[2024-01-14T15:20:20.736+0200] {processor.py:830} INFO - Processing file /home/mahmoud/airflow_env/lib/python3.10/site-packages/airflow/example_dags/example_python_operator.py for tasks to queue
[2024-01-14T15:20:20.737+0200] {logging_mixin.py:188} INFO - [2024-01-14T15:20:20.737+0200] {dagbag.py:538} INFO - Filling up the DagBag from /home/mahmoud/airflow_env/lib/python3.10/site-packages/airflow/example_dags/example_python_operator.py
[2024-01-14T15:20:20.751+0200] {processor.py:840} INFO - DAG(s) 'example_python_operator' retrieved from /home/mahmoud/airflow_env/lib/python3.10/site-packages/airflow/example_dags/example_python_operator.py
[2024-01-14T15:20:20.906+0200] {logging_mixin.py:188} INFO - [2024-01-14T15:20:20.906+0200] {dag.py:3033} INFO - Sync 1 DAGs
[2024-01-14T15:20:20.912+0200] {logging_mixin.py:188} INFO - [2024-01-14T15:20:20.912+0200] {dag.py:3820} INFO - Setting next_dagrun for example_python_operator to None, run_after=None
[2024-01-14T15:20:20.931+0200] {processor.py:183} INFO - Processing /home/mahmoud/airflow_env/lib/python3.10/site-packages/airflow/example_dags/example_python_operator.py took 0.203 seconds
[2024-01-14T15:21:10.799+0200] {processor.py:161} INFO - Started process (PID=19736) to work on /home/mahmoud/airflow_env/lib/python3.10/site-packages/airflow/example_dags/example_python_operator.py
[2024-01-14T15:21:10.801+0200] {processor.py:830} INFO - Processing file /home/mahmoud/airflow_env/lib/python3.10/site-packages/airflow/example_dags/example_python_operator.py for tasks to queue
[2024-01-14T15:21:10.802+0200] {logging_mixin.py:188} INFO - [2024-01-14T15:21:10.802+0200] {dagbag.py:538} INFO - Filling up the DagBag from /home/mahmoud/airflow_env/lib/python3.10/site-packages/airflow/example_dags/example_python_operator.py
[2024-01-14T15:21:10.812+0200] {processor.py:840} INFO - DAG(s) 'example_python_operator' retrieved from /home/mahmoud/airflow_env/lib/python3.10/site-packages/airflow/example_dags/example_python_operator.py
[2024-01-14T15:21:10.825+0200] {logging_mixin.py:188} INFO - [2024-01-14T15:21:10.824+0200] {dag.py:3033} INFO - Sync 1 DAGs
[2024-01-14T15:21:10.834+0200] {logging_mixin.py:188} INFO - [2024-01-14T15:21:10.833+0200] {dag.py:3820} INFO - Setting next_dagrun for example_python_operator to None, run_after=None
[2024-01-14T15:21:10.858+0200] {processor.py:183} INFO - Processing /home/mahmoud/airflow_env/lib/python3.10/site-packages/airflow/example_dags/example_python_operator.py took 0.062 seconds
[2024-01-14T15:22:00.132+0200] {processor.py:161} INFO - Started process (PID=19929) to work on /home/mahmoud/airflow_env/lib/python3.10/site-packages/airflow/example_dags/example_python_operator.py
[2024-01-14T15:22:00.135+0200] {processor.py:830} INFO - Processing file /home/mahmoud/airflow_env/lib/python3.10/site-packages/airflow/example_dags/example_python_operator.py for tasks to queue
[2024-01-14T15:22:00.137+0200] {logging_mixin.py:188} INFO - [2024-01-14T15:22:00.136+0200] {dagbag.py:538} INFO - Filling up the DagBag from /home/mahmoud/airflow_env/lib/python3.10/site-packages/airflow/example_dags/example_python_operator.py
[2024-01-14T15:22:00.153+0200] {processor.py:840} INFO - DAG(s) 'example_python_operator' retrieved from /home/mahmoud/airflow_env/lib/python3.10/site-packages/airflow/example_dags/example_python_operator.py
[2024-01-14T15:22:00.171+0200] {logging_mixin.py:188} INFO - [2024-01-14T15:22:00.171+0200] {dag.py:3033} INFO - Sync 1 DAGs
[2024-01-14T15:22:00.182+0200] {logging_mixin.py:188} INFO - [2024-01-14T15:22:00.182+0200] {dag.py:3820} INFO - Setting next_dagrun for example_python_operator to None, run_after=None
[2024-01-14T15:22:00.205+0200] {processor.py:183} INFO - Processing /home/mahmoud/airflow_env/lib/python3.10/site-packages/airflow/example_dags/example_python_operator.py took 0.080 seconds
[2024-01-14T15:38:12.977+0200] {processor.py:161} INFO - Started process (PID=24636) to work on /home/mahmoud/airflow_env/lib/python3.10/site-packages/airflow/example_dags/example_python_operator.py
[2024-01-14T15:38:12.978+0200] {processor.py:830} INFO - Processing file /home/mahmoud/airflow_env/lib/python3.10/site-packages/airflow/example_dags/example_python_operator.py for tasks to queue
[2024-01-14T15:38:12.979+0200] {logging_mixin.py:188} INFO - [2024-01-14T15:38:12.979+0200] {dagbag.py:538} INFO - Filling up the DagBag from /home/mahmoud/airflow_env/lib/python3.10/site-packages/airflow/example_dags/example_python_operator.py
[2024-01-14T15:38:12.989+0200] {processor.py:840} INFO - DAG(s) 'example_python_operator' retrieved from /home/mahmoud/airflow_env/lib/python3.10/site-packages/airflow/example_dags/example_python_operator.py
[2024-01-14T15:38:13.140+0200] {logging_mixin.py:188} INFO - [2024-01-14T15:38:13.140+0200] {dag.py:3033} INFO - Sync 1 DAGs
[2024-01-14T15:38:13.146+0200] {logging_mixin.py:188} INFO - [2024-01-14T15:38:13.146+0200] {dag.py:3820} INFO - Setting next_dagrun for example_python_operator to None, run_after=None
[2024-01-14T15:38:13.168+0200] {processor.py:183} INFO - Processing /home/mahmoud/airflow_env/lib/python3.10/site-packages/airflow/example_dags/example_python_operator.py took 0.194 seconds
[2024-01-14T15:39:02.090+0200] {processor.py:161} INFO - Started process (PID=25036) to work on /home/mahmoud/airflow_env/lib/python3.10/site-packages/airflow/example_dags/example_python_operator.py
[2024-01-14T15:39:02.091+0200] {processor.py:830} INFO - Processing file /home/mahmoud/airflow_env/lib/python3.10/site-packages/airflow/example_dags/example_python_operator.py for tasks to queue
[2024-01-14T15:39:02.092+0200] {logging_mixin.py:188} INFO - [2024-01-14T15:39:02.092+0200] {dagbag.py:538} INFO - Filling up the DagBag from /home/mahmoud/airflow_env/lib/python3.10/site-packages/airflow/example_dags/example_python_operator.py
[2024-01-14T15:39:02.101+0200] {processor.py:840} INFO - DAG(s) 'example_python_operator' retrieved from /home/mahmoud/airflow_env/lib/python3.10/site-packages/airflow/example_dags/example_python_operator.py
[2024-01-14T15:39:02.115+0200] {logging_mixin.py:188} INFO - [2024-01-14T15:39:02.115+0200] {dag.py:3033} INFO - Sync 1 DAGs
[2024-01-14T15:39:02.127+0200] {logging_mixin.py:188} INFO - [2024-01-14T15:39:02.127+0200] {dag.py:3820} INFO - Setting next_dagrun for example_python_operator to None, run_after=None
[2024-01-14T15:39:02.152+0200] {processor.py:183} INFO - Processing /home/mahmoud/airflow_env/lib/python3.10/site-packages/airflow/example_dags/example_python_operator.py took 0.065 seconds
[2024-01-14T15:39:52.024+0200] {processor.py:161} INFO - Started process (PID=25263) to work on /home/mahmoud/airflow_env/lib/python3.10/site-packages/airflow/example_dags/example_python_operator.py
[2024-01-14T15:39:52.027+0200] {processor.py:830} INFO - Processing file /home/mahmoud/airflow_env/lib/python3.10/site-packages/airflow/example_dags/example_python_operator.py for tasks to queue
[2024-01-14T15:39:52.028+0200] {logging_mixin.py:188} INFO - [2024-01-14T15:39:52.028+0200] {dagbag.py:538} INFO - Filling up the DagBag from /home/mahmoud/airflow_env/lib/python3.10/site-packages/airflow/example_dags/example_python_operator.py
[2024-01-14T15:39:52.042+0200] {processor.py:840} INFO - DAG(s) 'example_python_operator' retrieved from /home/mahmoud/airflow_env/lib/python3.10/site-packages/airflow/example_dags/example_python_operator.py
[2024-01-14T15:39:52.059+0200] {logging_mixin.py:188} INFO - [2024-01-14T15:39:52.059+0200] {dag.py:3033} INFO - Sync 1 DAGs
[2024-01-14T15:39:52.072+0200] {logging_mixin.py:188} INFO - [2024-01-14T15:39:52.072+0200] {dag.py:3820} INFO - Setting next_dagrun for example_python_operator to None, run_after=None
[2024-01-14T15:39:52.096+0200] {processor.py:183} INFO - Processing /home/mahmoud/airflow_env/lib/python3.10/site-packages/airflow/example_dags/example_python_operator.py took 0.077 seconds
[2024-01-14T15:40:49.580+0200] {processor.py:161} INFO - Started process (PID=25488) to work on /home/mahmoud/airflow_env/lib/python3.10/site-packages/airflow/example_dags/example_python_operator.py
[2024-01-14T15:40:49.581+0200] {processor.py:830} INFO - Processing file /home/mahmoud/airflow_env/lib/python3.10/site-packages/airflow/example_dags/example_python_operator.py for tasks to queue
[2024-01-14T15:40:49.582+0200] {logging_mixin.py:188} INFO - [2024-01-14T15:40:49.582+0200] {dagbag.py:538} INFO - Filling up the DagBag from /home/mahmoud/airflow_env/lib/python3.10/site-packages/airflow/example_dags/example_python_operator.py
[2024-01-14T15:40:49.591+0200] {processor.py:840} INFO - DAG(s) 'example_python_operator' retrieved from /home/mahmoud/airflow_env/lib/python3.10/site-packages/airflow/example_dags/example_python_operator.py
[2024-01-14T15:40:49.605+0200] {logging_mixin.py:188} INFO - [2024-01-14T15:40:49.605+0200] {dag.py:3033} INFO - Sync 1 DAGs
[2024-01-14T15:40:49.615+0200] {logging_mixin.py:188} INFO - [2024-01-14T15:40:49.615+0200] {dag.py:3820} INFO - Setting next_dagrun for example_python_operator to None, run_after=None
[2024-01-14T15:40:49.642+0200] {processor.py:183} INFO - Processing /home/mahmoud/airflow_env/lib/python3.10/site-packages/airflow/example_dags/example_python_operator.py took 0.064 seconds
[2024-01-14T15:41:40.063+0200] {processor.py:161} INFO - Started process (PID=25748) to work on /home/mahmoud/airflow_env/lib/python3.10/site-packages/airflow/example_dags/example_python_operator.py
[2024-01-14T15:41:40.065+0200] {processor.py:830} INFO - Processing file /home/mahmoud/airflow_env/lib/python3.10/site-packages/airflow/example_dags/example_python_operator.py for tasks to queue
[2024-01-14T15:41:40.066+0200] {logging_mixin.py:188} INFO - [2024-01-14T15:41:40.066+0200] {dagbag.py:538} INFO - Filling up the DagBag from /home/mahmoud/airflow_env/lib/python3.10/site-packages/airflow/example_dags/example_python_operator.py
[2024-01-14T15:41:40.078+0200] {processor.py:840} INFO - DAG(s) 'example_python_operator' retrieved from /home/mahmoud/airflow_env/lib/python3.10/site-packages/airflow/example_dags/example_python_operator.py
[2024-01-14T15:41:40.093+0200] {logging_mixin.py:188} INFO - [2024-01-14T15:41:40.093+0200] {dag.py:3033} INFO - Sync 1 DAGs
[2024-01-14T15:41:40.104+0200] {logging_mixin.py:188} INFO - [2024-01-14T15:41:40.103+0200] {dag.py:3820} INFO - Setting next_dagrun for example_python_operator to None, run_after=None
[2024-01-14T15:41:40.128+0200] {processor.py:183} INFO - Processing /home/mahmoud/airflow_env/lib/python3.10/site-packages/airflow/example_dags/example_python_operator.py took 0.069 seconds
[2024-01-14T15:42:33.382+0200] {processor.py:161} INFO - Started process (PID=26022) to work on /home/mahmoud/airflow_env/lib/python3.10/site-packages/airflow/example_dags/example_python_operator.py
[2024-01-14T15:42:33.384+0200] {processor.py:830} INFO - Processing file /home/mahmoud/airflow_env/lib/python3.10/site-packages/airflow/example_dags/example_python_operator.py for tasks to queue
[2024-01-14T15:42:33.385+0200] {logging_mixin.py:188} INFO - [2024-01-14T15:42:33.384+0200] {dagbag.py:538} INFO - Filling up the DagBag from /home/mahmoud/airflow_env/lib/python3.10/site-packages/airflow/example_dags/example_python_operator.py
[2024-01-14T15:42:33.395+0200] {processor.py:840} INFO - DAG(s) 'example_python_operator' retrieved from /home/mahmoud/airflow_env/lib/python3.10/site-packages/airflow/example_dags/example_python_operator.py
[2024-01-14T15:42:33.410+0200] {logging_mixin.py:188} INFO - [2024-01-14T15:42:33.410+0200] {dag.py:3033} INFO - Sync 1 DAGs
[2024-01-14T15:42:33.420+0200] {logging_mixin.py:188} INFO - [2024-01-14T15:42:33.420+0200] {dag.py:3820} INFO - Setting next_dagrun for example_python_operator to None, run_after=None
[2024-01-14T15:42:33.443+0200] {processor.py:183} INFO - Processing /home/mahmoud/airflow_env/lib/python3.10/site-packages/airflow/example_dags/example_python_operator.py took 0.064 seconds
[2024-01-14T15:43:46.529+0200] {processor.py:161} INFO - Started process (PID=26812) to work on /home/mahmoud/airflow_env/lib/python3.10/site-packages/airflow/example_dags/example_python_operator.py
[2024-01-14T15:43:46.531+0200] {processor.py:830} INFO - Processing file /home/mahmoud/airflow_env/lib/python3.10/site-packages/airflow/example_dags/example_python_operator.py for tasks to queue
[2024-01-14T15:43:46.532+0200] {logging_mixin.py:188} INFO - [2024-01-14T15:43:46.532+0200] {dagbag.py:538} INFO - Filling up the DagBag from /home/mahmoud/airflow_env/lib/python3.10/site-packages/airflow/example_dags/example_python_operator.py
[2024-01-14T15:43:46.545+0200] {processor.py:840} INFO - DAG(s) 'example_python_operator' retrieved from /home/mahmoud/airflow_env/lib/python3.10/site-packages/airflow/example_dags/example_python_operator.py
[2024-01-14T15:43:46.560+0200] {logging_mixin.py:188} INFO - [2024-01-14T15:43:46.560+0200] {dag.py:3033} INFO - Sync 1 DAGs
[2024-01-14T15:43:46.569+0200] {logging_mixin.py:188} INFO - [2024-01-14T15:43:46.569+0200] {dag.py:3820} INFO - Setting next_dagrun for example_python_operator to None, run_after=None
[2024-01-14T15:43:46.592+0200] {processor.py:183} INFO - Processing /home/mahmoud/airflow_env/lib/python3.10/site-packages/airflow/example_dags/example_python_operator.py took 0.068 seconds
[2024-01-14T15:44:32.403+0200] {processor.py:161} INFO - Started process (PID=27347) to work on /home/mahmoud/airflow_env/lib/python3.10/site-packages/airflow/example_dags/example_python_operator.py
[2024-01-14T15:44:32.404+0200] {processor.py:830} INFO - Processing file /home/mahmoud/airflow_env/lib/python3.10/site-packages/airflow/example_dags/example_python_operator.py for tasks to queue
[2024-01-14T15:44:32.405+0200] {logging_mixin.py:188} INFO - [2024-01-14T15:44:32.404+0200] {dagbag.py:538} INFO - Filling up the DagBag from /home/mahmoud/airflow_env/lib/python3.10/site-packages/airflow/example_dags/example_python_operator.py
[2024-01-14T15:44:32.415+0200] {processor.py:840} INFO - DAG(s) 'example_python_operator' retrieved from /home/mahmoud/airflow_env/lib/python3.10/site-packages/airflow/example_dags/example_python_operator.py
[2024-01-14T15:44:32.429+0200] {logging_mixin.py:188} INFO - [2024-01-14T15:44:32.429+0200] {dag.py:3033} INFO - Sync 1 DAGs
[2024-01-14T15:44:32.439+0200] {logging_mixin.py:188} INFO - [2024-01-14T15:44:32.439+0200] {dag.py:3820} INFO - Setting next_dagrun for example_python_operator to None, run_after=None
[2024-01-14T15:44:32.462+0200] {processor.py:183} INFO - Processing /home/mahmoud/airflow_env/lib/python3.10/site-packages/airflow/example_dags/example_python_operator.py took 0.062 seconds
[2024-01-14T15:45:21.389+0200] {processor.py:161} INFO - Started process (PID=27768) to work on /home/mahmoud/airflow_env/lib/python3.10/site-packages/airflow/example_dags/example_python_operator.py
[2024-01-14T15:45:21.392+0200] {processor.py:830} INFO - Processing file /home/mahmoud/airflow_env/lib/python3.10/site-packages/airflow/example_dags/example_python_operator.py for tasks to queue
[2024-01-14T15:45:21.393+0200] {logging_mixin.py:188} INFO - [2024-01-14T15:45:21.393+0200] {dagbag.py:538} INFO - Filling up the DagBag from /home/mahmoud/airflow_env/lib/python3.10/site-packages/airflow/example_dags/example_python_operator.py
[2024-01-14T15:45:21.404+0200] {processor.py:840} INFO - DAG(s) 'example_python_operator' retrieved from /home/mahmoud/airflow_env/lib/python3.10/site-packages/airflow/example_dags/example_python_operator.py
[2024-01-14T15:45:21.421+0200] {logging_mixin.py:188} INFO - [2024-01-14T15:45:21.421+0200] {dag.py:3033} INFO - Sync 1 DAGs
[2024-01-14T15:45:21.433+0200] {logging_mixin.py:188} INFO - [2024-01-14T15:45:21.433+0200] {dag.py:3820} INFO - Setting next_dagrun for example_python_operator to None, run_after=None
[2024-01-14T15:45:21.456+0200] {processor.py:183} INFO - Processing /home/mahmoud/airflow_env/lib/python3.10/site-packages/airflow/example_dags/example_python_operator.py took 0.070 seconds
[2024-01-14T15:46:13.270+0200] {processor.py:161} INFO - Started process (PID=27971) to work on /home/mahmoud/airflow_env/lib/python3.10/site-packages/airflow/example_dags/example_python_operator.py
[2024-01-14T15:46:13.272+0200] {processor.py:830} INFO - Processing file /home/mahmoud/airflow_env/lib/python3.10/site-packages/airflow/example_dags/example_python_operator.py for tasks to queue
[2024-01-14T15:46:13.273+0200] {logging_mixin.py:188} INFO - [2024-01-14T15:46:13.273+0200] {dagbag.py:538} INFO - Filling up the DagBag from /home/mahmoud/airflow_env/lib/python3.10/site-packages/airflow/example_dags/example_python_operator.py
[2024-01-14T15:46:13.282+0200] {processor.py:840} INFO - DAG(s) 'example_python_operator' retrieved from /home/mahmoud/airflow_env/lib/python3.10/site-packages/airflow/example_dags/example_python_operator.py
[2024-01-14T15:46:13.301+0200] {logging_mixin.py:188} INFO - [2024-01-14T15:46:13.301+0200] {dag.py:3033} INFO - Sync 1 DAGs
[2024-01-14T15:46:13.320+0200] {logging_mixin.py:188} INFO - [2024-01-14T15:46:13.320+0200] {dag.py:3820} INFO - Setting next_dagrun for example_python_operator to None, run_after=None
[2024-01-14T15:46:13.341+0200] {processor.py:183} INFO - Processing /home/mahmoud/airflow_env/lib/python3.10/site-packages/airflow/example_dags/example_python_operator.py took 0.073 seconds
[2024-01-14T15:47:07.946+0200] {processor.py:161} INFO - Started process (PID=28240) to work on /home/mahmoud/airflow_env/lib/python3.10/site-packages/airflow/example_dags/example_python_operator.py
[2024-01-14T15:47:07.948+0200] {processor.py:830} INFO - Processing file /home/mahmoud/airflow_env/lib/python3.10/site-packages/airflow/example_dags/example_python_operator.py for tasks to queue
[2024-01-14T15:47:07.949+0200] {logging_mixin.py:188} INFO - [2024-01-14T15:47:07.949+0200] {dagbag.py:538} INFO - Filling up the DagBag from /home/mahmoud/airflow_env/lib/python3.10/site-packages/airflow/example_dags/example_python_operator.py
[2024-01-14T15:47:07.960+0200] {processor.py:840} INFO - DAG(s) 'example_python_operator' retrieved from /home/mahmoud/airflow_env/lib/python3.10/site-packages/airflow/example_dags/example_python_operator.py
[2024-01-14T15:47:07.976+0200] {logging_mixin.py:188} INFO - [2024-01-14T15:47:07.975+0200] {dag.py:3033} INFO - Sync 1 DAGs
[2024-01-14T15:47:07.985+0200] {logging_mixin.py:188} INFO - [2024-01-14T15:47:07.985+0200] {dag.py:3820} INFO - Setting next_dagrun for example_python_operator to None, run_after=None
[2024-01-14T15:47:08.006+0200] {processor.py:183} INFO - Processing /home/mahmoud/airflow_env/lib/python3.10/site-packages/airflow/example_dags/example_python_operator.py took 0.064 seconds
[2024-01-14T15:48:01.059+0200] {processor.py:161} INFO - Started process (PID=28490) to work on /home/mahmoud/airflow_env/lib/python3.10/site-packages/airflow/example_dags/example_python_operator.py
[2024-01-14T15:48:01.060+0200] {processor.py:830} INFO - Processing file /home/mahmoud/airflow_env/lib/python3.10/site-packages/airflow/example_dags/example_python_operator.py for tasks to queue
[2024-01-14T15:48:01.061+0200] {logging_mixin.py:188} INFO - [2024-01-14T15:48:01.061+0200] {dagbag.py:538} INFO - Filling up the DagBag from /home/mahmoud/airflow_env/lib/python3.10/site-packages/airflow/example_dags/example_python_operator.py
[2024-01-14T15:48:01.071+0200] {processor.py:840} INFO - DAG(s) 'example_python_operator' retrieved from /home/mahmoud/airflow_env/lib/python3.10/site-packages/airflow/example_dags/example_python_operator.py
[2024-01-14T15:48:01.085+0200] {logging_mixin.py:188} INFO - [2024-01-14T15:48:01.085+0200] {dag.py:3033} INFO - Sync 1 DAGs
[2024-01-14T15:48:01.095+0200] {logging_mixin.py:188} INFO - [2024-01-14T15:48:01.094+0200] {dag.py:3820} INFO - Setting next_dagrun for example_python_operator to None, run_after=None
[2024-01-14T15:48:01.118+0200] {processor.py:183} INFO - Processing /home/mahmoud/airflow_env/lib/python3.10/site-packages/airflow/example_dags/example_python_operator.py took 0.062 seconds
[2024-01-14T15:48:53.143+0200] {processor.py:161} INFO - Started process (PID=28698) to work on /home/mahmoud/airflow_env/lib/python3.10/site-packages/airflow/example_dags/example_python_operator.py
[2024-01-14T15:48:53.145+0200] {processor.py:830} INFO - Processing file /home/mahmoud/airflow_env/lib/python3.10/site-packages/airflow/example_dags/example_python_operator.py for tasks to queue
[2024-01-14T15:48:53.147+0200] {logging_mixin.py:188} INFO - [2024-01-14T15:48:53.146+0200] {dagbag.py:538} INFO - Filling up the DagBag from /home/mahmoud/airflow_env/lib/python3.10/site-packages/airflow/example_dags/example_python_operator.py
[2024-01-14T15:48:53.165+0200] {processor.py:840} INFO - DAG(s) 'example_python_operator' retrieved from /home/mahmoud/airflow_env/lib/python3.10/site-packages/airflow/example_dags/example_python_operator.py
[2024-01-14T15:48:53.184+0200] {logging_mixin.py:188} INFO - [2024-01-14T15:48:53.184+0200] {dag.py:3033} INFO - Sync 1 DAGs
[2024-01-14T15:48:53.195+0200] {logging_mixin.py:188} INFO - [2024-01-14T15:48:53.195+0200] {dag.py:3820} INFO - Setting next_dagrun for example_python_operator to None, run_after=None
[2024-01-14T15:48:53.218+0200] {processor.py:183} INFO - Processing /home/mahmoud/airflow_env/lib/python3.10/site-packages/airflow/example_dags/example_python_operator.py took 0.082 seconds
[2024-01-14T15:49:47.246+0200] {processor.py:161} INFO - Started process (PID=28910) to work on /home/mahmoud/airflow_env/lib/python3.10/site-packages/airflow/example_dags/example_python_operator.py
[2024-01-14T15:49:47.248+0200] {processor.py:830} INFO - Processing file /home/mahmoud/airflow_env/lib/python3.10/site-packages/airflow/example_dags/example_python_operator.py for tasks to queue
[2024-01-14T15:49:47.248+0200] {logging_mixin.py:188} INFO - [2024-01-14T15:49:47.248+0200] {dagbag.py:538} INFO - Filling up the DagBag from /home/mahmoud/airflow_env/lib/python3.10/site-packages/airflow/example_dags/example_python_operator.py
[2024-01-14T15:49:47.258+0200] {processor.py:840} INFO - DAG(s) 'example_python_operator' retrieved from /home/mahmoud/airflow_env/lib/python3.10/site-packages/airflow/example_dags/example_python_operator.py
[2024-01-14T15:49:47.273+0200] {logging_mixin.py:188} INFO - [2024-01-14T15:49:47.273+0200] {dag.py:3033} INFO - Sync 1 DAGs
[2024-01-14T15:49:47.283+0200] {logging_mixin.py:188} INFO - [2024-01-14T15:49:47.283+0200] {dag.py:3820} INFO - Setting next_dagrun for example_python_operator to None, run_after=None
[2024-01-14T15:49:47.304+0200] {processor.py:183} INFO - Processing /home/mahmoud/airflow_env/lib/python3.10/site-packages/airflow/example_dags/example_python_operator.py took 0.061 seconds
[2024-01-14T15:50:38.238+0200] {processor.py:161} INFO - Started process (PID=29113) to work on /home/mahmoud/airflow_env/lib/python3.10/site-packages/airflow/example_dags/example_python_operator.py
[2024-01-14T15:50:38.240+0200] {processor.py:830} INFO - Processing file /home/mahmoud/airflow_env/lib/python3.10/site-packages/airflow/example_dags/example_python_operator.py for tasks to queue
[2024-01-14T15:50:38.242+0200] {logging_mixin.py:188} INFO - [2024-01-14T15:50:38.241+0200] {dagbag.py:538} INFO - Filling up the DagBag from /home/mahmoud/airflow_env/lib/python3.10/site-packages/airflow/example_dags/example_python_operator.py
[2024-01-14T15:50:38.255+0200] {processor.py:840} INFO - DAG(s) 'example_python_operator' retrieved from /home/mahmoud/airflow_env/lib/python3.10/site-packages/airflow/example_dags/example_python_operator.py
[2024-01-14T15:50:38.271+0200] {logging_mixin.py:188} INFO - [2024-01-14T15:50:38.271+0200] {dag.py:3033} INFO - Sync 1 DAGs
[2024-01-14T15:50:38.281+0200] {logging_mixin.py:188} INFO - [2024-01-14T15:50:38.280+0200] {dag.py:3820} INFO - Setting next_dagrun for example_python_operator to None, run_after=None
[2024-01-14T15:50:38.303+0200] {processor.py:183} INFO - Processing /home/mahmoud/airflow_env/lib/python3.10/site-packages/airflow/example_dags/example_python_operator.py took 0.072 seconds
[2024-01-14T15:51:31.604+0200] {processor.py:161} INFO - Started process (PID=29323) to work on /home/mahmoud/airflow_env/lib/python3.10/site-packages/airflow/example_dags/example_python_operator.py
[2024-01-14T15:51:31.606+0200] {processor.py:830} INFO - Processing file /home/mahmoud/airflow_env/lib/python3.10/site-packages/airflow/example_dags/example_python_operator.py for tasks to queue
[2024-01-14T15:51:31.606+0200] {logging_mixin.py:188} INFO - [2024-01-14T15:51:31.606+0200] {dagbag.py:538} INFO - Filling up the DagBag from /home/mahmoud/airflow_env/lib/python3.10/site-packages/airflow/example_dags/example_python_operator.py
[2024-01-14T15:51:31.616+0200] {processor.py:840} INFO - DAG(s) 'example_python_operator' retrieved from /home/mahmoud/airflow_env/lib/python3.10/site-packages/airflow/example_dags/example_python_operator.py
[2024-01-14T15:51:31.631+0200] {logging_mixin.py:188} INFO - [2024-01-14T15:51:31.631+0200] {dag.py:3033} INFO - Sync 1 DAGs
[2024-01-14T15:51:31.641+0200] {logging_mixin.py:188} INFO - [2024-01-14T15:51:31.641+0200] {dag.py:3820} INFO - Setting next_dagrun for example_python_operator to None, run_after=None
[2024-01-14T15:51:31.664+0200] {processor.py:183} INFO - Processing /home/mahmoud/airflow_env/lib/python3.10/site-packages/airflow/example_dags/example_python_operator.py took 0.064 seconds
[2024-01-14T15:52:21.988+0200] {processor.py:161} INFO - Started process (PID=29521) to work on /home/mahmoud/airflow_env/lib/python3.10/site-packages/airflow/example_dags/example_python_operator.py
[2024-01-14T15:52:21.989+0200] {processor.py:830} INFO - Processing file /home/mahmoud/airflow_env/lib/python3.10/site-packages/airflow/example_dags/example_python_operator.py for tasks to queue
[2024-01-14T15:52:21.990+0200] {logging_mixin.py:188} INFO - [2024-01-14T15:52:21.990+0200] {dagbag.py:538} INFO - Filling up the DagBag from /home/mahmoud/airflow_env/lib/python3.10/site-packages/airflow/example_dags/example_python_operator.py
[2024-01-14T15:52:22.000+0200] {processor.py:840} INFO - DAG(s) 'example_python_operator' retrieved from /home/mahmoud/airflow_env/lib/python3.10/site-packages/airflow/example_dags/example_python_operator.py
[2024-01-14T15:52:22.015+0200] {logging_mixin.py:188} INFO - [2024-01-14T15:52:22.015+0200] {dag.py:3033} INFO - Sync 1 DAGs
[2024-01-14T15:52:22.025+0200] {logging_mixin.py:188} INFO - [2024-01-14T15:52:22.025+0200] {dag.py:3820} INFO - Setting next_dagrun for example_python_operator to None, run_after=None
[2024-01-14T15:52:22.043+0200] {processor.py:183} INFO - Processing /home/mahmoud/airflow_env/lib/python3.10/site-packages/airflow/example_dags/example_python_operator.py took 0.058 seconds
[2024-01-14T15:53:12.828+0200] {processor.py:161} INFO - Started process (PID=29753) to work on /home/mahmoud/airflow_env/lib/python3.10/site-packages/airflow/example_dags/example_python_operator.py
[2024-01-14T15:53:12.830+0200] {processor.py:830} INFO - Processing file /home/mahmoud/airflow_env/lib/python3.10/site-packages/airflow/example_dags/example_python_operator.py for tasks to queue
[2024-01-14T15:53:12.831+0200] {logging_mixin.py:188} INFO - [2024-01-14T15:53:12.830+0200] {dagbag.py:538} INFO - Filling up the DagBag from /home/mahmoud/airflow_env/lib/python3.10/site-packages/airflow/example_dags/example_python_operator.py
[2024-01-14T15:53:12.841+0200] {processor.py:840} INFO - DAG(s) 'example_python_operator' retrieved from /home/mahmoud/airflow_env/lib/python3.10/site-packages/airflow/example_dags/example_python_operator.py
[2024-01-14T15:53:12.856+0200] {logging_mixin.py:188} INFO - [2024-01-14T15:53:12.856+0200] {dag.py:3033} INFO - Sync 1 DAGs
[2024-01-14T15:53:12.866+0200] {logging_mixin.py:188} INFO - [2024-01-14T15:53:12.866+0200] {dag.py:3820} INFO - Setting next_dagrun for example_python_operator to None, run_after=None
[2024-01-14T15:53:12.888+0200] {processor.py:183} INFO - Processing /home/mahmoud/airflow_env/lib/python3.10/site-packages/airflow/example_dags/example_python_operator.py took 0.063 seconds
[2024-01-14T15:54:22.728+0200] {processor.py:161} INFO - Started process (PID=30005) to work on /home/mahmoud/airflow_env/lib/python3.10/site-packages/airflow/example_dags/example_python_operator.py
[2024-01-14T15:54:22.732+0200] {processor.py:830} INFO - Processing file /home/mahmoud/airflow_env/lib/python3.10/site-packages/airflow/example_dags/example_python_operator.py for tasks to queue
[2024-01-14T15:54:22.734+0200] {logging_mixin.py:188} INFO - [2024-01-14T15:54:22.733+0200] {dagbag.py:538} INFO - Filling up the DagBag from /home/mahmoud/airflow_env/lib/python3.10/site-packages/airflow/example_dags/example_python_operator.py
[2024-01-14T15:54:22.768+0200] {processor.py:840} INFO - DAG(s) 'example_python_operator' retrieved from /home/mahmoud/airflow_env/lib/python3.10/site-packages/airflow/example_dags/example_python_operator.py
[2024-01-14T15:54:22.820+0200] {logging_mixin.py:188} INFO - [2024-01-14T15:54:22.819+0200] {dag.py:3033} INFO - Sync 1 DAGs
[2024-01-14T15:54:22.854+0200] {logging_mixin.py:188} INFO - [2024-01-14T15:54:22.854+0200] {dag.py:3820} INFO - Setting next_dagrun for example_python_operator to None, run_after=None
[2024-01-14T15:54:22.917+0200] {processor.py:183} INFO - Processing /home/mahmoud/airflow_env/lib/python3.10/site-packages/airflow/example_dags/example_python_operator.py took 0.198 seconds
[2024-01-14T15:55:34.871+0200] {processor.py:161} INFO - Started process (PID=30253) to work on /home/mahmoud/airflow_env/lib/python3.10/site-packages/airflow/example_dags/example_python_operator.py
[2024-01-14T15:55:34.874+0200] {processor.py:830} INFO - Processing file /home/mahmoud/airflow_env/lib/python3.10/site-packages/airflow/example_dags/example_python_operator.py for tasks to queue
[2024-01-14T15:55:34.876+0200] {logging_mixin.py:188} INFO - [2024-01-14T15:55:34.875+0200] {dagbag.py:538} INFO - Filling up the DagBag from /home/mahmoud/airflow_env/lib/python3.10/site-packages/airflow/example_dags/example_python_operator.py
[2024-01-14T15:55:34.909+0200] {processor.py:840} INFO - DAG(s) 'example_python_operator' retrieved from /home/mahmoud/airflow_env/lib/python3.10/site-packages/airflow/example_dags/example_python_operator.py
[2024-01-14T15:55:34.959+0200] {logging_mixin.py:188} INFO - [2024-01-14T15:55:34.959+0200] {dag.py:3033} INFO - Sync 1 DAGs
[2024-01-14T15:55:34.994+0200] {logging_mixin.py:188} INFO - [2024-01-14T15:55:34.994+0200] {dag.py:3820} INFO - Setting next_dagrun for example_python_operator to None, run_after=None
[2024-01-14T15:55:35.055+0200] {processor.py:183} INFO - Processing /home/mahmoud/airflow_env/lib/python3.10/site-packages/airflow/example_dags/example_python_operator.py took 0.193 seconds
[2024-01-14T15:56:34.181+0200] {processor.py:161} INFO - Started process (PID=30465) to work on /home/mahmoud/airflow_env/lib/python3.10/site-packages/airflow/example_dags/example_python_operator.py
[2024-01-14T15:56:34.184+0200] {processor.py:830} INFO - Processing file /home/mahmoud/airflow_env/lib/python3.10/site-packages/airflow/example_dags/example_python_operator.py for tasks to queue
[2024-01-14T15:56:34.187+0200] {logging_mixin.py:188} INFO - [2024-01-14T15:56:34.186+0200] {dagbag.py:538} INFO - Filling up the DagBag from /home/mahmoud/airflow_env/lib/python3.10/site-packages/airflow/example_dags/example_python_operator.py
[2024-01-14T15:56:34.223+0200] {processor.py:840} INFO - DAG(s) 'example_python_operator' retrieved from /home/mahmoud/airflow_env/lib/python3.10/site-packages/airflow/example_dags/example_python_operator.py
[2024-01-14T15:56:34.280+0200] {logging_mixin.py:188} INFO - [2024-01-14T15:56:34.279+0200] {dag.py:3033} INFO - Sync 1 DAGs
[2024-01-14T15:56:34.317+0200] {logging_mixin.py:188} INFO - [2024-01-14T15:56:34.317+0200] {dag.py:3820} INFO - Setting next_dagrun for example_python_operator to None, run_after=None
[2024-01-14T15:56:34.386+0200] {processor.py:183} INFO - Processing /home/mahmoud/airflow_env/lib/python3.10/site-packages/airflow/example_dags/example_python_operator.py took 0.214 seconds
[2024-01-14T15:57:32.547+0200] {processor.py:161} INFO - Started process (PID=30670) to work on /home/mahmoud/airflow_env/lib/python3.10/site-packages/airflow/example_dags/example_python_operator.py
[2024-01-14T15:57:32.551+0200] {processor.py:830} INFO - Processing file /home/mahmoud/airflow_env/lib/python3.10/site-packages/airflow/example_dags/example_python_operator.py for tasks to queue
[2024-01-14T15:57:32.554+0200] {logging_mixin.py:188} INFO - [2024-01-14T15:57:32.553+0200] {dagbag.py:538} INFO - Filling up the DagBag from /home/mahmoud/airflow_env/lib/python3.10/site-packages/airflow/example_dags/example_python_operator.py
[2024-01-14T15:57:32.591+0200] {processor.py:840} INFO - DAG(s) 'example_python_operator' retrieved from /home/mahmoud/airflow_env/lib/python3.10/site-packages/airflow/example_dags/example_python_operator.py
[2024-01-14T15:57:32.645+0200] {logging_mixin.py:188} INFO - [2024-01-14T15:57:32.645+0200] {dag.py:3033} INFO - Sync 1 DAGs
[2024-01-14T15:57:32.682+0200] {logging_mixin.py:188} INFO - [2024-01-14T15:57:32.682+0200] {dag.py:3820} INFO - Setting next_dagrun for example_python_operator to None, run_after=None
[2024-01-14T15:57:32.752+0200] {processor.py:183} INFO - Processing /home/mahmoud/airflow_env/lib/python3.10/site-packages/airflow/example_dags/example_python_operator.py took 0.214 seconds
