[2024-01-14T15:08:31.906+0200] {processor.py:161} INFO - Started process (PID=16161) to work on /home/mahmoud/airflow_env/lib/python3.10/site-packages/airflow/example_dags/example_xcom.py
[2024-01-14T15:08:31.907+0200] {processor.py:830} INFO - Processing file /home/mahmoud/airflow_env/lib/python3.10/site-packages/airflow/example_dags/example_xcom.py for tasks to queue
[2024-01-14T15:08:31.908+0200] {logging_mixin.py:188} INFO - [2024-01-14T15:08:31.908+0200] {dagbag.py:538} INFO - Filling up the DagBag from /home/mahmoud/airflow_env/lib/python3.10/site-packages/airflow/example_dags/example_xcom.py
[2024-01-14T15:08:31.917+0200] {processor.py:840} INFO - DAG(s) 'example_xcom' retrieved from /home/mahmoud/airflow_env/lib/python3.10/site-packages/airflow/example_dags/example_xcom.py
[2024-01-14T15:08:32.097+0200] {logging_mixin.py:188} INFO - [2024-01-14T15:08:32.096+0200] {override.py:1769} INFO - Created Permission View: can edit on DAG:example_xcom
[2024-01-14T15:08:32.111+0200] {logging_mixin.py:188} INFO - [2024-01-14T15:08:32.111+0200] {override.py:1769} INFO - Created Permission View: can delete on DAG:example_xcom
[2024-01-14T15:08:32.124+0200] {logging_mixin.py:188} INFO - [2024-01-14T15:08:32.123+0200] {override.py:1769} INFO - Created Permission View: can read on DAG:example_xcom
[2024-01-14T15:08:32.124+0200] {logging_mixin.py:188} INFO - [2024-01-14T15:08:32.124+0200] {dag.py:3033} INFO - Sync 1 DAGs
[2024-01-14T15:08:32.137+0200] {logging_mixin.py:188} INFO - [2024-01-14T15:08:32.136+0200] {dag.py:3055} INFO - Creating ORM DAG for example_xcom
[2024-01-14T15:08:32.148+0200] {logging_mixin.py:188} INFO - [2024-01-14T15:08:32.147+0200] {dag.py:3820} INFO - Setting next_dagrun for example_xcom to 2021-01-01T00:00:00+00:00, run_after=2021-01-01T00:00:00+00:00
[2024-01-14T15:08:32.170+0200] {processor.py:183} INFO - Processing /home/mahmoud/airflow_env/lib/python3.10/site-packages/airflow/example_dags/example_xcom.py took 0.267 seconds
[2024-01-14T15:09:21.378+0200] {processor.py:161} INFO - Started process (PID=16510) to work on /home/mahmoud/airflow_env/lib/python3.10/site-packages/airflow/example_dags/example_xcom.py
[2024-01-14T15:09:21.381+0200] {processor.py:830} INFO - Processing file /home/mahmoud/airflow_env/lib/python3.10/site-packages/airflow/example_dags/example_xcom.py for tasks to queue
[2024-01-14T15:09:21.382+0200] {logging_mixin.py:188} INFO - [2024-01-14T15:09:21.382+0200] {dagbag.py:538} INFO - Filling up the DagBag from /home/mahmoud/airflow_env/lib/python3.10/site-packages/airflow/example_dags/example_xcom.py
[2024-01-14T15:09:21.391+0200] {processor.py:840} INFO - DAG(s) 'example_xcom' retrieved from /home/mahmoud/airflow_env/lib/python3.10/site-packages/airflow/example_dags/example_xcom.py
[2024-01-14T15:09:21.407+0200] {logging_mixin.py:188} INFO - [2024-01-14T15:09:21.407+0200] {dag.py:3033} INFO - Sync 1 DAGs
[2024-01-14T15:09:21.424+0200] {logging_mixin.py:188} INFO - [2024-01-14T15:09:21.424+0200] {dag.py:3820} INFO - Setting next_dagrun for example_xcom to 2021-01-01T00:00:00+00:00, run_after=2021-01-01T00:00:00+00:00
[2024-01-14T15:09:21.448+0200] {processor.py:183} INFO - Processing /home/mahmoud/airflow_env/lib/python3.10/site-packages/airflow/example_dags/example_xcom.py took 0.073 seconds
[2024-01-14T15:10:10.289+0200] {processor.py:161} INFO - Started process (PID=16711) to work on /home/mahmoud/airflow_env/lib/python3.10/site-packages/airflow/example_dags/example_xcom.py
[2024-01-14T15:10:10.291+0200] {processor.py:830} INFO - Processing file /home/mahmoud/airflow_env/lib/python3.10/site-packages/airflow/example_dags/example_xcom.py for tasks to queue
[2024-01-14T15:10:10.292+0200] {logging_mixin.py:188} INFO - [2024-01-14T15:10:10.292+0200] {dagbag.py:538} INFO - Filling up the DagBag from /home/mahmoud/airflow_env/lib/python3.10/site-packages/airflow/example_dags/example_xcom.py
[2024-01-14T15:10:10.302+0200] {processor.py:840} INFO - DAG(s) 'example_xcom' retrieved from /home/mahmoud/airflow_env/lib/python3.10/site-packages/airflow/example_dags/example_xcom.py
[2024-01-14T15:10:10.318+0200] {logging_mixin.py:188} INFO - [2024-01-14T15:10:10.317+0200] {dag.py:3033} INFO - Sync 1 DAGs
[2024-01-14T15:10:10.335+0200] {logging_mixin.py:188} INFO - [2024-01-14T15:10:10.335+0200] {dag.py:3820} INFO - Setting next_dagrun for example_xcom to 2021-01-01T00:00:00+00:00, run_after=2021-01-01T00:00:00+00:00
[2024-01-14T15:10:10.357+0200] {processor.py:183} INFO - Processing /home/mahmoud/airflow_env/lib/python3.10/site-packages/airflow/example_dags/example_xcom.py took 0.072 seconds
[2024-01-14T15:11:08.466+0200] {processor.py:161} INFO - Started process (PID=16950) to work on /home/mahmoud/airflow_env/lib/python3.10/site-packages/airflow/example_dags/example_xcom.py
[2024-01-14T15:11:08.468+0200] {processor.py:830} INFO - Processing file /home/mahmoud/airflow_env/lib/python3.10/site-packages/airflow/example_dags/example_xcom.py for tasks to queue
[2024-01-14T15:11:08.469+0200] {logging_mixin.py:188} INFO - [2024-01-14T15:11:08.468+0200] {dagbag.py:538} INFO - Filling up the DagBag from /home/mahmoud/airflow_env/lib/python3.10/site-packages/airflow/example_dags/example_xcom.py
[2024-01-14T15:11:08.475+0200] {processor.py:840} INFO - DAG(s) 'example_xcom' retrieved from /home/mahmoud/airflow_env/lib/python3.10/site-packages/airflow/example_dags/example_xcom.py
[2024-01-14T15:11:08.491+0200] {logging_mixin.py:188} INFO - [2024-01-14T15:11:08.491+0200] {dag.py:3033} INFO - Sync 1 DAGs
[2024-01-14T15:11:08.508+0200] {logging_mixin.py:188} INFO - [2024-01-14T15:11:08.508+0200] {dag.py:3820} INFO - Setting next_dagrun for example_xcom to 2021-01-01T00:00:00+00:00, run_after=2021-01-01T00:00:00+00:00
[2024-01-14T15:11:08.530+0200] {processor.py:183} INFO - Processing /home/mahmoud/airflow_env/lib/python3.10/site-packages/airflow/example_dags/example_xcom.py took 0.068 seconds
[2024-01-14T15:12:04.047+0200] {processor.py:161} INFO - Started process (PID=17205) to work on /home/mahmoud/airflow_env/lib/python3.10/site-packages/airflow/example_dags/example_xcom.py
[2024-01-14T15:12:04.049+0200] {processor.py:830} INFO - Processing file /home/mahmoud/airflow_env/lib/python3.10/site-packages/airflow/example_dags/example_xcom.py for tasks to queue
[2024-01-14T15:12:04.050+0200] {logging_mixin.py:188} INFO - [2024-01-14T15:12:04.050+0200] {dagbag.py:538} INFO - Filling up the DagBag from /home/mahmoud/airflow_env/lib/python3.10/site-packages/airflow/example_dags/example_xcom.py
[2024-01-14T15:12:04.058+0200] {processor.py:840} INFO - DAG(s) 'example_xcom' retrieved from /home/mahmoud/airflow_env/lib/python3.10/site-packages/airflow/example_dags/example_xcom.py
[2024-01-14T15:12:04.073+0200] {logging_mixin.py:188} INFO - [2024-01-14T15:12:04.073+0200] {dag.py:3033} INFO - Sync 1 DAGs
[2024-01-14T15:12:04.090+0200] {logging_mixin.py:188} INFO - [2024-01-14T15:12:04.089+0200] {dag.py:3820} INFO - Setting next_dagrun for example_xcom to 2021-01-01T00:00:00+00:00, run_after=2021-01-01T00:00:00+00:00
[2024-01-14T15:12:04.112+0200] {processor.py:183} INFO - Processing /home/mahmoud/airflow_env/lib/python3.10/site-packages/airflow/example_dags/example_xcom.py took 0.069 seconds
[2024-01-14T15:12:57.494+0200] {processor.py:161} INFO - Started process (PID=17415) to work on /home/mahmoud/airflow_env/lib/python3.10/site-packages/airflow/example_dags/example_xcom.py
[2024-01-14T15:12:57.497+0200] {processor.py:830} INFO - Processing file /home/mahmoud/airflow_env/lib/python3.10/site-packages/airflow/example_dags/example_xcom.py for tasks to queue
[2024-01-14T15:12:57.499+0200] {logging_mixin.py:188} INFO - [2024-01-14T15:12:57.498+0200] {dagbag.py:538} INFO - Filling up the DagBag from /home/mahmoud/airflow_env/lib/python3.10/site-packages/airflow/example_dags/example_xcom.py
[2024-01-14T15:12:57.511+0200] {processor.py:840} INFO - DAG(s) 'example_xcom' retrieved from /home/mahmoud/airflow_env/lib/python3.10/site-packages/airflow/example_dags/example_xcom.py
[2024-01-14T15:12:57.527+0200] {logging_mixin.py:188} INFO - [2024-01-14T15:12:57.527+0200] {dag.py:3033} INFO - Sync 1 DAGs
[2024-01-14T15:12:57.545+0200] {logging_mixin.py:188} INFO - [2024-01-14T15:12:57.545+0200] {dag.py:3820} INFO - Setting next_dagrun for example_xcom to 2021-01-01T00:00:00+00:00, run_after=2021-01-01T00:00:00+00:00
[2024-01-14T15:12:57.573+0200] {processor.py:183} INFO - Processing /home/mahmoud/airflow_env/lib/python3.10/site-packages/airflow/example_dags/example_xcom.py took 0.086 seconds
[2024-01-14T15:13:51.279+0200] {processor.py:161} INFO - Started process (PID=17678) to work on /home/mahmoud/airflow_env/lib/python3.10/site-packages/airflow/example_dags/example_xcom.py
[2024-01-14T15:13:51.280+0200] {processor.py:830} INFO - Processing file /home/mahmoud/airflow_env/lib/python3.10/site-packages/airflow/example_dags/example_xcom.py for tasks to queue
[2024-01-14T15:13:51.281+0200] {logging_mixin.py:188} INFO - [2024-01-14T15:13:51.281+0200] {dagbag.py:538} INFO - Filling up the DagBag from /home/mahmoud/airflow_env/lib/python3.10/site-packages/airflow/example_dags/example_xcom.py
[2024-01-14T15:13:51.288+0200] {processor.py:840} INFO - DAG(s) 'example_xcom' retrieved from /home/mahmoud/airflow_env/lib/python3.10/site-packages/airflow/example_dags/example_xcom.py
[2024-01-14T15:13:51.303+0200] {logging_mixin.py:188} INFO - [2024-01-14T15:13:51.303+0200] {dag.py:3033} INFO - Sync 1 DAGs
[2024-01-14T15:13:51.319+0200] {logging_mixin.py:188} INFO - [2024-01-14T15:13:51.319+0200] {dag.py:3820} INFO - Setting next_dagrun for example_xcom to 2021-01-01T00:00:00+00:00, run_after=2021-01-01T00:00:00+00:00
[2024-01-14T15:13:51.338+0200] {processor.py:183} INFO - Processing /home/mahmoud/airflow_env/lib/python3.10/site-packages/airflow/example_dags/example_xcom.py took 0.063 seconds
[2024-01-14T15:20:18.222+0200] {processor.py:161} INFO - Started process (PID=19535) to work on /home/mahmoud/airflow_env/lib/python3.10/site-packages/airflow/example_dags/example_xcom.py
[2024-01-14T15:20:18.225+0200] {processor.py:830} INFO - Processing file /home/mahmoud/airflow_env/lib/python3.10/site-packages/airflow/example_dags/example_xcom.py for tasks to queue
[2024-01-14T15:20:18.226+0200] {logging_mixin.py:188} INFO - [2024-01-14T15:20:18.226+0200] {dagbag.py:538} INFO - Filling up the DagBag from /home/mahmoud/airflow_env/lib/python3.10/site-packages/airflow/example_dags/example_xcom.py
[2024-01-14T15:20:18.235+0200] {processor.py:840} INFO - DAG(s) 'example_xcom' retrieved from /home/mahmoud/airflow_env/lib/python3.10/site-packages/airflow/example_dags/example_xcom.py
[2024-01-14T15:20:18.252+0200] {logging_mixin.py:188} INFO - [2024-01-14T15:20:18.252+0200] {dag.py:3033} INFO - Sync 1 DAGs
[2024-01-14T15:20:18.348+0200] {logging_mixin.py:188} INFO - [2024-01-14T15:20:18.347+0200] {dag.py:3820} INFO - Setting next_dagrun for example_xcom to 2021-01-01T00:00:00+00:00, run_after=2021-01-01T00:00:00+00:00
[2024-01-14T15:20:18.372+0200] {processor.py:183} INFO - Processing /home/mahmoud/airflow_env/lib/python3.10/site-packages/airflow/example_dags/example_xcom.py took 0.155 seconds
[2024-01-14T15:21:08.512+0200] {processor.py:161} INFO - Started process (PID=19728) to work on /home/mahmoud/airflow_env/lib/python3.10/site-packages/airflow/example_dags/example_xcom.py
[2024-01-14T15:21:08.514+0200] {processor.py:830} INFO - Processing file /home/mahmoud/airflow_env/lib/python3.10/site-packages/airflow/example_dags/example_xcom.py for tasks to queue
[2024-01-14T15:21:08.515+0200] {logging_mixin.py:188} INFO - [2024-01-14T15:21:08.514+0200] {dagbag.py:538} INFO - Filling up the DagBag from /home/mahmoud/airflow_env/lib/python3.10/site-packages/airflow/example_dags/example_xcom.py
[2024-01-14T15:21:08.523+0200] {processor.py:840} INFO - DAG(s) 'example_xcom' retrieved from /home/mahmoud/airflow_env/lib/python3.10/site-packages/airflow/example_dags/example_xcom.py
[2024-01-14T15:21:08.538+0200] {logging_mixin.py:188} INFO - [2024-01-14T15:21:08.538+0200] {dag.py:3033} INFO - Sync 1 DAGs
[2024-01-14T15:21:08.555+0200] {logging_mixin.py:188} INFO - [2024-01-14T15:21:08.555+0200] {dag.py:3820} INFO - Setting next_dagrun for example_xcom to 2021-01-01T00:00:00+00:00, run_after=2021-01-01T00:00:00+00:00
[2024-01-14T15:21:08.578+0200] {processor.py:183} INFO - Processing /home/mahmoud/airflow_env/lib/python3.10/site-packages/airflow/example_dags/example_xcom.py took 0.070 seconds
[2024-01-14T15:21:57.835+0200] {processor.py:161} INFO - Started process (PID=19921) to work on /home/mahmoud/airflow_env/lib/python3.10/site-packages/airflow/example_dags/example_xcom.py
[2024-01-14T15:21:57.838+0200] {processor.py:830} INFO - Processing file /home/mahmoud/airflow_env/lib/python3.10/site-packages/airflow/example_dags/example_xcom.py for tasks to queue
[2024-01-14T15:21:57.840+0200] {logging_mixin.py:188} INFO - [2024-01-14T15:21:57.840+0200] {dagbag.py:538} INFO - Filling up the DagBag from /home/mahmoud/airflow_env/lib/python3.10/site-packages/airflow/example_dags/example_xcom.py
[2024-01-14T15:21:57.858+0200] {processor.py:840} INFO - DAG(s) 'example_xcom' retrieved from /home/mahmoud/airflow_env/lib/python3.10/site-packages/airflow/example_dags/example_xcom.py
[2024-01-14T15:21:57.880+0200] {logging_mixin.py:188} INFO - [2024-01-14T15:21:57.880+0200] {dag.py:3033} INFO - Sync 1 DAGs
[2024-01-14T15:21:57.900+0200] {logging_mixin.py:188} INFO - [2024-01-14T15:21:57.900+0200] {dag.py:3820} INFO - Setting next_dagrun for example_xcom to 2021-01-01T00:00:00+00:00, run_after=2021-01-01T00:00:00+00:00
[2024-01-14T15:21:57.920+0200] {processor.py:183} INFO - Processing /home/mahmoud/airflow_env/lib/python3.10/site-packages/airflow/example_dags/example_xcom.py took 0.093 seconds
[2024-01-14T15:22:51.746+0200] {processor.py:161} INFO - Started process (PID=20134) to work on /home/mahmoud/airflow_env/lib/python3.10/site-packages/airflow/example_dags/example_xcom.py
[2024-01-14T15:22:51.749+0200] {processor.py:830} INFO - Processing file /home/mahmoud/airflow_env/lib/python3.10/site-packages/airflow/example_dags/example_xcom.py for tasks to queue
[2024-01-14T15:22:51.751+0200] {logging_mixin.py:188} INFO - [2024-01-14T15:22:51.750+0200] {dagbag.py:538} INFO - Filling up the DagBag from /home/mahmoud/airflow_env/lib/python3.10/site-packages/airflow/example_dags/example_xcom.py
[2024-01-14T15:22:51.765+0200] {processor.py:840} INFO - DAG(s) 'example_xcom' retrieved from /home/mahmoud/airflow_env/lib/python3.10/site-packages/airflow/example_dags/example_xcom.py
[2024-01-14T15:22:51.782+0200] {logging_mixin.py:188} INFO - [2024-01-14T15:22:51.782+0200] {dag.py:3033} INFO - Sync 1 DAGs
[2024-01-14T15:22:51.799+0200] {logging_mixin.py:188} INFO - [2024-01-14T15:22:51.798+0200] {dag.py:3820} INFO - Setting next_dagrun for example_xcom to 2021-01-01T00:00:00+00:00, run_after=2021-01-01T00:00:00+00:00
[2024-01-14T15:22:51.819+0200] {processor.py:183} INFO - Processing /home/mahmoud/airflow_env/lib/python3.10/site-packages/airflow/example_dags/example_xcom.py took 0.080 seconds
[2024-01-14T15:38:10.453+0200] {processor.py:161} INFO - Started process (PID=24628) to work on /home/mahmoud/airflow_env/lib/python3.10/site-packages/airflow/example_dags/example_xcom.py
[2024-01-14T15:38:10.455+0200] {processor.py:830} INFO - Processing file /home/mahmoud/airflow_env/lib/python3.10/site-packages/airflow/example_dags/example_xcom.py for tasks to queue
[2024-01-14T15:38:10.456+0200] {logging_mixin.py:188} INFO - [2024-01-14T15:38:10.455+0200] {dagbag.py:538} INFO - Filling up the DagBag from /home/mahmoud/airflow_env/lib/python3.10/site-packages/airflow/example_dags/example_xcom.py
[2024-01-14T15:38:10.465+0200] {processor.py:840} INFO - DAG(s) 'example_xcom' retrieved from /home/mahmoud/airflow_env/lib/python3.10/site-packages/airflow/example_dags/example_xcom.py
[2024-01-14T15:38:10.480+0200] {logging_mixin.py:188} INFO - [2024-01-14T15:38:10.480+0200] {dag.py:3033} INFO - Sync 1 DAGs
[2024-01-14T15:38:10.568+0200] {logging_mixin.py:188} INFO - [2024-01-14T15:38:10.567+0200] {dag.py:3820} INFO - Setting next_dagrun for example_xcom to 2021-01-01T00:00:00+00:00, run_after=2021-01-01T00:00:00+00:00
[2024-01-14T15:38:10.589+0200] {processor.py:183} INFO - Processing /home/mahmoud/airflow_env/lib/python3.10/site-packages/airflow/example_dags/example_xcom.py took 0.140 seconds
[2024-01-14T15:39:00.417+0200] {processor.py:161} INFO - Started process (PID=25028) to work on /home/mahmoud/airflow_env/lib/python3.10/site-packages/airflow/example_dags/example_xcom.py
[2024-01-14T15:39:00.419+0200] {processor.py:830} INFO - Processing file /home/mahmoud/airflow_env/lib/python3.10/site-packages/airflow/example_dags/example_xcom.py for tasks to queue
[2024-01-14T15:39:00.420+0200] {logging_mixin.py:188} INFO - [2024-01-14T15:39:00.419+0200] {dagbag.py:538} INFO - Filling up the DagBag from /home/mahmoud/airflow_env/lib/python3.10/site-packages/airflow/example_dags/example_xcom.py
[2024-01-14T15:39:00.427+0200] {processor.py:840} INFO - DAG(s) 'example_xcom' retrieved from /home/mahmoud/airflow_env/lib/python3.10/site-packages/airflow/example_dags/example_xcom.py
[2024-01-14T15:39:00.441+0200] {logging_mixin.py:188} INFO - [2024-01-14T15:39:00.440+0200] {dag.py:3033} INFO - Sync 1 DAGs
[2024-01-14T15:39:00.458+0200] {logging_mixin.py:188} INFO - [2024-01-14T15:39:00.457+0200] {dag.py:3820} INFO - Setting next_dagrun for example_xcom to 2021-01-01T00:00:00+00:00, run_after=2021-01-01T00:00:00+00:00
[2024-01-14T15:39:00.480+0200] {processor.py:183} INFO - Processing /home/mahmoud/airflow_env/lib/python3.10/site-packages/airflow/example_dags/example_xcom.py took 0.065 seconds
[2024-01-14T15:39:49.737+0200] {processor.py:161} INFO - Started process (PID=25255) to work on /home/mahmoud/airflow_env/lib/python3.10/site-packages/airflow/example_dags/example_xcom.py
[2024-01-14T15:39:49.738+0200] {processor.py:830} INFO - Processing file /home/mahmoud/airflow_env/lib/python3.10/site-packages/airflow/example_dags/example_xcom.py for tasks to queue
[2024-01-14T15:39:49.739+0200] {logging_mixin.py:188} INFO - [2024-01-14T15:39:49.739+0200] {dagbag.py:538} INFO - Filling up the DagBag from /home/mahmoud/airflow_env/lib/python3.10/site-packages/airflow/example_dags/example_xcom.py
[2024-01-14T15:39:49.749+0200] {processor.py:840} INFO - DAG(s) 'example_xcom' retrieved from /home/mahmoud/airflow_env/lib/python3.10/site-packages/airflow/example_dags/example_xcom.py
[2024-01-14T15:39:49.765+0200] {logging_mixin.py:188} INFO - [2024-01-14T15:39:49.765+0200] {dag.py:3033} INFO - Sync 1 DAGs
[2024-01-14T15:39:49.783+0200] {logging_mixin.py:188} INFO - [2024-01-14T15:39:49.783+0200] {dag.py:3820} INFO - Setting next_dagrun for example_xcom to 2021-01-01T00:00:00+00:00, run_after=2021-01-01T00:00:00+00:00
[2024-01-14T15:39:49.823+0200] {processor.py:183} INFO - Processing /home/mahmoud/airflow_env/lib/python3.10/site-packages/airflow/example_dags/example_xcom.py took 0.089 seconds
[2024-01-14T15:40:47.309+0200] {processor.py:161} INFO - Started process (PID=25480) to work on /home/mahmoud/airflow_env/lib/python3.10/site-packages/airflow/example_dags/example_xcom.py
[2024-01-14T15:40:47.311+0200] {processor.py:830} INFO - Processing file /home/mahmoud/airflow_env/lib/python3.10/site-packages/airflow/example_dags/example_xcom.py for tasks to queue
[2024-01-14T15:40:47.312+0200] {logging_mixin.py:188} INFO - [2024-01-14T15:40:47.311+0200] {dagbag.py:538} INFO - Filling up the DagBag from /home/mahmoud/airflow_env/lib/python3.10/site-packages/airflow/example_dags/example_xcom.py
[2024-01-14T15:40:47.319+0200] {processor.py:840} INFO - DAG(s) 'example_xcom' retrieved from /home/mahmoud/airflow_env/lib/python3.10/site-packages/airflow/example_dags/example_xcom.py
[2024-01-14T15:40:47.333+0200] {logging_mixin.py:188} INFO - [2024-01-14T15:40:47.333+0200] {dag.py:3033} INFO - Sync 1 DAGs
[2024-01-14T15:40:47.350+0200] {logging_mixin.py:188} INFO - [2024-01-14T15:40:47.349+0200] {dag.py:3820} INFO - Setting next_dagrun for example_xcom to 2021-01-01T00:00:00+00:00, run_after=2021-01-01T00:00:00+00:00
[2024-01-14T15:40:47.374+0200] {processor.py:183} INFO - Processing /home/mahmoud/airflow_env/lib/python3.10/site-packages/airflow/example_dags/example_xcom.py took 0.069 seconds
[2024-01-14T15:41:37.830+0200] {processor.py:161} INFO - Started process (PID=25740) to work on /home/mahmoud/airflow_env/lib/python3.10/site-packages/airflow/example_dags/example_xcom.py
[2024-01-14T15:41:37.832+0200] {processor.py:830} INFO - Processing file /home/mahmoud/airflow_env/lib/python3.10/site-packages/airflow/example_dags/example_xcom.py for tasks to queue
[2024-01-14T15:41:37.832+0200] {logging_mixin.py:188} INFO - [2024-01-14T15:41:37.832+0200] {dagbag.py:538} INFO - Filling up the DagBag from /home/mahmoud/airflow_env/lib/python3.10/site-packages/airflow/example_dags/example_xcom.py
[2024-01-14T15:41:37.842+0200] {processor.py:840} INFO - DAG(s) 'example_xcom' retrieved from /home/mahmoud/airflow_env/lib/python3.10/site-packages/airflow/example_dags/example_xcom.py
[2024-01-14T15:41:37.857+0200] {logging_mixin.py:188} INFO - [2024-01-14T15:41:37.857+0200] {dag.py:3033} INFO - Sync 1 DAGs
[2024-01-14T15:41:37.875+0200] {logging_mixin.py:188} INFO - [2024-01-14T15:41:37.875+0200] {dag.py:3820} INFO - Setting next_dagrun for example_xcom to 2021-01-01T00:00:00+00:00, run_after=2021-01-01T00:00:00+00:00
[2024-01-14T15:41:37.899+0200] {processor.py:183} INFO - Processing /home/mahmoud/airflow_env/lib/python3.10/site-packages/airflow/example_dags/example_xcom.py took 0.072 seconds
[2024-01-14T15:42:31.686+0200] {processor.py:161} INFO - Started process (PID=25999) to work on /home/mahmoud/airflow_env/lib/python3.10/site-packages/airflow/example_dags/example_xcom.py
[2024-01-14T15:42:31.690+0200] {processor.py:830} INFO - Processing file /home/mahmoud/airflow_env/lib/python3.10/site-packages/airflow/example_dags/example_xcom.py for tasks to queue
[2024-01-14T15:42:31.692+0200] {logging_mixin.py:188} INFO - [2024-01-14T15:42:31.691+0200] {dagbag.py:538} INFO - Filling up the DagBag from /home/mahmoud/airflow_env/lib/python3.10/site-packages/airflow/example_dags/example_xcom.py
[2024-01-14T15:42:31.709+0200] {processor.py:840} INFO - DAG(s) 'example_xcom' retrieved from /home/mahmoud/airflow_env/lib/python3.10/site-packages/airflow/example_dags/example_xcom.py
[2024-01-14T15:42:31.728+0200] {logging_mixin.py:188} INFO - [2024-01-14T15:42:31.728+0200] {dag.py:3033} INFO - Sync 1 DAGs
[2024-01-14T15:42:31.744+0200] {logging_mixin.py:188} INFO - [2024-01-14T15:42:31.744+0200] {dag.py:3820} INFO - Setting next_dagrun for example_xcom to 2021-01-01T00:00:00+00:00, run_after=2021-01-01T00:00:00+00:00
[2024-01-14T15:42:31.762+0200] {processor.py:183} INFO - Processing /home/mahmoud/airflow_env/lib/python3.10/site-packages/airflow/example_dags/example_xcom.py took 0.082 seconds
[2024-01-14T15:43:45.000+0200] {processor.py:161} INFO - Started process (PID=26804) to work on /home/mahmoud/airflow_env/lib/python3.10/site-packages/airflow/example_dags/example_xcom.py
[2024-01-14T15:43:45.001+0200] {processor.py:830} INFO - Processing file /home/mahmoud/airflow_env/lib/python3.10/site-packages/airflow/example_dags/example_xcom.py for tasks to queue
[2024-01-14T15:43:45.002+0200] {logging_mixin.py:188} INFO - [2024-01-14T15:43:45.002+0200] {dagbag.py:538} INFO - Filling up the DagBag from /home/mahmoud/airflow_env/lib/python3.10/site-packages/airflow/example_dags/example_xcom.py
[2024-01-14T15:43:45.010+0200] {processor.py:840} INFO - DAG(s) 'example_xcom' retrieved from /home/mahmoud/airflow_env/lib/python3.10/site-packages/airflow/example_dags/example_xcom.py
[2024-01-14T15:43:45.025+0200] {logging_mixin.py:188} INFO - [2024-01-14T15:43:45.025+0200] {dag.py:3033} INFO - Sync 1 DAGs
[2024-01-14T15:43:45.043+0200] {logging_mixin.py:188} INFO - [2024-01-14T15:43:45.043+0200] {dag.py:3820} INFO - Setting next_dagrun for example_xcom to 2021-01-01T00:00:00+00:00, run_after=2021-01-01T00:00:00+00:00
[2024-01-14T15:43:45.065+0200] {processor.py:183} INFO - Processing /home/mahmoud/airflow_env/lib/python3.10/site-packages/airflow/example_dags/example_xcom.py took 0.068 seconds
[2024-01-14T15:44:27.006+0200] {processor.py:161} INFO - Started process (PID=27257) to work on /home/mahmoud/airflow_env/lib/python3.10/site-packages/airflow/example_dags/example_xcom.py
[2024-01-14T15:44:27.008+0200] {processor.py:830} INFO - Processing file /home/mahmoud/airflow_env/lib/python3.10/site-packages/airflow/example_dags/example_xcom.py for tasks to queue
[2024-01-14T15:44:27.010+0200] {logging_mixin.py:188} INFO - [2024-01-14T15:44:27.009+0200] {dagbag.py:538} INFO - Filling up the DagBag from /home/mahmoud/airflow_env/lib/python3.10/site-packages/airflow/example_dags/example_xcom.py
[2024-01-14T15:44:27.019+0200] {processor.py:840} INFO - DAG(s) 'example_xcom' retrieved from /home/mahmoud/airflow_env/lib/python3.10/site-packages/airflow/example_dags/example_xcom.py
[2024-01-14T15:44:27.034+0200] {logging_mixin.py:188} INFO - [2024-01-14T15:44:27.034+0200] {dag.py:3033} INFO - Sync 1 DAGs
[2024-01-14T15:44:27.050+0200] {logging_mixin.py:188} INFO - [2024-01-14T15:44:27.050+0200] {dag.py:3820} INFO - Setting next_dagrun for example_xcom to 2021-01-01T00:00:00+00:00, run_after=2021-01-01T00:00:00+00:00
[2024-01-14T15:44:27.070+0200] {processor.py:183} INFO - Processing /home/mahmoud/airflow_env/lib/python3.10/site-packages/airflow/example_dags/example_xcom.py took 0.069 seconds
[2024-01-14T15:45:19.989+0200] {processor.py:161} INFO - Started process (PID=27760) to work on /home/mahmoud/airflow_env/lib/python3.10/site-packages/airflow/example_dags/example_xcom.py
[2024-01-14T15:45:19.992+0200] {processor.py:830} INFO - Processing file /home/mahmoud/airflow_env/lib/python3.10/site-packages/airflow/example_dags/example_xcom.py for tasks to queue
[2024-01-14T15:45:19.993+0200] {logging_mixin.py:188} INFO - [2024-01-14T15:45:19.993+0200] {dagbag.py:538} INFO - Filling up the DagBag from /home/mahmoud/airflow_env/lib/python3.10/site-packages/airflow/example_dags/example_xcom.py
[2024-01-14T15:45:20.000+0200] {processor.py:840} INFO - DAG(s) 'example_xcom' retrieved from /home/mahmoud/airflow_env/lib/python3.10/site-packages/airflow/example_dags/example_xcom.py
[2024-01-14T15:45:20.013+0200] {logging_mixin.py:188} INFO - [2024-01-14T15:45:20.012+0200] {dag.py:3033} INFO - Sync 1 DAGs
[2024-01-14T15:45:20.028+0200] {logging_mixin.py:188} INFO - [2024-01-14T15:45:20.028+0200] {dag.py:3820} INFO - Setting next_dagrun for example_xcom to 2021-01-01T00:00:00+00:00, run_after=2021-01-01T00:00:00+00:00
[2024-01-14T15:45:20.070+0200] {processor.py:183} INFO - Processing /home/mahmoud/airflow_env/lib/python3.10/site-packages/airflow/example_dags/example_xcom.py took 0.084 seconds
[2024-01-14T15:46:10.999+0200] {processor.py:161} INFO - Started process (PID=27963) to work on /home/mahmoud/airflow_env/lib/python3.10/site-packages/airflow/example_dags/example_xcom.py
[2024-01-14T15:46:11.001+0200] {processor.py:830} INFO - Processing file /home/mahmoud/airflow_env/lib/python3.10/site-packages/airflow/example_dags/example_xcom.py for tasks to queue
[2024-01-14T15:46:11.001+0200] {logging_mixin.py:188} INFO - [2024-01-14T15:46:11.001+0200] {dagbag.py:538} INFO - Filling up the DagBag from /home/mahmoud/airflow_env/lib/python3.10/site-packages/airflow/example_dags/example_xcom.py
[2024-01-14T15:46:11.012+0200] {processor.py:840} INFO - DAG(s) 'example_xcom' retrieved from /home/mahmoud/airflow_env/lib/python3.10/site-packages/airflow/example_dags/example_xcom.py
[2024-01-14T15:46:11.029+0200] {logging_mixin.py:188} INFO - [2024-01-14T15:46:11.028+0200] {dag.py:3033} INFO - Sync 1 DAGs
[2024-01-14T15:46:11.046+0200] {logging_mixin.py:188} INFO - [2024-01-14T15:46:11.046+0200] {dag.py:3820} INFO - Setting next_dagrun for example_xcom to 2021-01-01T00:00:00+00:00, run_after=2021-01-01T00:00:00+00:00
[2024-01-14T15:46:11.069+0200] {processor.py:183} INFO - Processing /home/mahmoud/airflow_env/lib/python3.10/site-packages/airflow/example_dags/example_xcom.py took 0.073 seconds
[2024-01-14T15:47:06.010+0200] {processor.py:161} INFO - Started process (PID=28217) to work on /home/mahmoud/airflow_env/lib/python3.10/site-packages/airflow/example_dags/example_xcom.py
[2024-01-14T15:47:06.011+0200] {processor.py:830} INFO - Processing file /home/mahmoud/airflow_env/lib/python3.10/site-packages/airflow/example_dags/example_xcom.py for tasks to queue
[2024-01-14T15:47:06.011+0200] {logging_mixin.py:188} INFO - [2024-01-14T15:47:06.011+0200] {dagbag.py:538} INFO - Filling up the DagBag from /home/mahmoud/airflow_env/lib/python3.10/site-packages/airflow/example_dags/example_xcom.py
[2024-01-14T15:47:06.017+0200] {processor.py:840} INFO - DAG(s) 'example_xcom' retrieved from /home/mahmoud/airflow_env/lib/python3.10/site-packages/airflow/example_dags/example_xcom.py
[2024-01-14T15:47:06.030+0200] {logging_mixin.py:188} INFO - [2024-01-14T15:47:06.030+0200] {dag.py:3033} INFO - Sync 1 DAGs
[2024-01-14T15:47:06.045+0200] {logging_mixin.py:188} INFO - [2024-01-14T15:47:06.045+0200] {dag.py:3820} INFO - Setting next_dagrun for example_xcom to 2021-01-01T00:00:00+00:00, run_after=2021-01-01T00:00:00+00:00
[2024-01-14T15:47:06.065+0200] {processor.py:183} INFO - Processing /home/mahmoud/airflow_env/lib/python3.10/site-packages/airflow/example_dags/example_xcom.py took 0.058 seconds
[2024-01-14T15:47:58.650+0200] {processor.py:161} INFO - Started process (PID=28479) to work on /home/mahmoud/airflow_env/lib/python3.10/site-packages/airflow/example_dags/example_xcom.py
[2024-01-14T15:47:58.653+0200] {processor.py:830} INFO - Processing file /home/mahmoud/airflow_env/lib/python3.10/site-packages/airflow/example_dags/example_xcom.py for tasks to queue
[2024-01-14T15:47:58.655+0200] {logging_mixin.py:188} INFO - [2024-01-14T15:47:58.654+0200] {dagbag.py:538} INFO - Filling up the DagBag from /home/mahmoud/airflow_env/lib/python3.10/site-packages/airflow/example_dags/example_xcom.py
[2024-01-14T15:47:58.676+0200] {processor.py:840} INFO - DAG(s) 'example_xcom' retrieved from /home/mahmoud/airflow_env/lib/python3.10/site-packages/airflow/example_dags/example_xcom.py
[2024-01-14T15:47:58.701+0200] {logging_mixin.py:188} INFO - [2024-01-14T15:47:58.700+0200] {dag.py:3033} INFO - Sync 1 DAGs
[2024-01-14T15:47:58.720+0200] {logging_mixin.py:188} INFO - [2024-01-14T15:47:58.720+0200] {dag.py:3820} INFO - Setting next_dagrun for example_xcom to 2021-01-01T00:00:00+00:00, run_after=2021-01-01T00:00:00+00:00
[2024-01-14T15:47:58.743+0200] {processor.py:183} INFO - Processing /home/mahmoud/airflow_env/lib/python3.10/site-packages/airflow/example_dags/example_xcom.py took 0.100 seconds
[2024-01-14T15:48:51.666+0200] {processor.py:161} INFO - Started process (PID=28690) to work on /home/mahmoud/airflow_env/lib/python3.10/site-packages/airflow/example_dags/example_xcom.py
[2024-01-14T15:48:51.668+0200] {processor.py:830} INFO - Processing file /home/mahmoud/airflow_env/lib/python3.10/site-packages/airflow/example_dags/example_xcom.py for tasks to queue
[2024-01-14T15:48:51.669+0200] {logging_mixin.py:188} INFO - [2024-01-14T15:48:51.669+0200] {dagbag.py:538} INFO - Filling up the DagBag from /home/mahmoud/airflow_env/lib/python3.10/site-packages/airflow/example_dags/example_xcom.py
[2024-01-14T15:48:51.676+0200] {processor.py:840} INFO - DAG(s) 'example_xcom' retrieved from /home/mahmoud/airflow_env/lib/python3.10/site-packages/airflow/example_dags/example_xcom.py
[2024-01-14T15:48:51.691+0200] {logging_mixin.py:188} INFO - [2024-01-14T15:48:51.691+0200] {dag.py:3033} INFO - Sync 1 DAGs
[2024-01-14T15:48:51.708+0200] {logging_mixin.py:188} INFO - [2024-01-14T15:48:51.708+0200] {dag.py:3820} INFO - Setting next_dagrun for example_xcom to 2021-01-01T00:00:00+00:00, run_after=2021-01-01T00:00:00+00:00
[2024-01-14T15:48:51.732+0200] {processor.py:183} INFO - Processing /home/mahmoud/airflow_env/lib/python3.10/site-packages/airflow/example_dags/example_xcom.py took 0.069 seconds
[2024-01-14T15:49:45.637+0200] {processor.py:161} INFO - Started process (PID=28902) to work on /home/mahmoud/airflow_env/lib/python3.10/site-packages/airflow/example_dags/example_xcom.py
[2024-01-14T15:49:45.638+0200] {processor.py:830} INFO - Processing file /home/mahmoud/airflow_env/lib/python3.10/site-packages/airflow/example_dags/example_xcom.py for tasks to queue
[2024-01-14T15:49:45.639+0200] {logging_mixin.py:188} INFO - [2024-01-14T15:49:45.639+0200] {dagbag.py:538} INFO - Filling up the DagBag from /home/mahmoud/airflow_env/lib/python3.10/site-packages/airflow/example_dags/example_xcom.py
[2024-01-14T15:49:45.647+0200] {processor.py:840} INFO - DAG(s) 'example_xcom' retrieved from /home/mahmoud/airflow_env/lib/python3.10/site-packages/airflow/example_dags/example_xcom.py
[2024-01-14T15:49:45.661+0200] {logging_mixin.py:188} INFO - [2024-01-14T15:49:45.661+0200] {dag.py:3033} INFO - Sync 1 DAGs
[2024-01-14T15:49:45.678+0200] {logging_mixin.py:188} INFO - [2024-01-14T15:49:45.678+0200] {dag.py:3820} INFO - Setting next_dagrun for example_xcom to 2021-01-01T00:00:00+00:00, run_after=2021-01-01T00:00:00+00:00
[2024-01-14T15:49:45.700+0200] {processor.py:183} INFO - Processing /home/mahmoud/airflow_env/lib/python3.10/site-packages/airflow/example_dags/example_xcom.py took 0.066 seconds
[2024-01-14T15:50:35.951+0200] {processor.py:161} INFO - Started process (PID=29105) to work on /home/mahmoud/airflow_env/lib/python3.10/site-packages/airflow/example_dags/example_xcom.py
[2024-01-14T15:50:35.954+0200] {processor.py:830} INFO - Processing file /home/mahmoud/airflow_env/lib/python3.10/site-packages/airflow/example_dags/example_xcom.py for tasks to queue
[2024-01-14T15:50:35.956+0200] {logging_mixin.py:188} INFO - [2024-01-14T15:50:35.955+0200] {dagbag.py:538} INFO - Filling up the DagBag from /home/mahmoud/airflow_env/lib/python3.10/site-packages/airflow/example_dags/example_xcom.py
[2024-01-14T15:50:35.974+0200] {processor.py:840} INFO - DAG(s) 'example_xcom' retrieved from /home/mahmoud/airflow_env/lib/python3.10/site-packages/airflow/example_dags/example_xcom.py
[2024-01-14T15:50:35.995+0200] {logging_mixin.py:188} INFO - [2024-01-14T15:50:35.995+0200] {dag.py:3033} INFO - Sync 1 DAGs
[2024-01-14T15:50:36.014+0200] {logging_mixin.py:188} INFO - [2024-01-14T15:50:36.014+0200] {dag.py:3820} INFO - Setting next_dagrun for example_xcom to 2021-01-01T00:00:00+00:00, run_after=2021-01-01T00:00:00+00:00
[2024-01-14T15:50:36.036+0200] {processor.py:183} INFO - Processing /home/mahmoud/airflow_env/lib/python3.10/site-packages/airflow/example_dags/example_xcom.py took 0.091 seconds
[2024-01-14T15:51:29.771+0200] {processor.py:161} INFO - Started process (PID=29315) to work on /home/mahmoud/airflow_env/lib/python3.10/site-packages/airflow/example_dags/example_xcom.py
[2024-01-14T15:51:29.773+0200] {processor.py:830} INFO - Processing file /home/mahmoud/airflow_env/lib/python3.10/site-packages/airflow/example_dags/example_xcom.py for tasks to queue
[2024-01-14T15:51:29.774+0200] {logging_mixin.py:188} INFO - [2024-01-14T15:51:29.773+0200] {dagbag.py:538} INFO - Filling up the DagBag from /home/mahmoud/airflow_env/lib/python3.10/site-packages/airflow/example_dags/example_xcom.py
[2024-01-14T15:51:29.781+0200] {processor.py:840} INFO - DAG(s) 'example_xcom' retrieved from /home/mahmoud/airflow_env/lib/python3.10/site-packages/airflow/example_dags/example_xcom.py
[2024-01-14T15:51:29.796+0200] {logging_mixin.py:188} INFO - [2024-01-14T15:51:29.796+0200] {dag.py:3033} INFO - Sync 1 DAGs
[2024-01-14T15:51:29.813+0200] {logging_mixin.py:188} INFO - [2024-01-14T15:51:29.813+0200] {dag.py:3820} INFO - Setting next_dagrun for example_xcom to 2021-01-01T00:00:00+00:00, run_after=2021-01-01T00:00:00+00:00
[2024-01-14T15:51:29.837+0200] {processor.py:183} INFO - Processing /home/mahmoud/airflow_env/lib/python3.10/site-packages/airflow/example_dags/example_xcom.py took 0.070 seconds
[2024-01-14T15:52:21.386+0200] {processor.py:161} INFO - Started process (PID=29519) to work on /home/mahmoud/airflow_env/lib/python3.10/site-packages/airflow/example_dags/example_xcom.py
[2024-01-14T15:52:21.388+0200] {processor.py:830} INFO - Processing file /home/mahmoud/airflow_env/lib/python3.10/site-packages/airflow/example_dags/example_xcom.py for tasks to queue
[2024-01-14T15:52:21.389+0200] {logging_mixin.py:188} INFO - [2024-01-14T15:52:21.389+0200] {dagbag.py:538} INFO - Filling up the DagBag from /home/mahmoud/airflow_env/lib/python3.10/site-packages/airflow/example_dags/example_xcom.py
[2024-01-14T15:52:21.396+0200] {processor.py:840} INFO - DAG(s) 'example_xcom' retrieved from /home/mahmoud/airflow_env/lib/python3.10/site-packages/airflow/example_dags/example_xcom.py
[2024-01-14T15:52:21.411+0200] {logging_mixin.py:188} INFO - [2024-01-14T15:52:21.411+0200] {dag.py:3033} INFO - Sync 1 DAGs
[2024-01-14T15:52:21.428+0200] {logging_mixin.py:188} INFO - [2024-01-14T15:52:21.428+0200] {dag.py:3820} INFO - Setting next_dagrun for example_xcom to 2021-01-01T00:00:00+00:00, run_after=2021-01-01T00:00:00+00:00
[2024-01-14T15:52:21.450+0200] {processor.py:183} INFO - Processing /home/mahmoud/airflow_env/lib/python3.10/site-packages/airflow/example_dags/example_xcom.py took 0.066 seconds
[2024-01-14T15:53:10.560+0200] {processor.py:161} INFO - Started process (PID=29745) to work on /home/mahmoud/airflow_env/lib/python3.10/site-packages/airflow/example_dags/example_xcom.py
[2024-01-14T15:53:10.562+0200] {processor.py:830} INFO - Processing file /home/mahmoud/airflow_env/lib/python3.10/site-packages/airflow/example_dags/example_xcom.py for tasks to queue
[2024-01-14T15:53:10.563+0200] {logging_mixin.py:188} INFO - [2024-01-14T15:53:10.563+0200] {dagbag.py:538} INFO - Filling up the DagBag from /home/mahmoud/airflow_env/lib/python3.10/site-packages/airflow/example_dags/example_xcom.py
[2024-01-14T15:53:10.570+0200] {processor.py:840} INFO - DAG(s) 'example_xcom' retrieved from /home/mahmoud/airflow_env/lib/python3.10/site-packages/airflow/example_dags/example_xcom.py
[2024-01-14T15:53:10.585+0200] {logging_mixin.py:188} INFO - [2024-01-14T15:53:10.584+0200] {dag.py:3033} INFO - Sync 1 DAGs
[2024-01-14T15:53:10.602+0200] {logging_mixin.py:188} INFO - [2024-01-14T15:53:10.602+0200] {dag.py:3820} INFO - Setting next_dagrun for example_xcom to 2021-01-01T00:00:00+00:00, run_after=2021-01-01T00:00:00+00:00
[2024-01-14T15:53:10.625+0200] {processor.py:183} INFO - Processing /home/mahmoud/airflow_env/lib/python3.10/site-packages/airflow/example_dags/example_xcom.py took 0.067 seconds
[2024-01-14T15:54:20.077+0200] {processor.py:161} INFO - Started process (PID=29997) to work on /home/mahmoud/airflow_env/lib/python3.10/site-packages/airflow/example_dags/example_xcom.py
[2024-01-14T15:54:20.081+0200] {processor.py:830} INFO - Processing file /home/mahmoud/airflow_env/lib/python3.10/site-packages/airflow/example_dags/example_xcom.py for tasks to queue
[2024-01-14T15:54:20.084+0200] {logging_mixin.py:188} INFO - [2024-01-14T15:54:20.083+0200] {dagbag.py:538} INFO - Filling up the DagBag from /home/mahmoud/airflow_env/lib/python3.10/site-packages/airflow/example_dags/example_xcom.py
[2024-01-14T15:54:20.110+0200] {processor.py:840} INFO - DAG(s) 'example_xcom' retrieved from /home/mahmoud/airflow_env/lib/python3.10/site-packages/airflow/example_dags/example_xcom.py
[2024-01-14T15:54:20.162+0200] {logging_mixin.py:188} INFO - [2024-01-14T15:54:20.161+0200] {dag.py:3033} INFO - Sync 1 DAGs
[2024-01-14T15:54:20.227+0200] {logging_mixin.py:188} INFO - [2024-01-14T15:54:20.226+0200] {dag.py:3820} INFO - Setting next_dagrun for example_xcom to 2021-01-01T00:00:00+00:00, run_after=2021-01-01T00:00:00+00:00
[2024-01-14T15:54:20.299+0200] {processor.py:183} INFO - Processing /home/mahmoud/airflow_env/lib/python3.10/site-packages/airflow/example_dags/example_xcom.py took 0.232 seconds
[2024-01-14T15:55:32.077+0200] {processor.py:161} INFO - Started process (PID=30245) to work on /home/mahmoud/airflow_env/lib/python3.10/site-packages/airflow/example_dags/example_xcom.py
[2024-01-14T15:55:32.081+0200] {processor.py:830} INFO - Processing file /home/mahmoud/airflow_env/lib/python3.10/site-packages/airflow/example_dags/example_xcom.py for tasks to queue
[2024-01-14T15:55:32.084+0200] {logging_mixin.py:188} INFO - [2024-01-14T15:55:32.083+0200] {dagbag.py:538} INFO - Filling up the DagBag from /home/mahmoud/airflow_env/lib/python3.10/site-packages/airflow/example_dags/example_xcom.py
[2024-01-14T15:55:32.109+0200] {processor.py:840} INFO - DAG(s) 'example_xcom' retrieved from /home/mahmoud/airflow_env/lib/python3.10/site-packages/airflow/example_dags/example_xcom.py
[2024-01-14T15:55:32.161+0200] {logging_mixin.py:188} INFO - [2024-01-14T15:55:32.160+0200] {dag.py:3033} INFO - Sync 1 DAGs
[2024-01-14T15:55:32.226+0200] {logging_mixin.py:188} INFO - [2024-01-14T15:55:32.226+0200] {dag.py:3820} INFO - Setting next_dagrun for example_xcom to 2021-01-01T00:00:00+00:00, run_after=2021-01-01T00:00:00+00:00
[2024-01-14T15:55:32.293+0200] {processor.py:183} INFO - Processing /home/mahmoud/airflow_env/lib/python3.10/site-packages/airflow/example_dags/example_xcom.py took 0.226 seconds
[2024-01-14T15:56:32.381+0200] {processor.py:161} INFO - Started process (PID=30457) to work on /home/mahmoud/airflow_env/lib/python3.10/site-packages/airflow/example_dags/example_xcom.py
[2024-01-14T15:56:32.385+0200] {processor.py:830} INFO - Processing file /home/mahmoud/airflow_env/lib/python3.10/site-packages/airflow/example_dags/example_xcom.py for tasks to queue
[2024-01-14T15:56:32.387+0200] {logging_mixin.py:188} INFO - [2024-01-14T15:56:32.386+0200] {dagbag.py:538} INFO - Filling up the DagBag from /home/mahmoud/airflow_env/lib/python3.10/site-packages/airflow/example_dags/example_xcom.py
[2024-01-14T15:56:32.411+0200] {processor.py:840} INFO - DAG(s) 'example_xcom' retrieved from /home/mahmoud/airflow_env/lib/python3.10/site-packages/airflow/example_dags/example_xcom.py
[2024-01-14T15:56:32.457+0200] {logging_mixin.py:188} INFO - [2024-01-14T15:56:32.457+0200] {dag.py:3033} INFO - Sync 1 DAGs
[2024-01-14T15:56:32.514+0200] {logging_mixin.py:188} INFO - [2024-01-14T15:56:32.514+0200] {dag.py:3820} INFO - Setting next_dagrun for example_xcom to 2021-01-01T00:00:00+00:00, run_after=2021-01-01T00:00:00+00:00
[2024-01-14T15:56:32.573+0200] {processor.py:183} INFO - Processing /home/mahmoud/airflow_env/lib/python3.10/site-packages/airflow/example_dags/example_xcom.py took 0.201 seconds
[2024-01-14T15:57:30.705+0200] {processor.py:161} INFO - Started process (PID=30662) to work on /home/mahmoud/airflow_env/lib/python3.10/site-packages/airflow/example_dags/example_xcom.py
[2024-01-14T15:57:30.708+0200] {processor.py:830} INFO - Processing file /home/mahmoud/airflow_env/lib/python3.10/site-packages/airflow/example_dags/example_xcom.py for tasks to queue
[2024-01-14T15:57:30.711+0200] {logging_mixin.py:188} INFO - [2024-01-14T15:57:30.710+0200] {dagbag.py:538} INFO - Filling up the DagBag from /home/mahmoud/airflow_env/lib/python3.10/site-packages/airflow/example_dags/example_xcom.py
[2024-01-14T15:57:30.734+0200] {processor.py:840} INFO - DAG(s) 'example_xcom' retrieved from /home/mahmoud/airflow_env/lib/python3.10/site-packages/airflow/example_dags/example_xcom.py
[2024-01-14T15:57:30.781+0200] {logging_mixin.py:188} INFO - [2024-01-14T15:57:30.780+0200] {dag.py:3033} INFO - Sync 1 DAGs
[2024-01-14T15:57:30.838+0200] {logging_mixin.py:188} INFO - [2024-01-14T15:57:30.837+0200] {dag.py:3820} INFO - Setting next_dagrun for example_xcom to 2021-01-01T00:00:00+00:00, run_after=2021-01-01T00:00:00+00:00
[2024-01-14T15:57:30.899+0200] {processor.py:183} INFO - Processing /home/mahmoud/airflow_env/lib/python3.10/site-packages/airflow/example_dags/example_xcom.py took 0.203 seconds
