[2024-01-14T14:40:37.360+0200] {processor.py:161} INFO - Started process (PID=9743) to work on /home/mahmoud/airflow_env/lib/python3.10/site-packages/airflow/example_dags/example_xcomargs.py
[2024-01-14T14:40:37.361+0200] {processor.py:830} INFO - Processing file /home/mahmoud/airflow_env/lib/python3.10/site-packages/airflow/example_dags/example_xcomargs.py for tasks to queue
[2024-01-14T14:40:37.362+0200] {logging_mixin.py:188} INFO - [2024-01-14T14:40:37.361+0200] {dagbag.py:538} INFO - Filling up the DagBag from /home/mahmoud/airflow_env/lib/python3.10/site-packages/airflow/example_dags/example_xcomargs.py
[2024-01-14T14:40:37.370+0200] {processor.py:840} INFO - DAG(s) 'example_xcom_args', 'example_xcom_args_with_operators' retrieved from /home/mahmoud/airflow_env/lib/python3.10/site-packages/airflow/example_dags/example_xcomargs.py
[2024-01-14T14:40:37.531+0200] {logging_mixin.py:188} INFO - [2024-01-14T14:40:37.531+0200] {override.py:1769} INFO - Created Permission View: can edit on DAG:example_xcom_args
[2024-01-14T14:40:37.543+0200] {logging_mixin.py:188} INFO - [2024-01-14T14:40:37.542+0200] {override.py:1769} INFO - Created Permission View: can read on DAG:example_xcom_args
[2024-01-14T14:40:37.551+0200] {logging_mixin.py:188} INFO - [2024-01-14T14:40:37.551+0200] {override.py:1769} INFO - Created Permission View: can delete on DAG:example_xcom_args
[2024-01-14T14:40:37.570+0200] {logging_mixin.py:188} INFO - [2024-01-14T14:40:37.569+0200] {override.py:1769} INFO - Created Permission View: can edit on DAG:example_xcom_args_with_operators
[2024-01-14T14:40:37.579+0200] {logging_mixin.py:188} INFO - [2024-01-14T14:40:37.578+0200] {override.py:1769} INFO - Created Permission View: can read on DAG:example_xcom_args_with_operators
[2024-01-14T14:40:37.587+0200] {logging_mixin.py:188} INFO - [2024-01-14T14:40:37.587+0200] {override.py:1769} INFO - Created Permission View: can delete on DAG:example_xcom_args_with_operators
[2024-01-14T14:40:37.588+0200] {logging_mixin.py:188} INFO - [2024-01-14T14:40:37.588+0200] {dag.py:3033} INFO - Sync 2 DAGs
[2024-01-14T14:40:37.596+0200] {logging_mixin.py:188} INFO - [2024-01-14T14:40:37.596+0200] {dag.py:3055} INFO - Creating ORM DAG for example_xcom_args
[2024-01-14T14:40:37.596+0200] {logging_mixin.py:188} INFO - [2024-01-14T14:40:37.596+0200] {dag.py:3055} INFO - Creating ORM DAG for example_xcom_args_with_operators
[2024-01-14T14:40:37.597+0200] {logging_mixin.py:188} INFO - [2024-01-14T14:40:37.597+0200] {dag.py:3820} INFO - Setting next_dagrun for example_xcom_args to None, run_after=None
[2024-01-14T14:40:37.597+0200] {logging_mixin.py:188} INFO - [2024-01-14T14:40:37.597+0200] {dag.py:3820} INFO - Setting next_dagrun for example_xcom_args_with_operators to None, run_after=None
[2024-01-14T14:40:37.617+0200] {processor.py:183} INFO - Processing /home/mahmoud/airflow_env/lib/python3.10/site-packages/airflow/example_dags/example_xcomargs.py took 0.259 seconds
[2024-01-14T15:08:14.704+0200] {processor.py:161} INFO - Started process (PID=16092) to work on /home/mahmoud/airflow_env/lib/python3.10/site-packages/airflow/example_dags/example_xcomargs.py
[2024-01-14T15:08:14.707+0200] {processor.py:830} INFO - Processing file /home/mahmoud/airflow_env/lib/python3.10/site-packages/airflow/example_dags/example_xcomargs.py for tasks to queue
[2024-01-14T15:08:14.708+0200] {logging_mixin.py:188} INFO - [2024-01-14T15:08:14.708+0200] {dagbag.py:538} INFO - Filling up the DagBag from /home/mahmoud/airflow_env/lib/python3.10/site-packages/airflow/example_dags/example_xcomargs.py
[2024-01-14T15:08:14.719+0200] {processor.py:840} INFO - DAG(s) 'example_xcom_args', 'example_xcom_args_with_operators' retrieved from /home/mahmoud/airflow_env/lib/python3.10/site-packages/airflow/example_dags/example_xcomargs.py
[2024-01-14T15:08:14.735+0200] {logging_mixin.py:188} INFO - [2024-01-14T15:08:14.734+0200] {dag.py:3033} INFO - Sync 2 DAGs
[2024-01-14T15:08:14.744+0200] {logging_mixin.py:188} INFO - [2024-01-14T15:08:14.744+0200] {dag.py:3820} INFO - Setting next_dagrun for example_xcom_args to None, run_after=None
[2024-01-14T15:08:14.747+0200] {logging_mixin.py:188} INFO - [2024-01-14T15:08:14.747+0200] {dag.py:3820} INFO - Setting next_dagrun for example_xcom_args_with_operators to None, run_after=None
[2024-01-14T15:08:14.841+0200] {processor.py:183} INFO - Processing /home/mahmoud/airflow_env/lib/python3.10/site-packages/airflow/example_dags/example_xcomargs.py took 0.144 seconds
[2024-01-14T15:09:07.035+0200] {processor.py:161} INFO - Started process (PID=16369) to work on /home/mahmoud/airflow_env/lib/python3.10/site-packages/airflow/example_dags/example_xcomargs.py
[2024-01-14T15:09:07.037+0200] {processor.py:830} INFO - Processing file /home/mahmoud/airflow_env/lib/python3.10/site-packages/airflow/example_dags/example_xcomargs.py for tasks to queue
[2024-01-14T15:09:07.038+0200] {logging_mixin.py:188} INFO - [2024-01-14T15:09:07.038+0200] {dagbag.py:538} INFO - Filling up the DagBag from /home/mahmoud/airflow_env/lib/python3.10/site-packages/airflow/example_dags/example_xcomargs.py
[2024-01-14T15:09:07.047+0200] {processor.py:840} INFO - DAG(s) 'example_xcom_args', 'example_xcom_args_with_operators' retrieved from /home/mahmoud/airflow_env/lib/python3.10/site-packages/airflow/example_dags/example_xcomargs.py
[2024-01-14T15:09:07.063+0200] {logging_mixin.py:188} INFO - [2024-01-14T15:09:07.063+0200] {dag.py:3033} INFO - Sync 2 DAGs
[2024-01-14T15:09:07.075+0200] {logging_mixin.py:188} INFO - [2024-01-14T15:09:07.075+0200] {dag.py:3820} INFO - Setting next_dagrun for example_xcom_args to None, run_after=None
[2024-01-14T15:09:07.078+0200] {logging_mixin.py:188} INFO - [2024-01-14T15:09:07.077+0200] {dag.py:3820} INFO - Setting next_dagrun for example_xcom_args_with_operators to None, run_after=None
[2024-01-14T15:09:07.097+0200] {processor.py:183} INFO - Processing /home/mahmoud/airflow_env/lib/python3.10/site-packages/airflow/example_dags/example_xcomargs.py took 0.066 seconds
[2024-01-14T15:09:56.197+0200] {processor.py:161} INFO - Started process (PID=16657) to work on /home/mahmoud/airflow_env/lib/python3.10/site-packages/airflow/example_dags/example_xcomargs.py
[2024-01-14T15:09:56.199+0200] {processor.py:830} INFO - Processing file /home/mahmoud/airflow_env/lib/python3.10/site-packages/airflow/example_dags/example_xcomargs.py for tasks to queue
[2024-01-14T15:09:56.201+0200] {logging_mixin.py:188} INFO - [2024-01-14T15:09:56.200+0200] {dagbag.py:538} INFO - Filling up the DagBag from /home/mahmoud/airflow_env/lib/python3.10/site-packages/airflow/example_dags/example_xcomargs.py
[2024-01-14T15:09:56.213+0200] {processor.py:840} INFO - DAG(s) 'example_xcom_args', 'example_xcom_args_with_operators' retrieved from /home/mahmoud/airflow_env/lib/python3.10/site-packages/airflow/example_dags/example_xcomargs.py
[2024-01-14T15:09:56.233+0200] {logging_mixin.py:188} INFO - [2024-01-14T15:09:56.233+0200] {dag.py:3033} INFO - Sync 2 DAGs
[2024-01-14T15:09:56.243+0200] {logging_mixin.py:188} INFO - [2024-01-14T15:09:56.243+0200] {dag.py:3820} INFO - Setting next_dagrun for example_xcom_args to None, run_after=None
[2024-01-14T15:09:56.246+0200] {logging_mixin.py:188} INFO - [2024-01-14T15:09:56.246+0200] {dag.py:3820} INFO - Setting next_dagrun for example_xcom_args_with_operators to None, run_after=None
[2024-01-14T15:09:56.267+0200] {processor.py:183} INFO - Processing /home/mahmoud/airflow_env/lib/python3.10/site-packages/airflow/example_dags/example_xcomargs.py took 0.077 seconds
[2024-01-14T15:10:37.878+0200] {processor.py:161} INFO - Started process (PID=16829) to work on /home/mahmoud/airflow_env/lib/python3.10/site-packages/airflow/example_dags/example_xcomargs.py
[2024-01-14T15:10:37.880+0200] {processor.py:830} INFO - Processing file /home/mahmoud/airflow_env/lib/python3.10/site-packages/airflow/example_dags/example_xcomargs.py for tasks to queue
[2024-01-14T15:10:37.882+0200] {logging_mixin.py:188} INFO - [2024-01-14T15:10:37.881+0200] {dagbag.py:538} INFO - Filling up the DagBag from /home/mahmoud/airflow_env/lib/python3.10/site-packages/airflow/example_dags/example_xcomargs.py
[2024-01-14T15:10:37.890+0200] {processor.py:840} INFO - DAG(s) 'example_xcom_args', 'example_xcom_args_with_operators' retrieved from /home/mahmoud/airflow_env/lib/python3.10/site-packages/airflow/example_dags/example_xcomargs.py
[2024-01-14T15:10:37.907+0200] {logging_mixin.py:188} INFO - [2024-01-14T15:10:37.907+0200] {dag.py:3033} INFO - Sync 2 DAGs
[2024-01-14T15:10:37.919+0200] {logging_mixin.py:188} INFO - [2024-01-14T15:10:37.919+0200] {dag.py:3820} INFO - Setting next_dagrun for example_xcom_args to None, run_after=None
[2024-01-14T15:10:37.922+0200] {logging_mixin.py:188} INFO - [2024-01-14T15:10:37.922+0200] {dag.py:3820} INFO - Setting next_dagrun for example_xcom_args_with_operators to None, run_after=None
[2024-01-14T15:10:37.945+0200] {processor.py:183} INFO - Processing /home/mahmoud/airflow_env/lib/python3.10/site-packages/airflow/example_dags/example_xcomargs.py took 0.069 seconds
[2024-01-14T15:11:17.465+0200] {processor.py:161} INFO - Started process (PID=16983) to work on /home/mahmoud/airflow_env/lib/python3.10/site-packages/airflow/example_dags/example_xcomargs.py
[2024-01-14T15:11:17.467+0200] {processor.py:830} INFO - Processing file /home/mahmoud/airflow_env/lib/python3.10/site-packages/airflow/example_dags/example_xcomargs.py for tasks to queue
[2024-01-14T15:11:17.468+0200] {logging_mixin.py:188} INFO - [2024-01-14T15:11:17.468+0200] {dagbag.py:538} INFO - Filling up the DagBag from /home/mahmoud/airflow_env/lib/python3.10/site-packages/airflow/example_dags/example_xcomargs.py
[2024-01-14T15:11:17.477+0200] {processor.py:840} INFO - DAG(s) 'example_xcom_args', 'example_xcom_args_with_operators' retrieved from /home/mahmoud/airflow_env/lib/python3.10/site-packages/airflow/example_dags/example_xcomargs.py
[2024-01-14T15:11:17.493+0200] {logging_mixin.py:188} INFO - [2024-01-14T15:11:17.492+0200] {dag.py:3033} INFO - Sync 2 DAGs
[2024-01-14T15:11:17.502+0200] {logging_mixin.py:188} INFO - [2024-01-14T15:11:17.502+0200] {dag.py:3820} INFO - Setting next_dagrun for example_xcom_args to None, run_after=None
[2024-01-14T15:11:17.505+0200] {logging_mixin.py:188} INFO - [2024-01-14T15:11:17.505+0200] {dag.py:3820} INFO - Setting next_dagrun for example_xcom_args_with_operators to None, run_after=None
[2024-01-14T15:11:17.528+0200] {processor.py:183} INFO - Processing /home/mahmoud/airflow_env/lib/python3.10/site-packages/airflow/example_dags/example_xcomargs.py took 0.066 seconds
[2024-01-14T15:11:55.532+0200] {processor.py:161} INFO - Started process (PID=17171) to work on /home/mahmoud/airflow_env/lib/python3.10/site-packages/airflow/example_dags/example_xcomargs.py
[2024-01-14T15:11:55.533+0200] {processor.py:830} INFO - Processing file /home/mahmoud/airflow_env/lib/python3.10/site-packages/airflow/example_dags/example_xcomargs.py for tasks to queue
[2024-01-14T15:11:55.534+0200] {logging_mixin.py:188} INFO - [2024-01-14T15:11:55.534+0200] {dagbag.py:538} INFO - Filling up the DagBag from /home/mahmoud/airflow_env/lib/python3.10/site-packages/airflow/example_dags/example_xcomargs.py
[2024-01-14T15:11:55.545+0200] {processor.py:840} INFO - DAG(s) 'example_xcom_args', 'example_xcom_args_with_operators' retrieved from /home/mahmoud/airflow_env/lib/python3.10/site-packages/airflow/example_dags/example_xcomargs.py
[2024-01-14T15:11:55.564+0200] {logging_mixin.py:188} INFO - [2024-01-14T15:11:55.563+0200] {dag.py:3033} INFO - Sync 2 DAGs
[2024-01-14T15:11:55.574+0200] {logging_mixin.py:188} INFO - [2024-01-14T15:11:55.574+0200] {dag.py:3820} INFO - Setting next_dagrun for example_xcom_args to None, run_after=None
[2024-01-14T15:11:55.577+0200] {logging_mixin.py:188} INFO - [2024-01-14T15:11:55.577+0200] {dag.py:3820} INFO - Setting next_dagrun for example_xcom_args_with_operators to None, run_after=None
[2024-01-14T15:11:55.600+0200] {processor.py:183} INFO - Processing /home/mahmoud/airflow_env/lib/python3.10/site-packages/airflow/example_dags/example_xcomargs.py took 0.074 seconds
[2024-01-14T15:12:31.674+0200] {processor.py:161} INFO - Started process (PID=17317) to work on /home/mahmoud/airflow_env/lib/python3.10/site-packages/airflow/example_dags/example_xcomargs.py
[2024-01-14T15:12:31.676+0200] {processor.py:830} INFO - Processing file /home/mahmoud/airflow_env/lib/python3.10/site-packages/airflow/example_dags/example_xcomargs.py for tasks to queue
[2024-01-14T15:12:31.678+0200] {logging_mixin.py:188} INFO - [2024-01-14T15:12:31.678+0200] {dagbag.py:538} INFO - Filling up the DagBag from /home/mahmoud/airflow_env/lib/python3.10/site-packages/airflow/example_dags/example_xcomargs.py
[2024-01-14T15:12:31.696+0200] {processor.py:840} INFO - DAG(s) 'example_xcom_args', 'example_xcom_args_with_operators' retrieved from /home/mahmoud/airflow_env/lib/python3.10/site-packages/airflow/example_dags/example_xcomargs.py
[2024-01-14T15:12:31.716+0200] {logging_mixin.py:188} INFO - [2024-01-14T15:12:31.716+0200] {dag.py:3033} INFO - Sync 2 DAGs
[2024-01-14T15:12:31.726+0200] {logging_mixin.py:188} INFO - [2024-01-14T15:12:31.726+0200] {dag.py:3820} INFO - Setting next_dagrun for example_xcom_args to None, run_after=None
[2024-01-14T15:12:31.728+0200] {logging_mixin.py:188} INFO - [2024-01-14T15:12:31.728+0200] {dag.py:3820} INFO - Setting next_dagrun for example_xcom_args_with_operators to None, run_after=None
[2024-01-14T15:12:31.749+0200] {processor.py:183} INFO - Processing /home/mahmoud/airflow_env/lib/python3.10/site-packages/airflow/example_dags/example_xcomargs.py took 0.085 seconds
[2024-01-14T15:13:10.040+0200] {processor.py:161} INFO - Started process (PID=17491) to work on /home/mahmoud/airflow_env/lib/python3.10/site-packages/airflow/example_dags/example_xcomargs.py
[2024-01-14T15:13:10.042+0200] {processor.py:830} INFO - Processing file /home/mahmoud/airflow_env/lib/python3.10/site-packages/airflow/example_dags/example_xcomargs.py for tasks to queue
[2024-01-14T15:13:10.043+0200] {logging_mixin.py:188} INFO - [2024-01-14T15:13:10.042+0200] {dagbag.py:538} INFO - Filling up the DagBag from /home/mahmoud/airflow_env/lib/python3.10/site-packages/airflow/example_dags/example_xcomargs.py
[2024-01-14T15:13:10.050+0200] {processor.py:840} INFO - DAG(s) 'example_xcom_args_with_operators', 'example_xcom_args' retrieved from /home/mahmoud/airflow_env/lib/python3.10/site-packages/airflow/example_dags/example_xcomargs.py
[2024-01-14T15:13:10.066+0200] {logging_mixin.py:188} INFO - [2024-01-14T15:13:10.066+0200] {dag.py:3033} INFO - Sync 2 DAGs
[2024-01-14T15:13:10.077+0200] {logging_mixin.py:188} INFO - [2024-01-14T15:13:10.077+0200] {dag.py:3820} INFO - Setting next_dagrun for example_xcom_args to None, run_after=None
[2024-01-14T15:13:10.080+0200] {logging_mixin.py:188} INFO - [2024-01-14T15:13:10.080+0200] {dag.py:3820} INFO - Setting next_dagrun for example_xcom_args_with_operators to None, run_after=None
[2024-01-14T15:13:10.102+0200] {processor.py:183} INFO - Processing /home/mahmoud/airflow_env/lib/python3.10/site-packages/airflow/example_dags/example_xcomargs.py took 0.064 seconds
[2024-01-14T15:20:01.349+0200] {processor.py:161} INFO - Started process (PID=19472) to work on /home/mahmoud/airflow_env/lib/python3.10/site-packages/airflow/example_dags/example_xcomargs.py
[2024-01-14T15:20:01.352+0200] {processor.py:830} INFO - Processing file /home/mahmoud/airflow_env/lib/python3.10/site-packages/airflow/example_dags/example_xcomargs.py for tasks to queue
[2024-01-14T15:20:01.354+0200] {logging_mixin.py:188} INFO - [2024-01-14T15:20:01.353+0200] {dagbag.py:538} INFO - Filling up the DagBag from /home/mahmoud/airflow_env/lib/python3.10/site-packages/airflow/example_dags/example_xcomargs.py
[2024-01-14T15:20:01.371+0200] {processor.py:840} INFO - DAG(s) 'example_xcom_args', 'example_xcom_args_with_operators' retrieved from /home/mahmoud/airflow_env/lib/python3.10/site-packages/airflow/example_dags/example_xcomargs.py
[2024-01-14T15:20:01.389+0200] {logging_mixin.py:188} INFO - [2024-01-14T15:20:01.389+0200] {dag.py:3033} INFO - Sync 2 DAGs
[2024-01-14T15:20:01.400+0200] {logging_mixin.py:188} INFO - [2024-01-14T15:20:01.400+0200] {dag.py:3820} INFO - Setting next_dagrun for example_xcom_args to None, run_after=None
[2024-01-14T15:20:01.403+0200] {logging_mixin.py:188} INFO - [2024-01-14T15:20:01.402+0200] {dag.py:3820} INFO - Setting next_dagrun for example_xcom_args_with_operators to None, run_after=None
[2024-01-14T15:20:01.500+0200] {processor.py:183} INFO - Processing /home/mahmoud/airflow_env/lib/python3.10/site-packages/airflow/example_dags/example_xcomargs.py took 0.159 seconds
[2024-01-14T15:20:53.165+0200] {processor.py:161} INFO - Started process (PID=19671) to work on /home/mahmoud/airflow_env/lib/python3.10/site-packages/airflow/example_dags/example_xcomargs.py
[2024-01-14T15:20:53.167+0200] {processor.py:830} INFO - Processing file /home/mahmoud/airflow_env/lib/python3.10/site-packages/airflow/example_dags/example_xcomargs.py for tasks to queue
[2024-01-14T15:20:53.168+0200] {logging_mixin.py:188} INFO - [2024-01-14T15:20:53.167+0200] {dagbag.py:538} INFO - Filling up the DagBag from /home/mahmoud/airflow_env/lib/python3.10/site-packages/airflow/example_dags/example_xcomargs.py
[2024-01-14T15:20:53.176+0200] {processor.py:840} INFO - DAG(s) 'example_xcom_args', 'example_xcom_args_with_operators' retrieved from /home/mahmoud/airflow_env/lib/python3.10/site-packages/airflow/example_dags/example_xcomargs.py
[2024-01-14T15:20:53.191+0200] {logging_mixin.py:188} INFO - [2024-01-14T15:20:53.191+0200] {dag.py:3033} INFO - Sync 2 DAGs
[2024-01-14T15:20:53.202+0200] {logging_mixin.py:188} INFO - [2024-01-14T15:20:53.201+0200] {dag.py:3820} INFO - Setting next_dagrun for example_xcom_args to None, run_after=None
[2024-01-14T15:20:53.204+0200] {logging_mixin.py:188} INFO - [2024-01-14T15:20:53.204+0200] {dag.py:3820} INFO - Setting next_dagrun for example_xcom_args_with_operators to None, run_after=None
[2024-01-14T15:20:53.224+0200] {processor.py:183} INFO - Processing /home/mahmoud/airflow_env/lib/python3.10/site-packages/airflow/example_dags/example_xcomargs.py took 0.062 seconds
[2024-01-14T15:21:43.022+0200] {processor.py:161} INFO - Started process (PID=19864) to work on /home/mahmoud/airflow_env/lib/python3.10/site-packages/airflow/example_dags/example_xcomargs.py
[2024-01-14T15:21:43.025+0200] {processor.py:830} INFO - Processing file /home/mahmoud/airflow_env/lib/python3.10/site-packages/airflow/example_dags/example_xcomargs.py for tasks to queue
[2024-01-14T15:21:43.026+0200] {logging_mixin.py:188} INFO - [2024-01-14T15:21:43.026+0200] {dagbag.py:538} INFO - Filling up the DagBag from /home/mahmoud/airflow_env/lib/python3.10/site-packages/airflow/example_dags/example_xcomargs.py
[2024-01-14T15:21:43.041+0200] {processor.py:840} INFO - DAG(s) 'example_xcom_args_with_operators', 'example_xcom_args' retrieved from /home/mahmoud/airflow_env/lib/python3.10/site-packages/airflow/example_dags/example_xcomargs.py
[2024-01-14T15:21:43.065+0200] {logging_mixin.py:188} INFO - [2024-01-14T15:21:43.065+0200] {dag.py:3033} INFO - Sync 2 DAGs
[2024-01-14T15:21:43.077+0200] {logging_mixin.py:188} INFO - [2024-01-14T15:21:43.077+0200] {dag.py:3820} INFO - Setting next_dagrun for example_xcom_args to None, run_after=None
[2024-01-14T15:21:43.080+0200] {logging_mixin.py:188} INFO - [2024-01-14T15:21:43.080+0200] {dag.py:3820} INFO - Setting next_dagrun for example_xcom_args_with_operators to None, run_after=None
[2024-01-14T15:21:43.101+0200] {processor.py:183} INFO - Processing /home/mahmoud/airflow_env/lib/python3.10/site-packages/airflow/example_dags/example_xcomargs.py took 0.087 seconds
[2024-01-14T15:22:21.909+0200] {processor.py:161} INFO - Started process (PID=20020) to work on /home/mahmoud/airflow_env/lib/python3.10/site-packages/airflow/example_dags/example_xcomargs.py
[2024-01-14T15:22:21.910+0200] {processor.py:830} INFO - Processing file /home/mahmoud/airflow_env/lib/python3.10/site-packages/airflow/example_dags/example_xcomargs.py for tasks to queue
[2024-01-14T15:22:21.911+0200] {logging_mixin.py:188} INFO - [2024-01-14T15:22:21.911+0200] {dagbag.py:538} INFO - Filling up the DagBag from /home/mahmoud/airflow_env/lib/python3.10/site-packages/airflow/example_dags/example_xcomargs.py
[2024-01-14T15:22:21.919+0200] {processor.py:840} INFO - DAG(s) 'example_xcom_args', 'example_xcom_args_with_operators' retrieved from /home/mahmoud/airflow_env/lib/python3.10/site-packages/airflow/example_dags/example_xcomargs.py
[2024-01-14T15:22:21.936+0200] {logging_mixin.py:188} INFO - [2024-01-14T15:22:21.935+0200] {dag.py:3033} INFO - Sync 2 DAGs
[2024-01-14T15:22:21.947+0200] {logging_mixin.py:188} INFO - [2024-01-14T15:22:21.947+0200] {dag.py:3820} INFO - Setting next_dagrun for example_xcom_args to None, run_after=None
[2024-01-14T15:22:21.950+0200] {logging_mixin.py:188} INFO - [2024-01-14T15:22:21.950+0200] {dag.py:3820} INFO - Setting next_dagrun for example_xcom_args_with_operators to None, run_after=None
[2024-01-14T15:22:21.970+0200] {processor.py:183} INFO - Processing /home/mahmoud/airflow_env/lib/python3.10/site-packages/airflow/example_dags/example_xcomargs.py took 0.063 seconds
[2024-01-14T15:23:31.633+0200] {processor.py:161} INFO - Started process (PID=20456) to work on /home/mahmoud/airflow_env/lib/python3.10/site-packages/airflow/example_dags/example_xcomargs.py
[2024-01-14T15:23:31.634+0200] {processor.py:830} INFO - Processing file /home/mahmoud/airflow_env/lib/python3.10/site-packages/airflow/example_dags/example_xcomargs.py for tasks to queue
[2024-01-14T15:23:31.635+0200] {logging_mixin.py:188} INFO - [2024-01-14T15:23:31.635+0200] {dagbag.py:538} INFO - Filling up the DagBag from /home/mahmoud/airflow_env/lib/python3.10/site-packages/airflow/example_dags/example_xcomargs.py
[2024-01-14T15:23:31.646+0200] {processor.py:840} INFO - DAG(s) 'example_xcom_args_with_operators', 'example_xcom_args' retrieved from /home/mahmoud/airflow_env/lib/python3.10/site-packages/airflow/example_dags/example_xcomargs.py
[2024-01-14T15:23:31.663+0200] {logging_mixin.py:188} INFO - [2024-01-14T15:23:31.663+0200] {dag.py:3033} INFO - Sync 2 DAGs
[2024-01-14T15:23:31.673+0200] {logging_mixin.py:188} INFO - [2024-01-14T15:23:31.673+0200] {dag.py:3820} INFO - Setting next_dagrun for example_xcom_args to None, run_after=None
[2024-01-14T15:23:31.676+0200] {logging_mixin.py:188} INFO - [2024-01-14T15:23:31.675+0200] {dag.py:3820} INFO - Setting next_dagrun for example_xcom_args_with_operators to None, run_after=None
[2024-01-14T15:23:31.780+0200] {processor.py:183} INFO - Processing /home/mahmoud/airflow_env/lib/python3.10/site-packages/airflow/example_dags/example_xcomargs.py took 0.150 seconds
[2024-01-14T15:37:53.749+0200] {processor.py:161} INFO - Started process (PID=24499) to work on /home/mahmoud/airflow_env/lib/python3.10/site-packages/airflow/example_dags/example_xcomargs.py
[2024-01-14T15:37:53.750+0200] {processor.py:830} INFO - Processing file /home/mahmoud/airflow_env/lib/python3.10/site-packages/airflow/example_dags/example_xcomargs.py for tasks to queue
[2024-01-14T15:37:53.751+0200] {logging_mixin.py:188} INFO - [2024-01-14T15:37:53.751+0200] {dagbag.py:538} INFO - Filling up the DagBag from /home/mahmoud/airflow_env/lib/python3.10/site-packages/airflow/example_dags/example_xcomargs.py
[2024-01-14T15:37:53.758+0200] {processor.py:840} INFO - DAG(s) 'example_xcom_args', 'example_xcom_args_with_operators' retrieved from /home/mahmoud/airflow_env/lib/python3.10/site-packages/airflow/example_dags/example_xcomargs.py
[2024-01-14T15:37:53.772+0200] {logging_mixin.py:188} INFO - [2024-01-14T15:37:53.772+0200] {dag.py:3033} INFO - Sync 2 DAGs
[2024-01-14T15:37:53.782+0200] {logging_mixin.py:188} INFO - [2024-01-14T15:37:53.782+0200] {dag.py:3820} INFO - Setting next_dagrun for example_xcom_args to None, run_after=None
[2024-01-14T15:37:53.785+0200] {logging_mixin.py:188} INFO - [2024-01-14T15:37:53.784+0200] {dag.py:3820} INFO - Setting next_dagrun for example_xcom_args_with_operators to None, run_after=None
[2024-01-14T15:37:53.883+0200] {processor.py:183} INFO - Processing /home/mahmoud/airflow_env/lib/python3.10/site-packages/airflow/example_dags/example_xcomargs.py took 0.136 seconds
[2024-01-14T15:38:44.922+0200] {processor.py:161} INFO - Started process (PID=24876) to work on /home/mahmoud/airflow_env/lib/python3.10/site-packages/airflow/example_dags/example_xcomargs.py
[2024-01-14T15:38:44.924+0200] {processor.py:830} INFO - Processing file /home/mahmoud/airflow_env/lib/python3.10/site-packages/airflow/example_dags/example_xcomargs.py for tasks to queue
[2024-01-14T15:38:44.925+0200] {logging_mixin.py:188} INFO - [2024-01-14T15:38:44.925+0200] {dagbag.py:538} INFO - Filling up the DagBag from /home/mahmoud/airflow_env/lib/python3.10/site-packages/airflow/example_dags/example_xcomargs.py
[2024-01-14T15:38:44.935+0200] {processor.py:840} INFO - DAG(s) 'example_xcom_args_with_operators', 'example_xcom_args' retrieved from /home/mahmoud/airflow_env/lib/python3.10/site-packages/airflow/example_dags/example_xcomargs.py
[2024-01-14T15:38:44.952+0200] {logging_mixin.py:188} INFO - [2024-01-14T15:38:44.952+0200] {dag.py:3033} INFO - Sync 2 DAGs
[2024-01-14T15:38:44.962+0200] {logging_mixin.py:188} INFO - [2024-01-14T15:38:44.962+0200] {dag.py:3820} INFO - Setting next_dagrun for example_xcom_args to None, run_after=None
[2024-01-14T15:38:44.965+0200] {logging_mixin.py:188} INFO - [2024-01-14T15:38:44.965+0200] {dag.py:3820} INFO - Setting next_dagrun for example_xcom_args_with_operators to None, run_after=None
[2024-01-14T15:38:44.987+0200] {processor.py:183} INFO - Processing /home/mahmoud/airflow_env/lib/python3.10/site-packages/airflow/example_dags/example_xcomargs.py took 0.068 seconds
[2024-01-14T15:39:32.892+0200] {processor.py:161} INFO - Started process (PID=25188) to work on /home/mahmoud/airflow_env/lib/python3.10/site-packages/airflow/example_dags/example_xcomargs.py
[2024-01-14T15:39:32.893+0200] {processor.py:830} INFO - Processing file /home/mahmoud/airflow_env/lib/python3.10/site-packages/airflow/example_dags/example_xcomargs.py for tasks to queue
[2024-01-14T15:39:32.893+0200] {logging_mixin.py:188} INFO - [2024-01-14T15:39:32.893+0200] {dagbag.py:538} INFO - Filling up the DagBag from /home/mahmoud/airflow_env/lib/python3.10/site-packages/airflow/example_dags/example_xcomargs.py
[2024-01-14T15:39:32.900+0200] {processor.py:840} INFO - DAG(s) 'example_xcom_args', 'example_xcom_args_with_operators' retrieved from /home/mahmoud/airflow_env/lib/python3.10/site-packages/airflow/example_dags/example_xcomargs.py
[2024-01-14T15:39:32.926+0200] {logging_mixin.py:188} INFO - [2024-01-14T15:39:32.925+0200] {dag.py:3033} INFO - Sync 2 DAGs
[2024-01-14T15:39:32.934+0200] {logging_mixin.py:188} INFO - [2024-01-14T15:39:32.934+0200] {dag.py:3820} INFO - Setting next_dagrun for example_xcom_args to None, run_after=None
[2024-01-14T15:39:32.938+0200] {logging_mixin.py:188} INFO - [2024-01-14T15:39:32.938+0200] {dag.py:3820} INFO - Setting next_dagrun for example_xcom_args_with_operators to None, run_after=None
[2024-01-14T15:39:32.957+0200] {processor.py:183} INFO - Processing /home/mahmoud/airflow_env/lib/python3.10/site-packages/airflow/example_dags/example_xcomargs.py took 0.067 seconds
[2024-01-14T15:40:23.569+0200] {processor.py:161} INFO - Started process (PID=25385) to work on /home/mahmoud/airflow_env/lib/python3.10/site-packages/airflow/example_dags/example_xcomargs.py
[2024-01-14T15:40:23.604+0200] {processor.py:830} INFO - Processing file /home/mahmoud/airflow_env/lib/python3.10/site-packages/airflow/example_dags/example_xcomargs.py for tasks to queue
[2024-01-14T15:40:23.605+0200] {logging_mixin.py:188} INFO - [2024-01-14T15:40:23.605+0200] {dagbag.py:538} INFO - Filling up the DagBag from /home/mahmoud/airflow_env/lib/python3.10/site-packages/airflow/example_dags/example_xcomargs.py
[2024-01-14T15:40:23.611+0200] {processor.py:840} INFO - DAG(s) 'example_xcom_args', 'example_xcom_args_with_operators' retrieved from /home/mahmoud/airflow_env/lib/python3.10/site-packages/airflow/example_dags/example_xcomargs.py
[2024-01-14T15:40:23.627+0200] {logging_mixin.py:188} INFO - [2024-01-14T15:40:23.626+0200] {dag.py:3033} INFO - Sync 2 DAGs
[2024-01-14T15:40:23.636+0200] {logging_mixin.py:188} INFO - [2024-01-14T15:40:23.635+0200] {dag.py:3820} INFO - Setting next_dagrun for example_xcom_args to None, run_after=None
[2024-01-14T15:40:23.640+0200] {logging_mixin.py:188} INFO - [2024-01-14T15:40:23.640+0200] {dag.py:3820} INFO - Setting next_dagrun for example_xcom_args_with_operators to None, run_after=None
[2024-01-14T15:40:23.660+0200] {processor.py:183} INFO - Processing /home/mahmoud/airflow_env/lib/python3.10/site-packages/airflow/example_dags/example_xcomargs.py took 0.095 seconds
[2024-01-14T15:41:02.754+0200] {processor.py:161} INFO - Started process (PID=25571) to work on /home/mahmoud/airflow_env/lib/python3.10/site-packages/airflow/example_dags/example_xcomargs.py
[2024-01-14T15:41:02.757+0200] {processor.py:830} INFO - Processing file /home/mahmoud/airflow_env/lib/python3.10/site-packages/airflow/example_dags/example_xcomargs.py for tasks to queue
[2024-01-14T15:41:02.758+0200] {logging_mixin.py:188} INFO - [2024-01-14T15:41:02.757+0200] {dagbag.py:538} INFO - Filling up the DagBag from /home/mahmoud/airflow_env/lib/python3.10/site-packages/airflow/example_dags/example_xcomargs.py
[2024-01-14T15:41:02.767+0200] {processor.py:840} INFO - DAG(s) 'example_xcom_args', 'example_xcom_args_with_operators' retrieved from /home/mahmoud/airflow_env/lib/python3.10/site-packages/airflow/example_dags/example_xcomargs.py
[2024-01-14T15:41:02.784+0200] {logging_mixin.py:188} INFO - [2024-01-14T15:41:02.783+0200] {dag.py:3033} INFO - Sync 2 DAGs
[2024-01-14T15:41:02.793+0200] {logging_mixin.py:188} INFO - [2024-01-14T15:41:02.793+0200] {dag.py:3820} INFO - Setting next_dagrun for example_xcom_args to None, run_after=None
[2024-01-14T15:41:02.796+0200] {logging_mixin.py:188} INFO - [2024-01-14T15:41:02.796+0200] {dag.py:3820} INFO - Setting next_dagrun for example_xcom_args_with_operators to None, run_after=None
[2024-01-14T15:41:02.819+0200] {processor.py:183} INFO - Processing /home/mahmoud/airflow_env/lib/python3.10/site-packages/airflow/example_dags/example_xcomargs.py took 0.070 seconds
[2024-01-14T15:41:53.703+0200] {processor.py:161} INFO - Started process (PID=25804) to work on /home/mahmoud/airflow_env/lib/python3.10/site-packages/airflow/example_dags/example_xcomargs.py
[2024-01-14T15:41:53.705+0200] {processor.py:830} INFO - Processing file /home/mahmoud/airflow_env/lib/python3.10/site-packages/airflow/example_dags/example_xcomargs.py for tasks to queue
[2024-01-14T15:41:53.706+0200] {logging_mixin.py:188} INFO - [2024-01-14T15:41:53.706+0200] {dagbag.py:538} INFO - Filling up the DagBag from /home/mahmoud/airflow_env/lib/python3.10/site-packages/airflow/example_dags/example_xcomargs.py
[2024-01-14T15:41:53.712+0200] {processor.py:840} INFO - DAG(s) 'example_xcom_args', 'example_xcom_args_with_operators' retrieved from /home/mahmoud/airflow_env/lib/python3.10/site-packages/airflow/example_dags/example_xcomargs.py
[2024-01-14T15:41:53.725+0200] {logging_mixin.py:188} INFO - [2024-01-14T15:41:53.725+0200] {dag.py:3033} INFO - Sync 2 DAGs
[2024-01-14T15:41:53.750+0200] {logging_mixin.py:188} INFO - [2024-01-14T15:41:53.750+0200] {dag.py:3820} INFO - Setting next_dagrun for example_xcom_args to None, run_after=None
[2024-01-14T15:41:53.754+0200] {logging_mixin.py:188} INFO - [2024-01-14T15:41:53.753+0200] {dag.py:3820} INFO - Setting next_dagrun for example_xcom_args_with_operators to None, run_after=None
[2024-01-14T15:41:53.779+0200] {processor.py:183} INFO - Processing /home/mahmoud/airflow_env/lib/python3.10/site-packages/airflow/example_dags/example_xcomargs.py took 0.079 seconds
[2024-01-14T15:42:29.383+0200] {processor.py:161} INFO - Started process (PID=25976) to work on /home/mahmoud/airflow_env/lib/python3.10/site-packages/airflow/example_dags/example_xcomargs.py
[2024-01-14T15:42:29.385+0200] {processor.py:830} INFO - Processing file /home/mahmoud/airflow_env/lib/python3.10/site-packages/airflow/example_dags/example_xcomargs.py for tasks to queue
[2024-01-14T15:42:29.386+0200] {logging_mixin.py:188} INFO - [2024-01-14T15:42:29.386+0200] {dagbag.py:538} INFO - Filling up the DagBag from /home/mahmoud/airflow_env/lib/python3.10/site-packages/airflow/example_dags/example_xcomargs.py
[2024-01-14T15:42:29.398+0200] {processor.py:840} INFO - DAG(s) 'example_xcom_args_with_operators', 'example_xcom_args' retrieved from /home/mahmoud/airflow_env/lib/python3.10/site-packages/airflow/example_dags/example_xcomargs.py
[2024-01-14T15:42:29.417+0200] {logging_mixin.py:188} INFO - [2024-01-14T15:42:29.417+0200] {dag.py:3033} INFO - Sync 2 DAGs
[2024-01-14T15:42:29.428+0200] {logging_mixin.py:188} INFO - [2024-01-14T15:42:29.428+0200] {dag.py:3820} INFO - Setting next_dagrun for example_xcom_args to None, run_after=None
[2024-01-14T15:42:29.431+0200] {logging_mixin.py:188} INFO - [2024-01-14T15:42:29.431+0200] {dag.py:3820} INFO - Setting next_dagrun for example_xcom_args_with_operators to None, run_after=None
[2024-01-14T15:42:29.451+0200] {processor.py:183} INFO - Processing /home/mahmoud/airflow_env/lib/python3.10/site-packages/airflow/example_dags/example_xcomargs.py took 0.073 seconds
[2024-01-14T15:43:13.818+0200] {processor.py:161} INFO - Started process (PID=26650) to work on /home/mahmoud/airflow_env/lib/python3.10/site-packages/airflow/example_dags/example_xcomargs.py
[2024-01-14T15:43:13.820+0200] {processor.py:830} INFO - Processing file /home/mahmoud/airflow_env/lib/python3.10/site-packages/airflow/example_dags/example_xcomargs.py for tasks to queue
[2024-01-14T15:43:13.822+0200] {logging_mixin.py:188} INFO - [2024-01-14T15:43:13.821+0200] {dagbag.py:538} INFO - Filling up the DagBag from /home/mahmoud/airflow_env/lib/python3.10/site-packages/airflow/example_dags/example_xcomargs.py
[2024-01-14T15:43:13.835+0200] {processor.py:840} INFO - DAG(s) 'example_xcom_args', 'example_xcom_args_with_operators' retrieved from /home/mahmoud/airflow_env/lib/python3.10/site-packages/airflow/example_dags/example_xcomargs.py
[2024-01-14T15:43:13.852+0200] {logging_mixin.py:188} INFO - [2024-01-14T15:43:13.852+0200] {dag.py:3033} INFO - Sync 2 DAGs
[2024-01-14T15:43:13.863+0200] {logging_mixin.py:188} INFO - [2024-01-14T15:43:13.863+0200] {dag.py:3820} INFO - Setting next_dagrun for example_xcom_args to None, run_after=None
[2024-01-14T15:43:13.866+0200] {logging_mixin.py:188} INFO - [2024-01-14T15:43:13.866+0200] {dag.py:3820} INFO - Setting next_dagrun for example_xcom_args_with_operators to None, run_after=None
[2024-01-14T15:43:13.888+0200] {processor.py:183} INFO - Processing /home/mahmoud/airflow_env/lib/python3.10/site-packages/airflow/example_dags/example_xcomargs.py took 0.076 seconds
[2024-01-14T15:44:01.671+0200] {processor.py:161} INFO - Started process (PID=26931) to work on /home/mahmoud/airflow_env/lib/python3.10/site-packages/airflow/example_dags/example_xcomargs.py
[2024-01-14T15:44:01.673+0200] {processor.py:830} INFO - Processing file /home/mahmoud/airflow_env/lib/python3.10/site-packages/airflow/example_dags/example_xcomargs.py for tasks to queue
[2024-01-14T15:44:01.675+0200] {logging_mixin.py:188} INFO - [2024-01-14T15:44:01.674+0200] {dagbag.py:538} INFO - Filling up the DagBag from /home/mahmoud/airflow_env/lib/python3.10/site-packages/airflow/example_dags/example_xcomargs.py
[2024-01-14T15:44:01.685+0200] {processor.py:840} INFO - DAG(s) 'example_xcom_args_with_operators', 'example_xcom_args' retrieved from /home/mahmoud/airflow_env/lib/python3.10/site-packages/airflow/example_dags/example_xcomargs.py
[2024-01-14T15:44:01.703+0200] {logging_mixin.py:188} INFO - [2024-01-14T15:44:01.703+0200] {dag.py:3033} INFO - Sync 2 DAGs
[2024-01-14T15:44:01.714+0200] {logging_mixin.py:188} INFO - [2024-01-14T15:44:01.714+0200] {dag.py:3820} INFO - Setting next_dagrun for example_xcom_args to None, run_after=None
[2024-01-14T15:44:01.717+0200] {logging_mixin.py:188} INFO - [2024-01-14T15:44:01.716+0200] {dag.py:3820} INFO - Setting next_dagrun for example_xcom_args_with_operators to None, run_after=None
[2024-01-14T15:44:01.739+0200] {processor.py:183} INFO - Processing /home/mahmoud/airflow_env/lib/python3.10/site-packages/airflow/example_dags/example_xcomargs.py took 0.072 seconds
[2024-01-14T15:44:49.815+0200] {processor.py:161} INFO - Started process (PID=27583) to work on /home/mahmoud/airflow_env/lib/python3.10/site-packages/airflow/example_dags/example_xcomargs.py
[2024-01-14T15:44:49.816+0200] {processor.py:830} INFO - Processing file /home/mahmoud/airflow_env/lib/python3.10/site-packages/airflow/example_dags/example_xcomargs.py for tasks to queue
[2024-01-14T15:44:49.817+0200] {logging_mixin.py:188} INFO - [2024-01-14T15:44:49.817+0200] {dagbag.py:538} INFO - Filling up the DagBag from /home/mahmoud/airflow_env/lib/python3.10/site-packages/airflow/example_dags/example_xcomargs.py
[2024-01-14T15:44:49.825+0200] {processor.py:840} INFO - DAG(s) 'example_xcom_args', 'example_xcom_args_with_operators' retrieved from /home/mahmoud/airflow_env/lib/python3.10/site-packages/airflow/example_dags/example_xcomargs.py
[2024-01-14T15:44:49.841+0200] {logging_mixin.py:188} INFO - [2024-01-14T15:44:49.841+0200] {dag.py:3033} INFO - Sync 2 DAGs
[2024-01-14T15:44:49.852+0200] {logging_mixin.py:188} INFO - [2024-01-14T15:44:49.852+0200] {dag.py:3820} INFO - Setting next_dagrun for example_xcom_args to None, run_after=None
[2024-01-14T15:44:49.855+0200] {logging_mixin.py:188} INFO - [2024-01-14T15:44:49.854+0200] {dag.py:3820} INFO - Setting next_dagrun for example_xcom_args_with_operators to None, run_after=None
[2024-01-14T15:44:49.876+0200] {processor.py:183} INFO - Processing /home/mahmoud/airflow_env/lib/python3.10/site-packages/airflow/example_dags/example_xcomargs.py took 0.064 seconds
[2024-01-14T15:45:32.833+0200] {processor.py:161} INFO - Started process (PID=27810) to work on /home/mahmoud/airflow_env/lib/python3.10/site-packages/airflow/example_dags/example_xcomargs.py
[2024-01-14T15:45:32.835+0200] {processor.py:830} INFO - Processing file /home/mahmoud/airflow_env/lib/python3.10/site-packages/airflow/example_dags/example_xcomargs.py for tasks to queue
[2024-01-14T15:45:32.836+0200] {logging_mixin.py:188} INFO - [2024-01-14T15:45:32.835+0200] {dagbag.py:538} INFO - Filling up the DagBag from /home/mahmoud/airflow_env/lib/python3.10/site-packages/airflow/example_dags/example_xcomargs.py
[2024-01-14T15:45:32.848+0200] {processor.py:840} INFO - DAG(s) 'example_xcom_args', 'example_xcom_args_with_operators' retrieved from /home/mahmoud/airflow_env/lib/python3.10/site-packages/airflow/example_dags/example_xcomargs.py
[2024-01-14T15:45:32.866+0200] {logging_mixin.py:188} INFO - [2024-01-14T15:45:32.866+0200] {dag.py:3033} INFO - Sync 2 DAGs
[2024-01-14T15:45:32.879+0200] {logging_mixin.py:188} INFO - [2024-01-14T15:45:32.879+0200] {dag.py:3820} INFO - Setting next_dagrun for example_xcom_args to None, run_after=None
[2024-01-14T15:45:32.882+0200] {logging_mixin.py:188} INFO - [2024-01-14T15:45:32.882+0200] {dag.py:3820} INFO - Setting next_dagrun for example_xcom_args_with_operators to None, run_after=None
[2024-01-14T15:45:32.904+0200] {processor.py:183} INFO - Processing /home/mahmoud/airflow_env/lib/python3.10/site-packages/airflow/example_dags/example_xcomargs.py took 0.075 seconds
[2024-01-14T15:46:25.715+0200] {processor.py:161} INFO - Started process (PID=28020) to work on /home/mahmoud/airflow_env/lib/python3.10/site-packages/airflow/example_dags/example_xcomargs.py
[2024-01-14T15:46:25.716+0200] {processor.py:830} INFO - Processing file /home/mahmoud/airflow_env/lib/python3.10/site-packages/airflow/example_dags/example_xcomargs.py for tasks to queue
[2024-01-14T15:46:25.717+0200] {logging_mixin.py:188} INFO - [2024-01-14T15:46:25.717+0200] {dagbag.py:538} INFO - Filling up the DagBag from /home/mahmoud/airflow_env/lib/python3.10/site-packages/airflow/example_dags/example_xcomargs.py
[2024-01-14T15:46:25.726+0200] {processor.py:840} INFO - DAG(s) 'example_xcom_args', 'example_xcom_args_with_operators' retrieved from /home/mahmoud/airflow_env/lib/python3.10/site-packages/airflow/example_dags/example_xcomargs.py
[2024-01-14T15:46:25.742+0200] {logging_mixin.py:188} INFO - [2024-01-14T15:46:25.742+0200] {dag.py:3033} INFO - Sync 2 DAGs
[2024-01-14T15:46:25.752+0200] {logging_mixin.py:188} INFO - [2024-01-14T15:46:25.752+0200] {dag.py:3820} INFO - Setting next_dagrun for example_xcom_args to None, run_after=None
[2024-01-14T15:46:25.756+0200] {logging_mixin.py:188} INFO - [2024-01-14T15:46:25.756+0200] {dag.py:3820} INFO - Setting next_dagrun for example_xcom_args_with_operators to None, run_after=None
[2024-01-14T15:46:25.787+0200] {processor.py:183} INFO - Processing /home/mahmoud/airflow_env/lib/python3.10/site-packages/airflow/example_dags/example_xcomargs.py took 0.076 seconds
[2024-01-14T15:47:02.800+0200] {processor.py:161} INFO - Started process (PID=28187) to work on /home/mahmoud/airflow_env/lib/python3.10/site-packages/airflow/example_dags/example_xcomargs.py
[2024-01-14T15:47:02.803+0200] {processor.py:830} INFO - Processing file /home/mahmoud/airflow_env/lib/python3.10/site-packages/airflow/example_dags/example_xcomargs.py for tasks to queue
[2024-01-14T15:47:02.804+0200] {logging_mixin.py:188} INFO - [2024-01-14T15:47:02.803+0200] {dagbag.py:538} INFO - Filling up the DagBag from /home/mahmoud/airflow_env/lib/python3.10/site-packages/airflow/example_dags/example_xcomargs.py
[2024-01-14T15:47:02.814+0200] {processor.py:840} INFO - DAG(s) 'example_xcom_args', 'example_xcom_args_with_operators' retrieved from /home/mahmoud/airflow_env/lib/python3.10/site-packages/airflow/example_dags/example_xcomargs.py
[2024-01-14T15:47:02.830+0200] {logging_mixin.py:188} INFO - [2024-01-14T15:47:02.830+0200] {dag.py:3033} INFO - Sync 2 DAGs
[2024-01-14T15:47:02.840+0200] {logging_mixin.py:188} INFO - [2024-01-14T15:47:02.840+0200] {dag.py:3820} INFO - Setting next_dagrun for example_xcom_args to None, run_after=None
[2024-01-14T15:47:02.845+0200] {logging_mixin.py:188} INFO - [2024-01-14T15:47:02.845+0200] {dag.py:3820} INFO - Setting next_dagrun for example_xcom_args_with_operators to None, run_after=None
[2024-01-14T15:47:02.867+0200] {processor.py:183} INFO - Processing /home/mahmoud/airflow_env/lib/python3.10/site-packages/airflow/example_dags/example_xcomargs.py took 0.072 seconds
[2024-01-14T15:47:55.784+0200] {processor.py:161} INFO - Started process (PID=28470) to work on /home/mahmoud/airflow_env/lib/python3.10/site-packages/airflow/example_dags/example_xcomargs.py
[2024-01-14T15:47:55.787+0200] {processor.py:830} INFO - Processing file /home/mahmoud/airflow_env/lib/python3.10/site-packages/airflow/example_dags/example_xcomargs.py for tasks to queue
[2024-01-14T15:47:55.787+0200] {logging_mixin.py:188} INFO - [2024-01-14T15:47:55.787+0200] {dagbag.py:538} INFO - Filling up the DagBag from /home/mahmoud/airflow_env/lib/python3.10/site-packages/airflow/example_dags/example_xcomargs.py
[2024-01-14T15:47:55.796+0200] {processor.py:840} INFO - DAG(s) 'example_xcom_args', 'example_xcom_args_with_operators' retrieved from /home/mahmoud/airflow_env/lib/python3.10/site-packages/airflow/example_dags/example_xcomargs.py
[2024-01-14T15:47:55.812+0200] {logging_mixin.py:188} INFO - [2024-01-14T15:47:55.811+0200] {dag.py:3033} INFO - Sync 2 DAGs
[2024-01-14T15:47:55.823+0200] {logging_mixin.py:188} INFO - [2024-01-14T15:47:55.822+0200] {dag.py:3820} INFO - Setting next_dagrun for example_xcom_args to None, run_after=None
[2024-01-14T15:47:55.825+0200] {logging_mixin.py:188} INFO - [2024-01-14T15:47:55.825+0200] {dag.py:3820} INFO - Setting next_dagrun for example_xcom_args_with_operators to None, run_after=None
[2024-01-14T15:47:55.845+0200] {processor.py:183} INFO - Processing /home/mahmoud/airflow_env/lib/python3.10/site-packages/airflow/example_dags/example_xcomargs.py took 0.064 seconds
[2024-01-14T15:48:47.656+0200] {processor.py:161} INFO - Started process (PID=28674) to work on /home/mahmoud/airflow_env/lib/python3.10/site-packages/airflow/example_dags/example_xcomargs.py
[2024-01-14T15:48:47.659+0200] {processor.py:830} INFO - Processing file /home/mahmoud/airflow_env/lib/python3.10/site-packages/airflow/example_dags/example_xcomargs.py for tasks to queue
[2024-01-14T15:48:47.660+0200] {logging_mixin.py:188} INFO - [2024-01-14T15:48:47.659+0200] {dagbag.py:538} INFO - Filling up the DagBag from /home/mahmoud/airflow_env/lib/python3.10/site-packages/airflow/example_dags/example_xcomargs.py
[2024-01-14T15:48:47.668+0200] {processor.py:840} INFO - DAG(s) 'example_xcom_args', 'example_xcom_args_with_operators' retrieved from /home/mahmoud/airflow_env/lib/python3.10/site-packages/airflow/example_dags/example_xcomargs.py
[2024-01-14T15:48:47.684+0200] {logging_mixin.py:188} INFO - [2024-01-14T15:48:47.684+0200] {dag.py:3033} INFO - Sync 2 DAGs
[2024-01-14T15:48:47.694+0200] {logging_mixin.py:188} INFO - [2024-01-14T15:48:47.694+0200] {dag.py:3820} INFO - Setting next_dagrun for example_xcom_args to None, run_after=None
[2024-01-14T15:48:47.697+0200] {logging_mixin.py:188} INFO - [2024-01-14T15:48:47.697+0200] {dag.py:3820} INFO - Setting next_dagrun for example_xcom_args_with_operators to None, run_after=None
[2024-01-14T15:48:47.717+0200] {processor.py:183} INFO - Processing /home/mahmoud/airflow_env/lib/python3.10/site-packages/airflow/example_dags/example_xcomargs.py took 0.064 seconds
[2024-01-14T15:49:24.734+0200] {processor.py:161} INFO - Started process (PID=28819) to work on /home/mahmoud/airflow_env/lib/python3.10/site-packages/airflow/example_dags/example_xcomargs.py
[2024-01-14T15:49:24.736+0200] {processor.py:830} INFO - Processing file /home/mahmoud/airflow_env/lib/python3.10/site-packages/airflow/example_dags/example_xcomargs.py for tasks to queue
[2024-01-14T15:49:24.737+0200] {logging_mixin.py:188} INFO - [2024-01-14T15:49:24.736+0200] {dagbag.py:538} INFO - Filling up the DagBag from /home/mahmoud/airflow_env/lib/python3.10/site-packages/airflow/example_dags/example_xcomargs.py
[2024-01-14T15:49:24.745+0200] {processor.py:840} INFO - DAG(s) 'example_xcom_args_with_operators', 'example_xcom_args' retrieved from /home/mahmoud/airflow_env/lib/python3.10/site-packages/airflow/example_dags/example_xcomargs.py
[2024-01-14T15:49:24.761+0200] {logging_mixin.py:188} INFO - [2024-01-14T15:49:24.760+0200] {dag.py:3033} INFO - Sync 2 DAGs
[2024-01-14T15:49:24.770+0200] {logging_mixin.py:188} INFO - [2024-01-14T15:49:24.770+0200] {dag.py:3820} INFO - Setting next_dagrun for example_xcom_args to None, run_after=None
[2024-01-14T15:49:24.773+0200] {logging_mixin.py:188} INFO - [2024-01-14T15:49:24.773+0200] {dag.py:3820} INFO - Setting next_dagrun for example_xcom_args_with_operators to None, run_after=None
[2024-01-14T15:49:24.793+0200] {processor.py:183} INFO - Processing /home/mahmoud/airflow_env/lib/python3.10/site-packages/airflow/example_dags/example_xcomargs.py took 0.062 seconds
[2024-01-14T15:50:15.499+0200] {processor.py:161} INFO - Started process (PID=29023) to work on /home/mahmoud/airflow_env/lib/python3.10/site-packages/airflow/example_dags/example_xcomargs.py
[2024-01-14T15:50:15.502+0200] {processor.py:830} INFO - Processing file /home/mahmoud/airflow_env/lib/python3.10/site-packages/airflow/example_dags/example_xcomargs.py for tasks to queue
[2024-01-14T15:50:15.504+0200] {logging_mixin.py:188} INFO - [2024-01-14T15:50:15.503+0200] {dagbag.py:538} INFO - Filling up the DagBag from /home/mahmoud/airflow_env/lib/python3.10/site-packages/airflow/example_dags/example_xcomargs.py
[2024-01-14T15:50:15.517+0200] {processor.py:840} INFO - DAG(s) 'example_xcom_args_with_operators', 'example_xcom_args' retrieved from /home/mahmoud/airflow_env/lib/python3.10/site-packages/airflow/example_dags/example_xcomargs.py
[2024-01-14T15:50:15.537+0200] {logging_mixin.py:188} INFO - [2024-01-14T15:50:15.537+0200] {dag.py:3033} INFO - Sync 2 DAGs
[2024-01-14T15:50:15.548+0200] {logging_mixin.py:188} INFO - [2024-01-14T15:50:15.548+0200] {dag.py:3820} INFO - Setting next_dagrun for example_xcom_args to None, run_after=None
[2024-01-14T15:50:15.551+0200] {logging_mixin.py:188} INFO - [2024-01-14T15:50:15.551+0200] {dag.py:3820} INFO - Setting next_dagrun for example_xcom_args_with_operators to None, run_after=None
[2024-01-14T15:50:15.571+0200] {processor.py:183} INFO - Processing /home/mahmoud/airflow_env/lib/python3.10/site-packages/airflow/example_dags/example_xcomargs.py took 0.079 seconds
[2024-01-14T15:51:07.230+0200] {processor.py:161} INFO - Started process (PID=29227) to work on /home/mahmoud/airflow_env/lib/python3.10/site-packages/airflow/example_dags/example_xcomargs.py
[2024-01-14T15:51:07.232+0200] {processor.py:830} INFO - Processing file /home/mahmoud/airflow_env/lib/python3.10/site-packages/airflow/example_dags/example_xcomargs.py for tasks to queue
[2024-01-14T15:51:07.232+0200] {logging_mixin.py:188} INFO - [2024-01-14T15:51:07.232+0200] {dagbag.py:538} INFO - Filling up the DagBag from /home/mahmoud/airflow_env/lib/python3.10/site-packages/airflow/example_dags/example_xcomargs.py
[2024-01-14T15:51:07.240+0200] {processor.py:840} INFO - DAG(s) 'example_xcom_args', 'example_xcom_args_with_operators' retrieved from /home/mahmoud/airflow_env/lib/python3.10/site-packages/airflow/example_dags/example_xcomargs.py
[2024-01-14T15:51:07.256+0200] {logging_mixin.py:188} INFO - [2024-01-14T15:51:07.256+0200] {dag.py:3033} INFO - Sync 2 DAGs
[2024-01-14T15:51:07.266+0200] {logging_mixin.py:188} INFO - [2024-01-14T15:51:07.266+0200] {dag.py:3820} INFO - Setting next_dagrun for example_xcom_args to None, run_after=None
[2024-01-14T15:51:07.269+0200] {logging_mixin.py:188} INFO - [2024-01-14T15:51:07.269+0200] {dag.py:3820} INFO - Setting next_dagrun for example_xcom_args_with_operators to None, run_after=None
[2024-01-14T15:51:07.287+0200] {processor.py:183} INFO - Processing /home/mahmoud/airflow_env/lib/python3.10/site-packages/airflow/example_dags/example_xcomargs.py took 0.060 seconds
[2024-01-14T15:51:44.783+0200] {processor.py:161} INFO - Started process (PID=29373) to work on /home/mahmoud/airflow_env/lib/python3.10/site-packages/airflow/example_dags/example_xcomargs.py
[2024-01-14T15:51:44.784+0200] {processor.py:830} INFO - Processing file /home/mahmoud/airflow_env/lib/python3.10/site-packages/airflow/example_dags/example_xcomargs.py for tasks to queue
[2024-01-14T15:51:44.784+0200] {logging_mixin.py:188} INFO - [2024-01-14T15:51:44.784+0200] {dagbag.py:538} INFO - Filling up the DagBag from /home/mahmoud/airflow_env/lib/python3.10/site-packages/airflow/example_dags/example_xcomargs.py
[2024-01-14T15:51:44.792+0200] {processor.py:840} INFO - DAG(s) 'example_xcom_args_with_operators', 'example_xcom_args' retrieved from /home/mahmoud/airflow_env/lib/python3.10/site-packages/airflow/example_dags/example_xcomargs.py
[2024-01-14T15:51:44.808+0200] {logging_mixin.py:188} INFO - [2024-01-14T15:51:44.808+0200] {dag.py:3033} INFO - Sync 2 DAGs
[2024-01-14T15:51:44.818+0200] {logging_mixin.py:188} INFO - [2024-01-14T15:51:44.818+0200] {dag.py:3820} INFO - Setting next_dagrun for example_xcom_args to None, run_after=None
[2024-01-14T15:51:44.821+0200] {logging_mixin.py:188} INFO - [2024-01-14T15:51:44.821+0200] {dag.py:3820} INFO - Setting next_dagrun for example_xcom_args_with_operators to None, run_after=None
[2024-01-14T15:51:44.841+0200] {processor.py:183} INFO - Processing /home/mahmoud/airflow_env/lib/python3.10/site-packages/airflow/example_dags/example_xcomargs.py took 0.061 seconds
[2024-01-14T15:52:35.689+0200] {processor.py:161} INFO - Started process (PID=29576) to work on /home/mahmoud/airflow_env/lib/python3.10/site-packages/airflow/example_dags/example_xcomargs.py
[2024-01-14T15:52:35.690+0200] {processor.py:830} INFO - Processing file /home/mahmoud/airflow_env/lib/python3.10/site-packages/airflow/example_dags/example_xcomargs.py for tasks to queue
[2024-01-14T15:52:35.691+0200] {logging_mixin.py:188} INFO - [2024-01-14T15:52:35.691+0200] {dagbag.py:538} INFO - Filling up the DagBag from /home/mahmoud/airflow_env/lib/python3.10/site-packages/airflow/example_dags/example_xcomargs.py
[2024-01-14T15:52:35.699+0200] {processor.py:840} INFO - DAG(s) 'example_xcom_args', 'example_xcom_args_with_operators' retrieved from /home/mahmoud/airflow_env/lib/python3.10/site-packages/airflow/example_dags/example_xcomargs.py
[2024-01-14T15:52:35.716+0200] {logging_mixin.py:188} INFO - [2024-01-14T15:52:35.715+0200] {dag.py:3033} INFO - Sync 2 DAGs
[2024-01-14T15:52:35.726+0200] {logging_mixin.py:188} INFO - [2024-01-14T15:52:35.725+0200] {dag.py:3820} INFO - Setting next_dagrun for example_xcom_args to None, run_after=None
[2024-01-14T15:52:35.728+0200] {logging_mixin.py:188} INFO - [2024-01-14T15:52:35.728+0200] {dag.py:3820} INFO - Setting next_dagrun for example_xcom_args_with_operators to None, run_after=None
[2024-01-14T15:52:35.750+0200] {processor.py:183} INFO - Processing /home/mahmoud/airflow_env/lib/python3.10/site-packages/airflow/example_dags/example_xcomargs.py took 0.064 seconds
[2024-01-14T15:53:25.988+0200] {processor.py:161} INFO - Started process (PID=29803) to work on /home/mahmoud/airflow_env/lib/python3.10/site-packages/airflow/example_dags/example_xcomargs.py
[2024-01-14T15:53:25.990+0200] {processor.py:830} INFO - Processing file /home/mahmoud/airflow_env/lib/python3.10/site-packages/airflow/example_dags/example_xcomargs.py for tasks to queue
[2024-01-14T15:53:25.991+0200] {logging_mixin.py:188} INFO - [2024-01-14T15:53:25.991+0200] {dagbag.py:538} INFO - Filling up the DagBag from /home/mahmoud/airflow_env/lib/python3.10/site-packages/airflow/example_dags/example_xcomargs.py
[2024-01-14T15:53:25.999+0200] {processor.py:840} INFO - DAG(s) 'example_xcom_args', 'example_xcom_args_with_operators' retrieved from /home/mahmoud/airflow_env/lib/python3.10/site-packages/airflow/example_dags/example_xcomargs.py
[2024-01-14T15:53:26.015+0200] {logging_mixin.py:188} INFO - [2024-01-14T15:53:26.015+0200] {dag.py:3033} INFO - Sync 2 DAGs
[2024-01-14T15:53:26.026+0200] {logging_mixin.py:188} INFO - [2024-01-14T15:53:26.026+0200] {dag.py:3820} INFO - Setting next_dagrun for example_xcom_args to None, run_after=None
[2024-01-14T15:53:26.029+0200] {logging_mixin.py:188} INFO - [2024-01-14T15:53:26.029+0200] {dag.py:3820} INFO - Setting next_dagrun for example_xcom_args_with_operators to None, run_after=None
[2024-01-14T15:53:26.049+0200] {processor.py:183} INFO - Processing /home/mahmoud/airflow_env/lib/python3.10/site-packages/airflow/example_dags/example_xcomargs.py took 0.064 seconds
[2024-01-14T15:54:11.640+0200] {processor.py:161} INFO - Started process (PID=29967) to work on /home/mahmoud/airflow_env/lib/python3.10/site-packages/airflow/example_dags/example_xcomargs.py
[2024-01-14T15:54:11.647+0200] {processor.py:830} INFO - Processing file /home/mahmoud/airflow_env/lib/python3.10/site-packages/airflow/example_dags/example_xcomargs.py for tasks to queue
[2024-01-14T15:54:11.653+0200] {logging_mixin.py:188} INFO - [2024-01-14T15:54:11.651+0200] {dagbag.py:538} INFO - Filling up the DagBag from /home/mahmoud/airflow_env/lib/python3.10/site-packages/airflow/example_dags/example_xcomargs.py
[2024-01-14T15:54:11.712+0200] {processor.py:840} INFO - DAG(s) 'example_xcom_args_with_operators', 'example_xcom_args' retrieved from /home/mahmoud/airflow_env/lib/python3.10/site-packages/airflow/example_dags/example_xcomargs.py
[2024-01-14T15:54:11.833+0200] {logging_mixin.py:188} INFO - [2024-01-14T15:54:11.832+0200] {dag.py:3033} INFO - Sync 2 DAGs
[2024-01-14T15:54:11.920+0200] {logging_mixin.py:188} INFO - [2024-01-14T15:54:11.919+0200] {dag.py:3820} INFO - Setting next_dagrun for example_xcom_args to None, run_after=None
[2024-01-14T15:54:11.942+0200] {logging_mixin.py:188} INFO - [2024-01-14T15:54:11.941+0200] {dag.py:3820} INFO - Setting next_dagrun for example_xcom_args_with_operators to None, run_after=None
[2024-01-14T15:54:12.073+0200] {processor.py:183} INFO - Processing /home/mahmoud/airflow_env/lib/python3.10/site-packages/airflow/example_dags/example_xcomargs.py took 0.455 seconds
[2024-01-14T15:55:23.082+0200] {processor.py:161} INFO - Started process (PID=30214) to work on /home/mahmoud/airflow_env/lib/python3.10/site-packages/airflow/example_dags/example_xcomargs.py
[2024-01-14T15:55:23.086+0200] {processor.py:830} INFO - Processing file /home/mahmoud/airflow_env/lib/python3.10/site-packages/airflow/example_dags/example_xcomargs.py for tasks to queue
[2024-01-14T15:55:23.089+0200] {logging_mixin.py:188} INFO - [2024-01-14T15:55:23.088+0200] {dagbag.py:538} INFO - Filling up the DagBag from /home/mahmoud/airflow_env/lib/python3.10/site-packages/airflow/example_dags/example_xcomargs.py
[2024-01-14T15:55:23.123+0200] {processor.py:840} INFO - DAG(s) 'example_xcom_args', 'example_xcom_args_with_operators' retrieved from /home/mahmoud/airflow_env/lib/python3.10/site-packages/airflow/example_dags/example_xcomargs.py
[2024-01-14T15:55:23.188+0200] {logging_mixin.py:188} INFO - [2024-01-14T15:55:23.187+0200] {dag.py:3033} INFO - Sync 2 DAGs
[2024-01-14T15:55:23.231+0200] {logging_mixin.py:188} INFO - [2024-01-14T15:55:23.231+0200] {dag.py:3820} INFO - Setting next_dagrun for example_xcom_args to None, run_after=None
[2024-01-14T15:55:23.243+0200] {logging_mixin.py:188} INFO - [2024-01-14T15:55:23.242+0200] {dag.py:3820} INFO - Setting next_dagrun for example_xcom_args_with_operators to None, run_after=None
[2024-01-14T15:55:23.313+0200] {processor.py:183} INFO - Processing /home/mahmoud/airflow_env/lib/python3.10/site-packages/airflow/example_dags/example_xcomargs.py took 0.242 seconds
[2024-01-14T15:56:23.895+0200] {processor.py:161} INFO - Started process (PID=30426) to work on /home/mahmoud/airflow_env/lib/python3.10/site-packages/airflow/example_dags/example_xcomargs.py
[2024-01-14T15:56:23.898+0200] {processor.py:830} INFO - Processing file /home/mahmoud/airflow_env/lib/python3.10/site-packages/airflow/example_dags/example_xcomargs.py for tasks to queue
[2024-01-14T15:56:23.901+0200] {logging_mixin.py:188} INFO - [2024-01-14T15:56:23.900+0200] {dagbag.py:538} INFO - Filling up the DagBag from /home/mahmoud/airflow_env/lib/python3.10/site-packages/airflow/example_dags/example_xcomargs.py
[2024-01-14T15:56:23.925+0200] {processor.py:840} INFO - DAG(s) 'example_xcom_args', 'example_xcom_args_with_operators' retrieved from /home/mahmoud/airflow_env/lib/python3.10/site-packages/airflow/example_dags/example_xcomargs.py
[2024-01-14T15:56:23.977+0200] {logging_mixin.py:188} INFO - [2024-01-14T15:56:23.976+0200] {dag.py:3033} INFO - Sync 2 DAGs
[2024-01-14T15:56:24.011+0200] {logging_mixin.py:188} INFO - [2024-01-14T15:56:24.010+0200] {dag.py:3820} INFO - Setting next_dagrun for example_xcom_args to None, run_after=None
[2024-01-14T15:56:24.020+0200] {logging_mixin.py:188} INFO - [2024-01-14T15:56:24.019+0200] {dag.py:3820} INFO - Setting next_dagrun for example_xcom_args_with_operators to None, run_after=None
[2024-01-14T15:56:24.077+0200] {processor.py:183} INFO - Processing /home/mahmoud/airflow_env/lib/python3.10/site-packages/airflow/example_dags/example_xcomargs.py took 0.190 seconds
[2024-01-14T15:57:21.937+0200] {processor.py:161} INFO - Started process (PID=30631) to work on /home/mahmoud/airflow_env/lib/python3.10/site-packages/airflow/example_dags/example_xcomargs.py
[2024-01-14T15:57:21.940+0200] {processor.py:830} INFO - Processing file /home/mahmoud/airflow_env/lib/python3.10/site-packages/airflow/example_dags/example_xcomargs.py for tasks to queue
[2024-01-14T15:57:21.942+0200] {logging_mixin.py:188} INFO - [2024-01-14T15:57:21.941+0200] {dagbag.py:538} INFO - Filling up the DagBag from /home/mahmoud/airflow_env/lib/python3.10/site-packages/airflow/example_dags/example_xcomargs.py
[2024-01-14T15:57:21.967+0200] {processor.py:840} INFO - DAG(s) 'example_xcom_args', 'example_xcom_args_with_operators' retrieved from /home/mahmoud/airflow_env/lib/python3.10/site-packages/airflow/example_dags/example_xcomargs.py
[2024-01-14T15:57:22.020+0200] {logging_mixin.py:188} INFO - [2024-01-14T15:57:22.019+0200] {dag.py:3033} INFO - Sync 2 DAGs
[2024-01-14T15:57:22.056+0200] {logging_mixin.py:188} INFO - [2024-01-14T15:57:22.056+0200] {dag.py:3820} INFO - Setting next_dagrun for example_xcom_args to None, run_after=None
[2024-01-14T15:57:22.065+0200] {logging_mixin.py:188} INFO - [2024-01-14T15:57:22.065+0200] {dag.py:3820} INFO - Setting next_dagrun for example_xcom_args_with_operators to None, run_after=None
[2024-01-14T15:57:22.119+0200] {processor.py:183} INFO - Processing /home/mahmoud/airflow_env/lib/python3.10/site-packages/airflow/example_dags/example_xcomargs.py took 0.192 seconds
