[2024-01-14T14:40:41.376+0200] {processor.py:161} INFO - Started process (PID=9759) to work on /home/mahmoud/airflow_env/lib/python3.10/site-packages/airflow/example_dags/example_short_circuit_operator.py
[2024-01-14T14:40:41.377+0200] {processor.py:830} INFO - Processing file /home/mahmoud/airflow_env/lib/python3.10/site-packages/airflow/example_dags/example_short_circuit_operator.py for tasks to queue
[2024-01-14T14:40:41.378+0200] {logging_mixin.py:188} INFO - [2024-01-14T14:40:41.377+0200] {dagbag.py:538} INFO - Filling up the DagBag from /home/mahmoud/airflow_env/lib/python3.10/site-packages/airflow/example_dags/example_short_circuit_operator.py
[2024-01-14T14:40:41.390+0200] {processor.py:840} INFO - DAG(s) 'example_short_circuit_operator' retrieved from /home/mahmoud/airflow_env/lib/python3.10/site-packages/airflow/example_dags/example_short_circuit_operator.py
[2024-01-14T14:40:41.552+0200] {logging_mixin.py:188} INFO - [2024-01-14T14:40:41.552+0200] {override.py:1769} INFO - Created Permission View: can edit on DAG:example_short_circuit_operator
[2024-01-14T14:40:41.565+0200] {logging_mixin.py:188} INFO - [2024-01-14T14:40:41.565+0200] {override.py:1769} INFO - Created Permission View: can read on DAG:example_short_circuit_operator
[2024-01-14T14:40:41.579+0200] {logging_mixin.py:188} INFO - [2024-01-14T14:40:41.579+0200] {override.py:1769} INFO - Created Permission View: can delete on DAG:example_short_circuit_operator
[2024-01-14T14:40:41.579+0200] {logging_mixin.py:188} INFO - [2024-01-14T14:40:41.579+0200] {dag.py:3033} INFO - Sync 1 DAGs
[2024-01-14T14:40:41.588+0200] {logging_mixin.py:188} INFO - [2024-01-14T14:40:41.588+0200] {dag.py:3055} INFO - Creating ORM DAG for example_short_circuit_operator
[2024-01-14T14:40:41.594+0200] {logging_mixin.py:188} INFO - [2024-01-14T14:40:41.594+0200] {dag.py:3820} INFO - Setting next_dagrun for example_short_circuit_operator to 2024-01-13T00:00:00+00:00, run_after=2024-01-14T00:00:00+00:00
[2024-01-14T14:40:41.616+0200] {processor.py:183} INFO - Processing /home/mahmoud/airflow_env/lib/python3.10/site-packages/airflow/example_dags/example_short_circuit_operator.py took 0.244 seconds
[2024-01-14T15:08:18.637+0200] {processor.py:161} INFO - Started process (PID=16108) to work on /home/mahmoud/airflow_env/lib/python3.10/site-packages/airflow/example_dags/example_short_circuit_operator.py
[2024-01-14T15:08:18.639+0200] {processor.py:830} INFO - Processing file /home/mahmoud/airflow_env/lib/python3.10/site-packages/airflow/example_dags/example_short_circuit_operator.py for tasks to queue
[2024-01-14T15:08:18.640+0200] {logging_mixin.py:188} INFO - [2024-01-14T15:08:18.640+0200] {dagbag.py:538} INFO - Filling up the DagBag from /home/mahmoud/airflow_env/lib/python3.10/site-packages/airflow/example_dags/example_short_circuit_operator.py
[2024-01-14T15:08:18.650+0200] {processor.py:840} INFO - DAG(s) 'example_short_circuit_operator' retrieved from /home/mahmoud/airflow_env/lib/python3.10/site-packages/airflow/example_dags/example_short_circuit_operator.py
[2024-01-14T15:08:18.666+0200] {logging_mixin.py:188} INFO - [2024-01-14T15:08:18.666+0200] {dag.py:3033} INFO - Sync 1 DAGs
[2024-01-14T15:08:18.768+0200] {logging_mixin.py:188} INFO - [2024-01-14T15:08:18.768+0200] {dag.py:3820} INFO - Setting next_dagrun for example_short_circuit_operator to 2024-01-13T00:00:00+00:00, run_after=2024-01-14T00:00:00+00:00
[2024-01-14T15:08:18.793+0200] {processor.py:183} INFO - Processing /home/mahmoud/airflow_env/lib/python3.10/site-packages/airflow/example_dags/example_short_circuit_operator.py took 0.159 seconds
[2024-01-14T15:09:11.048+0200] {processor.py:161} INFO - Started process (PID=16406) to work on /home/mahmoud/airflow_env/lib/python3.10/site-packages/airflow/example_dags/example_short_circuit_operator.py
[2024-01-14T15:09:11.050+0200] {processor.py:830} INFO - Processing file /home/mahmoud/airflow_env/lib/python3.10/site-packages/airflow/example_dags/example_short_circuit_operator.py for tasks to queue
[2024-01-14T15:09:11.050+0200] {logging_mixin.py:188} INFO - [2024-01-14T15:09:11.050+0200] {dagbag.py:538} INFO - Filling up the DagBag from /home/mahmoud/airflow_env/lib/python3.10/site-packages/airflow/example_dags/example_short_circuit_operator.py
[2024-01-14T15:09:11.058+0200] {processor.py:840} INFO - DAG(s) 'example_short_circuit_operator' retrieved from /home/mahmoud/airflow_env/lib/python3.10/site-packages/airflow/example_dags/example_short_circuit_operator.py
[2024-01-14T15:09:11.075+0200] {logging_mixin.py:188} INFO - [2024-01-14T15:09:11.075+0200] {dag.py:3033} INFO - Sync 1 DAGs
[2024-01-14T15:09:11.091+0200] {logging_mixin.py:188} INFO - [2024-01-14T15:09:11.091+0200] {dag.py:3820} INFO - Setting next_dagrun for example_short_circuit_operator to 2024-01-13T00:00:00+00:00, run_after=2024-01-14T00:00:00+00:00
[2024-01-14T15:09:11.111+0200] {processor.py:183} INFO - Processing /home/mahmoud/airflow_env/lib/python3.10/site-packages/airflow/example_dags/example_short_circuit_operator.py took 0.065 seconds
[2024-01-14T15:09:59.838+0200] {processor.py:161} INFO - Started process (PID=16667) to work on /home/mahmoud/airflow_env/lib/python3.10/site-packages/airflow/example_dags/example_short_circuit_operator.py
[2024-01-14T15:09:59.840+0200] {processor.py:830} INFO - Processing file /home/mahmoud/airflow_env/lib/python3.10/site-packages/airflow/example_dags/example_short_circuit_operator.py for tasks to queue
[2024-01-14T15:09:59.841+0200] {logging_mixin.py:188} INFO - [2024-01-14T15:09:59.841+0200] {dagbag.py:538} INFO - Filling up the DagBag from /home/mahmoud/airflow_env/lib/python3.10/site-packages/airflow/example_dags/example_short_circuit_operator.py
[2024-01-14T15:09:59.850+0200] {processor.py:840} INFO - DAG(s) 'example_short_circuit_operator' retrieved from /home/mahmoud/airflow_env/lib/python3.10/site-packages/airflow/example_dags/example_short_circuit_operator.py
[2024-01-14T15:09:59.866+0200] {logging_mixin.py:188} INFO - [2024-01-14T15:09:59.866+0200] {dag.py:3033} INFO - Sync 1 DAGs
[2024-01-14T15:09:59.882+0200] {logging_mixin.py:188} INFO - [2024-01-14T15:09:59.882+0200] {dag.py:3820} INFO - Setting next_dagrun for example_short_circuit_operator to 2024-01-13T00:00:00+00:00, run_after=2024-01-14T00:00:00+00:00
[2024-01-14T15:09:59.906+0200] {processor.py:183} INFO - Processing /home/mahmoud/airflow_env/lib/python3.10/site-packages/airflow/example_dags/example_short_circuit_operator.py took 0.075 seconds
[2024-01-14T15:10:42.474+0200] {processor.py:161} INFO - Started process (PID=16845) to work on /home/mahmoud/airflow_env/lib/python3.10/site-packages/airflow/example_dags/example_short_circuit_operator.py
[2024-01-14T15:10:42.477+0200] {processor.py:830} INFO - Processing file /home/mahmoud/airflow_env/lib/python3.10/site-packages/airflow/example_dags/example_short_circuit_operator.py for tasks to queue
[2024-01-14T15:10:42.478+0200] {logging_mixin.py:188} INFO - [2024-01-14T15:10:42.478+0200] {dagbag.py:538} INFO - Filling up the DagBag from /home/mahmoud/airflow_env/lib/python3.10/site-packages/airflow/example_dags/example_short_circuit_operator.py
[2024-01-14T15:10:42.491+0200] {processor.py:840} INFO - DAG(s) 'example_short_circuit_operator' retrieved from /home/mahmoud/airflow_env/lib/python3.10/site-packages/airflow/example_dags/example_short_circuit_operator.py
[2024-01-14T15:10:42.511+0200] {logging_mixin.py:188} INFO - [2024-01-14T15:10:42.511+0200] {dag.py:3033} INFO - Sync 1 DAGs
[2024-01-14T15:10:42.528+0200] {logging_mixin.py:188} INFO - [2024-01-14T15:10:42.528+0200] {dag.py:3820} INFO - Setting next_dagrun for example_short_circuit_operator to 2024-01-13T00:00:00+00:00, run_after=2024-01-14T00:00:00+00:00
[2024-01-14T15:10:42.550+0200] {processor.py:183} INFO - Processing /home/mahmoud/airflow_env/lib/python3.10/site-packages/airflow/example_dags/example_short_circuit_operator.py took 0.082 seconds
[2024-01-14T15:11:21.785+0200] {processor.py:161} INFO - Started process (PID=16999) to work on /home/mahmoud/airflow_env/lib/python3.10/site-packages/airflow/example_dags/example_short_circuit_operator.py
[2024-01-14T15:11:21.786+0200] {processor.py:830} INFO - Processing file /home/mahmoud/airflow_env/lib/python3.10/site-packages/airflow/example_dags/example_short_circuit_operator.py for tasks to queue
[2024-01-14T15:11:21.787+0200] {logging_mixin.py:188} INFO - [2024-01-14T15:11:21.786+0200] {dagbag.py:538} INFO - Filling up the DagBag from /home/mahmoud/airflow_env/lib/python3.10/site-packages/airflow/example_dags/example_short_circuit_operator.py
[2024-01-14T15:11:21.794+0200] {processor.py:840} INFO - DAG(s) 'example_short_circuit_operator' retrieved from /home/mahmoud/airflow_env/lib/python3.10/site-packages/airflow/example_dags/example_short_circuit_operator.py
[2024-01-14T15:11:21.808+0200] {logging_mixin.py:188} INFO - [2024-01-14T15:11:21.808+0200] {dag.py:3033} INFO - Sync 1 DAGs
[2024-01-14T15:11:21.826+0200] {logging_mixin.py:188} INFO - [2024-01-14T15:11:21.825+0200] {dag.py:3820} INFO - Setting next_dagrun for example_short_circuit_operator to 2024-01-13T00:00:00+00:00, run_after=2024-01-14T00:00:00+00:00
[2024-01-14T15:11:21.848+0200] {processor.py:183} INFO - Processing /home/mahmoud/airflow_env/lib/python3.10/site-packages/airflow/example_dags/example_short_circuit_operator.py took 0.066 seconds
[2024-01-14T15:11:59.187+0200] {processor.py:161} INFO - Started process (PID=17187) to work on /home/mahmoud/airflow_env/lib/python3.10/site-packages/airflow/example_dags/example_short_circuit_operator.py
[2024-01-14T15:11:59.189+0200] {processor.py:830} INFO - Processing file /home/mahmoud/airflow_env/lib/python3.10/site-packages/airflow/example_dags/example_short_circuit_operator.py for tasks to queue
[2024-01-14T15:11:59.190+0200] {logging_mixin.py:188} INFO - [2024-01-14T15:11:59.190+0200] {dagbag.py:538} INFO - Filling up the DagBag from /home/mahmoud/airflow_env/lib/python3.10/site-packages/airflow/example_dags/example_short_circuit_operator.py
[2024-01-14T15:11:59.198+0200] {processor.py:840} INFO - DAG(s) 'example_short_circuit_operator' retrieved from /home/mahmoud/airflow_env/lib/python3.10/site-packages/airflow/example_dags/example_short_circuit_operator.py
[2024-01-14T15:11:59.214+0200] {logging_mixin.py:188} INFO - [2024-01-14T15:11:59.214+0200] {dag.py:3033} INFO - Sync 1 DAGs
[2024-01-14T15:11:59.231+0200] {logging_mixin.py:188} INFO - [2024-01-14T15:11:59.231+0200] {dag.py:3820} INFO - Setting next_dagrun for example_short_circuit_operator to 2024-01-13T00:00:00+00:00, run_after=2024-01-14T00:00:00+00:00
[2024-01-14T15:11:59.253+0200] {processor.py:183} INFO - Processing /home/mahmoud/airflow_env/lib/python3.10/site-packages/airflow/example_dags/example_short_circuit_operator.py took 0.070 seconds
[2024-01-14T15:12:51.713+0200] {processor.py:161} INFO - Started process (PID=17397) to work on /home/mahmoud/airflow_env/lib/python3.10/site-packages/airflow/example_dags/example_short_circuit_operator.py
[2024-01-14T15:12:51.715+0200] {processor.py:830} INFO - Processing file /home/mahmoud/airflow_env/lib/python3.10/site-packages/airflow/example_dags/example_short_circuit_operator.py for tasks to queue
[2024-01-14T15:12:51.716+0200] {logging_mixin.py:188} INFO - [2024-01-14T15:12:51.715+0200] {dagbag.py:538} INFO - Filling up the DagBag from /home/mahmoud/airflow_env/lib/python3.10/site-packages/airflow/example_dags/example_short_circuit_operator.py
[2024-01-14T15:12:51.725+0200] {processor.py:840} INFO - DAG(s) 'example_short_circuit_operator' retrieved from /home/mahmoud/airflow_env/lib/python3.10/site-packages/airflow/example_dags/example_short_circuit_operator.py
[2024-01-14T15:12:51.740+0200] {logging_mixin.py:188} INFO - [2024-01-14T15:12:51.740+0200] {dag.py:3033} INFO - Sync 1 DAGs
[2024-01-14T15:12:51.757+0200] {logging_mixin.py:188} INFO - [2024-01-14T15:12:51.757+0200] {dag.py:3820} INFO - Setting next_dagrun for example_short_circuit_operator to 2024-01-13T00:00:00+00:00, run_after=2024-01-14T00:00:00+00:00
[2024-01-14T15:12:51.778+0200] {processor.py:183} INFO - Processing /home/mahmoud/airflow_env/lib/python3.10/site-packages/airflow/example_dags/example_short_circuit_operator.py took 0.068 seconds
[2024-01-14T15:13:45.123+0200] {processor.py:161} INFO - Started process (PID=17642) to work on /home/mahmoud/airflow_env/lib/python3.10/site-packages/airflow/example_dags/example_short_circuit_operator.py
[2024-01-14T15:13:45.125+0200] {processor.py:830} INFO - Processing file /home/mahmoud/airflow_env/lib/python3.10/site-packages/airflow/example_dags/example_short_circuit_operator.py for tasks to queue
[2024-01-14T15:13:45.126+0200] {logging_mixin.py:188} INFO - [2024-01-14T15:13:45.126+0200] {dagbag.py:538} INFO - Filling up the DagBag from /home/mahmoud/airflow_env/lib/python3.10/site-packages/airflow/example_dags/example_short_circuit_operator.py
[2024-01-14T15:13:45.135+0200] {processor.py:840} INFO - DAG(s) 'example_short_circuit_operator' retrieved from /home/mahmoud/airflow_env/lib/python3.10/site-packages/airflow/example_dags/example_short_circuit_operator.py
[2024-01-14T15:13:45.153+0200] {logging_mixin.py:188} INFO - [2024-01-14T15:13:45.153+0200] {dag.py:3033} INFO - Sync 1 DAGs
[2024-01-14T15:13:45.172+0200] {logging_mixin.py:188} INFO - [2024-01-14T15:13:45.172+0200] {dag.py:3820} INFO - Setting next_dagrun for example_short_circuit_operator to 2024-01-13T00:00:00+00:00, run_after=2024-01-14T00:00:00+00:00
[2024-01-14T15:13:45.193+0200] {processor.py:183} INFO - Processing /home/mahmoud/airflow_env/lib/python3.10/site-packages/airflow/example_dags/example_short_circuit_operator.py took 0.074 seconds
[2024-01-14T15:20:06.425+0200] {processor.py:161} INFO - Started process (PID=19488) to work on /home/mahmoud/airflow_env/lib/python3.10/site-packages/airflow/example_dags/example_short_circuit_operator.py
[2024-01-14T15:20:06.428+0200] {processor.py:830} INFO - Processing file /home/mahmoud/airflow_env/lib/python3.10/site-packages/airflow/example_dags/example_short_circuit_operator.py for tasks to queue
[2024-01-14T15:20:06.428+0200] {logging_mixin.py:188} INFO - [2024-01-14T15:20:06.428+0200] {dagbag.py:538} INFO - Filling up the DagBag from /home/mahmoud/airflow_env/lib/python3.10/site-packages/airflow/example_dags/example_short_circuit_operator.py
[2024-01-14T15:20:06.437+0200] {processor.py:840} INFO - DAG(s) 'example_short_circuit_operator' retrieved from /home/mahmoud/airflow_env/lib/python3.10/site-packages/airflow/example_dags/example_short_circuit_operator.py
[2024-01-14T15:20:06.452+0200] {logging_mixin.py:188} INFO - [2024-01-14T15:20:06.452+0200] {dag.py:3033} INFO - Sync 1 DAGs
[2024-01-14T15:20:06.545+0200] {logging_mixin.py:188} INFO - [2024-01-14T15:20:06.545+0200] {dag.py:3820} INFO - Setting next_dagrun for example_short_circuit_operator to 2024-01-13T00:00:00+00:00, run_after=2024-01-14T00:00:00+00:00
[2024-01-14T15:20:06.569+0200] {processor.py:183} INFO - Processing /home/mahmoud/airflow_env/lib/python3.10/site-packages/airflow/example_dags/example_short_circuit_operator.py took 0.146 seconds
[2024-01-14T15:20:57.225+0200] {processor.py:161} INFO - Started process (PID=19687) to work on /home/mahmoud/airflow_env/lib/python3.10/site-packages/airflow/example_dags/example_short_circuit_operator.py
[2024-01-14T15:20:57.227+0200] {processor.py:830} INFO - Processing file /home/mahmoud/airflow_env/lib/python3.10/site-packages/airflow/example_dags/example_short_circuit_operator.py for tasks to queue
[2024-01-14T15:20:57.229+0200] {logging_mixin.py:188} INFO - [2024-01-14T15:20:57.228+0200] {dagbag.py:538} INFO - Filling up the DagBag from /home/mahmoud/airflow_env/lib/python3.10/site-packages/airflow/example_dags/example_short_circuit_operator.py
[2024-01-14T15:20:57.239+0200] {processor.py:840} INFO - DAG(s) 'example_short_circuit_operator' retrieved from /home/mahmoud/airflow_env/lib/python3.10/site-packages/airflow/example_dags/example_short_circuit_operator.py
[2024-01-14T15:20:57.258+0200] {logging_mixin.py:188} INFO - [2024-01-14T15:20:57.257+0200] {dag.py:3033} INFO - Sync 1 DAGs
[2024-01-14T15:20:57.274+0200] {logging_mixin.py:188} INFO - [2024-01-14T15:20:57.274+0200] {dag.py:3820} INFO - Setting next_dagrun for example_short_circuit_operator to 2024-01-13T00:00:00+00:00, run_after=2024-01-14T00:00:00+00:00
[2024-01-14T15:20:57.297+0200] {processor.py:183} INFO - Processing /home/mahmoud/airflow_env/lib/python3.10/site-packages/airflow/example_dags/example_short_circuit_operator.py took 0.077 seconds
[2024-01-14T15:21:46.541+0200] {processor.py:161} INFO - Started process (PID=19880) to work on /home/mahmoud/airflow_env/lib/python3.10/site-packages/airflow/example_dags/example_short_circuit_operator.py
[2024-01-14T15:21:46.547+0200] {processor.py:830} INFO - Processing file /home/mahmoud/airflow_env/lib/python3.10/site-packages/airflow/example_dags/example_short_circuit_operator.py for tasks to queue
[2024-01-14T15:21:46.549+0200] {logging_mixin.py:188} INFO - [2024-01-14T15:21:46.548+0200] {dagbag.py:538} INFO - Filling up the DagBag from /home/mahmoud/airflow_env/lib/python3.10/site-packages/airflow/example_dags/example_short_circuit_operator.py
[2024-01-14T15:21:46.566+0200] {processor.py:840} INFO - DAG(s) 'example_short_circuit_operator' retrieved from /home/mahmoud/airflow_env/lib/python3.10/site-packages/airflow/example_dags/example_short_circuit_operator.py
[2024-01-14T15:21:46.587+0200] {logging_mixin.py:188} INFO - [2024-01-14T15:21:46.587+0200] {dag.py:3033} INFO - Sync 1 DAGs
[2024-01-14T15:21:46.604+0200] {logging_mixin.py:188} INFO - [2024-01-14T15:21:46.604+0200] {dag.py:3820} INFO - Setting next_dagrun for example_short_circuit_operator to 2024-01-13T00:00:00+00:00, run_after=2024-01-14T00:00:00+00:00
[2024-01-14T15:21:46.627+0200] {processor.py:183} INFO - Processing /home/mahmoud/airflow_env/lib/python3.10/site-packages/airflow/example_dags/example_short_circuit_operator.py took 0.093 seconds
[2024-01-14T15:22:25.926+0200] {processor.py:161} INFO - Started process (PID=20036) to work on /home/mahmoud/airflow_env/lib/python3.10/site-packages/airflow/example_dags/example_short_circuit_operator.py
[2024-01-14T15:22:25.929+0200] {processor.py:830} INFO - Processing file /home/mahmoud/airflow_env/lib/python3.10/site-packages/airflow/example_dags/example_short_circuit_operator.py for tasks to queue
[2024-01-14T15:22:25.930+0200] {logging_mixin.py:188} INFO - [2024-01-14T15:22:25.930+0200] {dagbag.py:538} INFO - Filling up the DagBag from /home/mahmoud/airflow_env/lib/python3.10/site-packages/airflow/example_dags/example_short_circuit_operator.py
[2024-01-14T15:22:25.940+0200] {processor.py:840} INFO - DAG(s) 'example_short_circuit_operator' retrieved from /home/mahmoud/airflow_env/lib/python3.10/site-packages/airflow/example_dags/example_short_circuit_operator.py
[2024-01-14T15:22:25.958+0200] {logging_mixin.py:188} INFO - [2024-01-14T15:22:25.958+0200] {dag.py:3033} INFO - Sync 1 DAGs
[2024-01-14T15:22:25.975+0200] {logging_mixin.py:188} INFO - [2024-01-14T15:22:25.975+0200] {dag.py:3820} INFO - Setting next_dagrun for example_short_circuit_operator to 2024-01-13T00:00:00+00:00, run_after=2024-01-14T00:00:00+00:00
[2024-01-14T15:22:25.997+0200] {processor.py:183} INFO - Processing /home/mahmoud/airflow_env/lib/python3.10/site-packages/airflow/example_dags/example_short_circuit_operator.py took 0.076 seconds
[2024-01-14T15:23:35.615+0200] {processor.py:161} INFO - Started process (PID=20472) to work on /home/mahmoud/airflow_env/lib/python3.10/site-packages/airflow/example_dags/example_short_circuit_operator.py
[2024-01-14T15:23:35.616+0200] {processor.py:830} INFO - Processing file /home/mahmoud/airflow_env/lib/python3.10/site-packages/airflow/example_dags/example_short_circuit_operator.py for tasks to queue
[2024-01-14T15:23:35.616+0200] {logging_mixin.py:188} INFO - [2024-01-14T15:23:35.616+0200] {dagbag.py:538} INFO - Filling up the DagBag from /home/mahmoud/airflow_env/lib/python3.10/site-packages/airflow/example_dags/example_short_circuit_operator.py
[2024-01-14T15:23:35.626+0200] {processor.py:840} INFO - DAG(s) 'example_short_circuit_operator' retrieved from /home/mahmoud/airflow_env/lib/python3.10/site-packages/airflow/example_dags/example_short_circuit_operator.py
[2024-01-14T15:23:35.641+0200] {logging_mixin.py:188} INFO - [2024-01-14T15:23:35.641+0200] {dag.py:3033} INFO - Sync 1 DAGs
[2024-01-14T15:23:35.734+0200] {logging_mixin.py:188} INFO - [2024-01-14T15:23:35.733+0200] {dag.py:3820} INFO - Setting next_dagrun for example_short_circuit_operator to 2024-01-13T00:00:00+00:00, run_after=2024-01-14T00:00:00+00:00
[2024-01-14T15:23:35.758+0200] {processor.py:183} INFO - Processing /home/mahmoud/airflow_env/lib/python3.10/site-packages/airflow/example_dags/example_short_circuit_operator.py took 0.146 seconds
[2024-01-14T15:37:57.712+0200] {processor.py:161} INFO - Started process (PID=24525) to work on /home/mahmoud/airflow_env/lib/python3.10/site-packages/airflow/example_dags/example_short_circuit_operator.py
[2024-01-14T15:37:57.715+0200] {processor.py:830} INFO - Processing file /home/mahmoud/airflow_env/lib/python3.10/site-packages/airflow/example_dags/example_short_circuit_operator.py for tasks to queue
[2024-01-14T15:37:57.717+0200] {logging_mixin.py:188} INFO - [2024-01-14T15:37:57.716+0200] {dagbag.py:538} INFO - Filling up the DagBag from /home/mahmoud/airflow_env/lib/python3.10/site-packages/airflow/example_dags/example_short_circuit_operator.py
[2024-01-14T15:37:57.735+0200] {processor.py:840} INFO - DAG(s) 'example_short_circuit_operator' retrieved from /home/mahmoud/airflow_env/lib/python3.10/site-packages/airflow/example_dags/example_short_circuit_operator.py
[2024-01-14T15:37:57.752+0200] {logging_mixin.py:188} INFO - [2024-01-14T15:37:57.752+0200] {dag.py:3033} INFO - Sync 1 DAGs
[2024-01-14T15:37:57.841+0200] {logging_mixin.py:188} INFO - [2024-01-14T15:37:57.841+0200] {dag.py:3820} INFO - Setting next_dagrun for example_short_circuit_operator to 2024-01-13T00:00:00+00:00, run_after=2024-01-14T00:00:00+00:00
[2024-01-14T15:37:57.860+0200] {processor.py:183} INFO - Processing /home/mahmoud/airflow_env/lib/python3.10/site-packages/airflow/example_dags/example_short_circuit_operator.py took 0.156 seconds
[2024-01-14T15:38:48.943+0200] {processor.py:161} INFO - Started process (PID=24894) to work on /home/mahmoud/airflow_env/lib/python3.10/site-packages/airflow/example_dags/example_short_circuit_operator.py
[2024-01-14T15:38:48.945+0200] {processor.py:830} INFO - Processing file /home/mahmoud/airflow_env/lib/python3.10/site-packages/airflow/example_dags/example_short_circuit_operator.py for tasks to queue
[2024-01-14T15:38:48.946+0200] {logging_mixin.py:188} INFO - [2024-01-14T15:38:48.946+0200] {dagbag.py:538} INFO - Filling up the DagBag from /home/mahmoud/airflow_env/lib/python3.10/site-packages/airflow/example_dags/example_short_circuit_operator.py
[2024-01-14T15:38:48.952+0200] {processor.py:840} INFO - DAG(s) 'example_short_circuit_operator' retrieved from /home/mahmoud/airflow_env/lib/python3.10/site-packages/airflow/example_dags/example_short_circuit_operator.py
[2024-01-14T15:38:48.966+0200] {logging_mixin.py:188} INFO - [2024-01-14T15:38:48.966+0200] {dag.py:3033} INFO - Sync 1 DAGs
[2024-01-14T15:38:48.980+0200] {logging_mixin.py:188} INFO - [2024-01-14T15:38:48.980+0200] {dag.py:3820} INFO - Setting next_dagrun for example_short_circuit_operator to 2024-01-13T00:00:00+00:00, run_after=2024-01-14T00:00:00+00:00
[2024-01-14T15:38:48.999+0200] {processor.py:183} INFO - Processing /home/mahmoud/airflow_env/lib/python3.10/site-packages/airflow/example_dags/example_short_circuit_operator.py took 0.057 seconds
[2024-01-14T15:39:36.554+0200] {processor.py:161} INFO - Started process (PID=25198) to work on /home/mahmoud/airflow_env/lib/python3.10/site-packages/airflow/example_dags/example_short_circuit_operator.py
[2024-01-14T15:39:36.556+0200] {processor.py:830} INFO - Processing file /home/mahmoud/airflow_env/lib/python3.10/site-packages/airflow/example_dags/example_short_circuit_operator.py for tasks to queue
[2024-01-14T15:39:36.557+0200] {logging_mixin.py:188} INFO - [2024-01-14T15:39:36.557+0200] {dagbag.py:538} INFO - Filling up the DagBag from /home/mahmoud/airflow_env/lib/python3.10/site-packages/airflow/example_dags/example_short_circuit_operator.py
[2024-01-14T15:39:36.565+0200] {processor.py:840} INFO - DAG(s) 'example_short_circuit_operator' retrieved from /home/mahmoud/airflow_env/lib/python3.10/site-packages/airflow/example_dags/example_short_circuit_operator.py
[2024-01-14T15:39:36.581+0200] {logging_mixin.py:188} INFO - [2024-01-14T15:39:36.581+0200] {dag.py:3033} INFO - Sync 1 DAGs
[2024-01-14T15:39:36.598+0200] {logging_mixin.py:188} INFO - [2024-01-14T15:39:36.598+0200] {dag.py:3820} INFO - Setting next_dagrun for example_short_circuit_operator to 2024-01-13T00:00:00+00:00, run_after=2024-01-14T00:00:00+00:00
[2024-01-14T15:39:36.619+0200] {processor.py:183} INFO - Processing /home/mahmoud/airflow_env/lib/python3.10/site-packages/airflow/example_dags/example_short_circuit_operator.py took 0.070 seconds
[2024-01-14T15:40:28.091+0200] {processor.py:161} INFO - Started process (PID=25401) to work on /home/mahmoud/airflow_env/lib/python3.10/site-packages/airflow/example_dags/example_short_circuit_operator.py
[2024-01-14T15:40:28.093+0200] {processor.py:830} INFO - Processing file /home/mahmoud/airflow_env/lib/python3.10/site-packages/airflow/example_dags/example_short_circuit_operator.py for tasks to queue
[2024-01-14T15:40:28.094+0200] {logging_mixin.py:188} INFO - [2024-01-14T15:40:28.094+0200] {dagbag.py:538} INFO - Filling up the DagBag from /home/mahmoud/airflow_env/lib/python3.10/site-packages/airflow/example_dags/example_short_circuit_operator.py
[2024-01-14T15:40:28.104+0200] {processor.py:840} INFO - DAG(s) 'example_short_circuit_operator' retrieved from /home/mahmoud/airflow_env/lib/python3.10/site-packages/airflow/example_dags/example_short_circuit_operator.py
[2024-01-14T15:40:28.121+0200] {logging_mixin.py:188} INFO - [2024-01-14T15:40:28.121+0200] {dag.py:3033} INFO - Sync 1 DAGs
[2024-01-14T15:40:28.141+0200] {logging_mixin.py:188} INFO - [2024-01-14T15:40:28.140+0200] {dag.py:3820} INFO - Setting next_dagrun for example_short_circuit_operator to 2024-01-13T00:00:00+00:00, run_after=2024-01-14T00:00:00+00:00
[2024-01-14T15:40:28.166+0200] {processor.py:183} INFO - Processing /home/mahmoud/airflow_env/lib/python3.10/site-packages/airflow/example_dags/example_short_circuit_operator.py took 0.080 seconds
[2024-01-14T15:41:05.598+0200] {processor.py:161} INFO - Started process (PID=25587) to work on /home/mahmoud/airflow_env/lib/python3.10/site-packages/airflow/example_dags/example_short_circuit_operator.py
[2024-01-14T15:41:05.600+0200] {processor.py:830} INFO - Processing file /home/mahmoud/airflow_env/lib/python3.10/site-packages/airflow/example_dags/example_short_circuit_operator.py for tasks to queue
[2024-01-14T15:41:05.601+0200] {logging_mixin.py:188} INFO - [2024-01-14T15:41:05.601+0200] {dagbag.py:538} INFO - Filling up the DagBag from /home/mahmoud/airflow_env/lib/python3.10/site-packages/airflow/example_dags/example_short_circuit_operator.py
[2024-01-14T15:41:05.608+0200] {processor.py:840} INFO - DAG(s) 'example_short_circuit_operator' retrieved from /home/mahmoud/airflow_env/lib/python3.10/site-packages/airflow/example_dags/example_short_circuit_operator.py
[2024-01-14T15:41:05.627+0200] {logging_mixin.py:188} INFO - [2024-01-14T15:41:05.627+0200] {dag.py:3033} INFO - Sync 1 DAGs
[2024-01-14T15:41:05.644+0200] {logging_mixin.py:188} INFO - [2024-01-14T15:41:05.644+0200] {dag.py:3820} INFO - Setting next_dagrun for example_short_circuit_operator to 2024-01-13T00:00:00+00:00, run_after=2024-01-14T00:00:00+00:00
[2024-01-14T15:41:05.665+0200] {processor.py:183} INFO - Processing /home/mahmoud/airflow_env/lib/python3.10/site-packages/airflow/example_dags/example_short_circuit_operator.py took 0.069 seconds
[2024-01-14T15:41:57.274+0200] {processor.py:161} INFO - Started process (PID=25820) to work on /home/mahmoud/airflow_env/lib/python3.10/site-packages/airflow/example_dags/example_short_circuit_operator.py
[2024-01-14T15:41:57.275+0200] {processor.py:830} INFO - Processing file /home/mahmoud/airflow_env/lib/python3.10/site-packages/airflow/example_dags/example_short_circuit_operator.py for tasks to queue
[2024-01-14T15:41:57.276+0200] {logging_mixin.py:188} INFO - [2024-01-14T15:41:57.276+0200] {dagbag.py:538} INFO - Filling up the DagBag from /home/mahmoud/airflow_env/lib/python3.10/site-packages/airflow/example_dags/example_short_circuit_operator.py
[2024-01-14T15:41:57.284+0200] {processor.py:840} INFO - DAG(s) 'example_short_circuit_operator' retrieved from /home/mahmoud/airflow_env/lib/python3.10/site-packages/airflow/example_dags/example_short_circuit_operator.py
[2024-01-14T15:41:57.300+0200] {logging_mixin.py:188} INFO - [2024-01-14T15:41:57.300+0200] {dag.py:3033} INFO - Sync 1 DAGs
[2024-01-14T15:41:57.318+0200] {logging_mixin.py:188} INFO - [2024-01-14T15:41:57.318+0200] {dag.py:3820} INFO - Setting next_dagrun for example_short_circuit_operator to 2024-01-13T00:00:00+00:00, run_after=2024-01-14T00:00:00+00:00
[2024-01-14T15:41:57.343+0200] {processor.py:183} INFO - Processing /home/mahmoud/airflow_env/lib/python3.10/site-packages/airflow/example_dags/example_short_circuit_operator.py took 0.073 seconds
[2024-01-14T15:43:16.671+0200] {processor.py:161} INFO - Started process (PID=26660) to work on /home/mahmoud/airflow_env/lib/python3.10/site-packages/airflow/example_dags/example_short_circuit_operator.py
[2024-01-14T15:43:16.674+0200] {processor.py:830} INFO - Processing file /home/mahmoud/airflow_env/lib/python3.10/site-packages/airflow/example_dags/example_short_circuit_operator.py for tasks to queue
[2024-01-14T15:43:16.675+0200] {logging_mixin.py:188} INFO - [2024-01-14T15:43:16.674+0200] {dagbag.py:538} INFO - Filling up the DagBag from /home/mahmoud/airflow_env/lib/python3.10/site-packages/airflow/example_dags/example_short_circuit_operator.py
[2024-01-14T15:43:16.684+0200] {processor.py:840} INFO - DAG(s) 'example_short_circuit_operator' retrieved from /home/mahmoud/airflow_env/lib/python3.10/site-packages/airflow/example_dags/example_short_circuit_operator.py
[2024-01-14T15:43:16.700+0200] {logging_mixin.py:188} INFO - [2024-01-14T15:43:16.700+0200] {dag.py:3033} INFO - Sync 1 DAGs
[2024-01-14T15:43:16.716+0200] {logging_mixin.py:188} INFO - [2024-01-14T15:43:16.716+0200] {dag.py:3820} INFO - Setting next_dagrun for example_short_circuit_operator to 2024-01-13T00:00:00+00:00, run_after=2024-01-14T00:00:00+00:00
[2024-01-14T15:43:16.741+0200] {processor.py:183} INFO - Processing /home/mahmoud/airflow_env/lib/python3.10/site-packages/airflow/example_dags/example_short_circuit_operator.py took 0.075 seconds
[2024-01-14T15:44:06.820+0200] {processor.py:161} INFO - Started process (PID=27017) to work on /home/mahmoud/airflow_env/lib/python3.10/site-packages/airflow/example_dags/example_short_circuit_operator.py
[2024-01-14T15:44:06.821+0200] {processor.py:830} INFO - Processing file /home/mahmoud/airflow_env/lib/python3.10/site-packages/airflow/example_dags/example_short_circuit_operator.py for tasks to queue
[2024-01-14T15:44:06.823+0200] {logging_mixin.py:188} INFO - [2024-01-14T15:44:06.822+0200] {dagbag.py:538} INFO - Filling up the DagBag from /home/mahmoud/airflow_env/lib/python3.10/site-packages/airflow/example_dags/example_short_circuit_operator.py
[2024-01-14T15:44:06.834+0200] {processor.py:840} INFO - DAG(s) 'example_short_circuit_operator' retrieved from /home/mahmoud/airflow_env/lib/python3.10/site-packages/airflow/example_dags/example_short_circuit_operator.py
[2024-01-14T15:44:06.853+0200] {logging_mixin.py:188} INFO - [2024-01-14T15:44:06.853+0200] {dag.py:3033} INFO - Sync 1 DAGs
[2024-01-14T15:44:06.871+0200] {logging_mixin.py:188} INFO - [2024-01-14T15:44:06.870+0200] {dag.py:3820} INFO - Setting next_dagrun for example_short_circuit_operator to 2024-01-13T00:00:00+00:00, run_after=2024-01-14T00:00:00+00:00
[2024-01-14T15:44:06.895+0200] {processor.py:183} INFO - Processing /home/mahmoud/airflow_env/lib/python3.10/site-packages/airflow/example_dags/example_short_circuit_operator.py took 0.081 seconds
[2024-01-14T15:44:54.242+0200] {processor.py:161} INFO - Started process (PID=27599) to work on /home/mahmoud/airflow_env/lib/python3.10/site-packages/airflow/example_dags/example_short_circuit_operator.py
[2024-01-14T15:44:54.245+0200] {processor.py:830} INFO - Processing file /home/mahmoud/airflow_env/lib/python3.10/site-packages/airflow/example_dags/example_short_circuit_operator.py for tasks to queue
[2024-01-14T15:44:54.246+0200] {logging_mixin.py:188} INFO - [2024-01-14T15:44:54.245+0200] {dagbag.py:538} INFO - Filling up the DagBag from /home/mahmoud/airflow_env/lib/python3.10/site-packages/airflow/example_dags/example_short_circuit_operator.py
[2024-01-14T15:44:54.256+0200] {processor.py:840} INFO - DAG(s) 'example_short_circuit_operator' retrieved from /home/mahmoud/airflow_env/lib/python3.10/site-packages/airflow/example_dags/example_short_circuit_operator.py
[2024-01-14T15:44:54.273+0200] {logging_mixin.py:188} INFO - [2024-01-14T15:44:54.273+0200] {dag.py:3033} INFO - Sync 1 DAGs
[2024-01-14T15:44:54.293+0200] {logging_mixin.py:188} INFO - [2024-01-14T15:44:54.293+0200] {dag.py:3820} INFO - Setting next_dagrun for example_short_circuit_operator to 2024-01-13T00:00:00+00:00, run_after=2024-01-14T00:00:00+00:00
[2024-01-14T15:44:54.318+0200] {processor.py:183} INFO - Processing /home/mahmoud/airflow_env/lib/python3.10/site-packages/airflow/example_dags/example_short_circuit_operator.py took 0.080 seconds
[2024-01-14T15:45:36.601+0200] {processor.py:161} INFO - Started process (PID=27826) to work on /home/mahmoud/airflow_env/lib/python3.10/site-packages/airflow/example_dags/example_short_circuit_operator.py
[2024-01-14T15:45:36.617+0200] {processor.py:830} INFO - Processing file /home/mahmoud/airflow_env/lib/python3.10/site-packages/airflow/example_dags/example_short_circuit_operator.py for tasks to queue
[2024-01-14T15:45:36.618+0200] {logging_mixin.py:188} INFO - [2024-01-14T15:45:36.618+0200] {dagbag.py:538} INFO - Filling up the DagBag from /home/mahmoud/airflow_env/lib/python3.10/site-packages/airflow/example_dags/example_short_circuit_operator.py
[2024-01-14T15:45:36.625+0200] {processor.py:840} INFO - DAG(s) 'example_short_circuit_operator' retrieved from /home/mahmoud/airflow_env/lib/python3.10/site-packages/airflow/example_dags/example_short_circuit_operator.py
[2024-01-14T15:45:36.644+0200] {logging_mixin.py:188} INFO - [2024-01-14T15:45:36.644+0200] {dag.py:3033} INFO - Sync 1 DAGs
[2024-01-14T15:45:36.660+0200] {logging_mixin.py:188} INFO - [2024-01-14T15:45:36.659+0200] {dag.py:3820} INFO - Setting next_dagrun for example_short_circuit_operator to 2024-01-13T00:00:00+00:00, run_after=2024-01-14T00:00:00+00:00
[2024-01-14T15:45:36.680+0200] {processor.py:183} INFO - Processing /home/mahmoud/airflow_env/lib/python3.10/site-packages/airflow/example_dags/example_short_circuit_operator.py took 0.081 seconds
[2024-01-14T15:46:30.281+0200] {processor.py:161} INFO - Started process (PID=28036) to work on /home/mahmoud/airflow_env/lib/python3.10/site-packages/airflow/example_dags/example_short_circuit_operator.py
[2024-01-14T15:46:30.283+0200] {processor.py:830} INFO - Processing file /home/mahmoud/airflow_env/lib/python3.10/site-packages/airflow/example_dags/example_short_circuit_operator.py for tasks to queue
[2024-01-14T15:46:30.284+0200] {logging_mixin.py:188} INFO - [2024-01-14T15:46:30.284+0200] {dagbag.py:538} INFO - Filling up the DagBag from /home/mahmoud/airflow_env/lib/python3.10/site-packages/airflow/example_dags/example_short_circuit_operator.py
[2024-01-14T15:46:30.293+0200] {processor.py:840} INFO - DAG(s) 'example_short_circuit_operator' retrieved from /home/mahmoud/airflow_env/lib/python3.10/site-packages/airflow/example_dags/example_short_circuit_operator.py
[2024-01-14T15:46:30.311+0200] {logging_mixin.py:188} INFO - [2024-01-14T15:46:30.311+0200] {dag.py:3033} INFO - Sync 1 DAGs
[2024-01-14T15:46:30.331+0200] {logging_mixin.py:188} INFO - [2024-01-14T15:46:30.331+0200] {dag.py:3820} INFO - Setting next_dagrun for example_short_circuit_operator to 2024-01-13T00:00:00+00:00, run_after=2024-01-14T00:00:00+00:00
[2024-01-14T15:46:30.354+0200] {processor.py:183} INFO - Processing /home/mahmoud/airflow_env/lib/python3.10/site-packages/airflow/example_dags/example_short_circuit_operator.py took 0.076 seconds
[2024-01-14T15:47:22.251+0200] {processor.py:161} INFO - Started process (PID=28313) to work on /home/mahmoud/airflow_env/lib/python3.10/site-packages/airflow/example_dags/example_short_circuit_operator.py
[2024-01-14T15:47:22.252+0200] {processor.py:830} INFO - Processing file /home/mahmoud/airflow_env/lib/python3.10/site-packages/airflow/example_dags/example_short_circuit_operator.py for tasks to queue
[2024-01-14T15:47:22.253+0200] {logging_mixin.py:188} INFO - [2024-01-14T15:47:22.253+0200] {dagbag.py:538} INFO - Filling up the DagBag from /home/mahmoud/airflow_env/lib/python3.10/site-packages/airflow/example_dags/example_short_circuit_operator.py
[2024-01-14T15:47:22.259+0200] {processor.py:840} INFO - DAG(s) 'example_short_circuit_operator' retrieved from /home/mahmoud/airflow_env/lib/python3.10/site-packages/airflow/example_dags/example_short_circuit_operator.py
[2024-01-14T15:47:22.273+0200] {logging_mixin.py:188} INFO - [2024-01-14T15:47:22.272+0200] {dag.py:3033} INFO - Sync 1 DAGs
[2024-01-14T15:47:22.288+0200] {logging_mixin.py:188} INFO - [2024-01-14T15:47:22.288+0200] {dag.py:3820} INFO - Setting next_dagrun for example_short_circuit_operator to 2024-01-13T00:00:00+00:00, run_after=2024-01-14T00:00:00+00:00
[2024-01-14T15:47:22.310+0200] {processor.py:183} INFO - Processing /home/mahmoud/airflow_env/lib/python3.10/site-packages/airflow/example_dags/example_short_circuit_operator.py took 0.062 seconds
[2024-01-14T15:48:14.263+0200] {processor.py:161} INFO - Started process (PID=28544) to work on /home/mahmoud/airflow_env/lib/python3.10/site-packages/airflow/example_dags/example_short_circuit_operator.py
[2024-01-14T15:48:14.267+0200] {processor.py:830} INFO - Processing file /home/mahmoud/airflow_env/lib/python3.10/site-packages/airflow/example_dags/example_short_circuit_operator.py for tasks to queue
[2024-01-14T15:48:14.269+0200] {logging_mixin.py:188} INFO - [2024-01-14T15:48:14.268+0200] {dagbag.py:538} INFO - Filling up the DagBag from /home/mahmoud/airflow_env/lib/python3.10/site-packages/airflow/example_dags/example_short_circuit_operator.py
[2024-01-14T15:48:14.283+0200] {processor.py:840} INFO - DAG(s) 'example_short_circuit_operator' retrieved from /home/mahmoud/airflow_env/lib/python3.10/site-packages/airflow/example_dags/example_short_circuit_operator.py
[2024-01-14T15:48:14.305+0200] {logging_mixin.py:188} INFO - [2024-01-14T15:48:14.304+0200] {dag.py:3033} INFO - Sync 1 DAGs
[2024-01-14T15:48:14.322+0200] {logging_mixin.py:188} INFO - [2024-01-14T15:48:14.322+0200] {dag.py:3820} INFO - Setting next_dagrun for example_short_circuit_operator to 2024-01-13T00:00:00+00:00, run_after=2024-01-14T00:00:00+00:00
[2024-01-14T15:48:14.344+0200] {processor.py:183} INFO - Processing /home/mahmoud/airflow_env/lib/python3.10/site-packages/airflow/example_dags/example_short_circuit_operator.py took 0.090 seconds
[2024-01-14T15:49:08.321+0200] {processor.py:161} INFO - Started process (PID=28755) to work on /home/mahmoud/airflow_env/lib/python3.10/site-packages/airflow/example_dags/example_short_circuit_operator.py
[2024-01-14T15:49:08.323+0200] {processor.py:830} INFO - Processing file /home/mahmoud/airflow_env/lib/python3.10/site-packages/airflow/example_dags/example_short_circuit_operator.py for tasks to queue
[2024-01-14T15:49:08.324+0200] {logging_mixin.py:188} INFO - [2024-01-14T15:49:08.324+0200] {dagbag.py:538} INFO - Filling up the DagBag from /home/mahmoud/airflow_env/lib/python3.10/site-packages/airflow/example_dags/example_short_circuit_operator.py
[2024-01-14T15:49:08.333+0200] {processor.py:840} INFO - DAG(s) 'example_short_circuit_operator' retrieved from /home/mahmoud/airflow_env/lib/python3.10/site-packages/airflow/example_dags/example_short_circuit_operator.py
[2024-01-14T15:49:08.350+0200] {logging_mixin.py:188} INFO - [2024-01-14T15:49:08.349+0200] {dag.py:3033} INFO - Sync 1 DAGs
[2024-01-14T15:49:08.366+0200] {logging_mixin.py:188} INFO - [2024-01-14T15:49:08.366+0200] {dag.py:3820} INFO - Setting next_dagrun for example_short_circuit_operator to 2024-01-13T00:00:00+00:00, run_after=2024-01-14T00:00:00+00:00
[2024-01-14T15:49:08.389+0200] {processor.py:183} INFO - Processing /home/mahmoud/airflow_env/lib/python3.10/site-packages/airflow/example_dags/example_short_circuit_operator.py took 0.072 seconds
[2024-01-14T15:50:02.076+0200] {processor.py:161} INFO - Started process (PID=28966) to work on /home/mahmoud/airflow_env/lib/python3.10/site-packages/airflow/example_dags/example_short_circuit_operator.py
[2024-01-14T15:50:02.078+0200] {processor.py:830} INFO - Processing file /home/mahmoud/airflow_env/lib/python3.10/site-packages/airflow/example_dags/example_short_circuit_operator.py for tasks to queue
[2024-01-14T15:50:02.079+0200] {logging_mixin.py:188} INFO - [2024-01-14T15:50:02.079+0200] {dagbag.py:538} INFO - Filling up the DagBag from /home/mahmoud/airflow_env/lib/python3.10/site-packages/airflow/example_dags/example_short_circuit_operator.py
[2024-01-14T15:50:02.088+0200] {processor.py:840} INFO - DAG(s) 'example_short_circuit_operator' retrieved from /home/mahmoud/airflow_env/lib/python3.10/site-packages/airflow/example_dags/example_short_circuit_operator.py
[2024-01-14T15:50:02.105+0200] {logging_mixin.py:188} INFO - [2024-01-14T15:50:02.105+0200] {dag.py:3033} INFO - Sync 1 DAGs
[2024-01-14T15:50:02.121+0200] {logging_mixin.py:188} INFO - [2024-01-14T15:50:02.121+0200] {dag.py:3820} INFO - Setting next_dagrun for example_short_circuit_operator to 2024-01-13T00:00:00+00:00, run_after=2024-01-14T00:00:00+00:00
[2024-01-14T15:50:02.143+0200] {processor.py:183} INFO - Processing /home/mahmoud/airflow_env/lib/python3.10/site-packages/airflow/example_dags/example_short_circuit_operator.py took 0.070 seconds
[2024-01-14T15:50:53.371+0200] {processor.py:161} INFO - Started process (PID=29170) to work on /home/mahmoud/airflow_env/lib/python3.10/site-packages/airflow/example_dags/example_short_circuit_operator.py
[2024-01-14T15:50:53.372+0200] {processor.py:830} INFO - Processing file /home/mahmoud/airflow_env/lib/python3.10/site-packages/airflow/example_dags/example_short_circuit_operator.py for tasks to queue
[2024-01-14T15:50:53.373+0200] {logging_mixin.py:188} INFO - [2024-01-14T15:50:53.373+0200] {dagbag.py:538} INFO - Filling up the DagBag from /home/mahmoud/airflow_env/lib/python3.10/site-packages/airflow/example_dags/example_short_circuit_operator.py
[2024-01-14T15:50:53.380+0200] {processor.py:840} INFO - DAG(s) 'example_short_circuit_operator' retrieved from /home/mahmoud/airflow_env/lib/python3.10/site-packages/airflow/example_dags/example_short_circuit_operator.py
[2024-01-14T15:50:53.397+0200] {logging_mixin.py:188} INFO - [2024-01-14T15:50:53.396+0200] {dag.py:3033} INFO - Sync 1 DAGs
[2024-01-14T15:50:53.413+0200] {logging_mixin.py:188} INFO - [2024-01-14T15:50:53.413+0200] {dag.py:3820} INFO - Setting next_dagrun for example_short_circuit_operator to 2024-01-13T00:00:00+00:00, run_after=2024-01-14T00:00:00+00:00
[2024-01-14T15:50:53.434+0200] {processor.py:183} INFO - Processing /home/mahmoud/airflow_env/lib/python3.10/site-packages/airflow/example_dags/example_short_circuit_operator.py took 0.066 seconds
[2024-01-14T15:51:45.888+0200] {processor.py:161} INFO - Started process (PID=29381) to work on /home/mahmoud/airflow_env/lib/python3.10/site-packages/airflow/example_dags/example_short_circuit_operator.py
[2024-01-14T15:51:45.890+0200] {processor.py:830} INFO - Processing file /home/mahmoud/airflow_env/lib/python3.10/site-packages/airflow/example_dags/example_short_circuit_operator.py for tasks to queue
[2024-01-14T15:51:45.891+0200] {logging_mixin.py:188} INFO - [2024-01-14T15:51:45.890+0200] {dagbag.py:538} INFO - Filling up the DagBag from /home/mahmoud/airflow_env/lib/python3.10/site-packages/airflow/example_dags/example_short_circuit_operator.py
[2024-01-14T15:51:45.898+0200] {processor.py:840} INFO - DAG(s) 'example_short_circuit_operator' retrieved from /home/mahmoud/airflow_env/lib/python3.10/site-packages/airflow/example_dags/example_short_circuit_operator.py
[2024-01-14T15:51:45.914+0200] {logging_mixin.py:188} INFO - [2024-01-14T15:51:45.914+0200] {dag.py:3033} INFO - Sync 1 DAGs
[2024-01-14T15:51:45.931+0200] {logging_mixin.py:188} INFO - [2024-01-14T15:51:45.931+0200] {dag.py:3820} INFO - Setting next_dagrun for example_short_circuit_operator to 2024-01-13T00:00:00+00:00, run_after=2024-01-14T00:00:00+00:00
[2024-01-14T15:51:45.951+0200] {processor.py:183} INFO - Processing /home/mahmoud/airflow_env/lib/python3.10/site-packages/airflow/example_dags/example_short_circuit_operator.py took 0.065 seconds
[2024-01-14T15:52:36.915+0200] {processor.py:161} INFO - Started process (PID=29578) to work on /home/mahmoud/airflow_env/lib/python3.10/site-packages/airflow/example_dags/example_short_circuit_operator.py
[2024-01-14T15:52:36.917+0200] {processor.py:830} INFO - Processing file /home/mahmoud/airflow_env/lib/python3.10/site-packages/airflow/example_dags/example_short_circuit_operator.py for tasks to queue
[2024-01-14T15:52:36.918+0200] {logging_mixin.py:188} INFO - [2024-01-14T15:52:36.918+0200] {dagbag.py:538} INFO - Filling up the DagBag from /home/mahmoud/airflow_env/lib/python3.10/site-packages/airflow/example_dags/example_short_circuit_operator.py
[2024-01-14T15:52:36.926+0200] {processor.py:840} INFO - DAG(s) 'example_short_circuit_operator' retrieved from /home/mahmoud/airflow_env/lib/python3.10/site-packages/airflow/example_dags/example_short_circuit_operator.py
[2024-01-14T15:52:36.942+0200] {logging_mixin.py:188} INFO - [2024-01-14T15:52:36.942+0200] {dag.py:3033} INFO - Sync 1 DAGs
[2024-01-14T15:52:36.960+0200] {logging_mixin.py:188} INFO - [2024-01-14T15:52:36.960+0200] {dag.py:3820} INFO - Setting next_dagrun for example_short_circuit_operator to 2024-01-13T00:00:00+00:00, run_after=2024-01-14T00:00:00+00:00
[2024-01-14T15:52:36.982+0200] {processor.py:183} INFO - Processing /home/mahmoud/airflow_env/lib/python3.10/site-packages/airflow/example_dags/example_short_circuit_operator.py took 0.070 seconds
[2024-01-14T15:53:27.952+0200] {processor.py:161} INFO - Started process (PID=29811) to work on /home/mahmoud/airflow_env/lib/python3.10/site-packages/airflow/example_dags/example_short_circuit_operator.py
[2024-01-14T15:53:27.954+0200] {processor.py:830} INFO - Processing file /home/mahmoud/airflow_env/lib/python3.10/site-packages/airflow/example_dags/example_short_circuit_operator.py for tasks to queue
[2024-01-14T15:53:27.955+0200] {logging_mixin.py:188} INFO - [2024-01-14T15:53:27.954+0200] {dagbag.py:538} INFO - Filling up the DagBag from /home/mahmoud/airflow_env/lib/python3.10/site-packages/airflow/example_dags/example_short_circuit_operator.py
[2024-01-14T15:53:27.962+0200] {processor.py:840} INFO - DAG(s) 'example_short_circuit_operator' retrieved from /home/mahmoud/airflow_env/lib/python3.10/site-packages/airflow/example_dags/example_short_circuit_operator.py
[2024-01-14T15:53:27.978+0200] {logging_mixin.py:188} INFO - [2024-01-14T15:53:27.978+0200] {dag.py:3033} INFO - Sync 1 DAGs
[2024-01-14T15:53:27.995+0200] {logging_mixin.py:188} INFO - [2024-01-14T15:53:27.995+0200] {dag.py:3820} INFO - Setting next_dagrun for example_short_circuit_operator to 2024-01-13T00:00:00+00:00, run_after=2024-01-14T00:00:00+00:00
[2024-01-14T15:53:28.018+0200] {processor.py:183} INFO - Processing /home/mahmoud/airflow_env/lib/python3.10/site-packages/airflow/example_dags/example_short_circuit_operator.py took 0.069 seconds
[2024-01-14T15:54:14.980+0200] {processor.py:161} INFO - Started process (PID=29978) to work on /home/mahmoud/airflow_env/lib/python3.10/site-packages/airflow/example_dags/example_short_circuit_operator.py
[2024-01-14T15:54:14.986+0200] {processor.py:830} INFO - Processing file /home/mahmoud/airflow_env/lib/python3.10/site-packages/airflow/example_dags/example_short_circuit_operator.py for tasks to queue
[2024-01-14T15:54:14.991+0200] {logging_mixin.py:188} INFO - [2024-01-14T15:54:14.989+0200] {dagbag.py:538} INFO - Filling up the DagBag from /home/mahmoud/airflow_env/lib/python3.10/site-packages/airflow/example_dags/example_short_circuit_operator.py
[2024-01-14T15:54:15.042+0200] {processor.py:840} INFO - DAG(s) 'example_short_circuit_operator' retrieved from /home/mahmoud/airflow_env/lib/python3.10/site-packages/airflow/example_dags/example_short_circuit_operator.py
[2024-01-14T15:54:15.149+0200] {logging_mixin.py:188} INFO - [2024-01-14T15:54:15.148+0200] {dag.py:3033} INFO - Sync 1 DAGs
[2024-01-14T15:54:15.262+0200] {logging_mixin.py:188} INFO - [2024-01-14T15:54:15.261+0200] {dag.py:3820} INFO - Setting next_dagrun for example_short_circuit_operator to 2024-01-13T00:00:00+00:00, run_after=2024-01-14T00:00:00+00:00
[2024-01-14T15:54:15.365+0200] {processor.py:183} INFO - Processing /home/mahmoud/airflow_env/lib/python3.10/site-packages/airflow/example_dags/example_short_circuit_operator.py took 0.401 seconds
[2024-01-14T15:55:26.805+0200] {processor.py:161} INFO - Started process (PID=30223) to work on /home/mahmoud/airflow_env/lib/python3.10/site-packages/airflow/example_dags/example_short_circuit_operator.py
[2024-01-14T15:55:26.809+0200] {processor.py:830} INFO - Processing file /home/mahmoud/airflow_env/lib/python3.10/site-packages/airflow/example_dags/example_short_circuit_operator.py for tasks to queue
[2024-01-14T15:55:26.812+0200] {logging_mixin.py:188} INFO - [2024-01-14T15:55:26.811+0200] {dagbag.py:538} INFO - Filling up the DagBag from /home/mahmoud/airflow_env/lib/python3.10/site-packages/airflow/example_dags/example_short_circuit_operator.py
[2024-01-14T15:55:26.842+0200] {processor.py:840} INFO - DAG(s) 'example_short_circuit_operator' retrieved from /home/mahmoud/airflow_env/lib/python3.10/site-packages/airflow/example_dags/example_short_circuit_operator.py
[2024-01-14T15:55:26.910+0200] {logging_mixin.py:188} INFO - [2024-01-14T15:55:26.910+0200] {dag.py:3033} INFO - Sync 1 DAGs
[2024-01-14T15:55:26.990+0200] {logging_mixin.py:188} INFO - [2024-01-14T15:55:26.989+0200] {dag.py:3820} INFO - Setting next_dagrun for example_short_circuit_operator to 2024-01-13T00:00:00+00:00, run_after=2024-01-14T00:00:00+00:00
[2024-01-14T15:55:27.071+0200] {processor.py:183} INFO - Processing /home/mahmoud/airflow_env/lib/python3.10/site-packages/airflow/example_dags/example_short_circuit_operator.py took 0.276 seconds
[2024-01-14T15:56:26.981+0200] {processor.py:161} INFO - Started process (PID=30438) to work on /home/mahmoud/airflow_env/lib/python3.10/site-packages/airflow/example_dags/example_short_circuit_operator.py
[2024-01-14T15:56:26.984+0200] {processor.py:830} INFO - Processing file /home/mahmoud/airflow_env/lib/python3.10/site-packages/airflow/example_dags/example_short_circuit_operator.py for tasks to queue
[2024-01-14T15:56:26.987+0200] {logging_mixin.py:188} INFO - [2024-01-14T15:56:26.986+0200] {dagbag.py:538} INFO - Filling up the DagBag from /home/mahmoud/airflow_env/lib/python3.10/site-packages/airflow/example_dags/example_short_circuit_operator.py
[2024-01-14T15:56:27.016+0200] {processor.py:840} INFO - DAG(s) 'example_short_circuit_operator' retrieved from /home/mahmoud/airflow_env/lib/python3.10/site-packages/airflow/example_dags/example_short_circuit_operator.py
[2024-01-14T15:56:27.078+0200] {logging_mixin.py:188} INFO - [2024-01-14T15:56:27.077+0200] {dag.py:3033} INFO - Sync 1 DAGs
[2024-01-14T15:56:27.144+0200] {logging_mixin.py:188} INFO - [2024-01-14T15:56:27.144+0200] {dag.py:3820} INFO - Setting next_dagrun for example_short_circuit_operator to 2024-01-13T00:00:00+00:00, run_after=2024-01-14T00:00:00+00:00
[2024-01-14T15:56:27.208+0200] {processor.py:183} INFO - Processing /home/mahmoud/airflow_env/lib/python3.10/site-packages/airflow/example_dags/example_short_circuit_operator.py took 0.238 seconds
[2024-01-14T15:57:25.722+0200] {processor.py:161} INFO - Started process (PID=30646) to work on /home/mahmoud/airflow_env/lib/python3.10/site-packages/airflow/example_dags/example_short_circuit_operator.py
[2024-01-14T15:57:25.725+0200] {processor.py:830} INFO - Processing file /home/mahmoud/airflow_env/lib/python3.10/site-packages/airflow/example_dags/example_short_circuit_operator.py for tasks to queue
[2024-01-14T15:57:25.727+0200] {logging_mixin.py:188} INFO - [2024-01-14T15:57:25.726+0200] {dagbag.py:538} INFO - Filling up the DagBag from /home/mahmoud/airflow_env/lib/python3.10/site-packages/airflow/example_dags/example_short_circuit_operator.py
[2024-01-14T15:57:25.751+0200] {processor.py:840} INFO - DAG(s) 'example_short_circuit_operator' retrieved from /home/mahmoud/airflow_env/lib/python3.10/site-packages/airflow/example_dags/example_short_circuit_operator.py
[2024-01-14T15:57:25.805+0200] {logging_mixin.py:188} INFO - [2024-01-14T15:57:25.805+0200] {dag.py:3033} INFO - Sync 1 DAGs
[2024-01-14T15:57:25.864+0200] {logging_mixin.py:188} INFO - [2024-01-14T15:57:25.864+0200] {dag.py:3820} INFO - Setting next_dagrun for example_short_circuit_operator to 2024-01-13T00:00:00+00:00, run_after=2024-01-14T00:00:00+00:00
[2024-01-14T15:57:25.930+0200] {processor.py:183} INFO - Processing /home/mahmoud/airflow_env/lib/python3.10/site-packages/airflow/example_dags/example_short_circuit_operator.py took 0.218 seconds
