[2024-01-14T15:08:38.533+0200] {processor.py:161} INFO - Started process (PID=16211) to work on /home/mahmoud/airflow_env/lib/python3.10/site-packages/airflow/example_dags/example_sensor_decorator.py
[2024-01-14T15:08:38.533+0200] {processor.py:830} INFO - Processing file /home/mahmoud/airflow_env/lib/python3.10/site-packages/airflow/example_dags/example_sensor_decorator.py for tasks to queue
[2024-01-14T15:08:38.534+0200] {logging_mixin.py:188} INFO - [2024-01-14T15:08:38.534+0200] {dagbag.py:538} INFO - Filling up the DagBag from /home/mahmoud/airflow_env/lib/python3.10/site-packages/airflow/example_dags/example_sensor_decorator.py
[2024-01-14T15:08:38.540+0200] {processor.py:840} INFO - DAG(s) 'example_sensor_decorator' retrieved from /home/mahmoud/airflow_env/lib/python3.10/site-packages/airflow/example_dags/example_sensor_decorator.py
[2024-01-14T15:08:38.633+0200] {logging_mixin.py:188} INFO - [2024-01-14T15:08:38.632+0200] {override.py:1769} INFO - Created Permission View: can edit on DAG:example_sensor_decorator
[2024-01-14T15:08:38.646+0200] {logging_mixin.py:188} INFO - [2024-01-14T15:08:38.645+0200] {override.py:1769} INFO - Created Permission View: can delete on DAG:example_sensor_decorator
[2024-01-14T15:08:38.658+0200] {logging_mixin.py:188} INFO - [2024-01-14T15:08:38.658+0200] {override.py:1769} INFO - Created Permission View: can read on DAG:example_sensor_decorator
[2024-01-14T15:08:38.659+0200] {logging_mixin.py:188} INFO - [2024-01-14T15:08:38.659+0200] {dag.py:3033} INFO - Sync 1 DAGs
[2024-01-14T15:08:38.667+0200] {logging_mixin.py:188} INFO - [2024-01-14T15:08:38.667+0200] {dag.py:3055} INFO - Creating ORM DAG for example_sensor_decorator
[2024-01-14T15:08:38.668+0200] {logging_mixin.py:188} INFO - [2024-01-14T15:08:38.668+0200] {dag.py:3820} INFO - Setting next_dagrun for example_sensor_decorator to None, run_after=None
[2024-01-14T15:08:38.694+0200] {processor.py:183} INFO - Processing /home/mahmoud/airflow_env/lib/python3.10/site-packages/airflow/example_dags/example_sensor_decorator.py took 0.165 seconds
[2024-01-14T15:09:27.677+0200] {processor.py:161} INFO - Started process (PID=16540) to work on /home/mahmoud/airflow_env/lib/python3.10/site-packages/airflow/example_dags/example_sensor_decorator.py
[2024-01-14T15:09:27.678+0200] {processor.py:830} INFO - Processing file /home/mahmoud/airflow_env/lib/python3.10/site-packages/airflow/example_dags/example_sensor_decorator.py for tasks to queue
[2024-01-14T15:09:27.678+0200] {logging_mixin.py:188} INFO - [2024-01-14T15:09:27.678+0200] {dagbag.py:538} INFO - Filling up the DagBag from /home/mahmoud/airflow_env/lib/python3.10/site-packages/airflow/example_dags/example_sensor_decorator.py
[2024-01-14T15:09:27.685+0200] {processor.py:840} INFO - DAG(s) 'example_sensor_decorator' retrieved from /home/mahmoud/airflow_env/lib/python3.10/site-packages/airflow/example_dags/example_sensor_decorator.py
[2024-01-14T15:09:27.696+0200] {logging_mixin.py:188} INFO - [2024-01-14T15:09:27.696+0200] {dag.py:3033} INFO - Sync 1 DAGs
[2024-01-14T15:09:27.707+0200] {logging_mixin.py:188} INFO - [2024-01-14T15:09:27.707+0200] {dag.py:3820} INFO - Setting next_dagrun for example_sensor_decorator to None, run_after=None
[2024-01-14T15:09:27.734+0200] {processor.py:183} INFO - Processing /home/mahmoud/airflow_env/lib/python3.10/site-packages/airflow/example_dags/example_sensor_decorator.py took 0.060 seconds
[2024-01-14T15:10:25.466+0200] {processor.py:161} INFO - Started process (PID=16778) to work on /home/mahmoud/airflow_env/lib/python3.10/site-packages/airflow/example_dags/example_sensor_decorator.py
[2024-01-14T15:10:25.468+0200] {processor.py:830} INFO - Processing file /home/mahmoud/airflow_env/lib/python3.10/site-packages/airflow/example_dags/example_sensor_decorator.py for tasks to queue
[2024-01-14T15:10:25.469+0200] {logging_mixin.py:188} INFO - [2024-01-14T15:10:25.469+0200] {dagbag.py:538} INFO - Filling up the DagBag from /home/mahmoud/airflow_env/lib/python3.10/site-packages/airflow/example_dags/example_sensor_decorator.py
[2024-01-14T15:10:25.479+0200] {processor.py:840} INFO - DAG(s) 'example_sensor_decorator' retrieved from /home/mahmoud/airflow_env/lib/python3.10/site-packages/airflow/example_dags/example_sensor_decorator.py
[2024-01-14T15:10:25.496+0200] {logging_mixin.py:188} INFO - [2024-01-14T15:10:25.496+0200] {dag.py:3033} INFO - Sync 1 DAGs
[2024-01-14T15:10:25.507+0200] {logging_mixin.py:188} INFO - [2024-01-14T15:10:25.506+0200] {dag.py:3820} INFO - Setting next_dagrun for example_sensor_decorator to None, run_after=None
[2024-01-14T15:10:25.528+0200] {processor.py:183} INFO - Processing /home/mahmoud/airflow_env/lib/python3.10/site-packages/airflow/example_dags/example_sensor_decorator.py took 0.068 seconds
[2024-01-14T15:11:24.059+0200] {processor.py:161} INFO - Started process (PID=17007) to work on /home/mahmoud/airflow_env/lib/python3.10/site-packages/airflow/example_dags/example_sensor_decorator.py
[2024-01-14T15:11:24.060+0200] {processor.py:830} INFO - Processing file /home/mahmoud/airflow_env/lib/python3.10/site-packages/airflow/example_dags/example_sensor_decorator.py for tasks to queue
[2024-01-14T15:11:24.061+0200] {logging_mixin.py:188} INFO - [2024-01-14T15:11:24.061+0200] {dagbag.py:538} INFO - Filling up the DagBag from /home/mahmoud/airflow_env/lib/python3.10/site-packages/airflow/example_dags/example_sensor_decorator.py
[2024-01-14T15:11:24.068+0200] {processor.py:840} INFO - DAG(s) 'example_sensor_decorator' retrieved from /home/mahmoud/airflow_env/lib/python3.10/site-packages/airflow/example_dags/example_sensor_decorator.py
[2024-01-14T15:11:24.081+0200] {logging_mixin.py:188} INFO - [2024-01-14T15:11:24.081+0200] {dag.py:3033} INFO - Sync 1 DAGs
[2024-01-14T15:11:24.092+0200] {logging_mixin.py:188} INFO - [2024-01-14T15:11:24.091+0200] {dag.py:3820} INFO - Setting next_dagrun for example_sensor_decorator to None, run_after=None
[2024-01-14T15:11:24.114+0200] {processor.py:183} INFO - Processing /home/mahmoud/airflow_env/lib/python3.10/site-packages/airflow/example_dags/example_sensor_decorator.py took 0.058 seconds
[2024-01-14T15:12:18.471+0200] {processor.py:161} INFO - Started process (PID=17262) to work on /home/mahmoud/airflow_env/lib/python3.10/site-packages/airflow/example_dags/example_sensor_decorator.py
[2024-01-14T15:12:18.473+0200] {processor.py:830} INFO - Processing file /home/mahmoud/airflow_env/lib/python3.10/site-packages/airflow/example_dags/example_sensor_decorator.py for tasks to queue
[2024-01-14T15:12:18.474+0200] {logging_mixin.py:188} INFO - [2024-01-14T15:12:18.474+0200] {dagbag.py:538} INFO - Filling up the DagBag from /home/mahmoud/airflow_env/lib/python3.10/site-packages/airflow/example_dags/example_sensor_decorator.py
[2024-01-14T15:12:18.481+0200] {processor.py:840} INFO - DAG(s) 'example_sensor_decorator' retrieved from /home/mahmoud/airflow_env/lib/python3.10/site-packages/airflow/example_dags/example_sensor_decorator.py
[2024-01-14T15:12:18.496+0200] {logging_mixin.py:188} INFO - [2024-01-14T15:12:18.496+0200] {dag.py:3033} INFO - Sync 1 DAGs
[2024-01-14T15:12:18.506+0200] {logging_mixin.py:188} INFO - [2024-01-14T15:12:18.506+0200] {dag.py:3820} INFO - Setting next_dagrun for example_sensor_decorator to None, run_after=None
[2024-01-14T15:12:18.528+0200] {processor.py:183} INFO - Processing /home/mahmoud/airflow_env/lib/python3.10/site-packages/airflow/example_dags/example_sensor_decorator.py took 0.060 seconds
[2024-01-14T15:13:12.315+0200] {processor.py:161} INFO - Started process (PID=17505) to work on /home/mahmoud/airflow_env/lib/python3.10/site-packages/airflow/example_dags/example_sensor_decorator.py
[2024-01-14T15:13:12.316+0200] {processor.py:830} INFO - Processing file /home/mahmoud/airflow_env/lib/python3.10/site-packages/airflow/example_dags/example_sensor_decorator.py for tasks to queue
[2024-01-14T15:13:12.317+0200] {logging_mixin.py:188} INFO - [2024-01-14T15:13:12.316+0200] {dagbag.py:538} INFO - Filling up the DagBag from /home/mahmoud/airflow_env/lib/python3.10/site-packages/airflow/example_dags/example_sensor_decorator.py
[2024-01-14T15:13:12.322+0200] {processor.py:840} INFO - DAG(s) 'example_sensor_decorator' retrieved from /home/mahmoud/airflow_env/lib/python3.10/site-packages/airflow/example_dags/example_sensor_decorator.py
[2024-01-14T15:13:12.335+0200] {logging_mixin.py:188} INFO - [2024-01-14T15:13:12.335+0200] {dag.py:3033} INFO - Sync 1 DAGs
[2024-01-14T15:13:12.346+0200] {logging_mixin.py:188} INFO - [2024-01-14T15:13:12.345+0200] {dag.py:3820} INFO - Setting next_dagrun for example_sensor_decorator to None, run_after=None
[2024-01-14T15:13:12.371+0200] {processor.py:183} INFO - Processing /home/mahmoud/airflow_env/lib/python3.10/site-packages/airflow/example_dags/example_sensor_decorator.py took 0.059 seconds
[2024-01-14T15:20:25.744+0200] {processor.py:161} INFO - Started process (PID=19565) to work on /home/mahmoud/airflow_env/lib/python3.10/site-packages/airflow/example_dags/example_sensor_decorator.py
[2024-01-14T15:20:25.746+0200] {processor.py:830} INFO - Processing file /home/mahmoud/airflow_env/lib/python3.10/site-packages/airflow/example_dags/example_sensor_decorator.py for tasks to queue
[2024-01-14T15:20:25.746+0200] {logging_mixin.py:188} INFO - [2024-01-14T15:20:25.746+0200] {dagbag.py:538} INFO - Filling up the DagBag from /home/mahmoud/airflow_env/lib/python3.10/site-packages/airflow/example_dags/example_sensor_decorator.py
[2024-01-14T15:20:25.752+0200] {processor.py:840} INFO - DAG(s) 'example_sensor_decorator' retrieved from /home/mahmoud/airflow_env/lib/python3.10/site-packages/airflow/example_dags/example_sensor_decorator.py
[2024-01-14T15:20:25.764+0200] {logging_mixin.py:188} INFO - [2024-01-14T15:20:25.764+0200] {dag.py:3033} INFO - Sync 1 DAGs
[2024-01-14T15:20:25.774+0200] {logging_mixin.py:188} INFO - [2024-01-14T15:20:25.774+0200] {dag.py:3820} INFO - Setting next_dagrun for example_sensor_decorator to None, run_after=None
[2024-01-14T15:20:25.795+0200] {processor.py:183} INFO - Processing /home/mahmoud/airflow_env/lib/python3.10/site-packages/airflow/example_dags/example_sensor_decorator.py took 0.054 seconds
[2024-01-14T15:21:14.819+0200] {processor.py:161} INFO - Started process (PID=19752) to work on /home/mahmoud/airflow_env/lib/python3.10/site-packages/airflow/example_dags/example_sensor_decorator.py
[2024-01-14T15:21:14.820+0200] {processor.py:830} INFO - Processing file /home/mahmoud/airflow_env/lib/python3.10/site-packages/airflow/example_dags/example_sensor_decorator.py for tasks to queue
[2024-01-14T15:21:14.821+0200] {logging_mixin.py:188} INFO - [2024-01-14T15:21:14.821+0200] {dagbag.py:538} INFO - Filling up the DagBag from /home/mahmoud/airflow_env/lib/python3.10/site-packages/airflow/example_dags/example_sensor_decorator.py
[2024-01-14T15:21:14.830+0200] {processor.py:840} INFO - DAG(s) 'example_sensor_decorator' retrieved from /home/mahmoud/airflow_env/lib/python3.10/site-packages/airflow/example_dags/example_sensor_decorator.py
[2024-01-14T15:21:14.845+0200] {logging_mixin.py:188} INFO - [2024-01-14T15:21:14.845+0200] {dag.py:3033} INFO - Sync 1 DAGs
[2024-01-14T15:21:14.855+0200] {logging_mixin.py:188} INFO - [2024-01-14T15:21:14.855+0200] {dag.py:3820} INFO - Setting next_dagrun for example_sensor_decorator to None, run_after=None
[2024-01-14T15:21:14.878+0200] {processor.py:183} INFO - Processing /home/mahmoud/airflow_env/lib/python3.10/site-packages/airflow/example_dags/example_sensor_decorator.py took 0.063 seconds
[2024-01-14T15:22:11.583+0200] {processor.py:161} INFO - Started process (PID=19979) to work on /home/mahmoud/airflow_env/lib/python3.10/site-packages/airflow/example_dags/example_sensor_decorator.py
[2024-01-14T15:22:11.585+0200] {processor.py:830} INFO - Processing file /home/mahmoud/airflow_env/lib/python3.10/site-packages/airflow/example_dags/example_sensor_decorator.py for tasks to queue
[2024-01-14T15:22:11.586+0200] {logging_mixin.py:188} INFO - [2024-01-14T15:22:11.586+0200] {dagbag.py:538} INFO - Filling up the DagBag from /home/mahmoud/airflow_env/lib/python3.10/site-packages/airflow/example_dags/example_sensor_decorator.py
[2024-01-14T15:22:11.597+0200] {processor.py:840} INFO - DAG(s) 'example_sensor_decorator' retrieved from /home/mahmoud/airflow_env/lib/python3.10/site-packages/airflow/example_dags/example_sensor_decorator.py
[2024-01-14T15:22:11.614+0200] {logging_mixin.py:188} INFO - [2024-01-14T15:22:11.614+0200] {dag.py:3033} INFO - Sync 1 DAGs
[2024-01-14T15:22:11.623+0200] {logging_mixin.py:188} INFO - [2024-01-14T15:22:11.623+0200] {dag.py:3820} INFO - Setting next_dagrun for example_sensor_decorator to None, run_after=None
[2024-01-14T15:22:11.646+0200] {processor.py:183} INFO - Processing /home/mahmoud/airflow_env/lib/python3.10/site-packages/airflow/example_dags/example_sensor_decorator.py took 0.068 seconds
[2024-01-14T15:38:17.898+0200] {processor.py:161} INFO - Started process (PID=24667) to work on /home/mahmoud/airflow_env/lib/python3.10/site-packages/airflow/example_dags/example_sensor_decorator.py
[2024-01-14T15:38:17.901+0200] {processor.py:830} INFO - Processing file /home/mahmoud/airflow_env/lib/python3.10/site-packages/airflow/example_dags/example_sensor_decorator.py for tasks to queue
[2024-01-14T15:38:17.902+0200] {logging_mixin.py:188} INFO - [2024-01-14T15:38:17.902+0200] {dagbag.py:538} INFO - Filling up the DagBag from /home/mahmoud/airflow_env/lib/python3.10/site-packages/airflow/example_dags/example_sensor_decorator.py
[2024-01-14T15:38:17.913+0200] {processor.py:840} INFO - DAG(s) 'example_sensor_decorator' retrieved from /home/mahmoud/airflow_env/lib/python3.10/site-packages/airflow/example_dags/example_sensor_decorator.py
[2024-01-14T15:38:17.931+0200] {logging_mixin.py:188} INFO - [2024-01-14T15:38:17.931+0200] {dag.py:3033} INFO - Sync 1 DAGs
[2024-01-14T15:38:17.941+0200] {logging_mixin.py:188} INFO - [2024-01-14T15:38:17.941+0200] {dag.py:3820} INFO - Setting next_dagrun for example_sensor_decorator to None, run_after=None
[2024-01-14T15:38:17.966+0200] {processor.py:183} INFO - Processing /home/mahmoud/airflow_env/lib/python3.10/site-packages/airflow/example_dags/example_sensor_decorator.py took 0.075 seconds
[2024-01-14T15:39:06.659+0200] {processor.py:161} INFO - Started process (PID=25082) to work on /home/mahmoud/airflow_env/lib/python3.10/site-packages/airflow/example_dags/example_sensor_decorator.py
[2024-01-14T15:39:06.661+0200] {processor.py:830} INFO - Processing file /home/mahmoud/airflow_env/lib/python3.10/site-packages/airflow/example_dags/example_sensor_decorator.py for tasks to queue
[2024-01-14T15:39:06.662+0200] {logging_mixin.py:188} INFO - [2024-01-14T15:39:06.661+0200] {dagbag.py:538} INFO - Filling up the DagBag from /home/mahmoud/airflow_env/lib/python3.10/site-packages/airflow/example_dags/example_sensor_decorator.py
[2024-01-14T15:39:06.670+0200] {processor.py:840} INFO - DAG(s) 'example_sensor_decorator' retrieved from /home/mahmoud/airflow_env/lib/python3.10/site-packages/airflow/example_dags/example_sensor_decorator.py
[2024-01-14T15:39:06.684+0200] {logging_mixin.py:188} INFO - [2024-01-14T15:39:06.684+0200] {dag.py:3033} INFO - Sync 1 DAGs
[2024-01-14T15:39:06.695+0200] {logging_mixin.py:188} INFO - [2024-01-14T15:39:06.695+0200] {dag.py:3820} INFO - Setting next_dagrun for example_sensor_decorator to None, run_after=None
[2024-01-14T15:39:06.718+0200] {processor.py:183} INFO - Processing /home/mahmoud/airflow_env/lib/python3.10/site-packages/airflow/example_dags/example_sensor_decorator.py took 0.062 seconds
[2024-01-14T15:39:56.016+0200] {processor.py:161} INFO - Started process (PID=25279) to work on /home/mahmoud/airflow_env/lib/python3.10/site-packages/airflow/example_dags/example_sensor_decorator.py
[2024-01-14T15:39:56.017+0200] {processor.py:830} INFO - Processing file /home/mahmoud/airflow_env/lib/python3.10/site-packages/airflow/example_dags/example_sensor_decorator.py for tasks to queue
[2024-01-14T15:39:56.018+0200] {logging_mixin.py:188} INFO - [2024-01-14T15:39:56.018+0200] {dagbag.py:538} INFO - Filling up the DagBag from /home/mahmoud/airflow_env/lib/python3.10/site-packages/airflow/example_dags/example_sensor_decorator.py
[2024-01-14T15:39:56.025+0200] {processor.py:840} INFO - DAG(s) 'example_sensor_decorator' retrieved from /home/mahmoud/airflow_env/lib/python3.10/site-packages/airflow/example_dags/example_sensor_decorator.py
[2024-01-14T15:39:56.040+0200] {logging_mixin.py:188} INFO - [2024-01-14T15:39:56.040+0200] {dag.py:3033} INFO - Sync 1 DAGs
[2024-01-14T15:39:56.051+0200] {logging_mixin.py:188} INFO - [2024-01-14T15:39:56.051+0200] {dag.py:3820} INFO - Setting next_dagrun for example_sensor_decorator to None, run_after=None
[2024-01-14T15:39:56.075+0200] {processor.py:183} INFO - Processing /home/mahmoud/airflow_env/lib/python3.10/site-packages/airflow/example_dags/example_sensor_decorator.py took 0.063 seconds
[2024-01-14T15:40:52.871+0200] {processor.py:161} INFO - Started process (PID=25498) to work on /home/mahmoud/airflow_env/lib/python3.10/site-packages/airflow/example_dags/example_sensor_decorator.py
[2024-01-14T15:40:52.873+0200] {processor.py:830} INFO - Processing file /home/mahmoud/airflow_env/lib/python3.10/site-packages/airflow/example_dags/example_sensor_decorator.py for tasks to queue
[2024-01-14T15:40:52.874+0200] {logging_mixin.py:188} INFO - [2024-01-14T15:40:52.874+0200] {dagbag.py:538} INFO - Filling up the DagBag from /home/mahmoud/airflow_env/lib/python3.10/site-packages/airflow/example_dags/example_sensor_decorator.py
[2024-01-14T15:40:52.887+0200] {processor.py:840} INFO - DAG(s) 'example_sensor_decorator' retrieved from /home/mahmoud/airflow_env/lib/python3.10/site-packages/airflow/example_dags/example_sensor_decorator.py
[2024-01-14T15:40:52.903+0200] {logging_mixin.py:188} INFO - [2024-01-14T15:40:52.903+0200] {dag.py:3033} INFO - Sync 1 DAGs
[2024-01-14T15:40:52.912+0200] {logging_mixin.py:188} INFO - [2024-01-14T15:40:52.912+0200] {dag.py:3820} INFO - Setting next_dagrun for example_sensor_decorator to None, run_after=None
[2024-01-14T15:40:52.930+0200] {processor.py:183} INFO - Processing /home/mahmoud/airflow_env/lib/python3.10/site-packages/airflow/example_dags/example_sensor_decorator.py took 0.063 seconds
[2024-01-14T15:41:43.561+0200] {processor.py:161} INFO - Started process (PID=25764) to work on /home/mahmoud/airflow_env/lib/python3.10/site-packages/airflow/example_dags/example_sensor_decorator.py
[2024-01-14T15:41:43.562+0200] {processor.py:830} INFO - Processing file /home/mahmoud/airflow_env/lib/python3.10/site-packages/airflow/example_dags/example_sensor_decorator.py for tasks to queue
[2024-01-14T15:41:43.562+0200] {logging_mixin.py:188} INFO - [2024-01-14T15:41:43.562+0200] {dagbag.py:538} INFO - Filling up the DagBag from /home/mahmoud/airflow_env/lib/python3.10/site-packages/airflow/example_dags/example_sensor_decorator.py
[2024-01-14T15:41:43.567+0200] {processor.py:840} INFO - DAG(s) 'example_sensor_decorator' retrieved from /home/mahmoud/airflow_env/lib/python3.10/site-packages/airflow/example_dags/example_sensor_decorator.py
[2024-01-14T15:41:43.580+0200] {logging_mixin.py:188} INFO - [2024-01-14T15:41:43.580+0200] {dag.py:3033} INFO - Sync 1 DAGs
[2024-01-14T15:41:43.590+0200] {logging_mixin.py:188} INFO - [2024-01-14T15:41:43.590+0200] {dag.py:3820} INFO - Setting next_dagrun for example_sensor_decorator to None, run_after=None
[2024-01-14T15:41:43.613+0200] {processor.py:183} INFO - Processing /home/mahmoud/airflow_env/lib/python3.10/site-packages/airflow/example_dags/example_sensor_decorator.py took 0.055 seconds
[2024-01-14T15:42:43.856+0200] {processor.py:161} INFO - Started process (PID=26184) to work on /home/mahmoud/airflow_env/lib/python3.10/site-packages/airflow/example_dags/example_sensor_decorator.py
[2024-01-14T15:42:43.858+0200] {processor.py:830} INFO - Processing file /home/mahmoud/airflow_env/lib/python3.10/site-packages/airflow/example_dags/example_sensor_decorator.py for tasks to queue
[2024-01-14T15:42:43.859+0200] {logging_mixin.py:188} INFO - [2024-01-14T15:42:43.858+0200] {dagbag.py:538} INFO - Filling up the DagBag from /home/mahmoud/airflow_env/lib/python3.10/site-packages/airflow/example_dags/example_sensor_decorator.py
[2024-01-14T15:42:43.864+0200] {processor.py:840} INFO - DAG(s) 'example_sensor_decorator' retrieved from /home/mahmoud/airflow_env/lib/python3.10/site-packages/airflow/example_dags/example_sensor_decorator.py
[2024-01-14T15:42:43.877+0200] {logging_mixin.py:188} INFO - [2024-01-14T15:42:43.877+0200] {dag.py:3033} INFO - Sync 1 DAGs
[2024-01-14T15:42:43.888+0200] {logging_mixin.py:188} INFO - [2024-01-14T15:42:43.888+0200] {dag.py:3820} INFO - Setting next_dagrun for example_sensor_decorator to None, run_after=None
[2024-01-14T15:42:43.913+0200] {processor.py:183} INFO - Processing /home/mahmoud/airflow_env/lib/python3.10/site-packages/airflow/example_dags/example_sensor_decorator.py took 0.061 seconds
[2024-01-14T15:43:51.086+0200] {processor.py:161} INFO - Started process (PID=26828) to work on /home/mahmoud/airflow_env/lib/python3.10/site-packages/airflow/example_dags/example_sensor_decorator.py
[2024-01-14T15:43:51.089+0200] {processor.py:830} INFO - Processing file /home/mahmoud/airflow_env/lib/python3.10/site-packages/airflow/example_dags/example_sensor_decorator.py for tasks to queue
[2024-01-14T15:43:51.090+0200] {logging_mixin.py:188} INFO - [2024-01-14T15:43:51.090+0200] {dagbag.py:538} INFO - Filling up the DagBag from /home/mahmoud/airflow_env/lib/python3.10/site-packages/airflow/example_dags/example_sensor_decorator.py
[2024-01-14T15:43:51.097+0200] {processor.py:840} INFO - DAG(s) 'example_sensor_decorator' retrieved from /home/mahmoud/airflow_env/lib/python3.10/site-packages/airflow/example_dags/example_sensor_decorator.py
[2024-01-14T15:43:51.111+0200] {logging_mixin.py:188} INFO - [2024-01-14T15:43:51.111+0200] {dag.py:3033} INFO - Sync 1 DAGs
[2024-01-14T15:43:51.121+0200] {logging_mixin.py:188} INFO - [2024-01-14T15:43:51.121+0200] {dag.py:3820} INFO - Setting next_dagrun for example_sensor_decorator to None, run_after=None
[2024-01-14T15:43:51.145+0200] {processor.py:183} INFO - Processing /home/mahmoud/airflow_env/lib/python3.10/site-packages/airflow/example_dags/example_sensor_decorator.py took 0.064 seconds
[2024-01-14T15:45:04.559+0200] {processor.py:161} INFO - Started process (PID=27672) to work on /home/mahmoud/airflow_env/lib/python3.10/site-packages/airflow/example_dags/example_sensor_decorator.py
[2024-01-14T15:45:04.561+0200] {processor.py:830} INFO - Processing file /home/mahmoud/airflow_env/lib/python3.10/site-packages/airflow/example_dags/example_sensor_decorator.py for tasks to queue
[2024-01-14T15:45:04.562+0200] {logging_mixin.py:188} INFO - [2024-01-14T15:45:04.561+0200] {dagbag.py:538} INFO - Filling up the DagBag from /home/mahmoud/airflow_env/lib/python3.10/site-packages/airflow/example_dags/example_sensor_decorator.py
[2024-01-14T15:45:04.569+0200] {processor.py:840} INFO - DAG(s) 'example_sensor_decorator' retrieved from /home/mahmoud/airflow_env/lib/python3.10/site-packages/airflow/example_dags/example_sensor_decorator.py
[2024-01-14T15:45:04.582+0200] {logging_mixin.py:188} INFO - [2024-01-14T15:45:04.582+0200] {dag.py:3033} INFO - Sync 1 DAGs
[2024-01-14T15:45:04.592+0200] {logging_mixin.py:188} INFO - [2024-01-14T15:45:04.592+0200] {dag.py:3820} INFO - Setting next_dagrun for example_sensor_decorator to None, run_after=None
[2024-01-14T15:45:04.614+0200] {processor.py:183} INFO - Processing /home/mahmoud/airflow_env/lib/python3.10/site-packages/airflow/example_dags/example_sensor_decorator.py took 0.059 seconds
[2024-01-14T15:45:56.100+0200] {processor.py:161} INFO - Started process (PID=27906) to work on /home/mahmoud/airflow_env/lib/python3.10/site-packages/airflow/example_dags/example_sensor_decorator.py
[2024-01-14T15:45:56.102+0200] {processor.py:830} INFO - Processing file /home/mahmoud/airflow_env/lib/python3.10/site-packages/airflow/example_dags/example_sensor_decorator.py for tasks to queue
[2024-01-14T15:45:56.104+0200] {logging_mixin.py:188} INFO - [2024-01-14T15:45:56.103+0200] {dagbag.py:538} INFO - Filling up the DagBag from /home/mahmoud/airflow_env/lib/python3.10/site-packages/airflow/example_dags/example_sensor_decorator.py
[2024-01-14T15:45:56.114+0200] {processor.py:840} INFO - DAG(s) 'example_sensor_decorator' retrieved from /home/mahmoud/airflow_env/lib/python3.10/site-packages/airflow/example_dags/example_sensor_decorator.py
[2024-01-14T15:45:56.131+0200] {logging_mixin.py:188} INFO - [2024-01-14T15:45:56.130+0200] {dag.py:3033} INFO - Sync 1 DAGs
[2024-01-14T15:45:56.141+0200] {logging_mixin.py:188} INFO - [2024-01-14T15:45:56.141+0200] {dag.py:3820} INFO - Setting next_dagrun for example_sensor_decorator to None, run_after=None
[2024-01-14T15:45:56.167+0200] {processor.py:183} INFO - Processing /home/mahmoud/airflow_env/lib/python3.10/site-packages/airflow/example_dags/example_sensor_decorator.py took 0.073 seconds
[2024-01-14T15:46:50.885+0200] {processor.py:161} INFO - Started process (PID=28118) to work on /home/mahmoud/airflow_env/lib/python3.10/site-packages/airflow/example_dags/example_sensor_decorator.py
[2024-01-14T15:46:50.887+0200] {processor.py:830} INFO - Processing file /home/mahmoud/airflow_env/lib/python3.10/site-packages/airflow/example_dags/example_sensor_decorator.py for tasks to queue
[2024-01-14T15:46:50.888+0200] {logging_mixin.py:188} INFO - [2024-01-14T15:46:50.887+0200] {dagbag.py:538} INFO - Filling up the DagBag from /home/mahmoud/airflow_env/lib/python3.10/site-packages/airflow/example_dags/example_sensor_decorator.py
[2024-01-14T15:46:50.896+0200] {processor.py:840} INFO - DAG(s) 'example_sensor_decorator' retrieved from /home/mahmoud/airflow_env/lib/python3.10/site-packages/airflow/example_dags/example_sensor_decorator.py
[2024-01-14T15:46:50.911+0200] {logging_mixin.py:188} INFO - [2024-01-14T15:46:50.911+0200] {dag.py:3033} INFO - Sync 1 DAGs
[2024-01-14T15:46:50.921+0200] {logging_mixin.py:188} INFO - [2024-01-14T15:46:50.921+0200] {dag.py:3820} INFO - Setting next_dagrun for example_sensor_decorator to None, run_after=None
[2024-01-14T15:46:50.944+0200] {processor.py:183} INFO - Processing /home/mahmoud/airflow_env/lib/python3.10/site-packages/airflow/example_dags/example_sensor_decorator.py took 0.062 seconds
[2024-01-14T15:47:43.031+0200] {processor.py:161} INFO - Started process (PID=28422) to work on /home/mahmoud/airflow_env/lib/python3.10/site-packages/airflow/example_dags/example_sensor_decorator.py
[2024-01-14T15:47:43.033+0200] {processor.py:830} INFO - Processing file /home/mahmoud/airflow_env/lib/python3.10/site-packages/airflow/example_dags/example_sensor_decorator.py for tasks to queue
[2024-01-14T15:47:43.034+0200] {logging_mixin.py:188} INFO - [2024-01-14T15:47:43.034+0200] {dagbag.py:538} INFO - Filling up the DagBag from /home/mahmoud/airflow_env/lib/python3.10/site-packages/airflow/example_dags/example_sensor_decorator.py
[2024-01-14T15:47:43.041+0200] {processor.py:840} INFO - DAG(s) 'example_sensor_decorator' retrieved from /home/mahmoud/airflow_env/lib/python3.10/site-packages/airflow/example_dags/example_sensor_decorator.py
[2024-01-14T15:47:43.056+0200] {logging_mixin.py:188} INFO - [2024-01-14T15:47:43.055+0200] {dag.py:3033} INFO - Sync 1 DAGs
[2024-01-14T15:47:43.066+0200] {logging_mixin.py:188} INFO - [2024-01-14T15:47:43.066+0200] {dag.py:3820} INFO - Setting next_dagrun for example_sensor_decorator to None, run_after=None
[2024-01-14T15:47:43.091+0200] {processor.py:183} INFO - Processing /home/mahmoud/airflow_env/lib/python3.10/site-packages/airflow/example_dags/example_sensor_decorator.py took 0.064 seconds
[2024-01-14T15:48:36.162+0200] {processor.py:161} INFO - Started process (PID=28632) to work on /home/mahmoud/airflow_env/lib/python3.10/site-packages/airflow/example_dags/example_sensor_decorator.py
[2024-01-14T15:48:36.163+0200] {processor.py:830} INFO - Processing file /home/mahmoud/airflow_env/lib/python3.10/site-packages/airflow/example_dags/example_sensor_decorator.py for tasks to queue
[2024-01-14T15:48:36.164+0200] {logging_mixin.py:188} INFO - [2024-01-14T15:48:36.164+0200] {dagbag.py:538} INFO - Filling up the DagBag from /home/mahmoud/airflow_env/lib/python3.10/site-packages/airflow/example_dags/example_sensor_decorator.py
[2024-01-14T15:48:36.171+0200] {processor.py:840} INFO - DAG(s) 'example_sensor_decorator' retrieved from /home/mahmoud/airflow_env/lib/python3.10/site-packages/airflow/example_dags/example_sensor_decorator.py
[2024-01-14T15:48:36.185+0200] {logging_mixin.py:188} INFO - [2024-01-14T15:48:36.185+0200] {dag.py:3033} INFO - Sync 1 DAGs
[2024-01-14T15:48:36.195+0200] {logging_mixin.py:188} INFO - [2024-01-14T15:48:36.195+0200] {dag.py:3820} INFO - Setting next_dagrun for example_sensor_decorator to None, run_after=None
[2024-01-14T15:48:36.218+0200] {processor.py:183} INFO - Processing /home/mahmoud/airflow_env/lib/python3.10/site-packages/airflow/example_dags/example_sensor_decorator.py took 0.059 seconds
[2024-01-14T15:49:31.643+0200] {processor.py:161} INFO - Started process (PID=28844) to work on /home/mahmoud/airflow_env/lib/python3.10/site-packages/airflow/example_dags/example_sensor_decorator.py
[2024-01-14T15:49:31.646+0200] {processor.py:830} INFO - Processing file /home/mahmoud/airflow_env/lib/python3.10/site-packages/airflow/example_dags/example_sensor_decorator.py for tasks to queue
[2024-01-14T15:49:31.648+0200] {logging_mixin.py:188} INFO - [2024-01-14T15:49:31.647+0200] {dagbag.py:538} INFO - Filling up the DagBag from /home/mahmoud/airflow_env/lib/python3.10/site-packages/airflow/example_dags/example_sensor_decorator.py
[2024-01-14T15:49:31.657+0200] {processor.py:840} INFO - DAG(s) 'example_sensor_decorator' retrieved from /home/mahmoud/airflow_env/lib/python3.10/site-packages/airflow/example_dags/example_sensor_decorator.py
[2024-01-14T15:49:31.672+0200] {logging_mixin.py:188} INFO - [2024-01-14T15:49:31.672+0200] {dag.py:3033} INFO - Sync 1 DAGs
[2024-01-14T15:49:31.682+0200] {logging_mixin.py:188} INFO - [2024-01-14T15:49:31.682+0200] {dag.py:3820} INFO - Setting next_dagrun for example_sensor_decorator to None, run_after=None
[2024-01-14T15:49:31.707+0200] {processor.py:183} INFO - Processing /home/mahmoud/airflow_env/lib/python3.10/site-packages/airflow/example_dags/example_sensor_decorator.py took 0.070 seconds
[2024-01-14T15:50:21.944+0200] {processor.py:161} INFO - Started process (PID=29048) to work on /home/mahmoud/airflow_env/lib/python3.10/site-packages/airflow/example_dags/example_sensor_decorator.py
[2024-01-14T15:50:21.945+0200] {processor.py:830} INFO - Processing file /home/mahmoud/airflow_env/lib/python3.10/site-packages/airflow/example_dags/example_sensor_decorator.py for tasks to queue
[2024-01-14T15:50:21.947+0200] {logging_mixin.py:188} INFO - [2024-01-14T15:50:21.946+0200] {dagbag.py:538} INFO - Filling up the DagBag from /home/mahmoud/airflow_env/lib/python3.10/site-packages/airflow/example_dags/example_sensor_decorator.py
[2024-01-14T15:50:21.955+0200] {processor.py:840} INFO - DAG(s) 'example_sensor_decorator' retrieved from /home/mahmoud/airflow_env/lib/python3.10/site-packages/airflow/example_dags/example_sensor_decorator.py
[2024-01-14T15:50:21.970+0200] {logging_mixin.py:188} INFO - [2024-01-14T15:50:21.969+0200] {dag.py:3033} INFO - Sync 1 DAGs
[2024-01-14T15:50:21.980+0200] {logging_mixin.py:188} INFO - [2024-01-14T15:50:21.980+0200] {dag.py:3820} INFO - Setting next_dagrun for example_sensor_decorator to None, run_after=None
[2024-01-14T15:50:22.002+0200] {processor.py:183} INFO - Processing /home/mahmoud/airflow_env/lib/python3.10/site-packages/airflow/example_dags/example_sensor_decorator.py took 0.063 seconds
[2024-01-14T15:51:14.462+0200] {processor.py:161} INFO - Started process (PID=29252) to work on /home/mahmoud/airflow_env/lib/python3.10/site-packages/airflow/example_dags/example_sensor_decorator.py
[2024-01-14T15:51:14.463+0200] {processor.py:830} INFO - Processing file /home/mahmoud/airflow_env/lib/python3.10/site-packages/airflow/example_dags/example_sensor_decorator.py for tasks to queue
[2024-01-14T15:51:14.464+0200] {logging_mixin.py:188} INFO - [2024-01-14T15:51:14.464+0200] {dagbag.py:538} INFO - Filling up the DagBag from /home/mahmoud/airflow_env/lib/python3.10/site-packages/airflow/example_dags/example_sensor_decorator.py
[2024-01-14T15:51:14.470+0200] {processor.py:840} INFO - DAG(s) 'example_sensor_decorator' retrieved from /home/mahmoud/airflow_env/lib/python3.10/site-packages/airflow/example_dags/example_sensor_decorator.py
[2024-01-14T15:51:14.484+0200] {logging_mixin.py:188} INFO - [2024-01-14T15:51:14.484+0200] {dag.py:3033} INFO - Sync 1 DAGs
[2024-01-14T15:51:14.494+0200] {logging_mixin.py:188} INFO - [2024-01-14T15:51:14.494+0200] {dag.py:3820} INFO - Setting next_dagrun for example_sensor_decorator to None, run_after=None
[2024-01-14T15:51:14.518+0200] {processor.py:183} INFO - Processing /home/mahmoud/airflow_env/lib/python3.10/site-packages/airflow/example_dags/example_sensor_decorator.py took 0.060 seconds
[2024-01-14T15:52:06.643+0200] {processor.py:161} INFO - Started process (PID=29463) to work on /home/mahmoud/airflow_env/lib/python3.10/site-packages/airflow/example_dags/example_sensor_decorator.py
[2024-01-14T15:52:06.645+0200] {processor.py:830} INFO - Processing file /home/mahmoud/airflow_env/lib/python3.10/site-packages/airflow/example_dags/example_sensor_decorator.py for tasks to queue
[2024-01-14T15:52:06.645+0200] {logging_mixin.py:188} INFO - [2024-01-14T15:52:06.645+0200] {dagbag.py:538} INFO - Filling up the DagBag from /home/mahmoud/airflow_env/lib/python3.10/site-packages/airflow/example_dags/example_sensor_decorator.py
[2024-01-14T15:52:06.651+0200] {processor.py:840} INFO - DAG(s) 'example_sensor_decorator' retrieved from /home/mahmoud/airflow_env/lib/python3.10/site-packages/airflow/example_dags/example_sensor_decorator.py
[2024-01-14T15:52:06.664+0200] {logging_mixin.py:188} INFO - [2024-01-14T15:52:06.664+0200] {dag.py:3033} INFO - Sync 1 DAGs
[2024-01-14T15:52:06.674+0200] {logging_mixin.py:188} INFO - [2024-01-14T15:52:06.674+0200] {dag.py:3820} INFO - Setting next_dagrun for example_sensor_decorator to None, run_after=None
[2024-01-14T15:52:06.697+0200] {processor.py:183} INFO - Processing /home/mahmoud/airflow_env/lib/python3.10/site-packages/airflow/example_dags/example_sensor_decorator.py took 0.056 seconds
[2024-01-14T15:52:56.532+0200] {processor.py:161} INFO - Started process (PID=29687) to work on /home/mahmoud/airflow_env/lib/python3.10/site-packages/airflow/example_dags/example_sensor_decorator.py
[2024-01-14T15:52:56.534+0200] {processor.py:830} INFO - Processing file /home/mahmoud/airflow_env/lib/python3.10/site-packages/airflow/example_dags/example_sensor_decorator.py for tasks to queue
[2024-01-14T15:52:56.535+0200] {logging_mixin.py:188} INFO - [2024-01-14T15:52:56.534+0200] {dagbag.py:538} INFO - Filling up the DagBag from /home/mahmoud/airflow_env/lib/python3.10/site-packages/airflow/example_dags/example_sensor_decorator.py
[2024-01-14T15:52:56.541+0200] {processor.py:840} INFO - DAG(s) 'example_sensor_decorator' retrieved from /home/mahmoud/airflow_env/lib/python3.10/site-packages/airflow/example_dags/example_sensor_decorator.py
[2024-01-14T15:52:56.555+0200] {logging_mixin.py:188} INFO - [2024-01-14T15:52:56.555+0200] {dag.py:3033} INFO - Sync 1 DAGs
[2024-01-14T15:52:56.565+0200] {logging_mixin.py:188} INFO - [2024-01-14T15:52:56.565+0200] {dag.py:3820} INFO - Setting next_dagrun for example_sensor_decorator to None, run_after=None
[2024-01-14T15:52:56.585+0200] {processor.py:183} INFO - Processing /home/mahmoud/airflow_env/lib/python3.10/site-packages/airflow/example_dags/example_sensor_decorator.py took 0.056 seconds
[2024-01-14T15:53:50.519+0200] {processor.py:161} INFO - Started process (PID=29900) to work on /home/mahmoud/airflow_env/lib/python3.10/site-packages/airflow/example_dags/example_sensor_decorator.py
[2024-01-14T15:53:50.521+0200] {processor.py:830} INFO - Processing file /home/mahmoud/airflow_env/lib/python3.10/site-packages/airflow/example_dags/example_sensor_decorator.py for tasks to queue
[2024-01-14T15:53:50.522+0200] {logging_mixin.py:188} INFO - [2024-01-14T15:53:50.522+0200] {dagbag.py:538} INFO - Filling up the DagBag from /home/mahmoud/airflow_env/lib/python3.10/site-packages/airflow/example_dags/example_sensor_decorator.py
[2024-01-14T15:53:50.533+0200] {processor.py:840} INFO - DAG(s) 'example_sensor_decorator' retrieved from /home/mahmoud/airflow_env/lib/python3.10/site-packages/airflow/example_dags/example_sensor_decorator.py
[2024-01-14T15:53:50.558+0200] {logging_mixin.py:188} INFO - [2024-01-14T15:53:50.558+0200] {dag.py:3033} INFO - Sync 1 DAGs
[2024-01-14T15:53:50.578+0200] {logging_mixin.py:188} INFO - [2024-01-14T15:53:50.578+0200] {dag.py:3820} INFO - Setting next_dagrun for example_sensor_decorator to None, run_after=None
[2024-01-14T15:53:50.618+0200] {processor.py:183} INFO - Processing /home/mahmoud/airflow_env/lib/python3.10/site-packages/airflow/example_dags/example_sensor_decorator.py took 0.104 seconds
[2024-01-14T15:54:52.505+0200] {processor.py:161} INFO - Started process (PID=30108) to work on /home/mahmoud/airflow_env/lib/python3.10/site-packages/airflow/example_dags/example_sensor_decorator.py
[2024-01-14T15:54:52.511+0200] {processor.py:830} INFO - Processing file /home/mahmoud/airflow_env/lib/python3.10/site-packages/airflow/example_dags/example_sensor_decorator.py for tasks to queue
[2024-01-14T15:54:52.517+0200] {logging_mixin.py:188} INFO - [2024-01-14T15:54:52.515+0200] {dagbag.py:538} INFO - Filling up the DagBag from /home/mahmoud/airflow_env/lib/python3.10/site-packages/airflow/example_dags/example_sensor_decorator.py
[2024-01-14T15:54:52.563+0200] {processor.py:840} INFO - DAG(s) 'example_sensor_decorator' retrieved from /home/mahmoud/airflow_env/lib/python3.10/site-packages/airflow/example_dags/example_sensor_decorator.py
[2024-01-14T15:54:52.680+0200] {logging_mixin.py:188} INFO - [2024-01-14T15:54:52.679+0200] {dag.py:3033} INFO - Sync 1 DAGs
[2024-01-14T15:54:52.747+0200] {logging_mixin.py:188} INFO - [2024-01-14T15:54:52.746+0200] {dag.py:3820} INFO - Setting next_dagrun for example_sensor_decorator to None, run_after=None
[2024-01-14T15:54:52.872+0200] {processor.py:183} INFO - Processing /home/mahmoud/airflow_env/lib/python3.10/site-packages/airflow/example_dags/example_sensor_decorator.py took 0.382 seconds
[2024-01-14T15:55:59.652+0200] {processor.py:161} INFO - Started process (PID=30341) to work on /home/mahmoud/airflow_env/lib/python3.10/site-packages/airflow/example_dags/example_sensor_decorator.py
[2024-01-14T15:55:59.656+0200] {processor.py:830} INFO - Processing file /home/mahmoud/airflow_env/lib/python3.10/site-packages/airflow/example_dags/example_sensor_decorator.py for tasks to queue
[2024-01-14T15:55:59.660+0200] {logging_mixin.py:188} INFO - [2024-01-14T15:55:59.658+0200] {dagbag.py:538} INFO - Filling up the DagBag from /home/mahmoud/airflow_env/lib/python3.10/site-packages/airflow/example_dags/example_sensor_decorator.py
[2024-01-14T15:55:59.689+0200] {processor.py:840} INFO - DAG(s) 'example_sensor_decorator' retrieved from /home/mahmoud/airflow_env/lib/python3.10/site-packages/airflow/example_dags/example_sensor_decorator.py
[2024-01-14T15:55:59.753+0200] {logging_mixin.py:188} INFO - [2024-01-14T15:55:59.753+0200] {dag.py:3033} INFO - Sync 1 DAGs
[2024-01-14T15:55:59.803+0200] {logging_mixin.py:188} INFO - [2024-01-14T15:55:59.802+0200] {dag.py:3820} INFO - Setting next_dagrun for example_sensor_decorator to None, run_after=None
[2024-01-14T15:55:59.892+0200] {processor.py:183} INFO - Processing /home/mahmoud/airflow_env/lib/python3.10/site-packages/airflow/example_dags/example_sensor_decorator.py took 0.253 seconds
[2024-01-14T15:56:58.567+0200] {processor.py:161} INFO - Started process (PID=30552) to work on /home/mahmoud/airflow_env/lib/python3.10/site-packages/airflow/example_dags/example_sensor_decorator.py
[2024-01-14T15:56:58.572+0200] {processor.py:830} INFO - Processing file /home/mahmoud/airflow_env/lib/python3.10/site-packages/airflow/example_dags/example_sensor_decorator.py for tasks to queue
[2024-01-14T15:56:58.575+0200] {logging_mixin.py:188} INFO - [2024-01-14T15:56:58.573+0200] {dagbag.py:538} INFO - Filling up the DagBag from /home/mahmoud/airflow_env/lib/python3.10/site-packages/airflow/example_dags/example_sensor_decorator.py
[2024-01-14T15:56:58.599+0200] {processor.py:840} INFO - DAG(s) 'example_sensor_decorator' retrieved from /home/mahmoud/airflow_env/lib/python3.10/site-packages/airflow/example_dags/example_sensor_decorator.py
[2024-01-14T15:56:58.654+0200] {logging_mixin.py:188} INFO - [2024-01-14T15:56:58.653+0200] {dag.py:3033} INFO - Sync 1 DAGs
[2024-01-14T15:56:58.696+0200] {logging_mixin.py:188} INFO - [2024-01-14T15:56:58.696+0200] {dag.py:3820} INFO - Setting next_dagrun for example_sensor_decorator to None, run_after=None
[2024-01-14T15:56:58.773+0200] {processor.py:183} INFO - Processing /home/mahmoud/airflow_env/lib/python3.10/site-packages/airflow/example_dags/example_sensor_decorator.py took 0.217 seconds
[2024-01-14T15:57:51.451+0200] {processor.py:161} INFO - Started process (PID=30771) to work on /home/mahmoud/airflow_env/lib/python3.10/site-packages/airflow/example_dags/example_sensor_decorator.py
[2024-01-14T15:57:51.454+0200] {processor.py:830} INFO - Processing file /home/mahmoud/airflow_env/lib/python3.10/site-packages/airflow/example_dags/example_sensor_decorator.py for tasks to queue
[2024-01-14T15:57:51.455+0200] {logging_mixin.py:188} INFO - [2024-01-14T15:57:51.454+0200] {dagbag.py:538} INFO - Filling up the DagBag from /home/mahmoud/airflow_env/lib/python3.10/site-packages/airflow/example_dags/example_sensor_decorator.py
[2024-01-14T15:57:51.462+0200] {processor.py:840} INFO - DAG(s) 'example_sensor_decorator' retrieved from /home/mahmoud/airflow_env/lib/python3.10/site-packages/airflow/example_dags/example_sensor_decorator.py
[2024-01-14T15:57:51.478+0200] {logging_mixin.py:188} INFO - [2024-01-14T15:57:51.478+0200] {dag.py:3033} INFO - Sync 1 DAGs
[2024-01-14T15:57:51.488+0200] {logging_mixin.py:188} INFO - [2024-01-14T15:57:51.488+0200] {dag.py:3820} INFO - Setting next_dagrun for example_sensor_decorator to None, run_after=None
[2024-01-14T15:57:51.514+0200] {processor.py:183} INFO - Processing /home/mahmoud/airflow_env/lib/python3.10/site-packages/airflow/example_dags/example_sensor_decorator.py took 0.067 seconds
