[2024-01-14T14:40:39.308+0200] {processor.py:161} INFO - Started process (PID=9751) to work on /home/mahmoud/airflow_env/lib/python3.10/site-packages/airflow/example_dags/example_branch_operator_decorator.py
[2024-01-14T14:40:39.309+0200] {processor.py:830} INFO - Processing file /home/mahmoud/airflow_env/lib/python3.10/site-packages/airflow/example_dags/example_branch_operator_decorator.py for tasks to queue
[2024-01-14T14:40:39.311+0200] {logging_mixin.py:188} INFO - [2024-01-14T14:40:39.310+0200] {dagbag.py:538} INFO - Filling up the DagBag from /home/mahmoud/airflow_env/lib/python3.10/site-packages/airflow/example_dags/example_branch_operator_decorator.py
[2024-01-14T14:40:39.330+0200] {processor.py:840} INFO - DAG(s) 'example_branch_python_operator_decorator' retrieved from /home/mahmoud/airflow_env/lib/python3.10/site-packages/airflow/example_dags/example_branch_operator_decorator.py
[2024-01-14T14:40:39.500+0200] {logging_mixin.py:188} INFO - [2024-01-14T14:40:39.499+0200] {override.py:1769} INFO - Created Permission View: can edit on DAG:example_branch_python_operator_decorator
[2024-01-14T14:40:39.514+0200] {logging_mixin.py:188} INFO - [2024-01-14T14:40:39.514+0200] {override.py:1769} INFO - Created Permission View: can read on DAG:example_branch_python_operator_decorator
[2024-01-14T14:40:39.522+0200] {logging_mixin.py:188} INFO - [2024-01-14T14:40:39.522+0200] {override.py:1769} INFO - Created Permission View: can delete on DAG:example_branch_python_operator_decorator
[2024-01-14T14:40:39.523+0200] {logging_mixin.py:188} INFO - [2024-01-14T14:40:39.523+0200] {dag.py:3033} INFO - Sync 1 DAGs
[2024-01-14T14:40:39.529+0200] {logging_mixin.py:188} INFO - [2024-01-14T14:40:39.529+0200] {dag.py:3055} INFO - Creating ORM DAG for example_branch_python_operator_decorator
[2024-01-14T14:40:39.537+0200] {logging_mixin.py:188} INFO - [2024-01-14T14:40:39.536+0200] {dag.py:3820} INFO - Setting next_dagrun for example_branch_python_operator_decorator to 2024-01-13T00:00:00+00:00, run_after=2024-01-14T00:00:00+00:00
[2024-01-14T14:40:39.556+0200] {processor.py:183} INFO - Processing /home/mahmoud/airflow_env/lib/python3.10/site-packages/airflow/example_dags/example_branch_operator_decorator.py took 0.253 seconds
[2024-01-14T15:08:16.826+0200] {processor.py:161} INFO - Started process (PID=16100) to work on /home/mahmoud/airflow_env/lib/python3.10/site-packages/airflow/example_dags/example_branch_operator_decorator.py
[2024-01-14T15:08:16.827+0200] {processor.py:830} INFO - Processing file /home/mahmoud/airflow_env/lib/python3.10/site-packages/airflow/example_dags/example_branch_operator_decorator.py for tasks to queue
[2024-01-14T15:08:16.828+0200] {logging_mixin.py:188} INFO - [2024-01-14T15:08:16.828+0200] {dagbag.py:538} INFO - Filling up the DagBag from /home/mahmoud/airflow_env/lib/python3.10/site-packages/airflow/example_dags/example_branch_operator_decorator.py
[2024-01-14T15:08:16.849+0200] {processor.py:840} INFO - DAG(s) 'example_branch_python_operator_decorator' retrieved from /home/mahmoud/airflow_env/lib/python3.10/site-packages/airflow/example_dags/example_branch_operator_decorator.py
[2024-01-14T15:08:16.867+0200] {logging_mixin.py:188} INFO - [2024-01-14T15:08:16.867+0200] {dag.py:3033} INFO - Sync 1 DAGs
[2024-01-14T15:08:16.964+0200] {logging_mixin.py:188} INFO - [2024-01-14T15:08:16.964+0200] {dag.py:3820} INFO - Setting next_dagrun for example_branch_python_operator_decorator to 2024-01-13T00:00:00+00:00, run_after=2024-01-14T00:00:00+00:00
[2024-01-14T15:08:16.990+0200] {processor.py:183} INFO - Processing /home/mahmoud/airflow_env/lib/python3.10/site-packages/airflow/example_dags/example_branch_operator_decorator.py took 0.168 seconds
[2024-01-14T15:09:09.339+0200] {processor.py:161} INFO - Started process (PID=16389) to work on /home/mahmoud/airflow_env/lib/python3.10/site-packages/airflow/example_dags/example_branch_operator_decorator.py
[2024-01-14T15:09:09.341+0200] {processor.py:830} INFO - Processing file /home/mahmoud/airflow_env/lib/python3.10/site-packages/airflow/example_dags/example_branch_operator_decorator.py for tasks to queue
[2024-01-14T15:09:09.342+0200] {logging_mixin.py:188} INFO - [2024-01-14T15:09:09.342+0200] {dagbag.py:538} INFO - Filling up the DagBag from /home/mahmoud/airflow_env/lib/python3.10/site-packages/airflow/example_dags/example_branch_operator_decorator.py
[2024-01-14T15:09:09.360+0200] {processor.py:840} INFO - DAG(s) 'example_branch_python_operator_decorator' retrieved from /home/mahmoud/airflow_env/lib/python3.10/site-packages/airflow/example_dags/example_branch_operator_decorator.py
[2024-01-14T15:09:09.379+0200] {logging_mixin.py:188} INFO - [2024-01-14T15:09:09.379+0200] {dag.py:3033} INFO - Sync 1 DAGs
[2024-01-14T15:09:09.394+0200] {logging_mixin.py:188} INFO - [2024-01-14T15:09:09.394+0200] {dag.py:3820} INFO - Setting next_dagrun for example_branch_python_operator_decorator to 2024-01-13T00:00:00+00:00, run_after=2024-01-14T00:00:00+00:00
[2024-01-14T15:09:09.415+0200] {processor.py:183} INFO - Processing /home/mahmoud/airflow_env/lib/python3.10/site-packages/airflow/example_dags/example_branch_operator_decorator.py took 0.079 seconds
[2024-01-14T15:09:57.537+0200] {processor.py:161} INFO - Started process (PID=16659) to work on /home/mahmoud/airflow_env/lib/python3.10/site-packages/airflow/example_dags/example_branch_operator_decorator.py
[2024-01-14T15:09:57.539+0200] {processor.py:830} INFO - Processing file /home/mahmoud/airflow_env/lib/python3.10/site-packages/airflow/example_dags/example_branch_operator_decorator.py for tasks to queue
[2024-01-14T15:09:57.540+0200] {logging_mixin.py:188} INFO - [2024-01-14T15:09:57.540+0200] {dagbag.py:538} INFO - Filling up the DagBag from /home/mahmoud/airflow_env/lib/python3.10/site-packages/airflow/example_dags/example_branch_operator_decorator.py
[2024-01-14T15:09:57.561+0200] {processor.py:840} INFO - DAG(s) 'example_branch_python_operator_decorator' retrieved from /home/mahmoud/airflow_env/lib/python3.10/site-packages/airflow/example_dags/example_branch_operator_decorator.py
[2024-01-14T15:09:57.580+0200] {logging_mixin.py:188} INFO - [2024-01-14T15:09:57.579+0200] {dag.py:3033} INFO - Sync 1 DAGs
[2024-01-14T15:09:57.596+0200] {logging_mixin.py:188} INFO - [2024-01-14T15:09:57.596+0200] {dag.py:3820} INFO - Setting next_dagrun for example_branch_python_operator_decorator to 2024-01-13T00:00:00+00:00, run_after=2024-01-14T00:00:00+00:00
[2024-01-14T15:09:57.617+0200] {processor.py:183} INFO - Processing /home/mahmoud/airflow_env/lib/python3.10/site-packages/airflow/example_dags/example_branch_operator_decorator.py took 0.084 seconds
[2024-01-14T15:10:40.176+0200] {processor.py:161} INFO - Started process (PID=16837) to work on /home/mahmoud/airflow_env/lib/python3.10/site-packages/airflow/example_dags/example_branch_operator_decorator.py
[2024-01-14T15:10:40.178+0200] {processor.py:830} INFO - Processing file /home/mahmoud/airflow_env/lib/python3.10/site-packages/airflow/example_dags/example_branch_operator_decorator.py for tasks to queue
[2024-01-14T15:10:40.180+0200] {logging_mixin.py:188} INFO - [2024-01-14T15:10:40.179+0200] {dagbag.py:538} INFO - Filling up the DagBag from /home/mahmoud/airflow_env/lib/python3.10/site-packages/airflow/example_dags/example_branch_operator_decorator.py
[2024-01-14T15:10:40.201+0200] {processor.py:840} INFO - DAG(s) 'example_branch_python_operator_decorator' retrieved from /home/mahmoud/airflow_env/lib/python3.10/site-packages/airflow/example_dags/example_branch_operator_decorator.py
[2024-01-14T15:10:40.220+0200] {logging_mixin.py:188} INFO - [2024-01-14T15:10:40.220+0200] {dag.py:3033} INFO - Sync 1 DAGs
[2024-01-14T15:10:40.236+0200] {logging_mixin.py:188} INFO - [2024-01-14T15:10:40.235+0200] {dag.py:3820} INFO - Setting next_dagrun for example_branch_python_operator_decorator to 2024-01-13T00:00:00+00:00, run_after=2024-01-14T00:00:00+00:00
[2024-01-14T15:10:40.256+0200] {processor.py:183} INFO - Processing /home/mahmoud/airflow_env/lib/python3.10/site-packages/airflow/example_dags/example_branch_operator_decorator.py took 0.085 seconds
[2024-01-14T15:11:19.406+0200] {processor.py:161} INFO - Started process (PID=16991) to work on /home/mahmoud/airflow_env/lib/python3.10/site-packages/airflow/example_dags/example_branch_operator_decorator.py
[2024-01-14T15:11:19.409+0200] {processor.py:830} INFO - Processing file /home/mahmoud/airflow_env/lib/python3.10/site-packages/airflow/example_dags/example_branch_operator_decorator.py for tasks to queue
[2024-01-14T15:11:19.410+0200] {logging_mixin.py:188} INFO - [2024-01-14T15:11:19.410+0200] {dagbag.py:538} INFO - Filling up the DagBag from /home/mahmoud/airflow_env/lib/python3.10/site-packages/airflow/example_dags/example_branch_operator_decorator.py
[2024-01-14T15:11:19.436+0200] {processor.py:840} INFO - DAG(s) 'example_branch_python_operator_decorator' retrieved from /home/mahmoud/airflow_env/lib/python3.10/site-packages/airflow/example_dags/example_branch_operator_decorator.py
[2024-01-14T15:11:19.458+0200] {logging_mixin.py:188} INFO - [2024-01-14T15:11:19.458+0200] {dag.py:3033} INFO - Sync 1 DAGs
[2024-01-14T15:11:19.475+0200] {logging_mixin.py:188} INFO - [2024-01-14T15:11:19.474+0200] {dag.py:3820} INFO - Setting next_dagrun for example_branch_python_operator_decorator to 2024-01-13T00:00:00+00:00, run_after=2024-01-14T00:00:00+00:00
[2024-01-14T15:11:19.496+0200] {processor.py:183} INFO - Processing /home/mahmoud/airflow_env/lib/python3.10/site-packages/airflow/example_dags/example_branch_operator_decorator.py took 0.097 seconds
[2024-01-14T15:11:56.903+0200] {processor.py:161} INFO - Started process (PID=17179) to work on /home/mahmoud/airflow_env/lib/python3.10/site-packages/airflow/example_dags/example_branch_operator_decorator.py
[2024-01-14T15:11:56.905+0200] {processor.py:830} INFO - Processing file /home/mahmoud/airflow_env/lib/python3.10/site-packages/airflow/example_dags/example_branch_operator_decorator.py for tasks to queue
[2024-01-14T15:11:56.906+0200] {logging_mixin.py:188} INFO - [2024-01-14T15:11:56.905+0200] {dagbag.py:538} INFO - Filling up the DagBag from /home/mahmoud/airflow_env/lib/python3.10/site-packages/airflow/example_dags/example_branch_operator_decorator.py
[2024-01-14T15:11:56.924+0200] {processor.py:840} INFO - DAG(s) 'example_branch_python_operator_decorator' retrieved from /home/mahmoud/airflow_env/lib/python3.10/site-packages/airflow/example_dags/example_branch_operator_decorator.py
[2024-01-14T15:11:56.944+0200] {logging_mixin.py:188} INFO - [2024-01-14T15:11:56.943+0200] {dag.py:3033} INFO - Sync 1 DAGs
[2024-01-14T15:11:56.961+0200] {logging_mixin.py:188} INFO - [2024-01-14T15:11:56.961+0200] {dag.py:3820} INFO - Setting next_dagrun for example_branch_python_operator_decorator to 2024-01-13T00:00:00+00:00, run_after=2024-01-14T00:00:00+00:00
[2024-01-14T15:11:56.982+0200] {processor.py:183} INFO - Processing /home/mahmoud/airflow_env/lib/python3.10/site-packages/airflow/example_dags/example_branch_operator_decorator.py took 0.083 seconds
[2024-01-14T15:12:33.946+0200] {processor.py:161} INFO - Started process (PID=17325) to work on /home/mahmoud/airflow_env/lib/python3.10/site-packages/airflow/example_dags/example_branch_operator_decorator.py
[2024-01-14T15:12:33.948+0200] {processor.py:830} INFO - Processing file /home/mahmoud/airflow_env/lib/python3.10/site-packages/airflow/example_dags/example_branch_operator_decorator.py for tasks to queue
[2024-01-14T15:12:33.949+0200] {logging_mixin.py:188} INFO - [2024-01-14T15:12:33.948+0200] {dagbag.py:538} INFO - Filling up the DagBag from /home/mahmoud/airflow_env/lib/python3.10/site-packages/airflow/example_dags/example_branch_operator_decorator.py
[2024-01-14T15:12:33.965+0200] {processor.py:840} INFO - DAG(s) 'example_branch_python_operator_decorator' retrieved from /home/mahmoud/airflow_env/lib/python3.10/site-packages/airflow/example_dags/example_branch_operator_decorator.py
[2024-01-14T15:12:33.983+0200] {logging_mixin.py:188} INFO - [2024-01-14T15:12:33.983+0200] {dag.py:3033} INFO - Sync 1 DAGs
[2024-01-14T15:12:33.998+0200] {logging_mixin.py:188} INFO - [2024-01-14T15:12:33.998+0200] {dag.py:3820} INFO - Setting next_dagrun for example_branch_python_operator_decorator to 2024-01-13T00:00:00+00:00, run_after=2024-01-14T00:00:00+00:00
[2024-01-14T15:12:34.018+0200] {processor.py:183} INFO - Processing /home/mahmoud/airflow_env/lib/python3.10/site-packages/airflow/example_dags/example_branch_operator_decorator.py took 0.075 seconds
[2024-01-14T15:13:27.010+0200] {processor.py:161} INFO - Started process (PID=17562) to work on /home/mahmoud/airflow_env/lib/python3.10/site-packages/airflow/example_dags/example_branch_operator_decorator.py
[2024-01-14T15:13:27.012+0200] {processor.py:830} INFO - Processing file /home/mahmoud/airflow_env/lib/python3.10/site-packages/airflow/example_dags/example_branch_operator_decorator.py for tasks to queue
[2024-01-14T15:13:27.013+0200] {logging_mixin.py:188} INFO - [2024-01-14T15:13:27.012+0200] {dagbag.py:538} INFO - Filling up the DagBag from /home/mahmoud/airflow_env/lib/python3.10/site-packages/airflow/example_dags/example_branch_operator_decorator.py
[2024-01-14T15:13:27.030+0200] {processor.py:840} INFO - DAG(s) 'example_branch_python_operator_decorator' retrieved from /home/mahmoud/airflow_env/lib/python3.10/site-packages/airflow/example_dags/example_branch_operator_decorator.py
[2024-01-14T15:13:27.048+0200] {logging_mixin.py:188} INFO - [2024-01-14T15:13:27.048+0200] {dag.py:3033} INFO - Sync 1 DAGs
[2024-01-14T15:13:27.066+0200] {logging_mixin.py:188} INFO - [2024-01-14T15:13:27.065+0200] {dag.py:3820} INFO - Setting next_dagrun for example_branch_python_operator_decorator to 2024-01-13T00:00:00+00:00, run_after=2024-01-14T00:00:00+00:00
[2024-01-14T15:13:27.089+0200] {processor.py:183} INFO - Processing /home/mahmoud/airflow_env/lib/python3.10/site-packages/airflow/example_dags/example_branch_operator_decorator.py took 0.083 seconds
[2024-01-14T15:20:03.938+0200] {processor.py:161} INFO - Started process (PID=19480) to work on /home/mahmoud/airflow_env/lib/python3.10/site-packages/airflow/example_dags/example_branch_operator_decorator.py
[2024-01-14T15:20:03.939+0200] {processor.py:830} INFO - Processing file /home/mahmoud/airflow_env/lib/python3.10/site-packages/airflow/example_dags/example_branch_operator_decorator.py for tasks to queue
[2024-01-14T15:20:03.940+0200] {logging_mixin.py:188} INFO - [2024-01-14T15:20:03.940+0200] {dagbag.py:538} INFO - Filling up the DagBag from /home/mahmoud/airflow_env/lib/python3.10/site-packages/airflow/example_dags/example_branch_operator_decorator.py
[2024-01-14T15:20:03.960+0200] {processor.py:840} INFO - DAG(s) 'example_branch_python_operator_decorator' retrieved from /home/mahmoud/airflow_env/lib/python3.10/site-packages/airflow/example_dags/example_branch_operator_decorator.py
[2024-01-14T15:20:03.979+0200] {logging_mixin.py:188} INFO - [2024-01-14T15:20:03.979+0200] {dag.py:3033} INFO - Sync 1 DAGs
[2024-01-14T15:20:04.075+0200] {logging_mixin.py:188} INFO - [2024-01-14T15:20:04.075+0200] {dag.py:3820} INFO - Setting next_dagrun for example_branch_python_operator_decorator to 2024-01-13T00:00:00+00:00, run_after=2024-01-14T00:00:00+00:00
[2024-01-14T15:20:04.098+0200] {processor.py:183} INFO - Processing /home/mahmoud/airflow_env/lib/python3.10/site-packages/airflow/example_dags/example_branch_operator_decorator.py took 0.163 seconds
[2024-01-14T15:20:55.473+0200] {processor.py:161} INFO - Started process (PID=19679) to work on /home/mahmoud/airflow_env/lib/python3.10/site-packages/airflow/example_dags/example_branch_operator_decorator.py
[2024-01-14T15:20:55.475+0200] {processor.py:830} INFO - Processing file /home/mahmoud/airflow_env/lib/python3.10/site-packages/airflow/example_dags/example_branch_operator_decorator.py for tasks to queue
[2024-01-14T15:20:55.476+0200] {logging_mixin.py:188} INFO - [2024-01-14T15:20:55.475+0200] {dagbag.py:538} INFO - Filling up the DagBag from /home/mahmoud/airflow_env/lib/python3.10/site-packages/airflow/example_dags/example_branch_operator_decorator.py
[2024-01-14T15:20:55.499+0200] {processor.py:840} INFO - DAG(s) 'example_branch_python_operator_decorator' retrieved from /home/mahmoud/airflow_env/lib/python3.10/site-packages/airflow/example_dags/example_branch_operator_decorator.py
[2024-01-14T15:20:55.516+0200] {logging_mixin.py:188} INFO - [2024-01-14T15:20:55.516+0200] {dag.py:3033} INFO - Sync 1 DAGs
[2024-01-14T15:20:55.533+0200] {logging_mixin.py:188} INFO - [2024-01-14T15:20:55.533+0200] {dag.py:3820} INFO - Setting next_dagrun for example_branch_python_operator_decorator to 2024-01-13T00:00:00+00:00, run_after=2024-01-14T00:00:00+00:00
[2024-01-14T15:20:55.557+0200] {processor.py:183} INFO - Processing /home/mahmoud/airflow_env/lib/python3.10/site-packages/airflow/example_dags/example_branch_operator_decorator.py took 0.089 seconds
[2024-01-14T15:21:44.751+0200] {processor.py:161} INFO - Started process (PID=19872) to work on /home/mahmoud/airflow_env/lib/python3.10/site-packages/airflow/example_dags/example_branch_operator_decorator.py
[2024-01-14T15:21:44.753+0200] {processor.py:830} INFO - Processing file /home/mahmoud/airflow_env/lib/python3.10/site-packages/airflow/example_dags/example_branch_operator_decorator.py for tasks to queue
[2024-01-14T15:21:44.755+0200] {logging_mixin.py:188} INFO - [2024-01-14T15:21:44.754+0200] {dagbag.py:538} INFO - Filling up the DagBag from /home/mahmoud/airflow_env/lib/python3.10/site-packages/airflow/example_dags/example_branch_operator_decorator.py
[2024-01-14T15:21:44.786+0200] {processor.py:840} INFO - DAG(s) 'example_branch_python_operator_decorator' retrieved from /home/mahmoud/airflow_env/lib/python3.10/site-packages/airflow/example_dags/example_branch_operator_decorator.py
[2024-01-14T15:21:44.808+0200] {logging_mixin.py:188} INFO - [2024-01-14T15:21:44.808+0200] {dag.py:3033} INFO - Sync 1 DAGs
[2024-01-14T15:21:44.825+0200] {logging_mixin.py:188} INFO - [2024-01-14T15:21:44.825+0200] {dag.py:3820} INFO - Setting next_dagrun for example_branch_python_operator_decorator to 2024-01-13T00:00:00+00:00, run_after=2024-01-14T00:00:00+00:00
[2024-01-14T15:21:44.847+0200] {processor.py:183} INFO - Processing /home/mahmoud/airflow_env/lib/python3.10/site-packages/airflow/example_dags/example_branch_operator_decorator.py took 0.102 seconds
[2024-01-14T15:22:24.212+0200] {processor.py:161} INFO - Started process (PID=20028) to work on /home/mahmoud/airflow_env/lib/python3.10/site-packages/airflow/example_dags/example_branch_operator_decorator.py
[2024-01-14T15:22:24.214+0200] {processor.py:830} INFO - Processing file /home/mahmoud/airflow_env/lib/python3.10/site-packages/airflow/example_dags/example_branch_operator_decorator.py for tasks to queue
[2024-01-14T15:22:24.215+0200] {logging_mixin.py:188} INFO - [2024-01-14T15:22:24.215+0200] {dagbag.py:538} INFO - Filling up the DagBag from /home/mahmoud/airflow_env/lib/python3.10/site-packages/airflow/example_dags/example_branch_operator_decorator.py
[2024-01-14T15:22:24.234+0200] {processor.py:840} INFO - DAG(s) 'example_branch_python_operator_decorator' retrieved from /home/mahmoud/airflow_env/lib/python3.10/site-packages/airflow/example_dags/example_branch_operator_decorator.py
[2024-01-14T15:22:24.253+0200] {logging_mixin.py:188} INFO - [2024-01-14T15:22:24.253+0200] {dag.py:3033} INFO - Sync 1 DAGs
[2024-01-14T15:22:24.269+0200] {logging_mixin.py:188} INFO - [2024-01-14T15:22:24.269+0200] {dag.py:3820} INFO - Setting next_dagrun for example_branch_python_operator_decorator to 2024-01-13T00:00:00+00:00, run_after=2024-01-14T00:00:00+00:00
[2024-01-14T15:22:24.292+0200] {processor.py:183} INFO - Processing /home/mahmoud/airflow_env/lib/python3.10/site-packages/airflow/example_dags/example_branch_operator_decorator.py took 0.083 seconds
[2024-01-14T15:23:33.869+0200] {processor.py:161} INFO - Started process (PID=20464) to work on /home/mahmoud/airflow_env/lib/python3.10/site-packages/airflow/example_dags/example_branch_operator_decorator.py
[2024-01-14T15:23:33.871+0200] {processor.py:830} INFO - Processing file /home/mahmoud/airflow_env/lib/python3.10/site-packages/airflow/example_dags/example_branch_operator_decorator.py for tasks to queue
[2024-01-14T15:23:33.872+0200] {logging_mixin.py:188} INFO - [2024-01-14T15:23:33.872+0200] {dagbag.py:538} INFO - Filling up the DagBag from /home/mahmoud/airflow_env/lib/python3.10/site-packages/airflow/example_dags/example_branch_operator_decorator.py
[2024-01-14T15:23:33.907+0200] {processor.py:840} INFO - DAG(s) 'example_branch_python_operator_decorator' retrieved from /home/mahmoud/airflow_env/lib/python3.10/site-packages/airflow/example_dags/example_branch_operator_decorator.py
[2024-01-14T15:23:33.927+0200] {logging_mixin.py:188} INFO - [2024-01-14T15:23:33.926+0200] {dag.py:3033} INFO - Sync 1 DAGs
[2024-01-14T15:23:34.019+0200] {logging_mixin.py:188} INFO - [2024-01-14T15:23:34.018+0200] {dag.py:3820} INFO - Setting next_dagrun for example_branch_python_operator_decorator to 2024-01-13T00:00:00+00:00, run_after=2024-01-14T00:00:00+00:00
[2024-01-14T15:23:34.041+0200] {processor.py:183} INFO - Processing /home/mahmoud/airflow_env/lib/python3.10/site-packages/airflow/example_dags/example_branch_operator_decorator.py took 0.176 seconds
[2024-01-14T15:37:55.194+0200] {processor.py:161} INFO - Started process (PID=24505) to work on /home/mahmoud/airflow_env/lib/python3.10/site-packages/airflow/example_dags/example_branch_operator_decorator.py
[2024-01-14T15:37:55.195+0200] {processor.py:830} INFO - Processing file /home/mahmoud/airflow_env/lib/python3.10/site-packages/airflow/example_dags/example_branch_operator_decorator.py for tasks to queue
[2024-01-14T15:37:55.195+0200] {logging_mixin.py:188} INFO - [2024-01-14T15:37:55.195+0200] {dagbag.py:538} INFO - Filling up the DagBag from /home/mahmoud/airflow_env/lib/python3.10/site-packages/airflow/example_dags/example_branch_operator_decorator.py
[2024-01-14T15:37:55.214+0200] {processor.py:840} INFO - DAG(s) 'example_branch_python_operator_decorator' retrieved from /home/mahmoud/airflow_env/lib/python3.10/site-packages/airflow/example_dags/example_branch_operator_decorator.py
[2024-01-14T15:37:55.232+0200] {logging_mixin.py:188} INFO - [2024-01-14T15:37:55.232+0200] {dag.py:3033} INFO - Sync 1 DAGs
[2024-01-14T15:37:55.328+0200] {logging_mixin.py:188} INFO - [2024-01-14T15:37:55.328+0200] {dag.py:3820} INFO - Setting next_dagrun for example_branch_python_operator_decorator to 2024-01-13T00:00:00+00:00, run_after=2024-01-14T00:00:00+00:00
[2024-01-14T15:37:55.351+0200] {processor.py:183} INFO - Processing /home/mahmoud/airflow_env/lib/python3.10/site-packages/airflow/example_dags/example_branch_operator_decorator.py took 0.160 seconds
[2024-01-14T15:38:46.658+0200] {processor.py:161} INFO - Started process (PID=24884) to work on /home/mahmoud/airflow_env/lib/python3.10/site-packages/airflow/example_dags/example_branch_operator_decorator.py
[2024-01-14T15:38:46.661+0200] {processor.py:830} INFO - Processing file /home/mahmoud/airflow_env/lib/python3.10/site-packages/airflow/example_dags/example_branch_operator_decorator.py for tasks to queue
[2024-01-14T15:38:46.662+0200] {logging_mixin.py:188} INFO - [2024-01-14T15:38:46.662+0200] {dagbag.py:538} INFO - Filling up the DagBag from /home/mahmoud/airflow_env/lib/python3.10/site-packages/airflow/example_dags/example_branch_operator_decorator.py
[2024-01-14T15:38:46.684+0200] {processor.py:840} INFO - DAG(s) 'example_branch_python_operator_decorator' retrieved from /home/mahmoud/airflow_env/lib/python3.10/site-packages/airflow/example_dags/example_branch_operator_decorator.py
[2024-01-14T15:38:46.702+0200] {logging_mixin.py:188} INFO - [2024-01-14T15:38:46.702+0200] {dag.py:3033} INFO - Sync 1 DAGs
[2024-01-14T15:38:46.716+0200] {logging_mixin.py:188} INFO - [2024-01-14T15:38:46.716+0200] {dag.py:3820} INFO - Setting next_dagrun for example_branch_python_operator_decorator to 2024-01-13T00:00:00+00:00, run_after=2024-01-14T00:00:00+00:00
[2024-01-14T15:38:46.737+0200] {processor.py:183} INFO - Processing /home/mahmoud/airflow_env/lib/python3.10/site-packages/airflow/example_dags/example_branch_operator_decorator.py took 0.086 seconds
[2024-01-14T15:39:34.273+0200] {processor.py:161} INFO - Started process (PID=25190) to work on /home/mahmoud/airflow_env/lib/python3.10/site-packages/airflow/example_dags/example_branch_operator_decorator.py
[2024-01-14T15:39:34.276+0200] {processor.py:830} INFO - Processing file /home/mahmoud/airflow_env/lib/python3.10/site-packages/airflow/example_dags/example_branch_operator_decorator.py for tasks to queue
[2024-01-14T15:39:34.277+0200] {logging_mixin.py:188} INFO - [2024-01-14T15:39:34.277+0200] {dagbag.py:538} INFO - Filling up the DagBag from /home/mahmoud/airflow_env/lib/python3.10/site-packages/airflow/example_dags/example_branch_operator_decorator.py
[2024-01-14T15:39:34.293+0200] {processor.py:840} INFO - DAG(s) 'example_branch_python_operator_decorator' retrieved from /home/mahmoud/airflow_env/lib/python3.10/site-packages/airflow/example_dags/example_branch_operator_decorator.py
[2024-01-14T15:39:34.313+0200] {logging_mixin.py:188} INFO - [2024-01-14T15:39:34.313+0200] {dag.py:3033} INFO - Sync 1 DAGs
[2024-01-14T15:39:34.329+0200] {logging_mixin.py:188} INFO - [2024-01-14T15:39:34.329+0200] {dag.py:3820} INFO - Setting next_dagrun for example_branch_python_operator_decorator to 2024-01-13T00:00:00+00:00, run_after=2024-01-14T00:00:00+00:00
[2024-01-14T15:39:34.351+0200] {processor.py:183} INFO - Processing /home/mahmoud/airflow_env/lib/python3.10/site-packages/airflow/example_dags/example_branch_operator_decorator.py took 0.081 seconds
[2024-01-14T15:40:25.811+0200] {processor.py:161} INFO - Started process (PID=25393) to work on /home/mahmoud/airflow_env/lib/python3.10/site-packages/airflow/example_dags/example_branch_operator_decorator.py
[2024-01-14T15:40:25.813+0200] {processor.py:830} INFO - Processing file /home/mahmoud/airflow_env/lib/python3.10/site-packages/airflow/example_dags/example_branch_operator_decorator.py for tasks to queue
[2024-01-14T15:40:25.814+0200] {logging_mixin.py:188} INFO - [2024-01-14T15:40:25.814+0200] {dagbag.py:538} INFO - Filling up the DagBag from /home/mahmoud/airflow_env/lib/python3.10/site-packages/airflow/example_dags/example_branch_operator_decorator.py
[2024-01-14T15:40:25.833+0200] {processor.py:840} INFO - DAG(s) 'example_branch_python_operator_decorator' retrieved from /home/mahmoud/airflow_env/lib/python3.10/site-packages/airflow/example_dags/example_branch_operator_decorator.py
[2024-01-14T15:40:25.853+0200] {logging_mixin.py:188} INFO - [2024-01-14T15:40:25.853+0200] {dag.py:3033} INFO - Sync 1 DAGs
[2024-01-14T15:40:25.872+0200] {logging_mixin.py:188} INFO - [2024-01-14T15:40:25.871+0200] {dag.py:3820} INFO - Setting next_dagrun for example_branch_python_operator_decorator to 2024-01-13T00:00:00+00:00, run_after=2024-01-14T00:00:00+00:00
[2024-01-14T15:40:25.895+0200] {processor.py:183} INFO - Processing /home/mahmoud/airflow_env/lib/python3.10/site-packages/airflow/example_dags/example_branch_operator_decorator.py took 0.088 seconds
[2024-01-14T15:41:04.157+0200] {processor.py:161} INFO - Started process (PID=25579) to work on /home/mahmoud/airflow_env/lib/python3.10/site-packages/airflow/example_dags/example_branch_operator_decorator.py
[2024-01-14T15:41:04.159+0200] {processor.py:830} INFO - Processing file /home/mahmoud/airflow_env/lib/python3.10/site-packages/airflow/example_dags/example_branch_operator_decorator.py for tasks to queue
[2024-01-14T15:41:04.160+0200] {logging_mixin.py:188} INFO - [2024-01-14T15:41:04.159+0200] {dagbag.py:538} INFO - Filling up the DagBag from /home/mahmoud/airflow_env/lib/python3.10/site-packages/airflow/example_dags/example_branch_operator_decorator.py
[2024-01-14T15:41:04.177+0200] {processor.py:840} INFO - DAG(s) 'example_branch_python_operator_decorator' retrieved from /home/mahmoud/airflow_env/lib/python3.10/site-packages/airflow/example_dags/example_branch_operator_decorator.py
[2024-01-14T15:41:04.206+0200] {logging_mixin.py:188} INFO - [2024-01-14T15:41:04.205+0200] {dag.py:3033} INFO - Sync 1 DAGs
[2024-01-14T15:41:04.224+0200] {logging_mixin.py:188} INFO - [2024-01-14T15:41:04.224+0200] {dag.py:3820} INFO - Setting next_dagrun for example_branch_python_operator_decorator to 2024-01-13T00:00:00+00:00, run_after=2024-01-14T00:00:00+00:00
[2024-01-14T15:41:04.245+0200] {processor.py:183} INFO - Processing /home/mahmoud/airflow_env/lib/python3.10/site-packages/airflow/example_dags/example_branch_operator_decorator.py took 0.092 seconds
[2024-01-14T15:41:55.987+0200] {processor.py:161} INFO - Started process (PID=25812) to work on /home/mahmoud/airflow_env/lib/python3.10/site-packages/airflow/example_dags/example_branch_operator_decorator.py
[2024-01-14T15:41:55.989+0200] {processor.py:830} INFO - Processing file /home/mahmoud/airflow_env/lib/python3.10/site-packages/airflow/example_dags/example_branch_operator_decorator.py for tasks to queue
[2024-01-14T15:41:55.990+0200] {logging_mixin.py:188} INFO - [2024-01-14T15:41:55.990+0200] {dagbag.py:538} INFO - Filling up the DagBag from /home/mahmoud/airflow_env/lib/python3.10/site-packages/airflow/example_dags/example_branch_operator_decorator.py
[2024-01-14T15:41:56.011+0200] {processor.py:840} INFO - DAG(s) 'example_branch_python_operator_decorator' retrieved from /home/mahmoud/airflow_env/lib/python3.10/site-packages/airflow/example_dags/example_branch_operator_decorator.py
[2024-01-14T15:41:56.030+0200] {logging_mixin.py:188} INFO - [2024-01-14T15:41:56.030+0200] {dag.py:3033} INFO - Sync 1 DAGs
[2024-01-14T15:41:56.049+0200] {logging_mixin.py:188} INFO - [2024-01-14T15:41:56.049+0200] {dag.py:3820} INFO - Setting next_dagrun for example_branch_python_operator_decorator to 2024-01-13T00:00:00+00:00, run_after=2024-01-14T00:00:00+00:00
[2024-01-14T15:41:56.075+0200] {processor.py:183} INFO - Processing /home/mahmoud/airflow_env/lib/python3.10/site-packages/airflow/example_dags/example_branch_operator_decorator.py took 0.092 seconds
[2024-01-14T15:43:16.091+0200] {processor.py:161} INFO - Started process (PID=26658) to work on /home/mahmoud/airflow_env/lib/python3.10/site-packages/airflow/example_dags/example_branch_operator_decorator.py
[2024-01-14T15:43:16.093+0200] {processor.py:830} INFO - Processing file /home/mahmoud/airflow_env/lib/python3.10/site-packages/airflow/example_dags/example_branch_operator_decorator.py for tasks to queue
[2024-01-14T15:43:16.094+0200] {logging_mixin.py:188} INFO - [2024-01-14T15:43:16.094+0200] {dagbag.py:538} INFO - Filling up the DagBag from /home/mahmoud/airflow_env/lib/python3.10/site-packages/airflow/example_dags/example_branch_operator_decorator.py
[2024-01-14T15:43:16.114+0200] {processor.py:840} INFO - DAG(s) 'example_branch_python_operator_decorator' retrieved from /home/mahmoud/airflow_env/lib/python3.10/site-packages/airflow/example_dags/example_branch_operator_decorator.py
[2024-01-14T15:43:16.140+0200] {logging_mixin.py:188} INFO - [2024-01-14T15:43:16.140+0200] {dag.py:3033} INFO - Sync 1 DAGs
[2024-01-14T15:43:16.159+0200] {logging_mixin.py:188} INFO - [2024-01-14T15:43:16.159+0200] {dag.py:3820} INFO - Setting next_dagrun for example_branch_python_operator_decorator to 2024-01-13T00:00:00+00:00, run_after=2024-01-14T00:00:00+00:00
[2024-01-14T15:43:16.184+0200] {processor.py:183} INFO - Processing /home/mahmoud/airflow_env/lib/python3.10/site-packages/airflow/example_dags/example_branch_operator_decorator.py took 0.097 seconds
[2024-01-14T15:44:03.968+0200] {processor.py:161} INFO - Started process (PID=26941) to work on /home/mahmoud/airflow_env/lib/python3.10/site-packages/airflow/example_dags/example_branch_operator_decorator.py
[2024-01-14T15:44:03.969+0200] {processor.py:830} INFO - Processing file /home/mahmoud/airflow_env/lib/python3.10/site-packages/airflow/example_dags/example_branch_operator_decorator.py for tasks to queue
[2024-01-14T15:44:03.970+0200] {logging_mixin.py:188} INFO - [2024-01-14T15:44:03.970+0200] {dagbag.py:538} INFO - Filling up the DagBag from /home/mahmoud/airflow_env/lib/python3.10/site-packages/airflow/example_dags/example_branch_operator_decorator.py
[2024-01-14T15:44:03.988+0200] {processor.py:840} INFO - DAG(s) 'example_branch_python_operator_decorator' retrieved from /home/mahmoud/airflow_env/lib/python3.10/site-packages/airflow/example_dags/example_branch_operator_decorator.py
[2024-01-14T15:44:04.011+0200] {logging_mixin.py:188} INFO - [2024-01-14T15:44:04.010+0200] {dag.py:3033} INFO - Sync 1 DAGs
[2024-01-14T15:44:04.034+0200] {logging_mixin.py:188} INFO - [2024-01-14T15:44:04.034+0200] {dag.py:3820} INFO - Setting next_dagrun for example_branch_python_operator_decorator to 2024-01-13T00:00:00+00:00, run_after=2024-01-14T00:00:00+00:00
[2024-01-14T15:44:04.057+0200] {processor.py:183} INFO - Processing /home/mahmoud/airflow_env/lib/python3.10/site-packages/airflow/example_dags/example_branch_operator_decorator.py took 0.091 seconds
[2024-01-14T15:44:52.111+0200] {processor.py:161} INFO - Started process (PID=27591) to work on /home/mahmoud/airflow_env/lib/python3.10/site-packages/airflow/example_dags/example_branch_operator_decorator.py
[2024-01-14T15:44:52.114+0200] {processor.py:830} INFO - Processing file /home/mahmoud/airflow_env/lib/python3.10/site-packages/airflow/example_dags/example_branch_operator_decorator.py for tasks to queue
[2024-01-14T15:44:52.115+0200] {logging_mixin.py:188} INFO - [2024-01-14T15:44:52.114+0200] {dagbag.py:538} INFO - Filling up the DagBag from /home/mahmoud/airflow_env/lib/python3.10/site-packages/airflow/example_dags/example_branch_operator_decorator.py
[2024-01-14T15:44:52.137+0200] {processor.py:840} INFO - DAG(s) 'example_branch_python_operator_decorator' retrieved from /home/mahmoud/airflow_env/lib/python3.10/site-packages/airflow/example_dags/example_branch_operator_decorator.py
[2024-01-14T15:44:52.156+0200] {logging_mixin.py:188} INFO - [2024-01-14T15:44:52.156+0200] {dag.py:3033} INFO - Sync 1 DAGs
[2024-01-14T15:44:52.173+0200] {logging_mixin.py:188} INFO - [2024-01-14T15:44:52.173+0200] {dag.py:3820} INFO - Setting next_dagrun for example_branch_python_operator_decorator to 2024-01-13T00:00:00+00:00, run_after=2024-01-14T00:00:00+00:00
[2024-01-14T15:44:52.194+0200] {processor.py:183} INFO - Processing /home/mahmoud/airflow_env/lib/python3.10/site-packages/airflow/example_dags/example_branch_operator_decorator.py took 0.088 seconds
[2024-01-14T15:45:34.321+0200] {processor.py:161} INFO - Started process (PID=27818) to work on /home/mahmoud/airflow_env/lib/python3.10/site-packages/airflow/example_dags/example_branch_operator_decorator.py
[2024-01-14T15:45:34.322+0200] {processor.py:830} INFO - Processing file /home/mahmoud/airflow_env/lib/python3.10/site-packages/airflow/example_dags/example_branch_operator_decorator.py for tasks to queue
[2024-01-14T15:45:34.323+0200] {logging_mixin.py:188} INFO - [2024-01-14T15:45:34.322+0200] {dagbag.py:538} INFO - Filling up the DagBag from /home/mahmoud/airflow_env/lib/python3.10/site-packages/airflow/example_dags/example_branch_operator_decorator.py
[2024-01-14T15:45:34.344+0200] {processor.py:840} INFO - DAG(s) 'example_branch_python_operator_decorator' retrieved from /home/mahmoud/airflow_env/lib/python3.10/site-packages/airflow/example_dags/example_branch_operator_decorator.py
[2024-01-14T15:45:34.366+0200] {logging_mixin.py:188} INFO - [2024-01-14T15:45:34.366+0200] {dag.py:3033} INFO - Sync 1 DAGs
[2024-01-14T15:45:34.386+0200] {logging_mixin.py:188} INFO - [2024-01-14T15:45:34.386+0200] {dag.py:3820} INFO - Setting next_dagrun for example_branch_python_operator_decorator to 2024-01-13T00:00:00+00:00, run_after=2024-01-14T00:00:00+00:00
[2024-01-14T15:45:34.414+0200] {processor.py:183} INFO - Processing /home/mahmoud/airflow_env/lib/python3.10/site-packages/airflow/example_dags/example_branch_operator_decorator.py took 0.096 seconds
[2024-01-14T15:46:28.003+0200] {processor.py:161} INFO - Started process (PID=28028) to work on /home/mahmoud/airflow_env/lib/python3.10/site-packages/airflow/example_dags/example_branch_operator_decorator.py
[2024-01-14T15:46:28.005+0200] {processor.py:830} INFO - Processing file /home/mahmoud/airflow_env/lib/python3.10/site-packages/airflow/example_dags/example_branch_operator_decorator.py for tasks to queue
[2024-01-14T15:46:28.005+0200] {logging_mixin.py:188} INFO - [2024-01-14T15:46:28.005+0200] {dagbag.py:538} INFO - Filling up the DagBag from /home/mahmoud/airflow_env/lib/python3.10/site-packages/airflow/example_dags/example_branch_operator_decorator.py
[2024-01-14T15:46:28.021+0200] {processor.py:840} INFO - DAG(s) 'example_branch_python_operator_decorator' retrieved from /home/mahmoud/airflow_env/lib/python3.10/site-packages/airflow/example_dags/example_branch_operator_decorator.py
[2024-01-14T15:46:28.042+0200] {logging_mixin.py:188} INFO - [2024-01-14T15:46:28.041+0200] {dag.py:3033} INFO - Sync 1 DAGs
[2024-01-14T15:46:28.060+0200] {logging_mixin.py:188} INFO - [2024-01-14T15:46:28.060+0200] {dag.py:3820} INFO - Setting next_dagrun for example_branch_python_operator_decorator to 2024-01-13T00:00:00+00:00, run_after=2024-01-14T00:00:00+00:00
[2024-01-14T15:46:28.083+0200] {processor.py:183} INFO - Processing /home/mahmoud/airflow_env/lib/python3.10/site-packages/airflow/example_dags/example_branch_operator_decorator.py took 0.082 seconds
[2024-01-14T15:47:21.145+0200] {processor.py:161} INFO - Started process (PID=28305) to work on /home/mahmoud/airflow_env/lib/python3.10/site-packages/airflow/example_dags/example_branch_operator_decorator.py
[2024-01-14T15:47:21.146+0200] {processor.py:830} INFO - Processing file /home/mahmoud/airflow_env/lib/python3.10/site-packages/airflow/example_dags/example_branch_operator_decorator.py for tasks to queue
[2024-01-14T15:47:21.147+0200] {logging_mixin.py:188} INFO - [2024-01-14T15:47:21.147+0200] {dagbag.py:538} INFO - Filling up the DagBag from /home/mahmoud/airflow_env/lib/python3.10/site-packages/airflow/example_dags/example_branch_operator_decorator.py
[2024-01-14T15:47:21.167+0200] {processor.py:840} INFO - DAG(s) 'example_branch_python_operator_decorator' retrieved from /home/mahmoud/airflow_env/lib/python3.10/site-packages/airflow/example_dags/example_branch_operator_decorator.py
[2024-01-14T15:47:21.189+0200] {logging_mixin.py:188} INFO - [2024-01-14T15:47:21.188+0200] {dag.py:3033} INFO - Sync 1 DAGs
[2024-01-14T15:47:21.211+0200] {logging_mixin.py:188} INFO - [2024-01-14T15:47:21.211+0200] {dag.py:3820} INFO - Setting next_dagrun for example_branch_python_operator_decorator to 2024-01-13T00:00:00+00:00, run_after=2024-01-14T00:00:00+00:00
[2024-01-14T15:47:21.237+0200] {processor.py:183} INFO - Processing /home/mahmoud/airflow_env/lib/python3.10/site-packages/airflow/example_dags/example_branch_operator_decorator.py took 0.097 seconds
[2024-01-14T15:48:12.534+0200] {processor.py:161} INFO - Started process (PID=28536) to work on /home/mahmoud/airflow_env/lib/python3.10/site-packages/airflow/example_dags/example_branch_operator_decorator.py
[2024-01-14T15:48:12.536+0200] {processor.py:830} INFO - Processing file /home/mahmoud/airflow_env/lib/python3.10/site-packages/airflow/example_dags/example_branch_operator_decorator.py for tasks to queue
[2024-01-14T15:48:12.537+0200] {logging_mixin.py:188} INFO - [2024-01-14T15:48:12.537+0200] {dagbag.py:538} INFO - Filling up the DagBag from /home/mahmoud/airflow_env/lib/python3.10/site-packages/airflow/example_dags/example_branch_operator_decorator.py
[2024-01-14T15:48:12.554+0200] {processor.py:840} INFO - DAG(s) 'example_branch_python_operator_decorator' retrieved from /home/mahmoud/airflow_env/lib/python3.10/site-packages/airflow/example_dags/example_branch_operator_decorator.py
[2024-01-14T15:48:12.572+0200] {logging_mixin.py:188} INFO - [2024-01-14T15:48:12.572+0200] {dag.py:3033} INFO - Sync 1 DAGs
[2024-01-14T15:48:12.587+0200] {logging_mixin.py:188} INFO - [2024-01-14T15:48:12.587+0200] {dag.py:3820} INFO - Setting next_dagrun for example_branch_python_operator_decorator to 2024-01-13T00:00:00+00:00, run_after=2024-01-14T00:00:00+00:00
[2024-01-14T15:48:12.609+0200] {processor.py:183} INFO - Processing /home/mahmoud/airflow_env/lib/python3.10/site-packages/airflow/example_dags/example_branch_operator_decorator.py took 0.078 seconds
[2024-01-14T15:49:06.004+0200] {processor.py:161} INFO - Started process (PID=28747) to work on /home/mahmoud/airflow_env/lib/python3.10/site-packages/airflow/example_dags/example_branch_operator_decorator.py
[2024-01-14T15:49:06.006+0200] {processor.py:830} INFO - Processing file /home/mahmoud/airflow_env/lib/python3.10/site-packages/airflow/example_dags/example_branch_operator_decorator.py for tasks to queue
[2024-01-14T15:49:06.007+0200] {logging_mixin.py:188} INFO - [2024-01-14T15:49:06.007+0200] {dagbag.py:538} INFO - Filling up the DagBag from /home/mahmoud/airflow_env/lib/python3.10/site-packages/airflow/example_dags/example_branch_operator_decorator.py
[2024-01-14T15:49:06.027+0200] {processor.py:840} INFO - DAG(s) 'example_branch_python_operator_decorator' retrieved from /home/mahmoud/airflow_env/lib/python3.10/site-packages/airflow/example_dags/example_branch_operator_decorator.py
[2024-01-14T15:49:06.046+0200] {logging_mixin.py:188} INFO - [2024-01-14T15:49:06.046+0200] {dag.py:3033} INFO - Sync 1 DAGs
[2024-01-14T15:49:06.063+0200] {logging_mixin.py:188} INFO - [2024-01-14T15:49:06.063+0200] {dag.py:3820} INFO - Setting next_dagrun for example_branch_python_operator_decorator to 2024-01-13T00:00:00+00:00, run_after=2024-01-14T00:00:00+00:00
[2024-01-14T15:49:06.084+0200] {processor.py:183} INFO - Processing /home/mahmoud/airflow_env/lib/python3.10/site-packages/airflow/example_dags/example_branch_operator_decorator.py took 0.083 seconds
[2024-01-14T15:49:43.249+0200] {processor.py:161} INFO - Started process (PID=28893) to work on /home/mahmoud/airflow_env/lib/python3.10/site-packages/airflow/example_dags/example_branch_operator_decorator.py
[2024-01-14T15:49:43.252+0200] {processor.py:830} INFO - Processing file /home/mahmoud/airflow_env/lib/python3.10/site-packages/airflow/example_dags/example_branch_operator_decorator.py for tasks to queue
[2024-01-14T15:49:43.252+0200] {logging_mixin.py:188} INFO - [2024-01-14T15:49:43.252+0200] {dagbag.py:538} INFO - Filling up the DagBag from /home/mahmoud/airflow_env/lib/python3.10/site-packages/airflow/example_dags/example_branch_operator_decorator.py
[2024-01-14T15:49:43.270+0200] {processor.py:840} INFO - DAG(s) 'example_branch_python_operator_decorator' retrieved from /home/mahmoud/airflow_env/lib/python3.10/site-packages/airflow/example_dags/example_branch_operator_decorator.py
[2024-01-14T15:49:43.289+0200] {logging_mixin.py:188} INFO - [2024-01-14T15:49:43.289+0200] {dag.py:3033} INFO - Sync 1 DAGs
[2024-01-14T15:49:43.304+0200] {logging_mixin.py:188} INFO - [2024-01-14T15:49:43.304+0200] {dag.py:3820} INFO - Setting next_dagrun for example_branch_python_operator_decorator to 2024-01-13T00:00:00+00:00, run_after=2024-01-14T00:00:00+00:00
[2024-01-14T15:49:43.323+0200] {processor.py:183} INFO - Processing /home/mahmoud/airflow_env/lib/python3.10/site-packages/airflow/example_dags/example_branch_operator_decorator.py took 0.077 seconds
[2024-01-14T15:50:33.577+0200] {processor.py:161} INFO - Started process (PID=29090) to work on /home/mahmoud/airflow_env/lib/python3.10/site-packages/airflow/example_dags/example_branch_operator_decorator.py
[2024-01-14T15:50:33.580+0200] {processor.py:830} INFO - Processing file /home/mahmoud/airflow_env/lib/python3.10/site-packages/airflow/example_dags/example_branch_operator_decorator.py for tasks to queue
[2024-01-14T15:50:33.582+0200] {logging_mixin.py:188} INFO - [2024-01-14T15:50:33.581+0200] {dagbag.py:538} INFO - Filling up the DagBag from /home/mahmoud/airflow_env/lib/python3.10/site-packages/airflow/example_dags/example_branch_operator_decorator.py
[2024-01-14T15:50:33.610+0200] {processor.py:840} INFO - DAG(s) 'example_branch_python_operator_decorator' retrieved from /home/mahmoud/airflow_env/lib/python3.10/site-packages/airflow/example_dags/example_branch_operator_decorator.py
[2024-01-14T15:50:33.632+0200] {logging_mixin.py:188} INFO - [2024-01-14T15:50:33.632+0200] {dag.py:3033} INFO - Sync 1 DAGs
[2024-01-14T15:50:33.649+0200] {logging_mixin.py:188} INFO - [2024-01-14T15:50:33.649+0200] {dag.py:3820} INFO - Setting next_dagrun for example_branch_python_operator_decorator to 2024-01-13T00:00:00+00:00, run_after=2024-01-14T00:00:00+00:00
[2024-01-14T15:50:33.669+0200] {processor.py:183} INFO - Processing /home/mahmoud/airflow_env/lib/python3.10/site-packages/airflow/example_dags/example_branch_operator_decorator.py took 0.099 seconds
[2024-01-14T15:51:26.347+0200] {processor.py:161} INFO - Started process (PID=29300) to work on /home/mahmoud/airflow_env/lib/python3.10/site-packages/airflow/example_dags/example_branch_operator_decorator.py
[2024-01-14T15:51:26.348+0200] {processor.py:830} INFO - Processing file /home/mahmoud/airflow_env/lib/python3.10/site-packages/airflow/example_dags/example_branch_operator_decorator.py for tasks to queue
[2024-01-14T15:51:26.349+0200] {logging_mixin.py:188} INFO - [2024-01-14T15:51:26.349+0200] {dagbag.py:538} INFO - Filling up the DagBag from /home/mahmoud/airflow_env/lib/python3.10/site-packages/airflow/example_dags/example_branch_operator_decorator.py
[2024-01-14T15:51:26.368+0200] {processor.py:840} INFO - DAG(s) 'example_branch_python_operator_decorator' retrieved from /home/mahmoud/airflow_env/lib/python3.10/site-packages/airflow/example_dags/example_branch_operator_decorator.py
[2024-01-14T15:51:26.387+0200] {logging_mixin.py:188} INFO - [2024-01-14T15:51:26.386+0200] {dag.py:3033} INFO - Sync 1 DAGs
[2024-01-14T15:51:26.403+0200] {logging_mixin.py:188} INFO - [2024-01-14T15:51:26.403+0200] {dag.py:3820} INFO - Setting next_dagrun for example_branch_python_operator_decorator to 2024-01-13T00:00:00+00:00, run_after=2024-01-14T00:00:00+00:00
[2024-01-14T15:51:26.423+0200] {processor.py:183} INFO - Processing /home/mahmoud/airflow_env/lib/python3.10/site-packages/airflow/example_dags/example_branch_operator_decorator.py took 0.079 seconds
[2024-01-14T15:52:17.990+0200] {processor.py:161} INFO - Started process (PID=29504) to work on /home/mahmoud/airflow_env/lib/python3.10/site-packages/airflow/example_dags/example_branch_operator_decorator.py
[2024-01-14T15:52:17.992+0200] {processor.py:830} INFO - Processing file /home/mahmoud/airflow_env/lib/python3.10/site-packages/airflow/example_dags/example_branch_operator_decorator.py for tasks to queue
[2024-01-14T15:52:17.993+0200] {logging_mixin.py:188} INFO - [2024-01-14T15:52:17.992+0200] {dagbag.py:538} INFO - Filling up the DagBag from /home/mahmoud/airflow_env/lib/python3.10/site-packages/airflow/example_dags/example_branch_operator_decorator.py
[2024-01-14T15:52:18.009+0200] {processor.py:840} INFO - DAG(s) 'example_branch_python_operator_decorator' retrieved from /home/mahmoud/airflow_env/lib/python3.10/site-packages/airflow/example_dags/example_branch_operator_decorator.py
[2024-01-14T15:52:18.029+0200] {logging_mixin.py:188} INFO - [2024-01-14T15:52:18.029+0200] {dag.py:3033} INFO - Sync 1 DAGs
[2024-01-14T15:52:18.047+0200] {logging_mixin.py:188} INFO - [2024-01-14T15:52:18.047+0200] {dag.py:3820} INFO - Setting next_dagrun for example_branch_python_operator_decorator to 2024-01-13T00:00:00+00:00, run_after=2024-01-14T00:00:00+00:00
[2024-01-14T15:52:18.065+0200] {processor.py:183} INFO - Processing /home/mahmoud/airflow_env/lib/python3.10/site-packages/airflow/example_dags/example_branch_operator_decorator.py took 0.078 seconds
[2024-01-14T15:53:07.187+0200] {processor.py:161} INFO - Started process (PID=29730) to work on /home/mahmoud/airflow_env/lib/python3.10/site-packages/airflow/example_dags/example_branch_operator_decorator.py
[2024-01-14T15:53:07.188+0200] {processor.py:830} INFO - Processing file /home/mahmoud/airflow_env/lib/python3.10/site-packages/airflow/example_dags/example_branch_operator_decorator.py for tasks to queue
[2024-01-14T15:53:07.189+0200] {logging_mixin.py:188} INFO - [2024-01-14T15:53:07.189+0200] {dagbag.py:538} INFO - Filling up the DagBag from /home/mahmoud/airflow_env/lib/python3.10/site-packages/airflow/example_dags/example_branch_operator_decorator.py
[2024-01-14T15:53:07.207+0200] {processor.py:840} INFO - DAG(s) 'example_branch_python_operator_decorator' retrieved from /home/mahmoud/airflow_env/lib/python3.10/site-packages/airflow/example_dags/example_branch_operator_decorator.py
[2024-01-14T15:53:07.228+0200] {logging_mixin.py:188} INFO - [2024-01-14T15:53:07.228+0200] {dag.py:3033} INFO - Sync 1 DAGs
[2024-01-14T15:53:07.249+0200] {logging_mixin.py:188} INFO - [2024-01-14T15:53:07.249+0200] {dag.py:3820} INFO - Setting next_dagrun for example_branch_python_operator_decorator to 2024-01-13T00:00:00+00:00, run_after=2024-01-14T00:00:00+00:00
[2024-01-14T15:53:07.272+0200] {processor.py:183} INFO - Processing /home/mahmoud/airflow_env/lib/python3.10/site-packages/airflow/example_dags/example_branch_operator_decorator.py took 0.088 seconds
[2024-01-14T15:53:43.162+0200] {processor.py:161} INFO - Started process (PID=29875) to work on /home/mahmoud/airflow_env/lib/python3.10/site-packages/airflow/example_dags/example_branch_operator_decorator.py
[2024-01-14T15:53:43.164+0200] {processor.py:830} INFO - Processing file /home/mahmoud/airflow_env/lib/python3.10/site-packages/airflow/example_dags/example_branch_operator_decorator.py for tasks to queue
[2024-01-14T15:53:43.165+0200] {logging_mixin.py:188} INFO - [2024-01-14T15:53:43.164+0200] {dagbag.py:538} INFO - Filling up the DagBag from /home/mahmoud/airflow_env/lib/python3.10/site-packages/airflow/example_dags/example_branch_operator_decorator.py
[2024-01-14T15:53:43.182+0200] {processor.py:840} INFO - DAG(s) 'example_branch_python_operator_decorator' retrieved from /home/mahmoud/airflow_env/lib/python3.10/site-packages/airflow/example_dags/example_branch_operator_decorator.py
[2024-01-14T15:53:43.202+0200] {logging_mixin.py:188} INFO - [2024-01-14T15:53:43.202+0200] {dag.py:3033} INFO - Sync 1 DAGs
[2024-01-14T15:53:43.221+0200] {logging_mixin.py:188} INFO - [2024-01-14T15:53:43.221+0200] {dag.py:3820} INFO - Setting next_dagrun for example_branch_python_operator_decorator to 2024-01-13T00:00:00+00:00, run_after=2024-01-14T00:00:00+00:00
[2024-01-14T15:53:43.243+0200] {processor.py:183} INFO - Processing /home/mahmoud/airflow_env/lib/python3.10/site-packages/airflow/example_dags/example_branch_operator_decorator.py took 0.084 seconds
[2024-01-14T15:54:38.746+0200] {processor.py:161} INFO - Started process (PID=30061) to work on /home/mahmoud/airflow_env/lib/python3.10/site-packages/airflow/example_dags/example_branch_operator_decorator.py
[2024-01-14T15:54:38.750+0200] {processor.py:830} INFO - Processing file /home/mahmoud/airflow_env/lib/python3.10/site-packages/airflow/example_dags/example_branch_operator_decorator.py for tasks to queue
[2024-01-14T15:54:38.752+0200] {logging_mixin.py:188} INFO - [2024-01-14T15:54:38.751+0200] {dagbag.py:538} INFO - Filling up the DagBag from /home/mahmoud/airflow_env/lib/python3.10/site-packages/airflow/example_dags/example_branch_operator_decorator.py
[2024-01-14T15:54:38.809+0200] {processor.py:840} INFO - DAG(s) 'example_branch_python_operator_decorator' retrieved from /home/mahmoud/airflow_env/lib/python3.10/site-packages/airflow/example_dags/example_branch_operator_decorator.py
[2024-01-14T15:54:38.872+0200] {logging_mixin.py:188} INFO - [2024-01-14T15:54:38.872+0200] {dag.py:3033} INFO - Sync 1 DAGs
[2024-01-14T15:54:38.933+0200] {logging_mixin.py:188} INFO - [2024-01-14T15:54:38.932+0200] {dag.py:3820} INFO - Setting next_dagrun for example_branch_python_operator_decorator to 2024-01-13T00:00:00+00:00, run_after=2024-01-14T00:00:00+00:00
[2024-01-14T15:54:38.991+0200] {processor.py:183} INFO - Processing /home/mahmoud/airflow_env/lib/python3.10/site-packages/airflow/example_dags/example_branch_operator_decorator.py took 0.254 seconds
[2024-01-14T15:55:45.533+0200] {processor.py:161} INFO - Started process (PID=30294) to work on /home/mahmoud/airflow_env/lib/python3.10/site-packages/airflow/example_dags/example_branch_operator_decorator.py
[2024-01-14T15:55:45.536+0200] {processor.py:830} INFO - Processing file /home/mahmoud/airflow_env/lib/python3.10/site-packages/airflow/example_dags/example_branch_operator_decorator.py for tasks to queue
[2024-01-14T15:55:45.539+0200] {logging_mixin.py:188} INFO - [2024-01-14T15:55:45.538+0200] {dagbag.py:538} INFO - Filling up the DagBag from /home/mahmoud/airflow_env/lib/python3.10/site-packages/airflow/example_dags/example_branch_operator_decorator.py
[2024-01-14T15:55:45.596+0200] {processor.py:840} INFO - DAG(s) 'example_branch_python_operator_decorator' retrieved from /home/mahmoud/airflow_env/lib/python3.10/site-packages/airflow/example_dags/example_branch_operator_decorator.py
[2024-01-14T15:55:45.661+0200] {logging_mixin.py:188} INFO - [2024-01-14T15:55:45.660+0200] {dag.py:3033} INFO - Sync 1 DAGs
[2024-01-14T15:55:45.721+0200] {logging_mixin.py:188} INFO - [2024-01-14T15:55:45.721+0200] {dag.py:3820} INFO - Setting next_dagrun for example_branch_python_operator_decorator to 2024-01-13T00:00:00+00:00, run_after=2024-01-14T00:00:00+00:00
[2024-01-14T15:55:45.781+0200] {processor.py:183} INFO - Processing /home/mahmoud/airflow_env/lib/python3.10/site-packages/airflow/example_dags/example_branch_operator_decorator.py took 0.257 seconds
[2024-01-14T15:56:44.564+0200] {processor.py:161} INFO - Started process (PID=30499) to work on /home/mahmoud/airflow_env/lib/python3.10/site-packages/airflow/example_dags/example_branch_operator_decorator.py
[2024-01-14T15:56:44.566+0200] {processor.py:830} INFO - Processing file /home/mahmoud/airflow_env/lib/python3.10/site-packages/airflow/example_dags/example_branch_operator_decorator.py for tasks to queue
[2024-01-14T15:56:44.569+0200] {logging_mixin.py:188} INFO - [2024-01-14T15:56:44.568+0200] {dagbag.py:538} INFO - Filling up the DagBag from /home/mahmoud/airflow_env/lib/python3.10/site-packages/airflow/example_dags/example_branch_operator_decorator.py
[2024-01-14T15:56:44.628+0200] {processor.py:840} INFO - DAG(s) 'example_branch_python_operator_decorator' retrieved from /home/mahmoud/airflow_env/lib/python3.10/site-packages/airflow/example_dags/example_branch_operator_decorator.py
[2024-01-14T15:56:44.702+0200] {logging_mixin.py:188} INFO - [2024-01-14T15:56:44.701+0200] {dag.py:3033} INFO - Sync 1 DAGs
[2024-01-14T15:56:44.772+0200] {logging_mixin.py:188} INFO - [2024-01-14T15:56:44.772+0200] {dag.py:3820} INFO - Setting next_dagrun for example_branch_python_operator_decorator to 2024-01-13T00:00:00+00:00, run_after=2024-01-14T00:00:00+00:00
[2024-01-14T15:56:44.833+0200] {processor.py:183} INFO - Processing /home/mahmoud/airflow_env/lib/python3.10/site-packages/airflow/example_dags/example_branch_operator_decorator.py took 0.277 seconds
[2024-01-14T15:57:41.215+0200] {processor.py:161} INFO - Started process (PID=30703) to work on /home/mahmoud/airflow_env/lib/python3.10/site-packages/airflow/example_dags/example_branch_operator_decorator.py
[2024-01-14T15:57:41.217+0200] {processor.py:830} INFO - Processing file /home/mahmoud/airflow_env/lib/python3.10/site-packages/airflow/example_dags/example_branch_operator_decorator.py for tasks to queue
[2024-01-14T15:57:41.218+0200] {logging_mixin.py:188} INFO - [2024-01-14T15:57:41.218+0200] {dagbag.py:538} INFO - Filling up the DagBag from /home/mahmoud/airflow_env/lib/python3.10/site-packages/airflow/example_dags/example_branch_operator_decorator.py
[2024-01-14T15:57:41.237+0200] {processor.py:840} INFO - DAG(s) 'example_branch_python_operator_decorator' retrieved from /home/mahmoud/airflow_env/lib/python3.10/site-packages/airflow/example_dags/example_branch_operator_decorator.py
[2024-01-14T15:57:41.257+0200] {logging_mixin.py:188} INFO - [2024-01-14T15:57:41.257+0200] {dag.py:3033} INFO - Sync 1 DAGs
[2024-01-14T15:57:41.274+0200] {logging_mixin.py:188} INFO - [2024-01-14T15:57:41.274+0200] {dag.py:3820} INFO - Setting next_dagrun for example_branch_python_operator_decorator to 2024-01-13T00:00:00+00:00, run_after=2024-01-14T00:00:00+00:00
[2024-01-14T15:57:41.299+0200] {processor.py:183} INFO - Processing /home/mahmoud/airflow_env/lib/python3.10/site-packages/airflow/example_dags/example_branch_operator_decorator.py took 0.088 seconds
