[2024-01-14T14:40:34.677+0200] {processor.py:161} INFO - Started process (PID=9735) to work on /home/mahmoud/airflow_env/lib/python3.10/site-packages/airflow/example_dags/example_short_circuit_decorator.py
[2024-01-14T14:40:34.678+0200] {processor.py:830} INFO - Processing file /home/mahmoud/airflow_env/lib/python3.10/site-packages/airflow/example_dags/example_short_circuit_decorator.py for tasks to queue
[2024-01-14T14:40:34.679+0200] {logging_mixin.py:188} INFO - [2024-01-14T14:40:34.678+0200] {dagbag.py:538} INFO - Filling up the DagBag from /home/mahmoud/airflow_env/lib/python3.10/site-packages/airflow/example_dags/example_short_circuit_decorator.py
[2024-01-14T14:40:34.690+0200] {processor.py:840} INFO - DAG(s) 'example_short_circuit_decorator' retrieved from /home/mahmoud/airflow_env/lib/python3.10/site-packages/airflow/example_dags/example_short_circuit_decorator.py
[2024-01-14T14:40:34.855+0200] {logging_mixin.py:188} INFO - [2024-01-14T14:40:34.855+0200] {override.py:1769} INFO - Created Permission View: can edit on DAG:example_short_circuit_decorator
[2024-01-14T14:40:34.868+0200] {logging_mixin.py:188} INFO - [2024-01-14T14:40:34.868+0200] {override.py:1769} INFO - Created Permission View: can read on DAG:example_short_circuit_decorator
[2024-01-14T14:40:34.879+0200] {logging_mixin.py:188} INFO - [2024-01-14T14:40:34.879+0200] {override.py:1769} INFO - Created Permission View: can delete on DAG:example_short_circuit_decorator
[2024-01-14T14:40:34.879+0200] {logging_mixin.py:188} INFO - [2024-01-14T14:40:34.879+0200] {dag.py:3033} INFO - Sync 1 DAGs
[2024-01-14T14:40:34.888+0200] {logging_mixin.py:188} INFO - [2024-01-14T14:40:34.888+0200] {dag.py:3055} INFO - Creating ORM DAG for example_short_circuit_decorator
[2024-01-14T14:40:34.894+0200] {logging_mixin.py:188} INFO - [2024-01-14T14:40:34.894+0200] {dag.py:3820} INFO - Setting next_dagrun for example_short_circuit_decorator to 2024-01-13T00:00:00+00:00, run_after=2024-01-14T00:00:00+00:00
[2024-01-14T14:40:34.915+0200] {processor.py:183} INFO - Processing /home/mahmoud/airflow_env/lib/python3.10/site-packages/airflow/example_dags/example_short_circuit_decorator.py took 0.242 seconds
[2024-01-14T15:08:12.098+0200] {processor.py:161} INFO - Started process (PID=16084) to work on /home/mahmoud/airflow_env/lib/python3.10/site-packages/airflow/example_dags/example_short_circuit_decorator.py
[2024-01-14T15:08:12.100+0200] {processor.py:830} INFO - Processing file /home/mahmoud/airflow_env/lib/python3.10/site-packages/airflow/example_dags/example_short_circuit_decorator.py for tasks to queue
[2024-01-14T15:08:12.101+0200] {logging_mixin.py:188} INFO - [2024-01-14T15:08:12.100+0200] {dagbag.py:538} INFO - Filling up the DagBag from /home/mahmoud/airflow_env/lib/python3.10/site-packages/airflow/example_dags/example_short_circuit_decorator.py
[2024-01-14T15:08:12.116+0200] {processor.py:840} INFO - DAG(s) 'example_short_circuit_decorator' retrieved from /home/mahmoud/airflow_env/lib/python3.10/site-packages/airflow/example_dags/example_short_circuit_decorator.py
[2024-01-14T15:08:12.134+0200] {logging_mixin.py:188} INFO - [2024-01-14T15:08:12.134+0200] {dag.py:3033} INFO - Sync 1 DAGs
[2024-01-14T15:08:12.150+0200] {logging_mixin.py:188} INFO - [2024-01-14T15:08:12.150+0200] {dag.py:3820} INFO - Setting next_dagrun for example_short_circuit_decorator to 2024-01-13T00:00:00+00:00, run_after=2024-01-14T00:00:00+00:00
[2024-01-14T15:08:12.241+0200] {processor.py:183} INFO - Processing /home/mahmoud/airflow_env/lib/python3.10/site-packages/airflow/example_dags/example_short_circuit_decorator.py took 0.146 seconds
[2024-01-14T15:09:04.729+0200] {processor.py:161} INFO - Started process (PID=16361) to work on /home/mahmoud/airflow_env/lib/python3.10/site-packages/airflow/example_dags/example_short_circuit_decorator.py
[2024-01-14T15:09:04.731+0200] {processor.py:830} INFO - Processing file /home/mahmoud/airflow_env/lib/python3.10/site-packages/airflow/example_dags/example_short_circuit_decorator.py for tasks to queue
[2024-01-14T15:09:04.733+0200] {logging_mixin.py:188} INFO - [2024-01-14T15:09:04.732+0200] {dagbag.py:538} INFO - Filling up the DagBag from /home/mahmoud/airflow_env/lib/python3.10/site-packages/airflow/example_dags/example_short_circuit_decorator.py
[2024-01-14T15:09:04.746+0200] {processor.py:840} INFO - DAG(s) 'example_short_circuit_decorator' retrieved from /home/mahmoud/airflow_env/lib/python3.10/site-packages/airflow/example_dags/example_short_circuit_decorator.py
[2024-01-14T15:09:04.764+0200] {logging_mixin.py:188} INFO - [2024-01-14T15:09:04.764+0200] {dag.py:3033} INFO - Sync 1 DAGs
[2024-01-14T15:09:04.781+0200] {logging_mixin.py:188} INFO - [2024-01-14T15:09:04.781+0200] {dag.py:3820} INFO - Setting next_dagrun for example_short_circuit_decorator to 2024-01-13T00:00:00+00:00, run_after=2024-01-14T00:00:00+00:00
[2024-01-14T15:09:04.801+0200] {processor.py:183} INFO - Processing /home/mahmoud/airflow_env/lib/python3.10/site-packages/airflow/example_dags/example_short_circuit_decorator.py took 0.077 seconds
[2024-01-14T15:09:47.205+0200] {processor.py:161} INFO - Started process (PID=16616) to work on /home/mahmoud/airflow_env/lib/python3.10/site-packages/airflow/example_dags/example_short_circuit_decorator.py
[2024-01-14T15:09:47.207+0200] {processor.py:830} INFO - Processing file /home/mahmoud/airflow_env/lib/python3.10/site-packages/airflow/example_dags/example_short_circuit_decorator.py for tasks to queue
[2024-01-14T15:09:47.208+0200] {logging_mixin.py:188} INFO - [2024-01-14T15:09:47.208+0200] {dagbag.py:538} INFO - Filling up the DagBag from /home/mahmoud/airflow_env/lib/python3.10/site-packages/airflow/example_dags/example_short_circuit_decorator.py
[2024-01-14T15:09:47.222+0200] {processor.py:840} INFO - DAG(s) 'example_short_circuit_decorator' retrieved from /home/mahmoud/airflow_env/lib/python3.10/site-packages/airflow/example_dags/example_short_circuit_decorator.py
[2024-01-14T15:09:47.240+0200] {logging_mixin.py:188} INFO - [2024-01-14T15:09:47.240+0200] {dag.py:3033} INFO - Sync 1 DAGs
[2024-01-14T15:09:47.256+0200] {logging_mixin.py:188} INFO - [2024-01-14T15:09:47.256+0200] {dag.py:3820} INFO - Setting next_dagrun for example_short_circuit_decorator to 2024-01-13T00:00:00+00:00, run_after=2024-01-14T00:00:00+00:00
[2024-01-14T15:09:47.277+0200] {processor.py:183} INFO - Processing /home/mahmoud/airflow_env/lib/python3.10/site-packages/airflow/example_dags/example_short_circuit_decorator.py took 0.076 seconds
[2024-01-14T15:10:35.587+0200] {processor.py:161} INFO - Started process (PID=16821) to work on /home/mahmoud/airflow_env/lib/python3.10/site-packages/airflow/example_dags/example_short_circuit_decorator.py
[2024-01-14T15:10:35.588+0200] {processor.py:830} INFO - Processing file /home/mahmoud/airflow_env/lib/python3.10/site-packages/airflow/example_dags/example_short_circuit_decorator.py for tasks to queue
[2024-01-14T15:10:35.589+0200] {logging_mixin.py:188} INFO - [2024-01-14T15:10:35.589+0200] {dagbag.py:538} INFO - Filling up the DagBag from /home/mahmoud/airflow_env/lib/python3.10/site-packages/airflow/example_dags/example_short_circuit_decorator.py
[2024-01-14T15:10:35.597+0200] {processor.py:840} INFO - DAG(s) 'example_short_circuit_decorator' retrieved from /home/mahmoud/airflow_env/lib/python3.10/site-packages/airflow/example_dags/example_short_circuit_decorator.py
[2024-01-14T15:10:35.613+0200] {logging_mixin.py:188} INFO - [2024-01-14T15:10:35.613+0200] {dag.py:3033} INFO - Sync 1 DAGs
[2024-01-14T15:10:35.631+0200] {logging_mixin.py:188} INFO - [2024-01-14T15:10:35.631+0200] {dag.py:3820} INFO - Setting next_dagrun for example_short_circuit_decorator to 2024-01-13T00:00:00+00:00, run_after=2024-01-14T00:00:00+00:00
[2024-01-14T15:10:35.655+0200] {processor.py:183} INFO - Processing /home/mahmoud/airflow_env/lib/python3.10/site-packages/airflow/example_dags/example_short_circuit_decorator.py took 0.070 seconds
[2024-01-14T15:11:15.173+0200] {processor.py:161} INFO - Started process (PID=16975) to work on /home/mahmoud/airflow_env/lib/python3.10/site-packages/airflow/example_dags/example_short_circuit_decorator.py
[2024-01-14T15:11:15.176+0200] {processor.py:830} INFO - Processing file /home/mahmoud/airflow_env/lib/python3.10/site-packages/airflow/example_dags/example_short_circuit_decorator.py for tasks to queue
[2024-01-14T15:11:15.177+0200] {logging_mixin.py:188} INFO - [2024-01-14T15:11:15.177+0200] {dagbag.py:538} INFO - Filling up the DagBag from /home/mahmoud/airflow_env/lib/python3.10/site-packages/airflow/example_dags/example_short_circuit_decorator.py
[2024-01-14T15:11:15.190+0200] {processor.py:840} INFO - DAG(s) 'example_short_circuit_decorator' retrieved from /home/mahmoud/airflow_env/lib/python3.10/site-packages/airflow/example_dags/example_short_circuit_decorator.py
[2024-01-14T15:11:15.210+0200] {logging_mixin.py:188} INFO - [2024-01-14T15:11:15.210+0200] {dag.py:3033} INFO - Sync 1 DAGs
[2024-01-14T15:11:15.227+0200] {logging_mixin.py:188} INFO - [2024-01-14T15:11:15.227+0200] {dag.py:3820} INFO - Setting next_dagrun for example_short_circuit_decorator to 2024-01-13T00:00:00+00:00, run_after=2024-01-14T00:00:00+00:00
[2024-01-14T15:11:15.248+0200] {processor.py:183} INFO - Processing /home/mahmoud/airflow_env/lib/python3.10/site-packages/airflow/example_dags/example_short_circuit_decorator.py took 0.079 seconds
[2024-01-14T15:11:53.808+0200] {processor.py:161} INFO - Started process (PID=17161) to work on /home/mahmoud/airflow_env/lib/python3.10/site-packages/airflow/example_dags/example_short_circuit_decorator.py
[2024-01-14T15:11:53.811+0200] {processor.py:830} INFO - Processing file /home/mahmoud/airflow_env/lib/python3.10/site-packages/airflow/example_dags/example_short_circuit_decorator.py for tasks to queue
[2024-01-14T15:11:53.812+0200] {logging_mixin.py:188} INFO - [2024-01-14T15:11:53.811+0200] {dagbag.py:538} INFO - Filling up the DagBag from /home/mahmoud/airflow_env/lib/python3.10/site-packages/airflow/example_dags/example_short_circuit_decorator.py
[2024-01-14T15:11:53.824+0200] {processor.py:840} INFO - DAG(s) 'example_short_circuit_decorator' retrieved from /home/mahmoud/airflow_env/lib/python3.10/site-packages/airflow/example_dags/example_short_circuit_decorator.py
[2024-01-14T15:11:53.841+0200] {logging_mixin.py:188} INFO - [2024-01-14T15:11:53.841+0200] {dag.py:3033} INFO - Sync 1 DAGs
[2024-01-14T15:11:53.859+0200] {logging_mixin.py:188} INFO - [2024-01-14T15:11:53.858+0200] {dag.py:3820} INFO - Setting next_dagrun for example_short_circuit_decorator to 2024-01-13T00:00:00+00:00, run_after=2024-01-14T00:00:00+00:00
[2024-01-14T15:11:53.880+0200] {processor.py:183} INFO - Processing /home/mahmoud/airflow_env/lib/python3.10/site-packages/airflow/example_dags/example_short_circuit_decorator.py took 0.076 seconds
[2024-01-14T15:12:29.946+0200] {processor.py:161} INFO - Started process (PID=17309) to work on /home/mahmoud/airflow_env/lib/python3.10/site-packages/airflow/example_dags/example_short_circuit_decorator.py
[2024-01-14T15:12:29.948+0200] {processor.py:830} INFO - Processing file /home/mahmoud/airflow_env/lib/python3.10/site-packages/airflow/example_dags/example_short_circuit_decorator.py for tasks to queue
[2024-01-14T15:12:29.948+0200] {logging_mixin.py:188} INFO - [2024-01-14T15:12:29.948+0200] {dagbag.py:538} INFO - Filling up the DagBag from /home/mahmoud/airflow_env/lib/python3.10/site-packages/airflow/example_dags/example_short_circuit_decorator.py
[2024-01-14T15:12:29.958+0200] {processor.py:840} INFO - DAG(s) 'example_short_circuit_decorator' retrieved from /home/mahmoud/airflow_env/lib/python3.10/site-packages/airflow/example_dags/example_short_circuit_decorator.py
[2024-01-14T15:12:29.973+0200] {logging_mixin.py:188} INFO - [2024-01-14T15:12:29.973+0200] {dag.py:3033} INFO - Sync 1 DAGs
[2024-01-14T15:12:29.990+0200] {logging_mixin.py:188} INFO - [2024-01-14T15:12:29.989+0200] {dag.py:3820} INFO - Setting next_dagrun for example_short_circuit_decorator to 2024-01-13T00:00:00+00:00, run_after=2024-01-14T00:00:00+00:00
[2024-01-14T15:12:30.010+0200] {processor.py:183} INFO - Processing /home/mahmoud/airflow_env/lib/python3.10/site-packages/airflow/example_dags/example_short_circuit_decorator.py took 0.068 seconds
[2024-01-14T15:13:07.749+0200] {processor.py:161} INFO - Started process (PID=17483) to work on /home/mahmoud/airflow_env/lib/python3.10/site-packages/airflow/example_dags/example_short_circuit_decorator.py
[2024-01-14T15:13:07.750+0200] {processor.py:830} INFO - Processing file /home/mahmoud/airflow_env/lib/python3.10/site-packages/airflow/example_dags/example_short_circuit_decorator.py for tasks to queue
[2024-01-14T15:13:07.751+0200] {logging_mixin.py:188} INFO - [2024-01-14T15:13:07.750+0200] {dagbag.py:538} INFO - Filling up the DagBag from /home/mahmoud/airflow_env/lib/python3.10/site-packages/airflow/example_dags/example_short_circuit_decorator.py
[2024-01-14T15:13:07.758+0200] {processor.py:840} INFO - DAG(s) 'example_short_circuit_decorator' retrieved from /home/mahmoud/airflow_env/lib/python3.10/site-packages/airflow/example_dags/example_short_circuit_decorator.py
[2024-01-14T15:13:07.773+0200] {logging_mixin.py:188} INFO - [2024-01-14T15:13:07.772+0200] {dag.py:3033} INFO - Sync 1 DAGs
[2024-01-14T15:13:07.789+0200] {logging_mixin.py:188} INFO - [2024-01-14T15:13:07.789+0200] {dag.py:3820} INFO - Setting next_dagrun for example_short_circuit_decorator to 2024-01-13T00:00:00+00:00, run_after=2024-01-14T00:00:00+00:00
[2024-01-14T15:13:07.809+0200] {processor.py:183} INFO - Processing /home/mahmoud/airflow_env/lib/python3.10/site-packages/airflow/example_dags/example_short_circuit_decorator.py took 0.063 seconds
[2024-01-14T15:13:43.978+0200] {processor.py:161} INFO - Started process (PID=17641) to work on /home/mahmoud/airflow_env/lib/python3.10/site-packages/airflow/example_dags/example_short_circuit_decorator.py
[2024-01-14T15:13:43.980+0200] {processor.py:830} INFO - Processing file /home/mahmoud/airflow_env/lib/python3.10/site-packages/airflow/example_dags/example_short_circuit_decorator.py for tasks to queue
[2024-01-14T15:13:43.981+0200] {logging_mixin.py:188} INFO - [2024-01-14T15:13:43.981+0200] {dagbag.py:538} INFO - Filling up the DagBag from /home/mahmoud/airflow_env/lib/python3.10/site-packages/airflow/example_dags/example_short_circuit_decorator.py
[2024-01-14T15:13:43.995+0200] {processor.py:840} INFO - DAG(s) 'example_short_circuit_decorator' retrieved from /home/mahmoud/airflow_env/lib/python3.10/site-packages/airflow/example_dags/example_short_circuit_decorator.py
[2024-01-14T15:13:44.012+0200] {logging_mixin.py:188} INFO - [2024-01-14T15:13:44.012+0200] {dag.py:3033} INFO - Sync 1 DAGs
[2024-01-14T15:13:44.029+0200] {logging_mixin.py:188} INFO - [2024-01-14T15:13:44.029+0200] {dag.py:3820} INFO - Setting next_dagrun for example_short_circuit_decorator to 2024-01-13T00:00:00+00:00, run_after=2024-01-14T00:00:00+00:00
[2024-01-14T15:13:44.051+0200] {processor.py:183} INFO - Processing /home/mahmoud/airflow_env/lib/python3.10/site-packages/airflow/example_dags/example_short_circuit_decorator.py took 0.078 seconds
[2024-01-14T15:19:58.839+0200] {processor.py:161} INFO - Started process (PID=19458) to work on /home/mahmoud/airflow_env/lib/python3.10/site-packages/airflow/example_dags/example_short_circuit_decorator.py
[2024-01-14T15:19:58.840+0200] {processor.py:830} INFO - Processing file /home/mahmoud/airflow_env/lib/python3.10/site-packages/airflow/example_dags/example_short_circuit_decorator.py for tasks to queue
[2024-01-14T15:19:58.842+0200] {logging_mixin.py:188} INFO - [2024-01-14T15:19:58.841+0200] {dagbag.py:538} INFO - Filling up the DagBag from /home/mahmoud/airflow_env/lib/python3.10/site-packages/airflow/example_dags/example_short_circuit_decorator.py
[2024-01-14T15:19:58.856+0200] {processor.py:840} INFO - DAG(s) 'example_short_circuit_decorator' retrieved from /home/mahmoud/airflow_env/lib/python3.10/site-packages/airflow/example_dags/example_short_circuit_decorator.py
[2024-01-14T15:19:58.871+0200] {logging_mixin.py:188} INFO - [2024-01-14T15:19:58.871+0200] {dag.py:3033} INFO - Sync 1 DAGs
[2024-01-14T15:19:58.886+0200] {logging_mixin.py:188} INFO - [2024-01-14T15:19:58.886+0200] {dag.py:3820} INFO - Setting next_dagrun for example_short_circuit_decorator to 2024-01-13T00:00:00+00:00, run_after=2024-01-14T00:00:00+00:00
[2024-01-14T15:19:58.989+0200] {processor.py:183} INFO - Processing /home/mahmoud/airflow_env/lib/python3.10/site-packages/airflow/example_dags/example_short_circuit_decorator.py took 0.155 seconds
[2024-01-14T15:20:51.455+0200] {processor.py:161} INFO - Started process (PID=19663) to work on /home/mahmoud/airflow_env/lib/python3.10/site-packages/airflow/example_dags/example_short_circuit_decorator.py
[2024-01-14T15:20:51.457+0200] {processor.py:830} INFO - Processing file /home/mahmoud/airflow_env/lib/python3.10/site-packages/airflow/example_dags/example_short_circuit_decorator.py for tasks to queue
[2024-01-14T15:20:51.458+0200] {logging_mixin.py:188} INFO - [2024-01-14T15:20:51.458+0200] {dagbag.py:538} INFO - Filling up the DagBag from /home/mahmoud/airflow_env/lib/python3.10/site-packages/airflow/example_dags/example_short_circuit_decorator.py
[2024-01-14T15:20:51.470+0200] {processor.py:840} INFO - DAG(s) 'example_short_circuit_decorator' retrieved from /home/mahmoud/airflow_env/lib/python3.10/site-packages/airflow/example_dags/example_short_circuit_decorator.py
[2024-01-14T15:20:51.487+0200] {logging_mixin.py:188} INFO - [2024-01-14T15:20:51.486+0200] {dag.py:3033} INFO - Sync 1 DAGs
[2024-01-14T15:20:51.504+0200] {logging_mixin.py:188} INFO - [2024-01-14T15:20:51.504+0200] {dag.py:3820} INFO - Setting next_dagrun for example_short_circuit_decorator to 2024-01-13T00:00:00+00:00, run_after=2024-01-14T00:00:00+00:00
[2024-01-14T15:20:51.526+0200] {processor.py:183} INFO - Processing /home/mahmoud/airflow_env/lib/python3.10/site-packages/airflow/example_dags/example_short_circuit_decorator.py took 0.076 seconds
[2024-01-14T15:21:32.525+0200] {processor.py:161} INFO - Started process (PID=19824) to work on /home/mahmoud/airflow_env/lib/python3.10/site-packages/airflow/example_dags/example_short_circuit_decorator.py
[2024-01-14T15:21:32.527+0200] {processor.py:830} INFO - Processing file /home/mahmoud/airflow_env/lib/python3.10/site-packages/airflow/example_dags/example_short_circuit_decorator.py for tasks to queue
[2024-01-14T15:21:32.528+0200] {logging_mixin.py:188} INFO - [2024-01-14T15:21:32.528+0200] {dagbag.py:538} INFO - Filling up the DagBag from /home/mahmoud/airflow_env/lib/python3.10/site-packages/airflow/example_dags/example_short_circuit_decorator.py
[2024-01-14T15:21:32.540+0200] {processor.py:840} INFO - DAG(s) 'example_short_circuit_decorator' retrieved from /home/mahmoud/airflow_env/lib/python3.10/site-packages/airflow/example_dags/example_short_circuit_decorator.py
[2024-01-14T15:21:32.555+0200] {logging_mixin.py:188} INFO - [2024-01-14T15:21:32.555+0200] {dag.py:3033} INFO - Sync 1 DAGs
[2024-01-14T15:21:32.572+0200] {logging_mixin.py:188} INFO - [2024-01-14T15:21:32.572+0200] {dag.py:3820} INFO - Setting next_dagrun for example_short_circuit_decorator to 2024-01-13T00:00:00+00:00, run_after=2024-01-14T00:00:00+00:00
[2024-01-14T15:21:32.594+0200] {processor.py:183} INFO - Processing /home/mahmoud/airflow_env/lib/python3.10/site-packages/airflow/example_dags/example_short_circuit_decorator.py took 0.072 seconds
[2024-01-14T15:22:20.405+0200] {processor.py:161} INFO - Started process (PID=20012) to work on /home/mahmoud/airflow_env/lib/python3.10/site-packages/airflow/example_dags/example_short_circuit_decorator.py
[2024-01-14T15:22:20.408+0200] {processor.py:830} INFO - Processing file /home/mahmoud/airflow_env/lib/python3.10/site-packages/airflow/example_dags/example_short_circuit_decorator.py for tasks to queue
[2024-01-14T15:22:20.409+0200] {logging_mixin.py:188} INFO - [2024-01-14T15:22:20.408+0200] {dagbag.py:538} INFO - Filling up the DagBag from /home/mahmoud/airflow_env/lib/python3.10/site-packages/airflow/example_dags/example_short_circuit_decorator.py
[2024-01-14T15:22:20.422+0200] {processor.py:840} INFO - DAG(s) 'example_short_circuit_decorator' retrieved from /home/mahmoud/airflow_env/lib/python3.10/site-packages/airflow/example_dags/example_short_circuit_decorator.py
[2024-01-14T15:22:20.439+0200] {logging_mixin.py:188} INFO - [2024-01-14T15:22:20.438+0200] {dag.py:3033} INFO - Sync 1 DAGs
[2024-01-14T15:22:20.455+0200] {logging_mixin.py:188} INFO - [2024-01-14T15:22:20.455+0200] {dag.py:3820} INFO - Setting next_dagrun for example_short_circuit_decorator to 2024-01-13T00:00:00+00:00, run_after=2024-01-14T00:00:00+00:00
[2024-01-14T15:22:20.477+0200] {processor.py:183} INFO - Processing /home/mahmoud/airflow_env/lib/python3.10/site-packages/airflow/example_dags/example_short_circuit_decorator.py took 0.077 seconds
[2024-01-14T15:23:29.110+0200] {processor.py:161} INFO - Started process (PID=20421) to work on /home/mahmoud/airflow_env/lib/python3.10/site-packages/airflow/example_dags/example_short_circuit_decorator.py
[2024-01-14T15:23:29.111+0200] {processor.py:830} INFO - Processing file /home/mahmoud/airflow_env/lib/python3.10/site-packages/airflow/example_dags/example_short_circuit_decorator.py for tasks to queue
[2024-01-14T15:23:29.111+0200] {logging_mixin.py:188} INFO - [2024-01-14T15:23:29.111+0200] {dagbag.py:538} INFO - Filling up the DagBag from /home/mahmoud/airflow_env/lib/python3.10/site-packages/airflow/example_dags/example_short_circuit_decorator.py
[2024-01-14T15:23:29.121+0200] {processor.py:840} INFO - DAG(s) 'example_short_circuit_decorator' retrieved from /home/mahmoud/airflow_env/lib/python3.10/site-packages/airflow/example_dags/example_short_circuit_decorator.py
[2024-01-14T15:23:29.135+0200] {logging_mixin.py:188} INFO - [2024-01-14T15:23:29.135+0200] {dag.py:3033} INFO - Sync 1 DAGs
[2024-01-14T15:23:29.152+0200] {logging_mixin.py:188} INFO - [2024-01-14T15:23:29.152+0200] {dag.py:3820} INFO - Setting next_dagrun for example_short_circuit_decorator to 2024-01-13T00:00:00+00:00, run_after=2024-01-14T00:00:00+00:00
[2024-01-14T15:23:29.251+0200] {processor.py:183} INFO - Processing /home/mahmoud/airflow_env/lib/python3.10/site-packages/airflow/example_dags/example_short_circuit_decorator.py took 0.144 seconds
[2024-01-14T15:37:51.215+0200] {processor.py:161} INFO - Started process (PID=24487) to work on /home/mahmoud/airflow_env/lib/python3.10/site-packages/airflow/example_dags/example_short_circuit_decorator.py
[2024-01-14T15:37:51.218+0200] {processor.py:830} INFO - Processing file /home/mahmoud/airflow_env/lib/python3.10/site-packages/airflow/example_dags/example_short_circuit_decorator.py for tasks to queue
[2024-01-14T15:37:51.219+0200] {logging_mixin.py:188} INFO - [2024-01-14T15:37:51.219+0200] {dagbag.py:538} INFO - Filling up the DagBag from /home/mahmoud/airflow_env/lib/python3.10/site-packages/airflow/example_dags/example_short_circuit_decorator.py
[2024-01-14T15:37:51.236+0200] {processor.py:840} INFO - DAG(s) 'example_short_circuit_decorator' retrieved from /home/mahmoud/airflow_env/lib/python3.10/site-packages/airflow/example_dags/example_short_circuit_decorator.py
[2024-01-14T15:37:51.254+0200] {logging_mixin.py:188} INFO - [2024-01-14T15:37:51.254+0200] {dag.py:3033} INFO - Sync 1 DAGs
[2024-01-14T15:37:51.271+0200] {logging_mixin.py:188} INFO - [2024-01-14T15:37:51.270+0200] {dag.py:3820} INFO - Setting next_dagrun for example_short_circuit_decorator to 2024-01-13T00:00:00+00:00, run_after=2024-01-14T00:00:00+00:00
[2024-01-14T15:37:51.373+0200] {processor.py:183} INFO - Processing /home/mahmoud/airflow_env/lib/python3.10/site-packages/airflow/example_dags/example_short_circuit_decorator.py took 0.165 seconds
[2024-01-14T15:38:42.642+0200] {processor.py:161} INFO - Started process (PID=24865) to work on /home/mahmoud/airflow_env/lib/python3.10/site-packages/airflow/example_dags/example_short_circuit_decorator.py
[2024-01-14T15:38:42.644+0200] {processor.py:830} INFO - Processing file /home/mahmoud/airflow_env/lib/python3.10/site-packages/airflow/example_dags/example_short_circuit_decorator.py for tasks to queue
[2024-01-14T15:38:42.645+0200] {logging_mixin.py:188} INFO - [2024-01-14T15:38:42.645+0200] {dagbag.py:538} INFO - Filling up the DagBag from /home/mahmoud/airflow_env/lib/python3.10/site-packages/airflow/example_dags/example_short_circuit_decorator.py
[2024-01-14T15:38:42.655+0200] {processor.py:840} INFO - DAG(s) 'example_short_circuit_decorator' retrieved from /home/mahmoud/airflow_env/lib/python3.10/site-packages/airflow/example_dags/example_short_circuit_decorator.py
[2024-01-14T15:38:42.670+0200] {logging_mixin.py:188} INFO - [2024-01-14T15:38:42.670+0200] {dag.py:3033} INFO - Sync 1 DAGs
[2024-01-14T15:38:42.688+0200] {logging_mixin.py:188} INFO - [2024-01-14T15:38:42.688+0200] {dag.py:3820} INFO - Setting next_dagrun for example_short_circuit_decorator to 2024-01-13T00:00:00+00:00, run_after=2024-01-14T00:00:00+00:00
[2024-01-14T15:38:42.707+0200] {processor.py:183} INFO - Processing /home/mahmoud/airflow_env/lib/python3.10/site-packages/airflow/example_dags/example_short_circuit_decorator.py took 0.069 seconds
[2024-01-14T15:39:31.515+0200] {processor.py:161} INFO - Started process (PID=25180) to work on /home/mahmoud/airflow_env/lib/python3.10/site-packages/airflow/example_dags/example_short_circuit_decorator.py
[2024-01-14T15:39:31.517+0200] {processor.py:830} INFO - Processing file /home/mahmoud/airflow_env/lib/python3.10/site-packages/airflow/example_dags/example_short_circuit_decorator.py for tasks to queue
[2024-01-14T15:39:31.517+0200] {logging_mixin.py:188} INFO - [2024-01-14T15:39:31.517+0200] {dagbag.py:538} INFO - Filling up the DagBag from /home/mahmoud/airflow_env/lib/python3.10/site-packages/airflow/example_dags/example_short_circuit_decorator.py
[2024-01-14T15:39:31.528+0200] {processor.py:840} INFO - DAG(s) 'example_short_circuit_decorator' retrieved from /home/mahmoud/airflow_env/lib/python3.10/site-packages/airflow/example_dags/example_short_circuit_decorator.py
[2024-01-14T15:39:31.549+0200] {logging_mixin.py:188} INFO - [2024-01-14T15:39:31.549+0200] {dag.py:3033} INFO - Sync 1 DAGs
[2024-01-14T15:39:31.566+0200] {logging_mixin.py:188} INFO - [2024-01-14T15:39:31.565+0200] {dag.py:3820} INFO - Setting next_dagrun for example_short_circuit_decorator to 2024-01-13T00:00:00+00:00, run_after=2024-01-14T00:00:00+00:00
[2024-01-14T15:39:31.587+0200] {processor.py:183} INFO - Processing /home/mahmoud/airflow_env/lib/python3.10/site-packages/airflow/example_dags/example_short_circuit_decorator.py took 0.074 seconds
[2024-01-14T15:40:08.739+0200] {processor.py:161} INFO - Started process (PID=25327) to work on /home/mahmoud/airflow_env/lib/python3.10/site-packages/airflow/example_dags/example_short_circuit_decorator.py
[2024-01-14T15:40:08.742+0200] {processor.py:830} INFO - Processing file /home/mahmoud/airflow_env/lib/python3.10/site-packages/airflow/example_dags/example_short_circuit_decorator.py for tasks to queue
[2024-01-14T15:40:08.742+0200] {logging_mixin.py:188} INFO - [2024-01-14T15:40:08.742+0200] {dagbag.py:538} INFO - Filling up the DagBag from /home/mahmoud/airflow_env/lib/python3.10/site-packages/airflow/example_dags/example_short_circuit_decorator.py
[2024-01-14T15:40:08.752+0200] {processor.py:840} INFO - DAG(s) 'example_short_circuit_decorator' retrieved from /home/mahmoud/airflow_env/lib/python3.10/site-packages/airflow/example_dags/example_short_circuit_decorator.py
[2024-01-14T15:40:08.768+0200] {logging_mixin.py:188} INFO - [2024-01-14T15:40:08.768+0200] {dag.py:3033} INFO - Sync 1 DAGs
[2024-01-14T15:40:08.786+0200] {logging_mixin.py:188} INFO - [2024-01-14T15:40:08.786+0200] {dag.py:3820} INFO - Setting next_dagrun for example_short_circuit_decorator to 2024-01-13T00:00:00+00:00, run_after=2024-01-14T00:00:00+00:00
[2024-01-14T15:40:08.808+0200] {processor.py:183} INFO - Processing /home/mahmoud/airflow_env/lib/python3.10/site-packages/airflow/example_dags/example_short_circuit_decorator.py took 0.074 seconds
[2024-01-14T15:40:45.011+0200] {processor.py:161} INFO - Started process (PID=25472) to work on /home/mahmoud/airflow_env/lib/python3.10/site-packages/airflow/example_dags/example_short_circuit_decorator.py
[2024-01-14T15:40:45.012+0200] {processor.py:830} INFO - Processing file /home/mahmoud/airflow_env/lib/python3.10/site-packages/airflow/example_dags/example_short_circuit_decorator.py for tasks to queue
[2024-01-14T15:40:45.013+0200] {logging_mixin.py:188} INFO - [2024-01-14T15:40:45.013+0200] {dagbag.py:538} INFO - Filling up the DagBag from /home/mahmoud/airflow_env/lib/python3.10/site-packages/airflow/example_dags/example_short_circuit_decorator.py
[2024-01-14T15:40:45.025+0200] {processor.py:840} INFO - DAG(s) 'example_short_circuit_decorator' retrieved from /home/mahmoud/airflow_env/lib/python3.10/site-packages/airflow/example_dags/example_short_circuit_decorator.py
[2024-01-14T15:40:45.044+0200] {logging_mixin.py:188} INFO - [2024-01-14T15:40:45.044+0200] {dag.py:3033} INFO - Sync 1 DAGs
[2024-01-14T15:40:45.059+0200] {logging_mixin.py:188} INFO - [2024-01-14T15:40:45.059+0200] {dag.py:3820} INFO - Setting next_dagrun for example_short_circuit_decorator to 2024-01-13T00:00:00+00:00, run_after=2024-01-14T00:00:00+00:00
[2024-01-14T15:40:45.080+0200] {processor.py:183} INFO - Processing /home/mahmoud/airflow_env/lib/python3.10/site-packages/airflow/example_dags/example_short_circuit_decorator.py took 0.071 seconds
[2024-01-14T15:41:22.247+0200] {processor.py:161} INFO - Started process (PID=25682) to work on /home/mahmoud/airflow_env/lib/python3.10/site-packages/airflow/example_dags/example_short_circuit_decorator.py
[2024-01-14T15:41:22.249+0200] {processor.py:830} INFO - Processing file /home/mahmoud/airflow_env/lib/python3.10/site-packages/airflow/example_dags/example_short_circuit_decorator.py for tasks to queue
[2024-01-14T15:41:22.250+0200] {logging_mixin.py:188} INFO - [2024-01-14T15:41:22.250+0200] {dagbag.py:538} INFO - Filling up the DagBag from /home/mahmoud/airflow_env/lib/python3.10/site-packages/airflow/example_dags/example_short_circuit_decorator.py
[2024-01-14T15:41:22.259+0200] {processor.py:840} INFO - DAG(s) 'example_short_circuit_decorator' retrieved from /home/mahmoud/airflow_env/lib/python3.10/site-packages/airflow/example_dags/example_short_circuit_decorator.py
[2024-01-14T15:41:22.274+0200] {logging_mixin.py:188} INFO - [2024-01-14T15:41:22.274+0200] {dag.py:3033} INFO - Sync 1 DAGs
[2024-01-14T15:41:22.301+0200] {logging_mixin.py:188} INFO - [2024-01-14T15:41:22.301+0200] {dag.py:3820} INFO - Setting next_dagrun for example_short_circuit_decorator to 2024-01-13T00:00:00+00:00, run_after=2024-01-14T00:00:00+00:00
[2024-01-14T15:41:22.322+0200] {processor.py:183} INFO - Processing /home/mahmoud/airflow_env/lib/python3.10/site-packages/airflow/example_dags/example_short_circuit_decorator.py took 0.077 seconds
[2024-01-14T15:42:13.180+0200] {processor.py:161} INFO - Started process (PID=25879) to work on /home/mahmoud/airflow_env/lib/python3.10/site-packages/airflow/example_dags/example_short_circuit_decorator.py
[2024-01-14T15:42:13.182+0200] {processor.py:830} INFO - Processing file /home/mahmoud/airflow_env/lib/python3.10/site-packages/airflow/example_dags/example_short_circuit_decorator.py for tasks to queue
[2024-01-14T15:42:13.184+0200] {logging_mixin.py:188} INFO - [2024-01-14T15:42:13.183+0200] {dagbag.py:538} INFO - Filling up the DagBag from /home/mahmoud/airflow_env/lib/python3.10/site-packages/airflow/example_dags/example_short_circuit_decorator.py
[2024-01-14T15:42:13.197+0200] {processor.py:840} INFO - DAG(s) 'example_short_circuit_decorator' retrieved from /home/mahmoud/airflow_env/lib/python3.10/site-packages/airflow/example_dags/example_short_circuit_decorator.py
[2024-01-14T15:42:13.215+0200] {logging_mixin.py:188} INFO - [2024-01-14T15:42:13.215+0200] {dag.py:3033} INFO - Sync 1 DAGs
[2024-01-14T15:42:13.234+0200] {logging_mixin.py:188} INFO - [2024-01-14T15:42:13.233+0200] {dag.py:3820} INFO - Setting next_dagrun for example_short_circuit_decorator to 2024-01-13T00:00:00+00:00, run_after=2024-01-14T00:00:00+00:00
[2024-01-14T15:42:13.253+0200] {processor.py:183} INFO - Processing /home/mahmoud/airflow_env/lib/python3.10/site-packages/airflow/example_dags/example_short_circuit_decorator.py took 0.077 seconds
[2024-01-14T15:43:11.507+0200] {processor.py:161} INFO - Started process (PID=26627) to work on /home/mahmoud/airflow_env/lib/python3.10/site-packages/airflow/example_dags/example_short_circuit_decorator.py
[2024-01-14T15:43:11.510+0200] {processor.py:830} INFO - Processing file /home/mahmoud/airflow_env/lib/python3.10/site-packages/airflow/example_dags/example_short_circuit_decorator.py for tasks to queue
[2024-01-14T15:43:11.511+0200] {logging_mixin.py:188} INFO - [2024-01-14T15:43:11.511+0200] {dagbag.py:538} INFO - Filling up the DagBag from /home/mahmoud/airflow_env/lib/python3.10/site-packages/airflow/example_dags/example_short_circuit_decorator.py
[2024-01-14T15:43:11.525+0200] {processor.py:840} INFO - DAG(s) 'example_short_circuit_decorator' retrieved from /home/mahmoud/airflow_env/lib/python3.10/site-packages/airflow/example_dags/example_short_circuit_decorator.py
[2024-01-14T15:43:11.543+0200] {logging_mixin.py:188} INFO - [2024-01-14T15:43:11.542+0200] {dag.py:3033} INFO - Sync 1 DAGs
[2024-01-14T15:43:11.560+0200] {logging_mixin.py:188} INFO - [2024-01-14T15:43:11.560+0200] {dag.py:3820} INFO - Setting next_dagrun for example_short_circuit_decorator to 2024-01-13T00:00:00+00:00, run_after=2024-01-14T00:00:00+00:00
[2024-01-14T15:43:11.581+0200] {processor.py:183} INFO - Processing /home/mahmoud/airflow_env/lib/python3.10/site-packages/airflow/example_dags/example_short_circuit_decorator.py took 0.081 seconds
[2024-01-14T15:44:00.116+0200] {processor.py:161} INFO - Started process (PID=26923) to work on /home/mahmoud/airflow_env/lib/python3.10/site-packages/airflow/example_dags/example_short_circuit_decorator.py
[2024-01-14T15:44:00.118+0200] {processor.py:830} INFO - Processing file /home/mahmoud/airflow_env/lib/python3.10/site-packages/airflow/example_dags/example_short_circuit_decorator.py for tasks to queue
[2024-01-14T15:44:00.119+0200] {logging_mixin.py:188} INFO - [2024-01-14T15:44:00.119+0200] {dagbag.py:538} INFO - Filling up the DagBag from /home/mahmoud/airflow_env/lib/python3.10/site-packages/airflow/example_dags/example_short_circuit_decorator.py
[2024-01-14T15:44:00.133+0200] {processor.py:840} INFO - DAG(s) 'example_short_circuit_decorator' retrieved from /home/mahmoud/airflow_env/lib/python3.10/site-packages/airflow/example_dags/example_short_circuit_decorator.py
[2024-01-14T15:44:00.151+0200] {logging_mixin.py:188} INFO - [2024-01-14T15:44:00.150+0200] {dag.py:3033} INFO - Sync 1 DAGs
[2024-01-14T15:44:00.167+0200] {logging_mixin.py:188} INFO - [2024-01-14T15:44:00.167+0200] {dag.py:3820} INFO - Setting next_dagrun for example_short_circuit_decorator to 2024-01-13T00:00:00+00:00, run_after=2024-01-14T00:00:00+00:00
[2024-01-14T15:44:00.187+0200] {processor.py:183} INFO - Processing /home/mahmoud/airflow_env/lib/python3.10/site-packages/airflow/example_dags/example_short_circuit_decorator.py took 0.080 seconds
[2024-01-14T15:44:47.884+0200] {processor.py:161} INFO - Started process (PID=27575) to work on /home/mahmoud/airflow_env/lib/python3.10/site-packages/airflow/example_dags/example_short_circuit_decorator.py
[2024-01-14T15:44:47.887+0200] {processor.py:830} INFO - Processing file /home/mahmoud/airflow_env/lib/python3.10/site-packages/airflow/example_dags/example_short_circuit_decorator.py for tasks to queue
[2024-01-14T15:44:47.888+0200] {logging_mixin.py:188} INFO - [2024-01-14T15:44:47.887+0200] {dagbag.py:538} INFO - Filling up the DagBag from /home/mahmoud/airflow_env/lib/python3.10/site-packages/airflow/example_dags/example_short_circuit_decorator.py
[2024-01-14T15:44:47.903+0200] {processor.py:840} INFO - DAG(s) 'example_short_circuit_decorator' retrieved from /home/mahmoud/airflow_env/lib/python3.10/site-packages/airflow/example_dags/example_short_circuit_decorator.py
[2024-01-14T15:44:47.922+0200] {logging_mixin.py:188} INFO - [2024-01-14T15:44:47.922+0200] {dag.py:3033} INFO - Sync 1 DAGs
[2024-01-14T15:44:47.939+0200] {logging_mixin.py:188} INFO - [2024-01-14T15:44:47.938+0200] {dag.py:3820} INFO - Setting next_dagrun for example_short_circuit_decorator to 2024-01-13T00:00:00+00:00, run_after=2024-01-14T00:00:00+00:00
[2024-01-14T15:44:47.959+0200] {processor.py:183} INFO - Processing /home/mahmoud/airflow_env/lib/python3.10/site-packages/airflow/example_dags/example_short_circuit_decorator.py took 0.083 seconds
[2024-01-14T15:45:31.485+0200] {processor.py:161} INFO - Started process (PID=27808) to work on /home/mahmoud/airflow_env/lib/python3.10/site-packages/airflow/example_dags/example_short_circuit_decorator.py
[2024-01-14T15:45:31.488+0200] {processor.py:830} INFO - Processing file /home/mahmoud/airflow_env/lib/python3.10/site-packages/airflow/example_dags/example_short_circuit_decorator.py for tasks to queue
[2024-01-14T15:45:31.488+0200] {logging_mixin.py:188} INFO - [2024-01-14T15:45:31.488+0200] {dagbag.py:538} INFO - Filling up the DagBag from /home/mahmoud/airflow_env/lib/python3.10/site-packages/airflow/example_dags/example_short_circuit_decorator.py
[2024-01-14T15:45:31.499+0200] {processor.py:840} INFO - DAG(s) 'example_short_circuit_decorator' retrieved from /home/mahmoud/airflow_env/lib/python3.10/site-packages/airflow/example_dags/example_short_circuit_decorator.py
[2024-01-14T15:45:31.516+0200] {logging_mixin.py:188} INFO - [2024-01-14T15:45:31.515+0200] {dag.py:3033} INFO - Sync 1 DAGs
[2024-01-14T15:45:31.534+0200] {logging_mixin.py:188} INFO - [2024-01-14T15:45:31.533+0200] {dag.py:3820} INFO - Setting next_dagrun for example_short_circuit_decorator to 2024-01-13T00:00:00+00:00, run_after=2024-01-14T00:00:00+00:00
[2024-01-14T15:45:31.559+0200] {processor.py:183} INFO - Processing /home/mahmoud/airflow_env/lib/python3.10/site-packages/airflow/example_dags/example_short_circuit_decorator.py took 0.078 seconds
[2024-01-14T15:46:07.533+0200] {processor.py:161} INFO - Started process (PID=27947) to work on /home/mahmoud/airflow_env/lib/python3.10/site-packages/airflow/example_dags/example_short_circuit_decorator.py
[2024-01-14T15:46:07.535+0200] {processor.py:830} INFO - Processing file /home/mahmoud/airflow_env/lib/python3.10/site-packages/airflow/example_dags/example_short_circuit_decorator.py for tasks to queue
[2024-01-14T15:46:07.537+0200] {logging_mixin.py:188} INFO - [2024-01-14T15:46:07.536+0200] {dagbag.py:538} INFO - Filling up the DagBag from /home/mahmoud/airflow_env/lib/python3.10/site-packages/airflow/example_dags/example_short_circuit_decorator.py
[2024-01-14T15:46:07.547+0200] {processor.py:840} INFO - DAG(s) 'example_short_circuit_decorator' retrieved from /home/mahmoud/airflow_env/lib/python3.10/site-packages/airflow/example_dags/example_short_circuit_decorator.py
[2024-01-14T15:46:07.563+0200] {logging_mixin.py:188} INFO - [2024-01-14T15:46:07.563+0200] {dag.py:3033} INFO - Sync 1 DAGs
[2024-01-14T15:46:07.582+0200] {logging_mixin.py:188} INFO - [2024-01-14T15:46:07.582+0200] {dag.py:3820} INFO - Setting next_dagrun for example_short_circuit_decorator to 2024-01-13T00:00:00+00:00, run_after=2024-01-14T00:00:00+00:00
[2024-01-14T15:46:07.613+0200] {processor.py:183} INFO - Processing /home/mahmoud/airflow_env/lib/python3.10/site-packages/airflow/example_dags/example_short_circuit_decorator.py took 0.084 seconds
[2024-01-14T15:46:43.712+0200] {processor.py:161} INFO - Started process (PID=28093) to work on /home/mahmoud/airflow_env/lib/python3.10/site-packages/airflow/example_dags/example_short_circuit_decorator.py
[2024-01-14T15:46:43.714+0200] {processor.py:830} INFO - Processing file /home/mahmoud/airflow_env/lib/python3.10/site-packages/airflow/example_dags/example_short_circuit_decorator.py for tasks to queue
[2024-01-14T15:46:43.715+0200] {logging_mixin.py:188} INFO - [2024-01-14T15:46:43.714+0200] {dagbag.py:538} INFO - Filling up the DagBag from /home/mahmoud/airflow_env/lib/python3.10/site-packages/airflow/example_dags/example_short_circuit_decorator.py
[2024-01-14T15:46:43.730+0200] {processor.py:840} INFO - DAG(s) 'example_short_circuit_decorator' retrieved from /home/mahmoud/airflow_env/lib/python3.10/site-packages/airflow/example_dags/example_short_circuit_decorator.py
[2024-01-14T15:46:43.749+0200] {logging_mixin.py:188} INFO - [2024-01-14T15:46:43.749+0200] {dag.py:3033} INFO - Sync 1 DAGs
[2024-01-14T15:46:43.768+0200] {logging_mixin.py:188} INFO - [2024-01-14T15:46:43.767+0200] {dag.py:3820} INFO - Setting next_dagrun for example_short_circuit_decorator to 2024-01-13T00:00:00+00:00, run_after=2024-01-14T00:00:00+00:00
[2024-01-14T15:46:43.793+0200] {processor.py:183} INFO - Processing /home/mahmoud/airflow_env/lib/python3.10/site-packages/airflow/example_dags/example_short_circuit_decorator.py took 0.087 seconds
[2024-01-14T15:47:18.879+0200] {processor.py:161} INFO - Started process (PID=28297) to work on /home/mahmoud/airflow_env/lib/python3.10/site-packages/airflow/example_dags/example_short_circuit_decorator.py
[2024-01-14T15:47:18.880+0200] {processor.py:830} INFO - Processing file /home/mahmoud/airflow_env/lib/python3.10/site-packages/airflow/example_dags/example_short_circuit_decorator.py for tasks to queue
[2024-01-14T15:47:18.880+0200] {logging_mixin.py:188} INFO - [2024-01-14T15:47:18.880+0200] {dagbag.py:538} INFO - Filling up the DagBag from /home/mahmoud/airflow_env/lib/python3.10/site-packages/airflow/example_dags/example_short_circuit_decorator.py
[2024-01-14T15:47:18.888+0200] {processor.py:840} INFO - DAG(s) 'example_short_circuit_decorator' retrieved from /home/mahmoud/airflow_env/lib/python3.10/site-packages/airflow/example_dags/example_short_circuit_decorator.py
[2024-01-14T15:47:18.902+0200] {logging_mixin.py:188} INFO - [2024-01-14T15:47:18.902+0200] {dag.py:3033} INFO - Sync 1 DAGs
[2024-01-14T15:47:18.918+0200] {logging_mixin.py:188} INFO - [2024-01-14T15:47:18.918+0200] {dag.py:3820} INFO - Setting next_dagrun for example_short_circuit_decorator to 2024-01-13T00:00:00+00:00, run_after=2024-01-14T00:00:00+00:00
[2024-01-14T15:47:18.937+0200] {processor.py:183} INFO - Processing /home/mahmoud/airflow_env/lib/python3.10/site-packages/airflow/example_dags/example_short_circuit_decorator.py took 0.061 seconds
[2024-01-14T15:47:54.634+0200] {processor.py:161} INFO - Started process (PID=28463) to work on /home/mahmoud/airflow_env/lib/python3.10/site-packages/airflow/example_dags/example_short_circuit_decorator.py
[2024-01-14T15:47:54.636+0200] {processor.py:830} INFO - Processing file /home/mahmoud/airflow_env/lib/python3.10/site-packages/airflow/example_dags/example_short_circuit_decorator.py for tasks to queue
[2024-01-14T15:47:54.637+0200] {logging_mixin.py:188} INFO - [2024-01-14T15:47:54.637+0200] {dagbag.py:538} INFO - Filling up the DagBag from /home/mahmoud/airflow_env/lib/python3.10/site-packages/airflow/example_dags/example_short_circuit_decorator.py
[2024-01-14T15:47:54.646+0200] {processor.py:840} INFO - DAG(s) 'example_short_circuit_decorator' retrieved from /home/mahmoud/airflow_env/lib/python3.10/site-packages/airflow/example_dags/example_short_circuit_decorator.py
[2024-01-14T15:47:54.661+0200] {logging_mixin.py:188} INFO - [2024-01-14T15:47:54.661+0200] {dag.py:3033} INFO - Sync 1 DAGs
[2024-01-14T15:47:54.678+0200] {logging_mixin.py:188} INFO - [2024-01-14T15:47:54.678+0200] {dag.py:3820} INFO - Setting next_dagrun for example_short_circuit_decorator to 2024-01-13T00:00:00+00:00, run_after=2024-01-14T00:00:00+00:00
[2024-01-14T15:47:54.698+0200] {processor.py:183} INFO - Processing /home/mahmoud/airflow_env/lib/python3.10/site-packages/airflow/example_dags/example_short_circuit_decorator.py took 0.067 seconds
[2024-01-14T15:48:46.521+0200] {processor.py:161} INFO - Started process (PID=28673) to work on /home/mahmoud/airflow_env/lib/python3.10/site-packages/airflow/example_dags/example_short_circuit_decorator.py
[2024-01-14T15:48:46.525+0200] {processor.py:830} INFO - Processing file /home/mahmoud/airflow_env/lib/python3.10/site-packages/airflow/example_dags/example_short_circuit_decorator.py for tasks to queue
[2024-01-14T15:48:46.526+0200] {logging_mixin.py:188} INFO - [2024-01-14T15:48:46.525+0200] {dagbag.py:538} INFO - Filling up the DagBag from /home/mahmoud/airflow_env/lib/python3.10/site-packages/airflow/example_dags/example_short_circuit_decorator.py
[2024-01-14T15:48:46.541+0200] {processor.py:840} INFO - DAG(s) 'example_short_circuit_decorator' retrieved from /home/mahmoud/airflow_env/lib/python3.10/site-packages/airflow/example_dags/example_short_circuit_decorator.py
[2024-01-14T15:48:46.560+0200] {logging_mixin.py:188} INFO - [2024-01-14T15:48:46.560+0200] {dag.py:3033} INFO - Sync 1 DAGs
[2024-01-14T15:48:46.576+0200] {logging_mixin.py:188} INFO - [2024-01-14T15:48:46.576+0200] {dag.py:3820} INFO - Setting next_dagrun for example_short_circuit_decorator to 2024-01-13T00:00:00+00:00, run_after=2024-01-14T00:00:00+00:00
[2024-01-14T15:48:46.597+0200] {processor.py:183} INFO - Processing /home/mahmoud/airflow_env/lib/python3.10/site-packages/airflow/example_dags/example_short_circuit_decorator.py took 0.082 seconds
[2024-01-14T15:49:23.580+0200] {processor.py:161} INFO - Started process (PID=28812) to work on /home/mahmoud/airflow_env/lib/python3.10/site-packages/airflow/example_dags/example_short_circuit_decorator.py
[2024-01-14T15:49:23.581+0200] {processor.py:830} INFO - Processing file /home/mahmoud/airflow_env/lib/python3.10/site-packages/airflow/example_dags/example_short_circuit_decorator.py for tasks to queue
[2024-01-14T15:49:23.582+0200] {logging_mixin.py:188} INFO - [2024-01-14T15:49:23.582+0200] {dagbag.py:538} INFO - Filling up the DagBag from /home/mahmoud/airflow_env/lib/python3.10/site-packages/airflow/example_dags/example_short_circuit_decorator.py
[2024-01-14T15:49:23.591+0200] {processor.py:840} INFO - DAG(s) 'example_short_circuit_decorator' retrieved from /home/mahmoud/airflow_env/lib/python3.10/site-packages/airflow/example_dags/example_short_circuit_decorator.py
[2024-01-14T15:49:23.605+0200] {logging_mixin.py:188} INFO - [2024-01-14T15:49:23.604+0200] {dag.py:3033} INFO - Sync 1 DAGs
[2024-01-14T15:49:23.620+0200] {logging_mixin.py:188} INFO - [2024-01-14T15:49:23.619+0200] {dag.py:3820} INFO - Setting next_dagrun for example_short_circuit_decorator to 2024-01-13T00:00:00+00:00, run_after=2024-01-14T00:00:00+00:00
[2024-01-14T15:49:23.643+0200] {processor.py:183} INFO - Processing /home/mahmoud/airflow_env/lib/python3.10/site-packages/airflow/example_dags/example_short_circuit_decorator.py took 0.066 seconds
[2024-01-14T15:49:59.786+0200] {processor.py:161} INFO - Started process (PID=28958) to work on /home/mahmoud/airflow_env/lib/python3.10/site-packages/airflow/example_dags/example_short_circuit_decorator.py
[2024-01-14T15:49:59.787+0200] {processor.py:830} INFO - Processing file /home/mahmoud/airflow_env/lib/python3.10/site-packages/airflow/example_dags/example_short_circuit_decorator.py for tasks to queue
[2024-01-14T15:49:59.788+0200] {logging_mixin.py:188} INFO - [2024-01-14T15:49:59.788+0200] {dagbag.py:538} INFO - Filling up the DagBag from /home/mahmoud/airflow_env/lib/python3.10/site-packages/airflow/example_dags/example_short_circuit_decorator.py
[2024-01-14T15:49:59.799+0200] {processor.py:840} INFO - DAG(s) 'example_short_circuit_decorator' retrieved from /home/mahmoud/airflow_env/lib/python3.10/site-packages/airflow/example_dags/example_short_circuit_decorator.py
[2024-01-14T15:49:59.814+0200] {logging_mixin.py:188} INFO - [2024-01-14T15:49:59.814+0200] {dag.py:3033} INFO - Sync 1 DAGs
[2024-01-14T15:49:59.832+0200] {logging_mixin.py:188} INFO - [2024-01-14T15:49:59.831+0200] {dag.py:3820} INFO - Setting next_dagrun for example_short_circuit_decorator to 2024-01-13T00:00:00+00:00, run_after=2024-01-14T00:00:00+00:00
[2024-01-14T15:49:59.853+0200] {processor.py:183} INFO - Processing /home/mahmoud/airflow_env/lib/python3.10/site-packages/airflow/example_dags/example_short_circuit_decorator.py took 0.070 seconds
[2024-01-14T15:50:51.084+0200] {processor.py:161} INFO - Started process (PID=29162) to work on /home/mahmoud/airflow_env/lib/python3.10/site-packages/airflow/example_dags/example_short_circuit_decorator.py
[2024-01-14T15:50:51.086+0200] {processor.py:830} INFO - Processing file /home/mahmoud/airflow_env/lib/python3.10/site-packages/airflow/example_dags/example_short_circuit_decorator.py for tasks to queue
[2024-01-14T15:50:51.087+0200] {logging_mixin.py:188} INFO - [2024-01-14T15:50:51.087+0200] {dagbag.py:538} INFO - Filling up the DagBag from /home/mahmoud/airflow_env/lib/python3.10/site-packages/airflow/example_dags/example_short_circuit_decorator.py
[2024-01-14T15:50:51.097+0200] {processor.py:840} INFO - DAG(s) 'example_short_circuit_decorator' retrieved from /home/mahmoud/airflow_env/lib/python3.10/site-packages/airflow/example_dags/example_short_circuit_decorator.py
[2024-01-14T15:50:51.113+0200] {logging_mixin.py:188} INFO - [2024-01-14T15:50:51.112+0200] {dag.py:3033} INFO - Sync 1 DAGs
[2024-01-14T15:50:51.130+0200] {logging_mixin.py:188} INFO - [2024-01-14T15:50:51.130+0200] {dag.py:3820} INFO - Setting next_dagrun for example_short_circuit_decorator to 2024-01-13T00:00:00+00:00, run_after=2024-01-14T00:00:00+00:00
[2024-01-14T15:50:51.153+0200] {processor.py:183} INFO - Processing /home/mahmoud/airflow_env/lib/python3.10/site-packages/airflow/example_dags/example_short_circuit_decorator.py took 0.072 seconds
[2024-01-14T15:51:43.024+0200] {processor.py:161} INFO - Started process (PID=29365) to work on /home/mahmoud/airflow_env/lib/python3.10/site-packages/airflow/example_dags/example_short_circuit_decorator.py
[2024-01-14T15:51:43.026+0200] {processor.py:830} INFO - Processing file /home/mahmoud/airflow_env/lib/python3.10/site-packages/airflow/example_dags/example_short_circuit_decorator.py for tasks to queue
[2024-01-14T15:51:43.027+0200] {logging_mixin.py:188} INFO - [2024-01-14T15:51:43.026+0200] {dagbag.py:538} INFO - Filling up the DagBag from /home/mahmoud/airflow_env/lib/python3.10/site-packages/airflow/example_dags/example_short_circuit_decorator.py
[2024-01-14T15:51:43.036+0200] {processor.py:840} INFO - DAG(s) 'example_short_circuit_decorator' retrieved from /home/mahmoud/airflow_env/lib/python3.10/site-packages/airflow/example_dags/example_short_circuit_decorator.py
[2024-01-14T15:51:43.052+0200] {logging_mixin.py:188} INFO - [2024-01-14T15:51:43.052+0200] {dag.py:3033} INFO - Sync 1 DAGs
[2024-01-14T15:51:43.069+0200] {logging_mixin.py:188} INFO - [2024-01-14T15:51:43.069+0200] {dag.py:3820} INFO - Setting next_dagrun for example_short_circuit_decorator to 2024-01-13T00:00:00+00:00, run_after=2024-01-14T00:00:00+00:00
[2024-01-14T15:51:43.089+0200] {processor.py:183} INFO - Processing /home/mahmoud/airflow_env/lib/python3.10/site-packages/airflow/example_dags/example_short_circuit_decorator.py took 0.068 seconds
[2024-01-14T15:52:33.423+0200] {processor.py:161} INFO - Started process (PID=29568) to work on /home/mahmoud/airflow_env/lib/python3.10/site-packages/airflow/example_dags/example_short_circuit_decorator.py
[2024-01-14T15:52:33.425+0200] {processor.py:830} INFO - Processing file /home/mahmoud/airflow_env/lib/python3.10/site-packages/airflow/example_dags/example_short_circuit_decorator.py for tasks to queue
[2024-01-14T15:52:33.425+0200] {logging_mixin.py:188} INFO - [2024-01-14T15:52:33.425+0200] {dagbag.py:538} INFO - Filling up the DagBag from /home/mahmoud/airflow_env/lib/python3.10/site-packages/airflow/example_dags/example_short_circuit_decorator.py
[2024-01-14T15:52:33.434+0200] {processor.py:840} INFO - DAG(s) 'example_short_circuit_decorator' retrieved from /home/mahmoud/airflow_env/lib/python3.10/site-packages/airflow/example_dags/example_short_circuit_decorator.py
[2024-01-14T15:52:33.450+0200] {logging_mixin.py:188} INFO - [2024-01-14T15:52:33.450+0200] {dag.py:3033} INFO - Sync 1 DAGs
[2024-01-14T15:52:33.467+0200] {logging_mixin.py:188} INFO - [2024-01-14T15:52:33.467+0200] {dag.py:3820} INFO - Setting next_dagrun for example_short_circuit_decorator to 2024-01-13T00:00:00+00:00, run_after=2024-01-14T00:00:00+00:00
[2024-01-14T15:52:33.488+0200] {processor.py:183} INFO - Processing /home/mahmoud/airflow_env/lib/python3.10/site-packages/airflow/example_dags/example_short_circuit_decorator.py took 0.068 seconds
[2024-01-14T15:53:23.711+0200] {processor.py:161} INFO - Started process (PID=29795) to work on /home/mahmoud/airflow_env/lib/python3.10/site-packages/airflow/example_dags/example_short_circuit_decorator.py
[2024-01-14T15:53:23.712+0200] {processor.py:830} INFO - Processing file /home/mahmoud/airflow_env/lib/python3.10/site-packages/airflow/example_dags/example_short_circuit_decorator.py for tasks to queue
[2024-01-14T15:53:23.713+0200] {logging_mixin.py:188} INFO - [2024-01-14T15:53:23.713+0200] {dagbag.py:538} INFO - Filling up the DagBag from /home/mahmoud/airflow_env/lib/python3.10/site-packages/airflow/example_dags/example_short_circuit_decorator.py
[2024-01-14T15:53:23.724+0200] {processor.py:840} INFO - DAG(s) 'example_short_circuit_decorator' retrieved from /home/mahmoud/airflow_env/lib/python3.10/site-packages/airflow/example_dags/example_short_circuit_decorator.py
[2024-01-14T15:53:23.743+0200] {logging_mixin.py:188} INFO - [2024-01-14T15:53:23.742+0200] {dag.py:3033} INFO - Sync 1 DAGs
[2024-01-14T15:53:23.762+0200] {logging_mixin.py:188} INFO - [2024-01-14T15:53:23.762+0200] {dag.py:3820} INFO - Setting next_dagrun for example_short_circuit_decorator to 2024-01-13T00:00:00+00:00, run_after=2024-01-14T00:00:00+00:00
[2024-01-14T15:53:23.782+0200] {processor.py:183} INFO - Processing /home/mahmoud/airflow_env/lib/python3.10/site-packages/airflow/example_dags/example_short_circuit_decorator.py took 0.075 seconds
[2024-01-14T15:54:07.822+0200] {processor.py:161} INFO - Started process (PID=29956) to work on /home/mahmoud/airflow_env/lib/python3.10/site-packages/airflow/example_dags/example_short_circuit_decorator.py
[2024-01-14T15:54:07.832+0200] {processor.py:830} INFO - Processing file /home/mahmoud/airflow_env/lib/python3.10/site-packages/airflow/example_dags/example_short_circuit_decorator.py for tasks to queue
[2024-01-14T15:54:07.839+0200] {logging_mixin.py:188} INFO - [2024-01-14T15:54:07.836+0200] {dagbag.py:538} INFO - Filling up the DagBag from /home/mahmoud/airflow_env/lib/python3.10/site-packages/airflow/example_dags/example_short_circuit_decorator.py
[2024-01-14T15:54:07.930+0200] {processor.py:840} INFO - DAG(s) 'example_short_circuit_decorator' retrieved from /home/mahmoud/airflow_env/lib/python3.10/site-packages/airflow/example_dags/example_short_circuit_decorator.py
[2024-01-14T15:54:08.080+0200] {logging_mixin.py:188} INFO - [2024-01-14T15:54:08.078+0200] {dag.py:3033} INFO - Sync 1 DAGs
[2024-01-14T15:54:08.249+0200] {logging_mixin.py:188} INFO - [2024-01-14T15:54:08.248+0200] {dag.py:3820} INFO - Setting next_dagrun for example_short_circuit_decorator to 2024-01-13T00:00:00+00:00, run_after=2024-01-14T00:00:00+00:00
[2024-01-14T15:54:08.407+0200] {processor.py:183} INFO - Processing /home/mahmoud/airflow_env/lib/python3.10/site-packages/airflow/example_dags/example_short_circuit_decorator.py took 0.612 seconds
[2024-01-14T15:55:20.670+0200] {processor.py:161} INFO - Started process (PID=30206) to work on /home/mahmoud/airflow_env/lib/python3.10/site-packages/airflow/example_dags/example_short_circuit_decorator.py
[2024-01-14T15:55:20.675+0200] {processor.py:830} INFO - Processing file /home/mahmoud/airflow_env/lib/python3.10/site-packages/airflow/example_dags/example_short_circuit_decorator.py for tasks to queue
[2024-01-14T15:55:20.678+0200] {logging_mixin.py:188} INFO - [2024-01-14T15:55:20.677+0200] {dagbag.py:538} INFO - Filling up the DagBag from /home/mahmoud/airflow_env/lib/python3.10/site-packages/airflow/example_dags/example_short_circuit_decorator.py
[2024-01-14T15:55:20.722+0200] {processor.py:840} INFO - DAG(s) 'example_short_circuit_decorator' retrieved from /home/mahmoud/airflow_env/lib/python3.10/site-packages/airflow/example_dags/example_short_circuit_decorator.py
[2024-01-14T15:55:20.798+0200] {logging_mixin.py:188} INFO - [2024-01-14T15:55:20.797+0200] {dag.py:3033} INFO - Sync 1 DAGs
[2024-01-14T15:55:20.885+0200] {logging_mixin.py:188} INFO - [2024-01-14T15:55:20.884+0200] {dag.py:3820} INFO - Setting next_dagrun for example_short_circuit_decorator to 2024-01-13T00:00:00+00:00, run_after=2024-01-14T00:00:00+00:00
[2024-01-14T15:55:20.977+0200] {processor.py:183} INFO - Processing /home/mahmoud/airflow_env/lib/python3.10/site-packages/airflow/example_dags/example_short_circuit_decorator.py took 0.321 seconds
[2024-01-14T15:56:21.571+0200] {processor.py:161} INFO - Started process (PID=30418) to work on /home/mahmoud/airflow_env/lib/python3.10/site-packages/airflow/example_dags/example_short_circuit_decorator.py
[2024-01-14T15:56:21.574+0200] {processor.py:830} INFO - Processing file /home/mahmoud/airflow_env/lib/python3.10/site-packages/airflow/example_dags/example_short_circuit_decorator.py for tasks to queue
[2024-01-14T15:56:21.577+0200] {logging_mixin.py:188} INFO - [2024-01-14T15:56:21.576+0200] {dagbag.py:538} INFO - Filling up the DagBag from /home/mahmoud/airflow_env/lib/python3.10/site-packages/airflow/example_dags/example_short_circuit_decorator.py
[2024-01-14T15:56:21.604+0200] {processor.py:840} INFO - DAG(s) 'example_short_circuit_decorator' retrieved from /home/mahmoud/airflow_env/lib/python3.10/site-packages/airflow/example_dags/example_short_circuit_decorator.py
[2024-01-14T15:56:21.651+0200] {logging_mixin.py:188} INFO - [2024-01-14T15:56:21.650+0200] {dag.py:3033} INFO - Sync 1 DAGs
[2024-01-14T15:56:21.704+0200] {logging_mixin.py:188} INFO - [2024-01-14T15:56:21.704+0200] {dag.py:3820} INFO - Setting next_dagrun for example_short_circuit_decorator to 2024-01-13T00:00:00+00:00, run_after=2024-01-14T00:00:00+00:00
[2024-01-14T15:56:21.757+0200] {processor.py:183} INFO - Processing /home/mahmoud/airflow_env/lib/python3.10/site-packages/airflow/example_dags/example_short_circuit_decorator.py took 0.195 seconds
[2024-01-14T15:57:19.362+0200] {processor.py:161} INFO - Started process (PID=30623) to work on /home/mahmoud/airflow_env/lib/python3.10/site-packages/airflow/example_dags/example_short_circuit_decorator.py
[2024-01-14T15:57:19.365+0200] {processor.py:830} INFO - Processing file /home/mahmoud/airflow_env/lib/python3.10/site-packages/airflow/example_dags/example_short_circuit_decorator.py for tasks to queue
[2024-01-14T15:57:19.367+0200] {logging_mixin.py:188} INFO - [2024-01-14T15:57:19.366+0200] {dagbag.py:538} INFO - Filling up the DagBag from /home/mahmoud/airflow_env/lib/python3.10/site-packages/airflow/example_dags/example_short_circuit_decorator.py
[2024-01-14T15:57:19.393+0200] {processor.py:840} INFO - DAG(s) 'example_short_circuit_decorator' retrieved from /home/mahmoud/airflow_env/lib/python3.10/site-packages/airflow/example_dags/example_short_circuit_decorator.py
[2024-01-14T15:57:19.440+0200] {logging_mixin.py:188} INFO - [2024-01-14T15:57:19.439+0200] {dag.py:3033} INFO - Sync 1 DAGs
[2024-01-14T15:57:19.492+0200] {logging_mixin.py:188} INFO - [2024-01-14T15:57:19.491+0200] {dag.py:3820} INFO - Setting next_dagrun for example_short_circuit_decorator to 2024-01-13T00:00:00+00:00, run_after=2024-01-14T00:00:00+00:00
[2024-01-14T15:57:19.546+0200] {processor.py:183} INFO - Processing /home/mahmoud/airflow_env/lib/python3.10/site-packages/airflow/example_dags/example_short_circuit_decorator.py took 0.193 seconds
