[2024-01-14T15:08:39.812+0200] {processor.py:161} INFO - Started process (PID=16218) to work on /home/mahmoud/airflow_env/lib/python3.10/site-packages/airflow/example_dags/example_latest_only_with_trigger.py
[2024-01-14T15:08:39.813+0200] {processor.py:830} INFO - Processing file /home/mahmoud/airflow_env/lib/python3.10/site-packages/airflow/example_dags/example_latest_only_with_trigger.py for tasks to queue
[2024-01-14T15:08:39.815+0200] {logging_mixin.py:188} INFO - [2024-01-14T15:08:39.814+0200] {dagbag.py:538} INFO - Filling up the DagBag from /home/mahmoud/airflow_env/lib/python3.10/site-packages/airflow/example_dags/example_latest_only_with_trigger.py
[2024-01-14T15:08:39.824+0200] {processor.py:840} INFO - DAG(s) 'latest_only_with_trigger' retrieved from /home/mahmoud/airflow_env/lib/python3.10/site-packages/airflow/example_dags/example_latest_only_with_trigger.py
[2024-01-14T15:08:39.915+0200] {logging_mixin.py:188} INFO - [2024-01-14T15:08:39.915+0200] {override.py:1769} INFO - Created Permission View: can edit on DAG:latest_only_with_trigger
[2024-01-14T15:08:39.929+0200] {logging_mixin.py:188} INFO - [2024-01-14T15:08:39.929+0200] {override.py:1769} INFO - Created Permission View: can delete on DAG:latest_only_with_trigger
[2024-01-14T15:08:39.939+0200] {logging_mixin.py:188} INFO - [2024-01-14T15:08:39.939+0200] {override.py:1769} INFO - Created Permission View: can read on DAG:latest_only_with_trigger
[2024-01-14T15:08:39.940+0200] {logging_mixin.py:188} INFO - [2024-01-14T15:08:39.940+0200] {dag.py:3033} INFO - Sync 1 DAGs
[2024-01-14T15:08:39.948+0200] {logging_mixin.py:188} INFO - [2024-01-14T15:08:39.948+0200] {dag.py:3055} INFO - Creating ORM DAG for latest_only_with_trigger
[2024-01-14T15:08:39.956+0200] {logging_mixin.py:188} INFO - [2024-01-14T15:08:39.956+0200] {dag.py:3820} INFO - Setting next_dagrun for latest_only_with_trigger to 2024-01-14T08:00:00+00:00, run_after=2024-01-14T12:00:00+00:00
[2024-01-14T15:08:39.980+0200] {processor.py:183} INFO - Processing /home/mahmoud/airflow_env/lib/python3.10/site-packages/airflow/example_dags/example_latest_only_with_trigger.py took 0.175 seconds
[2024-01-14T15:09:28.831+0200] {processor.py:161} INFO - Started process (PID=16541) to work on /home/mahmoud/airflow_env/lib/python3.10/site-packages/airflow/example_dags/example_latest_only_with_trigger.py
[2024-01-14T15:09:28.833+0200] {processor.py:830} INFO - Processing file /home/mahmoud/airflow_env/lib/python3.10/site-packages/airflow/example_dags/example_latest_only_with_trigger.py for tasks to queue
[2024-01-14T15:09:28.835+0200] {logging_mixin.py:188} INFO - [2024-01-14T15:09:28.834+0200] {dagbag.py:538} INFO - Filling up the DagBag from /home/mahmoud/airflow_env/lib/python3.10/site-packages/airflow/example_dags/example_latest_only_with_trigger.py
[2024-01-14T15:09:28.847+0200] {processor.py:840} INFO - DAG(s) 'latest_only_with_trigger' retrieved from /home/mahmoud/airflow_env/lib/python3.10/site-packages/airflow/example_dags/example_latest_only_with_trigger.py
[2024-01-14T15:09:28.869+0200] {logging_mixin.py:188} INFO - [2024-01-14T15:09:28.868+0200] {dag.py:3033} INFO - Sync 1 DAGs
[2024-01-14T15:09:28.888+0200] {logging_mixin.py:188} INFO - [2024-01-14T15:09:28.887+0200] {dag.py:3820} INFO - Setting next_dagrun for latest_only_with_trigger to 2024-01-14T08:00:00+00:00, run_after=2024-01-14T12:00:00+00:00
[2024-01-14T15:09:28.911+0200] {processor.py:183} INFO - Processing /home/mahmoud/airflow_env/lib/python3.10/site-packages/airflow/example_dags/example_latest_only_with_trigger.py took 0.085 seconds
[2024-01-14T15:10:26.616+0200] {processor.py:161} INFO - Started process (PID=16779) to work on /home/mahmoud/airflow_env/lib/python3.10/site-packages/airflow/example_dags/example_latest_only_with_trigger.py
[2024-01-14T15:10:26.619+0200] {processor.py:830} INFO - Processing file /home/mahmoud/airflow_env/lib/python3.10/site-packages/airflow/example_dags/example_latest_only_with_trigger.py for tasks to queue
[2024-01-14T15:10:26.621+0200] {logging_mixin.py:188} INFO - [2024-01-14T15:10:26.620+0200] {dagbag.py:538} INFO - Filling up the DagBag from /home/mahmoud/airflow_env/lib/python3.10/site-packages/airflow/example_dags/example_latest_only_with_trigger.py
[2024-01-14T15:10:26.631+0200] {processor.py:840} INFO - DAG(s) 'latest_only_with_trigger' retrieved from /home/mahmoud/airflow_env/lib/python3.10/site-packages/airflow/example_dags/example_latest_only_with_trigger.py
[2024-01-14T15:10:26.647+0200] {logging_mixin.py:188} INFO - [2024-01-14T15:10:26.647+0200] {dag.py:3033} INFO - Sync 1 DAGs
[2024-01-14T15:10:26.664+0200] {logging_mixin.py:188} INFO - [2024-01-14T15:10:26.664+0200] {dag.py:3820} INFO - Setting next_dagrun for latest_only_with_trigger to 2024-01-14T08:00:00+00:00, run_after=2024-01-14T12:00:00+00:00
[2024-01-14T15:10:26.686+0200] {processor.py:183} INFO - Processing /home/mahmoud/airflow_env/lib/python3.10/site-packages/airflow/example_dags/example_latest_only_with_trigger.py took 0.077 seconds
[2024-01-14T15:11:24.654+0200] {processor.py:161} INFO - Started process (PID=17008) to work on /home/mahmoud/airflow_env/lib/python3.10/site-packages/airflow/example_dags/example_latest_only_with_trigger.py
[2024-01-14T15:11:24.655+0200] {processor.py:830} INFO - Processing file /home/mahmoud/airflow_env/lib/python3.10/site-packages/airflow/example_dags/example_latest_only_with_trigger.py for tasks to queue
[2024-01-14T15:11:24.656+0200] {logging_mixin.py:188} INFO - [2024-01-14T15:11:24.655+0200] {dagbag.py:538} INFO - Filling up the DagBag from /home/mahmoud/airflow_env/lib/python3.10/site-packages/airflow/example_dags/example_latest_only_with_trigger.py
[2024-01-14T15:11:24.662+0200] {processor.py:840} INFO - DAG(s) 'latest_only_with_trigger' retrieved from /home/mahmoud/airflow_env/lib/python3.10/site-packages/airflow/example_dags/example_latest_only_with_trigger.py
[2024-01-14T15:11:24.677+0200] {logging_mixin.py:188} INFO - [2024-01-14T15:11:24.677+0200] {dag.py:3033} INFO - Sync 1 DAGs
[2024-01-14T15:11:24.695+0200] {logging_mixin.py:188} INFO - [2024-01-14T15:11:24.694+0200] {dag.py:3820} INFO - Setting next_dagrun for latest_only_with_trigger to 2024-01-14T08:00:00+00:00, run_after=2024-01-14T12:00:00+00:00
[2024-01-14T15:11:24.720+0200] {processor.py:183} INFO - Processing /home/mahmoud/airflow_env/lib/python3.10/site-packages/airflow/example_dags/example_latest_only_with_trigger.py took 0.070 seconds
[2024-01-14T15:12:19.209+0200] {processor.py:161} INFO - Started process (PID=17269) to work on /home/mahmoud/airflow_env/lib/python3.10/site-packages/airflow/example_dags/example_latest_only_with_trigger.py
[2024-01-14T15:12:19.212+0200] {processor.py:830} INFO - Processing file /home/mahmoud/airflow_env/lib/python3.10/site-packages/airflow/example_dags/example_latest_only_with_trigger.py for tasks to queue
[2024-01-14T15:12:19.214+0200] {logging_mixin.py:188} INFO - [2024-01-14T15:12:19.213+0200] {dagbag.py:538} INFO - Filling up the DagBag from /home/mahmoud/airflow_env/lib/python3.10/site-packages/airflow/example_dags/example_latest_only_with_trigger.py
[2024-01-14T15:12:19.224+0200] {processor.py:840} INFO - DAG(s) 'latest_only_with_trigger' retrieved from /home/mahmoud/airflow_env/lib/python3.10/site-packages/airflow/example_dags/example_latest_only_with_trigger.py
[2024-01-14T15:12:19.242+0200] {logging_mixin.py:188} INFO - [2024-01-14T15:12:19.242+0200] {dag.py:3033} INFO - Sync 1 DAGs
[2024-01-14T15:12:19.259+0200] {logging_mixin.py:188} INFO - [2024-01-14T15:12:19.259+0200] {dag.py:3820} INFO - Setting next_dagrun for latest_only_with_trigger to 2024-01-14T08:00:00+00:00, run_after=2024-01-14T12:00:00+00:00
[2024-01-14T15:12:19.280+0200] {processor.py:183} INFO - Processing /home/mahmoud/airflow_env/lib/python3.10/site-packages/airflow/example_dags/example_latest_only_with_trigger.py took 0.078 seconds
[2024-01-14T15:13:12.923+0200] {processor.py:161} INFO - Started process (PID=17506) to work on /home/mahmoud/airflow_env/lib/python3.10/site-packages/airflow/example_dags/example_latest_only_with_trigger.py
[2024-01-14T15:13:12.926+0200] {processor.py:830} INFO - Processing file /home/mahmoud/airflow_env/lib/python3.10/site-packages/airflow/example_dags/example_latest_only_with_trigger.py for tasks to queue
[2024-01-14T15:13:12.927+0200] {logging_mixin.py:188} INFO - [2024-01-14T15:13:12.926+0200] {dagbag.py:538} INFO - Filling up the DagBag from /home/mahmoud/airflow_env/lib/python3.10/site-packages/airflow/example_dags/example_latest_only_with_trigger.py
[2024-01-14T15:13:12.934+0200] {processor.py:840} INFO - DAG(s) 'latest_only_with_trigger' retrieved from /home/mahmoud/airflow_env/lib/python3.10/site-packages/airflow/example_dags/example_latest_only_with_trigger.py
[2024-01-14T15:13:12.951+0200] {logging_mixin.py:188} INFO - [2024-01-14T15:13:12.951+0200] {dag.py:3033} INFO - Sync 1 DAGs
[2024-01-14T15:13:12.969+0200] {logging_mixin.py:188} INFO - [2024-01-14T15:13:12.968+0200] {dag.py:3820} INFO - Setting next_dagrun for latest_only_with_trigger to 2024-01-14T08:00:00+00:00, run_after=2024-01-14T12:00:00+00:00
[2024-01-14T15:13:12.993+0200] {processor.py:183} INFO - Processing /home/mahmoud/airflow_env/lib/python3.10/site-packages/airflow/example_dags/example_latest_only_with_trigger.py took 0.076 seconds
[2024-01-14T15:20:26.895+0200] {processor.py:161} INFO - Started process (PID=19566) to work on /home/mahmoud/airflow_env/lib/python3.10/site-packages/airflow/example_dags/example_latest_only_with_trigger.py
[2024-01-14T15:20:26.897+0200] {processor.py:830} INFO - Processing file /home/mahmoud/airflow_env/lib/python3.10/site-packages/airflow/example_dags/example_latest_only_with_trigger.py for tasks to queue
[2024-01-14T15:20:26.898+0200] {logging_mixin.py:188} INFO - [2024-01-14T15:20:26.898+0200] {dagbag.py:538} INFO - Filling up the DagBag from /home/mahmoud/airflow_env/lib/python3.10/site-packages/airflow/example_dags/example_latest_only_with_trigger.py
[2024-01-14T15:20:26.905+0200] {processor.py:840} INFO - DAG(s) 'latest_only_with_trigger' retrieved from /home/mahmoud/airflow_env/lib/python3.10/site-packages/airflow/example_dags/example_latest_only_with_trigger.py
[2024-01-14T15:20:26.919+0200] {logging_mixin.py:188} INFO - [2024-01-14T15:20:26.918+0200] {dag.py:3033} INFO - Sync 1 DAGs
[2024-01-14T15:20:26.935+0200] {logging_mixin.py:188} INFO - [2024-01-14T15:20:26.935+0200] {dag.py:3820} INFO - Setting next_dagrun for latest_only_with_trigger to 2024-01-14T08:00:00+00:00, run_after=2024-01-14T12:00:00+00:00
[2024-01-14T15:20:26.958+0200] {processor.py:183} INFO - Processing /home/mahmoud/airflow_env/lib/python3.10/site-packages/airflow/example_dags/example_latest_only_with_trigger.py took 0.067 seconds
[2024-01-14T15:21:15.961+0200] {processor.py:161} INFO - Started process (PID=19759) to work on /home/mahmoud/airflow_env/lib/python3.10/site-packages/airflow/example_dags/example_latest_only_with_trigger.py
[2024-01-14T15:21:15.963+0200] {processor.py:830} INFO - Processing file /home/mahmoud/airflow_env/lib/python3.10/site-packages/airflow/example_dags/example_latest_only_with_trigger.py for tasks to queue
[2024-01-14T15:21:15.963+0200] {logging_mixin.py:188} INFO - [2024-01-14T15:21:15.963+0200] {dagbag.py:538} INFO - Filling up the DagBag from /home/mahmoud/airflow_env/lib/python3.10/site-packages/airflow/example_dags/example_latest_only_with_trigger.py
[2024-01-14T15:21:15.969+0200] {processor.py:840} INFO - DAG(s) 'latest_only_with_trigger' retrieved from /home/mahmoud/airflow_env/lib/python3.10/site-packages/airflow/example_dags/example_latest_only_with_trigger.py
[2024-01-14T15:21:15.983+0200] {logging_mixin.py:188} INFO - [2024-01-14T15:21:15.983+0200] {dag.py:3033} INFO - Sync 1 DAGs
[2024-01-14T15:21:16.000+0200] {logging_mixin.py:188} INFO - [2024-01-14T15:21:16.000+0200] {dag.py:3820} INFO - Setting next_dagrun for latest_only_with_trigger to 2024-01-14T08:00:00+00:00, run_after=2024-01-14T12:00:00+00:00
[2024-01-14T15:21:16.024+0200] {processor.py:183} INFO - Processing /home/mahmoud/airflow_env/lib/python3.10/site-packages/airflow/example_dags/example_latest_only_with_trigger.py took 0.066 seconds
[2024-01-14T15:22:12.731+0200] {processor.py:161} INFO - Started process (PID=19980) to work on /home/mahmoud/airflow_env/lib/python3.10/site-packages/airflow/example_dags/example_latest_only_with_trigger.py
[2024-01-14T15:22:12.733+0200] {processor.py:830} INFO - Processing file /home/mahmoud/airflow_env/lib/python3.10/site-packages/airflow/example_dags/example_latest_only_with_trigger.py for tasks to queue
[2024-01-14T15:22:12.735+0200] {logging_mixin.py:188} INFO - [2024-01-14T15:22:12.734+0200] {dagbag.py:538} INFO - Filling up the DagBag from /home/mahmoud/airflow_env/lib/python3.10/site-packages/airflow/example_dags/example_latest_only_with_trigger.py
[2024-01-14T15:22:12.745+0200] {processor.py:840} INFO - DAG(s) 'latest_only_with_trigger' retrieved from /home/mahmoud/airflow_env/lib/python3.10/site-packages/airflow/example_dags/example_latest_only_with_trigger.py
[2024-01-14T15:22:12.763+0200] {logging_mixin.py:188} INFO - [2024-01-14T15:22:12.763+0200] {dag.py:3033} INFO - Sync 1 DAGs
[2024-01-14T15:22:12.781+0200] {logging_mixin.py:188} INFO - [2024-01-14T15:22:12.781+0200] {dag.py:3820} INFO - Setting next_dagrun for latest_only_with_trigger to 2024-01-14T08:00:00+00:00, run_after=2024-01-14T12:00:00+00:00
[2024-01-14T15:22:12.804+0200] {processor.py:183} INFO - Processing /home/mahmoud/airflow_env/lib/python3.10/site-packages/airflow/example_dags/example_latest_only_with_trigger.py took 0.081 seconds
[2024-01-14T15:38:19.035+0200] {processor.py:161} INFO - Started process (PID=24683) to work on /home/mahmoud/airflow_env/lib/python3.10/site-packages/airflow/example_dags/example_latest_only_with_trigger.py
[2024-01-14T15:38:19.037+0200] {processor.py:830} INFO - Processing file /home/mahmoud/airflow_env/lib/python3.10/site-packages/airflow/example_dags/example_latest_only_with_trigger.py for tasks to queue
[2024-01-14T15:38:19.038+0200] {logging_mixin.py:188} INFO - [2024-01-14T15:38:19.038+0200] {dagbag.py:538} INFO - Filling up the DagBag from /home/mahmoud/airflow_env/lib/python3.10/site-packages/airflow/example_dags/example_latest_only_with_trigger.py
[2024-01-14T15:38:19.044+0200] {processor.py:840} INFO - DAG(s) 'latest_only_with_trigger' retrieved from /home/mahmoud/airflow_env/lib/python3.10/site-packages/airflow/example_dags/example_latest_only_with_trigger.py
[2024-01-14T15:38:19.058+0200] {logging_mixin.py:188} INFO - [2024-01-14T15:38:19.058+0200] {dag.py:3033} INFO - Sync 1 DAGs
[2024-01-14T15:38:19.074+0200] {logging_mixin.py:188} INFO - [2024-01-14T15:38:19.074+0200] {dag.py:3820} INFO - Setting next_dagrun for latest_only_with_trigger to 2024-01-14T08:00:00+00:00, run_after=2024-01-14T12:00:00+00:00
[2024-01-14T15:38:19.098+0200] {processor.py:183} INFO - Processing /home/mahmoud/airflow_env/lib/python3.10/site-packages/airflow/example_dags/example_latest_only_with_trigger.py took 0.066 seconds
[2024-01-14T15:39:07.236+0200] {processor.py:161} INFO - Started process (PID=25083) to work on /home/mahmoud/airflow_env/lib/python3.10/site-packages/airflow/example_dags/example_latest_only_with_trigger.py
[2024-01-14T15:39:07.237+0200] {processor.py:830} INFO - Processing file /home/mahmoud/airflow_env/lib/python3.10/site-packages/airflow/example_dags/example_latest_only_with_trigger.py for tasks to queue
[2024-01-14T15:39:07.238+0200] {logging_mixin.py:188} INFO - [2024-01-14T15:39:07.238+0200] {dagbag.py:538} INFO - Filling up the DagBag from /home/mahmoud/airflow_env/lib/python3.10/site-packages/airflow/example_dags/example_latest_only_with_trigger.py
[2024-01-14T15:39:07.244+0200] {processor.py:840} INFO - DAG(s) 'latest_only_with_trigger' retrieved from /home/mahmoud/airflow_env/lib/python3.10/site-packages/airflow/example_dags/example_latest_only_with_trigger.py
[2024-01-14T15:39:07.257+0200] {logging_mixin.py:188} INFO - [2024-01-14T15:39:07.257+0200] {dag.py:3033} INFO - Sync 1 DAGs
[2024-01-14T15:39:07.273+0200] {logging_mixin.py:188} INFO - [2024-01-14T15:39:07.273+0200] {dag.py:3820} INFO - Setting next_dagrun for latest_only_with_trigger to 2024-01-14T08:00:00+00:00, run_after=2024-01-14T12:00:00+00:00
[2024-01-14T15:39:07.293+0200] {processor.py:183} INFO - Processing /home/mahmoud/airflow_env/lib/python3.10/site-packages/airflow/example_dags/example_latest_only_with_trigger.py took 0.060 seconds
[2024-01-14T15:39:56.666+0200] {processor.py:161} INFO - Started process (PID=25280) to work on /home/mahmoud/airflow_env/lib/python3.10/site-packages/airflow/example_dags/example_latest_only_with_trigger.py
[2024-01-14T15:39:56.669+0200] {processor.py:830} INFO - Processing file /home/mahmoud/airflow_env/lib/python3.10/site-packages/airflow/example_dags/example_latest_only_with_trigger.py for tasks to queue
[2024-01-14T15:39:56.670+0200] {logging_mixin.py:188} INFO - [2024-01-14T15:39:56.669+0200] {dagbag.py:538} INFO - Filling up the DagBag from /home/mahmoud/airflow_env/lib/python3.10/site-packages/airflow/example_dags/example_latest_only_with_trigger.py
[2024-01-14T15:39:56.677+0200] {processor.py:840} INFO - DAG(s) 'latest_only_with_trigger' retrieved from /home/mahmoud/airflow_env/lib/python3.10/site-packages/airflow/example_dags/example_latest_only_with_trigger.py
[2024-01-14T15:39:56.691+0200] {logging_mixin.py:188} INFO - [2024-01-14T15:39:56.691+0200] {dag.py:3033} INFO - Sync 1 DAGs
[2024-01-14T15:39:56.709+0200] {logging_mixin.py:188} INFO - [2024-01-14T15:39:56.709+0200] {dag.py:3820} INFO - Setting next_dagrun for latest_only_with_trigger to 2024-01-14T08:00:00+00:00, run_after=2024-01-14T12:00:00+00:00
[2024-01-14T15:39:56.731+0200] {processor.py:183} INFO - Processing /home/mahmoud/airflow_env/lib/python3.10/site-packages/airflow/example_dags/example_latest_only_with_trigger.py took 0.068 seconds
[2024-01-14T15:40:54.018+0200] {processor.py:161} INFO - Started process (PID=25505) to work on /home/mahmoud/airflow_env/lib/python3.10/site-packages/airflow/example_dags/example_latest_only_with_trigger.py
[2024-01-14T15:40:54.019+0200] {processor.py:830} INFO - Processing file /home/mahmoud/airflow_env/lib/python3.10/site-packages/airflow/example_dags/example_latest_only_with_trigger.py for tasks to queue
[2024-01-14T15:40:54.020+0200] {logging_mixin.py:188} INFO - [2024-01-14T15:40:54.020+0200] {dagbag.py:538} INFO - Filling up the DagBag from /home/mahmoud/airflow_env/lib/python3.10/site-packages/airflow/example_dags/example_latest_only_with_trigger.py
[2024-01-14T15:40:54.026+0200] {processor.py:840} INFO - DAG(s) 'latest_only_with_trigger' retrieved from /home/mahmoud/airflow_env/lib/python3.10/site-packages/airflow/example_dags/example_latest_only_with_trigger.py
[2024-01-14T15:40:54.041+0200] {logging_mixin.py:188} INFO - [2024-01-14T15:40:54.041+0200] {dag.py:3033} INFO - Sync 1 DAGs
[2024-01-14T15:40:54.059+0200] {logging_mixin.py:188} INFO - [2024-01-14T15:40:54.059+0200] {dag.py:3820} INFO - Setting next_dagrun for latest_only_with_trigger to 2024-01-14T08:00:00+00:00, run_after=2024-01-14T12:00:00+00:00
[2024-01-14T15:40:54.083+0200] {processor.py:183} INFO - Processing /home/mahmoud/airflow_env/lib/python3.10/site-packages/airflow/example_dags/example_latest_only_with_trigger.py took 0.069 seconds
[2024-01-14T15:41:44.718+0200] {processor.py:161} INFO - Started process (PID=25771) to work on /home/mahmoud/airflow_env/lib/python3.10/site-packages/airflow/example_dags/example_latest_only_with_trigger.py
[2024-01-14T15:41:44.721+0200] {processor.py:830} INFO - Processing file /home/mahmoud/airflow_env/lib/python3.10/site-packages/airflow/example_dags/example_latest_only_with_trigger.py for tasks to queue
[2024-01-14T15:41:44.724+0200] {logging_mixin.py:188} INFO - [2024-01-14T15:41:44.723+0200] {dagbag.py:538} INFO - Filling up the DagBag from /home/mahmoud/airflow_env/lib/python3.10/site-packages/airflow/example_dags/example_latest_only_with_trigger.py
[2024-01-14T15:41:44.732+0200] {processor.py:840} INFO - DAG(s) 'latest_only_with_trigger' retrieved from /home/mahmoud/airflow_env/lib/python3.10/site-packages/airflow/example_dags/example_latest_only_with_trigger.py
[2024-01-14T15:41:44.748+0200] {logging_mixin.py:188} INFO - [2024-01-14T15:41:44.748+0200] {dag.py:3033} INFO - Sync 1 DAGs
[2024-01-14T15:41:44.767+0200] {logging_mixin.py:188} INFO - [2024-01-14T15:41:44.767+0200] {dag.py:3820} INFO - Setting next_dagrun for latest_only_with_trigger to 2024-01-14T08:00:00+00:00, run_after=2024-01-14T12:00:00+00:00
[2024-01-14T15:41:44.792+0200] {processor.py:183} INFO - Processing /home/mahmoud/airflow_env/lib/python3.10/site-packages/airflow/example_dags/example_latest_only_with_trigger.py took 0.079 seconds
[2024-01-14T15:42:44.551+0200] {processor.py:161} INFO - Started process (PID=26191) to work on /home/mahmoud/airflow_env/lib/python3.10/site-packages/airflow/example_dags/example_latest_only_with_trigger.py
[2024-01-14T15:42:44.553+0200] {processor.py:830} INFO - Processing file /home/mahmoud/airflow_env/lib/python3.10/site-packages/airflow/example_dags/example_latest_only_with_trigger.py for tasks to queue
[2024-01-14T15:42:44.554+0200] {logging_mixin.py:188} INFO - [2024-01-14T15:42:44.554+0200] {dagbag.py:538} INFO - Filling up the DagBag from /home/mahmoud/airflow_env/lib/python3.10/site-packages/airflow/example_dags/example_latest_only_with_trigger.py
[2024-01-14T15:42:44.562+0200] {processor.py:840} INFO - DAG(s) 'latest_only_with_trigger' retrieved from /home/mahmoud/airflow_env/lib/python3.10/site-packages/airflow/example_dags/example_latest_only_with_trigger.py
[2024-01-14T15:42:44.578+0200] {logging_mixin.py:188} INFO - [2024-01-14T15:42:44.578+0200] {dag.py:3033} INFO - Sync 1 DAGs
[2024-01-14T15:42:44.596+0200] {logging_mixin.py:188} INFO - [2024-01-14T15:42:44.596+0200] {dag.py:3820} INFO - Setting next_dagrun for latest_only_with_trigger to 2024-01-14T08:00:00+00:00, run_after=2024-01-14T12:00:00+00:00
[2024-01-14T15:42:44.617+0200] {processor.py:183} INFO - Processing /home/mahmoud/airflow_env/lib/python3.10/site-packages/airflow/example_dags/example_latest_only_with_trigger.py took 0.070 seconds
[2024-01-14T15:43:52.218+0200] {processor.py:161} INFO - Started process (PID=26835) to work on /home/mahmoud/airflow_env/lib/python3.10/site-packages/airflow/example_dags/example_latest_only_with_trigger.py
[2024-01-14T15:43:52.220+0200] {processor.py:830} INFO - Processing file /home/mahmoud/airflow_env/lib/python3.10/site-packages/airflow/example_dags/example_latest_only_with_trigger.py for tasks to queue
[2024-01-14T15:43:52.221+0200] {logging_mixin.py:188} INFO - [2024-01-14T15:43:52.221+0200] {dagbag.py:538} INFO - Filling up the DagBag from /home/mahmoud/airflow_env/lib/python3.10/site-packages/airflow/example_dags/example_latest_only_with_trigger.py
[2024-01-14T15:43:52.229+0200] {processor.py:840} INFO - DAG(s) 'latest_only_with_trigger' retrieved from /home/mahmoud/airflow_env/lib/python3.10/site-packages/airflow/example_dags/example_latest_only_with_trigger.py
[2024-01-14T15:43:52.245+0200] {logging_mixin.py:188} INFO - [2024-01-14T15:43:52.244+0200] {dag.py:3033} INFO - Sync 1 DAGs
[2024-01-14T15:43:52.262+0200] {logging_mixin.py:188} INFO - [2024-01-14T15:43:52.262+0200] {dag.py:3820} INFO - Setting next_dagrun for latest_only_with_trigger to 2024-01-14T08:00:00+00:00, run_after=2024-01-14T12:00:00+00:00
[2024-01-14T15:43:52.280+0200] {processor.py:183} INFO - Processing /home/mahmoud/airflow_env/lib/python3.10/site-packages/airflow/example_dags/example_latest_only_with_trigger.py took 0.065 seconds
[2024-01-14T15:45:05.702+0200] {processor.py:161} INFO - Started process (PID=27688) to work on /home/mahmoud/airflow_env/lib/python3.10/site-packages/airflow/example_dags/example_latest_only_with_trigger.py
[2024-01-14T15:45:05.704+0200] {processor.py:830} INFO - Processing file /home/mahmoud/airflow_env/lib/python3.10/site-packages/airflow/example_dags/example_latest_only_with_trigger.py for tasks to queue
[2024-01-14T15:45:05.705+0200] {logging_mixin.py:188} INFO - [2024-01-14T15:45:05.704+0200] {dagbag.py:538} INFO - Filling up the DagBag from /home/mahmoud/airflow_env/lib/python3.10/site-packages/airflow/example_dags/example_latest_only_with_trigger.py
[2024-01-14T15:45:05.711+0200] {processor.py:840} INFO - DAG(s) 'latest_only_with_trigger' retrieved from /home/mahmoud/airflow_env/lib/python3.10/site-packages/airflow/example_dags/example_latest_only_with_trigger.py
[2024-01-14T15:45:05.727+0200] {logging_mixin.py:188} INFO - [2024-01-14T15:45:05.726+0200] {dag.py:3033} INFO - Sync 1 DAGs
[2024-01-14T15:45:05.744+0200] {logging_mixin.py:188} INFO - [2024-01-14T15:45:05.744+0200] {dag.py:3820} INFO - Setting next_dagrun for latest_only_with_trigger to 2024-01-14T08:00:00+00:00, run_after=2024-01-14T12:00:00+00:00
[2024-01-14T15:45:05.767+0200] {processor.py:183} INFO - Processing /home/mahmoud/airflow_env/lib/python3.10/site-packages/airflow/example_dags/example_latest_only_with_trigger.py took 0.068 seconds
[2024-01-14T15:45:57.227+0200] {processor.py:161} INFO - Started process (PID=27907) to work on /home/mahmoud/airflow_env/lib/python3.10/site-packages/airflow/example_dags/example_latest_only_with_trigger.py
[2024-01-14T15:45:57.229+0200] {processor.py:830} INFO - Processing file /home/mahmoud/airflow_env/lib/python3.10/site-packages/airflow/example_dags/example_latest_only_with_trigger.py for tasks to queue
[2024-01-14T15:45:57.230+0200] {logging_mixin.py:188} INFO - [2024-01-14T15:45:57.229+0200] {dagbag.py:538} INFO - Filling up the DagBag from /home/mahmoud/airflow_env/lib/python3.10/site-packages/airflow/example_dags/example_latest_only_with_trigger.py
[2024-01-14T15:45:57.234+0200] {processor.py:840} INFO - DAG(s) 'latest_only_with_trigger' retrieved from /home/mahmoud/airflow_env/lib/python3.10/site-packages/airflow/example_dags/example_latest_only_with_trigger.py
[2024-01-14T15:45:57.262+0200] {logging_mixin.py:188} INFO - [2024-01-14T15:45:57.262+0200] {dag.py:3033} INFO - Sync 1 DAGs
[2024-01-14T15:45:57.278+0200] {logging_mixin.py:188} INFO - [2024-01-14T15:45:57.278+0200] {dag.py:3820} INFO - Setting next_dagrun for latest_only_with_trigger to 2024-01-14T08:00:00+00:00, run_after=2024-01-14T12:00:00+00:00
[2024-01-14T15:45:57.298+0200] {processor.py:183} INFO - Processing /home/mahmoud/airflow_env/lib/python3.10/site-packages/airflow/example_dags/example_latest_only_with_trigger.py took 0.074 seconds
[2024-01-14T15:46:51.472+0200] {processor.py:161} INFO - Started process (PID=28125) to work on /home/mahmoud/airflow_env/lib/python3.10/site-packages/airflow/example_dags/example_latest_only_with_trigger.py
[2024-01-14T15:46:51.474+0200] {processor.py:830} INFO - Processing file /home/mahmoud/airflow_env/lib/python3.10/site-packages/airflow/example_dags/example_latest_only_with_trigger.py for tasks to queue
[2024-01-14T15:46:51.476+0200] {logging_mixin.py:188} INFO - [2024-01-14T15:46:51.475+0200] {dagbag.py:538} INFO - Filling up the DagBag from /home/mahmoud/airflow_env/lib/python3.10/site-packages/airflow/example_dags/example_latest_only_with_trigger.py
[2024-01-14T15:46:51.482+0200] {processor.py:840} INFO - DAG(s) 'latest_only_with_trigger' retrieved from /home/mahmoud/airflow_env/lib/python3.10/site-packages/airflow/example_dags/example_latest_only_with_trigger.py
[2024-01-14T15:46:51.497+0200] {logging_mixin.py:188} INFO - [2024-01-14T15:46:51.496+0200] {dag.py:3033} INFO - Sync 1 DAGs
[2024-01-14T15:46:51.516+0200] {logging_mixin.py:188} INFO - [2024-01-14T15:46:51.515+0200] {dag.py:3820} INFO - Setting next_dagrun for latest_only_with_trigger to 2024-01-14T08:00:00+00:00, run_after=2024-01-14T12:00:00+00:00
[2024-01-14T15:46:51.537+0200] {processor.py:183} INFO - Processing /home/mahmoud/airflow_env/lib/python3.10/site-packages/airflow/example_dags/example_latest_only_with_trigger.py took 0.068 seconds
[2024-01-14T15:47:44.186+0200] {processor.py:161} INFO - Started process (PID=28423) to work on /home/mahmoud/airflow_env/lib/python3.10/site-packages/airflow/example_dags/example_latest_only_with_trigger.py
[2024-01-14T15:47:44.188+0200] {processor.py:830} INFO - Processing file /home/mahmoud/airflow_env/lib/python3.10/site-packages/airflow/example_dags/example_latest_only_with_trigger.py for tasks to queue
[2024-01-14T15:47:44.189+0200] {logging_mixin.py:188} INFO - [2024-01-14T15:47:44.189+0200] {dagbag.py:538} INFO - Filling up the DagBag from /home/mahmoud/airflow_env/lib/python3.10/site-packages/airflow/example_dags/example_latest_only_with_trigger.py
[2024-01-14T15:47:44.196+0200] {processor.py:840} INFO - DAG(s) 'latest_only_with_trigger' retrieved from /home/mahmoud/airflow_env/lib/python3.10/site-packages/airflow/example_dags/example_latest_only_with_trigger.py
[2024-01-14T15:47:44.210+0200] {logging_mixin.py:188} INFO - [2024-01-14T15:47:44.210+0200] {dag.py:3033} INFO - Sync 1 DAGs
[2024-01-14T15:47:44.228+0200] {logging_mixin.py:188} INFO - [2024-01-14T15:47:44.228+0200] {dag.py:3820} INFO - Setting next_dagrun for latest_only_with_trigger to 2024-01-14T08:00:00+00:00, run_after=2024-01-14T12:00:00+00:00
[2024-01-14T15:47:44.253+0200] {processor.py:183} INFO - Processing /home/mahmoud/airflow_env/lib/python3.10/site-packages/airflow/example_dags/example_latest_only_with_trigger.py took 0.071 seconds
[2024-01-14T15:48:37.313+0200] {processor.py:161} INFO - Started process (PID=28633) to work on /home/mahmoud/airflow_env/lib/python3.10/site-packages/airflow/example_dags/example_latest_only_with_trigger.py
[2024-01-14T15:48:37.314+0200] {processor.py:830} INFO - Processing file /home/mahmoud/airflow_env/lib/python3.10/site-packages/airflow/example_dags/example_latest_only_with_trigger.py for tasks to queue
[2024-01-14T15:48:37.315+0200] {logging_mixin.py:188} INFO - [2024-01-14T15:48:37.315+0200] {dagbag.py:538} INFO - Filling up the DagBag from /home/mahmoud/airflow_env/lib/python3.10/site-packages/airflow/example_dags/example_latest_only_with_trigger.py
[2024-01-14T15:48:37.323+0200] {processor.py:840} INFO - DAG(s) 'latest_only_with_trigger' retrieved from /home/mahmoud/airflow_env/lib/python3.10/site-packages/airflow/example_dags/example_latest_only_with_trigger.py
[2024-01-14T15:48:37.340+0200] {logging_mixin.py:188} INFO - [2024-01-14T15:48:37.340+0200] {dag.py:3033} INFO - Sync 1 DAGs
[2024-01-14T15:48:37.357+0200] {logging_mixin.py:188} INFO - [2024-01-14T15:48:37.357+0200] {dag.py:3820} INFO - Setting next_dagrun for latest_only_with_trigger to 2024-01-14T08:00:00+00:00, run_after=2024-01-14T12:00:00+00:00
[2024-01-14T15:48:37.380+0200] {processor.py:183} INFO - Processing /home/mahmoud/airflow_env/lib/python3.10/site-packages/airflow/example_dags/example_latest_only_with_trigger.py took 0.071 seconds
[2024-01-14T15:49:32.790+0200] {processor.py:161} INFO - Started process (PID=28851) to work on /home/mahmoud/airflow_env/lib/python3.10/site-packages/airflow/example_dags/example_latest_only_with_trigger.py
[2024-01-14T15:49:32.792+0200] {processor.py:830} INFO - Processing file /home/mahmoud/airflow_env/lib/python3.10/site-packages/airflow/example_dags/example_latest_only_with_trigger.py for tasks to queue
[2024-01-14T15:49:32.793+0200] {logging_mixin.py:188} INFO - [2024-01-14T15:49:32.793+0200] {dagbag.py:538} INFO - Filling up the DagBag from /home/mahmoud/airflow_env/lib/python3.10/site-packages/airflow/example_dags/example_latest_only_with_trigger.py
[2024-01-14T15:49:32.799+0200] {processor.py:840} INFO - DAG(s) 'latest_only_with_trigger' retrieved from /home/mahmoud/airflow_env/lib/python3.10/site-packages/airflow/example_dags/example_latest_only_with_trigger.py
[2024-01-14T15:49:32.814+0200] {logging_mixin.py:188} INFO - [2024-01-14T15:49:32.814+0200] {dag.py:3033} INFO - Sync 1 DAGs
[2024-01-14T15:49:32.831+0200] {logging_mixin.py:188} INFO - [2024-01-14T15:49:32.831+0200] {dag.py:3820} INFO - Setting next_dagrun for latest_only_with_trigger to 2024-01-14T08:00:00+00:00, run_after=2024-01-14T12:00:00+00:00
[2024-01-14T15:49:32.852+0200] {processor.py:183} INFO - Processing /home/mahmoud/airflow_env/lib/python3.10/site-packages/airflow/example_dags/example_latest_only_with_trigger.py took 0.066 seconds
[2024-01-14T15:50:23.082+0200] {processor.py:161} INFO - Started process (PID=29049) to work on /home/mahmoud/airflow_env/lib/python3.10/site-packages/airflow/example_dags/example_latest_only_with_trigger.py
[2024-01-14T15:50:23.083+0200] {processor.py:830} INFO - Processing file /home/mahmoud/airflow_env/lib/python3.10/site-packages/airflow/example_dags/example_latest_only_with_trigger.py for tasks to queue
[2024-01-14T15:50:23.084+0200] {logging_mixin.py:188} INFO - [2024-01-14T15:50:23.084+0200] {dagbag.py:538} INFO - Filling up the DagBag from /home/mahmoud/airflow_env/lib/python3.10/site-packages/airflow/example_dags/example_latest_only_with_trigger.py
[2024-01-14T15:50:23.091+0200] {processor.py:840} INFO - DAG(s) 'latest_only_with_trigger' retrieved from /home/mahmoud/airflow_env/lib/python3.10/site-packages/airflow/example_dags/example_latest_only_with_trigger.py
[2024-01-14T15:50:23.105+0200] {logging_mixin.py:188} INFO - [2024-01-14T15:50:23.105+0200] {dag.py:3033} INFO - Sync 1 DAGs
[2024-01-14T15:50:23.123+0200] {logging_mixin.py:188} INFO - [2024-01-14T15:50:23.123+0200] {dag.py:3820} INFO - Setting next_dagrun for latest_only_with_trigger to 2024-01-14T08:00:00+00:00, run_after=2024-01-14T12:00:00+00:00
[2024-01-14T15:50:23.151+0200] {processor.py:183} INFO - Processing /home/mahmoud/airflow_env/lib/python3.10/site-packages/airflow/example_dags/example_latest_only_with_trigger.py took 0.073 seconds
[2024-01-14T15:51:15.024+0200] {processor.py:161} INFO - Started process (PID=29256) to work on /home/mahmoud/airflow_env/lib/python3.10/site-packages/airflow/example_dags/example_latest_only_with_trigger.py
[2024-01-14T15:51:15.026+0200] {processor.py:830} INFO - Processing file /home/mahmoud/airflow_env/lib/python3.10/site-packages/airflow/example_dags/example_latest_only_with_trigger.py for tasks to queue
[2024-01-14T15:51:15.027+0200] {logging_mixin.py:188} INFO - [2024-01-14T15:51:15.027+0200] {dagbag.py:538} INFO - Filling up the DagBag from /home/mahmoud/airflow_env/lib/python3.10/site-packages/airflow/example_dags/example_latest_only_with_trigger.py
[2024-01-14T15:51:15.032+0200] {processor.py:840} INFO - DAG(s) 'latest_only_with_trigger' retrieved from /home/mahmoud/airflow_env/lib/python3.10/site-packages/airflow/example_dags/example_latest_only_with_trigger.py
[2024-01-14T15:51:15.044+0200] {logging_mixin.py:188} INFO - [2024-01-14T15:51:15.044+0200] {dag.py:3033} INFO - Sync 1 DAGs
[2024-01-14T15:51:15.059+0200] {logging_mixin.py:188} INFO - [2024-01-14T15:51:15.059+0200] {dag.py:3820} INFO - Setting next_dagrun for latest_only_with_trigger to 2024-01-14T08:00:00+00:00, run_after=2024-01-14T12:00:00+00:00
[2024-01-14T15:51:15.082+0200] {processor.py:183} INFO - Processing /home/mahmoud/airflow_env/lib/python3.10/site-packages/airflow/example_dags/example_latest_only_with_trigger.py took 0.061 seconds
[2024-01-14T15:52:07.778+0200] {processor.py:161} INFO - Started process (PID=29464) to work on /home/mahmoud/airflow_env/lib/python3.10/site-packages/airflow/example_dags/example_latest_only_with_trigger.py
[2024-01-14T15:52:07.780+0200] {processor.py:830} INFO - Processing file /home/mahmoud/airflow_env/lib/python3.10/site-packages/airflow/example_dags/example_latest_only_with_trigger.py for tasks to queue
[2024-01-14T15:52:07.781+0200] {logging_mixin.py:188} INFO - [2024-01-14T15:52:07.780+0200] {dagbag.py:538} INFO - Filling up the DagBag from /home/mahmoud/airflow_env/lib/python3.10/site-packages/airflow/example_dags/example_latest_only_with_trigger.py
[2024-01-14T15:52:07.786+0200] {processor.py:840} INFO - DAG(s) 'latest_only_with_trigger' retrieved from /home/mahmoud/airflow_env/lib/python3.10/site-packages/airflow/example_dags/example_latest_only_with_trigger.py
[2024-01-14T15:52:07.801+0200] {logging_mixin.py:188} INFO - [2024-01-14T15:52:07.801+0200] {dag.py:3033} INFO - Sync 1 DAGs
[2024-01-14T15:52:07.819+0200] {logging_mixin.py:188} INFO - [2024-01-14T15:52:07.819+0200] {dag.py:3820} INFO - Setting next_dagrun for latest_only_with_trigger to 2024-01-14T08:00:00+00:00, run_after=2024-01-14T12:00:00+00:00
[2024-01-14T15:52:07.840+0200] {processor.py:183} INFO - Processing /home/mahmoud/airflow_env/lib/python3.10/site-packages/airflow/example_dags/example_latest_only_with_trigger.py took 0.064 seconds
[2024-01-14T15:52:57.666+0200] {processor.py:161} INFO - Started process (PID=29694) to work on /home/mahmoud/airflow_env/lib/python3.10/site-packages/airflow/example_dags/example_latest_only_with_trigger.py
[2024-01-14T15:52:57.668+0200] {processor.py:830} INFO - Processing file /home/mahmoud/airflow_env/lib/python3.10/site-packages/airflow/example_dags/example_latest_only_with_trigger.py for tasks to queue
[2024-01-14T15:52:57.669+0200] {logging_mixin.py:188} INFO - [2024-01-14T15:52:57.668+0200] {dagbag.py:538} INFO - Filling up the DagBag from /home/mahmoud/airflow_env/lib/python3.10/site-packages/airflow/example_dags/example_latest_only_with_trigger.py
[2024-01-14T15:52:57.675+0200] {processor.py:840} INFO - DAG(s) 'latest_only_with_trigger' retrieved from /home/mahmoud/airflow_env/lib/python3.10/site-packages/airflow/example_dags/example_latest_only_with_trigger.py
[2024-01-14T15:52:57.689+0200] {logging_mixin.py:188} INFO - [2024-01-14T15:52:57.689+0200] {dag.py:3033} INFO - Sync 1 DAGs
[2024-01-14T15:52:57.706+0200] {logging_mixin.py:188} INFO - [2024-01-14T15:52:57.706+0200] {dag.py:3820} INFO - Setting next_dagrun for latest_only_with_trigger to 2024-01-14T08:00:00+00:00, run_after=2024-01-14T12:00:00+00:00
[2024-01-14T15:52:57.728+0200] {processor.py:183} INFO - Processing /home/mahmoud/airflow_env/lib/python3.10/site-packages/airflow/example_dags/example_latest_only_with_trigger.py took 0.064 seconds
[2024-01-14T15:53:51.776+0200] {processor.py:161} INFO - Started process (PID=29907) to work on /home/mahmoud/airflow_env/lib/python3.10/site-packages/airflow/example_dags/example_latest_only_with_trigger.py
[2024-01-14T15:53:51.779+0200] {processor.py:830} INFO - Processing file /home/mahmoud/airflow_env/lib/python3.10/site-packages/airflow/example_dags/example_latest_only_with_trigger.py for tasks to queue
[2024-01-14T15:53:51.781+0200] {logging_mixin.py:188} INFO - [2024-01-14T15:53:51.781+0200] {dagbag.py:538} INFO - Filling up the DagBag from /home/mahmoud/airflow_env/lib/python3.10/site-packages/airflow/example_dags/example_latest_only_with_trigger.py
[2024-01-14T15:53:51.797+0200] {processor.py:840} INFO - DAG(s) 'latest_only_with_trigger' retrieved from /home/mahmoud/airflow_env/lib/python3.10/site-packages/airflow/example_dags/example_latest_only_with_trigger.py
[2024-01-14T15:53:51.832+0200] {logging_mixin.py:188} INFO - [2024-01-14T15:53:51.831+0200] {dag.py:3033} INFO - Sync 1 DAGs
[2024-01-14T15:53:51.878+0200] {logging_mixin.py:188} INFO - [2024-01-14T15:53:51.877+0200] {dag.py:3820} INFO - Setting next_dagrun for latest_only_with_trigger to 2024-01-14T08:00:00+00:00, run_after=2024-01-14T12:00:00+00:00
[2024-01-14T15:53:51.930+0200] {processor.py:183} INFO - Processing /home/mahmoud/airflow_env/lib/python3.10/site-packages/airflow/example_dags/example_latest_only_with_trigger.py took 0.161 seconds
[2024-01-14T15:54:54.211+0200] {processor.py:161} INFO - Started process (PID=30115) to work on /home/mahmoud/airflow_env/lib/python3.10/site-packages/airflow/example_dags/example_latest_only_with_trigger.py
[2024-01-14T15:54:54.216+0200] {processor.py:830} INFO - Processing file /home/mahmoud/airflow_env/lib/python3.10/site-packages/airflow/example_dags/example_latest_only_with_trigger.py for tasks to queue
[2024-01-14T15:54:54.224+0200] {logging_mixin.py:188} INFO - [2024-01-14T15:54:54.220+0200] {dagbag.py:538} INFO - Filling up the DagBag from /home/mahmoud/airflow_env/lib/python3.10/site-packages/airflow/example_dags/example_latest_only_with_trigger.py
[2024-01-14T15:54:54.260+0200] {processor.py:840} INFO - DAG(s) 'latest_only_with_trigger' retrieved from /home/mahmoud/airflow_env/lib/python3.10/site-packages/airflow/example_dags/example_latest_only_with_trigger.py
[2024-01-14T15:54:54.376+0200] {logging_mixin.py:188} INFO - [2024-01-14T15:54:54.375+0200] {dag.py:3033} INFO - Sync 1 DAGs
[2024-01-14T15:54:54.531+0200] {logging_mixin.py:188} INFO - [2024-01-14T15:54:54.530+0200] {dag.py:3820} INFO - Setting next_dagrun for latest_only_with_trigger to 2024-01-14T08:00:00+00:00, run_after=2024-01-14T12:00:00+00:00
[2024-01-14T15:54:54.683+0200] {processor.py:183} INFO - Processing /home/mahmoud/airflow_env/lib/python3.10/site-packages/airflow/example_dags/example_latest_only_with_trigger.py took 0.494 seconds
[2024-01-14T15:56:01.088+0200] {processor.py:161} INFO - Started process (PID=30348) to work on /home/mahmoud/airflow_env/lib/python3.10/site-packages/airflow/example_dags/example_latest_only_with_trigger.py
[2024-01-14T15:56:01.093+0200] {processor.py:830} INFO - Processing file /home/mahmoud/airflow_env/lib/python3.10/site-packages/airflow/example_dags/example_latest_only_with_trigger.py for tasks to queue
[2024-01-14T15:56:01.096+0200] {logging_mixin.py:188} INFO - [2024-01-14T15:56:01.095+0200] {dagbag.py:538} INFO - Filling up the DagBag from /home/mahmoud/airflow_env/lib/python3.10/site-packages/airflow/example_dags/example_latest_only_with_trigger.py
[2024-01-14T15:56:01.120+0200] {processor.py:840} INFO - DAG(s) 'latest_only_with_trigger' retrieved from /home/mahmoud/airflow_env/lib/python3.10/site-packages/airflow/example_dags/example_latest_only_with_trigger.py
[2024-01-14T15:56:01.182+0200] {logging_mixin.py:188} INFO - [2024-01-14T15:56:01.181+0200] {dag.py:3033} INFO - Sync 1 DAGs
[2024-01-14T15:56:01.256+0200] {logging_mixin.py:188} INFO - [2024-01-14T15:56:01.255+0200] {dag.py:3820} INFO - Setting next_dagrun for latest_only_with_trigger to 2024-01-14T08:00:00+00:00, run_after=2024-01-14T12:00:00+00:00
[2024-01-14T15:56:01.329+0200] {processor.py:183} INFO - Processing /home/mahmoud/airflow_env/lib/python3.10/site-packages/airflow/example_dags/example_latest_only_with_trigger.py took 0.253 seconds
[2024-01-14T15:56:59.110+0200] {processor.py:161} INFO - Started process (PID=30553) to work on /home/mahmoud/airflow_env/lib/python3.10/site-packages/airflow/example_dags/example_latest_only_with_trigger.py
[2024-01-14T15:56:59.113+0200] {processor.py:830} INFO - Processing file /home/mahmoud/airflow_env/lib/python3.10/site-packages/airflow/example_dags/example_latest_only_with_trigger.py for tasks to queue
[2024-01-14T15:56:59.117+0200] {logging_mixin.py:188} INFO - [2024-01-14T15:56:59.115+0200] {dagbag.py:538} INFO - Filling up the DagBag from /home/mahmoud/airflow_env/lib/python3.10/site-packages/airflow/example_dags/example_latest_only_with_trigger.py
[2024-01-14T15:56:59.142+0200] {processor.py:840} INFO - DAG(s) 'latest_only_with_trigger' retrieved from /home/mahmoud/airflow_env/lib/python3.10/site-packages/airflow/example_dags/example_latest_only_with_trigger.py
[2024-01-14T15:56:59.199+0200] {logging_mixin.py:188} INFO - [2024-01-14T15:56:59.199+0200] {dag.py:3033} INFO - Sync 1 DAGs
[2024-01-14T15:56:59.274+0200] {logging_mixin.py:188} INFO - [2024-01-14T15:56:59.273+0200] {dag.py:3820} INFO - Setting next_dagrun for latest_only_with_trigger to 2024-01-14T08:00:00+00:00, run_after=2024-01-14T12:00:00+00:00
[2024-01-14T15:56:59.346+0200] {processor.py:183} INFO - Processing /home/mahmoud/airflow_env/lib/python3.10/site-packages/airflow/example_dags/example_latest_only_with_trigger.py took 0.248 seconds
[2024-01-14T15:57:52.006+0200] {processor.py:161} INFO - Started process (PID=30772) to work on /home/mahmoud/airflow_env/lib/python3.10/site-packages/airflow/example_dags/example_latest_only_with_trigger.py
[2024-01-14T15:57:52.008+0200] {processor.py:830} INFO - Processing file /home/mahmoud/airflow_env/lib/python3.10/site-packages/airflow/example_dags/example_latest_only_with_trigger.py for tasks to queue
[2024-01-14T15:57:52.009+0200] {logging_mixin.py:188} INFO - [2024-01-14T15:57:52.009+0200] {dagbag.py:538} INFO - Filling up the DagBag from /home/mahmoud/airflow_env/lib/python3.10/site-packages/airflow/example_dags/example_latest_only_with_trigger.py
[2024-01-14T15:57:52.018+0200] {processor.py:840} INFO - DAG(s) 'latest_only_with_trigger' retrieved from /home/mahmoud/airflow_env/lib/python3.10/site-packages/airflow/example_dags/example_latest_only_with_trigger.py
[2024-01-14T15:57:52.034+0200] {logging_mixin.py:188} INFO - [2024-01-14T15:57:52.034+0200] {dag.py:3033} INFO - Sync 1 DAGs
[2024-01-14T15:57:52.052+0200] {logging_mixin.py:188} INFO - [2024-01-14T15:57:52.052+0200] {dag.py:3820} INFO - Setting next_dagrun for latest_only_with_trigger to 2024-01-14T08:00:00+00:00, run_after=2024-01-14T12:00:00+00:00
[2024-01-14T15:57:52.075+0200] {processor.py:183} INFO - Processing /home/mahmoud/airflow_env/lib/python3.10/site-packages/airflow/example_dags/example_latest_only_with_trigger.py took 0.075 seconds
