[2024-01-14T14:40:33.372+0200] {processor.py:161} INFO - Started process (PID=9714) to work on /home/mahmoud/airflow_env/lib/python3.10/site-packages/airflow/example_dags/example_sla_dag.py
[2024-01-14T14:40:33.373+0200] {processor.py:830} INFO - Processing file /home/mahmoud/airflow_env/lib/python3.10/site-packages/airflow/example_dags/example_sla_dag.py for tasks to queue
[2024-01-14T14:40:33.374+0200] {logging_mixin.py:188} INFO - [2024-01-14T14:40:33.373+0200] {dagbag.py:538} INFO - Filling up the DagBag from /home/mahmoud/airflow_env/lib/python3.10/site-packages/airflow/example_dags/example_sla_dag.py
[2024-01-14T14:40:33.386+0200] {processor.py:840} INFO - DAG(s) 'example_sla_dag' retrieved from /home/mahmoud/airflow_env/lib/python3.10/site-packages/airflow/example_dags/example_sla_dag.py
[2024-01-14T14:40:33.563+0200] {logging_mixin.py:188} INFO - [2024-01-14T14:40:33.562+0200] {override.py:1769} INFO - Created Permission View: can edit on DAG:example_sla_dag
[2024-01-14T14:40:33.576+0200] {logging_mixin.py:188} INFO - [2024-01-14T14:40:33.575+0200] {override.py:1769} INFO - Created Permission View: can read on DAG:example_sla_dag
[2024-01-14T14:40:33.587+0200] {logging_mixin.py:188} INFO - [2024-01-14T14:40:33.586+0200] {override.py:1769} INFO - Created Permission View: can delete on DAG:example_sla_dag
[2024-01-14T14:40:33.587+0200] {logging_mixin.py:188} INFO - [2024-01-14T14:40:33.587+0200] {dag.py:3033} INFO - Sync 1 DAGs
[2024-01-14T14:40:33.596+0200] {logging_mixin.py:188} INFO - [2024-01-14T14:40:33.596+0200] {dag.py:3055} INFO - Creating ORM DAG for example_sla_dag
[2024-01-14T14:40:33.604+0200] {logging_mixin.py:188} INFO - [2024-01-14T14:40:33.603+0200] {dag.py:3820} INFO - Setting next_dagrun for example_sla_dag to 2024-01-14T12:38:00+00:00, run_after=2024-01-14T12:40:00+00:00
[2024-01-14T14:40:33.621+0200] {processor.py:183} INFO - Processing /home/mahmoud/airflow_env/lib/python3.10/site-packages/airflow/example_dags/example_sla_dag.py took 0.253 seconds
[2024-01-14T15:08:10.633+0200] {processor.py:161} INFO - Started process (PID=16076) to work on /home/mahmoud/airflow_env/lib/python3.10/site-packages/airflow/example_dags/example_sla_dag.py
[2024-01-14T15:08:10.635+0200] {processor.py:830} INFO - Processing file /home/mahmoud/airflow_env/lib/python3.10/site-packages/airflow/example_dags/example_sla_dag.py for tasks to queue
[2024-01-14T15:08:10.636+0200] {logging_mixin.py:188} INFO - [2024-01-14T15:08:10.635+0200] {dagbag.py:538} INFO - Filling up the DagBag from /home/mahmoud/airflow_env/lib/python3.10/site-packages/airflow/example_dags/example_sla_dag.py
[2024-01-14T15:08:10.645+0200] {processor.py:840} INFO - DAG(s) 'example_sla_dag' retrieved from /home/mahmoud/airflow_env/lib/python3.10/site-packages/airflow/example_dags/example_sla_dag.py
[2024-01-14T15:08:10.659+0200] {logging_mixin.py:188} INFO - [2024-01-14T15:08:10.658+0200] {dag.py:3033} INFO - Sync 1 DAGs
[2024-01-14T15:08:10.677+0200] {logging_mixin.py:188} INFO - [2024-01-14T15:08:10.677+0200] {dag.py:3820} INFO - Setting next_dagrun for example_sla_dag to 2024-01-14T13:06:00+00:00, run_after=2024-01-14T13:08:00+00:00
[2024-01-14T15:08:10.764+0200] {processor.py:183} INFO - Processing /home/mahmoud/airflow_env/lib/python3.10/site-packages/airflow/example_dags/example_sla_dag.py took 0.134 seconds
[2024-01-14T15:09:03.196+0200] {processor.py:161} INFO - Started process (PID=16350) to work on /home/mahmoud/airflow_env/lib/python3.10/site-packages/airflow/example_dags/example_sla_dag.py
[2024-01-14T15:09:03.199+0200] {processor.py:830} INFO - Processing file /home/mahmoud/airflow_env/lib/python3.10/site-packages/airflow/example_dags/example_sla_dag.py for tasks to queue
[2024-01-14T15:09:03.200+0200] {logging_mixin.py:188} INFO - [2024-01-14T15:09:03.199+0200] {dagbag.py:538} INFO - Filling up the DagBag from /home/mahmoud/airflow_env/lib/python3.10/site-packages/airflow/example_dags/example_sla_dag.py
[2024-01-14T15:09:03.209+0200] {processor.py:840} INFO - DAG(s) 'example_sla_dag' retrieved from /home/mahmoud/airflow_env/lib/python3.10/site-packages/airflow/example_dags/example_sla_dag.py
[2024-01-14T15:09:03.222+0200] {logging_mixin.py:188} INFO - [2024-01-14T15:09:03.222+0200] {dag.py:3033} INFO - Sync 1 DAGs
[2024-01-14T15:09:03.242+0200] {logging_mixin.py:188} INFO - [2024-01-14T15:09:03.242+0200] {dag.py:3820} INFO - Setting next_dagrun for example_sla_dag to 2024-01-14T13:06:00+00:00, run_after=2024-01-14T13:08:00+00:00
[2024-01-14T15:09:03.263+0200] {processor.py:183} INFO - Processing /home/mahmoud/airflow_env/lib/python3.10/site-packages/airflow/example_dags/example_sla_dag.py took 0.071 seconds
[2024-01-14T15:09:44.894+0200] {processor.py:161} INFO - Started process (PID=16608) to work on /home/mahmoud/airflow_env/lib/python3.10/site-packages/airflow/example_dags/example_sla_dag.py
[2024-01-14T15:09:44.897+0200] {processor.py:830} INFO - Processing file /home/mahmoud/airflow_env/lib/python3.10/site-packages/airflow/example_dags/example_sla_dag.py for tasks to queue
[2024-01-14T15:09:44.898+0200] {logging_mixin.py:188} INFO - [2024-01-14T15:09:44.898+0200] {dagbag.py:538} INFO - Filling up the DagBag from /home/mahmoud/airflow_env/lib/python3.10/site-packages/airflow/example_dags/example_sla_dag.py
[2024-01-14T15:09:44.909+0200] {processor.py:840} INFO - DAG(s) 'example_sla_dag' retrieved from /home/mahmoud/airflow_env/lib/python3.10/site-packages/airflow/example_dags/example_sla_dag.py
[2024-01-14T15:09:44.921+0200] {logging_mixin.py:188} INFO - [2024-01-14T15:09:44.921+0200] {dag.py:3033} INFO - Sync 1 DAGs
[2024-01-14T15:09:44.942+0200] {logging_mixin.py:188} INFO - [2024-01-14T15:09:44.941+0200] {dag.py:3820} INFO - Setting next_dagrun for example_sla_dag to 2024-01-14T13:06:00+00:00, run_after=2024-01-14T13:08:00+00:00
[2024-01-14T15:09:44.965+0200] {processor.py:183} INFO - Processing /home/mahmoud/airflow_env/lib/python3.10/site-packages/airflow/example_dags/example_sla_dag.py took 0.076 seconds
[2024-01-14T15:10:23.558+0200] {processor.py:161} INFO - Started process (PID=16770) to work on /home/mahmoud/airflow_env/lib/python3.10/site-packages/airflow/example_dags/example_sla_dag.py
[2024-01-14T15:10:23.559+0200] {processor.py:830} INFO - Processing file /home/mahmoud/airflow_env/lib/python3.10/site-packages/airflow/example_dags/example_sla_dag.py for tasks to queue
[2024-01-14T15:10:23.560+0200] {logging_mixin.py:188} INFO - [2024-01-14T15:10:23.559+0200] {dagbag.py:538} INFO - Filling up the DagBag from /home/mahmoud/airflow_env/lib/python3.10/site-packages/airflow/example_dags/example_sla_dag.py
[2024-01-14T15:10:23.568+0200] {processor.py:840} INFO - DAG(s) 'example_sla_dag' retrieved from /home/mahmoud/airflow_env/lib/python3.10/site-packages/airflow/example_dags/example_sla_dag.py
[2024-01-14T15:10:23.581+0200] {logging_mixin.py:188} INFO - [2024-01-14T15:10:23.581+0200] {dag.py:3033} INFO - Sync 1 DAGs
[2024-01-14T15:10:23.602+0200] {logging_mixin.py:188} INFO - [2024-01-14T15:10:23.601+0200] {dag.py:3820} INFO - Setting next_dagrun for example_sla_dag to 2024-01-14T13:08:00+00:00, run_after=2024-01-14T13:10:00+00:00
[2024-01-14T15:10:23.625+0200] {processor.py:183} INFO - Processing /home/mahmoud/airflow_env/lib/python3.10/site-packages/airflow/example_dags/example_sla_dag.py took 0.069 seconds
[2024-01-14T15:11:03.127+0200] {processor.py:161} INFO - Started process (PID=16926) to work on /home/mahmoud/airflow_env/lib/python3.10/site-packages/airflow/example_dags/example_sla_dag.py
[2024-01-14T15:11:03.128+0200] {processor.py:830} INFO - Processing file /home/mahmoud/airflow_env/lib/python3.10/site-packages/airflow/example_dags/example_sla_dag.py for tasks to queue
[2024-01-14T15:11:03.129+0200] {logging_mixin.py:188} INFO - [2024-01-14T15:11:03.129+0200] {dagbag.py:538} INFO - Filling up the DagBag from /home/mahmoud/airflow_env/lib/python3.10/site-packages/airflow/example_dags/example_sla_dag.py
[2024-01-14T15:11:03.138+0200] {processor.py:840} INFO - DAG(s) 'example_sla_dag' retrieved from /home/mahmoud/airflow_env/lib/python3.10/site-packages/airflow/example_dags/example_sla_dag.py
[2024-01-14T15:11:03.152+0200] {logging_mixin.py:188} INFO - [2024-01-14T15:11:03.152+0200] {dag.py:3033} INFO - Sync 1 DAGs
[2024-01-14T15:11:03.174+0200] {logging_mixin.py:188} INFO - [2024-01-14T15:11:03.174+0200] {dag.py:3820} INFO - Setting next_dagrun for example_sla_dag to 2024-01-14T13:08:00+00:00, run_after=2024-01-14T13:10:00+00:00
[2024-01-14T15:11:03.199+0200] {processor.py:183} INFO - Processing /home/mahmoud/airflow_env/lib/python3.10/site-packages/airflow/example_dags/example_sla_dag.py took 0.076 seconds
[2024-01-14T15:11:41.194+0200] {processor.py:161} INFO - Started process (PID=17074) to work on /home/mahmoud/airflow_env/lib/python3.10/site-packages/airflow/example_dags/example_sla_dag.py
[2024-01-14T15:11:41.195+0200] {processor.py:830} INFO - Processing file /home/mahmoud/airflow_env/lib/python3.10/site-packages/airflow/example_dags/example_sla_dag.py for tasks to queue
[2024-01-14T15:11:41.195+0200] {logging_mixin.py:188} INFO - [2024-01-14T15:11:41.195+0200] {dagbag.py:538} INFO - Filling up the DagBag from /home/mahmoud/airflow_env/lib/python3.10/site-packages/airflow/example_dags/example_sla_dag.py
[2024-01-14T15:11:41.203+0200] {processor.py:840} INFO - DAG(s) 'example_sla_dag' retrieved from /home/mahmoud/airflow_env/lib/python3.10/site-packages/airflow/example_dags/example_sla_dag.py
[2024-01-14T15:11:41.215+0200] {logging_mixin.py:188} INFO - [2024-01-14T15:11:41.215+0200] {dag.py:3033} INFO - Sync 1 DAGs
[2024-01-14T15:11:41.234+0200] {logging_mixin.py:188} INFO - [2024-01-14T15:11:41.234+0200] {dag.py:3820} INFO - Setting next_dagrun for example_sla_dag to 2024-01-14T13:08:00+00:00, run_after=2024-01-14T13:10:00+00:00
[2024-01-14T15:11:41.260+0200] {processor.py:183} INFO - Processing /home/mahmoud/airflow_env/lib/python3.10/site-packages/airflow/example_dags/example_sla_dag.py took 0.069 seconds
[2024-01-14T15:12:27.657+0200] {processor.py:161} INFO - Started process (PID=17301) to work on /home/mahmoud/airflow_env/lib/python3.10/site-packages/airflow/example_dags/example_sla_dag.py
[2024-01-14T15:12:27.659+0200] {processor.py:830} INFO - Processing file /home/mahmoud/airflow_env/lib/python3.10/site-packages/airflow/example_dags/example_sla_dag.py for tasks to queue
[2024-01-14T15:12:27.661+0200] {logging_mixin.py:188} INFO - [2024-01-14T15:12:27.660+0200] {dagbag.py:538} INFO - Filling up the DagBag from /home/mahmoud/airflow_env/lib/python3.10/site-packages/airflow/example_dags/example_sla_dag.py
[2024-01-14T15:12:27.671+0200] {processor.py:840} INFO - DAG(s) 'example_sla_dag' retrieved from /home/mahmoud/airflow_env/lib/python3.10/site-packages/airflow/example_dags/example_sla_dag.py
[2024-01-14T15:12:27.685+0200] {logging_mixin.py:188} INFO - [2024-01-14T15:12:27.685+0200] {dag.py:3033} INFO - Sync 1 DAGs
[2024-01-14T15:12:27.704+0200] {logging_mixin.py:188} INFO - [2024-01-14T15:12:27.704+0200] {dag.py:3820} INFO - Setting next_dagrun for example_sla_dag to 2024-01-14T13:10:00+00:00, run_after=2024-01-14T13:12:00+00:00
[2024-01-14T15:12:27.726+0200] {processor.py:183} INFO - Processing /home/mahmoud/airflow_env/lib/python3.10/site-packages/airflow/example_dags/example_sla_dag.py took 0.074 seconds
[2024-01-14T15:13:05.855+0200] {processor.py:161} INFO - Started process (PID=17475) to work on /home/mahmoud/airflow_env/lib/python3.10/site-packages/airflow/example_dags/example_sla_dag.py
[2024-01-14T15:13:05.857+0200] {processor.py:830} INFO - Processing file /home/mahmoud/airflow_env/lib/python3.10/site-packages/airflow/example_dags/example_sla_dag.py for tasks to queue
[2024-01-14T15:13:05.859+0200] {logging_mixin.py:188} INFO - [2024-01-14T15:13:05.858+0200] {dagbag.py:538} INFO - Filling up the DagBag from /home/mahmoud/airflow_env/lib/python3.10/site-packages/airflow/example_dags/example_sla_dag.py
[2024-01-14T15:13:05.872+0200] {processor.py:840} INFO - DAG(s) 'example_sla_dag' retrieved from /home/mahmoud/airflow_env/lib/python3.10/site-packages/airflow/example_dags/example_sla_dag.py
[2024-01-14T15:13:05.888+0200] {logging_mixin.py:188} INFO - [2024-01-14T15:13:05.888+0200] {dag.py:3033} INFO - Sync 1 DAGs
[2024-01-14T15:13:05.908+0200] {logging_mixin.py:188} INFO - [2024-01-14T15:13:05.908+0200] {dag.py:3820} INFO - Setting next_dagrun for example_sla_dag to 2024-01-14T13:10:00+00:00, run_after=2024-01-14T13:12:00+00:00
[2024-01-14T15:13:05.930+0200] {processor.py:183} INFO - Processing /home/mahmoud/airflow_env/lib/python3.10/site-packages/airflow/example_dags/example_sla_dag.py took 0.082 seconds
[2024-01-14T15:13:42.256+0200] {processor.py:161} INFO - Started process (PID=17621) to work on /home/mahmoud/airflow_env/lib/python3.10/site-packages/airflow/example_dags/example_sla_dag.py
[2024-01-14T15:13:42.258+0200] {processor.py:830} INFO - Processing file /home/mahmoud/airflow_env/lib/python3.10/site-packages/airflow/example_dags/example_sla_dag.py for tasks to queue
[2024-01-14T15:13:42.258+0200] {logging_mixin.py:188} INFO - [2024-01-14T15:13:42.258+0200] {dagbag.py:538} INFO - Filling up the DagBag from /home/mahmoud/airflow_env/lib/python3.10/site-packages/airflow/example_dags/example_sla_dag.py
[2024-01-14T15:13:42.266+0200] {processor.py:840} INFO - DAG(s) 'example_sla_dag' retrieved from /home/mahmoud/airflow_env/lib/python3.10/site-packages/airflow/example_dags/example_sla_dag.py
[2024-01-14T15:13:42.279+0200] {logging_mixin.py:188} INFO - [2024-01-14T15:13:42.279+0200] {dag.py:3033} INFO - Sync 1 DAGs
[2024-01-14T15:13:42.298+0200] {logging_mixin.py:188} INFO - [2024-01-14T15:13:42.297+0200] {dag.py:3820} INFO - Setting next_dagrun for example_sla_dag to 2024-01-14T13:10:00+00:00, run_after=2024-01-14T13:12:00+00:00
[2024-01-14T15:13:42.322+0200] {processor.py:183} INFO - Processing /home/mahmoud/airflow_env/lib/python3.10/site-packages/airflow/example_dags/example_sla_dag.py took 0.070 seconds
[2024-01-14T15:19:56.300+0200] {processor.py:161} INFO - Started process (PID=19450) to work on /home/mahmoud/airflow_env/lib/python3.10/site-packages/airflow/example_dags/example_sla_dag.py
[2024-01-14T15:19:56.303+0200] {processor.py:830} INFO - Processing file /home/mahmoud/airflow_env/lib/python3.10/site-packages/airflow/example_dags/example_sla_dag.py for tasks to queue
[2024-01-14T15:19:56.305+0200] {logging_mixin.py:188} INFO - [2024-01-14T15:19:56.304+0200] {dagbag.py:538} INFO - Filling up the DagBag from /home/mahmoud/airflow_env/lib/python3.10/site-packages/airflow/example_dags/example_sla_dag.py
[2024-01-14T15:19:56.320+0200] {processor.py:840} INFO - DAG(s) 'example_sla_dag' retrieved from /home/mahmoud/airflow_env/lib/python3.10/site-packages/airflow/example_dags/example_sla_dag.py
[2024-01-14T15:19:56.336+0200] {logging_mixin.py:188} INFO - [2024-01-14T15:19:56.336+0200] {dag.py:3033} INFO - Sync 1 DAGs
[2024-01-14T15:19:56.356+0200] {logging_mixin.py:188} INFO - [2024-01-14T15:19:56.355+0200] {dag.py:3820} INFO - Setting next_dagrun for example_sla_dag to 2024-01-14T13:16:00+00:00, run_after=2024-01-14T13:18:00+00:00
[2024-01-14T15:19:56.452+0200] {processor.py:183} INFO - Processing /home/mahmoud/airflow_env/lib/python3.10/site-packages/airflow/example_dags/example_sla_dag.py took 0.158 seconds
[2024-01-14T15:20:49.173+0200] {processor.py:161} INFO - Started process (PID=19655) to work on /home/mahmoud/airflow_env/lib/python3.10/site-packages/airflow/example_dags/example_sla_dag.py
[2024-01-14T15:20:49.176+0200] {processor.py:830} INFO - Processing file /home/mahmoud/airflow_env/lib/python3.10/site-packages/airflow/example_dags/example_sla_dag.py for tasks to queue
[2024-01-14T15:20:49.177+0200] {logging_mixin.py:188} INFO - [2024-01-14T15:20:49.177+0200] {dagbag.py:538} INFO - Filling up the DagBag from /home/mahmoud/airflow_env/lib/python3.10/site-packages/airflow/example_dags/example_sla_dag.py
[2024-01-14T15:20:49.187+0200] {processor.py:840} INFO - DAG(s) 'example_sla_dag' retrieved from /home/mahmoud/airflow_env/lib/python3.10/site-packages/airflow/example_dags/example_sla_dag.py
[2024-01-14T15:20:49.200+0200] {logging_mixin.py:188} INFO - [2024-01-14T15:20:49.200+0200] {dag.py:3033} INFO - Sync 1 DAGs
[2024-01-14T15:20:49.225+0200] {logging_mixin.py:188} INFO - [2024-01-14T15:20:49.224+0200] {dag.py:3820} INFO - Setting next_dagrun for example_sla_dag to 2024-01-14T13:18:00+00:00, run_after=2024-01-14T13:20:00+00:00
[2024-01-14T15:20:49.248+0200] {processor.py:183} INFO - Processing /home/mahmoud/airflow_env/lib/python3.10/site-packages/airflow/example_dags/example_sla_dag.py took 0.079 seconds
[2024-01-14T15:21:30.403+0200] {processor.py:161} INFO - Started process (PID=19816) to work on /home/mahmoud/airflow_env/lib/python3.10/site-packages/airflow/example_dags/example_sla_dag.py
[2024-01-14T15:21:30.405+0200] {processor.py:830} INFO - Processing file /home/mahmoud/airflow_env/lib/python3.10/site-packages/airflow/example_dags/example_sla_dag.py for tasks to queue
[2024-01-14T15:21:30.406+0200] {logging_mixin.py:188} INFO - [2024-01-14T15:21:30.405+0200] {dagbag.py:538} INFO - Filling up the DagBag from /home/mahmoud/airflow_env/lib/python3.10/site-packages/airflow/example_dags/example_sla_dag.py
[2024-01-14T15:21:30.416+0200] {processor.py:840} INFO - DAG(s) 'example_sla_dag' retrieved from /home/mahmoud/airflow_env/lib/python3.10/site-packages/airflow/example_dags/example_sla_dag.py
[2024-01-14T15:21:30.431+0200] {logging_mixin.py:188} INFO - [2024-01-14T15:21:30.431+0200] {dag.py:3033} INFO - Sync 1 DAGs
[2024-01-14T15:21:30.450+0200] {logging_mixin.py:188} INFO - [2024-01-14T15:21:30.450+0200] {dag.py:3820} INFO - Setting next_dagrun for example_sla_dag to 2024-01-14T13:18:00+00:00, run_after=2024-01-14T13:20:00+00:00
[2024-01-14T15:21:30.471+0200] {processor.py:183} INFO - Processing /home/mahmoud/airflow_env/lib/python3.10/site-packages/airflow/example_dags/example_sla_dag.py took 0.072 seconds
[2024-01-14T15:22:07.965+0200] {processor.py:161} INFO - Started process (PID=19963) to work on /home/mahmoud/airflow_env/lib/python3.10/site-packages/airflow/example_dags/example_sla_dag.py
[2024-01-14T15:22:07.968+0200] {processor.py:830} INFO - Processing file /home/mahmoud/airflow_env/lib/python3.10/site-packages/airflow/example_dags/example_sla_dag.py for tasks to queue
[2024-01-14T15:22:07.969+0200] {logging_mixin.py:188} INFO - [2024-01-14T15:22:07.968+0200] {dagbag.py:538} INFO - Filling up the DagBag from /home/mahmoud/airflow_env/lib/python3.10/site-packages/airflow/example_dags/example_sla_dag.py
[2024-01-14T15:22:07.980+0200] {processor.py:840} INFO - DAG(s) 'example_sla_dag' retrieved from /home/mahmoud/airflow_env/lib/python3.10/site-packages/airflow/example_dags/example_sla_dag.py
[2024-01-14T15:22:07.994+0200] {logging_mixin.py:188} INFO - [2024-01-14T15:22:07.994+0200] {dag.py:3033} INFO - Sync 1 DAGs
[2024-01-14T15:22:08.014+0200] {logging_mixin.py:188} INFO - [2024-01-14T15:22:08.014+0200] {dag.py:3820} INFO - Setting next_dagrun for example_sla_dag to 2024-01-14T13:20:00+00:00, run_after=2024-01-14T13:22:00+00:00
[2024-01-14T15:22:08.035+0200] {processor.py:183} INFO - Processing /home/mahmoud/airflow_env/lib/python3.10/site-packages/airflow/example_dags/example_sla_dag.py took 0.073 seconds
[2024-01-14T15:23:27.671+0200] {processor.py:161} INFO - Started process (PID=20413) to work on /home/mahmoud/airflow_env/lib/python3.10/site-packages/airflow/example_dags/example_sla_dag.py
[2024-01-14T15:23:27.675+0200] {processor.py:830} INFO - Processing file /home/mahmoud/airflow_env/lib/python3.10/site-packages/airflow/example_dags/example_sla_dag.py for tasks to queue
[2024-01-14T15:23:27.676+0200] {logging_mixin.py:188} INFO - [2024-01-14T15:23:27.676+0200] {dagbag.py:538} INFO - Filling up the DagBag from /home/mahmoud/airflow_env/lib/python3.10/site-packages/airflow/example_dags/example_sla_dag.py
[2024-01-14T15:23:27.692+0200] {processor.py:840} INFO - DAG(s) 'example_sla_dag' retrieved from /home/mahmoud/airflow_env/lib/python3.10/site-packages/airflow/example_dags/example_sla_dag.py
[2024-01-14T15:23:27.709+0200] {logging_mixin.py:188} INFO - [2024-01-14T15:23:27.709+0200] {dag.py:3033} INFO - Sync 1 DAGs
[2024-01-14T15:23:27.728+0200] {logging_mixin.py:188} INFO - [2024-01-14T15:23:27.728+0200] {dag.py:3820} INFO - Setting next_dagrun for example_sla_dag to 2024-01-14T13:20:00+00:00, run_after=2024-01-14T13:22:00+00:00
[2024-01-14T15:23:27.828+0200] {processor.py:183} INFO - Processing /home/mahmoud/airflow_env/lib/python3.10/site-packages/airflow/example_dags/example_sla_dag.py took 0.164 seconds
[2024-01-14T15:37:48.694+0200] {processor.py:161} INFO - Started process (PID=24439) to work on /home/mahmoud/airflow_env/lib/python3.10/site-packages/airflow/example_dags/example_sla_dag.py
[2024-01-14T15:37:48.696+0200] {processor.py:830} INFO - Processing file /home/mahmoud/airflow_env/lib/python3.10/site-packages/airflow/example_dags/example_sla_dag.py for tasks to queue
[2024-01-14T15:37:48.697+0200] {logging_mixin.py:188} INFO - [2024-01-14T15:37:48.697+0200] {dagbag.py:538} INFO - Filling up the DagBag from /home/mahmoud/airflow_env/lib/python3.10/site-packages/airflow/example_dags/example_sla_dag.py
[2024-01-14T15:37:48.710+0200] {processor.py:840} INFO - DAG(s) 'example_sla_dag' retrieved from /home/mahmoud/airflow_env/lib/python3.10/site-packages/airflow/example_dags/example_sla_dag.py
[2024-01-14T15:37:48.726+0200] {logging_mixin.py:188} INFO - [2024-01-14T15:37:48.725+0200] {dag.py:3033} INFO - Sync 1 DAGs
[2024-01-14T15:37:48.746+0200] {logging_mixin.py:188} INFO - [2024-01-14T15:37:48.746+0200] {dag.py:3820} INFO - Setting next_dagrun for example_sla_dag to 2024-01-14T13:34:00+00:00, run_after=2024-01-14T13:36:00+00:00
[2024-01-14T15:37:48.847+0200] {processor.py:183} INFO - Processing /home/mahmoud/airflow_env/lib/python3.10/site-packages/airflow/example_dags/example_sla_dag.py took 0.158 seconds
[2024-01-14T15:38:41.140+0200] {processor.py:161} INFO - Started process (PID=24848) to work on /home/mahmoud/airflow_env/lib/python3.10/site-packages/airflow/example_dags/example_sla_dag.py
[2024-01-14T15:38:41.143+0200] {processor.py:830} INFO - Processing file /home/mahmoud/airflow_env/lib/python3.10/site-packages/airflow/example_dags/example_sla_dag.py for tasks to queue
[2024-01-14T15:38:41.145+0200] {logging_mixin.py:188} INFO - [2024-01-14T15:38:41.144+0200] {dagbag.py:538} INFO - Filling up the DagBag from /home/mahmoud/airflow_env/lib/python3.10/site-packages/airflow/example_dags/example_sla_dag.py
[2024-01-14T15:38:41.155+0200] {processor.py:840} INFO - DAG(s) 'example_sla_dag' retrieved from /home/mahmoud/airflow_env/lib/python3.10/site-packages/airflow/example_dags/example_sla_dag.py
[2024-01-14T15:38:41.166+0200] {logging_mixin.py:188} INFO - [2024-01-14T15:38:41.166+0200] {dag.py:3033} INFO - Sync 1 DAGs
[2024-01-14T15:38:41.188+0200] {logging_mixin.py:188} INFO - [2024-01-14T15:38:41.188+0200] {dag.py:3820} INFO - Setting next_dagrun for example_sla_dag to 2024-01-14T13:36:00+00:00, run_after=2024-01-14T13:38:00+00:00
[2024-01-14T15:38:41.211+0200] {processor.py:183} INFO - Processing /home/mahmoud/airflow_env/lib/python3.10/site-packages/airflow/example_dags/example_sla_dag.py took 0.075 seconds
[2024-01-14T15:39:19.948+0200] {processor.py:161} INFO - Started process (PID=25132) to work on /home/mahmoud/airflow_env/lib/python3.10/site-packages/airflow/example_dags/example_sla_dag.py
[2024-01-14T15:39:19.950+0200] {processor.py:830} INFO - Processing file /home/mahmoud/airflow_env/lib/python3.10/site-packages/airflow/example_dags/example_sla_dag.py for tasks to queue
[2024-01-14T15:39:19.951+0200] {logging_mixin.py:188} INFO - [2024-01-14T15:39:19.950+0200] {dagbag.py:538} INFO - Filling up the DagBag from /home/mahmoud/airflow_env/lib/python3.10/site-packages/airflow/example_dags/example_sla_dag.py
[2024-01-14T15:39:19.962+0200] {processor.py:840} INFO - DAG(s) 'example_sla_dag' retrieved from /home/mahmoud/airflow_env/lib/python3.10/site-packages/airflow/example_dags/example_sla_dag.py
[2024-01-14T15:39:19.978+0200] {logging_mixin.py:188} INFO - [2024-01-14T15:39:19.978+0200] {dag.py:3033} INFO - Sync 1 DAGs
[2024-01-14T15:39:20.001+0200] {logging_mixin.py:188} INFO - [2024-01-14T15:39:20.000+0200] {dag.py:3820} INFO - Setting next_dagrun for example_sla_dag to 2024-01-14T13:36:00+00:00, run_after=2024-01-14T13:38:00+00:00
[2024-01-14T15:39:20.027+0200] {processor.py:183} INFO - Processing /home/mahmoud/airflow_env/lib/python3.10/site-packages/airflow/example_dags/example_sla_dag.py took 0.083 seconds
[2024-01-14T15:40:06.451+0200] {processor.py:161} INFO - Started process (PID=25319) to work on /home/mahmoud/airflow_env/lib/python3.10/site-packages/airflow/example_dags/example_sla_dag.py
[2024-01-14T15:40:06.453+0200] {processor.py:830} INFO - Processing file /home/mahmoud/airflow_env/lib/python3.10/site-packages/airflow/example_dags/example_sla_dag.py for tasks to queue
[2024-01-14T15:40:06.454+0200] {logging_mixin.py:188} INFO - [2024-01-14T15:40:06.454+0200] {dagbag.py:538} INFO - Filling up the DagBag from /home/mahmoud/airflow_env/lib/python3.10/site-packages/airflow/example_dags/example_sla_dag.py
[2024-01-14T15:40:06.463+0200] {processor.py:840} INFO - DAG(s) 'example_sla_dag' retrieved from /home/mahmoud/airflow_env/lib/python3.10/site-packages/airflow/example_dags/example_sla_dag.py
[2024-01-14T15:40:06.476+0200] {logging_mixin.py:188} INFO - [2024-01-14T15:40:06.476+0200] {dag.py:3033} INFO - Sync 1 DAGs
[2024-01-14T15:40:06.497+0200] {logging_mixin.py:188} INFO - [2024-01-14T15:40:06.497+0200] {dag.py:3820} INFO - Setting next_dagrun for example_sla_dag to 2024-01-14T13:38:00+00:00, run_after=2024-01-14T13:40:00+00:00
[2024-01-14T15:40:06.518+0200] {processor.py:183} INFO - Processing /home/mahmoud/airflow_env/lib/python3.10/site-packages/airflow/example_dags/example_sla_dag.py took 0.069 seconds
[2024-01-14T15:40:42.727+0200] {processor.py:161} INFO - Started process (PID=25464) to work on /home/mahmoud/airflow_env/lib/python3.10/site-packages/airflow/example_dags/example_sla_dag.py
[2024-01-14T15:40:42.729+0200] {processor.py:830} INFO - Processing file /home/mahmoud/airflow_env/lib/python3.10/site-packages/airflow/example_dags/example_sla_dag.py for tasks to queue
[2024-01-14T15:40:42.730+0200] {logging_mixin.py:188} INFO - [2024-01-14T15:40:42.730+0200] {dagbag.py:538} INFO - Filling up the DagBag from /home/mahmoud/airflow_env/lib/python3.10/site-packages/airflow/example_dags/example_sla_dag.py
[2024-01-14T15:40:42.740+0200] {processor.py:840} INFO - DAG(s) 'example_sla_dag' retrieved from /home/mahmoud/airflow_env/lib/python3.10/site-packages/airflow/example_dags/example_sla_dag.py
[2024-01-14T15:40:42.753+0200] {logging_mixin.py:188} INFO - [2024-01-14T15:40:42.753+0200] {dag.py:3033} INFO - Sync 1 DAGs
[2024-01-14T15:40:42.774+0200] {logging_mixin.py:188} INFO - [2024-01-14T15:40:42.774+0200] {dag.py:3820} INFO - Setting next_dagrun for example_sla_dag to 2024-01-14T13:38:00+00:00, run_after=2024-01-14T13:40:00+00:00
[2024-01-14T15:40:42.798+0200] {processor.py:183} INFO - Processing /home/mahmoud/airflow_env/lib/python3.10/site-packages/airflow/example_dags/example_sla_dag.py took 0.076 seconds
[2024-01-14T15:41:20.481+0200] {processor.py:161} INFO - Started process (PID=25674) to work on /home/mahmoud/airflow_env/lib/python3.10/site-packages/airflow/example_dags/example_sla_dag.py
[2024-01-14T15:41:20.482+0200] {processor.py:830} INFO - Processing file /home/mahmoud/airflow_env/lib/python3.10/site-packages/airflow/example_dags/example_sla_dag.py for tasks to queue
[2024-01-14T15:41:20.483+0200] {logging_mixin.py:188} INFO - [2024-01-14T15:41:20.483+0200] {dagbag.py:538} INFO - Filling up the DagBag from /home/mahmoud/airflow_env/lib/python3.10/site-packages/airflow/example_dags/example_sla_dag.py
[2024-01-14T15:41:20.491+0200] {processor.py:840} INFO - DAG(s) 'example_sla_dag' retrieved from /home/mahmoud/airflow_env/lib/python3.10/site-packages/airflow/example_dags/example_sla_dag.py
[2024-01-14T15:41:20.504+0200] {logging_mixin.py:188} INFO - [2024-01-14T15:41:20.504+0200] {dag.py:3033} INFO - Sync 1 DAGs
[2024-01-14T15:41:20.523+0200] {logging_mixin.py:188} INFO - [2024-01-14T15:41:20.523+0200] {dag.py:3820} INFO - Setting next_dagrun for example_sla_dag to 2024-01-14T13:38:00+00:00, run_after=2024-01-14T13:40:00+00:00
[2024-01-14T15:41:20.546+0200] {processor.py:183} INFO - Processing /home/mahmoud/airflow_env/lib/python3.10/site-packages/airflow/example_dags/example_sla_dag.py took 0.067 seconds
[2024-01-14T15:42:12.160+0200] {processor.py:161} INFO - Started process (PID=25877) to work on /home/mahmoud/airflow_env/lib/python3.10/site-packages/airflow/example_dags/example_sla_dag.py
[2024-01-14T15:42:12.161+0200] {processor.py:830} INFO - Processing file /home/mahmoud/airflow_env/lib/python3.10/site-packages/airflow/example_dags/example_sla_dag.py for tasks to queue
[2024-01-14T15:42:12.162+0200] {logging_mixin.py:188} INFO - [2024-01-14T15:42:12.162+0200] {dagbag.py:538} INFO - Filling up the DagBag from /home/mahmoud/airflow_env/lib/python3.10/site-packages/airflow/example_dags/example_sla_dag.py
[2024-01-14T15:42:12.171+0200] {processor.py:840} INFO - DAG(s) 'example_sla_dag' retrieved from /home/mahmoud/airflow_env/lib/python3.10/site-packages/airflow/example_dags/example_sla_dag.py
[2024-01-14T15:42:12.184+0200] {logging_mixin.py:188} INFO - [2024-01-14T15:42:12.184+0200] {dag.py:3033} INFO - Sync 1 DAGs
[2024-01-14T15:42:12.205+0200] {logging_mixin.py:188} INFO - [2024-01-14T15:42:12.205+0200] {dag.py:3820} INFO - Setting next_dagrun for example_sla_dag to 2024-01-14T13:40:00+00:00, run_after=2024-01-14T13:42:00+00:00
[2024-01-14T15:42:12.228+0200] {processor.py:183} INFO - Processing /home/mahmoud/airflow_env/lib/python3.10/site-packages/airflow/example_dags/example_sla_dag.py took 0.072 seconds
[2024-01-14T15:43:09.782+0200] {processor.py:161} INFO - Started process (PID=26604) to work on /home/mahmoud/airflow_env/lib/python3.10/site-packages/airflow/example_dags/example_sla_dag.py
[2024-01-14T15:43:09.784+0200] {processor.py:830} INFO - Processing file /home/mahmoud/airflow_env/lib/python3.10/site-packages/airflow/example_dags/example_sla_dag.py for tasks to queue
[2024-01-14T15:43:09.786+0200] {logging_mixin.py:188} INFO - [2024-01-14T15:43:09.785+0200] {dagbag.py:538} INFO - Filling up the DagBag from /home/mahmoud/airflow_env/lib/python3.10/site-packages/airflow/example_dags/example_sla_dag.py
[2024-01-14T15:43:09.796+0200] {processor.py:840} INFO - DAG(s) 'example_sla_dag' retrieved from /home/mahmoud/airflow_env/lib/python3.10/site-packages/airflow/example_dags/example_sla_dag.py
[2024-01-14T15:43:09.811+0200] {logging_mixin.py:188} INFO - [2024-01-14T15:43:09.811+0200] {dag.py:3033} INFO - Sync 1 DAGs
[2024-01-14T15:43:09.829+0200] {logging_mixin.py:188} INFO - [2024-01-14T15:43:09.829+0200] {dag.py:3820} INFO - Setting next_dagrun for example_sla_dag to 2024-01-14T13:40:00+00:00, run_after=2024-01-14T13:42:00+00:00
[2024-01-14T15:43:09.848+0200] {processor.py:183} INFO - Processing /home/mahmoud/airflow_env/lib/python3.10/site-packages/airflow/example_dags/example_sla_dag.py took 0.072 seconds
[2024-01-14T15:43:57.818+0200] {processor.py:161} INFO - Started process (PID=26885) to work on /home/mahmoud/airflow_env/lib/python3.10/site-packages/airflow/example_dags/example_sla_dag.py
[2024-01-14T15:43:57.820+0200] {processor.py:830} INFO - Processing file /home/mahmoud/airflow_env/lib/python3.10/site-packages/airflow/example_dags/example_sla_dag.py for tasks to queue
[2024-01-14T15:43:57.822+0200] {logging_mixin.py:188} INFO - [2024-01-14T15:43:57.821+0200] {dagbag.py:538} INFO - Filling up the DagBag from /home/mahmoud/airflow_env/lib/python3.10/site-packages/airflow/example_dags/example_sla_dag.py
[2024-01-14T15:43:57.831+0200] {processor.py:840} INFO - DAG(s) 'example_sla_dag' retrieved from /home/mahmoud/airflow_env/lib/python3.10/site-packages/airflow/example_dags/example_sla_dag.py
[2024-01-14T15:43:57.844+0200] {logging_mixin.py:188} INFO - [2024-01-14T15:43:57.844+0200] {dag.py:3033} INFO - Sync 1 DAGs
[2024-01-14T15:43:57.863+0200] {logging_mixin.py:188} INFO - [2024-01-14T15:43:57.863+0200] {dag.py:3820} INFO - Setting next_dagrun for example_sla_dag to 2024-01-14T13:40:00+00:00, run_after=2024-01-14T13:42:00+00:00
[2024-01-14T15:43:57.890+0200] {processor.py:183} INFO - Processing /home/mahmoud/airflow_env/lib/python3.10/site-packages/airflow/example_dags/example_sla_dag.py took 0.076 seconds
[2024-01-14T15:44:46.269+0200] {processor.py:161} INFO - Started process (PID=27567) to work on /home/mahmoud/airflow_env/lib/python3.10/site-packages/airflow/example_dags/example_sla_dag.py
[2024-01-14T15:44:46.271+0200] {processor.py:830} INFO - Processing file /home/mahmoud/airflow_env/lib/python3.10/site-packages/airflow/example_dags/example_sla_dag.py for tasks to queue
[2024-01-14T15:44:46.272+0200] {logging_mixin.py:188} INFO - [2024-01-14T15:44:46.272+0200] {dagbag.py:538} INFO - Filling up the DagBag from /home/mahmoud/airflow_env/lib/python3.10/site-packages/airflow/example_dags/example_sla_dag.py
[2024-01-14T15:44:46.281+0200] {processor.py:840} INFO - DAG(s) 'example_sla_dag' retrieved from /home/mahmoud/airflow_env/lib/python3.10/site-packages/airflow/example_dags/example_sla_dag.py
[2024-01-14T15:44:46.294+0200] {logging_mixin.py:188} INFO - [2024-01-14T15:44:46.293+0200] {dag.py:3033} INFO - Sync 1 DAGs
[2024-01-14T15:44:46.313+0200] {logging_mixin.py:188} INFO - [2024-01-14T15:44:46.313+0200] {dag.py:3820} INFO - Setting next_dagrun for example_sla_dag to 2024-01-14T13:42:00+00:00, run_after=2024-01-14T13:44:00+00:00
[2024-01-14T15:44:46.334+0200] {processor.py:183} INFO - Processing /home/mahmoud/airflow_env/lib/python3.10/site-packages/airflow/example_dags/example_sla_dag.py took 0.069 seconds
[2024-01-14T15:45:29.160+0200] {processor.py:161} INFO - Started process (PID=27800) to work on /home/mahmoud/airflow_env/lib/python3.10/site-packages/airflow/example_dags/example_sla_dag.py
[2024-01-14T15:45:29.161+0200] {processor.py:830} INFO - Processing file /home/mahmoud/airflow_env/lib/python3.10/site-packages/airflow/example_dags/example_sla_dag.py for tasks to queue
[2024-01-14T15:45:29.162+0200] {logging_mixin.py:188} INFO - [2024-01-14T15:45:29.161+0200] {dagbag.py:538} INFO - Filling up the DagBag from /home/mahmoud/airflow_env/lib/python3.10/site-packages/airflow/example_dags/example_sla_dag.py
[2024-01-14T15:45:29.169+0200] {processor.py:840} INFO - DAG(s) 'example_sla_dag' retrieved from /home/mahmoud/airflow_env/lib/python3.10/site-packages/airflow/example_dags/example_sla_dag.py
[2024-01-14T15:45:29.191+0200] {logging_mixin.py:188} INFO - [2024-01-14T15:45:29.190+0200] {dag.py:3033} INFO - Sync 1 DAGs
[2024-01-14T15:45:29.209+0200] {logging_mixin.py:188} INFO - [2024-01-14T15:45:29.209+0200] {dag.py:3820} INFO - Setting next_dagrun for example_sla_dag to 2024-01-14T13:42:00+00:00, run_after=2024-01-14T13:44:00+00:00
[2024-01-14T15:45:29.230+0200] {processor.py:183} INFO - Processing /home/mahmoud/airflow_env/lib/python3.10/site-packages/airflow/example_dags/example_sla_dag.py took 0.073 seconds
[2024-01-14T15:46:05.237+0200] {processor.py:161} INFO - Started process (PID=27939) to work on /home/mahmoud/airflow_env/lib/python3.10/site-packages/airflow/example_dags/example_sla_dag.py
[2024-01-14T15:46:05.239+0200] {processor.py:830} INFO - Processing file /home/mahmoud/airflow_env/lib/python3.10/site-packages/airflow/example_dags/example_sla_dag.py for tasks to queue
[2024-01-14T15:46:05.239+0200] {logging_mixin.py:188} INFO - [2024-01-14T15:46:05.239+0200] {dagbag.py:538} INFO - Filling up the DagBag from /home/mahmoud/airflow_env/lib/python3.10/site-packages/airflow/example_dags/example_sla_dag.py
[2024-01-14T15:46:05.246+0200] {processor.py:840} INFO - DAG(s) 'example_sla_dag' retrieved from /home/mahmoud/airflow_env/lib/python3.10/site-packages/airflow/example_dags/example_sla_dag.py
[2024-01-14T15:46:05.272+0200] {logging_mixin.py:188} INFO - [2024-01-14T15:46:05.271+0200] {dag.py:3033} INFO - Sync 1 DAGs
[2024-01-14T15:46:05.289+0200] {logging_mixin.py:188} INFO - [2024-01-14T15:46:05.289+0200] {dag.py:3820} INFO - Setting next_dagrun for example_sla_dag to 2024-01-14T13:44:00+00:00, run_after=2024-01-14T13:46:00+00:00
[2024-01-14T15:46:05.314+0200] {processor.py:183} INFO - Processing /home/mahmoud/airflow_env/lib/python3.10/site-packages/airflow/example_dags/example_sla_dag.py took 0.079 seconds
[2024-01-14T15:46:41.417+0200] {processor.py:161} INFO - Started process (PID=28085) to work on /home/mahmoud/airflow_env/lib/python3.10/site-packages/airflow/example_dags/example_sla_dag.py
[2024-01-14T15:46:41.418+0200] {processor.py:830} INFO - Processing file /home/mahmoud/airflow_env/lib/python3.10/site-packages/airflow/example_dags/example_sla_dag.py for tasks to queue
[2024-01-14T15:46:41.420+0200] {logging_mixin.py:188} INFO - [2024-01-14T15:46:41.419+0200] {dagbag.py:538} INFO - Filling up the DagBag from /home/mahmoud/airflow_env/lib/python3.10/site-packages/airflow/example_dags/example_sla_dag.py
[2024-01-14T15:46:41.435+0200] {processor.py:840} INFO - DAG(s) 'example_sla_dag' retrieved from /home/mahmoud/airflow_env/lib/python3.10/site-packages/airflow/example_dags/example_sla_dag.py
[2024-01-14T15:46:41.456+0200] {logging_mixin.py:188} INFO - [2024-01-14T15:46:41.455+0200] {dag.py:3033} INFO - Sync 1 DAGs
[2024-01-14T15:46:41.477+0200] {logging_mixin.py:188} INFO - [2024-01-14T15:46:41.477+0200] {dag.py:3820} INFO - Setting next_dagrun for example_sla_dag to 2024-01-14T13:44:00+00:00, run_after=2024-01-14T13:46:00+00:00
[2024-01-14T15:46:41.499+0200] {processor.py:183} INFO - Processing /home/mahmoud/airflow_env/lib/python3.10/site-packages/airflow/example_dags/example_sla_dag.py took 0.089 seconds
[2024-01-14T15:47:17.108+0200] {processor.py:161} INFO - Started process (PID=28289) to work on /home/mahmoud/airflow_env/lib/python3.10/site-packages/airflow/example_dags/example_sla_dag.py
[2024-01-14T15:47:17.111+0200] {processor.py:830} INFO - Processing file /home/mahmoud/airflow_env/lib/python3.10/site-packages/airflow/example_dags/example_sla_dag.py for tasks to queue
[2024-01-14T15:47:17.112+0200] {logging_mixin.py:188} INFO - [2024-01-14T15:47:17.112+0200] {dagbag.py:538} INFO - Filling up the DagBag from /home/mahmoud/airflow_env/lib/python3.10/site-packages/airflow/example_dags/example_sla_dag.py
[2024-01-14T15:47:17.123+0200] {processor.py:840} INFO - DAG(s) 'example_sla_dag' retrieved from /home/mahmoud/airflow_env/lib/python3.10/site-packages/airflow/example_dags/example_sla_dag.py
[2024-01-14T15:47:17.142+0200] {logging_mixin.py:188} INFO - [2024-01-14T15:47:17.141+0200] {dag.py:3033} INFO - Sync 1 DAGs
[2024-01-14T15:47:17.165+0200] {logging_mixin.py:188} INFO - [2024-01-14T15:47:17.165+0200] {dag.py:3820} INFO - Setting next_dagrun for example_sla_dag to 2024-01-14T13:44:00+00:00, run_after=2024-01-14T13:46:00+00:00
[2024-01-14T15:47:17.188+0200] {processor.py:183} INFO - Processing /home/mahmoud/airflow_env/lib/python3.10/site-packages/airflow/example_dags/example_sla_dag.py took 0.086 seconds
[2024-01-14T15:47:52.356+0200] {processor.py:161} INFO - Started process (PID=28455) to work on /home/mahmoud/airflow_env/lib/python3.10/site-packages/airflow/example_dags/example_sla_dag.py
[2024-01-14T15:47:52.358+0200] {processor.py:830} INFO - Processing file /home/mahmoud/airflow_env/lib/python3.10/site-packages/airflow/example_dags/example_sla_dag.py for tasks to queue
[2024-01-14T15:47:52.359+0200] {logging_mixin.py:188} INFO - [2024-01-14T15:47:52.359+0200] {dagbag.py:538} INFO - Filling up the DagBag from /home/mahmoud/airflow_env/lib/python3.10/site-packages/airflow/example_dags/example_sla_dag.py
[2024-01-14T15:47:52.369+0200] {processor.py:840} INFO - DAG(s) 'example_sla_dag' retrieved from /home/mahmoud/airflow_env/lib/python3.10/site-packages/airflow/example_dags/example_sla_dag.py
[2024-01-14T15:47:52.383+0200] {logging_mixin.py:188} INFO - [2024-01-14T15:47:52.383+0200] {dag.py:3033} INFO - Sync 1 DAGs
[2024-01-14T15:47:52.402+0200] {logging_mixin.py:188} INFO - [2024-01-14T15:47:52.402+0200] {dag.py:3820} INFO - Setting next_dagrun for example_sla_dag to 2024-01-14T13:44:00+00:00, run_after=2024-01-14T13:46:00+00:00
[2024-01-14T15:47:52.421+0200] {processor.py:183} INFO - Processing /home/mahmoud/airflow_env/lib/python3.10/site-packages/airflow/example_dags/example_sla_dag.py took 0.069 seconds
[2024-01-14T15:48:28.131+0200] {processor.py:161} INFO - Started process (PID=28599) to work on /home/mahmoud/airflow_env/lib/python3.10/site-packages/airflow/example_dags/example_sla_dag.py
[2024-01-14T15:48:28.133+0200] {processor.py:830} INFO - Processing file /home/mahmoud/airflow_env/lib/python3.10/site-packages/airflow/example_dags/example_sla_dag.py for tasks to queue
[2024-01-14T15:48:28.134+0200] {logging_mixin.py:188} INFO - [2024-01-14T15:48:28.134+0200] {dagbag.py:538} INFO - Filling up the DagBag from /home/mahmoud/airflow_env/lib/python3.10/site-packages/airflow/example_dags/example_sla_dag.py
[2024-01-14T15:48:28.143+0200] {processor.py:840} INFO - DAG(s) 'example_sla_dag' retrieved from /home/mahmoud/airflow_env/lib/python3.10/site-packages/airflow/example_dags/example_sla_dag.py
[2024-01-14T15:48:28.156+0200] {logging_mixin.py:188} INFO - [2024-01-14T15:48:28.156+0200] {dag.py:3033} INFO - Sync 1 DAGs
[2024-01-14T15:48:28.175+0200] {logging_mixin.py:188} INFO - [2024-01-14T15:48:28.175+0200] {dag.py:3820} INFO - Setting next_dagrun for example_sla_dag to 2024-01-14T13:46:00+00:00, run_after=2024-01-14T13:48:00+00:00
[2024-01-14T15:48:28.198+0200] {processor.py:183} INFO - Processing /home/mahmoud/airflow_env/lib/python3.10/site-packages/airflow/example_dags/example_sla_dag.py took 0.070 seconds
[2024-01-14T15:49:03.279+0200] {processor.py:161} INFO - Started process (PID=28738) to work on /home/mahmoud/airflow_env/lib/python3.10/site-packages/airflow/example_dags/example_sla_dag.py
[2024-01-14T15:49:03.283+0200] {processor.py:830} INFO - Processing file /home/mahmoud/airflow_env/lib/python3.10/site-packages/airflow/example_dags/example_sla_dag.py for tasks to queue
[2024-01-14T15:49:03.286+0200] {logging_mixin.py:188} INFO - [2024-01-14T15:49:03.285+0200] {dagbag.py:538} INFO - Filling up the DagBag from /home/mahmoud/airflow_env/lib/python3.10/site-packages/airflow/example_dags/example_sla_dag.py
[2024-01-14T15:49:03.305+0200] {processor.py:840} INFO - DAG(s) 'example_sla_dag' retrieved from /home/mahmoud/airflow_env/lib/python3.10/site-packages/airflow/example_dags/example_sla_dag.py
[2024-01-14T15:49:03.324+0200] {logging_mixin.py:188} INFO - [2024-01-14T15:49:03.324+0200] {dag.py:3033} INFO - Sync 1 DAGs
[2024-01-14T15:49:03.345+0200] {logging_mixin.py:188} INFO - [2024-01-14T15:49:03.345+0200] {dag.py:3820} INFO - Setting next_dagrun for example_sla_dag to 2024-01-14T13:46:00+00:00, run_after=2024-01-14T13:48:00+00:00
[2024-01-14T15:49:03.367+0200] {processor.py:183} INFO - Processing /home/mahmoud/airflow_env/lib/python3.10/site-packages/airflow/example_dags/example_sla_dag.py took 0.098 seconds
[2024-01-14T15:49:40.355+0200] {processor.py:161} INFO - Started process (PID=28883) to work on /home/mahmoud/airflow_env/lib/python3.10/site-packages/airflow/example_dags/example_sla_dag.py
[2024-01-14T15:49:40.357+0200] {processor.py:830} INFO - Processing file /home/mahmoud/airflow_env/lib/python3.10/site-packages/airflow/example_dags/example_sla_dag.py for tasks to queue
[2024-01-14T15:49:40.358+0200] {logging_mixin.py:188} INFO - [2024-01-14T15:49:40.358+0200] {dagbag.py:538} INFO - Filling up the DagBag from /home/mahmoud/airflow_env/lib/python3.10/site-packages/airflow/example_dags/example_sla_dag.py
[2024-01-14T15:49:40.366+0200] {processor.py:840} INFO - DAG(s) 'example_sla_dag' retrieved from /home/mahmoud/airflow_env/lib/python3.10/site-packages/airflow/example_dags/example_sla_dag.py
[2024-01-14T15:49:40.379+0200] {logging_mixin.py:188} INFO - [2024-01-14T15:49:40.379+0200] {dag.py:3033} INFO - Sync 1 DAGs
[2024-01-14T15:49:40.399+0200] {logging_mixin.py:188} INFO - [2024-01-14T15:49:40.399+0200] {dag.py:3820} INFO - Setting next_dagrun for example_sla_dag to 2024-01-14T13:46:00+00:00, run_after=2024-01-14T13:48:00+00:00
[2024-01-14T15:49:40.428+0200] {processor.py:183} INFO - Processing /home/mahmoud/airflow_env/lib/python3.10/site-packages/airflow/example_dags/example_sla_dag.py took 0.076 seconds
[2024-01-14T15:50:14.101+0200] {processor.py:161} INFO - Started process (PID=29015) to work on /home/mahmoud/airflow_env/lib/python3.10/site-packages/airflow/example_dags/example_sla_dag.py
[2024-01-14T15:50:14.103+0200] {processor.py:830} INFO - Processing file /home/mahmoud/airflow_env/lib/python3.10/site-packages/airflow/example_dags/example_sla_dag.py for tasks to queue
[2024-01-14T15:50:14.104+0200] {logging_mixin.py:188} INFO - [2024-01-14T15:50:14.103+0200] {dagbag.py:538} INFO - Filling up the DagBag from /home/mahmoud/airflow_env/lib/python3.10/site-packages/airflow/example_dags/example_sla_dag.py
[2024-01-14T15:50:14.114+0200] {processor.py:840} INFO - DAG(s) 'example_sla_dag' retrieved from /home/mahmoud/airflow_env/lib/python3.10/site-packages/airflow/example_dags/example_sla_dag.py
[2024-01-14T15:50:14.128+0200] {logging_mixin.py:188} INFO - [2024-01-14T15:50:14.128+0200] {dag.py:3033} INFO - Sync 1 DAGs
[2024-01-14T15:50:14.148+0200] {logging_mixin.py:188} INFO - [2024-01-14T15:50:14.148+0200] {dag.py:3820} INFO - Setting next_dagrun for example_sla_dag to 2024-01-14T13:48:00+00:00, run_after=2024-01-14T13:50:00+00:00
[2024-01-14T15:50:14.172+0200] {processor.py:183} INFO - Processing /home/mahmoud/airflow_env/lib/python3.10/site-packages/airflow/example_dags/example_sla_dag.py took 0.075 seconds
[2024-01-14T15:50:49.237+0200] {processor.py:161} INFO - Started process (PID=29154) to work on /home/mahmoud/airflow_env/lib/python3.10/site-packages/airflow/example_dags/example_sla_dag.py
[2024-01-14T15:50:49.240+0200] {processor.py:830} INFO - Processing file /home/mahmoud/airflow_env/lib/python3.10/site-packages/airflow/example_dags/example_sla_dag.py for tasks to queue
[2024-01-14T15:50:49.240+0200] {logging_mixin.py:188} INFO - [2024-01-14T15:50:49.240+0200] {dagbag.py:538} INFO - Filling up the DagBag from /home/mahmoud/airflow_env/lib/python3.10/site-packages/airflow/example_dags/example_sla_dag.py
[2024-01-14T15:50:49.250+0200] {processor.py:840} INFO - DAG(s) 'example_sla_dag' retrieved from /home/mahmoud/airflow_env/lib/python3.10/site-packages/airflow/example_dags/example_sla_dag.py
[2024-01-14T15:50:49.264+0200] {logging_mixin.py:188} INFO - [2024-01-14T15:50:49.263+0200] {dag.py:3033} INFO - Sync 1 DAGs
[2024-01-14T15:50:49.283+0200] {logging_mixin.py:188} INFO - [2024-01-14T15:50:49.282+0200] {dag.py:3820} INFO - Setting next_dagrun for example_sla_dag to 2024-01-14T13:48:00+00:00, run_after=2024-01-14T13:50:00+00:00
[2024-01-14T15:50:49.305+0200] {processor.py:183} INFO - Processing /home/mahmoud/airflow_env/lib/python3.10/site-packages/airflow/example_dags/example_sla_dag.py took 0.072 seconds
[2024-01-14T15:51:24.777+0200] {processor.py:161} INFO - Started process (PID=29292) to work on /home/mahmoud/airflow_env/lib/python3.10/site-packages/airflow/example_dags/example_sla_dag.py
[2024-01-14T15:51:24.779+0200] {processor.py:830} INFO - Processing file /home/mahmoud/airflow_env/lib/python3.10/site-packages/airflow/example_dags/example_sla_dag.py for tasks to queue
[2024-01-14T15:51:24.780+0200] {logging_mixin.py:188} INFO - [2024-01-14T15:51:24.779+0200] {dagbag.py:538} INFO - Filling up the DagBag from /home/mahmoud/airflow_env/lib/python3.10/site-packages/airflow/example_dags/example_sla_dag.py
[2024-01-14T15:51:24.788+0200] {processor.py:840} INFO - DAG(s) 'example_sla_dag' retrieved from /home/mahmoud/airflow_env/lib/python3.10/site-packages/airflow/example_dags/example_sla_dag.py
[2024-01-14T15:51:24.801+0200] {logging_mixin.py:188} INFO - [2024-01-14T15:51:24.801+0200] {dag.py:3033} INFO - Sync 1 DAGs
[2024-01-14T15:51:24.820+0200] {logging_mixin.py:188} INFO - [2024-01-14T15:51:24.820+0200] {dag.py:3820} INFO - Setting next_dagrun for example_sla_dag to 2024-01-14T13:48:00+00:00, run_after=2024-01-14T13:50:00+00:00
[2024-01-14T15:51:24.843+0200] {processor.py:183} INFO - Processing /home/mahmoud/airflow_env/lib/python3.10/site-packages/airflow/example_dags/example_sla_dag.py took 0.070 seconds
[2024-01-14T15:51:59.580+0200] {processor.py:161} INFO - Started process (PID=29431) to work on /home/mahmoud/airflow_env/lib/python3.10/site-packages/airflow/example_dags/example_sla_dag.py
[2024-01-14T15:51:59.582+0200] {processor.py:830} INFO - Processing file /home/mahmoud/airflow_env/lib/python3.10/site-packages/airflow/example_dags/example_sla_dag.py for tasks to queue
[2024-01-14T15:51:59.583+0200] {logging_mixin.py:188} INFO - [2024-01-14T15:51:59.582+0200] {dagbag.py:538} INFO - Filling up the DagBag from /home/mahmoud/airflow_env/lib/python3.10/site-packages/airflow/example_dags/example_sla_dag.py
[2024-01-14T15:51:59.591+0200] {processor.py:840} INFO - DAG(s) 'example_sla_dag' retrieved from /home/mahmoud/airflow_env/lib/python3.10/site-packages/airflow/example_dags/example_sla_dag.py
[2024-01-14T15:51:59.604+0200] {logging_mixin.py:188} INFO - [2024-01-14T15:51:59.603+0200] {dag.py:3033} INFO - Sync 1 DAGs
[2024-01-14T15:51:59.623+0200] {logging_mixin.py:188} INFO - [2024-01-14T15:51:59.623+0200] {dag.py:3820} INFO - Setting next_dagrun for example_sla_dag to 2024-01-14T13:48:00+00:00, run_after=2024-01-14T13:50:00+00:00
[2024-01-14T15:51:59.643+0200] {processor.py:183} INFO - Processing /home/mahmoud/airflow_env/lib/python3.10/site-packages/airflow/example_dags/example_sla_dag.py took 0.066 seconds
[2024-01-14T15:52:48.851+0200] {processor.py:161} INFO - Started process (PID=29655) to work on /home/mahmoud/airflow_env/lib/python3.10/site-packages/airflow/example_dags/example_sla_dag.py
[2024-01-14T15:52:48.853+0200] {processor.py:830} INFO - Processing file /home/mahmoud/airflow_env/lib/python3.10/site-packages/airflow/example_dags/example_sla_dag.py for tasks to queue
[2024-01-14T15:52:48.854+0200] {logging_mixin.py:188} INFO - [2024-01-14T15:52:48.853+0200] {dagbag.py:538} INFO - Filling up the DagBag from /home/mahmoud/airflow_env/lib/python3.10/site-packages/airflow/example_dags/example_sla_dag.py
[2024-01-14T15:52:48.862+0200] {processor.py:840} INFO - DAG(s) 'example_sla_dag' retrieved from /home/mahmoud/airflow_env/lib/python3.10/site-packages/airflow/example_dags/example_sla_dag.py
[2024-01-14T15:52:48.875+0200] {logging_mixin.py:188} INFO - [2024-01-14T15:52:48.875+0200] {dag.py:3033} INFO - Sync 1 DAGs
[2024-01-14T15:52:48.895+0200] {logging_mixin.py:188} INFO - [2024-01-14T15:52:48.895+0200] {dag.py:3820} INFO - Setting next_dagrun for example_sla_dag to 2024-01-14T13:50:00+00:00, run_after=2024-01-14T13:52:00+00:00
[2024-01-14T15:52:48.917+0200] {processor.py:183} INFO - Processing /home/mahmoud/airflow_env/lib/python3.10/site-packages/airflow/example_dags/example_sla_dag.py took 0.069 seconds
[2024-01-14T15:53:23.460+0200] {processor.py:161} INFO - Started process (PID=29794) to work on /home/mahmoud/airflow_env/lib/python3.10/site-packages/airflow/example_dags/example_sla_dag.py
[2024-01-14T15:53:23.462+0200] {processor.py:830} INFO - Processing file /home/mahmoud/airflow_env/lib/python3.10/site-packages/airflow/example_dags/example_sla_dag.py for tasks to queue
[2024-01-14T15:53:23.462+0200] {logging_mixin.py:188} INFO - [2024-01-14T15:53:23.462+0200] {dagbag.py:538} INFO - Filling up the DagBag from /home/mahmoud/airflow_env/lib/python3.10/site-packages/airflow/example_dags/example_sla_dag.py
[2024-01-14T15:53:23.471+0200] {processor.py:840} INFO - DAG(s) 'example_sla_dag' retrieved from /home/mahmoud/airflow_env/lib/python3.10/site-packages/airflow/example_dags/example_sla_dag.py
[2024-01-14T15:53:23.484+0200] {logging_mixin.py:188} INFO - [2024-01-14T15:53:23.484+0200] {dag.py:3033} INFO - Sync 1 DAGs
[2024-01-14T15:53:23.504+0200] {logging_mixin.py:188} INFO - [2024-01-14T15:53:23.504+0200] {dag.py:3820} INFO - Setting next_dagrun for example_sla_dag to 2024-01-14T13:50:00+00:00, run_after=2024-01-14T13:52:00+00:00
[2024-01-14T15:53:23.526+0200] {processor.py:183} INFO - Processing /home/mahmoud/airflow_env/lib/python3.10/site-packages/airflow/example_dags/example_sla_dag.py took 0.069 seconds
[2024-01-14T15:54:05.855+0200] {processor.py:161} INFO - Started process (PID=29952) to work on /home/mahmoud/airflow_env/lib/python3.10/site-packages/airflow/example_dags/example_sla_dag.py
[2024-01-14T15:54:05.863+0200] {processor.py:830} INFO - Processing file /home/mahmoud/airflow_env/lib/python3.10/site-packages/airflow/example_dags/example_sla_dag.py for tasks to queue
[2024-01-14T15:54:05.870+0200] {logging_mixin.py:188} INFO - [2024-01-14T15:54:05.868+0200] {dagbag.py:538} INFO - Filling up the DagBag from /home/mahmoud/airflow_env/lib/python3.10/site-packages/airflow/example_dags/example_sla_dag.py
[2024-01-14T15:54:05.949+0200] {processor.py:840} INFO - DAG(s) 'example_sla_dag' retrieved from /home/mahmoud/airflow_env/lib/python3.10/site-packages/airflow/example_dags/example_sla_dag.py
[2024-01-14T15:54:06.068+0200] {logging_mixin.py:188} INFO - [2024-01-14T15:54:06.067+0200] {dag.py:3033} INFO - Sync 1 DAGs
[2024-01-14T15:54:06.267+0200] {logging_mixin.py:188} INFO - [2024-01-14T15:54:06.266+0200] {dag.py:3820} INFO - Setting next_dagrun for example_sla_dag to 2024-01-14T13:52:00+00:00, run_after=2024-01-14T13:54:00+00:00
[2024-01-14T15:54:06.426+0200] {processor.py:183} INFO - Processing /home/mahmoud/airflow_env/lib/python3.10/site-packages/airflow/example_dags/example_sla_dag.py took 0.596 seconds
[2024-01-14T15:55:17.470+0200] {processor.py:161} INFO - Started process (PID=30192) to work on /home/mahmoud/airflow_env/lib/python3.10/site-packages/airflow/example_dags/example_sla_dag.py
[2024-01-14T15:55:17.474+0200] {processor.py:830} INFO - Processing file /home/mahmoud/airflow_env/lib/python3.10/site-packages/airflow/example_dags/example_sla_dag.py for tasks to queue
[2024-01-14T15:55:17.478+0200] {logging_mixin.py:188} INFO - [2024-01-14T15:55:17.476+0200] {dagbag.py:538} INFO - Filling up the DagBag from /home/mahmoud/airflow_env/lib/python3.10/site-packages/airflow/example_dags/example_sla_dag.py
[2024-01-14T15:55:17.519+0200] {processor.py:840} INFO - DAG(s) 'example_sla_dag' retrieved from /home/mahmoud/airflow_env/lib/python3.10/site-packages/airflow/example_dags/example_sla_dag.py
[2024-01-14T15:55:17.604+0200] {logging_mixin.py:188} INFO - [2024-01-14T15:55:17.603+0200] {dag.py:3033} INFO - Sync 1 DAGs
[2024-01-14T15:55:17.749+0200] {logging_mixin.py:188} INFO - [2024-01-14T15:55:17.748+0200] {dag.py:3820} INFO - Setting next_dagrun for example_sla_dag to 2024-01-14T13:52:00+00:00, run_after=2024-01-14T13:54:00+00:00
[2024-01-14T15:55:17.878+0200] {processor.py:183} INFO - Processing /home/mahmoud/airflow_env/lib/python3.10/site-packages/airflow/example_dags/example_sla_dag.py took 0.422 seconds
[2024-01-14T15:56:18.951+0200] {processor.py:161} INFO - Started process (PID=30410) to work on /home/mahmoud/airflow_env/lib/python3.10/site-packages/airflow/example_dags/example_sla_dag.py
[2024-01-14T15:56:18.955+0200] {processor.py:830} INFO - Processing file /home/mahmoud/airflow_env/lib/python3.10/site-packages/airflow/example_dags/example_sla_dag.py for tasks to queue
[2024-01-14T15:56:18.957+0200] {logging_mixin.py:188} INFO - [2024-01-14T15:56:18.956+0200] {dagbag.py:538} INFO - Filling up the DagBag from /home/mahmoud/airflow_env/lib/python3.10/site-packages/airflow/example_dags/example_sla_dag.py
[2024-01-14T15:56:18.983+0200] {processor.py:840} INFO - DAG(s) 'example_sla_dag' retrieved from /home/mahmoud/airflow_env/lib/python3.10/site-packages/airflow/example_dags/example_sla_dag.py
[2024-01-14T15:56:19.025+0200] {logging_mixin.py:188} INFO - [2024-01-14T15:56:19.025+0200] {dag.py:3033} INFO - Sync 1 DAGs
[2024-01-14T15:56:19.091+0200] {logging_mixin.py:188} INFO - [2024-01-14T15:56:19.091+0200] {dag.py:3820} INFO - Setting next_dagrun for example_sla_dag to 2024-01-14T13:54:00+00:00, run_after=2024-01-14T13:56:00+00:00
[2024-01-14T15:56:19.150+0200] {processor.py:183} INFO - Processing /home/mahmoud/airflow_env/lib/python3.10/site-packages/airflow/example_dags/example_sla_dag.py took 0.208 seconds
[2024-01-14T15:57:16.722+0200] {processor.py:161} INFO - Started process (PID=30615) to work on /home/mahmoud/airflow_env/lib/python3.10/site-packages/airflow/example_dags/example_sla_dag.py
[2024-01-14T15:57:16.726+0200] {processor.py:830} INFO - Processing file /home/mahmoud/airflow_env/lib/python3.10/site-packages/airflow/example_dags/example_sla_dag.py for tasks to queue
[2024-01-14T15:57:16.728+0200] {logging_mixin.py:188} INFO - [2024-01-14T15:57:16.727+0200] {dagbag.py:538} INFO - Filling up the DagBag from /home/mahmoud/airflow_env/lib/python3.10/site-packages/airflow/example_dags/example_sla_dag.py
[2024-01-14T15:57:16.754+0200] {processor.py:840} INFO - DAG(s) 'example_sla_dag' retrieved from /home/mahmoud/airflow_env/lib/python3.10/site-packages/airflow/example_dags/example_sla_dag.py
[2024-01-14T15:57:16.796+0200] {logging_mixin.py:188} INFO - [2024-01-14T15:57:16.795+0200] {dag.py:3033} INFO - Sync 1 DAGs
[2024-01-14T15:57:16.862+0200] {logging_mixin.py:188} INFO - [2024-01-14T15:57:16.862+0200] {dag.py:3820} INFO - Setting next_dagrun for example_sla_dag to 2024-01-14T13:54:00+00:00, run_after=2024-01-14T13:56:00+00:00
[2024-01-14T15:57:16.919+0200] {processor.py:183} INFO - Processing /home/mahmoud/airflow_env/lib/python3.10/site-packages/airflow/example_dags/example_sla_dag.py took 0.207 seconds
[2024-01-14T15:58:06.680+0200] {processor.py:161} INFO - Started process (PID=30857) to work on /home/mahmoud/airflow_env/lib/python3.10/site-packages/airflow/example_dags/example_sla_dag.py
[2024-01-14T15:58:06.682+0200] {processor.py:830} INFO - Processing file /home/mahmoud/airflow_env/lib/python3.10/site-packages/airflow/example_dags/example_sla_dag.py for tasks to queue
[2024-01-14T15:58:06.683+0200] {logging_mixin.py:188} INFO - [2024-01-14T15:58:06.682+0200] {dagbag.py:538} INFO - Filling up the DagBag from /home/mahmoud/airflow_env/lib/python3.10/site-packages/airflow/example_dags/example_sla_dag.py
[2024-01-14T15:58:06.692+0200] {processor.py:840} INFO - DAG(s) 'example_sla_dag' retrieved from /home/mahmoud/airflow_env/lib/python3.10/site-packages/airflow/example_dags/example_sla_dag.py
[2024-01-14T15:58:06.707+0200] {logging_mixin.py:188} INFO - [2024-01-14T15:58:06.707+0200] {dag.py:3033} INFO - Sync 1 DAGs
[2024-01-14T15:58:06.727+0200] {logging_mixin.py:188} INFO - [2024-01-14T15:58:06.727+0200] {dag.py:3820} INFO - Setting next_dagrun for example_sla_dag to 2024-01-14T13:56:00+00:00, run_after=2024-01-14T13:58:00+00:00
[2024-01-14T15:58:06.751+0200] {processor.py:183} INFO - Processing /home/mahmoud/airflow_env/lib/python3.10/site-packages/airflow/example_dags/example_sla_dag.py took 0.074 seconds
