[2024-01-14T15:08:26.495+0200] {processor.py:161} INFO - Started process (PID=16139) to work on /home/mahmoud/airflow_env/lib/python3.10/site-packages/airflow/example_dags/example_trigger_target_dag.py
[2024-01-14T15:08:26.495+0200] {processor.py:830} INFO - Processing file /home/mahmoud/airflow_env/lib/python3.10/site-packages/airflow/example_dags/example_trigger_target_dag.py for tasks to queue
[2024-01-14T15:08:26.496+0200] {logging_mixin.py:188} INFO - [2024-01-14T15:08:26.496+0200] {dagbag.py:538} INFO - Filling up the DagBag from /home/mahmoud/airflow_env/lib/python3.10/site-packages/airflow/example_dags/example_trigger_target_dag.py
[2024-01-14T15:08:26.504+0200] {processor.py:840} INFO - DAG(s) 'example_trigger_target_dag' retrieved from /home/mahmoud/airflow_env/lib/python3.10/site-packages/airflow/example_dags/example_trigger_target_dag.py
[2024-01-14T15:08:26.670+0200] {logging_mixin.py:188} INFO - [2024-01-14T15:08:26.669+0200] {override.py:1769} INFO - Created Permission View: can edit on DAG:example_trigger_target_dag
[2024-01-14T15:08:26.686+0200] {logging_mixin.py:188} INFO - [2024-01-14T15:08:26.686+0200] {override.py:1769} INFO - Created Permission View: can delete on DAG:example_trigger_target_dag
[2024-01-14T15:08:26.698+0200] {logging_mixin.py:188} INFO - [2024-01-14T15:08:26.697+0200] {override.py:1769} INFO - Created Permission View: can read on DAG:example_trigger_target_dag
[2024-01-14T15:08:26.698+0200] {logging_mixin.py:188} INFO - [2024-01-14T15:08:26.698+0200] {dag.py:3033} INFO - Sync 1 DAGs
[2024-01-14T15:08:26.706+0200] {logging_mixin.py:188} INFO - [2024-01-14T15:08:26.706+0200] {dag.py:3055} INFO - Creating ORM DAG for example_trigger_target_dag
[2024-01-14T15:08:26.706+0200] {logging_mixin.py:188} INFO - [2024-01-14T15:08:26.706+0200] {dag.py:3820} INFO - Setting next_dagrun for example_trigger_target_dag to None, run_after=None
[2024-01-14T15:08:26.728+0200] {processor.py:183} INFO - Processing /home/mahmoud/airflow_env/lib/python3.10/site-packages/airflow/example_dags/example_trigger_target_dag.py took 0.237 seconds
[2024-01-14T15:09:17.552+0200] {processor.py:161} INFO - Started process (PID=16472) to work on /home/mahmoud/airflow_env/lib/python3.10/site-packages/airflow/example_dags/example_trigger_target_dag.py
[2024-01-14T15:09:17.553+0200] {processor.py:830} INFO - Processing file /home/mahmoud/airflow_env/lib/python3.10/site-packages/airflow/example_dags/example_trigger_target_dag.py for tasks to queue
[2024-01-14T15:09:17.554+0200] {logging_mixin.py:188} INFO - [2024-01-14T15:09:17.554+0200] {dagbag.py:538} INFO - Filling up the DagBag from /home/mahmoud/airflow_env/lib/python3.10/site-packages/airflow/example_dags/example_trigger_target_dag.py
[2024-01-14T15:09:17.559+0200] {processor.py:840} INFO - DAG(s) 'example_trigger_target_dag' retrieved from /home/mahmoud/airflow_env/lib/python3.10/site-packages/airflow/example_dags/example_trigger_target_dag.py
[2024-01-14T15:09:17.571+0200] {logging_mixin.py:188} INFO - [2024-01-14T15:09:17.571+0200] {dag.py:3033} INFO - Sync 1 DAGs
[2024-01-14T15:09:17.579+0200] {logging_mixin.py:188} INFO - [2024-01-14T15:09:17.579+0200] {dag.py:3820} INFO - Setting next_dagrun for example_trigger_target_dag to None, run_after=None
[2024-01-14T15:09:17.599+0200] {processor.py:183} INFO - Processing /home/mahmoud/airflow_env/lib/python3.10/site-packages/airflow/example_dags/example_trigger_target_dag.py took 0.048 seconds
[2024-01-14T15:10:06.310+0200] {processor.py:161} INFO - Started process (PID=16695) to work on /home/mahmoud/airflow_env/lib/python3.10/site-packages/airflow/example_dags/example_trigger_target_dag.py
[2024-01-14T15:10:06.311+0200] {processor.py:830} INFO - Processing file /home/mahmoud/airflow_env/lib/python3.10/site-packages/airflow/example_dags/example_trigger_target_dag.py for tasks to queue
[2024-01-14T15:10:06.312+0200] {logging_mixin.py:188} INFO - [2024-01-14T15:10:06.311+0200] {dagbag.py:538} INFO - Filling up the DagBag from /home/mahmoud/airflow_env/lib/python3.10/site-packages/airflow/example_dags/example_trigger_target_dag.py
[2024-01-14T15:10:06.318+0200] {processor.py:840} INFO - DAG(s) 'example_trigger_target_dag' retrieved from /home/mahmoud/airflow_env/lib/python3.10/site-packages/airflow/example_dags/example_trigger_target_dag.py
[2024-01-14T15:10:06.332+0200] {logging_mixin.py:188} INFO - [2024-01-14T15:10:06.332+0200] {dag.py:3033} INFO - Sync 1 DAGs
[2024-01-14T15:10:06.341+0200] {logging_mixin.py:188} INFO - [2024-01-14T15:10:06.341+0200] {dag.py:3820} INFO - Setting next_dagrun for example_trigger_target_dag to None, run_after=None
[2024-01-14T15:10:06.360+0200] {processor.py:183} INFO - Processing /home/mahmoud/airflow_env/lib/python3.10/site-packages/airflow/example_dags/example_trigger_target_dag.py took 0.054 seconds
[2024-01-14T15:11:03.946+0200] {processor.py:161} INFO - Started process (PID=16928) to work on /home/mahmoud/airflow_env/lib/python3.10/site-packages/airflow/example_dags/example_trigger_target_dag.py
[2024-01-14T15:11:03.948+0200] {processor.py:830} INFO - Processing file /home/mahmoud/airflow_env/lib/python3.10/site-packages/airflow/example_dags/example_trigger_target_dag.py for tasks to queue
[2024-01-14T15:11:03.950+0200] {logging_mixin.py:188} INFO - [2024-01-14T15:11:03.949+0200] {dagbag.py:538} INFO - Filling up the DagBag from /home/mahmoud/airflow_env/lib/python3.10/site-packages/airflow/example_dags/example_trigger_target_dag.py
[2024-01-14T15:11:03.962+0200] {processor.py:840} INFO - DAG(s) 'example_trigger_target_dag' retrieved from /home/mahmoud/airflow_env/lib/python3.10/site-packages/airflow/example_dags/example_trigger_target_dag.py
[2024-01-14T15:11:03.981+0200] {logging_mixin.py:188} INFO - [2024-01-14T15:11:03.981+0200] {dag.py:3033} INFO - Sync 1 DAGs
[2024-01-14T15:11:03.993+0200] {logging_mixin.py:188} INFO - [2024-01-14T15:11:03.993+0200] {dag.py:3820} INFO - Setting next_dagrun for example_trigger_target_dag to None, run_after=None
[2024-01-14T15:11:04.021+0200] {processor.py:183} INFO - Processing /home/mahmoud/airflow_env/lib/python3.10/site-packages/airflow/example_dags/example_trigger_target_dag.py took 0.086 seconds
[2024-01-14T15:12:00.693+0200] {processor.py:161} INFO - Started process (PID=17195) to work on /home/mahmoud/airflow_env/lib/python3.10/site-packages/airflow/example_dags/example_trigger_target_dag.py
[2024-01-14T15:12:00.695+0200] {processor.py:830} INFO - Processing file /home/mahmoud/airflow_env/lib/python3.10/site-packages/airflow/example_dags/example_trigger_target_dag.py for tasks to queue
[2024-01-14T15:12:00.696+0200] {logging_mixin.py:188} INFO - [2024-01-14T15:12:00.696+0200] {dagbag.py:538} INFO - Filling up the DagBag from /home/mahmoud/airflow_env/lib/python3.10/site-packages/airflow/example_dags/example_trigger_target_dag.py
[2024-01-14T15:12:00.705+0200] {processor.py:840} INFO - DAG(s) 'example_trigger_target_dag' retrieved from /home/mahmoud/airflow_env/lib/python3.10/site-packages/airflow/example_dags/example_trigger_target_dag.py
[2024-01-14T15:12:00.719+0200] {logging_mixin.py:188} INFO - [2024-01-14T15:12:00.719+0200] {dag.py:3033} INFO - Sync 1 DAGs
[2024-01-14T15:12:00.729+0200] {logging_mixin.py:188} INFO - [2024-01-14T15:12:00.729+0200] {dag.py:3820} INFO - Setting next_dagrun for example_trigger_target_dag to None, run_after=None
[2024-01-14T15:12:00.752+0200] {processor.py:183} INFO - Processing /home/mahmoud/airflow_env/lib/python3.10/site-packages/airflow/example_dags/example_trigger_target_dag.py took 0.064 seconds
[2024-01-14T15:12:53.473+0200] {processor.py:161} INFO - Started process (PID=17399) to work on /home/mahmoud/airflow_env/lib/python3.10/site-packages/airflow/example_dags/example_trigger_target_dag.py
[2024-01-14T15:12:53.474+0200] {processor.py:830} INFO - Processing file /home/mahmoud/airflow_env/lib/python3.10/site-packages/airflow/example_dags/example_trigger_target_dag.py for tasks to queue
[2024-01-14T15:12:53.475+0200] {logging_mixin.py:188} INFO - [2024-01-14T15:12:53.475+0200] {dagbag.py:538} INFO - Filling up the DagBag from /home/mahmoud/airflow_env/lib/python3.10/site-packages/airflow/example_dags/example_trigger_target_dag.py
[2024-01-14T15:12:53.481+0200] {processor.py:840} INFO - DAG(s) 'example_trigger_target_dag' retrieved from /home/mahmoud/airflow_env/lib/python3.10/site-packages/airflow/example_dags/example_trigger_target_dag.py
[2024-01-14T15:12:53.493+0200] {logging_mixin.py:188} INFO - [2024-01-14T15:12:53.493+0200] {dag.py:3033} INFO - Sync 1 DAGs
[2024-01-14T15:12:53.503+0200] {logging_mixin.py:188} INFO - [2024-01-14T15:12:53.503+0200] {dag.py:3820} INFO - Setting next_dagrun for example_trigger_target_dag to None, run_after=None
[2024-01-14T15:12:53.538+0200] {processor.py:183} INFO - Processing /home/mahmoud/airflow_env/lib/python3.10/site-packages/airflow/example_dags/example_trigger_target_dag.py took 0.068 seconds
[2024-01-14T15:13:47.293+0200] {processor.py:161} INFO - Started process (PID=17650) to work on /home/mahmoud/airflow_env/lib/python3.10/site-packages/airflow/example_dags/example_trigger_target_dag.py
[2024-01-14T15:13:47.295+0200] {processor.py:830} INFO - Processing file /home/mahmoud/airflow_env/lib/python3.10/site-packages/airflow/example_dags/example_trigger_target_dag.py for tasks to queue
[2024-01-14T15:13:47.296+0200] {logging_mixin.py:188} INFO - [2024-01-14T15:13:47.296+0200] {dagbag.py:538} INFO - Filling up the DagBag from /home/mahmoud/airflow_env/lib/python3.10/site-packages/airflow/example_dags/example_trigger_target_dag.py
[2024-01-14T15:13:47.303+0200] {processor.py:840} INFO - DAG(s) 'example_trigger_target_dag' retrieved from /home/mahmoud/airflow_env/lib/python3.10/site-packages/airflow/example_dags/example_trigger_target_dag.py
[2024-01-14T15:13:47.315+0200] {logging_mixin.py:188} INFO - [2024-01-14T15:13:47.315+0200] {dag.py:3033} INFO - Sync 1 DAGs
[2024-01-14T15:13:47.324+0200] {logging_mixin.py:188} INFO - [2024-01-14T15:13:47.324+0200] {dag.py:3820} INFO - Setting next_dagrun for example_trigger_target_dag to None, run_after=None
[2024-01-14T15:13:47.345+0200] {processor.py:183} INFO - Processing /home/mahmoud/airflow_env/lib/python3.10/site-packages/airflow/example_dags/example_trigger_target_dag.py took 0.056 seconds
[2024-01-14T15:20:14.209+0200] {processor.py:161} INFO - Started process (PID=19519) to work on /home/mahmoud/airflow_env/lib/python3.10/site-packages/airflow/example_dags/example_trigger_target_dag.py
[2024-01-14T15:20:14.211+0200] {processor.py:830} INFO - Processing file /home/mahmoud/airflow_env/lib/python3.10/site-packages/airflow/example_dags/example_trigger_target_dag.py for tasks to queue
[2024-01-14T15:20:14.212+0200] {logging_mixin.py:188} INFO - [2024-01-14T15:20:14.211+0200] {dagbag.py:538} INFO - Filling up the DagBag from /home/mahmoud/airflow_env/lib/python3.10/site-packages/airflow/example_dags/example_trigger_target_dag.py
[2024-01-14T15:20:14.218+0200] {processor.py:840} INFO - DAG(s) 'example_trigger_target_dag' retrieved from /home/mahmoud/airflow_env/lib/python3.10/site-packages/airflow/example_dags/example_trigger_target_dag.py
[2024-01-14T15:20:14.231+0200] {logging_mixin.py:188} INFO - [2024-01-14T15:20:14.231+0200] {dag.py:3033} INFO - Sync 1 DAGs
[2024-01-14T15:20:14.320+0200] {logging_mixin.py:188} INFO - [2024-01-14T15:20:14.320+0200] {dag.py:3820} INFO - Setting next_dagrun for example_trigger_target_dag to None, run_after=None
[2024-01-14T15:20:14.349+0200] {processor.py:183} INFO - Processing /home/mahmoud/airflow_env/lib/python3.10/site-packages/airflow/example_dags/example_trigger_target_dag.py took 0.142 seconds
[2024-01-14T15:21:04.523+0200] {processor.py:161} INFO - Started process (PID=19712) to work on /home/mahmoud/airflow_env/lib/python3.10/site-packages/airflow/example_dags/example_trigger_target_dag.py
[2024-01-14T15:21:04.525+0200] {processor.py:830} INFO - Processing file /home/mahmoud/airflow_env/lib/python3.10/site-packages/airflow/example_dags/example_trigger_target_dag.py for tasks to queue
[2024-01-14T15:21:04.526+0200] {logging_mixin.py:188} INFO - [2024-01-14T15:21:04.526+0200] {dagbag.py:538} INFO - Filling up the DagBag from /home/mahmoud/airflow_env/lib/python3.10/site-packages/airflow/example_dags/example_trigger_target_dag.py
[2024-01-14T15:21:04.535+0200] {processor.py:840} INFO - DAG(s) 'example_trigger_target_dag' retrieved from /home/mahmoud/airflow_env/lib/python3.10/site-packages/airflow/example_dags/example_trigger_target_dag.py
[2024-01-14T15:21:04.555+0200] {logging_mixin.py:188} INFO - [2024-01-14T15:21:04.555+0200] {dag.py:3033} INFO - Sync 1 DAGs
[2024-01-14T15:21:04.565+0200] {logging_mixin.py:188} INFO - [2024-01-14T15:21:04.565+0200] {dag.py:3820} INFO - Setting next_dagrun for example_trigger_target_dag to None, run_after=None
[2024-01-14T15:21:04.588+0200] {processor.py:183} INFO - Processing /home/mahmoud/airflow_env/lib/python3.10/site-packages/airflow/example_dags/example_trigger_target_dag.py took 0.069 seconds
[2024-01-14T15:21:54.534+0200] {processor.py:161} INFO - Started process (PID=19911) to work on /home/mahmoud/airflow_env/lib/python3.10/site-packages/airflow/example_dags/example_trigger_target_dag.py
[2024-01-14T15:21:54.536+0200] {processor.py:830} INFO - Processing file /home/mahmoud/airflow_env/lib/python3.10/site-packages/airflow/example_dags/example_trigger_target_dag.py for tasks to queue
[2024-01-14T15:21:54.537+0200] {logging_mixin.py:188} INFO - [2024-01-14T15:21:54.536+0200] {dagbag.py:538} INFO - Filling up the DagBag from /home/mahmoud/airflow_env/lib/python3.10/site-packages/airflow/example_dags/example_trigger_target_dag.py
[2024-01-14T15:21:54.544+0200] {processor.py:840} INFO - DAG(s) 'example_trigger_target_dag' retrieved from /home/mahmoud/airflow_env/lib/python3.10/site-packages/airflow/example_dags/example_trigger_target_dag.py
[2024-01-14T15:21:54.557+0200] {logging_mixin.py:188} INFO - [2024-01-14T15:21:54.557+0200] {dag.py:3033} INFO - Sync 1 DAGs
[2024-01-14T15:21:54.567+0200] {logging_mixin.py:188} INFO - [2024-01-14T15:21:54.567+0200] {dag.py:3820} INFO - Setting next_dagrun for example_trigger_target_dag to None, run_after=None
[2024-01-14T15:21:54.589+0200] {processor.py:183} INFO - Processing /home/mahmoud/airflow_env/lib/python3.10/site-packages/airflow/example_dags/example_trigger_target_dag.py took 0.058 seconds
[2024-01-14T15:22:48.264+0200] {processor.py:161} INFO - Started process (PID=20124) to work on /home/mahmoud/airflow_env/lib/python3.10/site-packages/airflow/example_dags/example_trigger_target_dag.py
[2024-01-14T15:22:48.267+0200] {processor.py:830} INFO - Processing file /home/mahmoud/airflow_env/lib/python3.10/site-packages/airflow/example_dags/example_trigger_target_dag.py for tasks to queue
[2024-01-14T15:22:48.269+0200] {logging_mixin.py:188} INFO - [2024-01-14T15:22:48.268+0200] {dagbag.py:538} INFO - Filling up the DagBag from /home/mahmoud/airflow_env/lib/python3.10/site-packages/airflow/example_dags/example_trigger_target_dag.py
[2024-01-14T15:22:48.282+0200] {processor.py:840} INFO - DAG(s) 'example_trigger_target_dag' retrieved from /home/mahmoud/airflow_env/lib/python3.10/site-packages/airflow/example_dags/example_trigger_target_dag.py
[2024-01-14T15:22:48.304+0200] {logging_mixin.py:188} INFO - [2024-01-14T15:22:48.303+0200] {dag.py:3033} INFO - Sync 1 DAGs
[2024-01-14T15:22:48.316+0200] {logging_mixin.py:188} INFO - [2024-01-14T15:22:48.316+0200] {dag.py:3820} INFO - Setting next_dagrun for example_trigger_target_dag to None, run_after=None
[2024-01-14T15:22:48.340+0200] {processor.py:183} INFO - Processing /home/mahmoud/airflow_env/lib/python3.10/site-packages/airflow/example_dags/example_trigger_target_dag.py took 0.083 seconds
[2024-01-14T15:38:06.482+0200] {processor.py:161} INFO - Started process (PID=24588) to work on /home/mahmoud/airflow_env/lib/python3.10/site-packages/airflow/example_dags/example_trigger_target_dag.py
[2024-01-14T15:38:06.485+0200] {processor.py:830} INFO - Processing file /home/mahmoud/airflow_env/lib/python3.10/site-packages/airflow/example_dags/example_trigger_target_dag.py for tasks to queue
[2024-01-14T15:38:06.486+0200] {logging_mixin.py:188} INFO - [2024-01-14T15:38:06.486+0200] {dagbag.py:538} INFO - Filling up the DagBag from /home/mahmoud/airflow_env/lib/python3.10/site-packages/airflow/example_dags/example_trigger_target_dag.py
[2024-01-14T15:38:06.499+0200] {processor.py:840} INFO - DAG(s) 'example_trigger_target_dag' retrieved from /home/mahmoud/airflow_env/lib/python3.10/site-packages/airflow/example_dags/example_trigger_target_dag.py
[2024-01-14T15:38:06.516+0200] {logging_mixin.py:188} INFO - [2024-01-14T15:38:06.516+0200] {dag.py:3033} INFO - Sync 1 DAGs
[2024-01-14T15:38:06.602+0200] {logging_mixin.py:188} INFO - [2024-01-14T15:38:06.602+0200] {dag.py:3820} INFO - Setting next_dagrun for example_trigger_target_dag to None, run_after=None
[2024-01-14T15:38:06.627+0200] {processor.py:183} INFO - Processing /home/mahmoud/airflow_env/lib/python3.10/site-packages/airflow/example_dags/example_trigger_target_dag.py took 0.151 seconds
[2024-01-14T15:38:55.898+0200] {processor.py:161} INFO - Started process (PID=24979) to work on /home/mahmoud/airflow_env/lib/python3.10/site-packages/airflow/example_dags/example_trigger_target_dag.py
[2024-01-14T15:38:55.901+0200] {processor.py:830} INFO - Processing file /home/mahmoud/airflow_env/lib/python3.10/site-packages/airflow/example_dags/example_trigger_target_dag.py for tasks to queue
[2024-01-14T15:38:55.902+0200] {logging_mixin.py:188} INFO - [2024-01-14T15:38:55.902+0200] {dagbag.py:538} INFO - Filling up the DagBag from /home/mahmoud/airflow_env/lib/python3.10/site-packages/airflow/example_dags/example_trigger_target_dag.py
[2024-01-14T15:38:55.910+0200] {processor.py:840} INFO - DAG(s) 'example_trigger_target_dag' retrieved from /home/mahmoud/airflow_env/lib/python3.10/site-packages/airflow/example_dags/example_trigger_target_dag.py
[2024-01-14T15:38:55.927+0200] {logging_mixin.py:188} INFO - [2024-01-14T15:38:55.927+0200] {dag.py:3033} INFO - Sync 1 DAGs
[2024-01-14T15:38:55.937+0200] {logging_mixin.py:188} INFO - [2024-01-14T15:38:55.937+0200] {dag.py:3820} INFO - Setting next_dagrun for example_trigger_target_dag to None, run_after=None
[2024-01-14T15:38:55.959+0200] {processor.py:183} INFO - Processing /home/mahmoud/airflow_env/lib/python3.10/site-packages/airflow/example_dags/example_trigger_target_dag.py took 0.066 seconds
[2024-01-14T15:39:41.909+0200] {processor.py:161} INFO - Started process (PID=25223) to work on /home/mahmoud/airflow_env/lib/python3.10/site-packages/airflow/example_dags/example_trigger_target_dag.py
[2024-01-14T15:39:41.912+0200] {processor.py:830} INFO - Processing file /home/mahmoud/airflow_env/lib/python3.10/site-packages/airflow/example_dags/example_trigger_target_dag.py for tasks to queue
[2024-01-14T15:39:41.913+0200] {logging_mixin.py:188} INFO - [2024-01-14T15:39:41.912+0200] {dagbag.py:538} INFO - Filling up the DagBag from /home/mahmoud/airflow_env/lib/python3.10/site-packages/airflow/example_dags/example_trigger_target_dag.py
[2024-01-14T15:39:41.919+0200] {processor.py:840} INFO - DAG(s) 'example_trigger_target_dag' retrieved from /home/mahmoud/airflow_env/lib/python3.10/site-packages/airflow/example_dags/example_trigger_target_dag.py
[2024-01-14T15:39:41.933+0200] {logging_mixin.py:188} INFO - [2024-01-14T15:39:41.933+0200] {dag.py:3033} INFO - Sync 1 DAGs
[2024-01-14T15:39:41.944+0200] {logging_mixin.py:188} INFO - [2024-01-14T15:39:41.943+0200] {dag.py:3820} INFO - Setting next_dagrun for example_trigger_target_dag to None, run_after=None
[2024-01-14T15:39:41.966+0200] {processor.py:183} INFO - Processing /home/mahmoud/airflow_env/lib/python3.10/site-packages/airflow/example_dags/example_trigger_target_dag.py took 0.062 seconds
[2024-01-14T15:40:34.852+0200] {processor.py:161} INFO - Started process (PID=25432) to work on /home/mahmoud/airflow_env/lib/python3.10/site-packages/airflow/example_dags/example_trigger_target_dag.py
[2024-01-14T15:40:34.853+0200] {processor.py:830} INFO - Processing file /home/mahmoud/airflow_env/lib/python3.10/site-packages/airflow/example_dags/example_trigger_target_dag.py for tasks to queue
[2024-01-14T15:40:34.854+0200] {logging_mixin.py:188} INFO - [2024-01-14T15:40:34.854+0200] {dagbag.py:538} INFO - Filling up the DagBag from /home/mahmoud/airflow_env/lib/python3.10/site-packages/airflow/example_dags/example_trigger_target_dag.py
[2024-01-14T15:40:34.861+0200] {processor.py:840} INFO - DAG(s) 'example_trigger_target_dag' retrieved from /home/mahmoud/airflow_env/lib/python3.10/site-packages/airflow/example_dags/example_trigger_target_dag.py
[2024-01-14T15:40:34.874+0200] {logging_mixin.py:188} INFO - [2024-01-14T15:40:34.874+0200] {dag.py:3033} INFO - Sync 1 DAGs
[2024-01-14T15:40:34.888+0200] {logging_mixin.py:188} INFO - [2024-01-14T15:40:34.887+0200] {dag.py:3820} INFO - Setting next_dagrun for example_trigger_target_dag to None, run_after=None
[2024-01-14T15:40:34.914+0200] {processor.py:183} INFO - Processing /home/mahmoud/airflow_env/lib/python3.10/site-packages/airflow/example_dags/example_trigger_target_dag.py took 0.065 seconds
[2024-01-14T15:41:28.774+0200] {processor.py:161} INFO - Started process (PID=25707) to work on /home/mahmoud/airflow_env/lib/python3.10/site-packages/airflow/example_dags/example_trigger_target_dag.py
[2024-01-14T15:41:28.776+0200] {processor.py:830} INFO - Processing file /home/mahmoud/airflow_env/lib/python3.10/site-packages/airflow/example_dags/example_trigger_target_dag.py for tasks to queue
[2024-01-14T15:41:28.777+0200] {logging_mixin.py:188} INFO - [2024-01-14T15:41:28.776+0200] {dagbag.py:538} INFO - Filling up the DagBag from /home/mahmoud/airflow_env/lib/python3.10/site-packages/airflow/example_dags/example_trigger_target_dag.py
[2024-01-14T15:41:28.784+0200] {processor.py:840} INFO - DAG(s) 'example_trigger_target_dag' retrieved from /home/mahmoud/airflow_env/lib/python3.10/site-packages/airflow/example_dags/example_trigger_target_dag.py
[2024-01-14T15:41:28.802+0200] {logging_mixin.py:188} INFO - [2024-01-14T15:41:28.802+0200] {dag.py:3033} INFO - Sync 1 DAGs
[2024-01-14T15:41:28.815+0200] {logging_mixin.py:188} INFO - [2024-01-14T15:41:28.814+0200] {dag.py:3820} INFO - Setting next_dagrun for example_trigger_target_dag to None, run_after=None
[2024-01-14T15:41:28.844+0200] {processor.py:183} INFO - Processing /home/mahmoud/airflow_env/lib/python3.10/site-packages/airflow/example_dags/example_trigger_target_dag.py took 0.074 seconds
[2024-01-14T15:42:21.360+0200] {processor.py:161} INFO - Started process (PID=25911) to work on /home/mahmoud/airflow_env/lib/python3.10/site-packages/airflow/example_dags/example_trigger_target_dag.py
[2024-01-14T15:42:21.363+0200] {processor.py:830} INFO - Processing file /home/mahmoud/airflow_env/lib/python3.10/site-packages/airflow/example_dags/example_trigger_target_dag.py for tasks to queue
[2024-01-14T15:42:21.364+0200] {logging_mixin.py:188} INFO - [2024-01-14T15:42:21.363+0200] {dagbag.py:538} INFO - Filling up the DagBag from /home/mahmoud/airflow_env/lib/python3.10/site-packages/airflow/example_dags/example_trigger_target_dag.py
[2024-01-14T15:42:21.370+0200] {processor.py:840} INFO - DAG(s) 'example_trigger_target_dag' retrieved from /home/mahmoud/airflow_env/lib/python3.10/site-packages/airflow/example_dags/example_trigger_target_dag.py
[2024-01-14T15:42:21.384+0200] {logging_mixin.py:188} INFO - [2024-01-14T15:42:21.384+0200] {dag.py:3033} INFO - Sync 1 DAGs
[2024-01-14T15:42:21.394+0200] {logging_mixin.py:188} INFO - [2024-01-14T15:42:21.394+0200] {dag.py:3820} INFO - Setting next_dagrun for example_trigger_target_dag to None, run_after=None
[2024-01-14T15:42:21.418+0200] {processor.py:183} INFO - Processing /home/mahmoud/airflow_env/lib/python3.10/site-packages/airflow/example_dags/example_trigger_target_dag.py took 0.062 seconds
[2024-01-14T15:43:24.139+0200] {processor.py:161} INFO - Started process (PID=26691) to work on /home/mahmoud/airflow_env/lib/python3.10/site-packages/airflow/example_dags/example_trigger_target_dag.py
[2024-01-14T15:43:24.140+0200] {processor.py:830} INFO - Processing file /home/mahmoud/airflow_env/lib/python3.10/site-packages/airflow/example_dags/example_trigger_target_dag.py for tasks to queue
[2024-01-14T15:43:24.141+0200] {logging_mixin.py:188} INFO - [2024-01-14T15:43:24.141+0200] {dagbag.py:538} INFO - Filling up the DagBag from /home/mahmoud/airflow_env/lib/python3.10/site-packages/airflow/example_dags/example_trigger_target_dag.py
[2024-01-14T15:43:24.147+0200] {processor.py:840} INFO - DAG(s) 'example_trigger_target_dag' retrieved from /home/mahmoud/airflow_env/lib/python3.10/site-packages/airflow/example_dags/example_trigger_target_dag.py
[2024-01-14T15:43:24.160+0200] {logging_mixin.py:188} INFO - [2024-01-14T15:43:24.160+0200] {dag.py:3033} INFO - Sync 1 DAGs
[2024-01-14T15:43:24.170+0200] {logging_mixin.py:188} INFO - [2024-01-14T15:43:24.170+0200] {dag.py:3820} INFO - Setting next_dagrun for example_trigger_target_dag to None, run_after=None
[2024-01-14T15:43:24.194+0200] {processor.py:183} INFO - Processing /home/mahmoud/airflow_env/lib/python3.10/site-packages/airflow/example_dags/example_trigger_target_dag.py took 0.059 seconds
[2024-01-14T15:44:14.278+0200] {processor.py:161} INFO - Started process (PID=27099) to work on /home/mahmoud/airflow_env/lib/python3.10/site-packages/airflow/example_dags/example_trigger_target_dag.py
[2024-01-14T15:44:14.279+0200] {processor.py:830} INFO - Processing file /home/mahmoud/airflow_env/lib/python3.10/site-packages/airflow/example_dags/example_trigger_target_dag.py for tasks to queue
[2024-01-14T15:44:14.280+0200] {logging_mixin.py:188} INFO - [2024-01-14T15:44:14.280+0200] {dagbag.py:538} INFO - Filling up the DagBag from /home/mahmoud/airflow_env/lib/python3.10/site-packages/airflow/example_dags/example_trigger_target_dag.py
[2024-01-14T15:44:14.288+0200] {processor.py:840} INFO - DAG(s) 'example_trigger_target_dag' retrieved from /home/mahmoud/airflow_env/lib/python3.10/site-packages/airflow/example_dags/example_trigger_target_dag.py
[2024-01-14T15:44:14.304+0200] {logging_mixin.py:188} INFO - [2024-01-14T15:44:14.304+0200] {dag.py:3033} INFO - Sync 1 DAGs
[2024-01-14T15:44:14.316+0200] {logging_mixin.py:188} INFO - [2024-01-14T15:44:14.316+0200] {dag.py:3820} INFO - Setting next_dagrun for example_trigger_target_dag to None, run_after=None
[2024-01-14T15:44:14.337+0200] {processor.py:183} INFO - Processing /home/mahmoud/airflow_env/lib/python3.10/site-packages/airflow/example_dags/example_trigger_target_dag.py took 0.063 seconds
[2024-01-14T15:45:01.101+0200] {processor.py:161} INFO - Started process (PID=27641) to work on /home/mahmoud/airflow_env/lib/python3.10/site-packages/airflow/example_dags/example_trigger_target_dag.py
[2024-01-14T15:45:01.103+0200] {processor.py:830} INFO - Processing file /home/mahmoud/airflow_env/lib/python3.10/site-packages/airflow/example_dags/example_trigger_target_dag.py for tasks to queue
[2024-01-14T15:45:01.104+0200] {logging_mixin.py:188} INFO - [2024-01-14T15:45:01.103+0200] {dagbag.py:538} INFO - Filling up the DagBag from /home/mahmoud/airflow_env/lib/python3.10/site-packages/airflow/example_dags/example_trigger_target_dag.py
[2024-01-14T15:45:01.110+0200] {processor.py:840} INFO - DAG(s) 'example_trigger_target_dag' retrieved from /home/mahmoud/airflow_env/lib/python3.10/site-packages/airflow/example_dags/example_trigger_target_dag.py
[2024-01-14T15:45:01.123+0200] {logging_mixin.py:188} INFO - [2024-01-14T15:45:01.123+0200] {dag.py:3033} INFO - Sync 1 DAGs
[2024-01-14T15:45:01.133+0200] {logging_mixin.py:188} INFO - [2024-01-14T15:45:01.133+0200] {dag.py:3820} INFO - Setting next_dagrun for example_trigger_target_dag to None, run_after=None
[2024-01-14T15:45:01.154+0200] {processor.py:183} INFO - Processing /home/mahmoud/airflow_env/lib/python3.10/site-packages/airflow/example_dags/example_trigger_target_dag.py took 0.057 seconds
[2024-01-14T15:45:51.632+0200] {processor.py:161} INFO - Started process (PID=27890) to work on /home/mahmoud/airflow_env/lib/python3.10/site-packages/airflow/example_dags/example_trigger_target_dag.py
[2024-01-14T15:45:51.634+0200] {processor.py:830} INFO - Processing file /home/mahmoud/airflow_env/lib/python3.10/site-packages/airflow/example_dags/example_trigger_target_dag.py for tasks to queue
[2024-01-14T15:45:51.635+0200] {logging_mixin.py:188} INFO - [2024-01-14T15:45:51.635+0200] {dagbag.py:538} INFO - Filling up the DagBag from /home/mahmoud/airflow_env/lib/python3.10/site-packages/airflow/example_dags/example_trigger_target_dag.py
[2024-01-14T15:45:51.643+0200] {processor.py:840} INFO - DAG(s) 'example_trigger_target_dag' retrieved from /home/mahmoud/airflow_env/lib/python3.10/site-packages/airflow/example_dags/example_trigger_target_dag.py
[2024-01-14T15:45:51.657+0200] {logging_mixin.py:188} INFO - [2024-01-14T15:45:51.657+0200] {dag.py:3033} INFO - Sync 1 DAGs
[2024-01-14T15:45:51.668+0200] {logging_mixin.py:188} INFO - [2024-01-14T15:45:51.668+0200] {dag.py:3820} INFO - Setting next_dagrun for example_trigger_target_dag to None, run_after=None
[2024-01-14T15:45:51.695+0200] {processor.py:183} INFO - Processing /home/mahmoud/airflow_env/lib/python3.10/site-packages/airflow/example_dags/example_trigger_target_dag.py took 0.067 seconds
[2024-01-14T15:46:45.307+0200] {processor.py:161} INFO - Started process (PID=28101) to work on /home/mahmoud/airflow_env/lib/python3.10/site-packages/airflow/example_dags/example_trigger_target_dag.py
[2024-01-14T15:46:45.308+0200] {processor.py:830} INFO - Processing file /home/mahmoud/airflow_env/lib/python3.10/site-packages/airflow/example_dags/example_trigger_target_dag.py for tasks to queue
[2024-01-14T15:46:45.309+0200] {logging_mixin.py:188} INFO - [2024-01-14T15:46:45.309+0200] {dagbag.py:538} INFO - Filling up the DagBag from /home/mahmoud/airflow_env/lib/python3.10/site-packages/airflow/example_dags/example_trigger_target_dag.py
[2024-01-14T15:46:45.313+0200] {processor.py:840} INFO - DAG(s) 'example_trigger_target_dag' retrieved from /home/mahmoud/airflow_env/lib/python3.10/site-packages/airflow/example_dags/example_trigger_target_dag.py
[2024-01-14T15:46:45.324+0200] {logging_mixin.py:188} INFO - [2024-01-14T15:46:45.324+0200] {dag.py:3033} INFO - Sync 1 DAGs
[2024-01-14T15:46:45.334+0200] {logging_mixin.py:188} INFO - [2024-01-14T15:46:45.333+0200] {dag.py:3820} INFO - Setting next_dagrun for example_trigger_target_dag to None, run_after=None
[2024-01-14T15:46:45.353+0200] {processor.py:183} INFO - Processing /home/mahmoud/airflow_env/lib/python3.10/site-packages/airflow/example_dags/example_trigger_target_dag.py took 0.049 seconds
[2024-01-14T15:47:39.030+0200] {processor.py:161} INFO - Started process (PID=28378) to work on /home/mahmoud/airflow_env/lib/python3.10/site-packages/airflow/example_dags/example_trigger_target_dag.py
[2024-01-14T15:47:39.032+0200] {processor.py:830} INFO - Processing file /home/mahmoud/airflow_env/lib/python3.10/site-packages/airflow/example_dags/example_trigger_target_dag.py for tasks to queue
[2024-01-14T15:47:39.032+0200] {logging_mixin.py:188} INFO - [2024-01-14T15:47:39.032+0200] {dagbag.py:538} INFO - Filling up the DagBag from /home/mahmoud/airflow_env/lib/python3.10/site-packages/airflow/example_dags/example_trigger_target_dag.py
[2024-01-14T15:47:39.038+0200] {processor.py:840} INFO - DAG(s) 'example_trigger_target_dag' retrieved from /home/mahmoud/airflow_env/lib/python3.10/site-packages/airflow/example_dags/example_trigger_target_dag.py
[2024-01-14T15:47:39.051+0200] {logging_mixin.py:188} INFO - [2024-01-14T15:47:39.051+0200] {dag.py:3033} INFO - Sync 1 DAGs
[2024-01-14T15:47:39.061+0200] {logging_mixin.py:188} INFO - [2024-01-14T15:47:39.061+0200] {dag.py:3820} INFO - Setting next_dagrun for example_trigger_target_dag to None, run_after=None
[2024-01-14T15:47:39.086+0200] {processor.py:183} INFO - Processing /home/mahmoud/airflow_env/lib/python3.10/site-packages/airflow/example_dags/example_trigger_target_dag.py took 0.059 seconds
[2024-01-14T15:48:32.135+0200] {processor.py:161} INFO - Started process (PID=28615) to work on /home/mahmoud/airflow_env/lib/python3.10/site-packages/airflow/example_dags/example_trigger_target_dag.py
[2024-01-14T15:48:32.137+0200] {processor.py:830} INFO - Processing file /home/mahmoud/airflow_env/lib/python3.10/site-packages/airflow/example_dags/example_trigger_target_dag.py for tasks to queue
[2024-01-14T15:48:32.138+0200] {logging_mixin.py:188} INFO - [2024-01-14T15:48:32.137+0200] {dagbag.py:538} INFO - Filling up the DagBag from /home/mahmoud/airflow_env/lib/python3.10/site-packages/airflow/example_dags/example_trigger_target_dag.py
[2024-01-14T15:48:32.143+0200] {processor.py:840} INFO - DAG(s) 'example_trigger_target_dag' retrieved from /home/mahmoud/airflow_env/lib/python3.10/site-packages/airflow/example_dags/example_trigger_target_dag.py
[2024-01-14T15:48:32.156+0200] {logging_mixin.py:188} INFO - [2024-01-14T15:48:32.156+0200] {dag.py:3033} INFO - Sync 1 DAGs
[2024-01-14T15:48:32.166+0200] {logging_mixin.py:188} INFO - [2024-01-14T15:48:32.166+0200] {dag.py:3820} INFO - Setting next_dagrun for example_trigger_target_dag to None, run_after=None
[2024-01-14T15:48:32.190+0200] {processor.py:183} INFO - Processing /home/mahmoud/airflow_env/lib/python3.10/site-packages/airflow/example_dags/example_trigger_target_dag.py took 0.059 seconds
[2024-01-14T15:49:26.475+0200] {processor.py:161} INFO - Started process (PID=28827) to work on /home/mahmoud/airflow_env/lib/python3.10/site-packages/airflow/example_dags/example_trigger_target_dag.py
[2024-01-14T15:49:26.477+0200] {processor.py:830} INFO - Processing file /home/mahmoud/airflow_env/lib/python3.10/site-packages/airflow/example_dags/example_trigger_target_dag.py for tasks to queue
[2024-01-14T15:49:26.478+0200] {logging_mixin.py:188} INFO - [2024-01-14T15:49:26.477+0200] {dagbag.py:538} INFO - Filling up the DagBag from /home/mahmoud/airflow_env/lib/python3.10/site-packages/airflow/example_dags/example_trigger_target_dag.py
[2024-01-14T15:49:26.484+0200] {processor.py:840} INFO - DAG(s) 'example_trigger_target_dag' retrieved from /home/mahmoud/airflow_env/lib/python3.10/site-packages/airflow/example_dags/example_trigger_target_dag.py
[2024-01-14T15:49:26.497+0200] {logging_mixin.py:188} INFO - [2024-01-14T15:49:26.497+0200] {dag.py:3033} INFO - Sync 1 DAGs
[2024-01-14T15:49:26.507+0200] {logging_mixin.py:188} INFO - [2024-01-14T15:49:26.507+0200] {dag.py:3820} INFO - Setting next_dagrun for example_trigger_target_dag to None, run_after=None
[2024-01-14T15:49:26.530+0200] {processor.py:183} INFO - Processing /home/mahmoud/airflow_env/lib/python3.10/site-packages/airflow/example_dags/example_trigger_target_dag.py took 0.059 seconds
[2024-01-14T15:50:17.779+0200] {processor.py:161} INFO - Started process (PID=29031) to work on /home/mahmoud/airflow_env/lib/python3.10/site-packages/airflow/example_dags/example_trigger_target_dag.py
[2024-01-14T15:50:17.781+0200] {processor.py:830} INFO - Processing file /home/mahmoud/airflow_env/lib/python3.10/site-packages/airflow/example_dags/example_trigger_target_dag.py for tasks to queue
[2024-01-14T15:50:17.782+0200] {logging_mixin.py:188} INFO - [2024-01-14T15:50:17.781+0200] {dagbag.py:538} INFO - Filling up the DagBag from /home/mahmoud/airflow_env/lib/python3.10/site-packages/airflow/example_dags/example_trigger_target_dag.py
[2024-01-14T15:50:17.788+0200] {processor.py:840} INFO - DAG(s) 'example_trigger_target_dag' retrieved from /home/mahmoud/airflow_env/lib/python3.10/site-packages/airflow/example_dags/example_trigger_target_dag.py
[2024-01-14T15:50:17.802+0200] {logging_mixin.py:188} INFO - [2024-01-14T15:50:17.802+0200] {dag.py:3033} INFO - Sync 1 DAGs
[2024-01-14T15:50:17.813+0200] {logging_mixin.py:188} INFO - [2024-01-14T15:50:17.812+0200] {dag.py:3820} INFO - Setting next_dagrun for example_trigger_target_dag to None, run_after=None
[2024-01-14T15:50:17.837+0200] {processor.py:183} INFO - Processing /home/mahmoud/airflow_env/lib/python3.10/site-packages/airflow/example_dags/example_trigger_target_dag.py took 0.062 seconds
[2024-01-14T15:51:09.546+0200] {processor.py:161} INFO - Started process (PID=29235) to work on /home/mahmoud/airflow_env/lib/python3.10/site-packages/airflow/example_dags/example_trigger_target_dag.py
[2024-01-14T15:51:09.548+0200] {processor.py:830} INFO - Processing file /home/mahmoud/airflow_env/lib/python3.10/site-packages/airflow/example_dags/example_trigger_target_dag.py for tasks to queue
[2024-01-14T15:51:09.549+0200] {logging_mixin.py:188} INFO - [2024-01-14T15:51:09.548+0200] {dagbag.py:538} INFO - Filling up the DagBag from /home/mahmoud/airflow_env/lib/python3.10/site-packages/airflow/example_dags/example_trigger_target_dag.py
[2024-01-14T15:51:09.555+0200] {processor.py:840} INFO - DAG(s) 'example_trigger_target_dag' retrieved from /home/mahmoud/airflow_env/lib/python3.10/site-packages/airflow/example_dags/example_trigger_target_dag.py
[2024-01-14T15:51:09.568+0200] {logging_mixin.py:188} INFO - [2024-01-14T15:51:09.568+0200] {dag.py:3033} INFO - Sync 1 DAGs
[2024-01-14T15:51:09.579+0200] {logging_mixin.py:188} INFO - [2024-01-14T15:51:09.578+0200] {dag.py:3820} INFO - Setting next_dagrun for example_trigger_target_dag to None, run_after=None
[2024-01-14T15:51:09.603+0200] {processor.py:183} INFO - Processing /home/mahmoud/airflow_env/lib/python3.10/site-packages/airflow/example_dags/example_trigger_target_dag.py took 0.061 seconds
[2024-01-14T15:52:02.458+0200] {processor.py:161} INFO - Started process (PID=29446) to work on /home/mahmoud/airflow_env/lib/python3.10/site-packages/airflow/example_dags/example_trigger_target_dag.py
[2024-01-14T15:52:02.460+0200] {processor.py:830} INFO - Processing file /home/mahmoud/airflow_env/lib/python3.10/site-packages/airflow/example_dags/example_trigger_target_dag.py for tasks to queue
[2024-01-14T15:52:02.461+0200] {logging_mixin.py:188} INFO - [2024-01-14T15:52:02.460+0200] {dagbag.py:538} INFO - Filling up the DagBag from /home/mahmoud/airflow_env/lib/python3.10/site-packages/airflow/example_dags/example_trigger_target_dag.py
[2024-01-14T15:52:02.466+0200] {processor.py:840} INFO - DAG(s) 'example_trigger_target_dag' retrieved from /home/mahmoud/airflow_env/lib/python3.10/site-packages/airflow/example_dags/example_trigger_target_dag.py
[2024-01-14T15:52:02.479+0200] {logging_mixin.py:188} INFO - [2024-01-14T15:52:02.479+0200] {dag.py:3033} INFO - Sync 1 DAGs
[2024-01-14T15:52:02.489+0200] {logging_mixin.py:188} INFO - [2024-01-14T15:52:02.489+0200] {dag.py:3820} INFO - Setting next_dagrun for example_trigger_target_dag to None, run_after=None
[2024-01-14T15:52:02.512+0200] {processor.py:183} INFO - Processing /home/mahmoud/airflow_env/lib/python3.10/site-packages/airflow/example_dags/example_trigger_target_dag.py took 0.056 seconds
[2024-01-14T15:52:52.049+0200] {processor.py:161} INFO - Started process (PID=29670) to work on /home/mahmoud/airflow_env/lib/python3.10/site-packages/airflow/example_dags/example_trigger_target_dag.py
[2024-01-14T15:52:52.050+0200] {processor.py:830} INFO - Processing file /home/mahmoud/airflow_env/lib/python3.10/site-packages/airflow/example_dags/example_trigger_target_dag.py for tasks to queue
[2024-01-14T15:52:52.051+0200] {logging_mixin.py:188} INFO - [2024-01-14T15:52:52.051+0200] {dagbag.py:538} INFO - Filling up the DagBag from /home/mahmoud/airflow_env/lib/python3.10/site-packages/airflow/example_dags/example_trigger_target_dag.py
[2024-01-14T15:52:52.056+0200] {processor.py:840} INFO - DAG(s) 'example_trigger_target_dag' retrieved from /home/mahmoud/airflow_env/lib/python3.10/site-packages/airflow/example_dags/example_trigger_target_dag.py
[2024-01-14T15:52:52.071+0200] {logging_mixin.py:188} INFO - [2024-01-14T15:52:52.070+0200] {dag.py:3033} INFO - Sync 1 DAGs
[2024-01-14T15:52:52.081+0200] {logging_mixin.py:188} INFO - [2024-01-14T15:52:52.081+0200] {dag.py:3820} INFO - Setting next_dagrun for example_trigger_target_dag to None, run_after=None
[2024-01-14T15:52:52.101+0200] {processor.py:183} INFO - Processing /home/mahmoud/airflow_env/lib/python3.10/site-packages/airflow/example_dags/example_trigger_target_dag.py took 0.055 seconds
[2024-01-14T15:53:44.977+0200] {processor.py:161} INFO - Started process (PID=29883) to work on /home/mahmoud/airflow_env/lib/python3.10/site-packages/airflow/example_dags/example_trigger_target_dag.py
[2024-01-14T15:53:44.979+0200] {processor.py:830} INFO - Processing file /home/mahmoud/airflow_env/lib/python3.10/site-packages/airflow/example_dags/example_trigger_target_dag.py for tasks to queue
[2024-01-14T15:53:44.980+0200] {logging_mixin.py:188} INFO - [2024-01-14T15:53:44.980+0200] {dagbag.py:538} INFO - Filling up the DagBag from /home/mahmoud/airflow_env/lib/python3.10/site-packages/airflow/example_dags/example_trigger_target_dag.py
[2024-01-14T15:53:44.986+0200] {processor.py:840} INFO - DAG(s) 'example_trigger_target_dag' retrieved from /home/mahmoud/airflow_env/lib/python3.10/site-packages/airflow/example_dags/example_trigger_target_dag.py
[2024-01-14T15:53:44.999+0200] {logging_mixin.py:188} INFO - [2024-01-14T15:53:44.999+0200] {dag.py:3033} INFO - Sync 1 DAGs
[2024-01-14T15:53:45.010+0200] {logging_mixin.py:188} INFO - [2024-01-14T15:53:45.009+0200] {dag.py:3820} INFO - Setting next_dagrun for example_trigger_target_dag to None, run_after=None
[2024-01-14T15:53:45.031+0200] {processor.py:183} INFO - Processing /home/mahmoud/airflow_env/lib/python3.10/site-packages/airflow/example_dags/example_trigger_target_dag.py took 0.056 seconds
[2024-01-14T15:54:45.142+0200] {processor.py:161} INFO - Started process (PID=30085) to work on /home/mahmoud/airflow_env/lib/python3.10/site-packages/airflow/example_dags/example_trigger_target_dag.py
[2024-01-14T15:54:45.147+0200] {processor.py:830} INFO - Processing file /home/mahmoud/airflow_env/lib/python3.10/site-packages/airflow/example_dags/example_trigger_target_dag.py for tasks to queue
[2024-01-14T15:54:45.150+0200] {logging_mixin.py:188} INFO - [2024-01-14T15:54:45.148+0200] {dagbag.py:538} INFO - Filling up the DagBag from /home/mahmoud/airflow_env/lib/python3.10/site-packages/airflow/example_dags/example_trigger_target_dag.py
[2024-01-14T15:54:45.172+0200] {processor.py:840} INFO - DAG(s) 'example_trigger_target_dag' retrieved from /home/mahmoud/airflow_env/lib/python3.10/site-packages/airflow/example_dags/example_trigger_target_dag.py
[2024-01-14T15:54:45.227+0200] {logging_mixin.py:188} INFO - [2024-01-14T15:54:45.227+0200] {dag.py:3033} INFO - Sync 1 DAGs
[2024-01-14T15:54:45.272+0200] {logging_mixin.py:188} INFO - [2024-01-14T15:54:45.271+0200] {dag.py:3820} INFO - Setting next_dagrun for example_trigger_target_dag to None, run_after=None
[2024-01-14T15:54:45.348+0200] {processor.py:183} INFO - Processing /home/mahmoud/airflow_env/lib/python3.10/site-packages/airflow/example_dags/example_trigger_target_dag.py took 0.217 seconds
[2024-01-14T15:55:52.841+0200] {processor.py:161} INFO - Started process (PID=30318) to work on /home/mahmoud/airflow_env/lib/python3.10/site-packages/airflow/example_dags/example_trigger_target_dag.py
[2024-01-14T15:55:52.845+0200] {processor.py:830} INFO - Processing file /home/mahmoud/airflow_env/lib/python3.10/site-packages/airflow/example_dags/example_trigger_target_dag.py for tasks to queue
[2024-01-14T15:55:52.847+0200] {logging_mixin.py:188} INFO - [2024-01-14T15:55:52.846+0200] {dagbag.py:538} INFO - Filling up the DagBag from /home/mahmoud/airflow_env/lib/python3.10/site-packages/airflow/example_dags/example_trigger_target_dag.py
[2024-01-14T15:55:52.868+0200] {processor.py:840} INFO - DAG(s) 'example_trigger_target_dag' retrieved from /home/mahmoud/airflow_env/lib/python3.10/site-packages/airflow/example_dags/example_trigger_target_dag.py
[2024-01-14T15:55:52.917+0200] {logging_mixin.py:188} INFO - [2024-01-14T15:55:52.917+0200] {dag.py:3033} INFO - Sync 1 DAGs
[2024-01-14T15:55:52.956+0200] {logging_mixin.py:188} INFO - [2024-01-14T15:55:52.955+0200] {dag.py:3820} INFO - Setting next_dagrun for example_trigger_target_dag to None, run_after=None
[2024-01-14T15:55:53.025+0200] {processor.py:183} INFO - Processing /home/mahmoud/airflow_env/lib/python3.10/site-packages/airflow/example_dags/example_trigger_target_dag.py took 0.194 seconds
[2024-01-14T15:56:52.460+0200] {processor.py:161} INFO - Started process (PID=30529) to work on /home/mahmoud/airflow_env/lib/python3.10/site-packages/airflow/example_dags/example_trigger_target_dag.py
[2024-01-14T15:56:52.464+0200] {processor.py:830} INFO - Processing file /home/mahmoud/airflow_env/lib/python3.10/site-packages/airflow/example_dags/example_trigger_target_dag.py for tasks to queue
[2024-01-14T15:56:52.467+0200] {logging_mixin.py:188} INFO - [2024-01-14T15:56:52.465+0200] {dagbag.py:538} INFO - Filling up the DagBag from /home/mahmoud/airflow_env/lib/python3.10/site-packages/airflow/example_dags/example_trigger_target_dag.py
[2024-01-14T15:56:52.487+0200] {processor.py:840} INFO - DAG(s) 'example_trigger_target_dag' retrieved from /home/mahmoud/airflow_env/lib/python3.10/site-packages/airflow/example_dags/example_trigger_target_dag.py
[2024-01-14T15:56:52.536+0200] {logging_mixin.py:188} INFO - [2024-01-14T15:56:52.535+0200] {dag.py:3033} INFO - Sync 1 DAGs
[2024-01-14T15:56:52.575+0200] {logging_mixin.py:188} INFO - [2024-01-14T15:56:52.574+0200] {dag.py:3820} INFO - Setting next_dagrun for example_trigger_target_dag to None, run_after=None
[2024-01-14T15:56:52.647+0200] {processor.py:183} INFO - Processing /home/mahmoud/airflow_env/lib/python3.10/site-packages/airflow/example_dags/example_trigger_target_dag.py took 0.197 seconds
[2024-01-14T15:57:46.274+0200] {processor.py:161} INFO - Started process (PID=30754) to work on /home/mahmoud/airflow_env/lib/python3.10/site-packages/airflow/example_dags/example_trigger_target_dag.py
[2024-01-14T15:57:46.277+0200] {processor.py:830} INFO - Processing file /home/mahmoud/airflow_env/lib/python3.10/site-packages/airflow/example_dags/example_trigger_target_dag.py for tasks to queue
[2024-01-14T15:57:46.279+0200] {logging_mixin.py:188} INFO - [2024-01-14T15:57:46.278+0200] {dagbag.py:538} INFO - Filling up the DagBag from /home/mahmoud/airflow_env/lib/python3.10/site-packages/airflow/example_dags/example_trigger_target_dag.py
[2024-01-14T15:57:46.289+0200] {processor.py:840} INFO - DAG(s) 'example_trigger_target_dag' retrieved from /home/mahmoud/airflow_env/lib/python3.10/site-packages/airflow/example_dags/example_trigger_target_dag.py
[2024-01-14T15:57:46.307+0200] {logging_mixin.py:188} INFO - [2024-01-14T15:57:46.307+0200] {dag.py:3033} INFO - Sync 1 DAGs
[2024-01-14T15:57:46.319+0200] {logging_mixin.py:188} INFO - [2024-01-14T15:57:46.318+0200] {dag.py:3820} INFO - Setting next_dagrun for example_trigger_target_dag to None, run_after=None
[2024-01-14T15:57:46.342+0200] {processor.py:183} INFO - Processing /home/mahmoud/airflow_env/lib/python3.10/site-packages/airflow/example_dags/example_trigger_target_dag.py took 0.076 seconds
