[2024-01-14T14:40:27.091+0200] {processor.py:161} INFO - Started process (PID=9646) to work on /home/mahmoud/airflow_env/lib/python3.10/site-packages/airflow/example_dags/example_external_task_marker_dag.py
[2024-01-14T14:40:27.092+0200] {processor.py:830} INFO - Processing file /home/mahmoud/airflow_env/lib/python3.10/site-packages/airflow/example_dags/example_external_task_marker_dag.py for tasks to queue
[2024-01-14T14:40:27.093+0200] {logging_mixin.py:188} INFO - [2024-01-14T14:40:27.093+0200] {dagbag.py:538} INFO - Filling up the DagBag from /home/mahmoud/airflow_env/lib/python3.10/site-packages/airflow/example_dags/example_external_task_marker_dag.py
[2024-01-14T14:40:27.105+0200] {processor.py:840} INFO - DAG(s) 'example_external_task_marker_child', 'example_external_task_marker_parent' retrieved from /home/mahmoud/airflow_env/lib/python3.10/site-packages/airflow/example_dags/example_external_task_marker_dag.py
[2024-01-14T14:40:27.268+0200] {logging_mixin.py:188} INFO - [2024-01-14T14:40:27.268+0200] {override.py:1769} INFO - Created Permission View: can edit on DAG:example_external_task_marker_child
[2024-01-14T14:40:27.288+0200] {logging_mixin.py:188} INFO - [2024-01-14T14:40:27.287+0200] {override.py:1769} INFO - Created Permission View: can read on DAG:example_external_task_marker_child
[2024-01-14T14:40:27.308+0200] {logging_mixin.py:188} INFO - [2024-01-14T14:40:27.307+0200] {override.py:1769} INFO - Created Permission View: can delete on DAG:example_external_task_marker_child
[2024-01-14T14:40:27.337+0200] {logging_mixin.py:188} INFO - [2024-01-14T14:40:27.337+0200] {override.py:1769} INFO - Created Permission View: can edit on DAG:example_external_task_marker_parent
[2024-01-14T14:40:27.350+0200] {logging_mixin.py:188} INFO - [2024-01-14T14:40:27.350+0200] {override.py:1769} INFO - Created Permission View: can read on DAG:example_external_task_marker_parent
[2024-01-14T14:40:27.362+0200] {logging_mixin.py:188} INFO - [2024-01-14T14:40:27.361+0200] {override.py:1769} INFO - Created Permission View: can delete on DAG:example_external_task_marker_parent
[2024-01-14T14:40:27.362+0200] {logging_mixin.py:188} INFO - [2024-01-14T14:40:27.362+0200] {dag.py:3033} INFO - Sync 2 DAGs
[2024-01-14T14:40:27.371+0200] {logging_mixin.py:188} INFO - [2024-01-14T14:40:27.370+0200] {dag.py:3055} INFO - Creating ORM DAG for example_external_task_marker_child
[2024-01-14T14:40:27.371+0200] {logging_mixin.py:188} INFO - [2024-01-14T14:40:27.371+0200] {dag.py:3055} INFO - Creating ORM DAG for example_external_task_marker_parent
[2024-01-14T14:40:27.371+0200] {logging_mixin.py:188} INFO - [2024-01-14T14:40:27.371+0200] {dag.py:3820} INFO - Setting next_dagrun for example_external_task_marker_child to None, run_after=None
[2024-01-14T14:40:27.372+0200] {logging_mixin.py:188} INFO - [2024-01-14T14:40:27.372+0200] {dag.py:3820} INFO - Setting next_dagrun for example_external_task_marker_parent to None, run_after=None
[2024-01-14T14:40:27.398+0200] {processor.py:183} INFO - Processing /home/mahmoud/airflow_env/lib/python3.10/site-packages/airflow/example_dags/example_external_task_marker_dag.py took 0.312 seconds
[2024-01-14T15:08:05.451+0200] {processor.py:161} INFO - Started process (PID=16032) to work on /home/mahmoud/airflow_env/lib/python3.10/site-packages/airflow/example_dags/example_external_task_marker_dag.py
[2024-01-14T15:08:05.453+0200] {processor.py:830} INFO - Processing file /home/mahmoud/airflow_env/lib/python3.10/site-packages/airflow/example_dags/example_external_task_marker_dag.py for tasks to queue
[2024-01-14T15:08:05.454+0200] {logging_mixin.py:188} INFO - [2024-01-14T15:08:05.453+0200] {dagbag.py:538} INFO - Filling up the DagBag from /home/mahmoud/airflow_env/lib/python3.10/site-packages/airflow/example_dags/example_external_task_marker_dag.py
[2024-01-14T15:08:05.461+0200] {processor.py:840} INFO - DAG(s) 'example_external_task_marker_child', 'example_external_task_marker_parent' retrieved from /home/mahmoud/airflow_env/lib/python3.10/site-packages/airflow/example_dags/example_external_task_marker_dag.py
[2024-01-14T15:08:05.477+0200] {logging_mixin.py:188} INFO - [2024-01-14T15:08:05.477+0200] {dag.py:3033} INFO - Sync 2 DAGs
[2024-01-14T15:08:05.486+0200] {logging_mixin.py:188} INFO - [2024-01-14T15:08:05.486+0200] {dag.py:3820} INFO - Setting next_dagrun for example_external_task_marker_child to None, run_after=None
[2024-01-14T15:08:05.488+0200] {logging_mixin.py:188} INFO - [2024-01-14T15:08:05.488+0200] {dag.py:3820} INFO - Setting next_dagrun for example_external_task_marker_parent to None, run_after=None
[2024-01-14T15:08:05.509+0200] {processor.py:183} INFO - Processing /home/mahmoud/airflow_env/lib/python3.10/site-packages/airflow/example_dags/example_external_task_marker_dag.py took 0.061 seconds
[2024-01-14T15:08:58.986+0200] {processor.py:161} INFO - Started process (PID=16322) to work on /home/mahmoud/airflow_env/lib/python3.10/site-packages/airflow/example_dags/example_external_task_marker_dag.py
[2024-01-14T15:08:58.987+0200] {processor.py:830} INFO - Processing file /home/mahmoud/airflow_env/lib/python3.10/site-packages/airflow/example_dags/example_external_task_marker_dag.py for tasks to queue
[2024-01-14T15:08:58.988+0200] {logging_mixin.py:188} INFO - [2024-01-14T15:08:58.987+0200] {dagbag.py:538} INFO - Filling up the DagBag from /home/mahmoud/airflow_env/lib/python3.10/site-packages/airflow/example_dags/example_external_task_marker_dag.py
[2024-01-14T15:08:58.995+0200] {processor.py:840} INFO - DAG(s) 'example_external_task_marker_parent', 'example_external_task_marker_child' retrieved from /home/mahmoud/airflow_env/lib/python3.10/site-packages/airflow/example_dags/example_external_task_marker_dag.py
[2024-01-14T15:08:59.015+0200] {logging_mixin.py:188} INFO - [2024-01-14T15:08:59.014+0200] {dag.py:3033} INFO - Sync 2 DAGs
[2024-01-14T15:08:59.026+0200] {logging_mixin.py:188} INFO - [2024-01-14T15:08:59.026+0200] {dag.py:3820} INFO - Setting next_dagrun for example_external_task_marker_child to None, run_after=None
[2024-01-14T15:08:59.029+0200] {logging_mixin.py:188} INFO - [2024-01-14T15:08:59.029+0200] {dag.py:3820} INFO - Setting next_dagrun for example_external_task_marker_parent to None, run_after=None
[2024-01-14T15:08:59.048+0200] {processor.py:183} INFO - Processing /home/mahmoud/airflow_env/lib/python3.10/site-packages/airflow/example_dags/example_external_task_marker_dag.py took 0.066 seconds
[2024-01-14T15:09:40.476+0200] {processor.py:161} INFO - Started process (PID=16588) to work on /home/mahmoud/airflow_env/lib/python3.10/site-packages/airflow/example_dags/example_external_task_marker_dag.py
[2024-01-14T15:09:40.479+0200] {processor.py:830} INFO - Processing file /home/mahmoud/airflow_env/lib/python3.10/site-packages/airflow/example_dags/example_external_task_marker_dag.py for tasks to queue
[2024-01-14T15:09:40.480+0200] {logging_mixin.py:188} INFO - [2024-01-14T15:09:40.479+0200] {dagbag.py:538} INFO - Filling up the DagBag from /home/mahmoud/airflow_env/lib/python3.10/site-packages/airflow/example_dags/example_external_task_marker_dag.py
[2024-01-14T15:09:40.488+0200] {processor.py:840} INFO - DAG(s) 'example_external_task_marker_parent', 'example_external_task_marker_child' retrieved from /home/mahmoud/airflow_env/lib/python3.10/site-packages/airflow/example_dags/example_external_task_marker_dag.py
[2024-01-14T15:09:40.505+0200] {logging_mixin.py:188} INFO - [2024-01-14T15:09:40.505+0200] {dag.py:3033} INFO - Sync 2 DAGs
[2024-01-14T15:09:40.516+0200] {logging_mixin.py:188} INFO - [2024-01-14T15:09:40.516+0200] {dag.py:3820} INFO - Setting next_dagrun for example_external_task_marker_child to None, run_after=None
[2024-01-14T15:09:40.519+0200] {logging_mixin.py:188} INFO - [2024-01-14T15:09:40.519+0200] {dag.py:3820} INFO - Setting next_dagrun for example_external_task_marker_parent to None, run_after=None
[2024-01-14T15:09:40.540+0200] {processor.py:183} INFO - Processing /home/mahmoud/airflow_env/lib/python3.10/site-packages/airflow/example_dags/example_external_task_marker_dag.py took 0.069 seconds
[2024-01-14T15:10:18.146+0200] {processor.py:161} INFO - Started process (PID=16743) to work on /home/mahmoud/airflow_env/lib/python3.10/site-packages/airflow/example_dags/example_external_task_marker_dag.py
[2024-01-14T15:10:18.148+0200] {processor.py:830} INFO - Processing file /home/mahmoud/airflow_env/lib/python3.10/site-packages/airflow/example_dags/example_external_task_marker_dag.py for tasks to queue
[2024-01-14T15:10:18.149+0200] {logging_mixin.py:188} INFO - [2024-01-14T15:10:18.149+0200] {dagbag.py:538} INFO - Filling up the DagBag from /home/mahmoud/airflow_env/lib/python3.10/site-packages/airflow/example_dags/example_external_task_marker_dag.py
[2024-01-14T15:10:18.158+0200] {processor.py:840} INFO - DAG(s) 'example_external_task_marker_child', 'example_external_task_marker_parent' retrieved from /home/mahmoud/airflow_env/lib/python3.10/site-packages/airflow/example_dags/example_external_task_marker_dag.py
[2024-01-14T15:10:18.178+0200] {logging_mixin.py:188} INFO - [2024-01-14T15:10:18.178+0200] {dag.py:3033} INFO - Sync 2 DAGs
[2024-01-14T15:10:18.188+0200] {logging_mixin.py:188} INFO - [2024-01-14T15:10:18.188+0200] {dag.py:3820} INFO - Setting next_dagrun for example_external_task_marker_child to None, run_after=None
[2024-01-14T15:10:18.191+0200] {logging_mixin.py:188} INFO - [2024-01-14T15:10:18.191+0200] {dag.py:3820} INFO - Setting next_dagrun for example_external_task_marker_parent to None, run_after=None
[2024-01-14T15:10:18.213+0200] {processor.py:183} INFO - Processing /home/mahmoud/airflow_env/lib/python3.10/site-packages/airflow/example_dags/example_external_task_marker_dag.py took 0.073 seconds
[2024-01-14T15:10:58.205+0200] {processor.py:161} INFO - Started process (PID=16909) to work on /home/mahmoud/airflow_env/lib/python3.10/site-packages/airflow/example_dags/example_external_task_marker_dag.py
[2024-01-14T15:10:58.208+0200] {processor.py:830} INFO - Processing file /home/mahmoud/airflow_env/lib/python3.10/site-packages/airflow/example_dags/example_external_task_marker_dag.py for tasks to queue
[2024-01-14T15:10:58.209+0200] {logging_mixin.py:188} INFO - [2024-01-14T15:10:58.209+0200] {dagbag.py:538} INFO - Filling up the DagBag from /home/mahmoud/airflow_env/lib/python3.10/site-packages/airflow/example_dags/example_external_task_marker_dag.py
[2024-01-14T15:10:58.221+0200] {processor.py:840} INFO - DAG(s) 'example_external_task_marker_parent', 'example_external_task_marker_child' retrieved from /home/mahmoud/airflow_env/lib/python3.10/site-packages/airflow/example_dags/example_external_task_marker_dag.py
[2024-01-14T15:10:58.242+0200] {logging_mixin.py:188} INFO - [2024-01-14T15:10:58.242+0200] {dag.py:3033} INFO - Sync 2 DAGs
[2024-01-14T15:10:58.252+0200] {logging_mixin.py:188} INFO - [2024-01-14T15:10:58.252+0200] {dag.py:3820} INFO - Setting next_dagrun for example_external_task_marker_child to None, run_after=None
[2024-01-14T15:10:58.254+0200] {logging_mixin.py:188} INFO - [2024-01-14T15:10:58.254+0200] {dag.py:3820} INFO - Setting next_dagrun for example_external_task_marker_parent to None, run_after=None
[2024-01-14T15:10:58.274+0200] {processor.py:183} INFO - Processing /home/mahmoud/airflow_env/lib/python3.10/site-packages/airflow/example_dags/example_external_task_marker_dag.py took 0.077 seconds
[2024-01-14T15:11:35.465+0200] {processor.py:161} INFO - Started process (PID=17055) to work on /home/mahmoud/airflow_env/lib/python3.10/site-packages/airflow/example_dags/example_external_task_marker_dag.py
[2024-01-14T15:11:35.466+0200] {processor.py:830} INFO - Processing file /home/mahmoud/airflow_env/lib/python3.10/site-packages/airflow/example_dags/example_external_task_marker_dag.py for tasks to queue
[2024-01-14T15:11:35.467+0200] {logging_mixin.py:188} INFO - [2024-01-14T15:11:35.467+0200] {dagbag.py:538} INFO - Filling up the DagBag from /home/mahmoud/airflow_env/lib/python3.10/site-packages/airflow/example_dags/example_external_task_marker_dag.py
[2024-01-14T15:11:35.474+0200] {processor.py:840} INFO - DAG(s) 'example_external_task_marker_child', 'example_external_task_marker_parent' retrieved from /home/mahmoud/airflow_env/lib/python3.10/site-packages/airflow/example_dags/example_external_task_marker_dag.py
[2024-01-14T15:11:35.494+0200] {logging_mixin.py:188} INFO - [2024-01-14T15:11:35.493+0200] {dag.py:3033} INFO - Sync 2 DAGs
[2024-01-14T15:11:35.503+0200] {logging_mixin.py:188} INFO - [2024-01-14T15:11:35.503+0200] {dag.py:3820} INFO - Setting next_dagrun for example_external_task_marker_child to None, run_after=None
[2024-01-14T15:11:35.506+0200] {logging_mixin.py:188} INFO - [2024-01-14T15:11:35.506+0200] {dag.py:3820} INFO - Setting next_dagrun for example_external_task_marker_parent to None, run_after=None
[2024-01-14T15:11:35.526+0200] {processor.py:183} INFO - Processing /home/mahmoud/airflow_env/lib/python3.10/site-packages/airflow/example_dags/example_external_task_marker_dag.py took 0.065 seconds
[2024-01-14T15:12:13.321+0200] {processor.py:161} INFO - Started process (PID=17244) to work on /home/mahmoud/airflow_env/lib/python3.10/site-packages/airflow/example_dags/example_external_task_marker_dag.py
[2024-01-14T15:12:13.323+0200] {processor.py:830} INFO - Processing file /home/mahmoud/airflow_env/lib/python3.10/site-packages/airflow/example_dags/example_external_task_marker_dag.py for tasks to queue
[2024-01-14T15:12:13.324+0200] {logging_mixin.py:188} INFO - [2024-01-14T15:12:13.324+0200] {dagbag.py:538} INFO - Filling up the DagBag from /home/mahmoud/airflow_env/lib/python3.10/site-packages/airflow/example_dags/example_external_task_marker_dag.py
[2024-01-14T15:12:13.330+0200] {processor.py:840} INFO - DAG(s) 'example_external_task_marker_child', 'example_external_task_marker_parent' retrieved from /home/mahmoud/airflow_env/lib/python3.10/site-packages/airflow/example_dags/example_external_task_marker_dag.py
[2024-01-14T15:12:13.347+0200] {logging_mixin.py:188} INFO - [2024-01-14T15:12:13.347+0200] {dag.py:3033} INFO - Sync 2 DAGs
[2024-01-14T15:12:13.358+0200] {logging_mixin.py:188} INFO - [2024-01-14T15:12:13.358+0200] {dag.py:3820} INFO - Setting next_dagrun for example_external_task_marker_child to None, run_after=None
[2024-01-14T15:12:13.360+0200] {logging_mixin.py:188} INFO - [2024-01-14T15:12:13.360+0200] {dag.py:3820} INFO - Setting next_dagrun for example_external_task_marker_parent to None, run_after=None
[2024-01-14T15:12:13.383+0200] {processor.py:183} INFO - Processing /home/mahmoud/airflow_env/lib/python3.10/site-packages/airflow/example_dags/example_external_task_marker_dag.py took 0.064 seconds
[2024-01-14T15:12:48.306+0200] {processor.py:161} INFO - Started process (PID=17382) to work on /home/mahmoud/airflow_env/lib/python3.10/site-packages/airflow/example_dags/example_external_task_marker_dag.py
[2024-01-14T15:12:48.307+0200] {processor.py:830} INFO - Processing file /home/mahmoud/airflow_env/lib/python3.10/site-packages/airflow/example_dags/example_external_task_marker_dag.py for tasks to queue
[2024-01-14T15:12:48.307+0200] {logging_mixin.py:188} INFO - [2024-01-14T15:12:48.307+0200] {dagbag.py:538} INFO - Filling up the DagBag from /home/mahmoud/airflow_env/lib/python3.10/site-packages/airflow/example_dags/example_external_task_marker_dag.py
[2024-01-14T15:12:48.313+0200] {processor.py:840} INFO - DAG(s) 'example_external_task_marker_parent', 'example_external_task_marker_child' retrieved from /home/mahmoud/airflow_env/lib/python3.10/site-packages/airflow/example_dags/example_external_task_marker_dag.py
[2024-01-14T15:12:48.331+0200] {logging_mixin.py:188} INFO - [2024-01-14T15:12:48.331+0200] {dag.py:3033} INFO - Sync 2 DAGs
[2024-01-14T15:12:48.341+0200] {logging_mixin.py:188} INFO - [2024-01-14T15:12:48.341+0200] {dag.py:3820} INFO - Setting next_dagrun for example_external_task_marker_child to None, run_after=None
[2024-01-14T15:12:48.343+0200] {logging_mixin.py:188} INFO - [2024-01-14T15:12:48.343+0200] {dag.py:3820} INFO - Setting next_dagrun for example_external_task_marker_parent to None, run_after=None
[2024-01-14T15:12:48.363+0200] {processor.py:183} INFO - Processing /home/mahmoud/airflow_env/lib/python3.10/site-packages/airflow/example_dags/example_external_task_marker_dag.py took 0.061 seconds
[2024-01-14T15:13:24.446+0200] {processor.py:161} INFO - Started process (PID=17547) to work on /home/mahmoud/airflow_env/lib/python3.10/site-packages/airflow/example_dags/example_external_task_marker_dag.py
[2024-01-14T15:13:24.447+0200] {processor.py:830} INFO - Processing file /home/mahmoud/airflow_env/lib/python3.10/site-packages/airflow/example_dags/example_external_task_marker_dag.py for tasks to queue
[2024-01-14T15:13:24.448+0200] {logging_mixin.py:188} INFO - [2024-01-14T15:13:24.447+0200] {dagbag.py:538} INFO - Filling up the DagBag from /home/mahmoud/airflow_env/lib/python3.10/site-packages/airflow/example_dags/example_external_task_marker_dag.py
[2024-01-14T15:13:24.453+0200] {processor.py:840} INFO - DAG(s) 'example_external_task_marker_parent', 'example_external_task_marker_child' retrieved from /home/mahmoud/airflow_env/lib/python3.10/site-packages/airflow/example_dags/example_external_task_marker_dag.py
[2024-01-14T15:13:24.468+0200] {logging_mixin.py:188} INFO - [2024-01-14T15:13:24.468+0200] {dag.py:3033} INFO - Sync 2 DAGs
[2024-01-14T15:13:24.477+0200] {logging_mixin.py:188} INFO - [2024-01-14T15:13:24.477+0200] {dag.py:3820} INFO - Setting next_dagrun for example_external_task_marker_child to None, run_after=None
[2024-01-14T15:13:24.480+0200] {logging_mixin.py:188} INFO - [2024-01-14T15:13:24.480+0200] {dag.py:3820} INFO - Setting next_dagrun for example_external_task_marker_parent to None, run_after=None
[2024-01-14T15:13:24.503+0200] {processor.py:183} INFO - Processing /home/mahmoud/airflow_env/lib/python3.10/site-packages/airflow/example_dags/example_external_task_marker_dag.py took 0.059 seconds
[2024-01-14T15:19:50.127+0200] {processor.py:161} INFO - Started process (PID=19397) to work on /home/mahmoud/airflow_env/lib/python3.10/site-packages/airflow/example_dags/example_external_task_marker_dag.py
[2024-01-14T15:19:50.134+0200] {processor.py:830} INFO - Processing file /home/mahmoud/airflow_env/lib/python3.10/site-packages/airflow/example_dags/example_external_task_marker_dag.py for tasks to queue
[2024-01-14T15:19:50.139+0200] {logging_mixin.py:188} INFO - [2024-01-14T15:19:50.138+0200] {dagbag.py:538} INFO - Filling up the DagBag from /home/mahmoud/airflow_env/lib/python3.10/site-packages/airflow/example_dags/example_external_task_marker_dag.py
[2024-01-14T15:19:50.157+0200] {processor.py:840} INFO - DAG(s) 'example_external_task_marker_child', 'example_external_task_marker_parent' retrieved from /home/mahmoud/airflow_env/lib/python3.10/site-packages/airflow/example_dags/example_external_task_marker_dag.py
[2024-01-14T15:19:50.186+0200] {logging_mixin.py:188} INFO - [2024-01-14T15:19:50.186+0200] {dag.py:3033} INFO - Sync 2 DAGs
[2024-01-14T15:19:50.210+0200] {logging_mixin.py:188} INFO - [2024-01-14T15:19:50.209+0200] {dag.py:3820} INFO - Setting next_dagrun for example_external_task_marker_child to None, run_after=None
[2024-01-14T15:19:50.214+0200] {logging_mixin.py:188} INFO - [2024-01-14T15:19:50.214+0200] {dag.py:3820} INFO - Setting next_dagrun for example_external_task_marker_parent to None, run_after=None
[2024-01-14T15:19:50.243+0200] {processor.py:183} INFO - Processing /home/mahmoud/airflow_env/lib/python3.10/site-packages/airflow/example_dags/example_external_task_marker_dag.py took 0.121 seconds
[2024-01-14T15:20:45.181+0200] {processor.py:161} INFO - Started process (PID=19638) to work on /home/mahmoud/airflow_env/lib/python3.10/site-packages/airflow/example_dags/example_external_task_marker_dag.py
[2024-01-14T15:20:45.183+0200] {processor.py:830} INFO - Processing file /home/mahmoud/airflow_env/lib/python3.10/site-packages/airflow/example_dags/example_external_task_marker_dag.py for tasks to queue
[2024-01-14T15:20:45.184+0200] {logging_mixin.py:188} INFO - [2024-01-14T15:20:45.184+0200] {dagbag.py:538} INFO - Filling up the DagBag from /home/mahmoud/airflow_env/lib/python3.10/site-packages/airflow/example_dags/example_external_task_marker_dag.py
[2024-01-14T15:20:45.191+0200] {processor.py:840} INFO - DAG(s) 'example_external_task_marker_parent', 'example_external_task_marker_child' retrieved from /home/mahmoud/airflow_env/lib/python3.10/site-packages/airflow/example_dags/example_external_task_marker_dag.py
[2024-01-14T15:20:45.209+0200] {logging_mixin.py:188} INFO - [2024-01-14T15:20:45.208+0200] {dag.py:3033} INFO - Sync 2 DAGs
[2024-01-14T15:20:45.220+0200] {logging_mixin.py:188} INFO - [2024-01-14T15:20:45.219+0200] {dag.py:3820} INFO - Setting next_dagrun for example_external_task_marker_child to None, run_after=None
[2024-01-14T15:20:45.223+0200] {logging_mixin.py:188} INFO - [2024-01-14T15:20:45.223+0200] {dag.py:3820} INFO - Setting next_dagrun for example_external_task_marker_parent to None, run_after=None
[2024-01-14T15:20:45.259+0200] {processor.py:183} INFO - Processing /home/mahmoud/airflow_env/lib/python3.10/site-packages/airflow/example_dags/example_external_task_marker_dag.py took 0.083 seconds
[2024-01-14T15:21:25.221+0200] {processor.py:161} INFO - Started process (PID=19793) to work on /home/mahmoud/airflow_env/lib/python3.10/site-packages/airflow/example_dags/example_external_task_marker_dag.py
[2024-01-14T15:21:25.223+0200] {processor.py:830} INFO - Processing file /home/mahmoud/airflow_env/lib/python3.10/site-packages/airflow/example_dags/example_external_task_marker_dag.py for tasks to queue
[2024-01-14T15:21:25.224+0200] {logging_mixin.py:188} INFO - [2024-01-14T15:21:25.224+0200] {dagbag.py:538} INFO - Filling up the DagBag from /home/mahmoud/airflow_env/lib/python3.10/site-packages/airflow/example_dags/example_external_task_marker_dag.py
[2024-01-14T15:21:25.231+0200] {processor.py:840} INFO - DAG(s) 'example_external_task_marker_parent', 'example_external_task_marker_child' retrieved from /home/mahmoud/airflow_env/lib/python3.10/site-packages/airflow/example_dags/example_external_task_marker_dag.py
[2024-01-14T15:21:25.245+0200] {logging_mixin.py:188} INFO - [2024-01-14T15:21:25.245+0200] {dag.py:3033} INFO - Sync 2 DAGs
[2024-01-14T15:21:25.254+0200] {logging_mixin.py:188} INFO - [2024-01-14T15:21:25.254+0200] {dag.py:3820} INFO - Setting next_dagrun for example_external_task_marker_child to None, run_after=None
[2024-01-14T15:21:25.257+0200] {logging_mixin.py:188} INFO - [2024-01-14T15:21:25.257+0200] {dag.py:3820} INFO - Setting next_dagrun for example_external_task_marker_parent to None, run_after=None
[2024-01-14T15:21:25.278+0200] {processor.py:183} INFO - Processing /home/mahmoud/airflow_env/lib/python3.10/site-packages/airflow/example_dags/example_external_task_marker_dag.py took 0.059 seconds
[2024-01-14T15:22:03.969+0200] {processor.py:161} INFO - Started process (PID=19946) to work on /home/mahmoud/airflow_env/lib/python3.10/site-packages/airflow/example_dags/example_external_task_marker_dag.py
[2024-01-14T15:22:03.970+0200] {processor.py:830} INFO - Processing file /home/mahmoud/airflow_env/lib/python3.10/site-packages/airflow/example_dags/example_external_task_marker_dag.py for tasks to queue
[2024-01-14T15:22:03.971+0200] {logging_mixin.py:188} INFO - [2024-01-14T15:22:03.971+0200] {dagbag.py:538} INFO - Filling up the DagBag from /home/mahmoud/airflow_env/lib/python3.10/site-packages/airflow/example_dags/example_external_task_marker_dag.py
[2024-01-14T15:22:03.977+0200] {processor.py:840} INFO - DAG(s) 'example_external_task_marker_parent', 'example_external_task_marker_child' retrieved from /home/mahmoud/airflow_env/lib/python3.10/site-packages/airflow/example_dags/example_external_task_marker_dag.py
[2024-01-14T15:22:03.992+0200] {logging_mixin.py:188} INFO - [2024-01-14T15:22:03.992+0200] {dag.py:3033} INFO - Sync 2 DAGs
[2024-01-14T15:22:04.002+0200] {logging_mixin.py:188} INFO - [2024-01-14T15:22:04.002+0200] {dag.py:3820} INFO - Setting next_dagrun for example_external_task_marker_child to None, run_after=None
[2024-01-14T15:22:04.005+0200] {logging_mixin.py:188} INFO - [2024-01-14T15:22:04.005+0200] {dag.py:3820} INFO - Setting next_dagrun for example_external_task_marker_parent to None, run_after=None
[2024-01-14T15:22:04.028+0200] {processor.py:183} INFO - Processing /home/mahmoud/airflow_env/lib/python3.10/site-packages/airflow/example_dags/example_external_task_marker_dag.py took 0.062 seconds
[2024-01-14T15:22:40.661+0200] {processor.py:161} INFO - Started process (PID=20092) to work on /home/mahmoud/airflow_env/lib/python3.10/site-packages/airflow/example_dags/example_external_task_marker_dag.py
[2024-01-14T15:22:40.663+0200] {processor.py:830} INFO - Processing file /home/mahmoud/airflow_env/lib/python3.10/site-packages/airflow/example_dags/example_external_task_marker_dag.py for tasks to queue
[2024-01-14T15:22:40.664+0200] {logging_mixin.py:188} INFO - [2024-01-14T15:22:40.664+0200] {dagbag.py:538} INFO - Filling up the DagBag from /home/mahmoud/airflow_env/lib/python3.10/site-packages/airflow/example_dags/example_external_task_marker_dag.py
[2024-01-14T15:22:40.673+0200] {processor.py:840} INFO - DAG(s) 'example_external_task_marker_child', 'example_external_task_marker_parent' retrieved from /home/mahmoud/airflow_env/lib/python3.10/site-packages/airflow/example_dags/example_external_task_marker_dag.py
[2024-01-14T15:22:40.694+0200] {logging_mixin.py:188} INFO - [2024-01-14T15:22:40.694+0200] {dag.py:3033} INFO - Sync 2 DAGs
[2024-01-14T15:22:40.705+0200] {logging_mixin.py:188} INFO - [2024-01-14T15:22:40.705+0200] {dag.py:3820} INFO - Setting next_dagrun for example_external_task_marker_child to None, run_after=None
[2024-01-14T15:22:40.708+0200] {logging_mixin.py:188} INFO - [2024-01-14T15:22:40.708+0200] {dag.py:3820} INFO - Setting next_dagrun for example_external_task_marker_parent to None, run_after=None
[2024-01-14T15:22:40.731+0200] {processor.py:183} INFO - Processing /home/mahmoud/airflow_env/lib/python3.10/site-packages/airflow/example_dags/example_external_task_marker_dag.py took 0.076 seconds
[2024-01-14T15:23:22.519+0200] {processor.py:161} INFO - Started process (PID=20361) to work on /home/mahmoud/airflow_env/lib/python3.10/site-packages/airflow/example_dags/example_external_task_marker_dag.py
[2024-01-14T15:23:22.522+0200] {processor.py:830} INFO - Processing file /home/mahmoud/airflow_env/lib/python3.10/site-packages/airflow/example_dags/example_external_task_marker_dag.py for tasks to queue
[2024-01-14T15:23:22.523+0200] {logging_mixin.py:188} INFO - [2024-01-14T15:23:22.523+0200] {dagbag.py:538} INFO - Filling up the DagBag from /home/mahmoud/airflow_env/lib/python3.10/site-packages/airflow/example_dags/example_external_task_marker_dag.py
[2024-01-14T15:23:22.535+0200] {processor.py:840} INFO - DAG(s) 'example_external_task_marker_parent', 'example_external_task_marker_child' retrieved from /home/mahmoud/airflow_env/lib/python3.10/site-packages/airflow/example_dags/example_external_task_marker_dag.py
[2024-01-14T15:23:22.554+0200] {logging_mixin.py:188} INFO - [2024-01-14T15:23:22.553+0200] {dag.py:3033} INFO - Sync 2 DAGs
[2024-01-14T15:23:22.563+0200] {logging_mixin.py:188} INFO - [2024-01-14T15:23:22.563+0200] {dag.py:3820} INFO - Setting next_dagrun for example_external_task_marker_child to None, run_after=None
[2024-01-14T15:23:22.566+0200] {logging_mixin.py:188} INFO - [2024-01-14T15:23:22.566+0200] {dag.py:3820} INFO - Setting next_dagrun for example_external_task_marker_parent to None, run_after=None
[2024-01-14T15:23:22.586+0200] {processor.py:183} INFO - Processing /home/mahmoud/airflow_env/lib/python3.10/site-packages/airflow/example_dags/example_external_task_marker_dag.py took 0.072 seconds
[2024-01-14T15:37:43.533+0200] {processor.py:161} INFO - Started process (PID=24379) to work on /home/mahmoud/airflow_env/lib/python3.10/site-packages/airflow/example_dags/example_external_task_marker_dag.py
[2024-01-14T15:37:43.535+0200] {processor.py:830} INFO - Processing file /home/mahmoud/airflow_env/lib/python3.10/site-packages/airflow/example_dags/example_external_task_marker_dag.py for tasks to queue
[2024-01-14T15:37:43.536+0200] {logging_mixin.py:188} INFO - [2024-01-14T15:37:43.536+0200] {dagbag.py:538} INFO - Filling up the DagBag from /home/mahmoud/airflow_env/lib/python3.10/site-packages/airflow/example_dags/example_external_task_marker_dag.py
[2024-01-14T15:37:43.544+0200] {processor.py:840} INFO - DAG(s) 'example_external_task_marker_parent', 'example_external_task_marker_child' retrieved from /home/mahmoud/airflow_env/lib/python3.10/site-packages/airflow/example_dags/example_external_task_marker_dag.py
[2024-01-14T15:37:43.559+0200] {logging_mixin.py:188} INFO - [2024-01-14T15:37:43.559+0200] {dag.py:3033} INFO - Sync 2 DAGs
[2024-01-14T15:37:43.569+0200] {logging_mixin.py:188} INFO - [2024-01-14T15:37:43.569+0200] {dag.py:3820} INFO - Setting next_dagrun for example_external_task_marker_child to None, run_after=None
[2024-01-14T15:37:43.571+0200] {logging_mixin.py:188} INFO - [2024-01-14T15:37:43.571+0200] {dag.py:3820} INFO - Setting next_dagrun for example_external_task_marker_parent to None, run_after=None
[2024-01-14T15:37:43.592+0200] {processor.py:183} INFO - Processing /home/mahmoud/airflow_env/lib/python3.10/site-packages/airflow/example_dags/example_external_task_marker_dag.py took 0.061 seconds
[2024-01-14T15:38:36.321+0200] {processor.py:161} INFO - Started process (PID=24819) to work on /home/mahmoud/airflow_env/lib/python3.10/site-packages/airflow/example_dags/example_external_task_marker_dag.py
[2024-01-14T15:38:36.324+0200] {processor.py:830} INFO - Processing file /home/mahmoud/airflow_env/lib/python3.10/site-packages/airflow/example_dags/example_external_task_marker_dag.py for tasks to queue
[2024-01-14T15:38:36.325+0200] {logging_mixin.py:188} INFO - [2024-01-14T15:38:36.324+0200] {dagbag.py:538} INFO - Filling up the DagBag from /home/mahmoud/airflow_env/lib/python3.10/site-packages/airflow/example_dags/example_external_task_marker_dag.py
[2024-01-14T15:38:36.332+0200] {processor.py:840} INFO - DAG(s) 'example_external_task_marker_parent', 'example_external_task_marker_child' retrieved from /home/mahmoud/airflow_env/lib/python3.10/site-packages/airflow/example_dags/example_external_task_marker_dag.py
[2024-01-14T15:38:36.349+0200] {logging_mixin.py:188} INFO - [2024-01-14T15:38:36.348+0200] {dag.py:3033} INFO - Sync 2 DAGs
[2024-01-14T15:38:36.359+0200] {logging_mixin.py:188} INFO - [2024-01-14T15:38:36.359+0200] {dag.py:3820} INFO - Setting next_dagrun for example_external_task_marker_child to None, run_after=None
[2024-01-14T15:38:36.362+0200] {logging_mixin.py:188} INFO - [2024-01-14T15:38:36.362+0200] {dag.py:3820} INFO - Setting next_dagrun for example_external_task_marker_parent to None, run_after=None
[2024-01-14T15:38:36.383+0200] {processor.py:183} INFO - Processing /home/mahmoud/airflow_env/lib/python3.10/site-packages/airflow/example_dags/example_external_task_marker_dag.py took 0.066 seconds
[2024-01-14T15:39:14.673+0200] {processor.py:161} INFO - Started process (PID=25115) to work on /home/mahmoud/airflow_env/lib/python3.10/site-packages/airflow/example_dags/example_external_task_marker_dag.py
[2024-01-14T15:39:14.675+0200] {processor.py:830} INFO - Processing file /home/mahmoud/airflow_env/lib/python3.10/site-packages/airflow/example_dags/example_external_task_marker_dag.py for tasks to queue
[2024-01-14T15:39:14.676+0200] {logging_mixin.py:188} INFO - [2024-01-14T15:39:14.675+0200] {dagbag.py:538} INFO - Filling up the DagBag from /home/mahmoud/airflow_env/lib/python3.10/site-packages/airflow/example_dags/example_external_task_marker_dag.py
[2024-01-14T15:39:14.683+0200] {processor.py:840} INFO - DAG(s) 'example_external_task_marker_child', 'example_external_task_marker_parent' retrieved from /home/mahmoud/airflow_env/lib/python3.10/site-packages/airflow/example_dags/example_external_task_marker_dag.py
[2024-01-14T15:39:14.702+0200] {logging_mixin.py:188} INFO - [2024-01-14T15:39:14.701+0200] {dag.py:3033} INFO - Sync 2 DAGs
[2024-01-14T15:39:14.712+0200] {logging_mixin.py:188} INFO - [2024-01-14T15:39:14.712+0200] {dag.py:3820} INFO - Setting next_dagrun for example_external_task_marker_child to None, run_after=None
[2024-01-14T15:39:14.715+0200] {logging_mixin.py:188} INFO - [2024-01-14T15:39:14.715+0200] {dag.py:3820} INFO - Setting next_dagrun for example_external_task_marker_parent to None, run_after=None
[2024-01-14T15:39:14.738+0200] {processor.py:183} INFO - Processing /home/mahmoud/airflow_env/lib/python3.10/site-packages/airflow/example_dags/example_external_task_marker_dag.py took 0.071 seconds
[2024-01-14T15:39:48.590+0200] {processor.py:161} INFO - Started process (PID=25248) to work on /home/mahmoud/airflow_env/lib/python3.10/site-packages/airflow/example_dags/example_external_task_marker_dag.py
[2024-01-14T15:39:48.593+0200] {processor.py:830} INFO - Processing file /home/mahmoud/airflow_env/lib/python3.10/site-packages/airflow/example_dags/example_external_task_marker_dag.py for tasks to queue
[2024-01-14T15:39:48.594+0200] {logging_mixin.py:188} INFO - [2024-01-14T15:39:48.594+0200] {dagbag.py:538} INFO - Filling up the DagBag from /home/mahmoud/airflow_env/lib/python3.10/site-packages/airflow/example_dags/example_external_task_marker_dag.py
[2024-01-14T15:39:48.602+0200] {processor.py:840} INFO - DAG(s) 'example_external_task_marker_child', 'example_external_task_marker_parent' retrieved from /home/mahmoud/airflow_env/lib/python3.10/site-packages/airflow/example_dags/example_external_task_marker_dag.py
[2024-01-14T15:39:48.623+0200] {logging_mixin.py:188} INFO - [2024-01-14T15:39:48.623+0200] {dag.py:3033} INFO - Sync 2 DAGs
[2024-01-14T15:39:48.635+0200] {logging_mixin.py:188} INFO - [2024-01-14T15:39:48.634+0200] {dag.py:3820} INFO - Setting next_dagrun for example_external_task_marker_child to None, run_after=None
[2024-01-14T15:39:48.639+0200] {logging_mixin.py:188} INFO - [2024-01-14T15:39:48.638+0200] {dag.py:3820} INFO - Setting next_dagrun for example_external_task_marker_parent to None, run_after=None
[2024-01-14T15:39:48.661+0200] {processor.py:183} INFO - Processing /home/mahmoud/airflow_env/lib/python3.10/site-packages/airflow/example_dags/example_external_task_marker_dag.py took 0.075 seconds
[2024-01-14T15:40:22.423+0200] {processor.py:161} INFO - Started process (PID=25384) to work on /home/mahmoud/airflow_env/lib/python3.10/site-packages/airflow/example_dags/example_external_task_marker_dag.py
[2024-01-14T15:40:22.426+0200] {processor.py:830} INFO - Processing file /home/mahmoud/airflow_env/lib/python3.10/site-packages/airflow/example_dags/example_external_task_marker_dag.py for tasks to queue
[2024-01-14T15:40:22.427+0200] {logging_mixin.py:188} INFO - [2024-01-14T15:40:22.426+0200] {dagbag.py:538} INFO - Filling up the DagBag from /home/mahmoud/airflow_env/lib/python3.10/site-packages/airflow/example_dags/example_external_task_marker_dag.py
[2024-01-14T15:40:22.432+0200] {processor.py:840} INFO - DAG(s) 'example_external_task_marker_child', 'example_external_task_marker_parent' retrieved from /home/mahmoud/airflow_env/lib/python3.10/site-packages/airflow/example_dags/example_external_task_marker_dag.py
[2024-01-14T15:40:22.448+0200] {logging_mixin.py:188} INFO - [2024-01-14T15:40:22.447+0200] {dag.py:3033} INFO - Sync 2 DAGs
[2024-01-14T15:40:22.459+0200] {logging_mixin.py:188} INFO - [2024-01-14T15:40:22.459+0200] {dag.py:3820} INFO - Setting next_dagrun for example_external_task_marker_child to None, run_after=None
[2024-01-14T15:40:22.462+0200] {logging_mixin.py:188} INFO - [2024-01-14T15:40:22.462+0200] {dag.py:3820} INFO - Setting next_dagrun for example_external_task_marker_parent to None, run_after=None
[2024-01-14T15:40:22.482+0200] {processor.py:183} INFO - Processing /home/mahmoud/airflow_env/lib/python3.10/site-packages/airflow/example_dags/example_external_task_marker_dag.py took 0.061 seconds
[2024-01-14T15:41:01.599+0200] {processor.py:161} INFO - Started process (PID=25555) to work on /home/mahmoud/airflow_env/lib/python3.10/site-packages/airflow/example_dags/example_external_task_marker_dag.py
[2024-01-14T15:41:01.601+0200] {processor.py:830} INFO - Processing file /home/mahmoud/airflow_env/lib/python3.10/site-packages/airflow/example_dags/example_external_task_marker_dag.py for tasks to queue
[2024-01-14T15:41:01.602+0200] {logging_mixin.py:188} INFO - [2024-01-14T15:41:01.601+0200] {dagbag.py:538} INFO - Filling up the DagBag from /home/mahmoud/airflow_env/lib/python3.10/site-packages/airflow/example_dags/example_external_task_marker_dag.py
[2024-01-14T15:41:01.607+0200] {processor.py:840} INFO - DAG(s) 'example_external_task_marker_parent', 'example_external_task_marker_child' retrieved from /home/mahmoud/airflow_env/lib/python3.10/site-packages/airflow/example_dags/example_external_task_marker_dag.py
[2024-01-14T15:41:01.621+0200] {logging_mixin.py:188} INFO - [2024-01-14T15:41:01.621+0200] {dag.py:3033} INFO - Sync 2 DAGs
[2024-01-14T15:41:01.630+0200] {logging_mixin.py:188} INFO - [2024-01-14T15:41:01.630+0200] {dag.py:3820} INFO - Setting next_dagrun for example_external_task_marker_child to None, run_after=None
[2024-01-14T15:41:01.632+0200] {logging_mixin.py:188} INFO - [2024-01-14T15:41:01.632+0200] {dag.py:3820} INFO - Setting next_dagrun for example_external_task_marker_parent to None, run_after=None
[2024-01-14T15:41:01.653+0200] {processor.py:183} INFO - Processing /home/mahmoud/airflow_env/lib/python3.10/site-packages/airflow/example_dags/example_external_task_marker_dag.py took 0.057 seconds
[2024-01-14T15:41:35.694+0200] {processor.py:161} INFO - Started process (PID=25732) to work on /home/mahmoud/airflow_env/lib/python3.10/site-packages/airflow/example_dags/example_external_task_marker_dag.py
[2024-01-14T15:41:35.695+0200] {processor.py:830} INFO - Processing file /home/mahmoud/airflow_env/lib/python3.10/site-packages/airflow/example_dags/example_external_task_marker_dag.py for tasks to queue
[2024-01-14T15:41:35.696+0200] {logging_mixin.py:188} INFO - [2024-01-14T15:41:35.696+0200] {dagbag.py:538} INFO - Filling up the DagBag from /home/mahmoud/airflow_env/lib/python3.10/site-packages/airflow/example_dags/example_external_task_marker_dag.py
[2024-01-14T15:41:35.701+0200] {processor.py:840} INFO - DAG(s) 'example_external_task_marker_parent', 'example_external_task_marker_child' retrieved from /home/mahmoud/airflow_env/lib/python3.10/site-packages/airflow/example_dags/example_external_task_marker_dag.py
[2024-01-14T15:41:35.718+0200] {logging_mixin.py:188} INFO - [2024-01-14T15:41:35.718+0200] {dag.py:3033} INFO - Sync 2 DAGs
[2024-01-14T15:41:35.734+0200] {logging_mixin.py:188} INFO - [2024-01-14T15:41:35.733+0200] {dag.py:3820} INFO - Setting next_dagrun for example_external_task_marker_child to None, run_after=None
[2024-01-14T15:41:35.739+0200] {logging_mixin.py:188} INFO - [2024-01-14T15:41:35.738+0200] {dag.py:3820} INFO - Setting next_dagrun for example_external_task_marker_parent to None, run_after=None
[2024-01-14T15:41:35.776+0200] {processor.py:183} INFO - Processing /home/mahmoud/airflow_env/lib/python3.10/site-packages/airflow/example_dags/example_external_task_marker_dag.py took 0.085 seconds
[2024-01-14T15:42:11.019+0200] {processor.py:161} INFO - Started process (PID=25870) to work on /home/mahmoud/airflow_env/lib/python3.10/site-packages/airflow/example_dags/example_external_task_marker_dag.py
[2024-01-14T15:42:11.022+0200] {processor.py:830} INFO - Processing file /home/mahmoud/airflow_env/lib/python3.10/site-packages/airflow/example_dags/example_external_task_marker_dag.py for tasks to queue
[2024-01-14T15:42:11.023+0200] {logging_mixin.py:188} INFO - [2024-01-14T15:42:11.022+0200] {dagbag.py:538} INFO - Filling up the DagBag from /home/mahmoud/airflow_env/lib/python3.10/site-packages/airflow/example_dags/example_external_task_marker_dag.py
[2024-01-14T15:42:11.033+0200] {processor.py:840} INFO - DAG(s) 'example_external_task_marker_child', 'example_external_task_marker_parent' retrieved from /home/mahmoud/airflow_env/lib/python3.10/site-packages/airflow/example_dags/example_external_task_marker_dag.py
[2024-01-14T15:42:11.054+0200] {logging_mixin.py:188} INFO - [2024-01-14T15:42:11.054+0200] {dag.py:3033} INFO - Sync 2 DAGs
[2024-01-14T15:42:11.065+0200] {logging_mixin.py:188} INFO - [2024-01-14T15:42:11.065+0200] {dag.py:3820} INFO - Setting next_dagrun for example_external_task_marker_child to None, run_after=None
[2024-01-14T15:42:11.068+0200] {logging_mixin.py:188} INFO - [2024-01-14T15:42:11.068+0200] {dag.py:3820} INFO - Setting next_dagrun for example_external_task_marker_parent to None, run_after=None
[2024-01-14T15:42:11.090+0200] {processor.py:183} INFO - Processing /home/mahmoud/airflow_env/lib/python3.10/site-packages/airflow/example_dags/example_external_task_marker_dag.py took 0.076 seconds
[2024-01-14T15:43:04.832+0200] {processor.py:161} INFO - Started process (PID=26530) to work on /home/mahmoud/airflow_env/lib/python3.10/site-packages/airflow/example_dags/example_external_task_marker_dag.py
[2024-01-14T15:43:04.834+0200] {processor.py:830} INFO - Processing file /home/mahmoud/airflow_env/lib/python3.10/site-packages/airflow/example_dags/example_external_task_marker_dag.py for tasks to queue
[2024-01-14T15:43:04.836+0200] {logging_mixin.py:188} INFO - [2024-01-14T15:43:04.835+0200] {dagbag.py:538} INFO - Filling up the DagBag from /home/mahmoud/airflow_env/lib/python3.10/site-packages/airflow/example_dags/example_external_task_marker_dag.py
[2024-01-14T15:43:04.844+0200] {processor.py:840} INFO - DAG(s) 'example_external_task_marker_parent', 'example_external_task_marker_child' retrieved from /home/mahmoud/airflow_env/lib/python3.10/site-packages/airflow/example_dags/example_external_task_marker_dag.py
[2024-01-14T15:43:04.861+0200] {logging_mixin.py:188} INFO - [2024-01-14T15:43:04.861+0200] {dag.py:3033} INFO - Sync 2 DAGs
[2024-01-14T15:43:04.872+0200] {logging_mixin.py:188} INFO - [2024-01-14T15:43:04.871+0200] {dag.py:3820} INFO - Setting next_dagrun for example_external_task_marker_child to None, run_after=None
[2024-01-14T15:43:04.874+0200] {logging_mixin.py:188} INFO - [2024-01-14T15:43:04.874+0200] {dag.py:3820} INFO - Setting next_dagrun for example_external_task_marker_parent to None, run_after=None
[2024-01-14T15:43:04.897+0200] {processor.py:183} INFO - Processing /home/mahmoud/airflow_env/lib/python3.10/site-packages/airflow/example_dags/example_external_task_marker_dag.py took 0.070 seconds
[2024-01-14T15:43:41.367+0200] {processor.py:161} INFO - Started process (PID=26788) to work on /home/mahmoud/airflow_env/lib/python3.10/site-packages/airflow/example_dags/example_external_task_marker_dag.py
[2024-01-14T15:43:41.370+0200] {processor.py:830} INFO - Processing file /home/mahmoud/airflow_env/lib/python3.10/site-packages/airflow/example_dags/example_external_task_marker_dag.py for tasks to queue
[2024-01-14T15:43:41.372+0200] {logging_mixin.py:188} INFO - [2024-01-14T15:43:41.371+0200] {dagbag.py:538} INFO - Filling up the DagBag from /home/mahmoud/airflow_env/lib/python3.10/site-packages/airflow/example_dags/example_external_task_marker_dag.py
[2024-01-14T15:43:41.384+0200] {processor.py:840} INFO - DAG(s) 'example_external_task_marker_child', 'example_external_task_marker_parent' retrieved from /home/mahmoud/airflow_env/lib/python3.10/site-packages/airflow/example_dags/example_external_task_marker_dag.py
[2024-01-14T15:43:41.407+0200] {logging_mixin.py:188} INFO - [2024-01-14T15:43:41.406+0200] {dag.py:3033} INFO - Sync 2 DAGs
[2024-01-14T15:43:41.418+0200] {logging_mixin.py:188} INFO - [2024-01-14T15:43:41.418+0200] {dag.py:3820} INFO - Setting next_dagrun for example_external_task_marker_child to None, run_after=None
[2024-01-14T15:43:41.421+0200] {logging_mixin.py:188} INFO - [2024-01-14T15:43:41.420+0200] {dag.py:3820} INFO - Setting next_dagrun for example_external_task_marker_parent to None, run_after=None
[2024-01-14T15:43:41.443+0200] {processor.py:183} INFO - Processing /home/mahmoud/airflow_env/lib/python3.10/site-packages/airflow/example_dags/example_external_task_marker_dag.py took 0.084 seconds
[2024-01-14T15:44:19.444+0200] {processor.py:161} INFO - Started process (PID=27126) to work on /home/mahmoud/airflow_env/lib/python3.10/site-packages/airflow/example_dags/example_external_task_marker_dag.py
[2024-01-14T15:44:19.445+0200] {processor.py:830} INFO - Processing file /home/mahmoud/airflow_env/lib/python3.10/site-packages/airflow/example_dags/example_external_task_marker_dag.py for tasks to queue
[2024-01-14T15:44:19.446+0200] {logging_mixin.py:188} INFO - [2024-01-14T15:44:19.446+0200] {dagbag.py:538} INFO - Filling up the DagBag from /home/mahmoud/airflow_env/lib/python3.10/site-packages/airflow/example_dags/example_external_task_marker_dag.py
[2024-01-14T15:44:19.453+0200] {processor.py:840} INFO - DAG(s) 'example_external_task_marker_child', 'example_external_task_marker_parent' retrieved from /home/mahmoud/airflow_env/lib/python3.10/site-packages/airflow/example_dags/example_external_task_marker_dag.py
[2024-01-14T15:44:19.492+0200] {logging_mixin.py:188} INFO - [2024-01-14T15:44:19.491+0200] {dag.py:3033} INFO - Sync 2 DAGs
[2024-01-14T15:44:19.502+0200] {logging_mixin.py:188} INFO - [2024-01-14T15:44:19.502+0200] {dag.py:3820} INFO - Setting next_dagrun for example_external_task_marker_child to None, run_after=None
[2024-01-14T15:44:19.505+0200] {logging_mixin.py:188} INFO - [2024-01-14T15:44:19.505+0200] {dag.py:3820} INFO - Setting next_dagrun for example_external_task_marker_parent to None, run_after=None
[2024-01-14T15:44:19.529+0200] {processor.py:183} INFO - Processing /home/mahmoud/airflow_env/lib/python3.10/site-packages/airflow/example_dags/example_external_task_marker_dag.py took 0.089 seconds
[2024-01-14T15:45:13.521+0200] {processor.py:161} INFO - Started process (PID=27735) to work on /home/mahmoud/airflow_env/lib/python3.10/site-packages/airflow/example_dags/example_external_task_marker_dag.py
[2024-01-14T15:45:13.523+0200] {processor.py:830} INFO - Processing file /home/mahmoud/airflow_env/lib/python3.10/site-packages/airflow/example_dags/example_external_task_marker_dag.py for tasks to queue
[2024-01-14T15:45:13.524+0200] {logging_mixin.py:188} INFO - [2024-01-14T15:45:13.523+0200] {dagbag.py:538} INFO - Filling up the DagBag from /home/mahmoud/airflow_env/lib/python3.10/site-packages/airflow/example_dags/example_external_task_marker_dag.py
[2024-01-14T15:45:13.531+0200] {processor.py:840} INFO - DAG(s) 'example_external_task_marker_parent', 'example_external_task_marker_child' retrieved from /home/mahmoud/airflow_env/lib/python3.10/site-packages/airflow/example_dags/example_external_task_marker_dag.py
[2024-01-14T15:45:13.548+0200] {logging_mixin.py:188} INFO - [2024-01-14T15:45:13.548+0200] {dag.py:3033} INFO - Sync 2 DAGs
[2024-01-14T15:45:13.559+0200] {logging_mixin.py:188} INFO - [2024-01-14T15:45:13.559+0200] {dag.py:3820} INFO - Setting next_dagrun for example_external_task_marker_child to None, run_after=None
[2024-01-14T15:45:13.561+0200] {logging_mixin.py:188} INFO - [2024-01-14T15:45:13.561+0200] {dag.py:3820} INFO - Setting next_dagrun for example_external_task_marker_parent to None, run_after=None
[2024-01-14T15:45:13.582+0200] {processor.py:183} INFO - Processing /home/mahmoud/airflow_env/lib/python3.10/site-packages/airflow/example_dags/example_external_task_marker_dag.py took 0.064 seconds
[2024-01-14T15:45:47.969+0200] {processor.py:161} INFO - Started process (PID=27874) to work on /home/mahmoud/airflow_env/lib/python3.10/site-packages/airflow/example_dags/example_external_task_marker_dag.py
[2024-01-14T15:45:47.986+0200] {processor.py:830} INFO - Processing file /home/mahmoud/airflow_env/lib/python3.10/site-packages/airflow/example_dags/example_external_task_marker_dag.py for tasks to queue
[2024-01-14T15:45:47.986+0200] {logging_mixin.py:188} INFO - [2024-01-14T15:45:47.986+0200] {dagbag.py:538} INFO - Filling up the DagBag from /home/mahmoud/airflow_env/lib/python3.10/site-packages/airflow/example_dags/example_external_task_marker_dag.py
[2024-01-14T15:45:47.992+0200] {processor.py:840} INFO - DAG(s) 'example_external_task_marker_child', 'example_external_task_marker_parent' retrieved from /home/mahmoud/airflow_env/lib/python3.10/site-packages/airflow/example_dags/example_external_task_marker_dag.py
[2024-01-14T15:45:48.006+0200] {logging_mixin.py:188} INFO - [2024-01-14T15:45:48.005+0200] {dag.py:3033} INFO - Sync 2 DAGs
[2024-01-14T15:45:48.015+0200] {logging_mixin.py:188} INFO - [2024-01-14T15:45:48.015+0200] {dag.py:3820} INFO - Setting next_dagrun for example_external_task_marker_child to None, run_after=None
[2024-01-14T15:45:48.017+0200] {logging_mixin.py:188} INFO - [2024-01-14T15:45:48.017+0200] {dag.py:3820} INFO - Setting next_dagrun for example_external_task_marker_parent to None, run_after=None
[2024-01-14T15:45:48.035+0200] {processor.py:183} INFO - Processing /home/mahmoud/airflow_env/lib/python3.10/site-packages/airflow/example_dags/example_external_task_marker_dag.py took 0.069 seconds
[2024-01-14T15:46:22.280+0200] {processor.py:161} INFO - Started process (PID=28005) to work on /home/mahmoud/airflow_env/lib/python3.10/site-packages/airflow/example_dags/example_external_task_marker_dag.py
[2024-01-14T15:46:22.283+0200] {processor.py:830} INFO - Processing file /home/mahmoud/airflow_env/lib/python3.10/site-packages/airflow/example_dags/example_external_task_marker_dag.py for tasks to queue
[2024-01-14T15:46:22.284+0200] {logging_mixin.py:188} INFO - [2024-01-14T15:46:22.283+0200] {dagbag.py:538} INFO - Filling up the DagBag from /home/mahmoud/airflow_env/lib/python3.10/site-packages/airflow/example_dags/example_external_task_marker_dag.py
[2024-01-14T15:46:22.290+0200] {processor.py:840} INFO - DAG(s) 'example_external_task_marker_child', 'example_external_task_marker_parent' retrieved from /home/mahmoud/airflow_env/lib/python3.10/site-packages/airflow/example_dags/example_external_task_marker_dag.py
[2024-01-14T15:46:22.311+0200] {logging_mixin.py:188} INFO - [2024-01-14T15:46:22.310+0200] {dag.py:3033} INFO - Sync 2 DAGs
[2024-01-14T15:46:22.320+0200] {logging_mixin.py:188} INFO - [2024-01-14T15:46:22.320+0200] {dag.py:3820} INFO - Setting next_dagrun for example_external_task_marker_child to None, run_after=None
[2024-01-14T15:46:22.323+0200] {logging_mixin.py:188} INFO - [2024-01-14T15:46:22.322+0200] {dag.py:3820} INFO - Setting next_dagrun for example_external_task_marker_parent to None, run_after=None
[2024-01-14T15:46:22.346+0200] {processor.py:183} INFO - Processing /home/mahmoud/airflow_env/lib/python3.10/site-packages/airflow/example_dags/example_external_task_marker_dag.py took 0.071 seconds
[2024-01-14T15:47:00.045+0200] {processor.py:161} INFO - Started process (PID=28157) to work on /home/mahmoud/airflow_env/lib/python3.10/site-packages/airflow/example_dags/example_external_task_marker_dag.py
[2024-01-14T15:47:00.046+0200] {processor.py:830} INFO - Processing file /home/mahmoud/airflow_env/lib/python3.10/site-packages/airflow/example_dags/example_external_task_marker_dag.py for tasks to queue
[2024-01-14T15:47:00.047+0200] {logging_mixin.py:188} INFO - [2024-01-14T15:47:00.047+0200] {dagbag.py:538} INFO - Filling up the DagBag from /home/mahmoud/airflow_env/lib/python3.10/site-packages/airflow/example_dags/example_external_task_marker_dag.py
[2024-01-14T15:47:00.052+0200] {processor.py:840} INFO - DAG(s) 'example_external_task_marker_parent', 'example_external_task_marker_child' retrieved from /home/mahmoud/airflow_env/lib/python3.10/site-packages/airflow/example_dags/example_external_task_marker_dag.py
[2024-01-14T15:47:00.069+0200] {logging_mixin.py:188} INFO - [2024-01-14T15:47:00.069+0200] {dag.py:3033} INFO - Sync 2 DAGs
[2024-01-14T15:47:00.080+0200] {logging_mixin.py:188} INFO - [2024-01-14T15:47:00.080+0200] {dag.py:3820} INFO - Setting next_dagrun for example_external_task_marker_child to None, run_after=None
[2024-01-14T15:47:00.083+0200] {logging_mixin.py:188} INFO - [2024-01-14T15:47:00.083+0200] {dag.py:3820} INFO - Setting next_dagrun for example_external_task_marker_parent to None, run_after=None
[2024-01-14T15:47:00.103+0200] {processor.py:183} INFO - Processing /home/mahmoud/airflow_env/lib/python3.10/site-packages/airflow/example_dags/example_external_task_marker_dag.py took 0.061 seconds
[2024-01-14T15:47:35.157+0200] {processor.py:161} INFO - Started process (PID=28362) to work on /home/mahmoud/airflow_env/lib/python3.10/site-packages/airflow/example_dags/example_external_task_marker_dag.py
[2024-01-14T15:47:35.160+0200] {processor.py:830} INFO - Processing file /home/mahmoud/airflow_env/lib/python3.10/site-packages/airflow/example_dags/example_external_task_marker_dag.py for tasks to queue
[2024-01-14T15:47:35.160+0200] {logging_mixin.py:188} INFO - [2024-01-14T15:47:35.160+0200] {dagbag.py:538} INFO - Filling up the DagBag from /home/mahmoud/airflow_env/lib/python3.10/site-packages/airflow/example_dags/example_external_task_marker_dag.py
[2024-01-14T15:47:35.167+0200] {processor.py:840} INFO - DAG(s) 'example_external_task_marker_parent', 'example_external_task_marker_child' retrieved from /home/mahmoud/airflow_env/lib/python3.10/site-packages/airflow/example_dags/example_external_task_marker_dag.py
[2024-01-14T15:47:35.183+0200] {logging_mixin.py:188} INFO - [2024-01-14T15:47:35.183+0200] {dag.py:3033} INFO - Sync 2 DAGs
[2024-01-14T15:47:35.194+0200] {logging_mixin.py:188} INFO - [2024-01-14T15:47:35.193+0200] {dag.py:3820} INFO - Setting next_dagrun for example_external_task_marker_child to None, run_after=None
[2024-01-14T15:47:35.196+0200] {logging_mixin.py:188} INFO - [2024-01-14T15:47:35.196+0200] {dag.py:3820} INFO - Setting next_dagrun for example_external_task_marker_parent to None, run_after=None
[2024-01-14T15:47:35.218+0200] {processor.py:183} INFO - Processing /home/mahmoud/airflow_env/lib/python3.10/site-packages/airflow/example_dags/example_external_task_marker_dag.py took 0.064 seconds
[2024-01-14T15:48:09.078+0200] {processor.py:161} INFO - Started process (PID=28521) to work on /home/mahmoud/airflow_env/lib/python3.10/site-packages/airflow/example_dags/example_external_task_marker_dag.py
[2024-01-14T15:48:09.080+0200] {processor.py:830} INFO - Processing file /home/mahmoud/airflow_env/lib/python3.10/site-packages/airflow/example_dags/example_external_task_marker_dag.py for tasks to queue
[2024-01-14T15:48:09.080+0200] {logging_mixin.py:188} INFO - [2024-01-14T15:48:09.080+0200] {dagbag.py:538} INFO - Filling up the DagBag from /home/mahmoud/airflow_env/lib/python3.10/site-packages/airflow/example_dags/example_external_task_marker_dag.py
[2024-01-14T15:48:09.086+0200] {processor.py:840} INFO - DAG(s) 'example_external_task_marker_parent', 'example_external_task_marker_child' retrieved from /home/mahmoud/airflow_env/lib/python3.10/site-packages/airflow/example_dags/example_external_task_marker_dag.py
[2024-01-14T15:48:09.102+0200] {logging_mixin.py:188} INFO - [2024-01-14T15:48:09.102+0200] {dag.py:3033} INFO - Sync 2 DAGs
[2024-01-14T15:48:09.112+0200] {logging_mixin.py:188} INFO - [2024-01-14T15:48:09.112+0200] {dag.py:3820} INFO - Setting next_dagrun for example_external_task_marker_child to None, run_after=None
[2024-01-14T15:48:09.115+0200] {logging_mixin.py:188} INFO - [2024-01-14T15:48:09.115+0200] {dag.py:3820} INFO - Setting next_dagrun for example_external_task_marker_parent to None, run_after=None
[2024-01-14T15:48:09.137+0200] {processor.py:183} INFO - Processing /home/mahmoud/airflow_env/lib/python3.10/site-packages/airflow/example_dags/example_external_task_marker_dag.py took 0.061 seconds
[2024-01-14T15:48:44.336+0200] {processor.py:161} INFO - Started process (PID=28662) to work on /home/mahmoud/airflow_env/lib/python3.10/site-packages/airflow/example_dags/example_external_task_marker_dag.py
[2024-01-14T15:48:44.337+0200] {processor.py:830} INFO - Processing file /home/mahmoud/airflow_env/lib/python3.10/site-packages/airflow/example_dags/example_external_task_marker_dag.py for tasks to queue
[2024-01-14T15:48:44.337+0200] {logging_mixin.py:188} INFO - [2024-01-14T15:48:44.337+0200] {dagbag.py:538} INFO - Filling up the DagBag from /home/mahmoud/airflow_env/lib/python3.10/site-packages/airflow/example_dags/example_external_task_marker_dag.py
[2024-01-14T15:48:44.342+0200] {processor.py:840} INFO - DAG(s) 'example_external_task_marker_child', 'example_external_task_marker_parent' retrieved from /home/mahmoud/airflow_env/lib/python3.10/site-packages/airflow/example_dags/example_external_task_marker_dag.py
[2024-01-14T15:48:44.356+0200] {logging_mixin.py:188} INFO - [2024-01-14T15:48:44.356+0200] {dag.py:3033} INFO - Sync 2 DAGs
[2024-01-14T15:48:44.364+0200] {logging_mixin.py:188} INFO - [2024-01-14T15:48:44.364+0200] {dag.py:3820} INFO - Setting next_dagrun for example_external_task_marker_child to None, run_after=None
[2024-01-14T15:48:44.366+0200] {logging_mixin.py:188} INFO - [2024-01-14T15:48:44.366+0200] {dag.py:3820} INFO - Setting next_dagrun for example_external_task_marker_parent to None, run_after=None
[2024-01-14T15:48:44.387+0200] {processor.py:183} INFO - Processing /home/mahmoud/airflow_env/lib/python3.10/site-packages/airflow/example_dags/example_external_task_marker_dag.py took 0.055 seconds
[2024-01-14T15:49:21.313+0200] {processor.py:161} INFO - Started process (PID=28804) to work on /home/mahmoud/airflow_env/lib/python3.10/site-packages/airflow/example_dags/example_external_task_marker_dag.py
[2024-01-14T15:49:21.314+0200] {processor.py:830} INFO - Processing file /home/mahmoud/airflow_env/lib/python3.10/site-packages/airflow/example_dags/example_external_task_marker_dag.py for tasks to queue
[2024-01-14T15:49:21.315+0200] {logging_mixin.py:188} INFO - [2024-01-14T15:49:21.315+0200] {dagbag.py:538} INFO - Filling up the DagBag from /home/mahmoud/airflow_env/lib/python3.10/site-packages/airflow/example_dags/example_external_task_marker_dag.py
[2024-01-14T15:49:21.321+0200] {processor.py:840} INFO - DAG(s) 'example_external_task_marker_child', 'example_external_task_marker_parent' retrieved from /home/mahmoud/airflow_env/lib/python3.10/site-packages/airflow/example_dags/example_external_task_marker_dag.py
[2024-01-14T15:49:21.337+0200] {logging_mixin.py:188} INFO - [2024-01-14T15:49:21.337+0200] {dag.py:3033} INFO - Sync 2 DAGs
[2024-01-14T15:49:21.347+0200] {logging_mixin.py:188} INFO - [2024-01-14T15:49:21.346+0200] {dag.py:3820} INFO - Setting next_dagrun for example_external_task_marker_child to None, run_after=None
[2024-01-14T15:49:21.349+0200] {logging_mixin.py:188} INFO - [2024-01-14T15:49:21.349+0200] {dag.py:3820} INFO - Setting next_dagrun for example_external_task_marker_parent to None, run_after=None
[2024-01-14T15:49:21.371+0200] {processor.py:183} INFO - Processing /home/mahmoud/airflow_env/lib/python3.10/site-packages/airflow/example_dags/example_external_task_marker_dag.py took 0.061 seconds
[2024-01-14T15:49:57.478+0200] {processor.py:161} INFO - Started process (PID=28950) to work on /home/mahmoud/airflow_env/lib/python3.10/site-packages/airflow/example_dags/example_external_task_marker_dag.py
[2024-01-14T15:49:57.480+0200] {processor.py:830} INFO - Processing file /home/mahmoud/airflow_env/lib/python3.10/site-packages/airflow/example_dags/example_external_task_marker_dag.py for tasks to queue
[2024-01-14T15:49:57.481+0200] {logging_mixin.py:188} INFO - [2024-01-14T15:49:57.481+0200] {dagbag.py:538} INFO - Filling up the DagBag from /home/mahmoud/airflow_env/lib/python3.10/site-packages/airflow/example_dags/example_external_task_marker_dag.py
[2024-01-14T15:49:57.487+0200] {processor.py:840} INFO - DAG(s) 'example_external_task_marker_parent', 'example_external_task_marker_child' retrieved from /home/mahmoud/airflow_env/lib/python3.10/site-packages/airflow/example_dags/example_external_task_marker_dag.py
[2024-01-14T15:49:57.504+0200] {logging_mixin.py:188} INFO - [2024-01-14T15:49:57.504+0200] {dag.py:3033} INFO - Sync 2 DAGs
[2024-01-14T15:49:57.514+0200] {logging_mixin.py:188} INFO - [2024-01-14T15:49:57.514+0200] {dag.py:3820} INFO - Setting next_dagrun for example_external_task_marker_child to None, run_after=None
[2024-01-14T15:49:57.517+0200] {logging_mixin.py:188} INFO - [2024-01-14T15:49:57.517+0200] {dag.py:3820} INFO - Setting next_dagrun for example_external_task_marker_parent to None, run_after=None
[2024-01-14T15:49:57.540+0200] {processor.py:183} INFO - Processing /home/mahmoud/airflow_env/lib/python3.10/site-packages/airflow/example_dags/example_external_task_marker_dag.py took 0.065 seconds
[2024-01-14T15:50:30.718+0200] {processor.py:161} INFO - Started process (PID=29081) to work on /home/mahmoud/airflow_env/lib/python3.10/site-packages/airflow/example_dags/example_external_task_marker_dag.py
[2024-01-14T15:50:30.720+0200] {processor.py:830} INFO - Processing file /home/mahmoud/airflow_env/lib/python3.10/site-packages/airflow/example_dags/example_external_task_marker_dag.py for tasks to queue
[2024-01-14T15:50:30.721+0200] {logging_mixin.py:188} INFO - [2024-01-14T15:50:30.721+0200] {dagbag.py:538} INFO - Filling up the DagBag from /home/mahmoud/airflow_env/lib/python3.10/site-packages/airflow/example_dags/example_external_task_marker_dag.py
[2024-01-14T15:50:30.727+0200] {processor.py:840} INFO - DAG(s) 'example_external_task_marker_parent', 'example_external_task_marker_child' retrieved from /home/mahmoud/airflow_env/lib/python3.10/site-packages/airflow/example_dags/example_external_task_marker_dag.py
[2024-01-14T15:50:30.744+0200] {logging_mixin.py:188} INFO - [2024-01-14T15:50:30.743+0200] {dag.py:3033} INFO - Sync 2 DAGs
[2024-01-14T15:50:30.754+0200] {logging_mixin.py:188} INFO - [2024-01-14T15:50:30.754+0200] {dag.py:3820} INFO - Setting next_dagrun for example_external_task_marker_child to None, run_after=None
[2024-01-14T15:50:30.757+0200] {logging_mixin.py:188} INFO - [2024-01-14T15:50:30.757+0200] {dag.py:3820} INFO - Setting next_dagrun for example_external_task_marker_parent to None, run_after=None
[2024-01-14T15:50:30.779+0200] {processor.py:183} INFO - Processing /home/mahmoud/airflow_env/lib/python3.10/site-packages/airflow/example_dags/example_external_task_marker_dag.py took 0.065 seconds
[2024-01-14T15:51:04.962+0200] {processor.py:161} INFO - Started process (PID=29219) to work on /home/mahmoud/airflow_env/lib/python3.10/site-packages/airflow/example_dags/example_external_task_marker_dag.py
[2024-01-14T15:51:04.965+0200] {processor.py:830} INFO - Processing file /home/mahmoud/airflow_env/lib/python3.10/site-packages/airflow/example_dags/example_external_task_marker_dag.py for tasks to queue
[2024-01-14T15:51:04.967+0200] {logging_mixin.py:188} INFO - [2024-01-14T15:51:04.966+0200] {dagbag.py:538} INFO - Filling up the DagBag from /home/mahmoud/airflow_env/lib/python3.10/site-packages/airflow/example_dags/example_external_task_marker_dag.py
[2024-01-14T15:51:04.979+0200] {processor.py:840} INFO - DAG(s) 'example_external_task_marker_parent', 'example_external_task_marker_child' retrieved from /home/mahmoud/airflow_env/lib/python3.10/site-packages/airflow/example_dags/example_external_task_marker_dag.py
[2024-01-14T15:51:05.002+0200] {logging_mixin.py:188} INFO - [2024-01-14T15:51:05.002+0200] {dag.py:3033} INFO - Sync 2 DAGs
[2024-01-14T15:51:05.014+0200] {logging_mixin.py:188} INFO - [2024-01-14T15:51:05.013+0200] {dag.py:3820} INFO - Setting next_dagrun for example_external_task_marker_child to None, run_after=None
[2024-01-14T15:51:05.016+0200] {logging_mixin.py:188} INFO - [2024-01-14T15:51:05.016+0200] {dag.py:3820} INFO - Setting next_dagrun for example_external_task_marker_parent to None, run_after=None
[2024-01-14T15:51:05.036+0200] {processor.py:183} INFO - Processing /home/mahmoud/airflow_env/lib/python3.10/site-packages/airflow/example_dags/example_external_task_marker_dag.py took 0.084 seconds
[2024-01-14T15:51:40.744+0200] {processor.py:161} INFO - Started process (PID=29357) to work on /home/mahmoud/airflow_env/lib/python3.10/site-packages/airflow/example_dags/example_external_task_marker_dag.py
[2024-01-14T15:51:40.745+0200] {processor.py:830} INFO - Processing file /home/mahmoud/airflow_env/lib/python3.10/site-packages/airflow/example_dags/example_external_task_marker_dag.py for tasks to queue
[2024-01-14T15:51:40.746+0200] {logging_mixin.py:188} INFO - [2024-01-14T15:51:40.746+0200] {dagbag.py:538} INFO - Filling up the DagBag from /home/mahmoud/airflow_env/lib/python3.10/site-packages/airflow/example_dags/example_external_task_marker_dag.py
[2024-01-14T15:51:40.752+0200] {processor.py:840} INFO - DAG(s) 'example_external_task_marker_child', 'example_external_task_marker_parent' retrieved from /home/mahmoud/airflow_env/lib/python3.10/site-packages/airflow/example_dags/example_external_task_marker_dag.py
[2024-01-14T15:51:40.768+0200] {logging_mixin.py:188} INFO - [2024-01-14T15:51:40.768+0200] {dag.py:3033} INFO - Sync 2 DAGs
[2024-01-14T15:51:40.778+0200] {logging_mixin.py:188} INFO - [2024-01-14T15:51:40.778+0200] {dag.py:3820} INFO - Setting next_dagrun for example_external_task_marker_child to None, run_after=None
[2024-01-14T15:51:40.781+0200] {logging_mixin.py:188} INFO - [2024-01-14T15:51:40.781+0200] {dag.py:3820} INFO - Setting next_dagrun for example_external_task_marker_parent to None, run_after=None
[2024-01-14T15:51:40.801+0200] {processor.py:183} INFO - Processing /home/mahmoud/airflow_env/lib/python3.10/site-packages/airflow/example_dags/example_external_task_marker_dag.py took 0.059 seconds
[2024-01-14T15:52:15.871+0200] {processor.py:161} INFO - Started process (PID=29496) to work on /home/mahmoud/airflow_env/lib/python3.10/site-packages/airflow/example_dags/example_external_task_marker_dag.py
[2024-01-14T15:52:15.872+0200] {processor.py:830} INFO - Processing file /home/mahmoud/airflow_env/lib/python3.10/site-packages/airflow/example_dags/example_external_task_marker_dag.py for tasks to queue
[2024-01-14T15:52:15.873+0200] {logging_mixin.py:188} INFO - [2024-01-14T15:52:15.873+0200] {dagbag.py:538} INFO - Filling up the DagBag from /home/mahmoud/airflow_env/lib/python3.10/site-packages/airflow/example_dags/example_external_task_marker_dag.py
[2024-01-14T15:52:15.878+0200] {processor.py:840} INFO - DAG(s) 'example_external_task_marker_parent', 'example_external_task_marker_child' retrieved from /home/mahmoud/airflow_env/lib/python3.10/site-packages/airflow/example_dags/example_external_task_marker_dag.py
[2024-01-14T15:52:15.891+0200] {logging_mixin.py:188} INFO - [2024-01-14T15:52:15.891+0200] {dag.py:3033} INFO - Sync 2 DAGs
[2024-01-14T15:52:15.900+0200] {logging_mixin.py:188} INFO - [2024-01-14T15:52:15.900+0200] {dag.py:3820} INFO - Setting next_dagrun for example_external_task_marker_child to None, run_after=None
[2024-01-14T15:52:15.902+0200] {logging_mixin.py:188} INFO - [2024-01-14T15:52:15.902+0200] {dag.py:3820} INFO - Setting next_dagrun for example_external_task_marker_parent to None, run_after=None
[2024-01-14T15:52:15.920+0200] {processor.py:183} INFO - Processing /home/mahmoud/airflow_env/lib/python3.10/site-packages/airflow/example_dags/example_external_task_marker_dag.py took 0.052 seconds
[2024-01-14T15:52:47.708+0200] {processor.py:161} INFO - Started process (PID=29654) to work on /home/mahmoud/airflow_env/lib/python3.10/site-packages/airflow/example_dags/example_external_task_marker_dag.py
[2024-01-14T15:52:47.709+0200] {processor.py:830} INFO - Processing file /home/mahmoud/airflow_env/lib/python3.10/site-packages/airflow/example_dags/example_external_task_marker_dag.py for tasks to queue
[2024-01-14T15:52:47.710+0200] {logging_mixin.py:188} INFO - [2024-01-14T15:52:47.710+0200] {dagbag.py:538} INFO - Filling up the DagBag from /home/mahmoud/airflow_env/lib/python3.10/site-packages/airflow/example_dags/example_external_task_marker_dag.py
[2024-01-14T15:52:47.716+0200] {processor.py:840} INFO - DAG(s) 'example_external_task_marker_child', 'example_external_task_marker_parent' retrieved from /home/mahmoud/airflow_env/lib/python3.10/site-packages/airflow/example_dags/example_external_task_marker_dag.py
[2024-01-14T15:52:47.732+0200] {logging_mixin.py:188} INFO - [2024-01-14T15:52:47.732+0200] {dag.py:3033} INFO - Sync 2 DAGs
[2024-01-14T15:52:47.743+0200] {logging_mixin.py:188} INFO - [2024-01-14T15:52:47.743+0200] {dag.py:3820} INFO - Setting next_dagrun for example_external_task_marker_child to None, run_after=None
[2024-01-14T15:52:47.746+0200] {logging_mixin.py:188} INFO - [2024-01-14T15:52:47.746+0200] {dag.py:3820} INFO - Setting next_dagrun for example_external_task_marker_parent to None, run_after=None
[2024-01-14T15:52:47.766+0200] {processor.py:183} INFO - Processing /home/mahmoud/airflow_env/lib/python3.10/site-packages/airflow/example_dags/example_external_task_marker_dag.py took 0.060 seconds
[2024-01-14T15:53:22.322+0200] {processor.py:161} INFO - Started process (PID=29793) to work on /home/mahmoud/airflow_env/lib/python3.10/site-packages/airflow/example_dags/example_external_task_marker_dag.py
[2024-01-14T15:53:22.324+0200] {processor.py:830} INFO - Processing file /home/mahmoud/airflow_env/lib/python3.10/site-packages/airflow/example_dags/example_external_task_marker_dag.py for tasks to queue
[2024-01-14T15:53:22.325+0200] {logging_mixin.py:188} INFO - [2024-01-14T15:53:22.324+0200] {dagbag.py:538} INFO - Filling up the DagBag from /home/mahmoud/airflow_env/lib/python3.10/site-packages/airflow/example_dags/example_external_task_marker_dag.py
[2024-01-14T15:53:22.330+0200] {processor.py:840} INFO - DAG(s) 'example_external_task_marker_parent', 'example_external_task_marker_child' retrieved from /home/mahmoud/airflow_env/lib/python3.10/site-packages/airflow/example_dags/example_external_task_marker_dag.py
[2024-01-14T15:53:22.347+0200] {logging_mixin.py:188} INFO - [2024-01-14T15:53:22.346+0200] {dag.py:3033} INFO - Sync 2 DAGs
[2024-01-14T15:53:22.357+0200] {logging_mixin.py:188} INFO - [2024-01-14T15:53:22.356+0200] {dag.py:3820} INFO - Setting next_dagrun for example_external_task_marker_child to None, run_after=None
[2024-01-14T15:53:22.359+0200] {logging_mixin.py:188} INFO - [2024-01-14T15:53:22.359+0200] {dag.py:3820} INFO - Setting next_dagrun for example_external_task_marker_parent to None, run_after=None
[2024-01-14T15:53:22.378+0200] {processor.py:183} INFO - Processing /home/mahmoud/airflow_env/lib/python3.10/site-packages/airflow/example_dags/example_external_task_marker_dag.py took 0.059 seconds
[2024-01-14T15:54:04.061+0200] {processor.py:161} INFO - Started process (PID=29945) to work on /home/mahmoud/airflow_env/lib/python3.10/site-packages/airflow/example_dags/example_external_task_marker_dag.py
[2024-01-14T15:54:04.070+0200] {processor.py:830} INFO - Processing file /home/mahmoud/airflow_env/lib/python3.10/site-packages/airflow/example_dags/example_external_task_marker_dag.py for tasks to queue
[2024-01-14T15:54:04.078+0200] {logging_mixin.py:188} INFO - [2024-01-14T15:54:04.075+0200] {dagbag.py:538} INFO - Filling up the DagBag from /home/mahmoud/airflow_env/lib/python3.10/site-packages/airflow/example_dags/example_external_task_marker_dag.py
[2024-01-14T15:54:04.133+0200] {processor.py:840} INFO - DAG(s) 'example_external_task_marker_parent', 'example_external_task_marker_child' retrieved from /home/mahmoud/airflow_env/lib/python3.10/site-packages/airflow/example_dags/example_external_task_marker_dag.py
[2024-01-14T15:54:04.292+0200] {logging_mixin.py:188} INFO - [2024-01-14T15:54:04.291+0200] {dag.py:3033} INFO - Sync 2 DAGs
[2024-01-14T15:54:04.401+0200] {logging_mixin.py:188} INFO - [2024-01-14T15:54:04.400+0200] {dag.py:3820} INFO - Setting next_dagrun for example_external_task_marker_child to None, run_after=None
[2024-01-14T15:54:04.427+0200] {logging_mixin.py:188} INFO - [2024-01-14T15:54:04.426+0200] {dag.py:3820} INFO - Setting next_dagrun for example_external_task_marker_parent to None, run_after=None
[2024-01-14T15:54:04.585+0200] {processor.py:183} INFO - Processing /home/mahmoud/airflow_env/lib/python3.10/site-packages/airflow/example_dags/example_external_task_marker_dag.py took 0.548 seconds
[2024-01-14T15:55:11.379+0200] {processor.py:161} INFO - Started process (PID=30175) to work on /home/mahmoud/airflow_env/lib/python3.10/site-packages/airflow/example_dags/example_external_task_marker_dag.py
[2024-01-14T15:55:11.383+0200] {processor.py:830} INFO - Processing file /home/mahmoud/airflow_env/lib/python3.10/site-packages/airflow/example_dags/example_external_task_marker_dag.py for tasks to queue
[2024-01-14T15:55:11.385+0200] {logging_mixin.py:188} INFO - [2024-01-14T15:55:11.384+0200] {dagbag.py:538} INFO - Filling up the DagBag from /home/mahmoud/airflow_env/lib/python3.10/site-packages/airflow/example_dags/example_external_task_marker_dag.py
[2024-01-14T15:55:11.404+0200] {processor.py:840} INFO - DAG(s) 'example_external_task_marker_parent', 'example_external_task_marker_child' retrieved from /home/mahmoud/airflow_env/lib/python3.10/site-packages/airflow/example_dags/example_external_task_marker_dag.py
[2024-01-14T15:55:11.457+0200] {logging_mixin.py:188} INFO - [2024-01-14T15:55:11.457+0200] {dag.py:3033} INFO - Sync 2 DAGs
[2024-01-14T15:55:11.492+0200] {logging_mixin.py:188} INFO - [2024-01-14T15:55:11.491+0200] {dag.py:3820} INFO - Setting next_dagrun for example_external_task_marker_child to None, run_after=None
[2024-01-14T15:55:11.501+0200] {logging_mixin.py:188} INFO - [2024-01-14T15:55:11.500+0200] {dag.py:3820} INFO - Setting next_dagrun for example_external_task_marker_parent to None, run_after=None
[2024-01-14T15:55:11.557+0200] {processor.py:183} INFO - Processing /home/mahmoud/airflow_env/lib/python3.10/site-packages/airflow/example_dags/example_external_task_marker_dag.py took 0.187 seconds
[2024-01-14T15:55:45.132+0200] {processor.py:161} INFO - Started process (PID=30293) to work on /home/mahmoud/airflow_env/lib/python3.10/site-packages/airflow/example_dags/example_external_task_marker_dag.py
[2024-01-14T15:55:45.136+0200] {processor.py:830} INFO - Processing file /home/mahmoud/airflow_env/lib/python3.10/site-packages/airflow/example_dags/example_external_task_marker_dag.py for tasks to queue
[2024-01-14T15:55:45.138+0200] {logging_mixin.py:188} INFO - [2024-01-14T15:55:45.137+0200] {dagbag.py:538} INFO - Filling up the DagBag from /home/mahmoud/airflow_env/lib/python3.10/site-packages/airflow/example_dags/example_external_task_marker_dag.py
[2024-01-14T15:55:45.157+0200] {processor.py:840} INFO - DAG(s) 'example_external_task_marker_child', 'example_external_task_marker_parent' retrieved from /home/mahmoud/airflow_env/lib/python3.10/site-packages/airflow/example_dags/example_external_task_marker_dag.py
[2024-01-14T15:55:45.210+0200] {logging_mixin.py:188} INFO - [2024-01-14T15:55:45.209+0200] {dag.py:3033} INFO - Sync 2 DAGs
[2024-01-14T15:55:45.245+0200] {logging_mixin.py:188} INFO - [2024-01-14T15:55:45.244+0200] {dag.py:3820} INFO - Setting next_dagrun for example_external_task_marker_child to None, run_after=None
[2024-01-14T15:55:45.254+0200] {logging_mixin.py:188} INFO - [2024-01-14T15:55:45.253+0200] {dag.py:3820} INFO - Setting next_dagrun for example_external_task_marker_parent to None, run_after=None
[2024-01-14T15:55:45.308+0200] {processor.py:183} INFO - Processing /home/mahmoud/airflow_env/lib/python3.10/site-packages/airflow/example_dags/example_external_task_marker_dag.py took 0.185 seconds
[2024-01-14T15:56:44.278+0200] {processor.py:161} INFO - Started process (PID=30498) to work on /home/mahmoud/airflow_env/lib/python3.10/site-packages/airflow/example_dags/example_external_task_marker_dag.py
[2024-01-14T15:56:44.282+0200] {processor.py:830} INFO - Processing file /home/mahmoud/airflow_env/lib/python3.10/site-packages/airflow/example_dags/example_external_task_marker_dag.py for tasks to queue
[2024-01-14T15:56:44.284+0200] {logging_mixin.py:188} INFO - [2024-01-14T15:56:44.283+0200] {dagbag.py:538} INFO - Filling up the DagBag from /home/mahmoud/airflow_env/lib/python3.10/site-packages/airflow/example_dags/example_external_task_marker_dag.py
[2024-01-14T15:56:44.301+0200] {processor.py:840} INFO - DAG(s) 'example_external_task_marker_child', 'example_external_task_marker_parent' retrieved from /home/mahmoud/airflow_env/lib/python3.10/site-packages/airflow/example_dags/example_external_task_marker_dag.py
[2024-01-14T15:56:44.349+0200] {logging_mixin.py:188} INFO - [2024-01-14T15:56:44.348+0200] {dag.py:3033} INFO - Sync 2 DAGs
[2024-01-14T15:56:44.380+0200] {logging_mixin.py:188} INFO - [2024-01-14T15:56:44.380+0200] {dag.py:3820} INFO - Setting next_dagrun for example_external_task_marker_child to None, run_after=None
[2024-01-14T15:56:44.389+0200] {logging_mixin.py:188} INFO - [2024-01-14T15:56:44.388+0200] {dag.py:3820} INFO - Setting next_dagrun for example_external_task_marker_parent to None, run_after=None
[2024-01-14T15:56:44.439+0200] {processor.py:183} INFO - Processing /home/mahmoud/airflow_env/lib/python3.10/site-packages/airflow/example_dags/example_external_task_marker_dag.py took 0.170 seconds
[2024-01-14T15:57:40.337+0200] {processor.py:161} INFO - Started process (PID=30702) to work on /home/mahmoud/airflow_env/lib/python3.10/site-packages/airflow/example_dags/example_external_task_marker_dag.py
[2024-01-14T15:57:40.339+0200] {processor.py:830} INFO - Processing file /home/mahmoud/airflow_env/lib/python3.10/site-packages/airflow/example_dags/example_external_task_marker_dag.py for tasks to queue
[2024-01-14T15:57:40.340+0200] {logging_mixin.py:188} INFO - [2024-01-14T15:57:40.340+0200] {dagbag.py:538} INFO - Filling up the DagBag from /home/mahmoud/airflow_env/lib/python3.10/site-packages/airflow/example_dags/example_external_task_marker_dag.py
[2024-01-14T15:57:40.347+0200] {processor.py:840} INFO - DAG(s) 'example_external_task_marker_parent', 'example_external_task_marker_child' retrieved from /home/mahmoud/airflow_env/lib/python3.10/site-packages/airflow/example_dags/example_external_task_marker_dag.py
[2024-01-14T15:57:40.365+0200] {logging_mixin.py:188} INFO - [2024-01-14T15:57:40.364+0200] {dag.py:3033} INFO - Sync 2 DAGs
[2024-01-14T15:57:40.375+0200] {logging_mixin.py:188} INFO - [2024-01-14T15:57:40.375+0200] {dag.py:3820} INFO - Setting next_dagrun for example_external_task_marker_child to None, run_after=None
[2024-01-14T15:57:40.378+0200] {logging_mixin.py:188} INFO - [2024-01-14T15:57:40.378+0200] {dag.py:3820} INFO - Setting next_dagrun for example_external_task_marker_parent to None, run_after=None
[2024-01-14T15:57:40.399+0200] {processor.py:183} INFO - Processing /home/mahmoud/airflow_env/lib/python3.10/site-packages/airflow/example_dags/example_external_task_marker_dag.py took 0.065 seconds
