[2024-01-14T15:08:30.561+0200] {processor.py:161} INFO - Started process (PID=16154) to work on /home/mahmoud/airflow_env/lib/python3.10/site-packages/airflow/example_dags/example_python_decorator.py
[2024-01-14T15:08:30.562+0200] {processor.py:830} INFO - Processing file /home/mahmoud/airflow_env/lib/python3.10/site-packages/airflow/example_dags/example_python_decorator.py for tasks to queue
[2024-01-14T15:08:30.563+0200] {logging_mixin.py:188} INFO - [2024-01-14T15:08:30.562+0200] {dagbag.py:538} INFO - Filling up the DagBag from /home/mahmoud/airflow_env/lib/python3.10/site-packages/airflow/example_dags/example_python_decorator.py
[2024-01-14T15:08:30.571+0200] {processor.py:840} INFO - DAG(s) 'example_python_decorator' retrieved from /home/mahmoud/airflow_env/lib/python3.10/site-packages/airflow/example_dags/example_python_decorator.py
[2024-01-14T15:08:30.739+0200] {logging_mixin.py:188} INFO - [2024-01-14T15:08:30.738+0200] {override.py:1769} INFO - Created Permission View: can edit on DAG:example_python_decorator
[2024-01-14T15:08:30.750+0200] {logging_mixin.py:188} INFO - [2024-01-14T15:08:30.750+0200] {override.py:1769} INFO - Created Permission View: can delete on DAG:example_python_decorator
[2024-01-14T15:08:30.759+0200] {logging_mixin.py:188} INFO - [2024-01-14T15:08:30.759+0200] {override.py:1769} INFO - Created Permission View: can read on DAG:example_python_decorator
[2024-01-14T15:08:30.760+0200] {logging_mixin.py:188} INFO - [2024-01-14T15:08:30.760+0200] {dag.py:3033} INFO - Sync 1 DAGs
[2024-01-14T15:08:30.768+0200] {logging_mixin.py:188} INFO - [2024-01-14T15:08:30.767+0200] {dag.py:3055} INFO - Creating ORM DAG for example_python_decorator
[2024-01-14T15:08:30.768+0200] {logging_mixin.py:188} INFO - [2024-01-14T15:08:30.768+0200] {dag.py:3820} INFO - Setting next_dagrun for example_python_decorator to None, run_after=None
[2024-01-14T15:08:30.788+0200] {processor.py:183} INFO - Processing /home/mahmoud/airflow_env/lib/python3.10/site-packages/airflow/example_dags/example_python_decorator.py took 0.229 seconds
[2024-01-14T15:09:20.218+0200] {processor.py:161} INFO - Started process (PID=16494) to work on /home/mahmoud/airflow_env/lib/python3.10/site-packages/airflow/example_dags/example_python_decorator.py
[2024-01-14T15:09:20.220+0200] {processor.py:830} INFO - Processing file /home/mahmoud/airflow_env/lib/python3.10/site-packages/airflow/example_dags/example_python_decorator.py for tasks to queue
[2024-01-14T15:09:20.221+0200] {logging_mixin.py:188} INFO - [2024-01-14T15:09:20.221+0200] {dagbag.py:538} INFO - Filling up the DagBag from /home/mahmoud/airflow_env/lib/python3.10/site-packages/airflow/example_dags/example_python_decorator.py
[2024-01-14T15:09:20.234+0200] {processor.py:840} INFO - DAG(s) 'example_python_decorator' retrieved from /home/mahmoud/airflow_env/lib/python3.10/site-packages/airflow/example_dags/example_python_decorator.py
[2024-01-14T15:09:20.249+0200] {logging_mixin.py:188} INFO - [2024-01-14T15:09:20.248+0200] {dag.py:3033} INFO - Sync 1 DAGs
[2024-01-14T15:09:20.258+0200] {logging_mixin.py:188} INFO - [2024-01-14T15:09:20.258+0200] {dag.py:3820} INFO - Setting next_dagrun for example_python_decorator to None, run_after=None
[2024-01-14T15:09:20.281+0200] {processor.py:183} INFO - Processing /home/mahmoud/airflow_env/lib/python3.10/site-packages/airflow/example_dags/example_python_decorator.py took 0.067 seconds
[2024-01-14T15:10:09.151+0200] {processor.py:161} INFO - Started process (PID=16710) to work on /home/mahmoud/airflow_env/lib/python3.10/site-packages/airflow/example_dags/example_python_decorator.py
[2024-01-14T15:10:09.153+0200] {processor.py:830} INFO - Processing file /home/mahmoud/airflow_env/lib/python3.10/site-packages/airflow/example_dags/example_python_decorator.py for tasks to queue
[2024-01-14T15:10:09.155+0200] {logging_mixin.py:188} INFO - [2024-01-14T15:10:09.154+0200] {dagbag.py:538} INFO - Filling up the DagBag from /home/mahmoud/airflow_env/lib/python3.10/site-packages/airflow/example_dags/example_python_decorator.py
[2024-01-14T15:10:09.168+0200] {processor.py:840} INFO - DAG(s) 'example_python_decorator' retrieved from /home/mahmoud/airflow_env/lib/python3.10/site-packages/airflow/example_dags/example_python_decorator.py
[2024-01-14T15:10:09.184+0200] {logging_mixin.py:188} INFO - [2024-01-14T15:10:09.184+0200] {dag.py:3033} INFO - Sync 1 DAGs
[2024-01-14T15:10:09.193+0200] {logging_mixin.py:188} INFO - [2024-01-14T15:10:09.193+0200] {dag.py:3820} INFO - Setting next_dagrun for example_python_decorator to None, run_after=None
[2024-01-14T15:10:09.217+0200] {processor.py:183} INFO - Processing /home/mahmoud/airflow_env/lib/python3.10/site-packages/airflow/example_dags/example_python_decorator.py took 0.072 seconds
[2024-01-14T15:11:07.327+0200] {processor.py:161} INFO - Started process (PID=16943) to work on /home/mahmoud/airflow_env/lib/python3.10/site-packages/airflow/example_dags/example_python_decorator.py
[2024-01-14T15:11:07.329+0200] {processor.py:830} INFO - Processing file /home/mahmoud/airflow_env/lib/python3.10/site-packages/airflow/example_dags/example_python_decorator.py for tasks to queue
[2024-01-14T15:11:07.330+0200] {logging_mixin.py:188} INFO - [2024-01-14T15:11:07.330+0200] {dagbag.py:538} INFO - Filling up the DagBag from /home/mahmoud/airflow_env/lib/python3.10/site-packages/airflow/example_dags/example_python_decorator.py
[2024-01-14T15:11:07.341+0200] {processor.py:840} INFO - DAG(s) 'example_python_decorator' retrieved from /home/mahmoud/airflow_env/lib/python3.10/site-packages/airflow/example_dags/example_python_decorator.py
[2024-01-14T15:11:07.358+0200] {logging_mixin.py:188} INFO - [2024-01-14T15:11:07.358+0200] {dag.py:3033} INFO - Sync 1 DAGs
[2024-01-14T15:11:07.368+0200] {logging_mixin.py:188} INFO - [2024-01-14T15:11:07.368+0200] {dag.py:3820} INFO - Setting next_dagrun for example_python_decorator to None, run_after=None
[2024-01-14T15:11:07.391+0200] {processor.py:183} INFO - Processing /home/mahmoud/airflow_env/lib/python3.10/site-packages/airflow/example_dags/example_python_decorator.py took 0.067 seconds
[2024-01-14T15:12:03.287+0200] {processor.py:161} INFO - Started process (PID=17204) to work on /home/mahmoud/airflow_env/lib/python3.10/site-packages/airflow/example_dags/example_python_decorator.py
[2024-01-14T15:12:03.290+0200] {processor.py:830} INFO - Processing file /home/mahmoud/airflow_env/lib/python3.10/site-packages/airflow/example_dags/example_python_decorator.py for tasks to queue
[2024-01-14T15:12:03.291+0200] {logging_mixin.py:188} INFO - [2024-01-14T15:12:03.290+0200] {dagbag.py:538} INFO - Filling up the DagBag from /home/mahmoud/airflow_env/lib/python3.10/site-packages/airflow/example_dags/example_python_decorator.py
[2024-01-14T15:12:03.301+0200] {processor.py:840} INFO - DAG(s) 'example_python_decorator' retrieved from /home/mahmoud/airflow_env/lib/python3.10/site-packages/airflow/example_dags/example_python_decorator.py
[2024-01-14T15:12:03.316+0200] {logging_mixin.py:188} INFO - [2024-01-14T15:12:03.316+0200] {dag.py:3033} INFO - Sync 1 DAGs
[2024-01-14T15:12:03.326+0200] {logging_mixin.py:188} INFO - [2024-01-14T15:12:03.326+0200] {dag.py:3820} INFO - Setting next_dagrun for example_python_decorator to None, run_after=None
[2024-01-14T15:12:03.348+0200] {processor.py:183} INFO - Processing /home/mahmoud/airflow_env/lib/python3.10/site-packages/airflow/example_dags/example_python_decorator.py took 0.065 seconds
[2024-01-14T15:12:56.476+0200] {processor.py:161} INFO - Started process (PID=17414) to work on /home/mahmoud/airflow_env/lib/python3.10/site-packages/airflow/example_dags/example_python_decorator.py
[2024-01-14T15:12:56.479+0200] {processor.py:830} INFO - Processing file /home/mahmoud/airflow_env/lib/python3.10/site-packages/airflow/example_dags/example_python_decorator.py for tasks to queue
[2024-01-14T15:12:56.480+0200] {logging_mixin.py:188} INFO - [2024-01-14T15:12:56.480+0200] {dagbag.py:538} INFO - Filling up the DagBag from /home/mahmoud/airflow_env/lib/python3.10/site-packages/airflow/example_dags/example_python_decorator.py
[2024-01-14T15:12:56.495+0200] {processor.py:840} INFO - DAG(s) 'example_python_decorator' retrieved from /home/mahmoud/airflow_env/lib/python3.10/site-packages/airflow/example_dags/example_python_decorator.py
[2024-01-14T15:12:56.512+0200] {logging_mixin.py:188} INFO - [2024-01-14T15:12:56.511+0200] {dag.py:3033} INFO - Sync 1 DAGs
[2024-01-14T15:12:56.522+0200] {logging_mixin.py:188} INFO - [2024-01-14T15:12:56.522+0200] {dag.py:3820} INFO - Setting next_dagrun for example_python_decorator to None, run_after=None
[2024-01-14T15:12:56.544+0200] {processor.py:183} INFO - Processing /home/mahmoud/airflow_env/lib/python3.10/site-packages/airflow/example_dags/example_python_decorator.py took 0.072 seconds
[2024-01-14T15:13:50.136+0200] {processor.py:161} INFO - Started process (PID=17677) to work on /home/mahmoud/airflow_env/lib/python3.10/site-packages/airflow/example_dags/example_python_decorator.py
[2024-01-14T15:13:50.138+0200] {processor.py:830} INFO - Processing file /home/mahmoud/airflow_env/lib/python3.10/site-packages/airflow/example_dags/example_python_decorator.py for tasks to queue
[2024-01-14T15:13:50.139+0200] {logging_mixin.py:188} INFO - [2024-01-14T15:13:50.138+0200] {dagbag.py:538} INFO - Filling up the DagBag from /home/mahmoud/airflow_env/lib/python3.10/site-packages/airflow/example_dags/example_python_decorator.py
[2024-01-14T15:13:50.149+0200] {processor.py:840} INFO - DAG(s) 'example_python_decorator' retrieved from /home/mahmoud/airflow_env/lib/python3.10/site-packages/airflow/example_dags/example_python_decorator.py
[2024-01-14T15:13:50.164+0200] {logging_mixin.py:188} INFO - [2024-01-14T15:13:50.164+0200] {dag.py:3033} INFO - Sync 1 DAGs
[2024-01-14T15:13:50.174+0200] {logging_mixin.py:188} INFO - [2024-01-14T15:13:50.174+0200] {dag.py:3820} INFO - Setting next_dagrun for example_python_decorator to None, run_after=None
[2024-01-14T15:13:50.196+0200] {processor.py:183} INFO - Processing /home/mahmoud/airflow_env/lib/python3.10/site-packages/airflow/example_dags/example_python_decorator.py took 0.063 seconds
[2024-01-14T15:20:16.954+0200] {processor.py:161} INFO - Started process (PID=19528) to work on /home/mahmoud/airflow_env/lib/python3.10/site-packages/airflow/example_dags/example_python_decorator.py
[2024-01-14T15:20:16.955+0200] {processor.py:830} INFO - Processing file /home/mahmoud/airflow_env/lib/python3.10/site-packages/airflow/example_dags/example_python_decorator.py for tasks to queue
[2024-01-14T15:20:16.956+0200] {logging_mixin.py:188} INFO - [2024-01-14T15:20:16.956+0200] {dagbag.py:538} INFO - Filling up the DagBag from /home/mahmoud/airflow_env/lib/python3.10/site-packages/airflow/example_dags/example_python_decorator.py
[2024-01-14T15:20:16.965+0200] {processor.py:840} INFO - DAG(s) 'example_python_decorator' retrieved from /home/mahmoud/airflow_env/lib/python3.10/site-packages/airflow/example_dags/example_python_decorator.py
[2024-01-14T15:20:16.981+0200] {logging_mixin.py:188} INFO - [2024-01-14T15:20:16.981+0200] {dag.py:3033} INFO - Sync 1 DAGs
[2024-01-14T15:20:17.073+0200] {logging_mixin.py:188} INFO - [2024-01-14T15:20:17.073+0200] {dag.py:3820} INFO - Setting next_dagrun for example_python_decorator to None, run_after=None
[2024-01-14T15:20:17.101+0200] {processor.py:183} INFO - Processing /home/mahmoud/airflow_env/lib/python3.10/site-packages/airflow/example_dags/example_python_decorator.py took 0.150 seconds
[2024-01-14T15:21:07.361+0200] {processor.py:161} INFO - Started process (PID=19727) to work on /home/mahmoud/airflow_env/lib/python3.10/site-packages/airflow/example_dags/example_python_decorator.py
[2024-01-14T15:21:07.363+0200] {processor.py:830} INFO - Processing file /home/mahmoud/airflow_env/lib/python3.10/site-packages/airflow/example_dags/example_python_decorator.py for tasks to queue
[2024-01-14T15:21:07.364+0200] {logging_mixin.py:188} INFO - [2024-01-14T15:21:07.364+0200] {dagbag.py:538} INFO - Filling up the DagBag from /home/mahmoud/airflow_env/lib/python3.10/site-packages/airflow/example_dags/example_python_decorator.py
[2024-01-14T15:21:07.376+0200] {processor.py:840} INFO - DAG(s) 'example_python_decorator' retrieved from /home/mahmoud/airflow_env/lib/python3.10/site-packages/airflow/example_dags/example_python_decorator.py
[2024-01-14T15:21:07.391+0200] {logging_mixin.py:188} INFO - [2024-01-14T15:21:07.391+0200] {dag.py:3033} INFO - Sync 1 DAGs
[2024-01-14T15:21:07.400+0200] {logging_mixin.py:188} INFO - [2024-01-14T15:21:07.400+0200] {dag.py:3820} INFO - Setting next_dagrun for example_python_decorator to None, run_after=None
[2024-01-14T15:21:07.420+0200] {processor.py:183} INFO - Processing /home/mahmoud/airflow_env/lib/python3.10/site-packages/airflow/example_dags/example_python_decorator.py took 0.062 seconds
[2024-01-14T15:21:57.451+0200] {processor.py:161} INFO - Started process (PID=19920) to work on /home/mahmoud/airflow_env/lib/python3.10/site-packages/airflow/example_dags/example_python_decorator.py
[2024-01-14T15:21:57.454+0200] {processor.py:830} INFO - Processing file /home/mahmoud/airflow_env/lib/python3.10/site-packages/airflow/example_dags/example_python_decorator.py for tasks to queue
[2024-01-14T15:21:57.456+0200] {logging_mixin.py:188} INFO - [2024-01-14T15:21:57.455+0200] {dagbag.py:538} INFO - Filling up the DagBag from /home/mahmoud/airflow_env/lib/python3.10/site-packages/airflow/example_dags/example_python_decorator.py
[2024-01-14T15:21:57.480+0200] {processor.py:840} INFO - DAG(s) 'example_python_decorator' retrieved from /home/mahmoud/airflow_env/lib/python3.10/site-packages/airflow/example_dags/example_python_decorator.py
[2024-01-14T15:21:57.503+0200] {logging_mixin.py:188} INFO - [2024-01-14T15:21:57.502+0200] {dag.py:3033} INFO - Sync 1 DAGs
[2024-01-14T15:21:57.514+0200] {logging_mixin.py:188} INFO - [2024-01-14T15:21:57.514+0200] {dag.py:3820} INFO - Setting next_dagrun for example_python_decorator to None, run_after=None
[2024-01-14T15:21:57.539+0200] {processor.py:183} INFO - Processing /home/mahmoud/airflow_env/lib/python3.10/site-packages/airflow/example_dags/example_python_decorator.py took 0.095 seconds
[2024-01-14T15:22:50.807+0200] {processor.py:161} INFO - Started process (PID=20133) to work on /home/mahmoud/airflow_env/lib/python3.10/site-packages/airflow/example_dags/example_python_decorator.py
[2024-01-14T15:22:50.810+0200] {processor.py:830} INFO - Processing file /home/mahmoud/airflow_env/lib/python3.10/site-packages/airflow/example_dags/example_python_decorator.py for tasks to queue
[2024-01-14T15:22:50.812+0200] {logging_mixin.py:188} INFO - [2024-01-14T15:22:50.811+0200] {dagbag.py:538} INFO - Filling up the DagBag from /home/mahmoud/airflow_env/lib/python3.10/site-packages/airflow/example_dags/example_python_decorator.py
[2024-01-14T15:22:50.825+0200] {processor.py:840} INFO - DAG(s) 'example_python_decorator' retrieved from /home/mahmoud/airflow_env/lib/python3.10/site-packages/airflow/example_dags/example_python_decorator.py
[2024-01-14T15:22:50.842+0200] {logging_mixin.py:188} INFO - [2024-01-14T15:22:50.842+0200] {dag.py:3033} INFO - Sync 1 DAGs
[2024-01-14T15:22:50.852+0200] {logging_mixin.py:188} INFO - [2024-01-14T15:22:50.852+0200] {dag.py:3820} INFO - Setting next_dagrun for example_python_decorator to None, run_after=None
[2024-01-14T15:22:50.874+0200] {processor.py:183} INFO - Processing /home/mahmoud/airflow_env/lib/python3.10/site-packages/airflow/example_dags/example_python_decorator.py took 0.073 seconds
[2024-01-14T15:38:10.190+0200] {processor.py:161} INFO - Started process (PID=24621) to work on /home/mahmoud/airflow_env/lib/python3.10/site-packages/airflow/example_dags/example_python_decorator.py
[2024-01-14T15:38:10.192+0200] {processor.py:830} INFO - Processing file /home/mahmoud/airflow_env/lib/python3.10/site-packages/airflow/example_dags/example_python_decorator.py for tasks to queue
[2024-01-14T15:38:10.193+0200] {logging_mixin.py:188} INFO - [2024-01-14T15:38:10.193+0200] {dagbag.py:538} INFO - Filling up the DagBag from /home/mahmoud/airflow_env/lib/python3.10/site-packages/airflow/example_dags/example_python_decorator.py
[2024-01-14T15:38:10.206+0200] {processor.py:840} INFO - DAG(s) 'example_python_decorator' retrieved from /home/mahmoud/airflow_env/lib/python3.10/site-packages/airflow/example_dags/example_python_decorator.py
[2024-01-14T15:38:10.223+0200] {logging_mixin.py:188} INFO - [2024-01-14T15:38:10.222+0200] {dag.py:3033} INFO - Sync 1 DAGs
[2024-01-14T15:38:10.305+0200] {logging_mixin.py:188} INFO - [2024-01-14T15:38:10.305+0200] {dag.py:3820} INFO - Setting next_dagrun for example_python_decorator to None, run_after=None
[2024-01-14T15:38:10.330+0200] {processor.py:183} INFO - Processing /home/mahmoud/airflow_env/lib/python3.10/site-packages/airflow/example_dags/example_python_decorator.py took 0.145 seconds
[2024-01-14T15:38:59.284+0200] {processor.py:161} INFO - Started process (PID=25006) to work on /home/mahmoud/airflow_env/lib/python3.10/site-packages/airflow/example_dags/example_python_decorator.py
[2024-01-14T15:38:59.285+0200] {processor.py:830} INFO - Processing file /home/mahmoud/airflow_env/lib/python3.10/site-packages/airflow/example_dags/example_python_decorator.py for tasks to queue
[2024-01-14T15:38:59.286+0200] {logging_mixin.py:188} INFO - [2024-01-14T15:38:59.286+0200] {dagbag.py:538} INFO - Filling up the DagBag from /home/mahmoud/airflow_env/lib/python3.10/site-packages/airflow/example_dags/example_python_decorator.py
[2024-01-14T15:38:59.297+0200] {processor.py:840} INFO - DAG(s) 'example_python_decorator' retrieved from /home/mahmoud/airflow_env/lib/python3.10/site-packages/airflow/example_dags/example_python_decorator.py
[2024-01-14T15:38:59.313+0200] {logging_mixin.py:188} INFO - [2024-01-14T15:38:59.312+0200] {dag.py:3033} INFO - Sync 1 DAGs
[2024-01-14T15:38:59.324+0200] {logging_mixin.py:188} INFO - [2024-01-14T15:38:59.323+0200] {dag.py:3820} INFO - Setting next_dagrun for example_python_decorator to None, run_after=None
[2024-01-14T15:38:59.347+0200] {processor.py:183} INFO - Processing /home/mahmoud/airflow_env/lib/python3.10/site-packages/airflow/example_dags/example_python_decorator.py took 0.066 seconds
[2024-01-14T15:39:44.592+0200] {processor.py:161} INFO - Started process (PID=25232) to work on /home/mahmoud/airflow_env/lib/python3.10/site-packages/airflow/example_dags/example_python_decorator.py
[2024-01-14T15:39:44.595+0200] {processor.py:830} INFO - Processing file /home/mahmoud/airflow_env/lib/python3.10/site-packages/airflow/example_dags/example_python_decorator.py for tasks to queue
[2024-01-14T15:39:44.595+0200] {logging_mixin.py:188} INFO - [2024-01-14T15:39:44.595+0200] {dagbag.py:538} INFO - Filling up the DagBag from /home/mahmoud/airflow_env/lib/python3.10/site-packages/airflow/example_dags/example_python_decorator.py
[2024-01-14T15:39:44.606+0200] {processor.py:840} INFO - DAG(s) 'example_python_decorator' retrieved from /home/mahmoud/airflow_env/lib/python3.10/site-packages/airflow/example_dags/example_python_decorator.py
[2024-01-14T15:39:44.622+0200] {logging_mixin.py:188} INFO - [2024-01-14T15:39:44.621+0200] {dag.py:3033} INFO - Sync 1 DAGs
[2024-01-14T15:39:44.631+0200] {logging_mixin.py:188} INFO - [2024-01-14T15:39:44.631+0200] {dag.py:3820} INFO - Setting next_dagrun for example_python_decorator to None, run_after=None
[2024-01-14T15:39:44.654+0200] {processor.py:183} INFO - Processing /home/mahmoud/airflow_env/lib/python3.10/site-packages/airflow/example_dags/example_python_decorator.py took 0.066 seconds
[2024-01-14T15:40:38.277+0200] {processor.py:161} INFO - Started process (PID=25441) to work on /home/mahmoud/airflow_env/lib/python3.10/site-packages/airflow/example_dags/example_python_decorator.py
[2024-01-14T15:40:38.279+0200] {processor.py:830} INFO - Processing file /home/mahmoud/airflow_env/lib/python3.10/site-packages/airflow/example_dags/example_python_decorator.py for tasks to queue
[2024-01-14T15:40:38.279+0200] {logging_mixin.py:188} INFO - [2024-01-14T15:40:38.279+0200] {dagbag.py:538} INFO - Filling up the DagBag from /home/mahmoud/airflow_env/lib/python3.10/site-packages/airflow/example_dags/example_python_decorator.py
[2024-01-14T15:40:38.287+0200] {processor.py:840} INFO - DAG(s) 'example_python_decorator' retrieved from /home/mahmoud/airflow_env/lib/python3.10/site-packages/airflow/example_dags/example_python_decorator.py
[2024-01-14T15:40:38.301+0200] {logging_mixin.py:188} INFO - [2024-01-14T15:40:38.300+0200] {dag.py:3033} INFO - Sync 1 DAGs
[2024-01-14T15:40:38.315+0200] {logging_mixin.py:188} INFO - [2024-01-14T15:40:38.315+0200] {dag.py:3820} INFO - Setting next_dagrun for example_python_decorator to None, run_after=None
[2024-01-14T15:40:38.339+0200] {processor.py:183} INFO - Processing /home/mahmoud/airflow_env/lib/python3.10/site-packages/airflow/example_dags/example_python_decorator.py took 0.065 seconds
[2024-01-14T15:41:31.434+0200] {processor.py:161} INFO - Started process (PID=25716) to work on /home/mahmoud/airflow_env/lib/python3.10/site-packages/airflow/example_dags/example_python_decorator.py
[2024-01-14T15:41:31.438+0200] {processor.py:830} INFO - Processing file /home/mahmoud/airflow_env/lib/python3.10/site-packages/airflow/example_dags/example_python_decorator.py for tasks to queue
[2024-01-14T15:41:31.442+0200] {logging_mixin.py:188} INFO - [2024-01-14T15:41:31.441+0200] {dagbag.py:538} INFO - Filling up the DagBag from /home/mahmoud/airflow_env/lib/python3.10/site-packages/airflow/example_dags/example_python_decorator.py
[2024-01-14T15:41:31.460+0200] {processor.py:840} INFO - DAG(s) 'example_python_decorator' retrieved from /home/mahmoud/airflow_env/lib/python3.10/site-packages/airflow/example_dags/example_python_decorator.py
[2024-01-14T15:41:31.478+0200] {logging_mixin.py:188} INFO - [2024-01-14T15:41:31.478+0200] {dag.py:3033} INFO - Sync 1 DAGs
[2024-01-14T15:41:31.490+0200] {logging_mixin.py:188} INFO - [2024-01-14T15:41:31.489+0200] {dag.py:3820} INFO - Setting next_dagrun for example_python_decorator to None, run_after=None
[2024-01-14T15:41:31.524+0200] {processor.py:183} INFO - Processing /home/mahmoud/airflow_env/lib/python3.10/site-packages/airflow/example_dags/example_python_decorator.py took 0.101 seconds
[2024-01-14T15:42:24.120+0200] {processor.py:161} INFO - Started process (PID=25926) to work on /home/mahmoud/airflow_env/lib/python3.10/site-packages/airflow/example_dags/example_python_decorator.py
[2024-01-14T15:42:24.122+0200] {processor.py:830} INFO - Processing file /home/mahmoud/airflow_env/lib/python3.10/site-packages/airflow/example_dags/example_python_decorator.py for tasks to queue
[2024-01-14T15:42:24.123+0200] {logging_mixin.py:188} INFO - [2024-01-14T15:42:24.122+0200] {dagbag.py:538} INFO - Filling up the DagBag from /home/mahmoud/airflow_env/lib/python3.10/site-packages/airflow/example_dags/example_python_decorator.py
[2024-01-14T15:42:24.130+0200] {processor.py:840} INFO - DAG(s) 'example_python_decorator' retrieved from /home/mahmoud/airflow_env/lib/python3.10/site-packages/airflow/example_dags/example_python_decorator.py
[2024-01-14T15:42:24.145+0200] {logging_mixin.py:188} INFO - [2024-01-14T15:42:24.145+0200] {dag.py:3033} INFO - Sync 1 DAGs
[2024-01-14T15:42:24.155+0200] {logging_mixin.py:188} INFO - [2024-01-14T15:42:24.155+0200] {dag.py:3820} INFO - Setting next_dagrun for example_python_decorator to None, run_after=None
[2024-01-14T15:42:24.178+0200] {processor.py:183} INFO - Processing /home/mahmoud/airflow_env/lib/python3.10/site-packages/airflow/example_dags/example_python_decorator.py took 0.060 seconds
[2024-01-14T15:43:26.989+0200] {processor.py:161} INFO - Started process (PID=26702) to work on /home/mahmoud/airflow_env/lib/python3.10/site-packages/airflow/example_dags/example_python_decorator.py
[2024-01-14T15:43:26.992+0200] {processor.py:830} INFO - Processing file /home/mahmoud/airflow_env/lib/python3.10/site-packages/airflow/example_dags/example_python_decorator.py for tasks to queue
[2024-01-14T15:43:26.993+0200] {logging_mixin.py:188} INFO - [2024-01-14T15:43:26.992+0200] {dagbag.py:538} INFO - Filling up the DagBag from /home/mahmoud/airflow_env/lib/python3.10/site-packages/airflow/example_dags/example_python_decorator.py
[2024-01-14T15:43:27.003+0200] {processor.py:840} INFO - DAG(s) 'example_python_decorator' retrieved from /home/mahmoud/airflow_env/lib/python3.10/site-packages/airflow/example_dags/example_python_decorator.py
[2024-01-14T15:43:27.019+0200] {logging_mixin.py:188} INFO - [2024-01-14T15:43:27.018+0200] {dag.py:3033} INFO - Sync 1 DAGs
[2024-01-14T15:43:27.029+0200] {logging_mixin.py:188} INFO - [2024-01-14T15:43:27.028+0200] {dag.py:3820} INFO - Setting next_dagrun for example_python_decorator to None, run_after=None
[2024-01-14T15:43:27.049+0200] {processor.py:183} INFO - Processing /home/mahmoud/airflow_env/lib/python3.10/site-packages/airflow/example_dags/example_python_decorator.py took 0.064 seconds
[2024-01-14T15:44:26.155+0200] {processor.py:161} INFO - Started process (PID=27242) to work on /home/mahmoud/airflow_env/lib/python3.10/site-packages/airflow/example_dags/example_python_decorator.py
[2024-01-14T15:44:26.158+0200] {processor.py:830} INFO - Processing file /home/mahmoud/airflow_env/lib/python3.10/site-packages/airflow/example_dags/example_python_decorator.py for tasks to queue
[2024-01-14T15:44:26.159+0200] {logging_mixin.py:188} INFO - [2024-01-14T15:44:26.158+0200] {dagbag.py:538} INFO - Filling up the DagBag from /home/mahmoud/airflow_env/lib/python3.10/site-packages/airflow/example_dags/example_python_decorator.py
[2024-01-14T15:44:26.171+0200] {processor.py:840} INFO - DAG(s) 'example_python_decorator' retrieved from /home/mahmoud/airflow_env/lib/python3.10/site-packages/airflow/example_dags/example_python_decorator.py
[2024-01-14T15:44:26.187+0200] {logging_mixin.py:188} INFO - [2024-01-14T15:44:26.187+0200] {dag.py:3033} INFO - Sync 1 DAGs
[2024-01-14T15:44:26.197+0200] {logging_mixin.py:188} INFO - [2024-01-14T15:44:26.197+0200] {dag.py:3820} INFO - Setting next_dagrun for example_python_decorator to None, run_after=None
[2024-01-14T15:44:26.221+0200] {processor.py:183} INFO - Processing /home/mahmoud/airflow_env/lib/python3.10/site-packages/airflow/example_dags/example_python_decorator.py took 0.070 seconds
[2024-01-14T15:45:18.843+0200] {processor.py:161} INFO - Started process (PID=27759) to work on /home/mahmoud/airflow_env/lib/python3.10/site-packages/airflow/example_dags/example_python_decorator.py
[2024-01-14T15:45:18.845+0200] {processor.py:830} INFO - Processing file /home/mahmoud/airflow_env/lib/python3.10/site-packages/airflow/example_dags/example_python_decorator.py for tasks to queue
[2024-01-14T15:45:18.846+0200] {logging_mixin.py:188} INFO - [2024-01-14T15:45:18.846+0200] {dagbag.py:538} INFO - Filling up the DagBag from /home/mahmoud/airflow_env/lib/python3.10/site-packages/airflow/example_dags/example_python_decorator.py
[2024-01-14T15:45:18.861+0200] {processor.py:840} INFO - DAG(s) 'example_python_decorator' retrieved from /home/mahmoud/airflow_env/lib/python3.10/site-packages/airflow/example_dags/example_python_decorator.py
[2024-01-14T15:45:18.878+0200] {logging_mixin.py:188} INFO - [2024-01-14T15:45:18.878+0200] {dag.py:3033} INFO - Sync 1 DAGs
[2024-01-14T15:45:18.888+0200] {logging_mixin.py:188} INFO - [2024-01-14T15:45:18.888+0200] {dag.py:3820} INFO - Setting next_dagrun for example_python_decorator to None, run_after=None
[2024-01-14T15:45:18.916+0200] {processor.py:183} INFO - Processing /home/mahmoud/airflow_env/lib/python3.10/site-packages/airflow/example_dags/example_python_decorator.py took 0.077 seconds
[2024-01-14T15:46:10.401+0200] {processor.py:161} INFO - Started process (PID=27962) to work on /home/mahmoud/airflow_env/lib/python3.10/site-packages/airflow/example_dags/example_python_decorator.py
[2024-01-14T15:46:10.403+0200] {processor.py:830} INFO - Processing file /home/mahmoud/airflow_env/lib/python3.10/site-packages/airflow/example_dags/example_python_decorator.py for tasks to queue
[2024-01-14T15:46:10.404+0200] {logging_mixin.py:188} INFO - [2024-01-14T15:46:10.404+0200] {dagbag.py:538} INFO - Filling up the DagBag from /home/mahmoud/airflow_env/lib/python3.10/site-packages/airflow/example_dags/example_python_decorator.py
[2024-01-14T15:46:10.417+0200] {processor.py:840} INFO - DAG(s) 'example_python_decorator' retrieved from /home/mahmoud/airflow_env/lib/python3.10/site-packages/airflow/example_dags/example_python_decorator.py
[2024-01-14T15:46:10.434+0200] {logging_mixin.py:188} INFO - [2024-01-14T15:46:10.434+0200] {dag.py:3033} INFO - Sync 1 DAGs
[2024-01-14T15:46:10.446+0200] {logging_mixin.py:188} INFO - [2024-01-14T15:46:10.446+0200] {dag.py:3820} INFO - Setting next_dagrun for example_python_decorator to None, run_after=None
[2024-01-14T15:46:10.469+0200] {processor.py:183} INFO - Processing /home/mahmoud/airflow_env/lib/python3.10/site-packages/airflow/example_dags/example_python_decorator.py took 0.072 seconds
[2024-01-14T15:47:04.880+0200] {processor.py:161} INFO - Started process (PID=28210) to work on /home/mahmoud/airflow_env/lib/python3.10/site-packages/airflow/example_dags/example_python_decorator.py
[2024-01-14T15:47:04.882+0200] {processor.py:830} INFO - Processing file /home/mahmoud/airflow_env/lib/python3.10/site-packages/airflow/example_dags/example_python_decorator.py for tasks to queue
[2024-01-14T15:47:04.883+0200] {logging_mixin.py:188} INFO - [2024-01-14T15:47:04.883+0200] {dagbag.py:538} INFO - Filling up the DagBag from /home/mahmoud/airflow_env/lib/python3.10/site-packages/airflow/example_dags/example_python_decorator.py
[2024-01-14T15:47:04.892+0200] {processor.py:840} INFO - DAG(s) 'example_python_decorator' retrieved from /home/mahmoud/airflow_env/lib/python3.10/site-packages/airflow/example_dags/example_python_decorator.py
[2024-01-14T15:47:04.906+0200] {logging_mixin.py:188} INFO - [2024-01-14T15:47:04.906+0200] {dag.py:3033} INFO - Sync 1 DAGs
[2024-01-14T15:47:04.918+0200] {logging_mixin.py:188} INFO - [2024-01-14T15:47:04.917+0200] {dag.py:3820} INFO - Setting next_dagrun for example_python_decorator to None, run_after=None
[2024-01-14T15:47:04.945+0200] {processor.py:183} INFO - Processing /home/mahmoud/airflow_env/lib/python3.10/site-packages/airflow/example_dags/example_python_decorator.py took 0.068 seconds
[2024-01-14T15:47:58.072+0200] {processor.py:161} INFO - Started process (PID=28478) to work on /home/mahmoud/airflow_env/lib/python3.10/site-packages/airflow/example_dags/example_python_decorator.py
[2024-01-14T15:47:58.074+0200] {processor.py:830} INFO - Processing file /home/mahmoud/airflow_env/lib/python3.10/site-packages/airflow/example_dags/example_python_decorator.py for tasks to queue
[2024-01-14T15:47:58.075+0200] {logging_mixin.py:188} INFO - [2024-01-14T15:47:58.075+0200] {dagbag.py:538} INFO - Filling up the DagBag from /home/mahmoud/airflow_env/lib/python3.10/site-packages/airflow/example_dags/example_python_decorator.py
[2024-01-14T15:47:58.086+0200] {processor.py:840} INFO - DAG(s) 'example_python_decorator' retrieved from /home/mahmoud/airflow_env/lib/python3.10/site-packages/airflow/example_dags/example_python_decorator.py
[2024-01-14T15:47:58.101+0200] {logging_mixin.py:188} INFO - [2024-01-14T15:47:58.101+0200] {dag.py:3033} INFO - Sync 1 DAGs
[2024-01-14T15:47:58.111+0200] {logging_mixin.py:188} INFO - [2024-01-14T15:47:58.111+0200] {dag.py:3820} INFO - Setting next_dagrun for example_python_decorator to None, run_after=None
[2024-01-14T15:47:58.135+0200] {processor.py:183} INFO - Processing /home/mahmoud/airflow_env/lib/python3.10/site-packages/airflow/example_dags/example_python_decorator.py took 0.066 seconds
[2024-01-14T15:48:50.499+0200] {processor.py:161} INFO - Started process (PID=28684) to work on /home/mahmoud/airflow_env/lib/python3.10/site-packages/airflow/example_dags/example_python_decorator.py
[2024-01-14T15:48:50.501+0200] {processor.py:830} INFO - Processing file /home/mahmoud/airflow_env/lib/python3.10/site-packages/airflow/example_dags/example_python_decorator.py for tasks to queue
[2024-01-14T15:48:50.502+0200] {logging_mixin.py:188} INFO - [2024-01-14T15:48:50.502+0200] {dagbag.py:538} INFO - Filling up the DagBag from /home/mahmoud/airflow_env/lib/python3.10/site-packages/airflow/example_dags/example_python_decorator.py
[2024-01-14T15:48:50.511+0200] {processor.py:840} INFO - DAG(s) 'example_python_decorator' retrieved from /home/mahmoud/airflow_env/lib/python3.10/site-packages/airflow/example_dags/example_python_decorator.py
[2024-01-14T15:48:50.525+0200] {logging_mixin.py:188} INFO - [2024-01-14T15:48:50.525+0200] {dag.py:3033} INFO - Sync 1 DAGs
[2024-01-14T15:48:50.534+0200] {logging_mixin.py:188} INFO - [2024-01-14T15:48:50.533+0200] {dag.py:3820} INFO - Setting next_dagrun for example_python_decorator to None, run_after=None
[2024-01-14T15:48:50.553+0200] {processor.py:183} INFO - Processing /home/mahmoud/airflow_env/lib/python3.10/site-packages/airflow/example_dags/example_python_decorator.py took 0.057 seconds
[2024-01-14T15:49:44.498+0200] {processor.py:161} INFO - Started process (PID=28901) to work on /home/mahmoud/airflow_env/lib/python3.10/site-packages/airflow/example_dags/example_python_decorator.py
[2024-01-14T15:49:44.501+0200] {processor.py:830} INFO - Processing file /home/mahmoud/airflow_env/lib/python3.10/site-packages/airflow/example_dags/example_python_decorator.py for tasks to queue
[2024-01-14T15:49:44.502+0200] {logging_mixin.py:188} INFO - [2024-01-14T15:49:44.502+0200] {dagbag.py:538} INFO - Filling up the DagBag from /home/mahmoud/airflow_env/lib/python3.10/site-packages/airflow/example_dags/example_python_decorator.py
[2024-01-14T15:49:44.520+0200] {processor.py:840} INFO - DAG(s) 'example_python_decorator' retrieved from /home/mahmoud/airflow_env/lib/python3.10/site-packages/airflow/example_dags/example_python_decorator.py
[2024-01-14T15:49:44.538+0200] {logging_mixin.py:188} INFO - [2024-01-14T15:49:44.538+0200] {dag.py:3033} INFO - Sync 1 DAGs
[2024-01-14T15:49:44.548+0200] {logging_mixin.py:188} INFO - [2024-01-14T15:49:44.547+0200] {dag.py:3820} INFO - Setting next_dagrun for example_python_decorator to None, run_after=None
[2024-01-14T15:49:44.570+0200] {processor.py:183} INFO - Processing /home/mahmoud/airflow_env/lib/python3.10/site-packages/airflow/example_dags/example_python_decorator.py took 0.079 seconds
[2024-01-14T15:50:35.684+0200] {processor.py:161} INFO - Started process (PID=29098) to work on /home/mahmoud/airflow_env/lib/python3.10/site-packages/airflow/example_dags/example_python_decorator.py
[2024-01-14T15:50:35.686+0200] {processor.py:830} INFO - Processing file /home/mahmoud/airflow_env/lib/python3.10/site-packages/airflow/example_dags/example_python_decorator.py for tasks to queue
[2024-01-14T15:50:35.687+0200] {logging_mixin.py:188} INFO - [2024-01-14T15:50:35.687+0200] {dagbag.py:538} INFO - Filling up the DagBag from /home/mahmoud/airflow_env/lib/python3.10/site-packages/airflow/example_dags/example_python_decorator.py
[2024-01-14T15:50:35.697+0200] {processor.py:840} INFO - DAG(s) 'example_python_decorator' retrieved from /home/mahmoud/airflow_env/lib/python3.10/site-packages/airflow/example_dags/example_python_decorator.py
[2024-01-14T15:50:35.711+0200] {logging_mixin.py:188} INFO - [2024-01-14T15:50:35.711+0200] {dag.py:3033} INFO - Sync 1 DAGs
[2024-01-14T15:50:35.720+0200] {logging_mixin.py:188} INFO - [2024-01-14T15:50:35.719+0200] {dag.py:3820} INFO - Setting next_dagrun for example_python_decorator to None, run_after=None
[2024-01-14T15:50:35.739+0200] {processor.py:183} INFO - Processing /home/mahmoud/airflow_env/lib/python3.10/site-packages/airflow/example_dags/example_python_decorator.py took 0.058 seconds
[2024-01-14T15:51:28.625+0200] {processor.py:161} INFO - Started process (PID=29308) to work on /home/mahmoud/airflow_env/lib/python3.10/site-packages/airflow/example_dags/example_python_decorator.py
[2024-01-14T15:51:28.627+0200] {processor.py:830} INFO - Processing file /home/mahmoud/airflow_env/lib/python3.10/site-packages/airflow/example_dags/example_python_decorator.py for tasks to queue
[2024-01-14T15:51:28.628+0200] {logging_mixin.py:188} INFO - [2024-01-14T15:51:28.628+0200] {dagbag.py:538} INFO - Filling up the DagBag from /home/mahmoud/airflow_env/lib/python3.10/site-packages/airflow/example_dags/example_python_decorator.py
[2024-01-14T15:51:28.638+0200] {processor.py:840} INFO - DAG(s) 'example_python_decorator' retrieved from /home/mahmoud/airflow_env/lib/python3.10/site-packages/airflow/example_dags/example_python_decorator.py
[2024-01-14T15:51:28.653+0200] {logging_mixin.py:188} INFO - [2024-01-14T15:51:28.653+0200] {dag.py:3033} INFO - Sync 1 DAGs
[2024-01-14T15:51:28.663+0200] {logging_mixin.py:188} INFO - [2024-01-14T15:51:28.663+0200] {dag.py:3820} INFO - Setting next_dagrun for example_python_decorator to None, run_after=None
[2024-01-14T15:51:28.687+0200] {processor.py:183} INFO - Processing /home/mahmoud/airflow_env/lib/python3.10/site-packages/airflow/example_dags/example_python_decorator.py took 0.066 seconds
[2024-01-14T15:52:20.255+0200] {processor.py:161} INFO - Started process (PID=29512) to work on /home/mahmoud/airflow_env/lib/python3.10/site-packages/airflow/example_dags/example_python_decorator.py
[2024-01-14T15:52:20.257+0200] {processor.py:830} INFO - Processing file /home/mahmoud/airflow_env/lib/python3.10/site-packages/airflow/example_dags/example_python_decorator.py for tasks to queue
[2024-01-14T15:52:20.257+0200] {logging_mixin.py:188} INFO - [2024-01-14T15:52:20.257+0200] {dagbag.py:538} INFO - Filling up the DagBag from /home/mahmoud/airflow_env/lib/python3.10/site-packages/airflow/example_dags/example_python_decorator.py
[2024-01-14T15:52:20.267+0200] {processor.py:840} INFO - DAG(s) 'example_python_decorator' retrieved from /home/mahmoud/airflow_env/lib/python3.10/site-packages/airflow/example_dags/example_python_decorator.py
[2024-01-14T15:52:20.282+0200] {logging_mixin.py:188} INFO - [2024-01-14T15:52:20.282+0200] {dag.py:3033} INFO - Sync 1 DAGs
[2024-01-14T15:52:20.292+0200] {logging_mixin.py:188} INFO - [2024-01-14T15:52:20.292+0200] {dag.py:3820} INFO - Setting next_dagrun for example_python_decorator to None, run_after=None
[2024-01-14T15:52:20.313+0200] {processor.py:183} INFO - Processing /home/mahmoud/airflow_env/lib/python3.10/site-packages/airflow/example_dags/example_python_decorator.py took 0.061 seconds
[2024-01-14T15:53:09.425+0200] {processor.py:161} INFO - Started process (PID=29738) to work on /home/mahmoud/airflow_env/lib/python3.10/site-packages/airflow/example_dags/example_python_decorator.py
[2024-01-14T15:53:09.426+0200] {processor.py:830} INFO - Processing file /home/mahmoud/airflow_env/lib/python3.10/site-packages/airflow/example_dags/example_python_decorator.py for tasks to queue
[2024-01-14T15:53:09.427+0200] {logging_mixin.py:188} INFO - [2024-01-14T15:53:09.427+0200] {dagbag.py:538} INFO - Filling up the DagBag from /home/mahmoud/airflow_env/lib/python3.10/site-packages/airflow/example_dags/example_python_decorator.py
[2024-01-14T15:53:09.437+0200] {processor.py:840} INFO - DAG(s) 'example_python_decorator' retrieved from /home/mahmoud/airflow_env/lib/python3.10/site-packages/airflow/example_dags/example_python_decorator.py
[2024-01-14T15:53:09.452+0200] {logging_mixin.py:188} INFO - [2024-01-14T15:53:09.452+0200] {dag.py:3033} INFO - Sync 1 DAGs
[2024-01-14T15:53:09.462+0200] {logging_mixin.py:188} INFO - [2024-01-14T15:53:09.462+0200] {dag.py:3820} INFO - Setting next_dagrun for example_python_decorator to None, run_after=None
[2024-01-14T15:53:09.484+0200] {processor.py:183} INFO - Processing /home/mahmoud/airflow_env/lib/python3.10/site-packages/airflow/example_dags/example_python_decorator.py took 0.062 seconds
[2024-01-14T15:54:18.692+0200] {processor.py:161} INFO - Started process (PID=29990) to work on /home/mahmoud/airflow_env/lib/python3.10/site-packages/airflow/example_dags/example_python_decorator.py
[2024-01-14T15:54:18.696+0200] {processor.py:830} INFO - Processing file /home/mahmoud/airflow_env/lib/python3.10/site-packages/airflow/example_dags/example_python_decorator.py for tasks to queue
[2024-01-14T15:54:18.698+0200] {logging_mixin.py:188} INFO - [2024-01-14T15:54:18.697+0200] {dagbag.py:538} INFO - Filling up the DagBag from /home/mahmoud/airflow_env/lib/python3.10/site-packages/airflow/example_dags/example_python_decorator.py
[2024-01-14T15:54:18.733+0200] {processor.py:840} INFO - DAG(s) 'example_python_decorator' retrieved from /home/mahmoud/airflow_env/lib/python3.10/site-packages/airflow/example_dags/example_python_decorator.py
[2024-01-14T15:54:18.788+0200] {logging_mixin.py:188} INFO - [2024-01-14T15:54:18.788+0200] {dag.py:3033} INFO - Sync 1 DAGs
[2024-01-14T15:54:18.827+0200] {logging_mixin.py:188} INFO - [2024-01-14T15:54:18.826+0200] {dag.py:3820} INFO - Setting next_dagrun for example_python_decorator to None, run_after=None
[2024-01-14T15:54:18.896+0200] {processor.py:183} INFO - Processing /home/mahmoud/airflow_env/lib/python3.10/site-packages/airflow/example_dags/example_python_decorator.py took 0.214 seconds
[2024-01-14T15:55:31.083+0200] {processor.py:161} INFO - Started process (PID=30238) to work on /home/mahmoud/airflow_env/lib/python3.10/site-packages/airflow/example_dags/example_python_decorator.py
[2024-01-14T15:55:31.087+0200] {processor.py:830} INFO - Processing file /home/mahmoud/airflow_env/lib/python3.10/site-packages/airflow/example_dags/example_python_decorator.py for tasks to queue
[2024-01-14T15:55:31.090+0200] {logging_mixin.py:188} INFO - [2024-01-14T15:55:31.088+0200] {dagbag.py:538} INFO - Filling up the DagBag from /home/mahmoud/airflow_env/lib/python3.10/site-packages/airflow/example_dags/example_python_decorator.py
[2024-01-14T15:55:31.121+0200] {processor.py:840} INFO - DAG(s) 'example_python_decorator' retrieved from /home/mahmoud/airflow_env/lib/python3.10/site-packages/airflow/example_dags/example_python_decorator.py
[2024-01-14T15:55:31.170+0200] {logging_mixin.py:188} INFO - [2024-01-14T15:55:31.170+0200] {dag.py:3033} INFO - Sync 1 DAGs
[2024-01-14T15:55:31.204+0200] {logging_mixin.py:188} INFO - [2024-01-14T15:55:31.204+0200] {dag.py:3820} INFO - Setting next_dagrun for example_python_decorator to None, run_after=None
[2024-01-14T15:55:31.267+0200] {processor.py:183} INFO - Processing /home/mahmoud/airflow_env/lib/python3.10/site-packages/airflow/example_dags/example_python_decorator.py took 0.193 seconds
[2024-01-14T15:56:31.245+0200] {processor.py:161} INFO - Started process (PID=30450) to work on /home/mahmoud/airflow_env/lib/python3.10/site-packages/airflow/example_dags/example_python_decorator.py
[2024-01-14T15:56:31.249+0200] {processor.py:830} INFO - Processing file /home/mahmoud/airflow_env/lib/python3.10/site-packages/airflow/example_dags/example_python_decorator.py for tasks to queue
[2024-01-14T15:56:31.252+0200] {logging_mixin.py:188} INFO - [2024-01-14T15:56:31.251+0200] {dagbag.py:538} INFO - Filling up the DagBag from /home/mahmoud/airflow_env/lib/python3.10/site-packages/airflow/example_dags/example_python_decorator.py
[2024-01-14T15:56:31.283+0200] {processor.py:840} INFO - DAG(s) 'example_python_decorator' retrieved from /home/mahmoud/airflow_env/lib/python3.10/site-packages/airflow/example_dags/example_python_decorator.py
[2024-01-14T15:56:31.333+0200] {logging_mixin.py:188} INFO - [2024-01-14T15:56:31.333+0200] {dag.py:3033} INFO - Sync 1 DAGs
[2024-01-14T15:56:31.370+0200] {logging_mixin.py:188} INFO - [2024-01-14T15:56:31.369+0200] {dag.py:3820} INFO - Setting next_dagrun for example_python_decorator to None, run_after=None
[2024-01-14T15:56:31.434+0200] {processor.py:183} INFO - Processing /home/mahmoud/airflow_env/lib/python3.10/site-packages/airflow/example_dags/example_python_decorator.py took 0.198 seconds
[2024-01-14T15:57:29.329+0200] {processor.py:161} INFO - Started process (PID=30661) to work on /home/mahmoud/airflow_env/lib/python3.10/site-packages/airflow/example_dags/example_python_decorator.py
[2024-01-14T15:57:29.333+0200] {processor.py:830} INFO - Processing file /home/mahmoud/airflow_env/lib/python3.10/site-packages/airflow/example_dags/example_python_decorator.py for tasks to queue
[2024-01-14T15:57:29.336+0200] {logging_mixin.py:188} INFO - [2024-01-14T15:57:29.335+0200] {dagbag.py:538} INFO - Filling up the DagBag from /home/mahmoud/airflow_env/lib/python3.10/site-packages/airflow/example_dags/example_python_decorator.py
[2024-01-14T15:57:29.372+0200] {processor.py:840} INFO - DAG(s) 'example_python_decorator' retrieved from /home/mahmoud/airflow_env/lib/python3.10/site-packages/airflow/example_dags/example_python_decorator.py
[2024-01-14T15:57:29.428+0200] {logging_mixin.py:188} INFO - [2024-01-14T15:57:29.428+0200] {dag.py:3033} INFO - Sync 1 DAGs
[2024-01-14T15:57:29.468+0200] {logging_mixin.py:188} INFO - [2024-01-14T15:57:29.467+0200] {dag.py:3820} INFO - Setting next_dagrun for example_python_decorator to None, run_after=None
[2024-01-14T15:57:29.536+0200] {processor.py:183} INFO - Processing /home/mahmoud/airflow_env/lib/python3.10/site-packages/airflow/example_dags/example_python_decorator.py took 0.217 seconds
