[2024-01-14T14:40:34.297+0200] {processor.py:161} INFO - Started process (PID=9734) to work on /home/mahmoud/airflow_env/lib/python3.10/site-packages/airflow/example_dags/example_trigger_controller_dag.py
[2024-01-14T14:40:34.298+0200] {processor.py:830} INFO - Processing file /home/mahmoud/airflow_env/lib/python3.10/site-packages/airflow/example_dags/example_trigger_controller_dag.py for tasks to queue
[2024-01-14T14:40:34.298+0200] {logging_mixin.py:188} INFO - [2024-01-14T14:40:34.298+0200] {dagbag.py:538} INFO - Filling up the DagBag from /home/mahmoud/airflow_env/lib/python3.10/site-packages/airflow/example_dags/example_trigger_controller_dag.py
[2024-01-14T14:40:34.304+0200] {processor.py:840} INFO - DAG(s) 'example_trigger_controller_dag' retrieved from /home/mahmoud/airflow_env/lib/python3.10/site-packages/airflow/example_dags/example_trigger_controller_dag.py
[2024-01-14T14:40:34.473+0200] {logging_mixin.py:188} INFO - [2024-01-14T14:40:34.473+0200] {override.py:1769} INFO - Created Permission View: can edit on DAG:example_trigger_controller_dag
[2024-01-14T14:40:34.484+0200] {logging_mixin.py:188} INFO - [2024-01-14T14:40:34.484+0200] {override.py:1769} INFO - Created Permission View: can read on DAG:example_trigger_controller_dag
[2024-01-14T14:40:34.494+0200] {logging_mixin.py:188} INFO - [2024-01-14T14:40:34.494+0200] {override.py:1769} INFO - Created Permission View: can delete on DAG:example_trigger_controller_dag
[2024-01-14T14:40:34.495+0200] {logging_mixin.py:188} INFO - [2024-01-14T14:40:34.495+0200] {dag.py:3033} INFO - Sync 1 DAGs
[2024-01-14T14:40:34.503+0200] {logging_mixin.py:188} INFO - [2024-01-14T14:40:34.502+0200] {dag.py:3055} INFO - Creating ORM DAG for example_trigger_controller_dag
[2024-01-14T14:40:34.511+0200] {logging_mixin.py:188} INFO - [2024-01-14T14:40:34.510+0200] {dag.py:3820} INFO - Setting next_dagrun for example_trigger_controller_dag to 2021-01-01T00:00:00+00:00, run_after=2021-01-01T00:00:00+00:00
[2024-01-14T14:40:34.529+0200] {processor.py:183} INFO - Processing /home/mahmoud/airflow_env/lib/python3.10/site-packages/airflow/example_dags/example_trigger_controller_dag.py took 0.235 seconds
[2024-01-14T15:08:11.828+0200] {processor.py:161} INFO - Started process (PID=16083) to work on /home/mahmoud/airflow_env/lib/python3.10/site-packages/airflow/example_dags/example_trigger_controller_dag.py
[2024-01-14T15:08:11.830+0200] {processor.py:830} INFO - Processing file /home/mahmoud/airflow_env/lib/python3.10/site-packages/airflow/example_dags/example_trigger_controller_dag.py for tasks to queue
[2024-01-14T15:08:11.831+0200] {logging_mixin.py:188} INFO - [2024-01-14T15:08:11.830+0200] {dagbag.py:538} INFO - Filling up the DagBag from /home/mahmoud/airflow_env/lib/python3.10/site-packages/airflow/example_dags/example_trigger_controller_dag.py
[2024-01-14T15:08:11.838+0200] {processor.py:840} INFO - DAG(s) 'example_trigger_controller_dag' retrieved from /home/mahmoud/airflow_env/lib/python3.10/site-packages/airflow/example_dags/example_trigger_controller_dag.py
[2024-01-14T15:08:11.852+0200] {logging_mixin.py:188} INFO - [2024-01-14T15:08:11.851+0200] {dag.py:3033} INFO - Sync 1 DAGs
[2024-01-14T15:08:11.869+0200] {logging_mixin.py:188} INFO - [2024-01-14T15:08:11.869+0200] {dag.py:3820} INFO - Setting next_dagrun for example_trigger_controller_dag to 2021-01-01T00:00:00+00:00, run_after=2021-01-01T00:00:00+00:00
[2024-01-14T15:08:11.970+0200] {processor.py:183} INFO - Processing /home/mahmoud/airflow_env/lib/python3.10/site-packages/airflow/example_dags/example_trigger_controller_dag.py took 0.146 seconds
[2024-01-14T15:09:04.350+0200] {processor.py:161} INFO - Started process (PID=16354) to work on /home/mahmoud/airflow_env/lib/python3.10/site-packages/airflow/example_dags/example_trigger_controller_dag.py
[2024-01-14T15:09:04.353+0200] {processor.py:830} INFO - Processing file /home/mahmoud/airflow_env/lib/python3.10/site-packages/airflow/example_dags/example_trigger_controller_dag.py for tasks to queue
[2024-01-14T15:09:04.354+0200] {logging_mixin.py:188} INFO - [2024-01-14T15:09:04.354+0200] {dagbag.py:538} INFO - Filling up the DagBag from /home/mahmoud/airflow_env/lib/python3.10/site-packages/airflow/example_dags/example_trigger_controller_dag.py
[2024-01-14T15:09:04.361+0200] {processor.py:840} INFO - DAG(s) 'example_trigger_controller_dag' retrieved from /home/mahmoud/airflow_env/lib/python3.10/site-packages/airflow/example_dags/example_trigger_controller_dag.py
[2024-01-14T15:09:04.374+0200] {logging_mixin.py:188} INFO - [2024-01-14T15:09:04.374+0200] {dag.py:3033} INFO - Sync 1 DAGs
[2024-01-14T15:09:04.389+0200] {logging_mixin.py:188} INFO - [2024-01-14T15:09:04.388+0200] {dag.py:3820} INFO - Setting next_dagrun for example_trigger_controller_dag to 2021-01-01T00:00:00+00:00, run_after=2021-01-01T00:00:00+00:00
[2024-01-14T15:09:04.409+0200] {processor.py:183} INFO - Processing /home/mahmoud/airflow_env/lib/python3.10/site-packages/airflow/example_dags/example_trigger_controller_dag.py took 0.066 seconds
[2024-01-14T15:09:46.045+0200] {processor.py:161} INFO - Started process (PID=16615) to work on /home/mahmoud/airflow_env/lib/python3.10/site-packages/airflow/example_dags/example_trigger_controller_dag.py
[2024-01-14T15:09:46.047+0200] {processor.py:830} INFO - Processing file /home/mahmoud/airflow_env/lib/python3.10/site-packages/airflow/example_dags/example_trigger_controller_dag.py for tasks to queue
[2024-01-14T15:09:46.049+0200] {logging_mixin.py:188} INFO - [2024-01-14T15:09:46.049+0200] {dagbag.py:538} INFO - Filling up the DagBag from /home/mahmoud/airflow_env/lib/python3.10/site-packages/airflow/example_dags/example_trigger_controller_dag.py
[2024-01-14T15:09:46.061+0200] {processor.py:840} INFO - DAG(s) 'example_trigger_controller_dag' retrieved from /home/mahmoud/airflow_env/lib/python3.10/site-packages/airflow/example_dags/example_trigger_controller_dag.py
[2024-01-14T15:09:46.084+0200] {logging_mixin.py:188} INFO - [2024-01-14T15:09:46.084+0200] {dag.py:3033} INFO - Sync 1 DAGs
[2024-01-14T15:09:46.104+0200] {logging_mixin.py:188} INFO - [2024-01-14T15:09:46.104+0200] {dag.py:3820} INFO - Setting next_dagrun for example_trigger_controller_dag to 2021-01-01T00:00:00+00:00, run_after=2021-01-01T00:00:00+00:00
[2024-01-14T15:09:46.126+0200] {processor.py:183} INFO - Processing /home/mahmoud/airflow_env/lib/python3.10/site-packages/airflow/example_dags/example_trigger_controller_dag.py took 0.089 seconds
[2024-01-14T15:10:34.448+0200] {processor.py:161} INFO - Started process (PID=16811) to work on /home/mahmoud/airflow_env/lib/python3.10/site-packages/airflow/example_dags/example_trigger_controller_dag.py
[2024-01-14T15:10:34.449+0200] {processor.py:830} INFO - Processing file /home/mahmoud/airflow_env/lib/python3.10/site-packages/airflow/example_dags/example_trigger_controller_dag.py for tasks to queue
[2024-01-14T15:10:34.451+0200] {logging_mixin.py:188} INFO - [2024-01-14T15:10:34.450+0200] {dagbag.py:538} INFO - Filling up the DagBag from /home/mahmoud/airflow_env/lib/python3.10/site-packages/airflow/example_dags/example_trigger_controller_dag.py
[2024-01-14T15:10:34.456+0200] {processor.py:840} INFO - DAG(s) 'example_trigger_controller_dag' retrieved from /home/mahmoud/airflow_env/lib/python3.10/site-packages/airflow/example_dags/example_trigger_controller_dag.py
[2024-01-14T15:10:34.471+0200] {logging_mixin.py:188} INFO - [2024-01-14T15:10:34.471+0200] {dag.py:3033} INFO - Sync 1 DAGs
[2024-01-14T15:10:34.488+0200] {logging_mixin.py:188} INFO - [2024-01-14T15:10:34.487+0200] {dag.py:3820} INFO - Setting next_dagrun for example_trigger_controller_dag to 2021-01-01T00:00:00+00:00, run_after=2021-01-01T00:00:00+00:00
[2024-01-14T15:10:34.512+0200] {processor.py:183} INFO - Processing /home/mahmoud/airflow_env/lib/python3.10/site-packages/airflow/example_dags/example_trigger_controller_dag.py took 0.069 seconds
[2024-01-14T15:11:14.246+0200] {processor.py:161} INFO - Started process (PID=16968) to work on /home/mahmoud/airflow_env/lib/python3.10/site-packages/airflow/example_dags/example_trigger_controller_dag.py
[2024-01-14T15:11:14.248+0200] {processor.py:830} INFO - Processing file /home/mahmoud/airflow_env/lib/python3.10/site-packages/airflow/example_dags/example_trigger_controller_dag.py for tasks to queue
[2024-01-14T15:11:14.249+0200] {logging_mixin.py:188} INFO - [2024-01-14T15:11:14.248+0200] {dagbag.py:538} INFO - Filling up the DagBag from /home/mahmoud/airflow_env/lib/python3.10/site-packages/airflow/example_dags/example_trigger_controller_dag.py
[2024-01-14T15:11:14.257+0200] {processor.py:840} INFO - DAG(s) 'example_trigger_controller_dag' retrieved from /home/mahmoud/airflow_env/lib/python3.10/site-packages/airflow/example_dags/example_trigger_controller_dag.py
[2024-01-14T15:11:14.276+0200] {logging_mixin.py:188} INFO - [2024-01-14T15:11:14.276+0200] {dag.py:3033} INFO - Sync 1 DAGs
[2024-01-14T15:11:14.293+0200] {logging_mixin.py:188} INFO - [2024-01-14T15:11:14.293+0200] {dag.py:3820} INFO - Setting next_dagrun for example_trigger_controller_dag to 2021-01-01T00:00:00+00:00, run_after=2021-01-01T00:00:00+00:00
[2024-01-14T15:11:14.315+0200] {processor.py:183} INFO - Processing /home/mahmoud/airflow_env/lib/python3.10/site-packages/airflow/example_dags/example_trigger_controller_dag.py took 0.076 seconds
[2024-01-14T15:11:52.668+0200] {processor.py:161} INFO - Started process (PID=17160) to work on /home/mahmoud/airflow_env/lib/python3.10/site-packages/airflow/example_dags/example_trigger_controller_dag.py
[2024-01-14T15:11:52.671+0200] {processor.py:830} INFO - Processing file /home/mahmoud/airflow_env/lib/python3.10/site-packages/airflow/example_dags/example_trigger_controller_dag.py for tasks to queue
[2024-01-14T15:11:52.673+0200] {logging_mixin.py:188} INFO - [2024-01-14T15:11:52.672+0200] {dagbag.py:538} INFO - Filling up the DagBag from /home/mahmoud/airflow_env/lib/python3.10/site-packages/airflow/example_dags/example_trigger_controller_dag.py
[2024-01-14T15:11:52.680+0200] {processor.py:840} INFO - DAG(s) 'example_trigger_controller_dag' retrieved from /home/mahmoud/airflow_env/lib/python3.10/site-packages/airflow/example_dags/example_trigger_controller_dag.py
[2024-01-14T15:11:52.698+0200] {logging_mixin.py:188} INFO - [2024-01-14T15:11:52.698+0200] {dag.py:3033} INFO - Sync 1 DAGs
[2024-01-14T15:11:52.716+0200] {logging_mixin.py:188} INFO - [2024-01-14T15:11:52.716+0200] {dag.py:3820} INFO - Setting next_dagrun for example_trigger_controller_dag to 2021-01-01T00:00:00+00:00, run_after=2021-01-01T00:00:00+00:00
[2024-01-14T15:11:52.739+0200] {processor.py:183} INFO - Processing /home/mahmoud/airflow_env/lib/python3.10/site-packages/airflow/example_dags/example_trigger_controller_dag.py took 0.076 seconds
[2024-01-14T15:12:28.803+0200] {processor.py:161} INFO - Started process (PID=17302) to work on /home/mahmoud/airflow_env/lib/python3.10/site-packages/airflow/example_dags/example_trigger_controller_dag.py
[2024-01-14T15:12:28.805+0200] {processor.py:830} INFO - Processing file /home/mahmoud/airflow_env/lib/python3.10/site-packages/airflow/example_dags/example_trigger_controller_dag.py for tasks to queue
[2024-01-14T15:12:28.806+0200] {logging_mixin.py:188} INFO - [2024-01-14T15:12:28.806+0200] {dagbag.py:538} INFO - Filling up the DagBag from /home/mahmoud/airflow_env/lib/python3.10/site-packages/airflow/example_dags/example_trigger_controller_dag.py
[2024-01-14T15:12:28.811+0200] {processor.py:840} INFO - DAG(s) 'example_trigger_controller_dag' retrieved from /home/mahmoud/airflow_env/lib/python3.10/site-packages/airflow/example_dags/example_trigger_controller_dag.py
[2024-01-14T15:12:28.826+0200] {logging_mixin.py:188} INFO - [2024-01-14T15:12:28.826+0200] {dag.py:3033} INFO - Sync 1 DAGs
[2024-01-14T15:12:28.843+0200] {logging_mixin.py:188} INFO - [2024-01-14T15:12:28.843+0200] {dag.py:3820} INFO - Setting next_dagrun for example_trigger_controller_dag to 2021-01-01T00:00:00+00:00, run_after=2021-01-01T00:00:00+00:00
[2024-01-14T15:12:28.866+0200] {processor.py:183} INFO - Processing /home/mahmoud/airflow_env/lib/python3.10/site-packages/airflow/example_dags/example_trigger_controller_dag.py took 0.066 seconds
[2024-01-14T15:13:06.612+0200] {processor.py:161} INFO - Started process (PID=17482) to work on /home/mahmoud/airflow_env/lib/python3.10/site-packages/airflow/example_dags/example_trigger_controller_dag.py
[2024-01-14T15:13:06.613+0200] {processor.py:830} INFO - Processing file /home/mahmoud/airflow_env/lib/python3.10/site-packages/airflow/example_dags/example_trigger_controller_dag.py for tasks to queue
[2024-01-14T15:13:06.613+0200] {logging_mixin.py:188} INFO - [2024-01-14T15:13:06.613+0200] {dagbag.py:538} INFO - Filling up the DagBag from /home/mahmoud/airflow_env/lib/python3.10/site-packages/airflow/example_dags/example_trigger_controller_dag.py
[2024-01-14T15:13:06.618+0200] {processor.py:840} INFO - DAG(s) 'example_trigger_controller_dag' retrieved from /home/mahmoud/airflow_env/lib/python3.10/site-packages/airflow/example_dags/example_trigger_controller_dag.py
[2024-01-14T15:13:06.629+0200] {logging_mixin.py:188} INFO - [2024-01-14T15:13:06.629+0200] {dag.py:3033} INFO - Sync 1 DAGs
[2024-01-14T15:13:06.647+0200] {logging_mixin.py:188} INFO - [2024-01-14T15:13:06.647+0200] {dag.py:3820} INFO - Setting next_dagrun for example_trigger_controller_dag to 2021-01-01T00:00:00+00:00, run_after=2021-01-01T00:00:00+00:00
[2024-01-14T15:13:06.670+0200] {processor.py:183} INFO - Processing /home/mahmoud/airflow_env/lib/python3.10/site-packages/airflow/example_dags/example_trigger_controller_dag.py took 0.061 seconds
[2024-01-14T15:13:43.389+0200] {processor.py:161} INFO - Started process (PID=17640) to work on /home/mahmoud/airflow_env/lib/python3.10/site-packages/airflow/example_dags/example_trigger_controller_dag.py
[2024-01-14T15:13:43.391+0200] {processor.py:830} INFO - Processing file /home/mahmoud/airflow_env/lib/python3.10/site-packages/airflow/example_dags/example_trigger_controller_dag.py for tasks to queue
[2024-01-14T15:13:43.391+0200] {logging_mixin.py:188} INFO - [2024-01-14T15:13:43.391+0200] {dagbag.py:538} INFO - Filling up the DagBag from /home/mahmoud/airflow_env/lib/python3.10/site-packages/airflow/example_dags/example_trigger_controller_dag.py
[2024-01-14T15:13:43.396+0200] {processor.py:840} INFO - DAG(s) 'example_trigger_controller_dag' retrieved from /home/mahmoud/airflow_env/lib/python3.10/site-packages/airflow/example_dags/example_trigger_controller_dag.py
[2024-01-14T15:13:43.409+0200] {logging_mixin.py:188} INFO - [2024-01-14T15:13:43.409+0200] {dag.py:3033} INFO - Sync 1 DAGs
[2024-01-14T15:13:43.426+0200] {logging_mixin.py:188} INFO - [2024-01-14T15:13:43.426+0200] {dag.py:3820} INFO - Setting next_dagrun for example_trigger_controller_dag to 2021-01-01T00:00:00+00:00, run_after=2021-01-01T00:00:00+00:00
[2024-01-14T15:13:43.449+0200] {processor.py:183} INFO - Processing /home/mahmoud/airflow_env/lib/python3.10/site-packages/airflow/example_dags/example_trigger_controller_dag.py took 0.063 seconds
[2024-01-14T15:19:57.579+0200] {processor.py:161} INFO - Started process (PID=19457) to work on /home/mahmoud/airflow_env/lib/python3.10/site-packages/airflow/example_dags/example_trigger_controller_dag.py
[2024-01-14T15:19:57.580+0200] {processor.py:830} INFO - Processing file /home/mahmoud/airflow_env/lib/python3.10/site-packages/airflow/example_dags/example_trigger_controller_dag.py for tasks to queue
[2024-01-14T15:19:57.582+0200] {logging_mixin.py:188} INFO - [2024-01-14T15:19:57.581+0200] {dagbag.py:538} INFO - Filling up the DagBag from /home/mahmoud/airflow_env/lib/python3.10/site-packages/airflow/example_dags/example_trigger_controller_dag.py
[2024-01-14T15:19:57.590+0200] {processor.py:840} INFO - DAG(s) 'example_trigger_controller_dag' retrieved from /home/mahmoud/airflow_env/lib/python3.10/site-packages/airflow/example_dags/example_trigger_controller_dag.py
[2024-01-14T15:19:57.604+0200] {logging_mixin.py:188} INFO - [2024-01-14T15:19:57.604+0200] {dag.py:3033} INFO - Sync 1 DAGs
[2024-01-14T15:19:57.622+0200] {logging_mixin.py:188} INFO - [2024-01-14T15:19:57.621+0200] {dag.py:3820} INFO - Setting next_dagrun for example_trigger_controller_dag to 2021-01-01T00:00:00+00:00, run_after=2021-01-01T00:00:00+00:00
[2024-01-14T15:19:57.721+0200] {processor.py:183} INFO - Processing /home/mahmoud/airflow_env/lib/python3.10/site-packages/airflow/example_dags/example_trigger_controller_dag.py took 0.146 seconds
[2024-01-14T15:20:50.314+0200] {processor.py:161} INFO - Started process (PID=19656) to work on /home/mahmoud/airflow_env/lib/python3.10/site-packages/airflow/example_dags/example_trigger_controller_dag.py
[2024-01-14T15:20:50.316+0200] {processor.py:830} INFO - Processing file /home/mahmoud/airflow_env/lib/python3.10/site-packages/airflow/example_dags/example_trigger_controller_dag.py for tasks to queue
[2024-01-14T15:20:50.317+0200] {logging_mixin.py:188} INFO - [2024-01-14T15:20:50.317+0200] {dagbag.py:538} INFO - Filling up the DagBag from /home/mahmoud/airflow_env/lib/python3.10/site-packages/airflow/example_dags/example_trigger_controller_dag.py
[2024-01-14T15:20:50.323+0200] {processor.py:840} INFO - DAG(s) 'example_trigger_controller_dag' retrieved from /home/mahmoud/airflow_env/lib/python3.10/site-packages/airflow/example_dags/example_trigger_controller_dag.py
[2024-01-14T15:20:50.337+0200] {logging_mixin.py:188} INFO - [2024-01-14T15:20:50.337+0200] {dag.py:3033} INFO - Sync 1 DAGs
[2024-01-14T15:20:50.355+0200] {logging_mixin.py:188} INFO - [2024-01-14T15:20:50.355+0200] {dag.py:3820} INFO - Setting next_dagrun for example_trigger_controller_dag to 2021-01-01T00:00:00+00:00, run_after=2021-01-01T00:00:00+00:00
[2024-01-14T15:20:50.381+0200] {processor.py:183} INFO - Processing /home/mahmoud/airflow_env/lib/python3.10/site-packages/airflow/example_dags/example_trigger_controller_dag.py took 0.071 seconds
[2024-01-14T15:21:31.539+0200] {processor.py:161} INFO - Started process (PID=19820) to work on /home/mahmoud/airflow_env/lib/python3.10/site-packages/airflow/example_dags/example_trigger_controller_dag.py
[2024-01-14T15:21:31.541+0200] {processor.py:830} INFO - Processing file /home/mahmoud/airflow_env/lib/python3.10/site-packages/airflow/example_dags/example_trigger_controller_dag.py for tasks to queue
[2024-01-14T15:21:31.541+0200] {logging_mixin.py:188} INFO - [2024-01-14T15:21:31.541+0200] {dagbag.py:538} INFO - Filling up the DagBag from /home/mahmoud/airflow_env/lib/python3.10/site-packages/airflow/example_dags/example_trigger_controller_dag.py
[2024-01-14T15:21:31.545+0200] {processor.py:840} INFO - DAG(s) 'example_trigger_controller_dag' retrieved from /home/mahmoud/airflow_env/lib/python3.10/site-packages/airflow/example_dags/example_trigger_controller_dag.py
[2024-01-14T15:21:31.557+0200] {logging_mixin.py:188} INFO - [2024-01-14T15:21:31.556+0200] {dag.py:3033} INFO - Sync 1 DAGs
[2024-01-14T15:21:31.571+0200] {logging_mixin.py:188} INFO - [2024-01-14T15:21:31.571+0200] {dag.py:3820} INFO - Setting next_dagrun for example_trigger_controller_dag to 2021-01-01T00:00:00+00:00, run_after=2021-01-01T00:00:00+00:00
[2024-01-14T15:21:31.594+0200] {processor.py:183} INFO - Processing /home/mahmoud/airflow_env/lib/python3.10/site-packages/airflow/example_dags/example_trigger_controller_dag.py took 0.058 seconds
[2024-01-14T15:22:19.243+0200] {processor.py:161} INFO - Started process (PID=20011) to work on /home/mahmoud/airflow_env/lib/python3.10/site-packages/airflow/example_dags/example_trigger_controller_dag.py
[2024-01-14T15:22:19.244+0200] {processor.py:830} INFO - Processing file /home/mahmoud/airflow_env/lib/python3.10/site-packages/airflow/example_dags/example_trigger_controller_dag.py for tasks to queue
[2024-01-14T15:22:19.245+0200] {logging_mixin.py:188} INFO - [2024-01-14T15:22:19.244+0200] {dagbag.py:538} INFO - Filling up the DagBag from /home/mahmoud/airflow_env/lib/python3.10/site-packages/airflow/example_dags/example_trigger_controller_dag.py
[2024-01-14T15:22:19.249+0200] {processor.py:840} INFO - DAG(s) 'example_trigger_controller_dag' retrieved from /home/mahmoud/airflow_env/lib/python3.10/site-packages/airflow/example_dags/example_trigger_controller_dag.py
[2024-01-14T15:22:19.261+0200] {logging_mixin.py:188} INFO - [2024-01-14T15:22:19.261+0200] {dag.py:3033} INFO - Sync 1 DAGs
[2024-01-14T15:22:19.277+0200] {logging_mixin.py:188} INFO - [2024-01-14T15:22:19.277+0200] {dag.py:3820} INFO - Setting next_dagrun for example_trigger_controller_dag to 2021-01-01T00:00:00+00:00, run_after=2021-01-01T00:00:00+00:00
[2024-01-14T15:22:19.299+0200] {processor.py:183} INFO - Processing /home/mahmoud/airflow_env/lib/python3.10/site-packages/airflow/example_dags/example_trigger_controller_dag.py took 0.058 seconds
[2024-01-14T15:23:28.866+0200] {processor.py:161} INFO - Started process (PID=20414) to work on /home/mahmoud/airflow_env/lib/python3.10/site-packages/airflow/example_dags/example_trigger_controller_dag.py
[2024-01-14T15:23:28.868+0200] {processor.py:830} INFO - Processing file /home/mahmoud/airflow_env/lib/python3.10/site-packages/airflow/example_dags/example_trigger_controller_dag.py for tasks to queue
[2024-01-14T15:23:28.869+0200] {logging_mixin.py:188} INFO - [2024-01-14T15:23:28.868+0200] {dagbag.py:538} INFO - Filling up the DagBag from /home/mahmoud/airflow_env/lib/python3.10/site-packages/airflow/example_dags/example_trigger_controller_dag.py
[2024-01-14T15:23:28.875+0200] {processor.py:840} INFO - DAG(s) 'example_trigger_controller_dag' retrieved from /home/mahmoud/airflow_env/lib/python3.10/site-packages/airflow/example_dags/example_trigger_controller_dag.py
[2024-01-14T15:23:28.887+0200] {logging_mixin.py:188} INFO - [2024-01-14T15:23:28.887+0200] {dag.py:3033} INFO - Sync 1 DAGs
[2024-01-14T15:23:28.905+0200] {logging_mixin.py:188} INFO - [2024-01-14T15:23:28.904+0200] {dag.py:3820} INFO - Setting next_dagrun for example_trigger_controller_dag to 2021-01-01T00:00:00+00:00, run_after=2021-01-01T00:00:00+00:00
[2024-01-14T15:23:29.005+0200] {processor.py:183} INFO - Processing /home/mahmoud/airflow_env/lib/python3.10/site-packages/airflow/example_dags/example_trigger_controller_dag.py took 0.142 seconds
[2024-01-14T15:37:49.917+0200] {processor.py:161} INFO - Started process (PID=24482) to work on /home/mahmoud/airflow_env/lib/python3.10/site-packages/airflow/example_dags/example_trigger_controller_dag.py
[2024-01-14T15:37:49.918+0200] {processor.py:830} INFO - Processing file /home/mahmoud/airflow_env/lib/python3.10/site-packages/airflow/example_dags/example_trigger_controller_dag.py for tasks to queue
[2024-01-14T15:37:49.919+0200] {logging_mixin.py:188} INFO - [2024-01-14T15:37:49.919+0200] {dagbag.py:538} INFO - Filling up the DagBag from /home/mahmoud/airflow_env/lib/python3.10/site-packages/airflow/example_dags/example_trigger_controller_dag.py
[2024-01-14T15:37:49.924+0200] {processor.py:840} INFO - DAG(s) 'example_trigger_controller_dag' retrieved from /home/mahmoud/airflow_env/lib/python3.10/site-packages/airflow/example_dags/example_trigger_controller_dag.py
[2024-01-14T15:37:49.934+0200] {logging_mixin.py:188} INFO - [2024-01-14T15:37:49.934+0200] {dag.py:3033} INFO - Sync 1 DAGs
[2024-01-14T15:37:49.951+0200] {logging_mixin.py:188} INFO - [2024-01-14T15:37:49.951+0200] {dag.py:3820} INFO - Setting next_dagrun for example_trigger_controller_dag to 2021-01-01T00:00:00+00:00, run_after=2021-01-01T00:00:00+00:00
[2024-01-14T15:37:50.051+0200] {processor.py:183} INFO - Processing /home/mahmoud/airflow_env/lib/python3.10/site-packages/airflow/example_dags/example_trigger_controller_dag.py took 0.136 seconds
[2024-01-14T15:38:41.495+0200] {processor.py:161} INFO - Started process (PID=24855) to work on /home/mahmoud/airflow_env/lib/python3.10/site-packages/airflow/example_dags/example_trigger_controller_dag.py
[2024-01-14T15:38:41.498+0200] {processor.py:830} INFO - Processing file /home/mahmoud/airflow_env/lib/python3.10/site-packages/airflow/example_dags/example_trigger_controller_dag.py for tasks to queue
[2024-01-14T15:38:41.500+0200] {logging_mixin.py:188} INFO - [2024-01-14T15:38:41.500+0200] {dagbag.py:538} INFO - Filling up the DagBag from /home/mahmoud/airflow_env/lib/python3.10/site-packages/airflow/example_dags/example_trigger_controller_dag.py
[2024-01-14T15:38:41.509+0200] {processor.py:840} INFO - DAG(s) 'example_trigger_controller_dag' retrieved from /home/mahmoud/airflow_env/lib/python3.10/site-packages/airflow/example_dags/example_trigger_controller_dag.py
[2024-01-14T15:38:41.528+0200] {logging_mixin.py:188} INFO - [2024-01-14T15:38:41.527+0200] {dag.py:3033} INFO - Sync 1 DAGs
[2024-01-14T15:38:41.547+0200] {logging_mixin.py:188} INFO - [2024-01-14T15:38:41.547+0200] {dag.py:3820} INFO - Setting next_dagrun for example_trigger_controller_dag to 2021-01-01T00:00:00+00:00, run_after=2021-01-01T00:00:00+00:00
[2024-01-14T15:38:41.568+0200] {processor.py:183} INFO - Processing /home/mahmoud/airflow_env/lib/python3.10/site-packages/airflow/example_dags/example_trigger_controller_dag.py took 0.079 seconds
[2024-01-14T15:39:30.378+0200] {processor.py:161} INFO - Started process (PID=25173) to work on /home/mahmoud/airflow_env/lib/python3.10/site-packages/airflow/example_dags/example_trigger_controller_dag.py
[2024-01-14T15:39:30.380+0200] {processor.py:830} INFO - Processing file /home/mahmoud/airflow_env/lib/python3.10/site-packages/airflow/example_dags/example_trigger_controller_dag.py for tasks to queue
[2024-01-14T15:39:30.381+0200] {logging_mixin.py:188} INFO - [2024-01-14T15:39:30.380+0200] {dagbag.py:538} INFO - Filling up the DagBag from /home/mahmoud/airflow_env/lib/python3.10/site-packages/airflow/example_dags/example_trigger_controller_dag.py
[2024-01-14T15:39:30.384+0200] {processor.py:840} INFO - DAG(s) 'example_trigger_controller_dag' retrieved from /home/mahmoud/airflow_env/lib/python3.10/site-packages/airflow/example_dags/example_trigger_controller_dag.py
[2024-01-14T15:39:30.397+0200] {logging_mixin.py:188} INFO - [2024-01-14T15:39:30.397+0200] {dag.py:3033} INFO - Sync 1 DAGs
[2024-01-14T15:39:30.415+0200] {logging_mixin.py:188} INFO - [2024-01-14T15:39:30.415+0200] {dag.py:3820} INFO - Setting next_dagrun for example_trigger_controller_dag to 2021-01-01T00:00:00+00:00, run_after=2021-01-01T00:00:00+00:00
[2024-01-14T15:39:30.443+0200] {processor.py:183} INFO - Processing /home/mahmoud/airflow_env/lib/python3.10/site-packages/airflow/example_dags/example_trigger_controller_dag.py took 0.067 seconds
[2024-01-14T15:40:07.602+0200] {processor.py:161} INFO - Started process (PID=25320) to work on /home/mahmoud/airflow_env/lib/python3.10/site-packages/airflow/example_dags/example_trigger_controller_dag.py
[2024-01-14T15:40:07.604+0200] {processor.py:830} INFO - Processing file /home/mahmoud/airflow_env/lib/python3.10/site-packages/airflow/example_dags/example_trigger_controller_dag.py for tasks to queue
[2024-01-14T15:40:07.605+0200] {logging_mixin.py:188} INFO - [2024-01-14T15:40:07.605+0200] {dagbag.py:538} INFO - Filling up the DagBag from /home/mahmoud/airflow_env/lib/python3.10/site-packages/airflow/example_dags/example_trigger_controller_dag.py
[2024-01-14T15:40:07.608+0200] {processor.py:840} INFO - DAG(s) 'example_trigger_controller_dag' retrieved from /home/mahmoud/airflow_env/lib/python3.10/site-packages/airflow/example_dags/example_trigger_controller_dag.py
[2024-01-14T15:40:07.622+0200] {logging_mixin.py:188} INFO - [2024-01-14T15:40:07.622+0200] {dag.py:3033} INFO - Sync 1 DAGs
[2024-01-14T15:40:07.648+0200] {logging_mixin.py:188} INFO - [2024-01-14T15:40:07.648+0200] {dag.py:3820} INFO - Setting next_dagrun for example_trigger_controller_dag to 2021-01-01T00:00:00+00:00, run_after=2021-01-01T00:00:00+00:00
[2024-01-14T15:40:07.668+0200] {processor.py:183} INFO - Processing /home/mahmoud/airflow_env/lib/python3.10/site-packages/airflow/example_dags/example_trigger_controller_dag.py took 0.068 seconds
[2024-01-14T15:40:43.879+0200] {processor.py:161} INFO - Started process (PID=25465) to work on /home/mahmoud/airflow_env/lib/python3.10/site-packages/airflow/example_dags/example_trigger_controller_dag.py
[2024-01-14T15:40:43.881+0200] {processor.py:830} INFO - Processing file /home/mahmoud/airflow_env/lib/python3.10/site-packages/airflow/example_dags/example_trigger_controller_dag.py for tasks to queue
[2024-01-14T15:40:43.882+0200] {logging_mixin.py:188} INFO - [2024-01-14T15:40:43.882+0200] {dagbag.py:538} INFO - Filling up the DagBag from /home/mahmoud/airflow_env/lib/python3.10/site-packages/airflow/example_dags/example_trigger_controller_dag.py
[2024-01-14T15:40:43.888+0200] {processor.py:840} INFO - DAG(s) 'example_trigger_controller_dag' retrieved from /home/mahmoud/airflow_env/lib/python3.10/site-packages/airflow/example_dags/example_trigger_controller_dag.py
[2024-01-14T15:40:43.902+0200] {logging_mixin.py:188} INFO - [2024-01-14T15:40:43.902+0200] {dag.py:3033} INFO - Sync 1 DAGs
[2024-01-14T15:40:43.919+0200] {logging_mixin.py:188} INFO - [2024-01-14T15:40:43.919+0200] {dag.py:3820} INFO - Setting next_dagrun for example_trigger_controller_dag to 2021-01-01T00:00:00+00:00, run_after=2021-01-01T00:00:00+00:00
[2024-01-14T15:40:43.942+0200] {processor.py:183} INFO - Processing /home/mahmoud/airflow_env/lib/python3.10/site-packages/airflow/example_dags/example_trigger_controller_dag.py took 0.067 seconds
[2024-01-14T15:41:21.079+0200] {processor.py:161} INFO - Started process (PID=25675) to work on /home/mahmoud/airflow_env/lib/python3.10/site-packages/airflow/example_dags/example_trigger_controller_dag.py
[2024-01-14T15:41:21.080+0200] {processor.py:830} INFO - Processing file /home/mahmoud/airflow_env/lib/python3.10/site-packages/airflow/example_dags/example_trigger_controller_dag.py for tasks to queue
[2024-01-14T15:41:21.081+0200] {logging_mixin.py:188} INFO - [2024-01-14T15:41:21.081+0200] {dagbag.py:538} INFO - Filling up the DagBag from /home/mahmoud/airflow_env/lib/python3.10/site-packages/airflow/example_dags/example_trigger_controller_dag.py
[2024-01-14T15:41:21.085+0200] {processor.py:840} INFO - DAG(s) 'example_trigger_controller_dag' retrieved from /home/mahmoud/airflow_env/lib/python3.10/site-packages/airflow/example_dags/example_trigger_controller_dag.py
[2024-01-14T15:41:21.098+0200] {logging_mixin.py:188} INFO - [2024-01-14T15:41:21.098+0200] {dag.py:3033} INFO - Sync 1 DAGs
[2024-01-14T15:41:21.116+0200] {logging_mixin.py:188} INFO - [2024-01-14T15:41:21.116+0200] {dag.py:3820} INFO - Setting next_dagrun for example_trigger_controller_dag to 2021-01-01T00:00:00+00:00, run_after=2021-01-01T00:00:00+00:00
[2024-01-14T15:41:21.144+0200] {processor.py:183} INFO - Processing /home/mahmoud/airflow_env/lib/python3.10/site-packages/airflow/example_dags/example_trigger_controller_dag.py took 0.068 seconds
[2024-01-14T15:42:12.730+0200] {processor.py:161} INFO - Started process (PID=25878) to work on /home/mahmoud/airflow_env/lib/python3.10/site-packages/airflow/example_dags/example_trigger_controller_dag.py
[2024-01-14T15:42:12.733+0200] {processor.py:830} INFO - Processing file /home/mahmoud/airflow_env/lib/python3.10/site-packages/airflow/example_dags/example_trigger_controller_dag.py for tasks to queue
[2024-01-14T15:42:12.734+0200] {logging_mixin.py:188} INFO - [2024-01-14T15:42:12.734+0200] {dagbag.py:538} INFO - Filling up the DagBag from /home/mahmoud/airflow_env/lib/python3.10/site-packages/airflow/example_dags/example_trigger_controller_dag.py
[2024-01-14T15:42:12.742+0200] {processor.py:840} INFO - DAG(s) 'example_trigger_controller_dag' retrieved from /home/mahmoud/airflow_env/lib/python3.10/site-packages/airflow/example_dags/example_trigger_controller_dag.py
[2024-01-14T15:42:12.762+0200] {logging_mixin.py:188} INFO - [2024-01-14T15:42:12.762+0200] {dag.py:3033} INFO - Sync 1 DAGs
[2024-01-14T15:42:12.781+0200] {logging_mixin.py:188} INFO - [2024-01-14T15:42:12.781+0200] {dag.py:3820} INFO - Setting next_dagrun for example_trigger_controller_dag to 2021-01-01T00:00:00+00:00, run_after=2021-01-01T00:00:00+00:00
[2024-01-14T15:42:12.806+0200] {processor.py:183} INFO - Processing /home/mahmoud/airflow_env/lib/python3.10/site-packages/airflow/example_dags/example_trigger_controller_dag.py took 0.080 seconds
[2024-01-14T15:43:10.917+0200] {processor.py:161} INFO - Started process (PID=26626) to work on /home/mahmoud/airflow_env/lib/python3.10/site-packages/airflow/example_dags/example_trigger_controller_dag.py
[2024-01-14T15:43:10.920+0200] {processor.py:830} INFO - Processing file /home/mahmoud/airflow_env/lib/python3.10/site-packages/airflow/example_dags/example_trigger_controller_dag.py for tasks to queue
[2024-01-14T15:43:10.921+0200] {logging_mixin.py:188} INFO - [2024-01-14T15:43:10.920+0200] {dagbag.py:538} INFO - Filling up the DagBag from /home/mahmoud/airflow_env/lib/python3.10/site-packages/airflow/example_dags/example_trigger_controller_dag.py
[2024-01-14T15:43:10.927+0200] {processor.py:840} INFO - DAG(s) 'example_trigger_controller_dag' retrieved from /home/mahmoud/airflow_env/lib/python3.10/site-packages/airflow/example_dags/example_trigger_controller_dag.py
[2024-01-14T15:43:10.944+0200] {logging_mixin.py:188} INFO - [2024-01-14T15:43:10.944+0200] {dag.py:3033} INFO - Sync 1 DAGs
[2024-01-14T15:43:10.963+0200] {logging_mixin.py:188} INFO - [2024-01-14T15:43:10.963+0200] {dag.py:3820} INFO - Setting next_dagrun for example_trigger_controller_dag to 2021-01-01T00:00:00+00:00, run_after=2021-01-01T00:00:00+00:00
[2024-01-14T15:43:10.986+0200] {processor.py:183} INFO - Processing /home/mahmoud/airflow_env/lib/python3.10/site-packages/airflow/example_dags/example_trigger_controller_dag.py took 0.072 seconds
[2024-01-14T15:43:58.958+0200] {processor.py:161} INFO - Started process (PID=26907) to work on /home/mahmoud/airflow_env/lib/python3.10/site-packages/airflow/example_dags/example_trigger_controller_dag.py
[2024-01-14T15:43:58.960+0200] {processor.py:830} INFO - Processing file /home/mahmoud/airflow_env/lib/python3.10/site-packages/airflow/example_dags/example_trigger_controller_dag.py for tasks to queue
[2024-01-14T15:43:58.961+0200] {logging_mixin.py:188} INFO - [2024-01-14T15:43:58.960+0200] {dagbag.py:538} INFO - Filling up the DagBag from /home/mahmoud/airflow_env/lib/python3.10/site-packages/airflow/example_dags/example_trigger_controller_dag.py
[2024-01-14T15:43:58.965+0200] {processor.py:840} INFO - DAG(s) 'example_trigger_controller_dag' retrieved from /home/mahmoud/airflow_env/lib/python3.10/site-packages/airflow/example_dags/example_trigger_controller_dag.py
[2024-01-14T15:43:58.978+0200] {logging_mixin.py:188} INFO - [2024-01-14T15:43:58.977+0200] {dag.py:3033} INFO - Sync 1 DAGs
[2024-01-14T15:43:58.995+0200] {logging_mixin.py:188} INFO - [2024-01-14T15:43:58.995+0200] {dag.py:3820} INFO - Setting next_dagrun for example_trigger_controller_dag to 2021-01-01T00:00:00+00:00, run_after=2021-01-01T00:00:00+00:00
[2024-01-14T15:43:59.017+0200] {processor.py:183} INFO - Processing /home/mahmoud/airflow_env/lib/python3.10/site-packages/airflow/example_dags/example_trigger_controller_dag.py took 0.061 seconds
[2024-01-14T15:44:47.406+0200] {processor.py:161} INFO - Started process (PID=27568) to work on /home/mahmoud/airflow_env/lib/python3.10/site-packages/airflow/example_dags/example_trigger_controller_dag.py
[2024-01-14T15:44:47.408+0200] {processor.py:830} INFO - Processing file /home/mahmoud/airflow_env/lib/python3.10/site-packages/airflow/example_dags/example_trigger_controller_dag.py for tasks to queue
[2024-01-14T15:44:47.409+0200] {logging_mixin.py:188} INFO - [2024-01-14T15:44:47.408+0200] {dagbag.py:538} INFO - Filling up the DagBag from /home/mahmoud/airflow_env/lib/python3.10/site-packages/airflow/example_dags/example_trigger_controller_dag.py
[2024-01-14T15:44:47.414+0200] {processor.py:840} INFO - DAG(s) 'example_trigger_controller_dag' retrieved from /home/mahmoud/airflow_env/lib/python3.10/site-packages/airflow/example_dags/example_trigger_controller_dag.py
[2024-01-14T15:44:47.428+0200] {logging_mixin.py:188} INFO - [2024-01-14T15:44:47.428+0200] {dag.py:3033} INFO - Sync 1 DAGs
[2024-01-14T15:44:47.446+0200] {logging_mixin.py:188} INFO - [2024-01-14T15:44:47.446+0200] {dag.py:3820} INFO - Setting next_dagrun for example_trigger_controller_dag to 2021-01-01T00:00:00+00:00, run_after=2021-01-01T00:00:00+00:00
[2024-01-14T15:44:47.470+0200] {processor.py:183} INFO - Processing /home/mahmoud/airflow_env/lib/python3.10/site-packages/airflow/example_dags/example_trigger_controller_dag.py took 0.068 seconds
[2024-01-14T15:45:30.341+0200] {processor.py:161} INFO - Started process (PID=27801) to work on /home/mahmoud/airflow_env/lib/python3.10/site-packages/airflow/example_dags/example_trigger_controller_dag.py
[2024-01-14T15:45:30.345+0200] {processor.py:830} INFO - Processing file /home/mahmoud/airflow_env/lib/python3.10/site-packages/airflow/example_dags/example_trigger_controller_dag.py for tasks to queue
[2024-01-14T15:45:30.346+0200] {logging_mixin.py:188} INFO - [2024-01-14T15:45:30.346+0200] {dagbag.py:538} INFO - Filling up the DagBag from /home/mahmoud/airflow_env/lib/python3.10/site-packages/airflow/example_dags/example_trigger_controller_dag.py
[2024-01-14T15:45:30.353+0200] {processor.py:840} INFO - DAG(s) 'example_trigger_controller_dag' retrieved from /home/mahmoud/airflow_env/lib/python3.10/site-packages/airflow/example_dags/example_trigger_controller_dag.py
[2024-01-14T15:45:30.371+0200] {logging_mixin.py:188} INFO - [2024-01-14T15:45:30.371+0200] {dag.py:3033} INFO - Sync 1 DAGs
[2024-01-14T15:45:30.392+0200] {logging_mixin.py:188} INFO - [2024-01-14T15:45:30.391+0200] {dag.py:3820} INFO - Setting next_dagrun for example_trigger_controller_dag to 2021-01-01T00:00:00+00:00, run_after=2021-01-01T00:00:00+00:00
[2024-01-14T15:45:30.413+0200] {processor.py:183} INFO - Processing /home/mahmoud/airflow_env/lib/python3.10/site-packages/airflow/example_dags/example_trigger_controller_dag.py took 0.078 seconds
[2024-01-14T15:46:06.396+0200] {processor.py:161} INFO - Started process (PID=27946) to work on /home/mahmoud/airflow_env/lib/python3.10/site-packages/airflow/example_dags/example_trigger_controller_dag.py
[2024-01-14T15:46:06.399+0200] {processor.py:830} INFO - Processing file /home/mahmoud/airflow_env/lib/python3.10/site-packages/airflow/example_dags/example_trigger_controller_dag.py for tasks to queue
[2024-01-14T15:46:06.400+0200] {logging_mixin.py:188} INFO - [2024-01-14T15:46:06.400+0200] {dagbag.py:538} INFO - Filling up the DagBag from /home/mahmoud/airflow_env/lib/python3.10/site-packages/airflow/example_dags/example_trigger_controller_dag.py
[2024-01-14T15:46:06.406+0200] {processor.py:840} INFO - DAG(s) 'example_trigger_controller_dag' retrieved from /home/mahmoud/airflow_env/lib/python3.10/site-packages/airflow/example_dags/example_trigger_controller_dag.py
[2024-01-14T15:46:06.422+0200] {logging_mixin.py:188} INFO - [2024-01-14T15:46:06.422+0200] {dag.py:3033} INFO - Sync 1 DAGs
[2024-01-14T15:46:06.439+0200] {logging_mixin.py:188} INFO - [2024-01-14T15:46:06.439+0200] {dag.py:3820} INFO - Setting next_dagrun for example_trigger_controller_dag to 2021-01-01T00:00:00+00:00, run_after=2021-01-01T00:00:00+00:00
[2024-01-14T15:46:06.475+0200] {processor.py:183} INFO - Processing /home/mahmoud/airflow_env/lib/python3.10/site-packages/airflow/example_dags/example_trigger_controller_dag.py took 0.084 seconds
[2024-01-14T15:46:42.561+0200] {processor.py:161} INFO - Started process (PID=28086) to work on /home/mahmoud/airflow_env/lib/python3.10/site-packages/airflow/example_dags/example_trigger_controller_dag.py
[2024-01-14T15:46:42.564+0200] {processor.py:830} INFO - Processing file /home/mahmoud/airflow_env/lib/python3.10/site-packages/airflow/example_dags/example_trigger_controller_dag.py for tasks to queue
[2024-01-14T15:46:42.565+0200] {logging_mixin.py:188} INFO - [2024-01-14T15:46:42.565+0200] {dagbag.py:538} INFO - Filling up the DagBag from /home/mahmoud/airflow_env/lib/python3.10/site-packages/airflow/example_dags/example_trigger_controller_dag.py
[2024-01-14T15:46:42.572+0200] {processor.py:840} INFO - DAG(s) 'example_trigger_controller_dag' retrieved from /home/mahmoud/airflow_env/lib/python3.10/site-packages/airflow/example_dags/example_trigger_controller_dag.py
[2024-01-14T15:46:42.589+0200] {logging_mixin.py:188} INFO - [2024-01-14T15:46:42.588+0200] {dag.py:3033} INFO - Sync 1 DAGs
[2024-01-14T15:46:42.606+0200] {logging_mixin.py:188} INFO - [2024-01-14T15:46:42.606+0200] {dag.py:3820} INFO - Setting next_dagrun for example_trigger_controller_dag to 2021-01-01T00:00:00+00:00, run_after=2021-01-01T00:00:00+00:00
[2024-01-14T15:46:42.629+0200] {processor.py:183} INFO - Processing /home/mahmoud/airflow_env/lib/python3.10/site-packages/airflow/example_dags/example_trigger_controller_dag.py took 0.073 seconds
[2024-01-14T15:47:18.252+0200] {processor.py:161} INFO - Started process (PID=28296) to work on /home/mahmoud/airflow_env/lib/python3.10/site-packages/airflow/example_dags/example_trigger_controller_dag.py
[2024-01-14T15:47:18.254+0200] {processor.py:830} INFO - Processing file /home/mahmoud/airflow_env/lib/python3.10/site-packages/airflow/example_dags/example_trigger_controller_dag.py for tasks to queue
[2024-01-14T15:47:18.255+0200] {logging_mixin.py:188} INFO - [2024-01-14T15:47:18.255+0200] {dagbag.py:538} INFO - Filling up the DagBag from /home/mahmoud/airflow_env/lib/python3.10/site-packages/airflow/example_dags/example_trigger_controller_dag.py
[2024-01-14T15:47:18.264+0200] {processor.py:840} INFO - DAG(s) 'example_trigger_controller_dag' retrieved from /home/mahmoud/airflow_env/lib/python3.10/site-packages/airflow/example_dags/example_trigger_controller_dag.py
[2024-01-14T15:47:18.280+0200] {logging_mixin.py:188} INFO - [2024-01-14T15:47:18.280+0200] {dag.py:3033} INFO - Sync 1 DAGs
[2024-01-14T15:47:18.297+0200] {logging_mixin.py:188} INFO - [2024-01-14T15:47:18.297+0200] {dag.py:3820} INFO - Setting next_dagrun for example_trigger_controller_dag to 2021-01-01T00:00:00+00:00, run_after=2021-01-01T00:00:00+00:00
[2024-01-14T15:47:18.316+0200] {processor.py:183} INFO - Processing /home/mahmoud/airflow_env/lib/python3.10/site-packages/airflow/example_dags/example_trigger_controller_dag.py took 0.067 seconds
[2024-01-14T15:47:53.476+0200] {processor.py:161} INFO - Started process (PID=28462) to work on /home/mahmoud/airflow_env/lib/python3.10/site-packages/airflow/example_dags/example_trigger_controller_dag.py
[2024-01-14T15:47:53.478+0200] {processor.py:830} INFO - Processing file /home/mahmoud/airflow_env/lib/python3.10/site-packages/airflow/example_dags/example_trigger_controller_dag.py for tasks to queue
[2024-01-14T15:47:53.479+0200] {logging_mixin.py:188} INFO - [2024-01-14T15:47:53.478+0200] {dagbag.py:538} INFO - Filling up the DagBag from /home/mahmoud/airflow_env/lib/python3.10/site-packages/airflow/example_dags/example_trigger_controller_dag.py
[2024-01-14T15:47:53.484+0200] {processor.py:840} INFO - DAG(s) 'example_trigger_controller_dag' retrieved from /home/mahmoud/airflow_env/lib/python3.10/site-packages/airflow/example_dags/example_trigger_controller_dag.py
[2024-01-14T15:47:53.497+0200] {logging_mixin.py:188} INFO - [2024-01-14T15:47:53.497+0200] {dag.py:3033} INFO - Sync 1 DAGs
[2024-01-14T15:47:53.515+0200] {logging_mixin.py:188} INFO - [2024-01-14T15:47:53.515+0200] {dag.py:3820} INFO - Setting next_dagrun for example_trigger_controller_dag to 2021-01-01T00:00:00+00:00, run_after=2021-01-01T00:00:00+00:00
[2024-01-14T15:47:53.538+0200] {processor.py:183} INFO - Processing /home/mahmoud/airflow_env/lib/python3.10/site-packages/airflow/example_dags/example_trigger_controller_dag.py took 0.066 seconds
[2024-01-14T15:48:29.289+0200] {processor.py:161} INFO - Started process (PID=28600) to work on /home/mahmoud/airflow_env/lib/python3.10/site-packages/airflow/example_dags/example_trigger_controller_dag.py
[2024-01-14T15:48:29.291+0200] {processor.py:830} INFO - Processing file /home/mahmoud/airflow_env/lib/python3.10/site-packages/airflow/example_dags/example_trigger_controller_dag.py for tasks to queue
[2024-01-14T15:48:29.292+0200] {logging_mixin.py:188} INFO - [2024-01-14T15:48:29.291+0200] {dagbag.py:538} INFO - Filling up the DagBag from /home/mahmoud/airflow_env/lib/python3.10/site-packages/airflow/example_dags/example_trigger_controller_dag.py
[2024-01-14T15:48:29.296+0200] {processor.py:840} INFO - DAG(s) 'example_trigger_controller_dag' retrieved from /home/mahmoud/airflow_env/lib/python3.10/site-packages/airflow/example_dags/example_trigger_controller_dag.py
[2024-01-14T15:48:29.310+0200] {logging_mixin.py:188} INFO - [2024-01-14T15:48:29.310+0200] {dag.py:3033} INFO - Sync 1 DAGs
[2024-01-14T15:48:29.327+0200] {logging_mixin.py:188} INFO - [2024-01-14T15:48:29.327+0200] {dag.py:3820} INFO - Setting next_dagrun for example_trigger_controller_dag to 2021-01-01T00:00:00+00:00, run_after=2021-01-01T00:00:00+00:00
[2024-01-14T15:48:29.348+0200] {processor.py:183} INFO - Processing /home/mahmoud/airflow_env/lib/python3.10/site-packages/airflow/example_dags/example_trigger_controller_dag.py took 0.063 seconds
[2024-01-14T15:49:04.514+0200] {processor.py:161} INFO - Started process (PID=28739) to work on /home/mahmoud/airflow_env/lib/python3.10/site-packages/airflow/example_dags/example_trigger_controller_dag.py
[2024-01-14T15:49:04.516+0200] {processor.py:830} INFO - Processing file /home/mahmoud/airflow_env/lib/python3.10/site-packages/airflow/example_dags/example_trigger_controller_dag.py for tasks to queue
[2024-01-14T15:49:04.517+0200] {logging_mixin.py:188} INFO - [2024-01-14T15:49:04.517+0200] {dagbag.py:538} INFO - Filling up the DagBag from /home/mahmoud/airflow_env/lib/python3.10/site-packages/airflow/example_dags/example_trigger_controller_dag.py
[2024-01-14T15:49:04.522+0200] {processor.py:840} INFO - DAG(s) 'example_trigger_controller_dag' retrieved from /home/mahmoud/airflow_env/lib/python3.10/site-packages/airflow/example_dags/example_trigger_controller_dag.py
[2024-01-14T15:49:04.536+0200] {logging_mixin.py:188} INFO - [2024-01-14T15:49:04.536+0200] {dag.py:3033} INFO - Sync 1 DAGs
[2024-01-14T15:49:04.554+0200] {logging_mixin.py:188} INFO - [2024-01-14T15:49:04.553+0200] {dag.py:3820} INFO - Setting next_dagrun for example_trigger_controller_dag to 2021-01-01T00:00:00+00:00, run_after=2021-01-01T00:00:00+00:00
[2024-01-14T15:49:04.577+0200] {processor.py:183} INFO - Processing /home/mahmoud/airflow_env/lib/python3.10/site-packages/airflow/example_dags/example_trigger_controller_dag.py took 0.067 seconds
[2024-01-14T15:49:40.649+0200] {processor.py:161} INFO - Started process (PID=28884) to work on /home/mahmoud/airflow_env/lib/python3.10/site-packages/airflow/example_dags/example_trigger_controller_dag.py
[2024-01-14T15:49:40.651+0200] {processor.py:830} INFO - Processing file /home/mahmoud/airflow_env/lib/python3.10/site-packages/airflow/example_dags/example_trigger_controller_dag.py for tasks to queue
[2024-01-14T15:49:40.652+0200] {logging_mixin.py:188} INFO - [2024-01-14T15:49:40.652+0200] {dagbag.py:538} INFO - Filling up the DagBag from /home/mahmoud/airflow_env/lib/python3.10/site-packages/airflow/example_dags/example_trigger_controller_dag.py
[2024-01-14T15:49:40.657+0200] {processor.py:840} INFO - DAG(s) 'example_trigger_controller_dag' retrieved from /home/mahmoud/airflow_env/lib/python3.10/site-packages/airflow/example_dags/example_trigger_controller_dag.py
[2024-01-14T15:49:40.671+0200] {logging_mixin.py:188} INFO - [2024-01-14T15:49:40.670+0200] {dag.py:3033} INFO - Sync 1 DAGs
[2024-01-14T15:49:40.687+0200] {logging_mixin.py:188} INFO - [2024-01-14T15:49:40.687+0200] {dag.py:3820} INFO - Setting next_dagrun for example_trigger_controller_dag to 2021-01-01T00:00:00+00:00, run_after=2021-01-01T00:00:00+00:00
[2024-01-14T15:49:40.710+0200] {processor.py:183} INFO - Processing /home/mahmoud/airflow_env/lib/python3.10/site-packages/airflow/example_dags/example_trigger_controller_dag.py took 0.064 seconds
[2024-01-14T15:50:14.353+0200] {processor.py:161} INFO - Started process (PID=29016) to work on /home/mahmoud/airflow_env/lib/python3.10/site-packages/airflow/example_dags/example_trigger_controller_dag.py
[2024-01-14T15:50:14.356+0200] {processor.py:830} INFO - Processing file /home/mahmoud/airflow_env/lib/python3.10/site-packages/airflow/example_dags/example_trigger_controller_dag.py for tasks to queue
[2024-01-14T15:50:14.358+0200] {logging_mixin.py:188} INFO - [2024-01-14T15:50:14.358+0200] {dagbag.py:538} INFO - Filling up the DagBag from /home/mahmoud/airflow_env/lib/python3.10/site-packages/airflow/example_dags/example_trigger_controller_dag.py
[2024-01-14T15:50:14.368+0200] {processor.py:840} INFO - DAG(s) 'example_trigger_controller_dag' retrieved from /home/mahmoud/airflow_env/lib/python3.10/site-packages/airflow/example_dags/example_trigger_controller_dag.py
[2024-01-14T15:50:14.389+0200] {logging_mixin.py:188} INFO - [2024-01-14T15:50:14.389+0200] {dag.py:3033} INFO - Sync 1 DAGs
[2024-01-14T15:50:14.410+0200] {logging_mixin.py:188} INFO - [2024-01-14T15:50:14.410+0200] {dag.py:3820} INFO - Setting next_dagrun for example_trigger_controller_dag to 2021-01-01T00:00:00+00:00, run_after=2021-01-01T00:00:00+00:00
[2024-01-14T15:50:14.432+0200] {processor.py:183} INFO - Processing /home/mahmoud/airflow_env/lib/python3.10/site-packages/airflow/example_dags/example_trigger_controller_dag.py took 0.087 seconds
[2024-01-14T15:50:50.403+0200] {processor.py:161} INFO - Started process (PID=29161) to work on /home/mahmoud/airflow_env/lib/python3.10/site-packages/airflow/example_dags/example_trigger_controller_dag.py
[2024-01-14T15:50:50.404+0200] {processor.py:830} INFO - Processing file /home/mahmoud/airflow_env/lib/python3.10/site-packages/airflow/example_dags/example_trigger_controller_dag.py for tasks to queue
[2024-01-14T15:50:50.405+0200] {logging_mixin.py:188} INFO - [2024-01-14T15:50:50.405+0200] {dagbag.py:538} INFO - Filling up the DagBag from /home/mahmoud/airflow_env/lib/python3.10/site-packages/airflow/example_dags/example_trigger_controller_dag.py
[2024-01-14T15:50:50.411+0200] {processor.py:840} INFO - DAG(s) 'example_trigger_controller_dag' retrieved from /home/mahmoud/airflow_env/lib/python3.10/site-packages/airflow/example_dags/example_trigger_controller_dag.py
[2024-01-14T15:50:50.426+0200] {logging_mixin.py:188} INFO - [2024-01-14T15:50:50.426+0200] {dag.py:3033} INFO - Sync 1 DAGs
[2024-01-14T15:50:50.443+0200] {logging_mixin.py:188} INFO - [2024-01-14T15:50:50.443+0200] {dag.py:3820} INFO - Setting next_dagrun for example_trigger_controller_dag to 2021-01-01T00:00:00+00:00, run_after=2021-01-01T00:00:00+00:00
[2024-01-14T15:50:50.466+0200] {processor.py:183} INFO - Processing /home/mahmoud/airflow_env/lib/python3.10/site-packages/airflow/example_dags/example_trigger_controller_dag.py took 0.066 seconds
[2024-01-14T15:51:41.892+0200] {processor.py:161} INFO - Started process (PID=29364) to work on /home/mahmoud/airflow_env/lib/python3.10/site-packages/airflow/example_dags/example_trigger_controller_dag.py
[2024-01-14T15:51:41.894+0200] {processor.py:830} INFO - Processing file /home/mahmoud/airflow_env/lib/python3.10/site-packages/airflow/example_dags/example_trigger_controller_dag.py for tasks to queue
[2024-01-14T15:51:41.895+0200] {logging_mixin.py:188} INFO - [2024-01-14T15:51:41.894+0200] {dagbag.py:538} INFO - Filling up the DagBag from /home/mahmoud/airflow_env/lib/python3.10/site-packages/airflow/example_dags/example_trigger_controller_dag.py
[2024-01-14T15:51:41.899+0200] {processor.py:840} INFO - DAG(s) 'example_trigger_controller_dag' retrieved from /home/mahmoud/airflow_env/lib/python3.10/site-packages/airflow/example_dags/example_trigger_controller_dag.py
[2024-01-14T15:51:41.913+0200] {logging_mixin.py:188} INFO - [2024-01-14T15:51:41.912+0200] {dag.py:3033} INFO - Sync 1 DAGs
[2024-01-14T15:51:41.930+0200] {logging_mixin.py:188} INFO - [2024-01-14T15:51:41.929+0200] {dag.py:3820} INFO - Setting next_dagrun for example_trigger_controller_dag to 2021-01-01T00:00:00+00:00, run_after=2021-01-01T00:00:00+00:00
[2024-01-14T15:51:41.950+0200] {processor.py:183} INFO - Processing /home/mahmoud/airflow_env/lib/python3.10/site-packages/airflow/example_dags/example_trigger_controller_dag.py took 0.060 seconds
[2024-01-14T15:52:16.844+0200] {processor.py:161} INFO - Started process (PID=29503) to work on /home/mahmoud/airflow_env/lib/python3.10/site-packages/airflow/example_dags/example_trigger_controller_dag.py
[2024-01-14T15:52:16.846+0200] {processor.py:830} INFO - Processing file /home/mahmoud/airflow_env/lib/python3.10/site-packages/airflow/example_dags/example_trigger_controller_dag.py for tasks to queue
[2024-01-14T15:52:16.846+0200] {logging_mixin.py:188} INFO - [2024-01-14T15:52:16.846+0200] {dagbag.py:538} INFO - Filling up the DagBag from /home/mahmoud/airflow_env/lib/python3.10/site-packages/airflow/example_dags/example_trigger_controller_dag.py
[2024-01-14T15:52:16.851+0200] {processor.py:840} INFO - DAG(s) 'example_trigger_controller_dag' retrieved from /home/mahmoud/airflow_env/lib/python3.10/site-packages/airflow/example_dags/example_trigger_controller_dag.py
[2024-01-14T15:52:16.864+0200] {logging_mixin.py:188} INFO - [2024-01-14T15:52:16.864+0200] {dag.py:3033} INFO - Sync 1 DAGs
[2024-01-14T15:52:16.881+0200] {logging_mixin.py:188} INFO - [2024-01-14T15:52:16.881+0200] {dag.py:3820} INFO - Setting next_dagrun for example_trigger_controller_dag to 2021-01-01T00:00:00+00:00, run_after=2021-01-01T00:00:00+00:00
[2024-01-14T15:52:16.902+0200] {processor.py:183} INFO - Processing /home/mahmoud/airflow_env/lib/python3.10/site-packages/airflow/example_dags/example_trigger_controller_dag.py took 0.061 seconds
[2024-01-14T15:53:06.548+0200] {processor.py:161} INFO - Started process (PID=29727) to work on /home/mahmoud/airflow_env/lib/python3.10/site-packages/airflow/example_dags/example_trigger_controller_dag.py
[2024-01-14T15:53:06.549+0200] {processor.py:830} INFO - Processing file /home/mahmoud/airflow_env/lib/python3.10/site-packages/airflow/example_dags/example_trigger_controller_dag.py for tasks to queue
[2024-01-14T15:53:06.550+0200] {logging_mixin.py:188} INFO - [2024-01-14T15:53:06.550+0200] {dagbag.py:538} INFO - Filling up the DagBag from /home/mahmoud/airflow_env/lib/python3.10/site-packages/airflow/example_dags/example_trigger_controller_dag.py
[2024-01-14T15:53:06.555+0200] {processor.py:840} INFO - DAG(s) 'example_trigger_controller_dag' retrieved from /home/mahmoud/airflow_env/lib/python3.10/site-packages/airflow/example_dags/example_trigger_controller_dag.py
[2024-01-14T15:53:06.568+0200] {logging_mixin.py:188} INFO - [2024-01-14T15:53:06.568+0200] {dag.py:3033} INFO - Sync 1 DAGs
[2024-01-14T15:53:06.585+0200] {logging_mixin.py:188} INFO - [2024-01-14T15:53:06.585+0200] {dag.py:3820} INFO - Setting next_dagrun for example_trigger_controller_dag to 2021-01-01T00:00:00+00:00, run_after=2021-01-01T00:00:00+00:00
[2024-01-14T15:53:06.607+0200] {processor.py:183} INFO - Processing /home/mahmoud/airflow_env/lib/python3.10/site-packages/airflow/example_dags/example_trigger_controller_dag.py took 0.061 seconds
[2024-01-14T15:53:40.892+0200] {processor.py:161} INFO - Started process (PID=29867) to work on /home/mahmoud/airflow_env/lib/python3.10/site-packages/airflow/example_dags/example_trigger_controller_dag.py
[2024-01-14T15:53:40.894+0200] {processor.py:830} INFO - Processing file /home/mahmoud/airflow_env/lib/python3.10/site-packages/airflow/example_dags/example_trigger_controller_dag.py for tasks to queue
[2024-01-14T15:53:40.895+0200] {logging_mixin.py:188} INFO - [2024-01-14T15:53:40.895+0200] {dagbag.py:538} INFO - Filling up the DagBag from /home/mahmoud/airflow_env/lib/python3.10/site-packages/airflow/example_dags/example_trigger_controller_dag.py
[2024-01-14T15:53:40.900+0200] {processor.py:840} INFO - DAG(s) 'example_trigger_controller_dag' retrieved from /home/mahmoud/airflow_env/lib/python3.10/site-packages/airflow/example_dags/example_trigger_controller_dag.py
[2024-01-14T15:53:40.914+0200] {logging_mixin.py:188} INFO - [2024-01-14T15:53:40.914+0200] {dag.py:3033} INFO - Sync 1 DAGs
[2024-01-14T15:53:40.931+0200] {logging_mixin.py:188} INFO - [2024-01-14T15:53:40.931+0200] {dag.py:3820} INFO - Setting next_dagrun for example_trigger_controller_dag to 2021-01-01T00:00:00+00:00, run_after=2021-01-01T00:00:00+00:00
[2024-01-14T15:53:40.955+0200] {processor.py:183} INFO - Processing /home/mahmoud/airflow_env/lib/python3.10/site-packages/airflow/example_dags/example_trigger_controller_dag.py took 0.065 seconds
[2024-01-14T15:54:36.225+0200] {processor.py:161} INFO - Started process (PID=30053) to work on /home/mahmoud/airflow_env/lib/python3.10/site-packages/airflow/example_dags/example_trigger_controller_dag.py
[2024-01-14T15:54:36.229+0200] {processor.py:830} INFO - Processing file /home/mahmoud/airflow_env/lib/python3.10/site-packages/airflow/example_dags/example_trigger_controller_dag.py for tasks to queue
[2024-01-14T15:54:36.232+0200] {logging_mixin.py:188} INFO - [2024-01-14T15:54:36.231+0200] {dagbag.py:538} INFO - Filling up the DagBag from /home/mahmoud/airflow_env/lib/python3.10/site-packages/airflow/example_dags/example_trigger_controller_dag.py
[2024-01-14T15:54:36.246+0200] {processor.py:840} INFO - DAG(s) 'example_trigger_controller_dag' retrieved from /home/mahmoud/airflow_env/lib/python3.10/site-packages/airflow/example_dags/example_trigger_controller_dag.py
[2024-01-14T15:54:36.289+0200] {logging_mixin.py:188} INFO - [2024-01-14T15:54:36.288+0200] {dag.py:3033} INFO - Sync 1 DAGs
[2024-01-14T15:54:36.348+0200] {logging_mixin.py:188} INFO - [2024-01-14T15:54:36.348+0200] {dag.py:3820} INFO - Setting next_dagrun for example_trigger_controller_dag to 2021-01-01T00:00:00+00:00, run_after=2021-01-01T00:00:00+00:00
[2024-01-14T15:54:36.409+0200] {processor.py:183} INFO - Processing /home/mahmoud/airflow_env/lib/python3.10/site-packages/airflow/example_dags/example_trigger_controller_dag.py took 0.192 seconds
[2024-01-14T15:55:19.160+0200] {processor.py:161} INFO - Started process (PID=30199) to work on /home/mahmoud/airflow_env/lib/python3.10/site-packages/airflow/example_dags/example_trigger_controller_dag.py
[2024-01-14T15:55:19.166+0200] {processor.py:830} INFO - Processing file /home/mahmoud/airflow_env/lib/python3.10/site-packages/airflow/example_dags/example_trigger_controller_dag.py for tasks to queue
[2024-01-14T15:55:19.171+0200] {logging_mixin.py:188} INFO - [2024-01-14T15:55:19.169+0200] {dagbag.py:538} INFO - Filling up the DagBag from /home/mahmoud/airflow_env/lib/python3.10/site-packages/airflow/example_dags/example_trigger_controller_dag.py
[2024-01-14T15:55:19.194+0200] {processor.py:840} INFO - DAG(s) 'example_trigger_controller_dag' retrieved from /home/mahmoud/airflow_env/lib/python3.10/site-packages/airflow/example_dags/example_trigger_controller_dag.py
[2024-01-14T15:55:19.269+0200] {logging_mixin.py:188} INFO - [2024-01-14T15:55:19.269+0200] {dag.py:3033} INFO - Sync 1 DAGs
[2024-01-14T15:55:19.372+0200] {logging_mixin.py:188} INFO - [2024-01-14T15:55:19.371+0200] {dag.py:3820} INFO - Setting next_dagrun for example_trigger_controller_dag to 2021-01-01T00:00:00+00:00, run_after=2021-01-01T00:00:00+00:00
[2024-01-14T15:55:19.480+0200] {processor.py:183} INFO - Processing /home/mahmoud/airflow_env/lib/python3.10/site-packages/airflow/example_dags/example_trigger_controller_dag.py took 0.335 seconds
[2024-01-14T15:56:20.319+0200] {processor.py:161} INFO - Started process (PID=30411) to work on /home/mahmoud/airflow_env/lib/python3.10/site-packages/airflow/example_dags/example_trigger_controller_dag.py
[2024-01-14T15:56:20.323+0200] {processor.py:830} INFO - Processing file /home/mahmoud/airflow_env/lib/python3.10/site-packages/airflow/example_dags/example_trigger_controller_dag.py for tasks to queue
[2024-01-14T15:56:20.325+0200] {logging_mixin.py:188} INFO - [2024-01-14T15:56:20.324+0200] {dagbag.py:538} INFO - Filling up the DagBag from /home/mahmoud/airflow_env/lib/python3.10/site-packages/airflow/example_dags/example_trigger_controller_dag.py
[2024-01-14T15:56:20.337+0200] {processor.py:840} INFO - DAG(s) 'example_trigger_controller_dag' retrieved from /home/mahmoud/airflow_env/lib/python3.10/site-packages/airflow/example_dags/example_trigger_controller_dag.py
[2024-01-14T15:56:20.378+0200] {logging_mixin.py:188} INFO - [2024-01-14T15:56:20.377+0200] {dag.py:3033} INFO - Sync 1 DAGs
[2024-01-14T15:56:20.432+0200] {logging_mixin.py:188} INFO - [2024-01-14T15:56:20.431+0200] {dag.py:3820} INFO - Setting next_dagrun for example_trigger_controller_dag to 2021-01-01T00:00:00+00:00, run_after=2021-01-01T00:00:00+00:00
[2024-01-14T15:56:20.492+0200] {processor.py:183} INFO - Processing /home/mahmoud/airflow_env/lib/python3.10/site-packages/airflow/example_dags/example_trigger_controller_dag.py took 0.181 seconds
[2024-01-14T15:57:18.090+0200] {processor.py:161} INFO - Started process (PID=30622) to work on /home/mahmoud/airflow_env/lib/python3.10/site-packages/airflow/example_dags/example_trigger_controller_dag.py
[2024-01-14T15:57:18.094+0200] {processor.py:830} INFO - Processing file /home/mahmoud/airflow_env/lib/python3.10/site-packages/airflow/example_dags/example_trigger_controller_dag.py for tasks to queue
[2024-01-14T15:57:18.096+0200] {logging_mixin.py:188} INFO - [2024-01-14T15:57:18.095+0200] {dagbag.py:538} INFO - Filling up the DagBag from /home/mahmoud/airflow_env/lib/python3.10/site-packages/airflow/example_dags/example_trigger_controller_dag.py
[2024-01-14T15:57:18.108+0200] {processor.py:840} INFO - DAG(s) 'example_trigger_controller_dag' retrieved from /home/mahmoud/airflow_env/lib/python3.10/site-packages/airflow/example_dags/example_trigger_controller_dag.py
[2024-01-14T15:57:18.147+0200] {logging_mixin.py:188} INFO - [2024-01-14T15:57:18.146+0200] {dag.py:3033} INFO - Sync 1 DAGs
[2024-01-14T15:57:18.201+0200] {logging_mixin.py:188} INFO - [2024-01-14T15:57:18.201+0200] {dag.py:3820} INFO - Setting next_dagrun for example_trigger_controller_dag to 2021-01-01T00:00:00+00:00, run_after=2021-01-01T00:00:00+00:00
[2024-01-14T15:57:18.259+0200] {processor.py:183} INFO - Processing /home/mahmoud/airflow_env/lib/python3.10/site-packages/airflow/example_dags/example_trigger_controller_dag.py took 0.177 seconds
