[2024-01-14T14:40:44.068+0200] {processor.py:161} INFO - Started process (PID=9773) to work on /home/mahmoud/airflow_env/lib/python3.10/site-packages/airflow/example_dags/example_nested_branch_dag.py
[2024-01-14T14:40:44.069+0200] {processor.py:830} INFO - Processing file /home/mahmoud/airflow_env/lib/python3.10/site-packages/airflow/example_dags/example_nested_branch_dag.py for tasks to queue
[2024-01-14T14:40:44.070+0200] {logging_mixin.py:188} INFO - [2024-01-14T14:40:44.070+0200] {dagbag.py:538} INFO - Filling up the DagBag from /home/mahmoud/airflow_env/lib/python3.10/site-packages/airflow/example_dags/example_nested_branch_dag.py
[2024-01-14T14:40:44.083+0200] {processor.py:840} INFO - DAG(s) 'example_nested_branch_dag' retrieved from /home/mahmoud/airflow_env/lib/python3.10/site-packages/airflow/example_dags/example_nested_branch_dag.py
[2024-01-14T14:40:44.259+0200] {logging_mixin.py:188} INFO - [2024-01-14T14:40:44.259+0200] {override.py:1769} INFO - Created Permission View: can edit on DAG:example_nested_branch_dag
[2024-01-14T14:40:44.272+0200] {logging_mixin.py:188} INFO - [2024-01-14T14:40:44.272+0200] {override.py:1769} INFO - Created Permission View: can read on DAG:example_nested_branch_dag
[2024-01-14T14:40:44.283+0200] {logging_mixin.py:188} INFO - [2024-01-14T14:40:44.282+0200] {override.py:1769} INFO - Created Permission View: can delete on DAG:example_nested_branch_dag
[2024-01-14T14:40:44.283+0200] {logging_mixin.py:188} INFO - [2024-01-14T14:40:44.283+0200] {dag.py:3033} INFO - Sync 1 DAGs
[2024-01-14T14:40:44.290+0200] {logging_mixin.py:188} INFO - [2024-01-14T14:40:44.290+0200] {dag.py:3055} INFO - Creating ORM DAG for example_nested_branch_dag
[2024-01-14T14:40:44.297+0200] {logging_mixin.py:188} INFO - [2024-01-14T14:40:44.296+0200] {dag.py:3820} INFO - Setting next_dagrun for example_nested_branch_dag to 2024-01-13T00:00:00+00:00, run_after=2024-01-14T00:00:00+00:00
[2024-01-14T14:40:44.318+0200] {processor.py:183} INFO - Processing /home/mahmoud/airflow_env/lib/python3.10/site-packages/airflow/example_dags/example_nested_branch_dag.py took 0.254 seconds
[2024-01-14T15:08:21.139+0200] {processor.py:161} INFO - Started process (PID=16122) to work on /home/mahmoud/airflow_env/lib/python3.10/site-packages/airflow/example_dags/example_nested_branch_dag.py
[2024-01-14T15:08:21.140+0200] {processor.py:830} INFO - Processing file /home/mahmoud/airflow_env/lib/python3.10/site-packages/airflow/example_dags/example_nested_branch_dag.py for tasks to queue
[2024-01-14T15:08:21.141+0200] {logging_mixin.py:188} INFO - [2024-01-14T15:08:21.141+0200] {dagbag.py:538} INFO - Filling up the DagBag from /home/mahmoud/airflow_env/lib/python3.10/site-packages/airflow/example_dags/example_nested_branch_dag.py
[2024-01-14T15:08:21.153+0200] {processor.py:840} INFO - DAG(s) 'example_nested_branch_dag' retrieved from /home/mahmoud/airflow_env/lib/python3.10/site-packages/airflow/example_dags/example_nested_branch_dag.py
[2024-01-14T15:08:21.167+0200] {logging_mixin.py:188} INFO - [2024-01-14T15:08:21.167+0200] {dag.py:3033} INFO - Sync 1 DAGs
[2024-01-14T15:08:21.261+0200] {logging_mixin.py:188} INFO - [2024-01-14T15:08:21.260+0200] {dag.py:3820} INFO - Setting next_dagrun for example_nested_branch_dag to 2024-01-13T00:00:00+00:00, run_after=2024-01-14T00:00:00+00:00
[2024-01-14T15:08:21.285+0200] {processor.py:183} INFO - Processing /home/mahmoud/airflow_env/lib/python3.10/site-packages/airflow/example_dags/example_nested_branch_dag.py took 0.150 seconds
[2024-01-14T15:09:13.310+0200] {processor.py:161} INFO - Started process (PID=16438) to work on /home/mahmoud/airflow_env/lib/python3.10/site-packages/airflow/example_dags/example_nested_branch_dag.py
[2024-01-14T15:09:13.312+0200] {processor.py:830} INFO - Processing file /home/mahmoud/airflow_env/lib/python3.10/site-packages/airflow/example_dags/example_nested_branch_dag.py for tasks to queue
[2024-01-14T15:09:13.313+0200] {logging_mixin.py:188} INFO - [2024-01-14T15:09:13.312+0200] {dagbag.py:538} INFO - Filling up the DagBag from /home/mahmoud/airflow_env/lib/python3.10/site-packages/airflow/example_dags/example_nested_branch_dag.py
[2024-01-14T15:09:13.321+0200] {processor.py:840} INFO - DAG(s) 'example_nested_branch_dag' retrieved from /home/mahmoud/airflow_env/lib/python3.10/site-packages/airflow/example_dags/example_nested_branch_dag.py
[2024-01-14T15:09:13.336+0200] {logging_mixin.py:188} INFO - [2024-01-14T15:09:13.336+0200] {dag.py:3033} INFO - Sync 1 DAGs
[2024-01-14T15:09:13.354+0200] {logging_mixin.py:188} INFO - [2024-01-14T15:09:13.354+0200] {dag.py:3820} INFO - Setting next_dagrun for example_nested_branch_dag to 2024-01-13T00:00:00+00:00, run_after=2024-01-14T00:00:00+00:00
[2024-01-14T15:09:13.375+0200] {processor.py:183} INFO - Processing /home/mahmoud/airflow_env/lib/python3.10/site-packages/airflow/example_dags/example_nested_branch_dag.py took 0.069 seconds
[2024-01-14T15:10:01.549+0200] {processor.py:161} INFO - Started process (PID=16675) to work on /home/mahmoud/airflow_env/lib/python3.10/site-packages/airflow/example_dags/example_nested_branch_dag.py
[2024-01-14T15:10:01.552+0200] {processor.py:830} INFO - Processing file /home/mahmoud/airflow_env/lib/python3.10/site-packages/airflow/example_dags/example_nested_branch_dag.py for tasks to queue
[2024-01-14T15:10:01.553+0200] {logging_mixin.py:188} INFO - [2024-01-14T15:10:01.553+0200] {dagbag.py:538} INFO - Filling up the DagBag from /home/mahmoud/airflow_env/lib/python3.10/site-packages/airflow/example_dags/example_nested_branch_dag.py
[2024-01-14T15:10:01.568+0200] {processor.py:840} INFO - DAG(s) 'example_nested_branch_dag' retrieved from /home/mahmoud/airflow_env/lib/python3.10/site-packages/airflow/example_dags/example_nested_branch_dag.py
[2024-01-14T15:10:01.585+0200] {logging_mixin.py:188} INFO - [2024-01-14T15:10:01.584+0200] {dag.py:3033} INFO - Sync 1 DAGs
[2024-01-14T15:10:01.604+0200] {logging_mixin.py:188} INFO - [2024-01-14T15:10:01.603+0200] {dag.py:3820} INFO - Setting next_dagrun for example_nested_branch_dag to 2024-01-13T00:00:00+00:00, run_after=2024-01-14T00:00:00+00:00
[2024-01-14T15:10:01.625+0200] {processor.py:183} INFO - Processing /home/mahmoud/airflow_env/lib/python3.10/site-packages/airflow/example_dags/example_nested_branch_dag.py took 0.082 seconds
[2024-01-14T15:10:44.332+0200] {processor.py:161} INFO - Started process (PID=16853) to work on /home/mahmoud/airflow_env/lib/python3.10/site-packages/airflow/example_dags/example_nested_branch_dag.py
[2024-01-14T15:10:44.335+0200] {processor.py:830} INFO - Processing file /home/mahmoud/airflow_env/lib/python3.10/site-packages/airflow/example_dags/example_nested_branch_dag.py for tasks to queue
[2024-01-14T15:10:44.336+0200] {logging_mixin.py:188} INFO - [2024-01-14T15:10:44.335+0200] {dagbag.py:538} INFO - Filling up the DagBag from /home/mahmoud/airflow_env/lib/python3.10/site-packages/airflow/example_dags/example_nested_branch_dag.py
[2024-01-14T15:10:44.347+0200] {processor.py:840} INFO - DAG(s) 'example_nested_branch_dag' retrieved from /home/mahmoud/airflow_env/lib/python3.10/site-packages/airflow/example_dags/example_nested_branch_dag.py
[2024-01-14T15:10:44.362+0200] {logging_mixin.py:188} INFO - [2024-01-14T15:10:44.362+0200] {dag.py:3033} INFO - Sync 1 DAGs
[2024-01-14T15:10:44.381+0200] {logging_mixin.py:188} INFO - [2024-01-14T15:10:44.380+0200] {dag.py:3820} INFO - Setting next_dagrun for example_nested_branch_dag to 2024-01-13T00:00:00+00:00, run_after=2024-01-14T00:00:00+00:00
[2024-01-14T15:10:44.402+0200] {processor.py:183} INFO - Processing /home/mahmoud/airflow_env/lib/python3.10/site-packages/airflow/example_dags/example_nested_branch_dag.py took 0.075 seconds
[2024-01-14T15:11:42.323+0200] {processor.py:161} INFO - Started process (PID=17101) to work on /home/mahmoud/airflow_env/lib/python3.10/site-packages/airflow/example_dags/example_nested_branch_dag.py
[2024-01-14T15:11:42.325+0200] {processor.py:830} INFO - Processing file /home/mahmoud/airflow_env/lib/python3.10/site-packages/airflow/example_dags/example_nested_branch_dag.py for tasks to queue
[2024-01-14T15:11:42.325+0200] {logging_mixin.py:188} INFO - [2024-01-14T15:11:42.325+0200] {dagbag.py:538} INFO - Filling up the DagBag from /home/mahmoud/airflow_env/lib/python3.10/site-packages/airflow/example_dags/example_nested_branch_dag.py
[2024-01-14T15:11:42.335+0200] {processor.py:840} INFO - DAG(s) 'example_nested_branch_dag' retrieved from /home/mahmoud/airflow_env/lib/python3.10/site-packages/airflow/example_dags/example_nested_branch_dag.py
[2024-01-14T15:11:42.351+0200] {logging_mixin.py:188} INFO - [2024-01-14T15:11:42.351+0200] {dag.py:3033} INFO - Sync 1 DAGs
[2024-01-14T15:11:42.375+0200] {logging_mixin.py:188} INFO - [2024-01-14T15:11:42.375+0200] {dag.py:3820} INFO - Setting next_dagrun for example_nested_branch_dag to 2024-01-13T00:00:00+00:00, run_after=2024-01-14T00:00:00+00:00
[2024-01-14T15:11:42.396+0200] {processor.py:183} INFO - Processing /home/mahmoud/airflow_env/lib/python3.10/site-packages/airflow/example_dags/example_nested_branch_dag.py took 0.075 seconds
[2024-01-14T15:12:34.358+0200] {processor.py:161} INFO - Started process (PID=17326) to work on /home/mahmoud/airflow_env/lib/python3.10/site-packages/airflow/example_dags/example_nested_branch_dag.py
[2024-01-14T15:12:34.361+0200] {processor.py:830} INFO - Processing file /home/mahmoud/airflow_env/lib/python3.10/site-packages/airflow/example_dags/example_nested_branch_dag.py for tasks to queue
[2024-01-14T15:12:34.362+0200] {logging_mixin.py:188} INFO - [2024-01-14T15:12:34.362+0200] {dagbag.py:538} INFO - Filling up the DagBag from /home/mahmoud/airflow_env/lib/python3.10/site-packages/airflow/example_dags/example_nested_branch_dag.py
[2024-01-14T15:12:34.377+0200] {processor.py:840} INFO - DAG(s) 'example_nested_branch_dag' retrieved from /home/mahmoud/airflow_env/lib/python3.10/site-packages/airflow/example_dags/example_nested_branch_dag.py
[2024-01-14T15:12:34.392+0200] {logging_mixin.py:188} INFO - [2024-01-14T15:12:34.392+0200] {dag.py:3033} INFO - Sync 1 DAGs
[2024-01-14T15:12:34.411+0200] {logging_mixin.py:188} INFO - [2024-01-14T15:12:34.411+0200] {dag.py:3820} INFO - Setting next_dagrun for example_nested_branch_dag to 2024-01-13T00:00:00+00:00, run_after=2024-01-14T00:00:00+00:00
[2024-01-14T15:12:34.429+0200] {processor.py:183} INFO - Processing /home/mahmoud/airflow_env/lib/python3.10/site-packages/airflow/example_dags/example_nested_branch_dag.py took 0.076 seconds
[2024-01-14T15:13:28.460+0200] {processor.py:161} INFO - Started process (PID=17564) to work on /home/mahmoud/airflow_env/lib/python3.10/site-packages/airflow/example_dags/example_nested_branch_dag.py
[2024-01-14T15:13:28.461+0200] {processor.py:830} INFO - Processing file /home/mahmoud/airflow_env/lib/python3.10/site-packages/airflow/example_dags/example_nested_branch_dag.py for tasks to queue
[2024-01-14T15:13:28.462+0200] {logging_mixin.py:188} INFO - [2024-01-14T15:13:28.462+0200] {dagbag.py:538} INFO - Filling up the DagBag from /home/mahmoud/airflow_env/lib/python3.10/site-packages/airflow/example_dags/example_nested_branch_dag.py
[2024-01-14T15:13:28.474+0200] {processor.py:840} INFO - DAG(s) 'example_nested_branch_dag' retrieved from /home/mahmoud/airflow_env/lib/python3.10/site-packages/airflow/example_dags/example_nested_branch_dag.py
[2024-01-14T15:13:28.489+0200] {logging_mixin.py:188} INFO - [2024-01-14T15:13:28.489+0200] {dag.py:3033} INFO - Sync 1 DAGs
[2024-01-14T15:13:28.507+0200] {logging_mixin.py:188} INFO - [2024-01-14T15:13:28.507+0200] {dag.py:3820} INFO - Setting next_dagrun for example_nested_branch_dag to 2024-01-13T00:00:00+00:00, run_after=2024-01-14T00:00:00+00:00
[2024-01-14T15:13:28.528+0200] {processor.py:183} INFO - Processing /home/mahmoud/airflow_env/lib/python3.10/site-packages/airflow/example_dags/example_nested_branch_dag.py took 0.073 seconds
[2024-01-14T15:20:08.930+0200] {processor.py:161} INFO - Started process (PID=19496) to work on /home/mahmoud/airflow_env/lib/python3.10/site-packages/airflow/example_dags/example_nested_branch_dag.py
[2024-01-14T15:20:08.932+0200] {processor.py:830} INFO - Processing file /home/mahmoud/airflow_env/lib/python3.10/site-packages/airflow/example_dags/example_nested_branch_dag.py for tasks to queue
[2024-01-14T15:20:08.933+0200] {logging_mixin.py:188} INFO - [2024-01-14T15:20:08.933+0200] {dagbag.py:538} INFO - Filling up the DagBag from /home/mahmoud/airflow_env/lib/python3.10/site-packages/airflow/example_dags/example_nested_branch_dag.py
[2024-01-14T15:20:08.946+0200] {processor.py:840} INFO - DAG(s) 'example_nested_branch_dag' retrieved from /home/mahmoud/airflow_env/lib/python3.10/site-packages/airflow/example_dags/example_nested_branch_dag.py
[2024-01-14T15:20:08.961+0200] {logging_mixin.py:188} INFO - [2024-01-14T15:20:08.961+0200] {dag.py:3033} INFO - Sync 1 DAGs
[2024-01-14T15:20:09.056+0200] {logging_mixin.py:188} INFO - [2024-01-14T15:20:09.055+0200] {dag.py:3820} INFO - Setting next_dagrun for example_nested_branch_dag to 2024-01-13T00:00:00+00:00, run_after=2024-01-14T00:00:00+00:00
[2024-01-14T15:20:09.079+0200] {processor.py:183} INFO - Processing /home/mahmoud/airflow_env/lib/python3.10/site-packages/airflow/example_dags/example_nested_branch_dag.py took 0.152 seconds
[2024-01-14T15:20:59.464+0200] {processor.py:161} INFO - Started process (PID=19695) to work on /home/mahmoud/airflow_env/lib/python3.10/site-packages/airflow/example_dags/example_nested_branch_dag.py
[2024-01-14T15:20:59.465+0200] {processor.py:830} INFO - Processing file /home/mahmoud/airflow_env/lib/python3.10/site-packages/airflow/example_dags/example_nested_branch_dag.py for tasks to queue
[2024-01-14T15:20:59.466+0200] {logging_mixin.py:188} INFO - [2024-01-14T15:20:59.466+0200] {dagbag.py:538} INFO - Filling up the DagBag from /home/mahmoud/airflow_env/lib/python3.10/site-packages/airflow/example_dags/example_nested_branch_dag.py
[2024-01-14T15:20:59.479+0200] {processor.py:840} INFO - DAG(s) 'example_nested_branch_dag' retrieved from /home/mahmoud/airflow_env/lib/python3.10/site-packages/airflow/example_dags/example_nested_branch_dag.py
[2024-01-14T15:20:59.497+0200] {logging_mixin.py:188} INFO - [2024-01-14T15:20:59.497+0200] {dag.py:3033} INFO - Sync 1 DAGs
[2024-01-14T15:20:59.515+0200] {logging_mixin.py:188} INFO - [2024-01-14T15:20:59.515+0200] {dag.py:3820} INFO - Setting next_dagrun for example_nested_branch_dag to 2024-01-13T00:00:00+00:00, run_after=2024-01-14T00:00:00+00:00
[2024-01-14T15:20:59.537+0200] {processor.py:183} INFO - Processing /home/mahmoud/airflow_env/lib/python3.10/site-packages/airflow/example_dags/example_nested_branch_dag.py took 0.076 seconds
[2024-01-14T15:21:48.817+0200] {processor.py:161} INFO - Started process (PID=19888) to work on /home/mahmoud/airflow_env/lib/python3.10/site-packages/airflow/example_dags/example_nested_branch_dag.py
[2024-01-14T15:21:48.819+0200] {processor.py:830} INFO - Processing file /home/mahmoud/airflow_env/lib/python3.10/site-packages/airflow/example_dags/example_nested_branch_dag.py for tasks to queue
[2024-01-14T15:21:48.820+0200] {logging_mixin.py:188} INFO - [2024-01-14T15:21:48.820+0200] {dagbag.py:538} INFO - Filling up the DagBag from /home/mahmoud/airflow_env/lib/python3.10/site-packages/airflow/example_dags/example_nested_branch_dag.py
[2024-01-14T15:21:48.831+0200] {processor.py:840} INFO - DAG(s) 'example_nested_branch_dag' retrieved from /home/mahmoud/airflow_env/lib/python3.10/site-packages/airflow/example_dags/example_nested_branch_dag.py
[2024-01-14T15:21:48.845+0200] {logging_mixin.py:188} INFO - [2024-01-14T15:21:48.845+0200] {dag.py:3033} INFO - Sync 1 DAGs
[2024-01-14T15:21:48.863+0200] {logging_mixin.py:188} INFO - [2024-01-14T15:21:48.863+0200] {dag.py:3820} INFO - Setting next_dagrun for example_nested_branch_dag to 2024-01-13T00:00:00+00:00, run_after=2024-01-14T00:00:00+00:00
[2024-01-14T15:21:48.885+0200] {processor.py:183} INFO - Processing /home/mahmoud/airflow_env/lib/python3.10/site-packages/airflow/example_dags/example_nested_branch_dag.py took 0.071 seconds
[2024-01-14T15:22:28.221+0200] {processor.py:161} INFO - Started process (PID=20044) to work on /home/mahmoud/airflow_env/lib/python3.10/site-packages/airflow/example_dags/example_nested_branch_dag.py
[2024-01-14T15:22:28.223+0200] {processor.py:830} INFO - Processing file /home/mahmoud/airflow_env/lib/python3.10/site-packages/airflow/example_dags/example_nested_branch_dag.py for tasks to queue
[2024-01-14T15:22:28.224+0200] {logging_mixin.py:188} INFO - [2024-01-14T15:22:28.223+0200] {dagbag.py:538} INFO - Filling up the DagBag from /home/mahmoud/airflow_env/lib/python3.10/site-packages/airflow/example_dags/example_nested_branch_dag.py
[2024-01-14T15:22:28.235+0200] {processor.py:840} INFO - DAG(s) 'example_nested_branch_dag' retrieved from /home/mahmoud/airflow_env/lib/python3.10/site-packages/airflow/example_dags/example_nested_branch_dag.py
[2024-01-14T15:22:28.251+0200] {logging_mixin.py:188} INFO - [2024-01-14T15:22:28.251+0200] {dag.py:3033} INFO - Sync 1 DAGs
[2024-01-14T15:22:28.270+0200] {logging_mixin.py:188} INFO - [2024-01-14T15:22:28.269+0200] {dag.py:3820} INFO - Setting next_dagrun for example_nested_branch_dag to 2024-01-13T00:00:00+00:00, run_after=2024-01-14T00:00:00+00:00
[2024-01-14T15:22:28.295+0200] {processor.py:183} INFO - Processing /home/mahmoud/airflow_env/lib/python3.10/site-packages/airflow/example_dags/example_nested_branch_dag.py took 0.078 seconds
[2024-01-14T15:23:38.123+0200] {processor.py:161} INFO - Started process (PID=20480) to work on /home/mahmoud/airflow_env/lib/python3.10/site-packages/airflow/example_dags/example_nested_branch_dag.py
[2024-01-14T15:23:38.125+0200] {processor.py:830} INFO - Processing file /home/mahmoud/airflow_env/lib/python3.10/site-packages/airflow/example_dags/example_nested_branch_dag.py for tasks to queue
[2024-01-14T15:23:38.126+0200] {logging_mixin.py:188} INFO - [2024-01-14T15:23:38.126+0200] {dagbag.py:538} INFO - Filling up the DagBag from /home/mahmoud/airflow_env/lib/python3.10/site-packages/airflow/example_dags/example_nested_branch_dag.py
[2024-01-14T15:23:38.142+0200] {processor.py:840} INFO - DAG(s) 'example_nested_branch_dag' retrieved from /home/mahmoud/airflow_env/lib/python3.10/site-packages/airflow/example_dags/example_nested_branch_dag.py
[2024-01-14T15:23:38.158+0200] {logging_mixin.py:188} INFO - [2024-01-14T15:23:38.157+0200] {dag.py:3033} INFO - Sync 1 DAGs
[2024-01-14T15:23:38.257+0200] {logging_mixin.py:188} INFO - [2024-01-14T15:23:38.256+0200] {dag.py:3820} INFO - Setting next_dagrun for example_nested_branch_dag to 2024-01-13T00:00:00+00:00, run_after=2024-01-14T00:00:00+00:00
[2024-01-14T15:23:38.280+0200] {processor.py:183} INFO - Processing /home/mahmoud/airflow_env/lib/python3.10/site-packages/airflow/example_dags/example_nested_branch_dag.py took 0.162 seconds
[2024-01-14T15:38:00.204+0200] {processor.py:161} INFO - Started process (PID=24553) to work on /home/mahmoud/airflow_env/lib/python3.10/site-packages/airflow/example_dags/example_nested_branch_dag.py
[2024-01-14T15:38:00.207+0200] {processor.py:830} INFO - Processing file /home/mahmoud/airflow_env/lib/python3.10/site-packages/airflow/example_dags/example_nested_branch_dag.py for tasks to queue
[2024-01-14T15:38:00.209+0200] {logging_mixin.py:188} INFO - [2024-01-14T15:38:00.208+0200] {dagbag.py:538} INFO - Filling up the DagBag from /home/mahmoud/airflow_env/lib/python3.10/site-packages/airflow/example_dags/example_nested_branch_dag.py
[2024-01-14T15:38:00.233+0200] {processor.py:840} INFO - DAG(s) 'example_nested_branch_dag' retrieved from /home/mahmoud/airflow_env/lib/python3.10/site-packages/airflow/example_dags/example_nested_branch_dag.py
[2024-01-14T15:38:00.250+0200] {logging_mixin.py:188} INFO - [2024-01-14T15:38:00.250+0200] {dag.py:3033} INFO - Sync 1 DAGs
[2024-01-14T15:38:00.343+0200] {logging_mixin.py:188} INFO - [2024-01-14T15:38:00.343+0200] {dag.py:3820} INFO - Setting next_dagrun for example_nested_branch_dag to 2024-01-13T00:00:00+00:00, run_after=2024-01-14T00:00:00+00:00
[2024-01-14T15:38:00.367+0200] {processor.py:183} INFO - Processing /home/mahmoud/airflow_env/lib/python3.10/site-packages/airflow/example_dags/example_nested_branch_dag.py took 0.170 seconds
[2024-01-14T15:38:51.202+0200] {processor.py:161} INFO - Started process (PID=24922) to work on /home/mahmoud/airflow_env/lib/python3.10/site-packages/airflow/example_dags/example_nested_branch_dag.py
[2024-01-14T15:38:51.204+0200] {processor.py:830} INFO - Processing file /home/mahmoud/airflow_env/lib/python3.10/site-packages/airflow/example_dags/example_nested_branch_dag.py for tasks to queue
[2024-01-14T15:38:51.205+0200] {logging_mixin.py:188} INFO - [2024-01-14T15:38:51.205+0200] {dagbag.py:538} INFO - Filling up the DagBag from /home/mahmoud/airflow_env/lib/python3.10/site-packages/airflow/example_dags/example_nested_branch_dag.py
[2024-01-14T15:38:51.213+0200] {processor.py:840} INFO - DAG(s) 'example_nested_branch_dag' retrieved from /home/mahmoud/airflow_env/lib/python3.10/site-packages/airflow/example_dags/example_nested_branch_dag.py
[2024-01-14T15:38:51.226+0200] {logging_mixin.py:188} INFO - [2024-01-14T15:38:51.226+0200] {dag.py:3033} INFO - Sync 1 DAGs
[2024-01-14T15:38:51.241+0200] {logging_mixin.py:188} INFO - [2024-01-14T15:38:51.241+0200] {dag.py:3820} INFO - Setting next_dagrun for example_nested_branch_dag to 2024-01-13T00:00:00+00:00, run_after=2024-01-14T00:00:00+00:00
[2024-01-14T15:38:51.261+0200] {processor.py:183} INFO - Processing /home/mahmoud/airflow_env/lib/python3.10/site-packages/airflow/example_dags/example_nested_branch_dag.py took 0.062 seconds
[2024-01-14T15:39:38.267+0200] {processor.py:161} INFO - Started process (PID=25206) to work on /home/mahmoud/airflow_env/lib/python3.10/site-packages/airflow/example_dags/example_nested_branch_dag.py
[2024-01-14T15:39:38.268+0200] {processor.py:830} INFO - Processing file /home/mahmoud/airflow_env/lib/python3.10/site-packages/airflow/example_dags/example_nested_branch_dag.py for tasks to queue
[2024-01-14T15:39:38.269+0200] {logging_mixin.py:188} INFO - [2024-01-14T15:39:38.269+0200] {dagbag.py:538} INFO - Filling up the DagBag from /home/mahmoud/airflow_env/lib/python3.10/site-packages/airflow/example_dags/example_nested_branch_dag.py
[2024-01-14T15:39:38.278+0200] {processor.py:840} INFO - DAG(s) 'example_nested_branch_dag' retrieved from /home/mahmoud/airflow_env/lib/python3.10/site-packages/airflow/example_dags/example_nested_branch_dag.py
[2024-01-14T15:39:38.294+0200] {logging_mixin.py:188} INFO - [2024-01-14T15:39:38.294+0200] {dag.py:3033} INFO - Sync 1 DAGs
[2024-01-14T15:39:38.310+0200] {logging_mixin.py:188} INFO - [2024-01-14T15:39:38.310+0200] {dag.py:3820} INFO - Setting next_dagrun for example_nested_branch_dag to 2024-01-13T00:00:00+00:00, run_after=2024-01-14T00:00:00+00:00
[2024-01-14T15:39:38.344+0200] {processor.py:183} INFO - Processing /home/mahmoud/airflow_env/lib/python3.10/site-packages/airflow/example_dags/example_nested_branch_dag.py took 0.079 seconds
[2024-01-14T15:40:29.801+0200] {processor.py:161} INFO - Started process (PID=25409) to work on /home/mahmoud/airflow_env/lib/python3.10/site-packages/airflow/example_dags/example_nested_branch_dag.py
[2024-01-14T15:40:29.802+0200] {processor.py:830} INFO - Processing file /home/mahmoud/airflow_env/lib/python3.10/site-packages/airflow/example_dags/example_nested_branch_dag.py for tasks to queue
[2024-01-14T15:40:29.803+0200] {logging_mixin.py:188} INFO - [2024-01-14T15:40:29.802+0200] {dagbag.py:538} INFO - Filling up the DagBag from /home/mahmoud/airflow_env/lib/python3.10/site-packages/airflow/example_dags/example_nested_branch_dag.py
[2024-01-14T15:40:29.812+0200] {processor.py:840} INFO - DAG(s) 'example_nested_branch_dag' retrieved from /home/mahmoud/airflow_env/lib/python3.10/site-packages/airflow/example_dags/example_nested_branch_dag.py
[2024-01-14T15:40:29.827+0200] {logging_mixin.py:188} INFO - [2024-01-14T15:40:29.827+0200] {dag.py:3033} INFO - Sync 1 DAGs
[2024-01-14T15:40:29.845+0200] {logging_mixin.py:188} INFO - [2024-01-14T15:40:29.845+0200] {dag.py:3820} INFO - Setting next_dagrun for example_nested_branch_dag to 2024-01-13T00:00:00+00:00, run_after=2024-01-14T00:00:00+00:00
[2024-01-14T15:40:29.871+0200] {processor.py:183} INFO - Processing /home/mahmoud/airflow_env/lib/python3.10/site-packages/airflow/example_dags/example_nested_branch_dag.py took 0.073 seconds
[2024-01-14T15:41:24.430+0200] {processor.py:161} INFO - Started process (PID=25690) to work on /home/mahmoud/airflow_env/lib/python3.10/site-packages/airflow/example_dags/example_nested_branch_dag.py
[2024-01-14T15:41:24.431+0200] {processor.py:830} INFO - Processing file /home/mahmoud/airflow_env/lib/python3.10/site-packages/airflow/example_dags/example_nested_branch_dag.py for tasks to queue
[2024-01-14T15:41:24.432+0200] {logging_mixin.py:188} INFO - [2024-01-14T15:41:24.431+0200] {dagbag.py:538} INFO - Filling up the DagBag from /home/mahmoud/airflow_env/lib/python3.10/site-packages/airflow/example_dags/example_nested_branch_dag.py
[2024-01-14T15:41:24.443+0200] {processor.py:840} INFO - DAG(s) 'example_nested_branch_dag' retrieved from /home/mahmoud/airflow_env/lib/python3.10/site-packages/airflow/example_dags/example_nested_branch_dag.py
[2024-01-14T15:41:24.458+0200] {logging_mixin.py:188} INFO - [2024-01-14T15:41:24.458+0200] {dag.py:3033} INFO - Sync 1 DAGs
[2024-01-14T15:41:24.477+0200] {logging_mixin.py:188} INFO - [2024-01-14T15:41:24.476+0200] {dag.py:3820} INFO - Setting next_dagrun for example_nested_branch_dag to 2024-01-13T00:00:00+00:00, run_after=2024-01-14T00:00:00+00:00
[2024-01-14T15:41:24.498+0200] {processor.py:183} INFO - Processing /home/mahmoud/airflow_env/lib/python3.10/site-packages/airflow/example_dags/example_nested_branch_dag.py took 0.072 seconds
[2024-01-14T15:42:16.369+0200] {processor.py:161} INFO - Started process (PID=25894) to work on /home/mahmoud/airflow_env/lib/python3.10/site-packages/airflow/example_dags/example_nested_branch_dag.py
[2024-01-14T15:42:16.371+0200] {processor.py:830} INFO - Processing file /home/mahmoud/airflow_env/lib/python3.10/site-packages/airflow/example_dags/example_nested_branch_dag.py for tasks to queue
[2024-01-14T15:42:16.373+0200] {logging_mixin.py:188} INFO - [2024-01-14T15:42:16.372+0200] {dagbag.py:538} INFO - Filling up the DagBag from /home/mahmoud/airflow_env/lib/python3.10/site-packages/airflow/example_dags/example_nested_branch_dag.py
[2024-01-14T15:42:16.382+0200] {processor.py:840} INFO - DAG(s) 'example_nested_branch_dag' retrieved from /home/mahmoud/airflow_env/lib/python3.10/site-packages/airflow/example_dags/example_nested_branch_dag.py
[2024-01-14T15:42:16.398+0200] {logging_mixin.py:188} INFO - [2024-01-14T15:42:16.398+0200] {dag.py:3033} INFO - Sync 1 DAGs
[2024-01-14T15:42:16.418+0200] {logging_mixin.py:188} INFO - [2024-01-14T15:42:16.418+0200] {dag.py:3820} INFO - Setting next_dagrun for example_nested_branch_dag to 2024-01-13T00:00:00+00:00, run_after=2024-01-14T00:00:00+00:00
[2024-01-14T15:42:16.439+0200] {processor.py:183} INFO - Processing /home/mahmoud/airflow_env/lib/python3.10/site-packages/airflow/example_dags/example_nested_branch_dag.py took 0.072 seconds
[2024-01-14T15:43:19.082+0200] {processor.py:161} INFO - Started process (PID=26671) to work on /home/mahmoud/airflow_env/lib/python3.10/site-packages/airflow/example_dags/example_nested_branch_dag.py
[2024-01-14T15:43:19.083+0200] {processor.py:830} INFO - Processing file /home/mahmoud/airflow_env/lib/python3.10/site-packages/airflow/example_dags/example_nested_branch_dag.py for tasks to queue
[2024-01-14T15:43:19.083+0200] {logging_mixin.py:188} INFO - [2024-01-14T15:43:19.083+0200] {dagbag.py:538} INFO - Filling up the DagBag from /home/mahmoud/airflow_env/lib/python3.10/site-packages/airflow/example_dags/example_nested_branch_dag.py
[2024-01-14T15:43:19.091+0200] {processor.py:840} INFO - DAG(s) 'example_nested_branch_dag' retrieved from /home/mahmoud/airflow_env/lib/python3.10/site-packages/airflow/example_dags/example_nested_branch_dag.py
[2024-01-14T15:43:19.103+0200] {logging_mixin.py:188} INFO - [2024-01-14T15:43:19.103+0200] {dag.py:3033} INFO - Sync 1 DAGs
[2024-01-14T15:43:19.120+0200] {logging_mixin.py:188} INFO - [2024-01-14T15:43:19.120+0200] {dag.py:3820} INFO - Setting next_dagrun for example_nested_branch_dag to 2024-01-13T00:00:00+00:00, run_after=2024-01-14T00:00:00+00:00
[2024-01-14T15:43:19.144+0200] {processor.py:183} INFO - Processing /home/mahmoud/airflow_env/lib/python3.10/site-packages/airflow/example_dags/example_nested_branch_dag.py took 0.065 seconds
[2024-01-14T15:44:09.140+0200] {processor.py:161} INFO - Started process (PID=27025) to work on /home/mahmoud/airflow_env/lib/python3.10/site-packages/airflow/example_dags/example_nested_branch_dag.py
[2024-01-14T15:44:09.143+0200] {processor.py:830} INFO - Processing file /home/mahmoud/airflow_env/lib/python3.10/site-packages/airflow/example_dags/example_nested_branch_dag.py for tasks to queue
[2024-01-14T15:44:09.145+0200] {logging_mixin.py:188} INFO - [2024-01-14T15:44:09.144+0200] {dagbag.py:538} INFO - Filling up the DagBag from /home/mahmoud/airflow_env/lib/python3.10/site-packages/airflow/example_dags/example_nested_branch_dag.py
[2024-01-14T15:44:09.159+0200] {processor.py:840} INFO - DAG(s) 'example_nested_branch_dag' retrieved from /home/mahmoud/airflow_env/lib/python3.10/site-packages/airflow/example_dags/example_nested_branch_dag.py
[2024-01-14T15:44:09.174+0200] {logging_mixin.py:188} INFO - [2024-01-14T15:44:09.174+0200] {dag.py:3033} INFO - Sync 1 DAGs
[2024-01-14T15:44:09.192+0200] {logging_mixin.py:188} INFO - [2024-01-14T15:44:09.192+0200] {dag.py:3820} INFO - Setting next_dagrun for example_nested_branch_dag to 2024-01-13T00:00:00+00:00, run_after=2024-01-14T00:00:00+00:00
[2024-01-14T15:44:09.212+0200] {processor.py:183} INFO - Processing /home/mahmoud/airflow_env/lib/python3.10/site-packages/airflow/example_dags/example_nested_branch_dag.py took 0.079 seconds
[2024-01-14T15:44:56.653+0200] {processor.py:161} INFO - Started process (PID=27608) to work on /home/mahmoud/airflow_env/lib/python3.10/site-packages/airflow/example_dags/example_nested_branch_dag.py
[2024-01-14T15:44:56.656+0200] {processor.py:830} INFO - Processing file /home/mahmoud/airflow_env/lib/python3.10/site-packages/airflow/example_dags/example_nested_branch_dag.py for tasks to queue
[2024-01-14T15:44:56.657+0200] {logging_mixin.py:188} INFO - [2024-01-14T15:44:56.657+0200] {dagbag.py:538} INFO - Filling up the DagBag from /home/mahmoud/airflow_env/lib/python3.10/site-packages/airflow/example_dags/example_nested_branch_dag.py
[2024-01-14T15:44:56.672+0200] {processor.py:840} INFO - DAG(s) 'example_nested_branch_dag' retrieved from /home/mahmoud/airflow_env/lib/python3.10/site-packages/airflow/example_dags/example_nested_branch_dag.py
[2024-01-14T15:44:56.691+0200] {logging_mixin.py:188} INFO - [2024-01-14T15:44:56.690+0200] {dag.py:3033} INFO - Sync 1 DAGs
[2024-01-14T15:44:56.709+0200] {logging_mixin.py:188} INFO - [2024-01-14T15:44:56.709+0200] {dag.py:3820} INFO - Setting next_dagrun for example_nested_branch_dag to 2024-01-13T00:00:00+00:00, run_after=2024-01-14T00:00:00+00:00
[2024-01-14T15:44:56.732+0200] {processor.py:183} INFO - Processing /home/mahmoud/airflow_env/lib/python3.10/site-packages/airflow/example_dags/example_nested_branch_dag.py took 0.086 seconds
[2024-01-14T15:45:38.971+0200] {processor.py:161} INFO - Started process (PID=27834) to work on /home/mahmoud/airflow_env/lib/python3.10/site-packages/airflow/example_dags/example_nested_branch_dag.py
[2024-01-14T15:45:38.973+0200] {processor.py:830} INFO - Processing file /home/mahmoud/airflow_env/lib/python3.10/site-packages/airflow/example_dags/example_nested_branch_dag.py for tasks to queue
[2024-01-14T15:45:38.975+0200] {logging_mixin.py:188} INFO - [2024-01-14T15:45:38.974+0200] {dagbag.py:538} INFO - Filling up the DagBag from /home/mahmoud/airflow_env/lib/python3.10/site-packages/airflow/example_dags/example_nested_branch_dag.py
[2024-01-14T15:45:38.985+0200] {processor.py:840} INFO - DAG(s) 'example_nested_branch_dag' retrieved from /home/mahmoud/airflow_env/lib/python3.10/site-packages/airflow/example_dags/example_nested_branch_dag.py
[2024-01-14T15:45:39.005+0200] {logging_mixin.py:188} INFO - [2024-01-14T15:45:39.005+0200] {dag.py:3033} INFO - Sync 1 DAGs
[2024-01-14T15:45:39.027+0200] {logging_mixin.py:188} INFO - [2024-01-14T15:45:39.026+0200] {dag.py:3820} INFO - Setting next_dagrun for example_nested_branch_dag to 2024-01-13T00:00:00+00:00, run_after=2024-01-14T00:00:00+00:00
[2024-01-14T15:45:39.055+0200] {processor.py:183} INFO - Processing /home/mahmoud/airflow_env/lib/python3.10/site-packages/airflow/example_dags/example_nested_branch_dag.py took 0.086 seconds
[2024-01-14T15:46:31.264+0200] {processor.py:161} INFO - Started process (PID=28044) to work on /home/mahmoud/airflow_env/lib/python3.10/site-packages/airflow/example_dags/example_nested_branch_dag.py
[2024-01-14T15:46:31.266+0200] {processor.py:830} INFO - Processing file /home/mahmoud/airflow_env/lib/python3.10/site-packages/airflow/example_dags/example_nested_branch_dag.py for tasks to queue
[2024-01-14T15:46:31.267+0200] {logging_mixin.py:188} INFO - [2024-01-14T15:46:31.266+0200] {dagbag.py:538} INFO - Filling up the DagBag from /home/mahmoud/airflow_env/lib/python3.10/site-packages/airflow/example_dags/example_nested_branch_dag.py
[2024-01-14T15:46:31.274+0200] {processor.py:840} INFO - DAG(s) 'example_nested_branch_dag' retrieved from /home/mahmoud/airflow_env/lib/python3.10/site-packages/airflow/example_dags/example_nested_branch_dag.py
[2024-01-14T15:46:31.302+0200] {logging_mixin.py:188} INFO - [2024-01-14T15:46:31.301+0200] {dag.py:3033} INFO - Sync 1 DAGs
[2024-01-14T15:46:31.319+0200] {logging_mixin.py:188} INFO - [2024-01-14T15:46:31.319+0200] {dag.py:3820} INFO - Setting next_dagrun for example_nested_branch_dag to 2024-01-13T00:00:00+00:00, run_after=2024-01-14T00:00:00+00:00
[2024-01-14T15:46:31.339+0200] {processor.py:183} INFO - Processing /home/mahmoud/airflow_env/lib/python3.10/site-packages/airflow/example_dags/example_nested_branch_dag.py took 0.076 seconds
[2024-01-14T15:47:24.570+0200] {processor.py:161} INFO - Started process (PID=28321) to work on /home/mahmoud/airflow_env/lib/python3.10/site-packages/airflow/example_dags/example_nested_branch_dag.py
[2024-01-14T15:47:24.573+0200] {processor.py:830} INFO - Processing file /home/mahmoud/airflow_env/lib/python3.10/site-packages/airflow/example_dags/example_nested_branch_dag.py for tasks to queue
[2024-01-14T15:47:24.574+0200] {logging_mixin.py:188} INFO - [2024-01-14T15:47:24.573+0200] {dagbag.py:538} INFO - Filling up the DagBag from /home/mahmoud/airflow_env/lib/python3.10/site-packages/airflow/example_dags/example_nested_branch_dag.py
[2024-01-14T15:47:24.591+0200] {processor.py:840} INFO - DAG(s) 'example_nested_branch_dag' retrieved from /home/mahmoud/airflow_env/lib/python3.10/site-packages/airflow/example_dags/example_nested_branch_dag.py
[2024-01-14T15:47:24.611+0200] {logging_mixin.py:188} INFO - [2024-01-14T15:47:24.610+0200] {dag.py:3033} INFO - Sync 1 DAGs
[2024-01-14T15:47:24.629+0200] {logging_mixin.py:188} INFO - [2024-01-14T15:47:24.629+0200] {dag.py:3820} INFO - Setting next_dagrun for example_nested_branch_dag to 2024-01-13T00:00:00+00:00, run_after=2024-01-14T00:00:00+00:00
[2024-01-14T15:47:24.654+0200] {processor.py:183} INFO - Processing /home/mahmoud/airflow_env/lib/python3.10/site-packages/airflow/example_dags/example_nested_branch_dag.py took 0.091 seconds
[2024-01-14T15:48:16.536+0200] {processor.py:161} INFO - Started process (PID=28552) to work on /home/mahmoud/airflow_env/lib/python3.10/site-packages/airflow/example_dags/example_nested_branch_dag.py
[2024-01-14T15:48:16.538+0200] {processor.py:830} INFO - Processing file /home/mahmoud/airflow_env/lib/python3.10/site-packages/airflow/example_dags/example_nested_branch_dag.py for tasks to queue
[2024-01-14T15:48:16.539+0200] {logging_mixin.py:188} INFO - [2024-01-14T15:48:16.538+0200] {dagbag.py:538} INFO - Filling up the DagBag from /home/mahmoud/airflow_env/lib/python3.10/site-packages/airflow/example_dags/example_nested_branch_dag.py
[2024-01-14T15:48:16.549+0200] {processor.py:840} INFO - DAG(s) 'example_nested_branch_dag' retrieved from /home/mahmoud/airflow_env/lib/python3.10/site-packages/airflow/example_dags/example_nested_branch_dag.py
[2024-01-14T15:48:16.564+0200] {logging_mixin.py:188} INFO - [2024-01-14T15:48:16.564+0200] {dag.py:3033} INFO - Sync 1 DAGs
[2024-01-14T15:48:16.582+0200] {logging_mixin.py:188} INFO - [2024-01-14T15:48:16.582+0200] {dag.py:3820} INFO - Setting next_dagrun for example_nested_branch_dag to 2024-01-13T00:00:00+00:00, run_after=2024-01-14T00:00:00+00:00
[2024-01-14T15:48:16.606+0200] {processor.py:183} INFO - Processing /home/mahmoud/airflow_env/lib/python3.10/site-packages/airflow/example_dags/example_nested_branch_dag.py took 0.074 seconds
[2024-01-14T15:49:10.593+0200] {processor.py:161} INFO - Started process (PID=28763) to work on /home/mahmoud/airflow_env/lib/python3.10/site-packages/airflow/example_dags/example_nested_branch_dag.py
[2024-01-14T15:49:10.595+0200] {processor.py:830} INFO - Processing file /home/mahmoud/airflow_env/lib/python3.10/site-packages/airflow/example_dags/example_nested_branch_dag.py for tasks to queue
[2024-01-14T15:49:10.596+0200] {logging_mixin.py:188} INFO - [2024-01-14T15:49:10.595+0200] {dagbag.py:538} INFO - Filling up the DagBag from /home/mahmoud/airflow_env/lib/python3.10/site-packages/airflow/example_dags/example_nested_branch_dag.py
[2024-01-14T15:49:10.605+0200] {processor.py:840} INFO - DAG(s) 'example_nested_branch_dag' retrieved from /home/mahmoud/airflow_env/lib/python3.10/site-packages/airflow/example_dags/example_nested_branch_dag.py
[2024-01-14T15:49:10.621+0200] {logging_mixin.py:188} INFO - [2024-01-14T15:49:10.621+0200] {dag.py:3033} INFO - Sync 1 DAGs
[2024-01-14T15:49:10.640+0200] {logging_mixin.py:188} INFO - [2024-01-14T15:49:10.640+0200] {dag.py:3820} INFO - Setting next_dagrun for example_nested_branch_dag to 2024-01-13T00:00:00+00:00, run_after=2024-01-14T00:00:00+00:00
[2024-01-14T15:49:10.663+0200] {processor.py:183} INFO - Processing /home/mahmoud/airflow_env/lib/python3.10/site-packages/airflow/example_dags/example_nested_branch_dag.py took 0.073 seconds
[2024-01-14T15:50:03.788+0200] {processor.py:161} INFO - Started process (PID=28974) to work on /home/mahmoud/airflow_env/lib/python3.10/site-packages/airflow/example_dags/example_nested_branch_dag.py
[2024-01-14T15:50:03.790+0200] {processor.py:830} INFO - Processing file /home/mahmoud/airflow_env/lib/python3.10/site-packages/airflow/example_dags/example_nested_branch_dag.py for tasks to queue
[2024-01-14T15:50:03.791+0200] {logging_mixin.py:188} INFO - [2024-01-14T15:50:03.790+0200] {dagbag.py:538} INFO - Filling up the DagBag from /home/mahmoud/airflow_env/lib/python3.10/site-packages/airflow/example_dags/example_nested_branch_dag.py
[2024-01-14T15:50:03.801+0200] {processor.py:840} INFO - DAG(s) 'example_nested_branch_dag' retrieved from /home/mahmoud/airflow_env/lib/python3.10/site-packages/airflow/example_dags/example_nested_branch_dag.py
[2024-01-14T15:50:03.816+0200] {logging_mixin.py:188} INFO - [2024-01-14T15:50:03.816+0200] {dag.py:3033} INFO - Sync 1 DAGs
[2024-01-14T15:50:03.834+0200] {logging_mixin.py:188} INFO - [2024-01-14T15:50:03.834+0200] {dag.py:3820} INFO - Setting next_dagrun for example_nested_branch_dag to 2024-01-13T00:00:00+00:00, run_after=2024-01-14T00:00:00+00:00
[2024-01-14T15:50:03.859+0200] {processor.py:183} INFO - Processing /home/mahmoud/airflow_env/lib/python3.10/site-packages/airflow/example_dags/example_nested_branch_dag.py took 0.075 seconds
[2024-01-14T15:50:54.807+0200] {processor.py:161} INFO - Started process (PID=29178) to work on /home/mahmoud/airflow_env/lib/python3.10/site-packages/airflow/example_dags/example_nested_branch_dag.py
[2024-01-14T15:50:54.809+0200] {processor.py:830} INFO - Processing file /home/mahmoud/airflow_env/lib/python3.10/site-packages/airflow/example_dags/example_nested_branch_dag.py for tasks to queue
[2024-01-14T15:50:54.810+0200] {logging_mixin.py:188} INFO - [2024-01-14T15:50:54.809+0200] {dagbag.py:538} INFO - Filling up the DagBag from /home/mahmoud/airflow_env/lib/python3.10/site-packages/airflow/example_dags/example_nested_branch_dag.py
[2024-01-14T15:50:54.826+0200] {processor.py:840} INFO - DAG(s) 'example_nested_branch_dag' retrieved from /home/mahmoud/airflow_env/lib/python3.10/site-packages/airflow/example_dags/example_nested_branch_dag.py
[2024-01-14T15:50:54.846+0200] {logging_mixin.py:188} INFO - [2024-01-14T15:50:54.846+0200] {dag.py:3033} INFO - Sync 1 DAGs
[2024-01-14T15:50:54.866+0200] {logging_mixin.py:188} INFO - [2024-01-14T15:50:54.866+0200] {dag.py:3820} INFO - Setting next_dagrun for example_nested_branch_dag to 2024-01-13T00:00:00+00:00, run_after=2024-01-14T00:00:00+00:00
[2024-01-14T15:50:54.890+0200] {processor.py:183} INFO - Processing /home/mahmoud/airflow_env/lib/python3.10/site-packages/airflow/example_dags/example_nested_branch_dag.py took 0.094 seconds
[2024-01-14T15:51:48.165+0200] {processor.py:161} INFO - Started process (PID=29389) to work on /home/mahmoud/airflow_env/lib/python3.10/site-packages/airflow/example_dags/example_nested_branch_dag.py
[2024-01-14T15:51:48.167+0200] {processor.py:830} INFO - Processing file /home/mahmoud/airflow_env/lib/python3.10/site-packages/airflow/example_dags/example_nested_branch_dag.py for tasks to queue
[2024-01-14T15:51:48.168+0200] {logging_mixin.py:188} INFO - [2024-01-14T15:51:48.168+0200] {dagbag.py:538} INFO - Filling up the DagBag from /home/mahmoud/airflow_env/lib/python3.10/site-packages/airflow/example_dags/example_nested_branch_dag.py
[2024-01-14T15:51:48.178+0200] {processor.py:840} INFO - DAG(s) 'example_nested_branch_dag' retrieved from /home/mahmoud/airflow_env/lib/python3.10/site-packages/airflow/example_dags/example_nested_branch_dag.py
[2024-01-14T15:51:48.193+0200] {logging_mixin.py:188} INFO - [2024-01-14T15:51:48.193+0200] {dag.py:3033} INFO - Sync 1 DAGs
[2024-01-14T15:51:48.212+0200] {logging_mixin.py:188} INFO - [2024-01-14T15:51:48.212+0200] {dag.py:3820} INFO - Setting next_dagrun for example_nested_branch_dag to 2024-01-13T00:00:00+00:00, run_after=2024-01-14T00:00:00+00:00
[2024-01-14T15:51:48.232+0200] {processor.py:183} INFO - Processing /home/mahmoud/airflow_env/lib/python3.10/site-packages/airflow/example_dags/example_nested_branch_dag.py took 0.070 seconds
[2024-01-14T15:52:38.568+0200] {processor.py:161} INFO - Started process (PID=29586) to work on /home/mahmoud/airflow_env/lib/python3.10/site-packages/airflow/example_dags/example_nested_branch_dag.py
[2024-01-14T15:52:38.569+0200] {processor.py:830} INFO - Processing file /home/mahmoud/airflow_env/lib/python3.10/site-packages/airflow/example_dags/example_nested_branch_dag.py for tasks to queue
[2024-01-14T15:52:38.570+0200] {logging_mixin.py:188} INFO - [2024-01-14T15:52:38.569+0200] {dagbag.py:538} INFO - Filling up the DagBag from /home/mahmoud/airflow_env/lib/python3.10/site-packages/airflow/example_dags/example_nested_branch_dag.py
[2024-01-14T15:52:38.579+0200] {processor.py:840} INFO - DAG(s) 'example_nested_branch_dag' retrieved from /home/mahmoud/airflow_env/lib/python3.10/site-packages/airflow/example_dags/example_nested_branch_dag.py
[2024-01-14T15:52:38.595+0200] {logging_mixin.py:188} INFO - [2024-01-14T15:52:38.595+0200] {dag.py:3033} INFO - Sync 1 DAGs
[2024-01-14T15:52:38.615+0200] {logging_mixin.py:188} INFO - [2024-01-14T15:52:38.614+0200] {dag.py:3820} INFO - Setting next_dagrun for example_nested_branch_dag to 2024-01-13T00:00:00+00:00, run_after=2024-01-14T00:00:00+00:00
[2024-01-14T15:52:38.636+0200] {processor.py:183} INFO - Processing /home/mahmoud/airflow_env/lib/python3.10/site-packages/airflow/example_dags/example_nested_branch_dag.py took 0.071 seconds
[2024-01-14T15:53:30.002+0200] {processor.py:161} INFO - Started process (PID=29819) to work on /home/mahmoud/airflow_env/lib/python3.10/site-packages/airflow/example_dags/example_nested_branch_dag.py
[2024-01-14T15:53:30.004+0200] {processor.py:830} INFO - Processing file /home/mahmoud/airflow_env/lib/python3.10/site-packages/airflow/example_dags/example_nested_branch_dag.py for tasks to queue
[2024-01-14T15:53:30.005+0200] {logging_mixin.py:188} INFO - [2024-01-14T15:53:30.004+0200] {dagbag.py:538} INFO - Filling up the DagBag from /home/mahmoud/airflow_env/lib/python3.10/site-packages/airflow/example_dags/example_nested_branch_dag.py
[2024-01-14T15:53:30.014+0200] {processor.py:840} INFO - DAG(s) 'example_nested_branch_dag' retrieved from /home/mahmoud/airflow_env/lib/python3.10/site-packages/airflow/example_dags/example_nested_branch_dag.py
[2024-01-14T15:53:30.029+0200] {logging_mixin.py:188} INFO - [2024-01-14T15:53:30.029+0200] {dag.py:3033} INFO - Sync 1 DAGs
[2024-01-14T15:53:30.048+0200] {logging_mixin.py:188} INFO - [2024-01-14T15:53:30.048+0200] {dag.py:3820} INFO - Setting next_dagrun for example_nested_branch_dag to 2024-01-13T00:00:00+00:00, run_after=2024-01-14T00:00:00+00:00
[2024-01-14T15:53:30.070+0200] {processor.py:183} INFO - Processing /home/mahmoud/airflow_env/lib/python3.10/site-packages/airflow/example_dags/example_nested_branch_dag.py took 0.071 seconds
[2024-01-14T15:54:39.151+0200] {processor.py:161} INFO - Started process (PID=30062) to work on /home/mahmoud/airflow_env/lib/python3.10/site-packages/airflow/example_dags/example_nested_branch_dag.py
[2024-01-14T15:54:39.154+0200] {processor.py:830} INFO - Processing file /home/mahmoud/airflow_env/lib/python3.10/site-packages/airflow/example_dags/example_nested_branch_dag.py for tasks to queue
[2024-01-14T15:54:39.157+0200] {logging_mixin.py:188} INFO - [2024-01-14T15:54:39.156+0200] {dagbag.py:538} INFO - Filling up the DagBag from /home/mahmoud/airflow_env/lib/python3.10/site-packages/airflow/example_dags/example_nested_branch_dag.py
[2024-01-14T15:54:39.191+0200] {processor.py:840} INFO - DAG(s) 'example_nested_branch_dag' retrieved from /home/mahmoud/airflow_env/lib/python3.10/site-packages/airflow/example_dags/example_nested_branch_dag.py
[2024-01-14T15:54:39.246+0200] {logging_mixin.py:188} INFO - [2024-01-14T15:54:39.245+0200] {dag.py:3033} INFO - Sync 1 DAGs
[2024-01-14T15:54:39.320+0200] {logging_mixin.py:188} INFO - [2024-01-14T15:54:39.319+0200] {dag.py:3820} INFO - Setting next_dagrun for example_nested_branch_dag to 2024-01-13T00:00:00+00:00, run_after=2024-01-14T00:00:00+00:00
[2024-01-14T15:54:39.392+0200] {processor.py:183} INFO - Processing /home/mahmoud/airflow_env/lib/python3.10/site-packages/airflow/example_dags/example_nested_branch_dag.py took 0.251 seconds
[2024-01-14T15:55:46.928+0200] {processor.py:161} INFO - Started process (PID=30298) to work on /home/mahmoud/airflow_env/lib/python3.10/site-packages/airflow/example_dags/example_nested_branch_dag.py
[2024-01-14T15:55:46.933+0200] {processor.py:830} INFO - Processing file /home/mahmoud/airflow_env/lib/python3.10/site-packages/airflow/example_dags/example_nested_branch_dag.py for tasks to queue
[2024-01-14T15:55:46.935+0200] {logging_mixin.py:188} INFO - [2024-01-14T15:55:46.934+0200] {dagbag.py:538} INFO - Filling up the DagBag from /home/mahmoud/airflow_env/lib/python3.10/site-packages/airflow/example_dags/example_nested_branch_dag.py
[2024-01-14T15:55:46.966+0200] {processor.py:840} INFO - DAG(s) 'example_nested_branch_dag' retrieved from /home/mahmoud/airflow_env/lib/python3.10/site-packages/airflow/example_dags/example_nested_branch_dag.py
[2024-01-14T15:55:47.016+0200] {logging_mixin.py:188} INFO - [2024-01-14T15:55:47.015+0200] {dag.py:3033} INFO - Sync 1 DAGs
[2024-01-14T15:55:47.077+0200] {logging_mixin.py:188} INFO - [2024-01-14T15:55:47.077+0200] {dag.py:3820} INFO - Setting next_dagrun for example_nested_branch_dag to 2024-01-13T00:00:00+00:00, run_after=2024-01-14T00:00:00+00:00
[2024-01-14T15:55:47.137+0200] {processor.py:183} INFO - Processing /home/mahmoud/airflow_env/lib/python3.10/site-packages/airflow/example_dags/example_nested_branch_dag.py took 0.218 seconds
[2024-01-14T15:56:45.914+0200] {processor.py:161} INFO - Started process (PID=30506) to work on /home/mahmoud/airflow_env/lib/python3.10/site-packages/airflow/example_dags/example_nested_branch_dag.py
[2024-01-14T15:56:45.918+0200] {processor.py:830} INFO - Processing file /home/mahmoud/airflow_env/lib/python3.10/site-packages/airflow/example_dags/example_nested_branch_dag.py for tasks to queue
[2024-01-14T15:56:45.920+0200] {logging_mixin.py:188} INFO - [2024-01-14T15:56:45.919+0200] {dagbag.py:538} INFO - Filling up the DagBag from /home/mahmoud/airflow_env/lib/python3.10/site-packages/airflow/example_dags/example_nested_branch_dag.py
[2024-01-14T15:56:45.952+0200] {processor.py:840} INFO - DAG(s) 'example_nested_branch_dag' retrieved from /home/mahmoud/airflow_env/lib/python3.10/site-packages/airflow/example_dags/example_nested_branch_dag.py
[2024-01-14T15:56:45.999+0200] {logging_mixin.py:188} INFO - [2024-01-14T15:56:45.999+0200] {dag.py:3033} INFO - Sync 1 DAGs
[2024-01-14T15:56:46.061+0200] {logging_mixin.py:188} INFO - [2024-01-14T15:56:46.061+0200] {dag.py:3820} INFO - Setting next_dagrun for example_nested_branch_dag to 2024-01-13T00:00:00+00:00, run_after=2024-01-14T00:00:00+00:00
[2024-01-14T15:56:46.118+0200] {processor.py:183} INFO - Processing /home/mahmoud/airflow_env/lib/python3.10/site-packages/airflow/example_dags/example_nested_branch_dag.py took 0.213 seconds
[2024-01-14T15:57:41.686+0200] {processor.py:161} INFO - Started process (PID=30718) to work on /home/mahmoud/airflow_env/lib/python3.10/site-packages/airflow/example_dags/example_nested_branch_dag.py
[2024-01-14T15:57:41.689+0200] {processor.py:830} INFO - Processing file /home/mahmoud/airflow_env/lib/python3.10/site-packages/airflow/example_dags/example_nested_branch_dag.py for tasks to queue
[2024-01-14T15:57:41.691+0200] {logging_mixin.py:188} INFO - [2024-01-14T15:57:41.690+0200] {dagbag.py:538} INFO - Filling up the DagBag from /home/mahmoud/airflow_env/lib/python3.10/site-packages/airflow/example_dags/example_nested_branch_dag.py
[2024-01-14T15:57:41.707+0200] {processor.py:840} INFO - DAG(s) 'example_nested_branch_dag' retrieved from /home/mahmoud/airflow_env/lib/python3.10/site-packages/airflow/example_dags/example_nested_branch_dag.py
[2024-01-14T15:57:41.725+0200] {logging_mixin.py:188} INFO - [2024-01-14T15:57:41.725+0200] {dag.py:3033} INFO - Sync 1 DAGs
[2024-01-14T15:57:41.744+0200] {logging_mixin.py:188} INFO - [2024-01-14T15:57:41.744+0200] {dag.py:3820} INFO - Setting next_dagrun for example_nested_branch_dag to 2024-01-13T00:00:00+00:00, run_after=2024-01-14T00:00:00+00:00
[2024-01-14T15:57:41.765+0200] {processor.py:183} INFO - Processing /home/mahmoud/airflow_env/lib/python3.10/site-packages/airflow/example_dags/example_nested_branch_dag.py took 0.084 seconds
