[2024-01-14T14:40:30.684+0200] {processor.py:161} INFO - Started process (PID=9692) to work on /home/mahmoud/airflow_env/lib/python3.10/site-packages/airflow/example_dags/example_dynamic_task_mapping.py
[2024-01-14T14:40:30.685+0200] {processor.py:830} INFO - Processing file /home/mahmoud/airflow_env/lib/python3.10/site-packages/airflow/example_dags/example_dynamic_task_mapping.py for tasks to queue
[2024-01-14T14:40:30.687+0200] {logging_mixin.py:188} INFO - [2024-01-14T14:40:30.686+0200] {dagbag.py:538} INFO - Filling up the DagBag from /home/mahmoud/airflow_env/lib/python3.10/site-packages/airflow/example_dags/example_dynamic_task_mapping.py
[2024-01-14T14:40:30.700+0200] {processor.py:840} INFO - DAG(s) 'example_dynamic_task_mapping' retrieved from /home/mahmoud/airflow_env/lib/python3.10/site-packages/airflow/example_dags/example_dynamic_task_mapping.py
[2024-01-14T14:40:30.862+0200] {logging_mixin.py:188} INFO - [2024-01-14T14:40:30.861+0200] {override.py:1769} INFO - Created Permission View: can edit on DAG:example_dynamic_task_mapping
[2024-01-14T14:40:30.875+0200] {logging_mixin.py:188} INFO - [2024-01-14T14:40:30.875+0200] {override.py:1769} INFO - Created Permission View: can read on DAG:example_dynamic_task_mapping
[2024-01-14T14:40:30.889+0200] {logging_mixin.py:188} INFO - [2024-01-14T14:40:30.889+0200] {override.py:1769} INFO - Created Permission View: can delete on DAG:example_dynamic_task_mapping
[2024-01-14T14:40:30.889+0200] {logging_mixin.py:188} INFO - [2024-01-14T14:40:30.889+0200] {dag.py:3033} INFO - Sync 1 DAGs
[2024-01-14T14:40:30.897+0200] {logging_mixin.py:188} INFO - [2024-01-14T14:40:30.897+0200] {dag.py:3055} INFO - Creating ORM DAG for example_dynamic_task_mapping
[2024-01-14T14:40:30.904+0200] {logging_mixin.py:188} INFO - [2024-01-14T14:40:30.904+0200] {dag.py:3820} INFO - Setting next_dagrun for example_dynamic_task_mapping to 2022-03-04T00:00:00+00:00, run_after=2022-03-05T00:00:00+00:00
[2024-01-14T14:40:30.927+0200] {processor.py:183} INFO - Processing /home/mahmoud/airflow_env/lib/python3.10/site-packages/airflow/example_dags/example_dynamic_task_mapping.py took 0.248 seconds
[2024-01-14T15:08:08.113+0200] {processor.py:161} INFO - Started process (PID=16068) to work on /home/mahmoud/airflow_env/lib/python3.10/site-packages/airflow/example_dags/example_dynamic_task_mapping.py
[2024-01-14T15:08:08.116+0200] {processor.py:830} INFO - Processing file /home/mahmoud/airflow_env/lib/python3.10/site-packages/airflow/example_dags/example_dynamic_task_mapping.py for tasks to queue
[2024-01-14T15:08:08.117+0200] {logging_mixin.py:188} INFO - [2024-01-14T15:08:08.117+0200] {dagbag.py:538} INFO - Filling up the DagBag from /home/mahmoud/airflow_env/lib/python3.10/site-packages/airflow/example_dags/example_dynamic_task_mapping.py
[2024-01-14T15:08:08.127+0200] {processor.py:840} INFO - DAG(s) 'example_dynamic_task_mapping' retrieved from /home/mahmoud/airflow_env/lib/python3.10/site-packages/airflow/example_dags/example_dynamic_task_mapping.py
[2024-01-14T15:08:08.140+0200] {logging_mixin.py:188} INFO - [2024-01-14T15:08:08.139+0200] {dag.py:3033} INFO - Sync 1 DAGs
[2024-01-14T15:08:08.156+0200] {logging_mixin.py:188} INFO - [2024-01-14T15:08:08.156+0200] {dag.py:3820} INFO - Setting next_dagrun for example_dynamic_task_mapping to 2022-03-04T00:00:00+00:00, run_after=2022-03-05T00:00:00+00:00
[2024-01-14T15:08:08.253+0200] {processor.py:183} INFO - Processing /home/mahmoud/airflow_env/lib/python3.10/site-packages/airflow/example_dags/example_dynamic_task_mapping.py took 0.145 seconds
[2024-01-14T15:09:01.847+0200] {processor.py:161} INFO - Started process (PID=16333) to work on /home/mahmoud/airflow_env/lib/python3.10/site-packages/airflow/example_dags/example_dynamic_task_mapping.py
[2024-01-14T15:09:01.849+0200] {processor.py:830} INFO - Processing file /home/mahmoud/airflow_env/lib/python3.10/site-packages/airflow/example_dags/example_dynamic_task_mapping.py for tasks to queue
[2024-01-14T15:09:01.851+0200] {logging_mixin.py:188} INFO - [2024-01-14T15:09:01.850+0200] {dagbag.py:538} INFO - Filling up the DagBag from /home/mahmoud/airflow_env/lib/python3.10/site-packages/airflow/example_dags/example_dynamic_task_mapping.py
[2024-01-14T15:09:01.864+0200] {processor.py:840} INFO - DAG(s) 'example_dynamic_task_mapping' retrieved from /home/mahmoud/airflow_env/lib/python3.10/site-packages/airflow/example_dags/example_dynamic_task_mapping.py
[2024-01-14T15:09:01.881+0200] {logging_mixin.py:188} INFO - [2024-01-14T15:09:01.881+0200] {dag.py:3033} INFO - Sync 1 DAGs
[2024-01-14T15:09:01.901+0200] {logging_mixin.py:188} INFO - [2024-01-14T15:09:01.901+0200] {dag.py:3820} INFO - Setting next_dagrun for example_dynamic_task_mapping to 2022-03-04T00:00:00+00:00, run_after=2022-03-05T00:00:00+00:00
[2024-01-14T15:09:01.922+0200] {processor.py:183} INFO - Processing /home/mahmoud/airflow_env/lib/python3.10/site-packages/airflow/example_dags/example_dynamic_task_mapping.py took 0.085 seconds
[2024-01-14T15:09:43.312+0200] {processor.py:161} INFO - Started process (PID=16600) to work on /home/mahmoud/airflow_env/lib/python3.10/site-packages/airflow/example_dags/example_dynamic_task_mapping.py
[2024-01-14T15:09:43.313+0200] {processor.py:830} INFO - Processing file /home/mahmoud/airflow_env/lib/python3.10/site-packages/airflow/example_dags/example_dynamic_task_mapping.py for tasks to queue
[2024-01-14T15:09:43.314+0200] {logging_mixin.py:188} INFO - [2024-01-14T15:09:43.314+0200] {dagbag.py:538} INFO - Filling up the DagBag from /home/mahmoud/airflow_env/lib/python3.10/site-packages/airflow/example_dags/example_dynamic_task_mapping.py
[2024-01-14T15:09:43.322+0200] {processor.py:840} INFO - DAG(s) 'example_dynamic_task_mapping' retrieved from /home/mahmoud/airflow_env/lib/python3.10/site-packages/airflow/example_dags/example_dynamic_task_mapping.py
[2024-01-14T15:09:43.335+0200] {logging_mixin.py:188} INFO - [2024-01-14T15:09:43.334+0200] {dag.py:3033} INFO - Sync 1 DAGs
[2024-01-14T15:09:43.351+0200] {logging_mixin.py:188} INFO - [2024-01-14T15:09:43.351+0200] {dag.py:3820} INFO - Setting next_dagrun for example_dynamic_task_mapping to 2022-03-04T00:00:00+00:00, run_after=2022-03-05T00:00:00+00:00
[2024-01-14T15:09:43.374+0200] {processor.py:183} INFO - Processing /home/mahmoud/airflow_env/lib/python3.10/site-packages/airflow/example_dags/example_dynamic_task_mapping.py took 0.066 seconds
[2024-01-14T15:10:21.600+0200] {processor.py:161} INFO - Started process (PID=16758) to work on /home/mahmoud/airflow_env/lib/python3.10/site-packages/airflow/example_dags/example_dynamic_task_mapping.py
[2024-01-14T15:10:21.602+0200] {processor.py:830} INFO - Processing file /home/mahmoud/airflow_env/lib/python3.10/site-packages/airflow/example_dags/example_dynamic_task_mapping.py for tasks to queue
[2024-01-14T15:10:21.603+0200] {logging_mixin.py:188} INFO - [2024-01-14T15:10:21.602+0200] {dagbag.py:538} INFO - Filling up the DagBag from /home/mahmoud/airflow_env/lib/python3.10/site-packages/airflow/example_dags/example_dynamic_task_mapping.py
[2024-01-14T15:10:21.610+0200] {processor.py:840} INFO - DAG(s) 'example_dynamic_task_mapping' retrieved from /home/mahmoud/airflow_env/lib/python3.10/site-packages/airflow/example_dags/example_dynamic_task_mapping.py
[2024-01-14T15:10:21.624+0200] {logging_mixin.py:188} INFO - [2024-01-14T15:10:21.624+0200] {dag.py:3033} INFO - Sync 1 DAGs
[2024-01-14T15:10:21.643+0200] {logging_mixin.py:188} INFO - [2024-01-14T15:10:21.643+0200] {dag.py:3820} INFO - Setting next_dagrun for example_dynamic_task_mapping to 2022-03-04T00:00:00+00:00, run_after=2022-03-05T00:00:00+00:00
[2024-01-14T15:10:21.667+0200] {processor.py:183} INFO - Processing /home/mahmoud/airflow_env/lib/python3.10/site-packages/airflow/example_dags/example_dynamic_task_mapping.py took 0.073 seconds
[2024-01-14T15:11:01.181+0200] {processor.py:161} INFO - Started process (PID=16918) to work on /home/mahmoud/airflow_env/lib/python3.10/site-packages/airflow/example_dags/example_dynamic_task_mapping.py
[2024-01-14T15:11:01.183+0200] {processor.py:830} INFO - Processing file /home/mahmoud/airflow_env/lib/python3.10/site-packages/airflow/example_dags/example_dynamic_task_mapping.py for tasks to queue
[2024-01-14T15:11:01.184+0200] {logging_mixin.py:188} INFO - [2024-01-14T15:11:01.184+0200] {dagbag.py:538} INFO - Filling up the DagBag from /home/mahmoud/airflow_env/lib/python3.10/site-packages/airflow/example_dags/example_dynamic_task_mapping.py
[2024-01-14T15:11:01.191+0200] {processor.py:840} INFO - DAG(s) 'example_dynamic_task_mapping' retrieved from /home/mahmoud/airflow_env/lib/python3.10/site-packages/airflow/example_dags/example_dynamic_task_mapping.py
[2024-01-14T15:11:01.204+0200] {logging_mixin.py:188} INFO - [2024-01-14T15:11:01.204+0200] {dag.py:3033} INFO - Sync 1 DAGs
[2024-01-14T15:11:01.221+0200] {logging_mixin.py:188} INFO - [2024-01-14T15:11:01.221+0200] {dag.py:3820} INFO - Setting next_dagrun for example_dynamic_task_mapping to 2022-03-04T00:00:00+00:00, run_after=2022-03-05T00:00:00+00:00
[2024-01-14T15:11:01.244+0200] {processor.py:183} INFO - Processing /home/mahmoud/airflow_env/lib/python3.10/site-packages/airflow/example_dags/example_dynamic_task_mapping.py took 0.066 seconds
[2024-01-14T15:11:38.913+0200] {processor.py:161} INFO - Started process (PID=17064) to work on /home/mahmoud/airflow_env/lib/python3.10/site-packages/airflow/example_dags/example_dynamic_task_mapping.py
[2024-01-14T15:11:38.915+0200] {processor.py:830} INFO - Processing file /home/mahmoud/airflow_env/lib/python3.10/site-packages/airflow/example_dags/example_dynamic_task_mapping.py for tasks to queue
[2024-01-14T15:11:38.916+0200] {logging_mixin.py:188} INFO - [2024-01-14T15:11:38.915+0200] {dagbag.py:538} INFO - Filling up the DagBag from /home/mahmoud/airflow_env/lib/python3.10/site-packages/airflow/example_dags/example_dynamic_task_mapping.py
[2024-01-14T15:11:38.923+0200] {processor.py:840} INFO - DAG(s) 'example_dynamic_task_mapping' retrieved from /home/mahmoud/airflow_env/lib/python3.10/site-packages/airflow/example_dags/example_dynamic_task_mapping.py
[2024-01-14T15:11:38.937+0200] {logging_mixin.py:188} INFO - [2024-01-14T15:11:38.937+0200] {dag.py:3033} INFO - Sync 1 DAGs
[2024-01-14T15:11:38.954+0200] {logging_mixin.py:188} INFO - [2024-01-14T15:11:38.954+0200] {dag.py:3820} INFO - Setting next_dagrun for example_dynamic_task_mapping to 2022-03-04T00:00:00+00:00, run_after=2022-03-05T00:00:00+00:00
[2024-01-14T15:11:38.978+0200] {processor.py:183} INFO - Processing /home/mahmoud/airflow_env/lib/python3.10/site-packages/airflow/example_dags/example_dynamic_task_mapping.py took 0.069 seconds
[2024-01-14T15:12:16.010+0200] {processor.py:161} INFO - Started process (PID=17253) to work on /home/mahmoud/airflow_env/lib/python3.10/site-packages/airflow/example_dags/example_dynamic_task_mapping.py
[2024-01-14T15:12:16.012+0200] {processor.py:830} INFO - Processing file /home/mahmoud/airflow_env/lib/python3.10/site-packages/airflow/example_dags/example_dynamic_task_mapping.py for tasks to queue
[2024-01-14T15:12:16.013+0200] {logging_mixin.py:188} INFO - [2024-01-14T15:12:16.013+0200] {dagbag.py:538} INFO - Filling up the DagBag from /home/mahmoud/airflow_env/lib/python3.10/site-packages/airflow/example_dags/example_dynamic_task_mapping.py
[2024-01-14T15:12:16.021+0200] {processor.py:840} INFO - DAG(s) 'example_dynamic_task_mapping' retrieved from /home/mahmoud/airflow_env/lib/python3.10/site-packages/airflow/example_dags/example_dynamic_task_mapping.py
[2024-01-14T15:12:16.035+0200] {logging_mixin.py:188} INFO - [2024-01-14T15:12:16.035+0200] {dag.py:3033} INFO - Sync 1 DAGs
[2024-01-14T15:12:16.052+0200] {logging_mixin.py:188} INFO - [2024-01-14T15:12:16.052+0200] {dag.py:3820} INFO - Setting next_dagrun for example_dynamic_task_mapping to 2022-03-04T00:00:00+00:00, run_after=2022-03-05T00:00:00+00:00
[2024-01-14T15:12:16.072+0200] {processor.py:183} INFO - Processing /home/mahmoud/airflow_env/lib/python3.10/site-packages/airflow/example_dags/example_dynamic_task_mapping.py took 0.065 seconds
[2024-01-14T15:13:03.804+0200] {processor.py:161} INFO - Started process (PID=17454) to work on /home/mahmoud/airflow_env/lib/python3.10/site-packages/airflow/example_dags/example_dynamic_task_mapping.py
[2024-01-14T15:13:03.806+0200] {processor.py:830} INFO - Processing file /home/mahmoud/airflow_env/lib/python3.10/site-packages/airflow/example_dags/example_dynamic_task_mapping.py for tasks to queue
[2024-01-14T15:13:03.808+0200] {logging_mixin.py:188} INFO - [2024-01-14T15:13:03.807+0200] {dagbag.py:538} INFO - Filling up the DagBag from /home/mahmoud/airflow_env/lib/python3.10/site-packages/airflow/example_dags/example_dynamic_task_mapping.py
[2024-01-14T15:13:03.817+0200] {processor.py:840} INFO - DAG(s) 'example_dynamic_task_mapping' retrieved from /home/mahmoud/airflow_env/lib/python3.10/site-packages/airflow/example_dags/example_dynamic_task_mapping.py
[2024-01-14T15:13:03.831+0200] {logging_mixin.py:188} INFO - [2024-01-14T15:13:03.831+0200] {dag.py:3033} INFO - Sync 1 DAGs
[2024-01-14T15:13:03.847+0200] {logging_mixin.py:188} INFO - [2024-01-14T15:13:03.847+0200] {dag.py:3820} INFO - Setting next_dagrun for example_dynamic_task_mapping to 2022-03-04T00:00:00+00:00, run_after=2022-03-05T00:00:00+00:00
[2024-01-14T15:13:03.871+0200] {processor.py:183} INFO - Processing /home/mahmoud/airflow_env/lib/python3.10/site-packages/airflow/example_dags/example_dynamic_task_mapping.py took 0.072 seconds
[2024-01-14T15:13:39.976+0200] {processor.py:161} INFO - Started process (PID=17612) to work on /home/mahmoud/airflow_env/lib/python3.10/site-packages/airflow/example_dags/example_dynamic_task_mapping.py
[2024-01-14T15:13:39.978+0200] {processor.py:830} INFO - Processing file /home/mahmoud/airflow_env/lib/python3.10/site-packages/airflow/example_dags/example_dynamic_task_mapping.py for tasks to queue
[2024-01-14T15:13:39.979+0200] {logging_mixin.py:188} INFO - [2024-01-14T15:13:39.978+0200] {dagbag.py:538} INFO - Filling up the DagBag from /home/mahmoud/airflow_env/lib/python3.10/site-packages/airflow/example_dags/example_dynamic_task_mapping.py
[2024-01-14T15:13:39.986+0200] {processor.py:840} INFO - DAG(s) 'example_dynamic_task_mapping' retrieved from /home/mahmoud/airflow_env/lib/python3.10/site-packages/airflow/example_dags/example_dynamic_task_mapping.py
[2024-01-14T15:13:39.999+0200] {logging_mixin.py:188} INFO - [2024-01-14T15:13:39.999+0200] {dag.py:3033} INFO - Sync 1 DAGs
[2024-01-14T15:13:40.016+0200] {logging_mixin.py:188} INFO - [2024-01-14T15:13:40.016+0200] {dag.py:3820} INFO - Setting next_dagrun for example_dynamic_task_mapping to 2022-03-04T00:00:00+00:00, run_after=2022-03-05T00:00:00+00:00
[2024-01-14T15:13:40.037+0200] {processor.py:183} INFO - Processing /home/mahmoud/airflow_env/lib/python3.10/site-packages/airflow/example_dags/example_dynamic_task_mapping.py took 0.064 seconds
[2024-01-14T15:19:53.794+0200] {processor.py:161} INFO - Started process (PID=19413) to work on /home/mahmoud/airflow_env/lib/python3.10/site-packages/airflow/example_dags/example_dynamic_task_mapping.py
[2024-01-14T15:19:53.796+0200] {processor.py:830} INFO - Processing file /home/mahmoud/airflow_env/lib/python3.10/site-packages/airflow/example_dags/example_dynamic_task_mapping.py for tasks to queue
[2024-01-14T15:19:53.796+0200] {logging_mixin.py:188} INFO - [2024-01-14T15:19:53.796+0200] {dagbag.py:538} INFO - Filling up the DagBag from /home/mahmoud/airflow_env/lib/python3.10/site-packages/airflow/example_dags/example_dynamic_task_mapping.py
[2024-01-14T15:19:53.805+0200] {processor.py:840} INFO - DAG(s) 'example_dynamic_task_mapping' retrieved from /home/mahmoud/airflow_env/lib/python3.10/site-packages/airflow/example_dags/example_dynamic_task_mapping.py
[2024-01-14T15:19:53.819+0200] {logging_mixin.py:188} INFO - [2024-01-14T15:19:53.818+0200] {dag.py:3033} INFO - Sync 1 DAGs
[2024-01-14T15:19:53.835+0200] {logging_mixin.py:188} INFO - [2024-01-14T15:19:53.835+0200] {dag.py:3820} INFO - Setting next_dagrun for example_dynamic_task_mapping to 2022-03-04T00:00:00+00:00, run_after=2022-03-05T00:00:00+00:00
[2024-01-14T15:19:53.935+0200] {processor.py:183} INFO - Processing /home/mahmoud/airflow_env/lib/python3.10/site-packages/airflow/example_dags/example_dynamic_task_mapping.py took 0.143 seconds
[2024-01-14T15:20:47.080+0200] {processor.py:161} INFO - Started process (PID=19647) to work on /home/mahmoud/airflow_env/lib/python3.10/site-packages/airflow/example_dags/example_dynamic_task_mapping.py
[2024-01-14T15:20:47.083+0200] {processor.py:830} INFO - Processing file /home/mahmoud/airflow_env/lib/python3.10/site-packages/airflow/example_dags/example_dynamic_task_mapping.py for tasks to queue
[2024-01-14T15:20:47.084+0200] {logging_mixin.py:188} INFO - [2024-01-14T15:20:47.084+0200] {dagbag.py:538} INFO - Filling up the DagBag from /home/mahmoud/airflow_env/lib/python3.10/site-packages/airflow/example_dags/example_dynamic_task_mapping.py
[2024-01-14T15:20:47.093+0200] {processor.py:840} INFO - DAG(s) 'example_dynamic_task_mapping' retrieved from /home/mahmoud/airflow_env/lib/python3.10/site-packages/airflow/example_dags/example_dynamic_task_mapping.py
[2024-01-14T15:20:47.108+0200] {logging_mixin.py:188} INFO - [2024-01-14T15:20:47.108+0200] {dag.py:3033} INFO - Sync 1 DAGs
[2024-01-14T15:20:47.127+0200] {logging_mixin.py:188} INFO - [2024-01-14T15:20:47.127+0200] {dag.py:3820} INFO - Setting next_dagrun for example_dynamic_task_mapping to 2022-03-04T00:00:00+00:00, run_after=2022-03-05T00:00:00+00:00
[2024-01-14T15:20:47.150+0200] {processor.py:183} INFO - Processing /home/mahmoud/airflow_env/lib/python3.10/site-packages/airflow/example_dags/example_dynamic_task_mapping.py took 0.075 seconds
[2024-01-14T15:21:28.687+0200] {processor.py:161} INFO - Started process (PID=19808) to work on /home/mahmoud/airflow_env/lib/python3.10/site-packages/airflow/example_dags/example_dynamic_task_mapping.py
[2024-01-14T15:21:28.690+0200] {processor.py:830} INFO - Processing file /home/mahmoud/airflow_env/lib/python3.10/site-packages/airflow/example_dags/example_dynamic_task_mapping.py for tasks to queue
[2024-01-14T15:21:28.691+0200] {logging_mixin.py:188} INFO - [2024-01-14T15:21:28.691+0200] {dagbag.py:538} INFO - Filling up the DagBag from /home/mahmoud/airflow_env/lib/python3.10/site-packages/airflow/example_dags/example_dynamic_task_mapping.py
[2024-01-14T15:21:28.701+0200] {processor.py:840} INFO - DAG(s) 'example_dynamic_task_mapping' retrieved from /home/mahmoud/airflow_env/lib/python3.10/site-packages/airflow/example_dags/example_dynamic_task_mapping.py
[2024-01-14T15:21:28.716+0200] {logging_mixin.py:188} INFO - [2024-01-14T15:21:28.716+0200] {dag.py:3033} INFO - Sync 1 DAGs
[2024-01-14T15:21:28.734+0200] {logging_mixin.py:188} INFO - [2024-01-14T15:21:28.734+0200] {dag.py:3820} INFO - Setting next_dagrun for example_dynamic_task_mapping to 2022-03-04T00:00:00+00:00, run_after=2022-03-05T00:00:00+00:00
[2024-01-14T15:21:28.757+0200] {processor.py:183} INFO - Processing /home/mahmoud/airflow_env/lib/python3.10/site-packages/airflow/example_dags/example_dynamic_task_mapping.py took 0.075 seconds
[2024-01-14T15:22:06.444+0200] {processor.py:161} INFO - Started process (PID=19955) to work on /home/mahmoud/airflow_env/lib/python3.10/site-packages/airflow/example_dags/example_dynamic_task_mapping.py
[2024-01-14T15:22:06.447+0200] {processor.py:830} INFO - Processing file /home/mahmoud/airflow_env/lib/python3.10/site-packages/airflow/example_dags/example_dynamic_task_mapping.py for tasks to queue
[2024-01-14T15:22:06.448+0200] {logging_mixin.py:188} INFO - [2024-01-14T15:22:06.448+0200] {dagbag.py:538} INFO - Filling up the DagBag from /home/mahmoud/airflow_env/lib/python3.10/site-packages/airflow/example_dags/example_dynamic_task_mapping.py
[2024-01-14T15:22:06.460+0200] {processor.py:840} INFO - DAG(s) 'example_dynamic_task_mapping' retrieved from /home/mahmoud/airflow_env/lib/python3.10/site-packages/airflow/example_dags/example_dynamic_task_mapping.py
[2024-01-14T15:22:06.476+0200] {logging_mixin.py:188} INFO - [2024-01-14T15:22:06.476+0200] {dag.py:3033} INFO - Sync 1 DAGs
[2024-01-14T15:22:06.501+0200] {logging_mixin.py:188} INFO - [2024-01-14T15:22:06.500+0200] {dag.py:3820} INFO - Setting next_dagrun for example_dynamic_task_mapping to 2022-03-04T00:00:00+00:00, run_after=2022-03-05T00:00:00+00:00
[2024-01-14T15:22:06.531+0200] {processor.py:183} INFO - Processing /home/mahmoud/airflow_env/lib/python3.10/site-packages/airflow/example_dags/example_dynamic_task_mapping.py took 0.093 seconds
[2024-01-14T15:22:43.697+0200] {processor.py:161} INFO - Started process (PID=20107) to work on /home/mahmoud/airflow_env/lib/python3.10/site-packages/airflow/example_dags/example_dynamic_task_mapping.py
[2024-01-14T15:22:43.699+0200] {processor.py:830} INFO - Processing file /home/mahmoud/airflow_env/lib/python3.10/site-packages/airflow/example_dags/example_dynamic_task_mapping.py for tasks to queue
[2024-01-14T15:22:43.700+0200] {logging_mixin.py:188} INFO - [2024-01-14T15:22:43.700+0200] {dagbag.py:538} INFO - Filling up the DagBag from /home/mahmoud/airflow_env/lib/python3.10/site-packages/airflow/example_dags/example_dynamic_task_mapping.py
[2024-01-14T15:22:43.706+0200] {processor.py:840} INFO - DAG(s) 'example_dynamic_task_mapping' retrieved from /home/mahmoud/airflow_env/lib/python3.10/site-packages/airflow/example_dags/example_dynamic_task_mapping.py
[2024-01-14T15:22:43.719+0200] {logging_mixin.py:188} INFO - [2024-01-14T15:22:43.719+0200] {dag.py:3033} INFO - Sync 1 DAGs
[2024-01-14T15:22:43.735+0200] {logging_mixin.py:188} INFO - [2024-01-14T15:22:43.735+0200] {dag.py:3820} INFO - Setting next_dagrun for example_dynamic_task_mapping to 2022-03-04T00:00:00+00:00, run_after=2022-03-05T00:00:00+00:00
[2024-01-14T15:22:43.756+0200] {processor.py:183} INFO - Processing /home/mahmoud/airflow_env/lib/python3.10/site-packages/airflow/example_dags/example_dynamic_task_mapping.py took 0.061 seconds
[2024-01-14T15:23:25.166+0200] {processor.py:161} INFO - Started process (PID=20392) to work on /home/mahmoud/airflow_env/lib/python3.10/site-packages/airflow/example_dags/example_dynamic_task_mapping.py
[2024-01-14T15:23:25.170+0200] {processor.py:830} INFO - Processing file /home/mahmoud/airflow_env/lib/python3.10/site-packages/airflow/example_dags/example_dynamic_task_mapping.py for tasks to queue
[2024-01-14T15:23:25.171+0200] {logging_mixin.py:188} INFO - [2024-01-14T15:23:25.170+0200] {dagbag.py:538} INFO - Filling up the DagBag from /home/mahmoud/airflow_env/lib/python3.10/site-packages/airflow/example_dags/example_dynamic_task_mapping.py
[2024-01-14T15:23:25.182+0200] {processor.py:840} INFO - DAG(s) 'example_dynamic_task_mapping' retrieved from /home/mahmoud/airflow_env/lib/python3.10/site-packages/airflow/example_dags/example_dynamic_task_mapping.py
[2024-01-14T15:23:25.196+0200] {logging_mixin.py:188} INFO - [2024-01-14T15:23:25.196+0200] {dag.py:3033} INFO - Sync 1 DAGs
[2024-01-14T15:23:25.214+0200] {logging_mixin.py:188} INFO - [2024-01-14T15:23:25.213+0200] {dag.py:3820} INFO - Setting next_dagrun for example_dynamic_task_mapping to 2022-03-04T00:00:00+00:00, run_after=2022-03-05T00:00:00+00:00
[2024-01-14T15:23:25.321+0200] {processor.py:183} INFO - Processing /home/mahmoud/airflow_env/lib/python3.10/site-packages/airflow/example_dags/example_dynamic_task_mapping.py took 0.169 seconds
[2024-01-14T15:37:46.201+0200] {processor.py:161} INFO - Started process (PID=24415) to work on /home/mahmoud/airflow_env/lib/python3.10/site-packages/airflow/example_dags/example_dynamic_task_mapping.py
[2024-01-14T15:37:46.204+0200] {processor.py:830} INFO - Processing file /home/mahmoud/airflow_env/lib/python3.10/site-packages/airflow/example_dags/example_dynamic_task_mapping.py for tasks to queue
[2024-01-14T15:37:46.205+0200] {logging_mixin.py:188} INFO - [2024-01-14T15:37:46.204+0200] {dagbag.py:538} INFO - Filling up the DagBag from /home/mahmoud/airflow_env/lib/python3.10/site-packages/airflow/example_dags/example_dynamic_task_mapping.py
[2024-01-14T15:37:46.215+0200] {processor.py:840} INFO - DAG(s) 'example_dynamic_task_mapping' retrieved from /home/mahmoud/airflow_env/lib/python3.10/site-packages/airflow/example_dags/example_dynamic_task_mapping.py
[2024-01-14T15:37:46.229+0200] {logging_mixin.py:188} INFO - [2024-01-14T15:37:46.228+0200] {dag.py:3033} INFO - Sync 1 DAGs
[2024-01-14T15:37:46.244+0200] {logging_mixin.py:188} INFO - [2024-01-14T15:37:46.244+0200] {dag.py:3820} INFO - Setting next_dagrun for example_dynamic_task_mapping to 2022-03-04T00:00:00+00:00, run_after=2022-03-05T00:00:00+00:00
[2024-01-14T15:37:46.350+0200] {processor.py:183} INFO - Processing /home/mahmoud/airflow_env/lib/python3.10/site-packages/airflow/example_dags/example_dynamic_task_mapping.py took 0.154 seconds
[2024-01-14T15:38:39.782+0200] {processor.py:161} INFO - Started process (PID=24846) to work on /home/mahmoud/airflow_env/lib/python3.10/site-packages/airflow/example_dags/example_dynamic_task_mapping.py
[2024-01-14T15:38:39.784+0200] {processor.py:830} INFO - Processing file /home/mahmoud/airflow_env/lib/python3.10/site-packages/airflow/example_dags/example_dynamic_task_mapping.py for tasks to queue
[2024-01-14T15:38:39.785+0200] {logging_mixin.py:188} INFO - [2024-01-14T15:38:39.785+0200] {dagbag.py:538} INFO - Filling up the DagBag from /home/mahmoud/airflow_env/lib/python3.10/site-packages/airflow/example_dags/example_dynamic_task_mapping.py
[2024-01-14T15:38:39.792+0200] {processor.py:840} INFO - DAG(s) 'example_dynamic_task_mapping' retrieved from /home/mahmoud/airflow_env/lib/python3.10/site-packages/airflow/example_dags/example_dynamic_task_mapping.py
[2024-01-14T15:38:39.805+0200] {logging_mixin.py:188} INFO - [2024-01-14T15:38:39.804+0200] {dag.py:3033} INFO - Sync 1 DAGs
[2024-01-14T15:38:39.823+0200] {logging_mixin.py:188} INFO - [2024-01-14T15:38:39.823+0200] {dag.py:3820} INFO - Setting next_dagrun for example_dynamic_task_mapping to 2022-03-04T00:00:00+00:00, run_after=2022-03-05T00:00:00+00:00
[2024-01-14T15:38:39.844+0200] {processor.py:183} INFO - Processing /home/mahmoud/airflow_env/lib/python3.10/site-packages/airflow/example_dags/example_dynamic_task_mapping.py took 0.066 seconds
[2024-01-14T15:39:17.544+0200] {processor.py:161} INFO - Started process (PID=25124) to work on /home/mahmoud/airflow_env/lib/python3.10/site-packages/airflow/example_dags/example_dynamic_task_mapping.py
[2024-01-14T15:39:17.547+0200] {processor.py:830} INFO - Processing file /home/mahmoud/airflow_env/lib/python3.10/site-packages/airflow/example_dags/example_dynamic_task_mapping.py for tasks to queue
[2024-01-14T15:39:17.548+0200] {logging_mixin.py:188} INFO - [2024-01-14T15:39:17.547+0200] {dagbag.py:538} INFO - Filling up the DagBag from /home/mahmoud/airflow_env/lib/python3.10/site-packages/airflow/example_dags/example_dynamic_task_mapping.py
[2024-01-14T15:39:17.557+0200] {processor.py:840} INFO - DAG(s) 'example_dynamic_task_mapping' retrieved from /home/mahmoud/airflow_env/lib/python3.10/site-packages/airflow/example_dags/example_dynamic_task_mapping.py
[2024-01-14T15:39:17.573+0200] {logging_mixin.py:188} INFO - [2024-01-14T15:39:17.572+0200] {dag.py:3033} INFO - Sync 1 DAGs
[2024-01-14T15:39:17.592+0200] {logging_mixin.py:188} INFO - [2024-01-14T15:39:17.592+0200] {dag.py:3820} INFO - Setting next_dagrun for example_dynamic_task_mapping to 2022-03-04T00:00:00+00:00, run_after=2022-03-05T00:00:00+00:00
[2024-01-14T15:39:17.616+0200] {processor.py:183} INFO - Processing /home/mahmoud/airflow_env/lib/python3.10/site-packages/airflow/example_dags/example_dynamic_task_mapping.py took 0.076 seconds
[2024-01-14T15:40:04.050+0200] {processor.py:161} INFO - Started process (PID=25311) to work on /home/mahmoud/airflow_env/lib/python3.10/site-packages/airflow/example_dags/example_dynamic_task_mapping.py
[2024-01-14T15:40:04.052+0200] {processor.py:830} INFO - Processing file /home/mahmoud/airflow_env/lib/python3.10/site-packages/airflow/example_dags/example_dynamic_task_mapping.py for tasks to queue
[2024-01-14T15:40:04.053+0200] {logging_mixin.py:188} INFO - [2024-01-14T15:40:04.053+0200] {dagbag.py:538} INFO - Filling up the DagBag from /home/mahmoud/airflow_env/lib/python3.10/site-packages/airflow/example_dags/example_dynamic_task_mapping.py
[2024-01-14T15:40:04.063+0200] {processor.py:840} INFO - DAG(s) 'example_dynamic_task_mapping' retrieved from /home/mahmoud/airflow_env/lib/python3.10/site-packages/airflow/example_dags/example_dynamic_task_mapping.py
[2024-01-14T15:40:04.078+0200] {logging_mixin.py:188} INFO - [2024-01-14T15:40:04.077+0200] {dag.py:3033} INFO - Sync 1 DAGs
[2024-01-14T15:40:04.095+0200] {logging_mixin.py:188} INFO - [2024-01-14T15:40:04.095+0200] {dag.py:3820} INFO - Setting next_dagrun for example_dynamic_task_mapping to 2022-03-04T00:00:00+00:00, run_after=2022-03-05T00:00:00+00:00
[2024-01-14T15:40:04.117+0200] {processor.py:183} INFO - Processing /home/mahmoud/airflow_env/lib/python3.10/site-packages/airflow/example_dags/example_dynamic_task_mapping.py took 0.072 seconds
[2024-01-14T15:40:41.149+0200] {processor.py:161} INFO - Started process (PID=25456) to work on /home/mahmoud/airflow_env/lib/python3.10/site-packages/airflow/example_dags/example_dynamic_task_mapping.py
[2024-01-14T15:40:41.151+0200] {processor.py:830} INFO - Processing file /home/mahmoud/airflow_env/lib/python3.10/site-packages/airflow/example_dags/example_dynamic_task_mapping.py for tasks to queue
[2024-01-14T15:40:41.151+0200] {logging_mixin.py:188} INFO - [2024-01-14T15:40:41.151+0200] {dagbag.py:538} INFO - Filling up the DagBag from /home/mahmoud/airflow_env/lib/python3.10/site-packages/airflow/example_dags/example_dynamic_task_mapping.py
[2024-01-14T15:40:41.158+0200] {processor.py:840} INFO - DAG(s) 'example_dynamic_task_mapping' retrieved from /home/mahmoud/airflow_env/lib/python3.10/site-packages/airflow/example_dags/example_dynamic_task_mapping.py
[2024-01-14T15:40:41.169+0200] {logging_mixin.py:188} INFO - [2024-01-14T15:40:41.169+0200] {dag.py:3033} INFO - Sync 1 DAGs
[2024-01-14T15:40:41.186+0200] {logging_mixin.py:188} INFO - [2024-01-14T15:40:41.186+0200] {dag.py:3820} INFO - Setting next_dagrun for example_dynamic_task_mapping to 2022-03-04T00:00:00+00:00, run_after=2022-03-05T00:00:00+00:00
[2024-01-14T15:40:41.210+0200] {processor.py:183} INFO - Processing /home/mahmoud/airflow_env/lib/python3.10/site-packages/airflow/example_dags/example_dynamic_task_mapping.py took 0.064 seconds
[2024-01-14T15:41:18.218+0200] {processor.py:161} INFO - Started process (PID=25666) to work on /home/mahmoud/airflow_env/lib/python3.10/site-packages/airflow/example_dags/example_dynamic_task_mapping.py
[2024-01-14T15:41:18.219+0200] {processor.py:830} INFO - Processing file /home/mahmoud/airflow_env/lib/python3.10/site-packages/airflow/example_dags/example_dynamic_task_mapping.py for tasks to queue
[2024-01-14T15:41:18.220+0200] {logging_mixin.py:188} INFO - [2024-01-14T15:41:18.220+0200] {dagbag.py:538} INFO - Filling up the DagBag from /home/mahmoud/airflow_env/lib/python3.10/site-packages/airflow/example_dags/example_dynamic_task_mapping.py
[2024-01-14T15:41:18.227+0200] {processor.py:840} INFO - DAG(s) 'example_dynamic_task_mapping' retrieved from /home/mahmoud/airflow_env/lib/python3.10/site-packages/airflow/example_dags/example_dynamic_task_mapping.py
[2024-01-14T15:41:18.239+0200] {logging_mixin.py:188} INFO - [2024-01-14T15:41:18.239+0200] {dag.py:3033} INFO - Sync 1 DAGs
[2024-01-14T15:41:18.255+0200] {logging_mixin.py:188} INFO - [2024-01-14T15:41:18.255+0200] {dag.py:3820} INFO - Setting next_dagrun for example_dynamic_task_mapping to 2022-03-04T00:00:00+00:00, run_after=2022-03-05T00:00:00+00:00
[2024-01-14T15:41:18.278+0200] {processor.py:183} INFO - Processing /home/mahmoud/airflow_env/lib/python3.10/site-packages/airflow/example_dags/example_dynamic_task_mapping.py took 0.062 seconds
[2024-01-14T15:41:52.127+0200] {processor.py:161} INFO - Started process (PID=25796) to work on /home/mahmoud/airflow_env/lib/python3.10/site-packages/airflow/example_dags/example_dynamic_task_mapping.py
[2024-01-14T15:41:52.129+0200] {processor.py:830} INFO - Processing file /home/mahmoud/airflow_env/lib/python3.10/site-packages/airflow/example_dags/example_dynamic_task_mapping.py for tasks to queue
[2024-01-14T15:41:52.129+0200] {logging_mixin.py:188} INFO - [2024-01-14T15:41:52.129+0200] {dagbag.py:538} INFO - Filling up the DagBag from /home/mahmoud/airflow_env/lib/python3.10/site-packages/airflow/example_dags/example_dynamic_task_mapping.py
[2024-01-14T15:41:52.140+0200] {processor.py:840} INFO - DAG(s) 'example_dynamic_task_mapping' retrieved from /home/mahmoud/airflow_env/lib/python3.10/site-packages/airflow/example_dags/example_dynamic_task_mapping.py
[2024-01-14T15:41:52.159+0200] {logging_mixin.py:188} INFO - [2024-01-14T15:41:52.159+0200] {dag.py:3033} INFO - Sync 1 DAGs
[2024-01-14T15:41:52.175+0200] {logging_mixin.py:188} INFO - [2024-01-14T15:41:52.175+0200] {dag.py:3820} INFO - Setting next_dagrun for example_dynamic_task_mapping to 2022-03-04T00:00:00+00:00, run_after=2022-03-05T00:00:00+00:00
[2024-01-14T15:41:52.193+0200] {processor.py:183} INFO - Processing /home/mahmoud/airflow_env/lib/python3.10/site-packages/airflow/example_dags/example_dynamic_task_mapping.py took 0.069 seconds
[2024-01-14T15:42:27.651+0200] {processor.py:161} INFO - Started process (PID=25971) to work on /home/mahmoud/airflow_env/lib/python3.10/site-packages/airflow/example_dags/example_dynamic_task_mapping.py
[2024-01-14T15:42:27.653+0200] {processor.py:830} INFO - Processing file /home/mahmoud/airflow_env/lib/python3.10/site-packages/airflow/example_dags/example_dynamic_task_mapping.py for tasks to queue
[2024-01-14T15:42:27.654+0200] {logging_mixin.py:188} INFO - [2024-01-14T15:42:27.654+0200] {dagbag.py:538} INFO - Filling up the DagBag from /home/mahmoud/airflow_env/lib/python3.10/site-packages/airflow/example_dags/example_dynamic_task_mapping.py
[2024-01-14T15:42:27.661+0200] {processor.py:840} INFO - DAG(s) 'example_dynamic_task_mapping' retrieved from /home/mahmoud/airflow_env/lib/python3.10/site-packages/airflow/example_dags/example_dynamic_task_mapping.py
[2024-01-14T15:42:27.672+0200] {logging_mixin.py:188} INFO - [2024-01-14T15:42:27.672+0200] {dag.py:3033} INFO - Sync 1 DAGs
[2024-01-14T15:42:27.693+0200] {logging_mixin.py:188} INFO - [2024-01-14T15:42:27.692+0200] {dag.py:3820} INFO - Setting next_dagrun for example_dynamic_task_mapping to 2022-03-04T00:00:00+00:00, run_after=2022-03-05T00:00:00+00:00
[2024-01-14T15:42:27.715+0200] {processor.py:183} INFO - Processing /home/mahmoud/airflow_env/lib/python3.10/site-packages/airflow/example_dags/example_dynamic_task_mapping.py took 0.065 seconds
[2024-01-14T15:43:07.486+0200] {processor.py:161} INFO - Started process (PID=26596) to work on /home/mahmoud/airflow_env/lib/python3.10/site-packages/airflow/example_dags/example_dynamic_task_mapping.py
[2024-01-14T15:43:07.487+0200] {processor.py:830} INFO - Processing file /home/mahmoud/airflow_env/lib/python3.10/site-packages/airflow/example_dags/example_dynamic_task_mapping.py for tasks to queue
[2024-01-14T15:43:07.488+0200] {logging_mixin.py:188} INFO - [2024-01-14T15:43:07.488+0200] {dagbag.py:538} INFO - Filling up the DagBag from /home/mahmoud/airflow_env/lib/python3.10/site-packages/airflow/example_dags/example_dynamic_task_mapping.py
[2024-01-14T15:43:07.495+0200] {processor.py:840} INFO - DAG(s) 'example_dynamic_task_mapping' retrieved from /home/mahmoud/airflow_env/lib/python3.10/site-packages/airflow/example_dags/example_dynamic_task_mapping.py
[2024-01-14T15:43:07.509+0200] {logging_mixin.py:188} INFO - [2024-01-14T15:43:07.509+0200] {dag.py:3033} INFO - Sync 1 DAGs
[2024-01-14T15:43:07.526+0200] {logging_mixin.py:188} INFO - [2024-01-14T15:43:07.526+0200] {dag.py:3820} INFO - Setting next_dagrun for example_dynamic_task_mapping to 2022-03-04T00:00:00+00:00, run_after=2022-03-05T00:00:00+00:00
[2024-01-14T15:43:07.548+0200] {processor.py:183} INFO - Processing /home/mahmoud/airflow_env/lib/python3.10/site-packages/airflow/example_dags/example_dynamic_task_mapping.py took 0.065 seconds
[2024-01-14T15:43:43.864+0200] {processor.py:161} INFO - Started process (PID=26800) to work on /home/mahmoud/airflow_env/lib/python3.10/site-packages/airflow/example_dags/example_dynamic_task_mapping.py
[2024-01-14T15:43:43.865+0200] {processor.py:830} INFO - Processing file /home/mahmoud/airflow_env/lib/python3.10/site-packages/airflow/example_dags/example_dynamic_task_mapping.py for tasks to queue
[2024-01-14T15:43:43.866+0200] {logging_mixin.py:188} INFO - [2024-01-14T15:43:43.866+0200] {dagbag.py:538} INFO - Filling up the DagBag from /home/mahmoud/airflow_env/lib/python3.10/site-packages/airflow/example_dags/example_dynamic_task_mapping.py
[2024-01-14T15:43:43.874+0200] {processor.py:840} INFO - DAG(s) 'example_dynamic_task_mapping' retrieved from /home/mahmoud/airflow_env/lib/python3.10/site-packages/airflow/example_dags/example_dynamic_task_mapping.py
[2024-01-14T15:43:43.886+0200] {logging_mixin.py:188} INFO - [2024-01-14T15:43:43.885+0200] {dag.py:3033} INFO - Sync 1 DAGs
[2024-01-14T15:43:43.903+0200] {logging_mixin.py:188} INFO - [2024-01-14T15:43:43.902+0200] {dag.py:3820} INFO - Setting next_dagrun for example_dynamic_task_mapping to 2022-03-04T00:00:00+00:00, run_after=2022-03-05T00:00:00+00:00
[2024-01-14T15:43:43.921+0200] {processor.py:183} INFO - Processing /home/mahmoud/airflow_env/lib/python3.10/site-packages/airflow/example_dags/example_dynamic_task_mapping.py took 0.063 seconds
[2024-01-14T15:44:24.987+0200] {processor.py:161} INFO - Started process (PID=27220) to work on /home/mahmoud/airflow_env/lib/python3.10/site-packages/airflow/example_dags/example_dynamic_task_mapping.py
[2024-01-14T15:44:24.988+0200] {processor.py:830} INFO - Processing file /home/mahmoud/airflow_env/lib/python3.10/site-packages/airflow/example_dags/example_dynamic_task_mapping.py for tasks to queue
[2024-01-14T15:44:24.989+0200] {logging_mixin.py:188} INFO - [2024-01-14T15:44:24.989+0200] {dagbag.py:538} INFO - Filling up the DagBag from /home/mahmoud/airflow_env/lib/python3.10/site-packages/airflow/example_dags/example_dynamic_task_mapping.py
[2024-01-14T15:44:24.996+0200] {processor.py:840} INFO - DAG(s) 'example_dynamic_task_mapping' retrieved from /home/mahmoud/airflow_env/lib/python3.10/site-packages/airflow/example_dags/example_dynamic_task_mapping.py
[2024-01-14T15:44:25.010+0200] {logging_mixin.py:188} INFO - [2024-01-14T15:44:25.009+0200] {dag.py:3033} INFO - Sync 1 DAGs
[2024-01-14T15:44:25.026+0200] {logging_mixin.py:188} INFO - [2024-01-14T15:44:25.026+0200] {dag.py:3820} INFO - Setting next_dagrun for example_dynamic_task_mapping to 2022-03-04T00:00:00+00:00, run_after=2022-03-05T00:00:00+00:00
[2024-01-14T15:44:25.042+0200] {processor.py:183} INFO - Processing /home/mahmoud/airflow_env/lib/python3.10/site-packages/airflow/example_dags/example_dynamic_task_mapping.py took 0.058 seconds
[2024-01-14T15:45:16.064+0200] {processor.py:161} INFO - Started process (PID=27744) to work on /home/mahmoud/airflow_env/lib/python3.10/site-packages/airflow/example_dags/example_dynamic_task_mapping.py
[2024-01-14T15:45:16.066+0200] {processor.py:830} INFO - Processing file /home/mahmoud/airflow_env/lib/python3.10/site-packages/airflow/example_dags/example_dynamic_task_mapping.py for tasks to queue
[2024-01-14T15:45:16.066+0200] {logging_mixin.py:188} INFO - [2024-01-14T15:45:16.066+0200] {dagbag.py:538} INFO - Filling up the DagBag from /home/mahmoud/airflow_env/lib/python3.10/site-packages/airflow/example_dags/example_dynamic_task_mapping.py
[2024-01-14T15:45:16.072+0200] {processor.py:840} INFO - DAG(s) 'example_dynamic_task_mapping' retrieved from /home/mahmoud/airflow_env/lib/python3.10/site-packages/airflow/example_dags/example_dynamic_task_mapping.py
[2024-01-14T15:45:16.085+0200] {logging_mixin.py:188} INFO - [2024-01-14T15:45:16.085+0200] {dag.py:3033} INFO - Sync 1 DAGs
[2024-01-14T15:45:16.104+0200] {logging_mixin.py:188} INFO - [2024-01-14T15:45:16.104+0200] {dag.py:3820} INFO - Setting next_dagrun for example_dynamic_task_mapping to 2022-03-04T00:00:00+00:00, run_after=2022-03-05T00:00:00+00:00
[2024-01-14T15:45:16.131+0200] {processor.py:183} INFO - Processing /home/mahmoud/airflow_env/lib/python3.10/site-packages/airflow/example_dags/example_dynamic_task_mapping.py took 0.070 seconds
[2024-01-14T15:46:03.104+0200] {processor.py:161} INFO - Started process (PID=27931) to work on /home/mahmoud/airflow_env/lib/python3.10/site-packages/airflow/example_dags/example_dynamic_task_mapping.py
[2024-01-14T15:46:03.106+0200] {processor.py:830} INFO - Processing file /home/mahmoud/airflow_env/lib/python3.10/site-packages/airflow/example_dags/example_dynamic_task_mapping.py for tasks to queue
[2024-01-14T15:46:03.107+0200] {logging_mixin.py:188} INFO - [2024-01-14T15:46:03.107+0200] {dagbag.py:538} INFO - Filling up the DagBag from /home/mahmoud/airflow_env/lib/python3.10/site-packages/airflow/example_dags/example_dynamic_task_mapping.py
[2024-01-14T15:46:03.114+0200] {processor.py:840} INFO - DAG(s) 'example_dynamic_task_mapping' retrieved from /home/mahmoud/airflow_env/lib/python3.10/site-packages/airflow/example_dags/example_dynamic_task_mapping.py
[2024-01-14T15:46:03.138+0200] {logging_mixin.py:188} INFO - [2024-01-14T15:46:03.137+0200] {dag.py:3033} INFO - Sync 1 DAGs
[2024-01-14T15:46:03.160+0200] {logging_mixin.py:188} INFO - [2024-01-14T15:46:03.160+0200] {dag.py:3820} INFO - Setting next_dagrun for example_dynamic_task_mapping to 2022-03-04T00:00:00+00:00, run_after=2022-03-05T00:00:00+00:00
[2024-01-14T15:46:03.183+0200] {processor.py:183} INFO - Processing /home/mahmoud/airflow_env/lib/python3.10/site-packages/airflow/example_dags/example_dynamic_task_mapping.py took 0.081 seconds
[2024-01-14T15:46:40.675+0200] {processor.py:161} INFO - Started process (PID=28077) to work on /home/mahmoud/airflow_env/lib/python3.10/site-packages/airflow/example_dags/example_dynamic_task_mapping.py
[2024-01-14T15:46:40.677+0200] {processor.py:830} INFO - Processing file /home/mahmoud/airflow_env/lib/python3.10/site-packages/airflow/example_dags/example_dynamic_task_mapping.py for tasks to queue
[2024-01-14T15:46:40.679+0200] {logging_mixin.py:188} INFO - [2024-01-14T15:46:40.678+0200] {dagbag.py:538} INFO - Filling up the DagBag from /home/mahmoud/airflow_env/lib/python3.10/site-packages/airflow/example_dags/example_dynamic_task_mapping.py
[2024-01-14T15:46:40.688+0200] {processor.py:840} INFO - DAG(s) 'example_dynamic_task_mapping' retrieved from /home/mahmoud/airflow_env/lib/python3.10/site-packages/airflow/example_dags/example_dynamic_task_mapping.py
[2024-01-14T15:46:40.703+0200] {logging_mixin.py:188} INFO - [2024-01-14T15:46:40.703+0200] {dag.py:3033} INFO - Sync 1 DAGs
[2024-01-14T15:46:40.721+0200] {logging_mixin.py:188} INFO - [2024-01-14T15:46:40.721+0200] {dag.py:3820} INFO - Setting next_dagrun for example_dynamic_task_mapping to 2022-03-04T00:00:00+00:00, run_after=2022-03-05T00:00:00+00:00
[2024-01-14T15:46:40.746+0200] {processor.py:183} INFO - Processing /home/mahmoud/airflow_env/lib/python3.10/site-packages/airflow/example_dags/example_dynamic_task_mapping.py took 0.077 seconds
[2024-01-14T15:47:15.355+0200] {processor.py:161} INFO - Started process (PID=28281) to work on /home/mahmoud/airflow_env/lib/python3.10/site-packages/airflow/example_dags/example_dynamic_task_mapping.py
[2024-01-14T15:47:15.358+0200] {processor.py:830} INFO - Processing file /home/mahmoud/airflow_env/lib/python3.10/site-packages/airflow/example_dags/example_dynamic_task_mapping.py for tasks to queue
[2024-01-14T15:47:15.359+0200] {logging_mixin.py:188} INFO - [2024-01-14T15:47:15.358+0200] {dagbag.py:538} INFO - Filling up the DagBag from /home/mahmoud/airflow_env/lib/python3.10/site-packages/airflow/example_dags/example_dynamic_task_mapping.py
[2024-01-14T15:47:15.368+0200] {processor.py:840} INFO - DAG(s) 'example_dynamic_task_mapping' retrieved from /home/mahmoud/airflow_env/lib/python3.10/site-packages/airflow/example_dags/example_dynamic_task_mapping.py
[2024-01-14T15:47:15.385+0200] {logging_mixin.py:188} INFO - [2024-01-14T15:47:15.385+0200] {dag.py:3033} INFO - Sync 1 DAGs
[2024-01-14T15:47:15.405+0200] {logging_mixin.py:188} INFO - [2024-01-14T15:47:15.405+0200] {dag.py:3820} INFO - Setting next_dagrun for example_dynamic_task_mapping to 2022-03-04T00:00:00+00:00, run_after=2022-03-05T00:00:00+00:00
[2024-01-14T15:47:15.433+0200] {processor.py:183} INFO - Processing /home/mahmoud/airflow_env/lib/python3.10/site-packages/airflow/example_dags/example_dynamic_task_mapping.py took 0.080 seconds
[2024-01-14T15:47:50.308+0200] {processor.py:161} INFO - Started process (PID=28447) to work on /home/mahmoud/airflow_env/lib/python3.10/site-packages/airflow/example_dags/example_dynamic_task_mapping.py
[2024-01-14T15:47:50.310+0200] {processor.py:830} INFO - Processing file /home/mahmoud/airflow_env/lib/python3.10/site-packages/airflow/example_dags/example_dynamic_task_mapping.py for tasks to queue
[2024-01-14T15:47:50.311+0200] {logging_mixin.py:188} INFO - [2024-01-14T15:47:50.311+0200] {dagbag.py:538} INFO - Filling up the DagBag from /home/mahmoud/airflow_env/lib/python3.10/site-packages/airflow/example_dags/example_dynamic_task_mapping.py
[2024-01-14T15:47:50.317+0200] {processor.py:840} INFO - DAG(s) 'example_dynamic_task_mapping' retrieved from /home/mahmoud/airflow_env/lib/python3.10/site-packages/airflow/example_dags/example_dynamic_task_mapping.py
[2024-01-14T15:47:50.330+0200] {logging_mixin.py:188} INFO - [2024-01-14T15:47:50.330+0200] {dag.py:3033} INFO - Sync 1 DAGs
[2024-01-14T15:47:50.347+0200] {logging_mixin.py:188} INFO - [2024-01-14T15:47:50.347+0200] {dag.py:3820} INFO - Setting next_dagrun for example_dynamic_task_mapping to 2022-03-04T00:00:00+00:00, run_after=2022-03-05T00:00:00+00:00
[2024-01-14T15:47:50.370+0200] {processor.py:183} INFO - Processing /home/mahmoud/airflow_env/lib/python3.10/site-packages/airflow/example_dags/example_dynamic_task_mapping.py took 0.064 seconds
[2024-01-14T15:48:25.840+0200] {processor.py:161} INFO - Started process (PID=28588) to work on /home/mahmoud/airflow_env/lib/python3.10/site-packages/airflow/example_dags/example_dynamic_task_mapping.py
[2024-01-14T15:48:25.841+0200] {processor.py:830} INFO - Processing file /home/mahmoud/airflow_env/lib/python3.10/site-packages/airflow/example_dags/example_dynamic_task_mapping.py for tasks to queue
[2024-01-14T15:48:25.842+0200] {logging_mixin.py:188} INFO - [2024-01-14T15:48:25.842+0200] {dagbag.py:538} INFO - Filling up the DagBag from /home/mahmoud/airflow_env/lib/python3.10/site-packages/airflow/example_dags/example_dynamic_task_mapping.py
[2024-01-14T15:48:25.849+0200] {processor.py:840} INFO - DAG(s) 'example_dynamic_task_mapping' retrieved from /home/mahmoud/airflow_env/lib/python3.10/site-packages/airflow/example_dags/example_dynamic_task_mapping.py
[2024-01-14T15:48:25.860+0200] {logging_mixin.py:188} INFO - [2024-01-14T15:48:25.859+0200] {dag.py:3033} INFO - Sync 1 DAGs
[2024-01-14T15:48:25.875+0200] {logging_mixin.py:188} INFO - [2024-01-14T15:48:25.875+0200] {dag.py:3820} INFO - Setting next_dagrun for example_dynamic_task_mapping to 2022-03-04T00:00:00+00:00, run_after=2022-03-05T00:00:00+00:00
[2024-01-14T15:48:25.898+0200] {processor.py:183} INFO - Processing /home/mahmoud/airflow_env/lib/python3.10/site-packages/airflow/example_dags/example_dynamic_task_mapping.py took 0.061 seconds
[2024-01-14T15:49:00.843+0200] {processor.py:161} INFO - Started process (PID=28727) to work on /home/mahmoud/airflow_env/lib/python3.10/site-packages/airflow/example_dags/example_dynamic_task_mapping.py
[2024-01-14T15:49:00.845+0200] {processor.py:830} INFO - Processing file /home/mahmoud/airflow_env/lib/python3.10/site-packages/airflow/example_dags/example_dynamic_task_mapping.py for tasks to queue
[2024-01-14T15:49:00.846+0200] {logging_mixin.py:188} INFO - [2024-01-14T15:49:00.845+0200] {dagbag.py:538} INFO - Filling up the DagBag from /home/mahmoud/airflow_env/lib/python3.10/site-packages/airflow/example_dags/example_dynamic_task_mapping.py
[2024-01-14T15:49:00.852+0200] {processor.py:840} INFO - DAG(s) 'example_dynamic_task_mapping' retrieved from /home/mahmoud/airflow_env/lib/python3.10/site-packages/airflow/example_dags/example_dynamic_task_mapping.py
[2024-01-14T15:49:00.863+0200] {logging_mixin.py:188} INFO - [2024-01-14T15:49:00.863+0200] {dag.py:3033} INFO - Sync 1 DAGs
[2024-01-14T15:49:00.878+0200] {logging_mixin.py:188} INFO - [2024-01-14T15:49:00.877+0200] {dag.py:3820} INFO - Setting next_dagrun for example_dynamic_task_mapping to 2022-03-04T00:00:00+00:00, run_after=2022-03-05T00:00:00+00:00
[2024-01-14T15:49:00.900+0200] {processor.py:183} INFO - Processing /home/mahmoud/airflow_env/lib/python3.10/site-packages/airflow/example_dags/example_dynamic_task_mapping.py took 0.060 seconds
[2024-01-14T15:49:38.075+0200] {processor.py:161} INFO - Started process (PID=28875) to work on /home/mahmoud/airflow_env/lib/python3.10/site-packages/airflow/example_dags/example_dynamic_task_mapping.py
[2024-01-14T15:49:38.077+0200] {processor.py:830} INFO - Processing file /home/mahmoud/airflow_env/lib/python3.10/site-packages/airflow/example_dags/example_dynamic_task_mapping.py for tasks to queue
[2024-01-14T15:49:38.077+0200] {logging_mixin.py:188} INFO - [2024-01-14T15:49:38.077+0200] {dagbag.py:538} INFO - Filling up the DagBag from /home/mahmoud/airflow_env/lib/python3.10/site-packages/airflow/example_dags/example_dynamic_task_mapping.py
[2024-01-14T15:49:38.084+0200] {processor.py:840} INFO - DAG(s) 'example_dynamic_task_mapping' retrieved from /home/mahmoud/airflow_env/lib/python3.10/site-packages/airflow/example_dags/example_dynamic_task_mapping.py
[2024-01-14T15:49:38.097+0200] {logging_mixin.py:188} INFO - [2024-01-14T15:49:38.096+0200] {dag.py:3033} INFO - Sync 1 DAGs
[2024-01-14T15:49:38.113+0200] {logging_mixin.py:188} INFO - [2024-01-14T15:49:38.113+0200] {dag.py:3820} INFO - Setting next_dagrun for example_dynamic_task_mapping to 2022-03-04T00:00:00+00:00, run_after=2022-03-05T00:00:00+00:00
[2024-01-14T15:49:38.136+0200] {processor.py:183} INFO - Processing /home/mahmoud/airflow_env/lib/python3.10/site-packages/airflow/example_dags/example_dynamic_task_mapping.py took 0.064 seconds
[2024-01-14T15:50:12.386+0200] {processor.py:161} INFO - Started process (PID=29007) to work on /home/mahmoud/airflow_env/lib/python3.10/site-packages/airflow/example_dags/example_dynamic_task_mapping.py
[2024-01-14T15:50:12.388+0200] {processor.py:830} INFO - Processing file /home/mahmoud/airflow_env/lib/python3.10/site-packages/airflow/example_dags/example_dynamic_task_mapping.py for tasks to queue
[2024-01-14T15:50:12.389+0200] {logging_mixin.py:188} INFO - [2024-01-14T15:50:12.389+0200] {dagbag.py:538} INFO - Filling up the DagBag from /home/mahmoud/airflow_env/lib/python3.10/site-packages/airflow/example_dags/example_dynamic_task_mapping.py
[2024-01-14T15:50:12.398+0200] {processor.py:840} INFO - DAG(s) 'example_dynamic_task_mapping' retrieved from /home/mahmoud/airflow_env/lib/python3.10/site-packages/airflow/example_dags/example_dynamic_task_mapping.py
[2024-01-14T15:50:12.411+0200] {logging_mixin.py:188} INFO - [2024-01-14T15:50:12.411+0200] {dag.py:3033} INFO - Sync 1 DAGs
[2024-01-14T15:50:12.429+0200] {logging_mixin.py:188} INFO - [2024-01-14T15:50:12.428+0200] {dag.py:3820} INFO - Setting next_dagrun for example_dynamic_task_mapping to 2022-03-04T00:00:00+00:00, run_after=2022-03-05T00:00:00+00:00
[2024-01-14T15:50:12.450+0200] {processor.py:183} INFO - Processing /home/mahmoud/airflow_env/lib/python3.10/site-packages/airflow/example_dags/example_dynamic_task_mapping.py took 0.067 seconds
[2024-01-14T15:50:46.962+0200] {processor.py:161} INFO - Started process (PID=29146) to work on /home/mahmoud/airflow_env/lib/python3.10/site-packages/airflow/example_dags/example_dynamic_task_mapping.py
[2024-01-14T15:50:46.964+0200] {processor.py:830} INFO - Processing file /home/mahmoud/airflow_env/lib/python3.10/site-packages/airflow/example_dags/example_dynamic_task_mapping.py for tasks to queue
[2024-01-14T15:50:46.965+0200] {logging_mixin.py:188} INFO - [2024-01-14T15:50:46.964+0200] {dagbag.py:538} INFO - Filling up the DagBag from /home/mahmoud/airflow_env/lib/python3.10/site-packages/airflow/example_dags/example_dynamic_task_mapping.py
[2024-01-14T15:50:46.972+0200] {processor.py:840} INFO - DAG(s) 'example_dynamic_task_mapping' retrieved from /home/mahmoud/airflow_env/lib/python3.10/site-packages/airflow/example_dags/example_dynamic_task_mapping.py
[2024-01-14T15:50:46.985+0200] {logging_mixin.py:188} INFO - [2024-01-14T15:50:46.985+0200] {dag.py:3033} INFO - Sync 1 DAGs
[2024-01-14T15:50:47.002+0200] {logging_mixin.py:188} INFO - [2024-01-14T15:50:47.001+0200] {dag.py:3820} INFO - Setting next_dagrun for example_dynamic_task_mapping to 2022-03-04T00:00:00+00:00, run_after=2022-03-05T00:00:00+00:00
[2024-01-14T15:50:47.026+0200] {processor.py:183} INFO - Processing /home/mahmoud/airflow_env/lib/python3.10/site-packages/airflow/example_dags/example_dynamic_task_mapping.py took 0.068 seconds
[2024-01-14T15:51:22.400+0200] {processor.py:161} INFO - Started process (PID=29284) to work on /home/mahmoud/airflow_env/lib/python3.10/site-packages/airflow/example_dags/example_dynamic_task_mapping.py
[2024-01-14T15:51:22.403+0200] {processor.py:830} INFO - Processing file /home/mahmoud/airflow_env/lib/python3.10/site-packages/airflow/example_dags/example_dynamic_task_mapping.py for tasks to queue
[2024-01-14T15:51:22.405+0200] {logging_mixin.py:188} INFO - [2024-01-14T15:51:22.404+0200] {dagbag.py:538} INFO - Filling up the DagBag from /home/mahmoud/airflow_env/lib/python3.10/site-packages/airflow/example_dags/example_dynamic_task_mapping.py
[2024-01-14T15:51:22.420+0200] {processor.py:840} INFO - DAG(s) 'example_dynamic_task_mapping' retrieved from /home/mahmoud/airflow_env/lib/python3.10/site-packages/airflow/example_dags/example_dynamic_task_mapping.py
[2024-01-14T15:51:22.442+0200] {logging_mixin.py:188} INFO - [2024-01-14T15:51:22.442+0200] {dag.py:3033} INFO - Sync 1 DAGs
[2024-01-14T15:51:22.462+0200] {logging_mixin.py:188} INFO - [2024-01-14T15:51:22.462+0200] {dag.py:3820} INFO - Setting next_dagrun for example_dynamic_task_mapping to 2022-03-04T00:00:00+00:00, run_after=2022-03-05T00:00:00+00:00
[2024-01-14T15:51:22.485+0200] {processor.py:183} INFO - Processing /home/mahmoud/airflow_env/lib/python3.10/site-packages/airflow/example_dags/example_dynamic_task_mapping.py took 0.093 seconds
[2024-01-14T15:51:57.316+0200] {processor.py:161} INFO - Started process (PID=29423) to work on /home/mahmoud/airflow_env/lib/python3.10/site-packages/airflow/example_dags/example_dynamic_task_mapping.py
[2024-01-14T15:51:57.318+0200] {processor.py:830} INFO - Processing file /home/mahmoud/airflow_env/lib/python3.10/site-packages/airflow/example_dags/example_dynamic_task_mapping.py for tasks to queue
[2024-01-14T15:51:57.318+0200] {logging_mixin.py:188} INFO - [2024-01-14T15:51:57.318+0200] {dagbag.py:538} INFO - Filling up the DagBag from /home/mahmoud/airflow_env/lib/python3.10/site-packages/airflow/example_dags/example_dynamic_task_mapping.py
[2024-01-14T15:51:57.325+0200] {processor.py:840} INFO - DAG(s) 'example_dynamic_task_mapping' retrieved from /home/mahmoud/airflow_env/lib/python3.10/site-packages/airflow/example_dags/example_dynamic_task_mapping.py
[2024-01-14T15:51:57.338+0200] {logging_mixin.py:188} INFO - [2024-01-14T15:51:57.338+0200] {dag.py:3033} INFO - Sync 1 DAGs
[2024-01-14T15:51:57.355+0200] {logging_mixin.py:188} INFO - [2024-01-14T15:51:57.355+0200] {dag.py:3820} INFO - Setting next_dagrun for example_dynamic_task_mapping to 2022-03-04T00:00:00+00:00, run_after=2022-03-05T00:00:00+00:00
[2024-01-14T15:51:57.374+0200] {processor.py:183} INFO - Processing /home/mahmoud/airflow_env/lib/python3.10/site-packages/airflow/example_dags/example_dynamic_task_mapping.py took 0.061 seconds
[2024-01-14T15:52:31.673+0200] {processor.py:161} INFO - Started process (PID=29560) to work on /home/mahmoud/airflow_env/lib/python3.10/site-packages/airflow/example_dags/example_dynamic_task_mapping.py
[2024-01-14T15:52:31.674+0200] {processor.py:830} INFO - Processing file /home/mahmoud/airflow_env/lib/python3.10/site-packages/airflow/example_dags/example_dynamic_task_mapping.py for tasks to queue
[2024-01-14T15:52:31.675+0200] {logging_mixin.py:188} INFO - [2024-01-14T15:52:31.675+0200] {dagbag.py:538} INFO - Filling up the DagBag from /home/mahmoud/airflow_env/lib/python3.10/site-packages/airflow/example_dags/example_dynamic_task_mapping.py
[2024-01-14T15:52:31.680+0200] {processor.py:840} INFO - DAG(s) 'example_dynamic_task_mapping' retrieved from /home/mahmoud/airflow_env/lib/python3.10/site-packages/airflow/example_dags/example_dynamic_task_mapping.py
[2024-01-14T15:52:31.692+0200] {logging_mixin.py:188} INFO - [2024-01-14T15:52:31.692+0200] {dag.py:3033} INFO - Sync 1 DAGs
[2024-01-14T15:52:31.710+0200] {logging_mixin.py:188} INFO - [2024-01-14T15:52:31.710+0200] {dag.py:3820} INFO - Setting next_dagrun for example_dynamic_task_mapping to 2022-03-04T00:00:00+00:00, run_after=2022-03-05T00:00:00+00:00
[2024-01-14T15:52:31.732+0200] {processor.py:183} INFO - Processing /home/mahmoud/airflow_env/lib/python3.10/site-packages/airflow/example_dags/example_dynamic_task_mapping.py took 0.061 seconds
[2024-01-14T15:53:04.281+0200] {processor.py:161} INFO - Started process (PID=29719) to work on /home/mahmoud/airflow_env/lib/python3.10/site-packages/airflow/example_dags/example_dynamic_task_mapping.py
[2024-01-14T15:53:04.283+0200] {processor.py:830} INFO - Processing file /home/mahmoud/airflow_env/lib/python3.10/site-packages/airflow/example_dags/example_dynamic_task_mapping.py for tasks to queue
[2024-01-14T15:53:04.283+0200] {logging_mixin.py:188} INFO - [2024-01-14T15:53:04.283+0200] {dagbag.py:538} INFO - Filling up the DagBag from /home/mahmoud/airflow_env/lib/python3.10/site-packages/airflow/example_dags/example_dynamic_task_mapping.py
[2024-01-14T15:53:04.290+0200] {processor.py:840} INFO - DAG(s) 'example_dynamic_task_mapping' retrieved from /home/mahmoud/airflow_env/lib/python3.10/site-packages/airflow/example_dags/example_dynamic_task_mapping.py
[2024-01-14T15:53:04.303+0200] {logging_mixin.py:188} INFO - [2024-01-14T15:53:04.303+0200] {dag.py:3033} INFO - Sync 1 DAGs
[2024-01-14T15:53:04.320+0200] {logging_mixin.py:188} INFO - [2024-01-14T15:53:04.320+0200] {dag.py:3820} INFO - Setting next_dagrun for example_dynamic_task_mapping to 2022-03-04T00:00:00+00:00, run_after=2022-03-05T00:00:00+00:00
[2024-01-14T15:53:04.342+0200] {processor.py:183} INFO - Processing /home/mahmoud/airflow_env/lib/python3.10/site-packages/airflow/example_dags/example_dynamic_task_mapping.py took 0.064 seconds
[2024-01-14T15:53:39.146+0200] {processor.py:161} INFO - Started process (PID=29859) to work on /home/mahmoud/airflow_env/lib/python3.10/site-packages/airflow/example_dags/example_dynamic_task_mapping.py
[2024-01-14T15:53:39.148+0200] {processor.py:830} INFO - Processing file /home/mahmoud/airflow_env/lib/python3.10/site-packages/airflow/example_dags/example_dynamic_task_mapping.py for tasks to queue
[2024-01-14T15:53:39.149+0200] {logging_mixin.py:188} INFO - [2024-01-14T15:53:39.148+0200] {dagbag.py:538} INFO - Filling up the DagBag from /home/mahmoud/airflow_env/lib/python3.10/site-packages/airflow/example_dags/example_dynamic_task_mapping.py
[2024-01-14T15:53:39.155+0200] {processor.py:840} INFO - DAG(s) 'example_dynamic_task_mapping' retrieved from /home/mahmoud/airflow_env/lib/python3.10/site-packages/airflow/example_dags/example_dynamic_task_mapping.py
[2024-01-14T15:53:39.168+0200] {logging_mixin.py:188} INFO - [2024-01-14T15:53:39.168+0200] {dag.py:3033} INFO - Sync 1 DAGs
[2024-01-14T15:53:39.186+0200] {logging_mixin.py:188} INFO - [2024-01-14T15:53:39.185+0200] {dag.py:3820} INFO - Setting next_dagrun for example_dynamic_task_mapping to 2022-03-04T00:00:00+00:00, run_after=2022-03-05T00:00:00+00:00
[2024-01-14T15:53:39.207+0200] {processor.py:183} INFO - Processing /home/mahmoud/airflow_env/lib/python3.10/site-packages/airflow/example_dags/example_dynamic_task_mapping.py took 0.064 seconds
[2024-01-14T15:54:33.341+0200] {processor.py:161} INFO - Started process (PID=30045) to work on /home/mahmoud/airflow_env/lib/python3.10/site-packages/airflow/example_dags/example_dynamic_task_mapping.py
[2024-01-14T15:54:33.344+0200] {processor.py:830} INFO - Processing file /home/mahmoud/airflow_env/lib/python3.10/site-packages/airflow/example_dags/example_dynamic_task_mapping.py for tasks to queue
[2024-01-14T15:54:33.346+0200] {logging_mixin.py:188} INFO - [2024-01-14T15:54:33.345+0200] {dagbag.py:538} INFO - Filling up the DagBag from /home/mahmoud/airflow_env/lib/python3.10/site-packages/airflow/example_dags/example_dynamic_task_mapping.py
[2024-01-14T15:54:33.368+0200] {processor.py:840} INFO - DAG(s) 'example_dynamic_task_mapping' retrieved from /home/mahmoud/airflow_env/lib/python3.10/site-packages/airflow/example_dags/example_dynamic_task_mapping.py
[2024-01-14T15:54:33.412+0200] {logging_mixin.py:188} INFO - [2024-01-14T15:54:33.411+0200] {dag.py:3033} INFO - Sync 1 DAGs
[2024-01-14T15:54:33.470+0200] {logging_mixin.py:188} INFO - [2024-01-14T15:54:33.470+0200] {dag.py:3820} INFO - Setting next_dagrun for example_dynamic_task_mapping to 2022-03-04T00:00:00+00:00, run_after=2022-03-05T00:00:00+00:00
[2024-01-14T15:54:33.529+0200] {processor.py:183} INFO - Processing /home/mahmoud/airflow_env/lib/python3.10/site-packages/airflow/example_dags/example_dynamic_task_mapping.py took 0.197 seconds
[2024-01-14T15:55:14.837+0200] {processor.py:161} INFO - Started process (PID=30184) to work on /home/mahmoud/airflow_env/lib/python3.10/site-packages/airflow/example_dags/example_dynamic_task_mapping.py
[2024-01-14T15:55:14.840+0200] {processor.py:830} INFO - Processing file /home/mahmoud/airflow_env/lib/python3.10/site-packages/airflow/example_dags/example_dynamic_task_mapping.py for tasks to queue
[2024-01-14T15:55:14.843+0200] {logging_mixin.py:188} INFO - [2024-01-14T15:55:14.842+0200] {dagbag.py:538} INFO - Filling up the DagBag from /home/mahmoud/airflow_env/lib/python3.10/site-packages/airflow/example_dags/example_dynamic_task_mapping.py
[2024-01-14T15:55:14.867+0200] {processor.py:840} INFO - DAG(s) 'example_dynamic_task_mapping' retrieved from /home/mahmoud/airflow_env/lib/python3.10/site-packages/airflow/example_dags/example_dynamic_task_mapping.py
[2024-01-14T15:55:14.913+0200] {logging_mixin.py:188} INFO - [2024-01-14T15:55:14.912+0200] {dag.py:3033} INFO - Sync 1 DAGs
[2024-01-14T15:55:15.031+0200] {logging_mixin.py:188} INFO - [2024-01-14T15:55:15.030+0200] {dag.py:3820} INFO - Setting next_dagrun for example_dynamic_task_mapping to 2022-03-04T00:00:00+00:00, run_after=2022-03-05T00:00:00+00:00
[2024-01-14T15:55:15.114+0200] {processor.py:183} INFO - Processing /home/mahmoud/airflow_env/lib/python3.10/site-packages/airflow/example_dags/example_dynamic_task_mapping.py took 0.287 seconds
[2024-01-14T15:56:16.270+0200] {processor.py:161} INFO - Started process (PID=30402) to work on /home/mahmoud/airflow_env/lib/python3.10/site-packages/airflow/example_dags/example_dynamic_task_mapping.py
[2024-01-14T15:56:16.274+0200] {processor.py:830} INFO - Processing file /home/mahmoud/airflow_env/lib/python3.10/site-packages/airflow/example_dags/example_dynamic_task_mapping.py for tasks to queue
[2024-01-14T15:56:16.276+0200] {logging_mixin.py:188} INFO - [2024-01-14T15:56:16.275+0200] {dagbag.py:538} INFO - Filling up the DagBag from /home/mahmoud/airflow_env/lib/python3.10/site-packages/airflow/example_dags/example_dynamic_task_mapping.py
[2024-01-14T15:56:16.297+0200] {processor.py:840} INFO - DAG(s) 'example_dynamic_task_mapping' retrieved from /home/mahmoud/airflow_env/lib/python3.10/site-packages/airflow/example_dags/example_dynamic_task_mapping.py
[2024-01-14T15:56:16.338+0200] {logging_mixin.py:188} INFO - [2024-01-14T15:56:16.338+0200] {dag.py:3033} INFO - Sync 1 DAGs
[2024-01-14T15:56:16.395+0200] {logging_mixin.py:188} INFO - [2024-01-14T15:56:16.394+0200] {dag.py:3820} INFO - Setting next_dagrun for example_dynamic_task_mapping to 2022-03-04T00:00:00+00:00, run_after=2022-03-05T00:00:00+00:00
[2024-01-14T15:56:16.452+0200] {processor.py:183} INFO - Processing /home/mahmoud/airflow_env/lib/python3.10/site-packages/airflow/example_dags/example_dynamic_task_mapping.py took 0.191 seconds
[2024-01-14T15:57:13.938+0200] {processor.py:161} INFO - Started process (PID=30607) to work on /home/mahmoud/airflow_env/lib/python3.10/site-packages/airflow/example_dags/example_dynamic_task_mapping.py
[2024-01-14T15:57:13.942+0200] {processor.py:830} INFO - Processing file /home/mahmoud/airflow_env/lib/python3.10/site-packages/airflow/example_dags/example_dynamic_task_mapping.py for tasks to queue
[2024-01-14T15:57:13.944+0200] {logging_mixin.py:188} INFO - [2024-01-14T15:57:13.943+0200] {dagbag.py:538} INFO - Filling up the DagBag from /home/mahmoud/airflow_env/lib/python3.10/site-packages/airflow/example_dags/example_dynamic_task_mapping.py
[2024-01-14T15:57:13.965+0200] {processor.py:840} INFO - DAG(s) 'example_dynamic_task_mapping' retrieved from /home/mahmoud/airflow_env/lib/python3.10/site-packages/airflow/example_dags/example_dynamic_task_mapping.py
[2024-01-14T15:57:14.008+0200] {logging_mixin.py:188} INFO - [2024-01-14T15:57:14.007+0200] {dag.py:3033} INFO - Sync 1 DAGs
[2024-01-14T15:57:14.067+0200] {logging_mixin.py:188} INFO - [2024-01-14T15:57:14.066+0200] {dag.py:3820} INFO - Setting next_dagrun for example_dynamic_task_mapping to 2022-03-04T00:00:00+00:00, run_after=2022-03-05T00:00:00+00:00
[2024-01-14T15:57:14.125+0200] {processor.py:183} INFO - Processing /home/mahmoud/airflow_env/lib/python3.10/site-packages/airflow/example_dags/example_dynamic_task_mapping.py took 0.196 seconds
[2024-01-14T15:58:04.640+0200] {processor.py:161} INFO - Started process (PID=30837) to work on /home/mahmoud/airflow_env/lib/python3.10/site-packages/airflow/example_dags/example_dynamic_task_mapping.py
[2024-01-14T15:58:04.643+0200] {processor.py:830} INFO - Processing file /home/mahmoud/airflow_env/lib/python3.10/site-packages/airflow/example_dags/example_dynamic_task_mapping.py for tasks to queue
[2024-01-14T15:58:04.645+0200] {logging_mixin.py:188} INFO - [2024-01-14T15:58:04.644+0200] {dagbag.py:538} INFO - Filling up the DagBag from /home/mahmoud/airflow_env/lib/python3.10/site-packages/airflow/example_dags/example_dynamic_task_mapping.py
[2024-01-14T15:58:04.658+0200] {processor.py:840} INFO - DAG(s) 'example_dynamic_task_mapping' retrieved from /home/mahmoud/airflow_env/lib/python3.10/site-packages/airflow/example_dags/example_dynamic_task_mapping.py
[2024-01-14T15:58:04.676+0200] {logging_mixin.py:188} INFO - [2024-01-14T15:58:04.676+0200] {dag.py:3033} INFO - Sync 1 DAGs
[2024-01-14T15:58:04.695+0200] {logging_mixin.py:188} INFO - [2024-01-14T15:58:04.695+0200] {dag.py:3820} INFO - Setting next_dagrun for example_dynamic_task_mapping to 2022-03-04T00:00:00+00:00, run_after=2022-03-05T00:00:00+00:00
[2024-01-14T15:58:04.717+0200] {processor.py:183} INFO - Processing /home/mahmoud/airflow_env/lib/python3.10/site-packages/airflow/example_dags/example_dynamic_task_mapping.py took 0.086 seconds
