[2024-01-14T15:08:47.269+0200] {processor.py:161} INFO - Started process (PID=16261) to work on /home/mahmoud/airflow_env/lib/python3.10/site-packages/airflow/example_dags/example_kubernetes_executor.py
[2024-01-14T15:08:47.271+0200] {processor.py:830} INFO - Processing file /home/mahmoud/airflow_env/lib/python3.10/site-packages/airflow/example_dags/example_kubernetes_executor.py for tasks to queue
[2024-01-14T15:08:47.272+0200] {logging_mixin.py:188} INFO - [2024-01-14T15:08:47.272+0200] {dagbag.py:538} INFO - Filling up the DagBag from /home/mahmoud/airflow_env/lib/python3.10/site-packages/airflow/example_dags/example_kubernetes_executor.py
[2024-01-14T15:08:47.278+0200] {logging_mixin.py:188} INFO - [2024-01-14T15:08:47.278+0200] {example_kubernetes_executor.py:38} WARNING - The example_kubernetes_executor example DAG requires the kubernetes provider. Please install it with: pip install apache-airflow[cncf.kubernetes]
[2024-01-14T15:08:47.279+0200] {processor.py:842} WARNING - No viable dags retrieved from /home/mahmoud/airflow_env/lib/python3.10/site-packages/airflow/example_dags/example_kubernetes_executor.py
[2024-01-14T15:08:47.292+0200] {processor.py:183} INFO - Processing /home/mahmoud/airflow_env/lib/python3.10/site-packages/airflow/example_dags/example_kubernetes_executor.py took 0.030 seconds
[2024-01-14T15:09:35.842+0200] {processor.py:161} INFO - Started process (PID=16572) to work on /home/mahmoud/airflow_env/lib/python3.10/site-packages/airflow/example_dags/example_kubernetes_executor.py
[2024-01-14T15:09:35.844+0200] {processor.py:830} INFO - Processing file /home/mahmoud/airflow_env/lib/python3.10/site-packages/airflow/example_dags/example_kubernetes_executor.py for tasks to queue
[2024-01-14T15:09:35.846+0200] {logging_mixin.py:188} INFO - [2024-01-14T15:09:35.845+0200] {dagbag.py:538} INFO - Filling up the DagBag from /home/mahmoud/airflow_env/lib/python3.10/site-packages/airflow/example_dags/example_kubernetes_executor.py
[2024-01-14T15:09:35.851+0200] {logging_mixin.py:188} INFO - [2024-01-14T15:09:35.851+0200] {example_kubernetes_executor.py:38} WARNING - The example_kubernetes_executor example DAG requires the kubernetes provider. Please install it with: pip install apache-airflow[cncf.kubernetes]
[2024-01-14T15:09:35.851+0200] {processor.py:842} WARNING - No viable dags retrieved from /home/mahmoud/airflow_env/lib/python3.10/site-packages/airflow/example_dags/example_kubernetes_executor.py
[2024-01-14T15:09:35.867+0200] {processor.py:183} INFO - Processing /home/mahmoud/airflow_env/lib/python3.10/site-packages/airflow/example_dags/example_kubernetes_executor.py took 0.031 seconds
[2024-01-14T15:10:33.276+0200] {processor.py:161} INFO - Started process (PID=16807) to work on /home/mahmoud/airflow_env/lib/python3.10/site-packages/airflow/example_dags/example_kubernetes_executor.py
[2024-01-14T15:10:33.278+0200] {processor.py:830} INFO - Processing file /home/mahmoud/airflow_env/lib/python3.10/site-packages/airflow/example_dags/example_kubernetes_executor.py for tasks to queue
[2024-01-14T15:10:33.278+0200] {logging_mixin.py:188} INFO - [2024-01-14T15:10:33.278+0200] {dagbag.py:538} INFO - Filling up the DagBag from /home/mahmoud/airflow_env/lib/python3.10/site-packages/airflow/example_dags/example_kubernetes_executor.py
[2024-01-14T15:10:33.281+0200] {logging_mixin.py:188} INFO - [2024-01-14T15:10:33.281+0200] {example_kubernetes_executor.py:38} WARNING - The example_kubernetes_executor example DAG requires the kubernetes provider. Please install it with: pip install apache-airflow[cncf.kubernetes]
[2024-01-14T15:10:33.281+0200] {processor.py:842} WARNING - No viable dags retrieved from /home/mahmoud/airflow_env/lib/python3.10/site-packages/airflow/example_dags/example_kubernetes_executor.py
[2024-01-14T15:10:33.288+0200] {processor.py:183} INFO - Processing /home/mahmoud/airflow_env/lib/python3.10/site-packages/airflow/example_dags/example_kubernetes_executor.py took 0.015 seconds
[2024-01-14T15:11:32.119+0200] {processor.py:161} INFO - Started process (PID=17039) to work on /home/mahmoud/airflow_env/lib/python3.10/site-packages/airflow/example_dags/example_kubernetes_executor.py
[2024-01-14T15:11:32.121+0200] {processor.py:830} INFO - Processing file /home/mahmoud/airflow_env/lib/python3.10/site-packages/airflow/example_dags/example_kubernetes_executor.py for tasks to queue
[2024-01-14T15:11:32.122+0200] {logging_mixin.py:188} INFO - [2024-01-14T15:11:32.121+0200] {dagbag.py:538} INFO - Filling up the DagBag from /home/mahmoud/airflow_env/lib/python3.10/site-packages/airflow/example_dags/example_kubernetes_executor.py
[2024-01-14T15:11:32.124+0200] {logging_mixin.py:188} INFO - [2024-01-14T15:11:32.124+0200] {example_kubernetes_executor.py:38} WARNING - The example_kubernetes_executor example DAG requires the kubernetes provider. Please install it with: pip install apache-airflow[cncf.kubernetes]
[2024-01-14T15:11:32.125+0200] {processor.py:842} WARNING - No viable dags retrieved from /home/mahmoud/airflow_env/lib/python3.10/site-packages/airflow/example_dags/example_kubernetes_executor.py
[2024-01-14T15:11:32.134+0200] {processor.py:183} INFO - Processing /home/mahmoud/airflow_env/lib/python3.10/site-packages/airflow/example_dags/example_kubernetes_executor.py took 0.018 seconds
[2024-01-14T15:12:26.495+0200] {processor.py:161} INFO - Started process (PID=17294) to work on /home/mahmoud/airflow_env/lib/python3.10/site-packages/airflow/example_dags/example_kubernetes_executor.py
[2024-01-14T15:12:26.497+0200] {processor.py:830} INFO - Processing file /home/mahmoud/airflow_env/lib/python3.10/site-packages/airflow/example_dags/example_kubernetes_executor.py for tasks to queue
[2024-01-14T15:12:26.498+0200] {logging_mixin.py:188} INFO - [2024-01-14T15:12:26.497+0200] {dagbag.py:538} INFO - Filling up the DagBag from /home/mahmoud/airflow_env/lib/python3.10/site-packages/airflow/example_dags/example_kubernetes_executor.py
[2024-01-14T15:12:26.502+0200] {logging_mixin.py:188} INFO - [2024-01-14T15:12:26.501+0200] {example_kubernetes_executor.py:38} WARNING - The example_kubernetes_executor example DAG requires the kubernetes provider. Please install it with: pip install apache-airflow[cncf.kubernetes]
[2024-01-14T15:12:26.502+0200] {processor.py:842} WARNING - No viable dags retrieved from /home/mahmoud/airflow_env/lib/python3.10/site-packages/airflow/example_dags/example_kubernetes_executor.py
[2024-01-14T15:12:26.511+0200] {processor.py:183} INFO - Processing /home/mahmoud/airflow_env/lib/python3.10/site-packages/airflow/example_dags/example_kubernetes_executor.py took 0.021 seconds
[2024-01-14T15:13:19.848+0200] {processor.py:161} INFO - Started process (PID=17531) to work on /home/mahmoud/airflow_env/lib/python3.10/site-packages/airflow/example_dags/example_kubernetes_executor.py
[2024-01-14T15:13:19.852+0200] {processor.py:830} INFO - Processing file /home/mahmoud/airflow_env/lib/python3.10/site-packages/airflow/example_dags/example_kubernetes_executor.py for tasks to queue
[2024-01-14T15:13:19.853+0200] {logging_mixin.py:188} INFO - [2024-01-14T15:13:19.853+0200] {dagbag.py:538} INFO - Filling up the DagBag from /home/mahmoud/airflow_env/lib/python3.10/site-packages/airflow/example_dags/example_kubernetes_executor.py
[2024-01-14T15:13:19.856+0200] {logging_mixin.py:188} INFO - [2024-01-14T15:13:19.856+0200] {example_kubernetes_executor.py:38} WARNING - The example_kubernetes_executor example DAG requires the kubernetes provider. Please install it with: pip install apache-airflow[cncf.kubernetes]
[2024-01-14T15:13:19.857+0200] {processor.py:842} WARNING - No viable dags retrieved from /home/mahmoud/airflow_env/lib/python3.10/site-packages/airflow/example_dags/example_kubernetes_executor.py
[2024-01-14T15:13:19.865+0200] {processor.py:183} INFO - Processing /home/mahmoud/airflow_env/lib/python3.10/site-packages/airflow/example_dags/example_kubernetes_executor.py took 0.021 seconds
[2024-01-14T15:20:33.700+0200] {processor.py:161} INFO - Started process (PID=19591) to work on /home/mahmoud/airflow_env/lib/python3.10/site-packages/airflow/example_dags/example_kubernetes_executor.py
[2024-01-14T15:20:33.701+0200] {processor.py:830} INFO - Processing file /home/mahmoud/airflow_env/lib/python3.10/site-packages/airflow/example_dags/example_kubernetes_executor.py for tasks to queue
[2024-01-14T15:20:33.702+0200] {logging_mixin.py:188} INFO - [2024-01-14T15:20:33.702+0200] {dagbag.py:538} INFO - Filling up the DagBag from /home/mahmoud/airflow_env/lib/python3.10/site-packages/airflow/example_dags/example_kubernetes_executor.py
[2024-01-14T15:20:33.704+0200] {logging_mixin.py:188} INFO - [2024-01-14T15:20:33.704+0200] {example_kubernetes_executor.py:38} WARNING - The example_kubernetes_executor example DAG requires the kubernetes provider. Please install it with: pip install apache-airflow[cncf.kubernetes]
[2024-01-14T15:20:33.705+0200] {processor.py:842} WARNING - No viable dags retrieved from /home/mahmoud/airflow_env/lib/python3.10/site-packages/airflow/example_dags/example_kubernetes_executor.py
[2024-01-14T15:20:33.714+0200] {processor.py:183} INFO - Processing /home/mahmoud/airflow_env/lib/python3.10/site-packages/airflow/example_dags/example_kubernetes_executor.py took 0.016 seconds
[2024-01-14T15:21:33.661+0200] {processor.py:161} INFO - Started process (PID=19831) to work on /home/mahmoud/airflow_env/lib/python3.10/site-packages/airflow/example_dags/example_kubernetes_executor.py
[2024-01-14T15:21:33.663+0200] {processor.py:830} INFO - Processing file /home/mahmoud/airflow_env/lib/python3.10/site-packages/airflow/example_dags/example_kubernetes_executor.py for tasks to queue
[2024-01-14T15:21:33.664+0200] {logging_mixin.py:188} INFO - [2024-01-14T15:21:33.664+0200] {dagbag.py:538} INFO - Filling up the DagBag from /home/mahmoud/airflow_env/lib/python3.10/site-packages/airflow/example_dags/example_kubernetes_executor.py
[2024-01-14T15:21:33.666+0200] {logging_mixin.py:188} INFO - [2024-01-14T15:21:33.666+0200] {example_kubernetes_executor.py:38} WARNING - The example_kubernetes_executor example DAG requires the kubernetes provider. Please install it with: pip install apache-airflow[cncf.kubernetes]
[2024-01-14T15:21:33.667+0200] {processor.py:842} WARNING - No viable dags retrieved from /home/mahmoud/airflow_env/lib/python3.10/site-packages/airflow/example_dags/example_kubernetes_executor.py
[2024-01-14T15:21:33.675+0200] {processor.py:183} INFO - Processing /home/mahmoud/airflow_env/lib/python3.10/site-packages/airflow/example_dags/example_kubernetes_executor.py took 0.016 seconds
[2024-01-14T15:22:29.364+0200] {processor.py:161} INFO - Started process (PID=20051) to work on /home/mahmoud/airflow_env/lib/python3.10/site-packages/airflow/example_dags/example_kubernetes_executor.py
[2024-01-14T15:22:29.366+0200] {processor.py:830} INFO - Processing file /home/mahmoud/airflow_env/lib/python3.10/site-packages/airflow/example_dags/example_kubernetes_executor.py for tasks to queue
[2024-01-14T15:22:29.367+0200] {logging_mixin.py:188} INFO - [2024-01-14T15:22:29.367+0200] {dagbag.py:538} INFO - Filling up the DagBag from /home/mahmoud/airflow_env/lib/python3.10/site-packages/airflow/example_dags/example_kubernetes_executor.py
[2024-01-14T15:22:29.371+0200] {logging_mixin.py:188} INFO - [2024-01-14T15:22:29.371+0200] {example_kubernetes_executor.py:38} WARNING - The example_kubernetes_executor example DAG requires the kubernetes provider. Please install it with: pip install apache-airflow[cncf.kubernetes]
[2024-01-14T15:22:29.372+0200] {processor.py:842} WARNING - No viable dags retrieved from /home/mahmoud/airflow_env/lib/python3.10/site-packages/airflow/example_dags/example_kubernetes_executor.py
[2024-01-14T15:22:29.384+0200] {processor.py:183} INFO - Processing /home/mahmoud/airflow_env/lib/python3.10/site-packages/airflow/example_dags/example_kubernetes_executor.py took 0.024 seconds
[2024-01-14T15:38:26.009+0200] {processor.py:161} INFO - Started process (PID=24747) to work on /home/mahmoud/airflow_env/lib/python3.10/site-packages/airflow/example_dags/example_kubernetes_executor.py
[2024-01-14T15:38:26.011+0200] {processor.py:830} INFO - Processing file /home/mahmoud/airflow_env/lib/python3.10/site-packages/airflow/example_dags/example_kubernetes_executor.py for tasks to queue
[2024-01-14T15:38:26.013+0200] {logging_mixin.py:188} INFO - [2024-01-14T15:38:26.012+0200] {dagbag.py:538} INFO - Filling up the DagBag from /home/mahmoud/airflow_env/lib/python3.10/site-packages/airflow/example_dags/example_kubernetes_executor.py
[2024-01-14T15:38:26.017+0200] {logging_mixin.py:188} INFO - [2024-01-14T15:38:26.017+0200] {example_kubernetes_executor.py:38} WARNING - The example_kubernetes_executor example DAG requires the kubernetes provider. Please install it with: pip install apache-airflow[cncf.kubernetes]
[2024-01-14T15:38:26.017+0200] {processor.py:842} WARNING - No viable dags retrieved from /home/mahmoud/airflow_env/lib/python3.10/site-packages/airflow/example_dags/example_kubernetes_executor.py
[2024-01-14T15:38:26.029+0200] {processor.py:183} INFO - Processing /home/mahmoud/airflow_env/lib/python3.10/site-packages/airflow/example_dags/example_kubernetes_executor.py took 0.027 seconds
[2024-01-14T15:39:22.696+0200] {processor.py:161} INFO - Started process (PID=25147) to work on /home/mahmoud/airflow_env/lib/python3.10/site-packages/airflow/example_dags/example_kubernetes_executor.py
[2024-01-14T15:39:22.698+0200] {processor.py:830} INFO - Processing file /home/mahmoud/airflow_env/lib/python3.10/site-packages/airflow/example_dags/example_kubernetes_executor.py for tasks to queue
[2024-01-14T15:39:22.699+0200] {logging_mixin.py:188} INFO - [2024-01-14T15:39:22.699+0200] {dagbag.py:538} INFO - Filling up the DagBag from /home/mahmoud/airflow_env/lib/python3.10/site-packages/airflow/example_dags/example_kubernetes_executor.py
[2024-01-14T15:39:22.701+0200] {logging_mixin.py:188} INFO - [2024-01-14T15:39:22.701+0200] {example_kubernetes_executor.py:38} WARNING - The example_kubernetes_executor example DAG requires the kubernetes provider. Please install it with: pip install apache-airflow[cncf.kubernetes]
[2024-01-14T15:39:22.701+0200] {processor.py:842} WARNING - No viable dags retrieved from /home/mahmoud/airflow_env/lib/python3.10/site-packages/airflow/example_dags/example_kubernetes_executor.py
[2024-01-14T15:39:22.711+0200] {processor.py:183} INFO - Processing /home/mahmoud/airflow_env/lib/python3.10/site-packages/airflow/example_dags/example_kubernetes_executor.py took 0.018 seconds
[2024-01-14T15:40:11.804+0200] {processor.py:161} INFO - Started process (PID=25341) to work on /home/mahmoud/airflow_env/lib/python3.10/site-packages/airflow/example_dags/example_kubernetes_executor.py
[2024-01-14T15:40:11.806+0200] {processor.py:830} INFO - Processing file /home/mahmoud/airflow_env/lib/python3.10/site-packages/airflow/example_dags/example_kubernetes_executor.py for tasks to queue
[2024-01-14T15:40:11.807+0200] {logging_mixin.py:188} INFO - [2024-01-14T15:40:11.807+0200] {dagbag.py:538} INFO - Filling up the DagBag from /home/mahmoud/airflow_env/lib/python3.10/site-packages/airflow/example_dags/example_kubernetes_executor.py
[2024-01-14T15:40:11.809+0200] {logging_mixin.py:188} INFO - [2024-01-14T15:40:11.809+0200] {example_kubernetes_executor.py:38} WARNING - The example_kubernetes_executor example DAG requires the kubernetes provider. Please install it with: pip install apache-airflow[cncf.kubernetes]
[2024-01-14T15:40:11.810+0200] {processor.py:842} WARNING - No viable dags retrieved from /home/mahmoud/airflow_env/lib/python3.10/site-packages/airflow/example_dags/example_kubernetes_executor.py
[2024-01-14T15:40:11.819+0200] {processor.py:183} INFO - Processing /home/mahmoud/airflow_env/lib/python3.10/site-packages/airflow/example_dags/example_kubernetes_executor.py took 0.018 seconds
[2024-01-14T15:41:09.148+0200] {processor.py:161} INFO - Started process (PID=25626) to work on /home/mahmoud/airflow_env/lib/python3.10/site-packages/airflow/example_dags/example_kubernetes_executor.py
[2024-01-14T15:41:09.149+0200] {processor.py:830} INFO - Processing file /home/mahmoud/airflow_env/lib/python3.10/site-packages/airflow/example_dags/example_kubernetes_executor.py for tasks to queue
[2024-01-14T15:41:09.150+0200] {logging_mixin.py:188} INFO - [2024-01-14T15:41:09.149+0200] {dagbag.py:538} INFO - Filling up the DagBag from /home/mahmoud/airflow_env/lib/python3.10/site-packages/airflow/example_dags/example_kubernetes_executor.py
[2024-01-14T15:41:09.152+0200] {logging_mixin.py:188} INFO - [2024-01-14T15:41:09.152+0200] {example_kubernetes_executor.py:38} WARNING - The example_kubernetes_executor example DAG requires the kubernetes provider. Please install it with: pip install apache-airflow[cncf.kubernetes]
[2024-01-14T15:41:09.152+0200] {processor.py:842} WARNING - No viable dags retrieved from /home/mahmoud/airflow_env/lib/python3.10/site-packages/airflow/example_dags/example_kubernetes_executor.py
[2024-01-14T15:41:09.161+0200] {processor.py:183} INFO - Processing /home/mahmoud/airflow_env/lib/python3.10/site-packages/airflow/example_dags/example_kubernetes_executor.py took 0.015 seconds
[2024-01-14T15:42:00.322+0200] {processor.py:161} INFO - Started process (PID=25829) to work on /home/mahmoud/airflow_env/lib/python3.10/site-packages/airflow/example_dags/example_kubernetes_executor.py
[2024-01-14T15:42:00.324+0200] {processor.py:830} INFO - Processing file /home/mahmoud/airflow_env/lib/python3.10/site-packages/airflow/example_dags/example_kubernetes_executor.py for tasks to queue
[2024-01-14T15:42:00.326+0200] {logging_mixin.py:188} INFO - [2024-01-14T15:42:00.325+0200] {dagbag.py:538} INFO - Filling up the DagBag from /home/mahmoud/airflow_env/lib/python3.10/site-packages/airflow/example_dags/example_kubernetes_executor.py
[2024-01-14T15:42:00.329+0200] {logging_mixin.py:188} INFO - [2024-01-14T15:42:00.329+0200] {example_kubernetes_executor.py:38} WARNING - The example_kubernetes_executor example DAG requires the kubernetes provider. Please install it with: pip install apache-airflow[cncf.kubernetes]
[2024-01-14T15:42:00.329+0200] {processor.py:842} WARNING - No viable dags retrieved from /home/mahmoud/airflow_env/lib/python3.10/site-packages/airflow/example_dags/example_kubernetes_executor.py
[2024-01-14T15:42:00.339+0200] {processor.py:183} INFO - Processing /home/mahmoud/airflow_env/lib/python3.10/site-packages/airflow/example_dags/example_kubernetes_executor.py took 0.022 seconds
[2024-01-14T15:43:30.447+0200] {processor.py:161} INFO - Started process (PID=26747) to work on /home/mahmoud/airflow_env/lib/python3.10/site-packages/airflow/example_dags/example_kubernetes_executor.py
[2024-01-14T15:43:30.450+0200] {processor.py:830} INFO - Processing file /home/mahmoud/airflow_env/lib/python3.10/site-packages/airflow/example_dags/example_kubernetes_executor.py for tasks to queue
[2024-01-14T15:43:30.451+0200] {logging_mixin.py:188} INFO - [2024-01-14T15:43:30.450+0200] {dagbag.py:538} INFO - Filling up the DagBag from /home/mahmoud/airflow_env/lib/python3.10/site-packages/airflow/example_dags/example_kubernetes_executor.py
[2024-01-14T15:43:30.455+0200] {logging_mixin.py:188} INFO - [2024-01-14T15:43:30.455+0200] {example_kubernetes_executor.py:38} WARNING - The example_kubernetes_executor example DAG requires the kubernetes provider. Please install it with: pip install apache-airflow[cncf.kubernetes]
[2024-01-14T15:43:30.455+0200] {processor.py:842} WARNING - No viable dags retrieved from /home/mahmoud/airflow_env/lib/python3.10/site-packages/airflow/example_dags/example_kubernetes_executor.py
[2024-01-14T15:43:30.467+0200] {processor.py:183} INFO - Processing /home/mahmoud/airflow_env/lib/python3.10/site-packages/airflow/example_dags/example_kubernetes_executor.py took 0.027 seconds
[2024-01-14T15:44:36.802+0200] {processor.py:161} INFO - Started process (PID=27417) to work on /home/mahmoud/airflow_env/lib/python3.10/site-packages/airflow/example_dags/example_kubernetes_executor.py
[2024-01-14T15:44:36.804+0200] {processor.py:830} INFO - Processing file /home/mahmoud/airflow_env/lib/python3.10/site-packages/airflow/example_dags/example_kubernetes_executor.py for tasks to queue
[2024-01-14T15:44:36.805+0200] {logging_mixin.py:188} INFO - [2024-01-14T15:44:36.804+0200] {dagbag.py:538} INFO - Filling up the DagBag from /home/mahmoud/airflow_env/lib/python3.10/site-packages/airflow/example_dags/example_kubernetes_executor.py
[2024-01-14T15:44:36.808+0200] {logging_mixin.py:188} INFO - [2024-01-14T15:44:36.808+0200] {example_kubernetes_executor.py:38} WARNING - The example_kubernetes_executor example DAG requires the kubernetes provider. Please install it with: pip install apache-airflow[cncf.kubernetes]
[2024-01-14T15:44:36.809+0200] {processor.py:842} WARNING - No viable dags retrieved from /home/mahmoud/airflow_env/lib/python3.10/site-packages/airflow/example_dags/example_kubernetes_executor.py
[2024-01-14T15:44:36.818+0200] {processor.py:183} INFO - Processing /home/mahmoud/airflow_env/lib/python3.10/site-packages/airflow/example_dags/example_kubernetes_executor.py took 0.020 seconds
[2024-01-14T15:45:23.994+0200] {processor.py:161} INFO - Started process (PID=27777) to work on /home/mahmoud/airflow_env/lib/python3.10/site-packages/airflow/example_dags/example_kubernetes_executor.py
[2024-01-14T15:45:23.995+0200] {processor.py:830} INFO - Processing file /home/mahmoud/airflow_env/lib/python3.10/site-packages/airflow/example_dags/example_kubernetes_executor.py for tasks to queue
[2024-01-14T15:45:23.995+0200] {logging_mixin.py:188} INFO - [2024-01-14T15:45:23.995+0200] {dagbag.py:538} INFO - Filling up the DagBag from /home/mahmoud/airflow_env/lib/python3.10/site-packages/airflow/example_dags/example_kubernetes_executor.py
[2024-01-14T15:45:23.998+0200] {logging_mixin.py:188} INFO - [2024-01-14T15:45:23.997+0200] {example_kubernetes_executor.py:38} WARNING - The example_kubernetes_executor example DAG requires the kubernetes provider. Please install it with: pip install apache-airflow[cncf.kubernetes]
[2024-01-14T15:45:23.998+0200] {processor.py:842} WARNING - No viable dags retrieved from /home/mahmoud/airflow_env/lib/python3.10/site-packages/airflow/example_dags/example_kubernetes_executor.py
[2024-01-14T15:45:24.005+0200] {processor.py:183} INFO - Processing /home/mahmoud/airflow_env/lib/python3.10/site-packages/airflow/example_dags/example_kubernetes_executor.py took 0.016 seconds
[2024-01-14T15:46:16.707+0200] {processor.py:161} INFO - Started process (PID=27986) to work on /home/mahmoud/airflow_env/lib/python3.10/site-packages/airflow/example_dags/example_kubernetes_executor.py
[2024-01-14T15:46:16.710+0200] {processor.py:830} INFO - Processing file /home/mahmoud/airflow_env/lib/python3.10/site-packages/airflow/example_dags/example_kubernetes_executor.py for tasks to queue
[2024-01-14T15:46:16.711+0200] {logging_mixin.py:188} INFO - [2024-01-14T15:46:16.711+0200] {dagbag.py:538} INFO - Filling up the DagBag from /home/mahmoud/airflow_env/lib/python3.10/site-packages/airflow/example_dags/example_kubernetes_executor.py
[2024-01-14T15:46:16.714+0200] {logging_mixin.py:188} INFO - [2024-01-14T15:46:16.714+0200] {example_kubernetes_executor.py:38} WARNING - The example_kubernetes_executor example DAG requires the kubernetes provider. Please install it with: pip install apache-airflow[cncf.kubernetes]
[2024-01-14T15:46:16.714+0200] {processor.py:842} WARNING - No viable dags retrieved from /home/mahmoud/airflow_env/lib/python3.10/site-packages/airflow/example_dags/example_kubernetes_executor.py
[2024-01-14T15:46:16.723+0200] {processor.py:183} INFO - Processing /home/mahmoud/airflow_env/lib/python3.10/site-packages/airflow/example_dags/example_kubernetes_executor.py took 0.018 seconds
[2024-01-14T15:47:11.356+0200] {processor.py:161} INFO - Started process (PID=28264) to work on /home/mahmoud/airflow_env/lib/python3.10/site-packages/airflow/example_dags/example_kubernetes_executor.py
[2024-01-14T15:47:11.359+0200] {processor.py:830} INFO - Processing file /home/mahmoud/airflow_env/lib/python3.10/site-packages/airflow/example_dags/example_kubernetes_executor.py for tasks to queue
[2024-01-14T15:47:11.361+0200] {logging_mixin.py:188} INFO - [2024-01-14T15:47:11.360+0200] {dagbag.py:538} INFO - Filling up the DagBag from /home/mahmoud/airflow_env/lib/python3.10/site-packages/airflow/example_dags/example_kubernetes_executor.py
[2024-01-14T15:47:11.364+0200] {logging_mixin.py:188} INFO - [2024-01-14T15:47:11.364+0200] {example_kubernetes_executor.py:38} WARNING - The example_kubernetes_executor example DAG requires the kubernetes provider. Please install it with: pip install apache-airflow[cncf.kubernetes]
[2024-01-14T15:47:11.365+0200] {processor.py:842} WARNING - No viable dags retrieved from /home/mahmoud/airflow_env/lib/python3.10/site-packages/airflow/example_dags/example_kubernetes_executor.py
[2024-01-14T15:47:11.376+0200] {processor.py:183} INFO - Processing /home/mahmoud/airflow_env/lib/python3.10/site-packages/airflow/example_dags/example_kubernetes_executor.py took 0.024 seconds
[2024-01-14T15:48:03.652+0200] {processor.py:161} INFO - Started process (PID=28502) to work on /home/mahmoud/airflow_env/lib/python3.10/site-packages/airflow/example_dags/example_kubernetes_executor.py
[2024-01-14T15:48:03.654+0200] {processor.py:830} INFO - Processing file /home/mahmoud/airflow_env/lib/python3.10/site-packages/airflow/example_dags/example_kubernetes_executor.py for tasks to queue
[2024-01-14T15:48:03.655+0200] {logging_mixin.py:188} INFO - [2024-01-14T15:48:03.655+0200] {dagbag.py:538} INFO - Filling up the DagBag from /home/mahmoud/airflow_env/lib/python3.10/site-packages/airflow/example_dags/example_kubernetes_executor.py
[2024-01-14T15:48:03.659+0200] {logging_mixin.py:188} INFO - [2024-01-14T15:48:03.659+0200] {example_kubernetes_executor.py:38} WARNING - The example_kubernetes_executor example DAG requires the kubernetes provider. Please install it with: pip install apache-airflow[cncf.kubernetes]
[2024-01-14T15:48:03.660+0200] {processor.py:842} WARNING - No viable dags retrieved from /home/mahmoud/airflow_env/lib/python3.10/site-packages/airflow/example_dags/example_kubernetes_executor.py
[2024-01-14T15:48:03.669+0200] {processor.py:183} INFO - Processing /home/mahmoud/airflow_env/lib/python3.10/site-packages/airflow/example_dags/example_kubernetes_executor.py took 0.021 seconds
[2024-01-14T15:48:55.676+0200] {processor.py:161} INFO - Started process (PID=28707) to work on /home/mahmoud/airflow_env/lib/python3.10/site-packages/airflow/example_dags/example_kubernetes_executor.py
[2024-01-14T15:48:55.677+0200] {processor.py:830} INFO - Processing file /home/mahmoud/airflow_env/lib/python3.10/site-packages/airflow/example_dags/example_kubernetes_executor.py for tasks to queue
[2024-01-14T15:48:55.678+0200] {logging_mixin.py:188} INFO - [2024-01-14T15:48:55.678+0200] {dagbag.py:538} INFO - Filling up the DagBag from /home/mahmoud/airflow_env/lib/python3.10/site-packages/airflow/example_dags/example_kubernetes_executor.py
[2024-01-14T15:48:55.681+0200] {logging_mixin.py:188} INFO - [2024-01-14T15:48:55.681+0200] {example_kubernetes_executor.py:38} WARNING - The example_kubernetes_executor example DAG requires the kubernetes provider. Please install it with: pip install apache-airflow[cncf.kubernetes]
[2024-01-14T15:48:55.681+0200] {processor.py:842} WARNING - No viable dags retrieved from /home/mahmoud/airflow_env/lib/python3.10/site-packages/airflow/example_dags/example_kubernetes_executor.py
[2024-01-14T15:48:55.690+0200] {processor.py:183} INFO - Processing /home/mahmoud/airflow_env/lib/python3.10/site-packages/airflow/example_dags/example_kubernetes_executor.py took 0.017 seconds
[2024-01-14T15:49:50.469+0200] {processor.py:161} INFO - Started process (PID=28925) to work on /home/mahmoud/airflow_env/lib/python3.10/site-packages/airflow/example_dags/example_kubernetes_executor.py
[2024-01-14T15:49:50.471+0200] {processor.py:830} INFO - Processing file /home/mahmoud/airflow_env/lib/python3.10/site-packages/airflow/example_dags/example_kubernetes_executor.py for tasks to queue
[2024-01-14T15:49:50.473+0200] {logging_mixin.py:188} INFO - [2024-01-14T15:49:50.472+0200] {dagbag.py:538} INFO - Filling up the DagBag from /home/mahmoud/airflow_env/lib/python3.10/site-packages/airflow/example_dags/example_kubernetes_executor.py
[2024-01-14T15:49:50.479+0200] {logging_mixin.py:188} INFO - [2024-01-14T15:49:50.478+0200] {example_kubernetes_executor.py:38} WARNING - The example_kubernetes_executor example DAG requires the kubernetes provider. Please install it with: pip install apache-airflow[cncf.kubernetes]
[2024-01-14T15:49:50.479+0200] {processor.py:842} WARNING - No viable dags retrieved from /home/mahmoud/airflow_env/lib/python3.10/site-packages/airflow/example_dags/example_kubernetes_executor.py
[2024-01-14T15:49:50.496+0200] {processor.py:183} INFO - Processing /home/mahmoud/airflow_env/lib/python3.10/site-packages/airflow/example_dags/example_kubernetes_executor.py took 0.033 seconds
[2024-01-14T15:50:41.280+0200] {processor.py:161} INFO - Started process (PID=29122) to work on /home/mahmoud/airflow_env/lib/python3.10/site-packages/airflow/example_dags/example_kubernetes_executor.py
[2024-01-14T15:50:41.281+0200] {processor.py:830} INFO - Processing file /home/mahmoud/airflow_env/lib/python3.10/site-packages/airflow/example_dags/example_kubernetes_executor.py for tasks to queue
[2024-01-14T15:50:41.282+0200] {logging_mixin.py:188} INFO - [2024-01-14T15:50:41.281+0200] {dagbag.py:538} INFO - Filling up the DagBag from /home/mahmoud/airflow_env/lib/python3.10/site-packages/airflow/example_dags/example_kubernetes_executor.py
[2024-01-14T15:50:41.285+0200] {logging_mixin.py:188} INFO - [2024-01-14T15:50:41.285+0200] {example_kubernetes_executor.py:38} WARNING - The example_kubernetes_executor example DAG requires the kubernetes provider. Please install it with: pip install apache-airflow[cncf.kubernetes]
[2024-01-14T15:50:41.285+0200] {processor.py:842} WARNING - No viable dags retrieved from /home/mahmoud/airflow_env/lib/python3.10/site-packages/airflow/example_dags/example_kubernetes_executor.py
[2024-01-14T15:50:41.295+0200] {processor.py:183} INFO - Processing /home/mahmoud/airflow_env/lib/python3.10/site-packages/airflow/example_dags/example_kubernetes_executor.py took 0.019 seconds
[2024-01-14T15:51:34.998+0200] {processor.py:161} INFO - Started process (PID=29332) to work on /home/mahmoud/airflow_env/lib/python3.10/site-packages/airflow/example_dags/example_kubernetes_executor.py
[2024-01-14T15:51:35.000+0200] {processor.py:830} INFO - Processing file /home/mahmoud/airflow_env/lib/python3.10/site-packages/airflow/example_dags/example_kubernetes_executor.py for tasks to queue
[2024-01-14T15:51:35.001+0200] {logging_mixin.py:188} INFO - [2024-01-14T15:51:35.001+0200] {dagbag.py:538} INFO - Filling up the DagBag from /home/mahmoud/airflow_env/lib/python3.10/site-packages/airflow/example_dags/example_kubernetes_executor.py
[2024-01-14T15:51:35.004+0200] {logging_mixin.py:188} INFO - [2024-01-14T15:51:35.003+0200] {example_kubernetes_executor.py:38} WARNING - The example_kubernetes_executor example DAG requires the kubernetes provider. Please install it with: pip install apache-airflow[cncf.kubernetes]
[2024-01-14T15:51:35.004+0200] {processor.py:842} WARNING - No viable dags retrieved from /home/mahmoud/airflow_env/lib/python3.10/site-packages/airflow/example_dags/example_kubernetes_executor.py
[2024-01-14T15:51:35.012+0200] {processor.py:183} INFO - Processing /home/mahmoud/airflow_env/lib/python3.10/site-packages/airflow/example_dags/example_kubernetes_executor.py took 0.017 seconds
[2024-01-14T15:52:25.396+0200] {processor.py:161} INFO - Started process (PID=29536) to work on /home/mahmoud/airflow_env/lib/python3.10/site-packages/airflow/example_dags/example_kubernetes_executor.py
[2024-01-14T15:52:25.398+0200] {processor.py:830} INFO - Processing file /home/mahmoud/airflow_env/lib/python3.10/site-packages/airflow/example_dags/example_kubernetes_executor.py for tasks to queue
[2024-01-14T15:52:25.399+0200] {logging_mixin.py:188} INFO - [2024-01-14T15:52:25.399+0200] {dagbag.py:538} INFO - Filling up the DagBag from /home/mahmoud/airflow_env/lib/python3.10/site-packages/airflow/example_dags/example_kubernetes_executor.py
[2024-01-14T15:52:25.401+0200] {logging_mixin.py:188} INFO - [2024-01-14T15:52:25.401+0200] {example_kubernetes_executor.py:38} WARNING - The example_kubernetes_executor example DAG requires the kubernetes provider. Please install it with: pip install apache-airflow[cncf.kubernetes]
[2024-01-14T15:52:25.402+0200] {processor.py:842} WARNING - No viable dags retrieved from /home/mahmoud/airflow_env/lib/python3.10/site-packages/airflow/example_dags/example_kubernetes_executor.py
[2024-01-14T15:52:25.411+0200] {processor.py:183} INFO - Processing /home/mahmoud/airflow_env/lib/python3.10/site-packages/airflow/example_dags/example_kubernetes_executor.py took 0.017 seconds
[2024-01-14T15:53:15.700+0200] {processor.py:161} INFO - Started process (PID=29762) to work on /home/mahmoud/airflow_env/lib/python3.10/site-packages/airflow/example_dags/example_kubernetes_executor.py
[2024-01-14T15:53:15.702+0200] {processor.py:830} INFO - Processing file /home/mahmoud/airflow_env/lib/python3.10/site-packages/airflow/example_dags/example_kubernetes_executor.py for tasks to queue
[2024-01-14T15:53:15.703+0200] {logging_mixin.py:188} INFO - [2024-01-14T15:53:15.702+0200] {dagbag.py:538} INFO - Filling up the DagBag from /home/mahmoud/airflow_env/lib/python3.10/site-packages/airflow/example_dags/example_kubernetes_executor.py
[2024-01-14T15:53:15.705+0200] {logging_mixin.py:188} INFO - [2024-01-14T15:53:15.705+0200] {example_kubernetes_executor.py:38} WARNING - The example_kubernetes_executor example DAG requires the kubernetes provider. Please install it with: pip install apache-airflow[cncf.kubernetes]
[2024-01-14T15:53:15.706+0200] {processor.py:842} WARNING - No viable dags retrieved from /home/mahmoud/airflow_env/lib/python3.10/site-packages/airflow/example_dags/example_kubernetes_executor.py
[2024-01-14T15:53:15.714+0200] {processor.py:183} INFO - Processing /home/mahmoud/airflow_env/lib/python3.10/site-packages/airflow/example_dags/example_kubernetes_executor.py took 0.017 seconds
[2024-01-14T15:54:26.556+0200] {processor.py:161} INFO - Started process (PID=30020) to work on /home/mahmoud/airflow_env/lib/python3.10/site-packages/airflow/example_dags/example_kubernetes_executor.py
[2024-01-14T15:54:26.560+0200] {processor.py:830} INFO - Processing file /home/mahmoud/airflow_env/lib/python3.10/site-packages/airflow/example_dags/example_kubernetes_executor.py for tasks to queue
[2024-01-14T15:54:26.563+0200] {logging_mixin.py:188} INFO - [2024-01-14T15:54:26.562+0200] {dagbag.py:538} INFO - Filling up the DagBag from /home/mahmoud/airflow_env/lib/python3.10/site-packages/airflow/example_dags/example_kubernetes_executor.py
[2024-01-14T15:54:26.572+0200] {logging_mixin.py:188} INFO - [2024-01-14T15:54:26.572+0200] {example_kubernetes_executor.py:38} WARNING - The example_kubernetes_executor example DAG requires the kubernetes provider. Please install it with: pip install apache-airflow[cncf.kubernetes]
[2024-01-14T15:54:26.573+0200] {processor.py:842} WARNING - No viable dags retrieved from /home/mahmoud/airflow_env/lib/python3.10/site-packages/airflow/example_dags/example_kubernetes_executor.py
[2024-01-14T15:54:26.605+0200] {processor.py:183} INFO - Processing /home/mahmoud/airflow_env/lib/python3.10/site-packages/airflow/example_dags/example_kubernetes_executor.py took 0.059 seconds
[2024-01-14T15:55:38.814+0200] {processor.py:161} INFO - Started process (PID=30268) to work on /home/mahmoud/airflow_env/lib/python3.10/site-packages/airflow/example_dags/example_kubernetes_executor.py
[2024-01-14T15:55:38.818+0200] {processor.py:830} INFO - Processing file /home/mahmoud/airflow_env/lib/python3.10/site-packages/airflow/example_dags/example_kubernetes_executor.py for tasks to queue
[2024-01-14T15:55:38.820+0200] {logging_mixin.py:188} INFO - [2024-01-14T15:55:38.819+0200] {dagbag.py:538} INFO - Filling up the DagBag from /home/mahmoud/airflow_env/lib/python3.10/site-packages/airflow/example_dags/example_kubernetes_executor.py
[2024-01-14T15:55:38.829+0200] {logging_mixin.py:188} INFO - [2024-01-14T15:55:38.828+0200] {example_kubernetes_executor.py:38} WARNING - The example_kubernetes_executor example DAG requires the kubernetes provider. Please install it with: pip install apache-airflow[cncf.kubernetes]
[2024-01-14T15:55:38.830+0200] {processor.py:842} WARNING - No viable dags retrieved from /home/mahmoud/airflow_env/lib/python3.10/site-packages/airflow/example_dags/example_kubernetes_executor.py
[2024-01-14T15:55:38.857+0200] {processor.py:183} INFO - Processing /home/mahmoud/airflow_env/lib/python3.10/site-packages/airflow/example_dags/example_kubernetes_executor.py took 0.052 seconds
[2024-01-14T15:56:37.783+0200] {processor.py:161} INFO - Started process (PID=30474) to work on /home/mahmoud/airflow_env/lib/python3.10/site-packages/airflow/example_dags/example_kubernetes_executor.py
[2024-01-14T15:56:37.787+0200] {processor.py:830} INFO - Processing file /home/mahmoud/airflow_env/lib/python3.10/site-packages/airflow/example_dags/example_kubernetes_executor.py for tasks to queue
[2024-01-14T15:56:37.790+0200] {logging_mixin.py:188} INFO - [2024-01-14T15:56:37.789+0200] {dagbag.py:538} INFO - Filling up the DagBag from /home/mahmoud/airflow_env/lib/python3.10/site-packages/airflow/example_dags/example_kubernetes_executor.py
[2024-01-14T15:56:37.800+0200] {logging_mixin.py:188} INFO - [2024-01-14T15:56:37.799+0200] {example_kubernetes_executor.py:38} WARNING - The example_kubernetes_executor example DAG requires the kubernetes provider. Please install it with: pip install apache-airflow[cncf.kubernetes]
[2024-01-14T15:56:37.800+0200] {processor.py:842} WARNING - No viable dags retrieved from /home/mahmoud/airflow_env/lib/python3.10/site-packages/airflow/example_dags/example_kubernetes_executor.py
[2024-01-14T15:56:37.832+0200] {processor.py:183} INFO - Processing /home/mahmoud/airflow_env/lib/python3.10/site-packages/airflow/example_dags/example_kubernetes_executor.py took 0.059 seconds
[2024-01-14T15:57:36.112+0200] {processor.py:161} INFO - Started process (PID=30685) to work on /home/mahmoud/airflow_env/lib/python3.10/site-packages/airflow/example_dags/example_kubernetes_executor.py
[2024-01-14T15:57:36.115+0200] {processor.py:830} INFO - Processing file /home/mahmoud/airflow_env/lib/python3.10/site-packages/airflow/example_dags/example_kubernetes_executor.py for tasks to queue
[2024-01-14T15:57:36.116+0200] {logging_mixin.py:188} INFO - [2024-01-14T15:57:36.115+0200] {dagbag.py:538} INFO - Filling up the DagBag from /home/mahmoud/airflow_env/lib/python3.10/site-packages/airflow/example_dags/example_kubernetes_executor.py
[2024-01-14T15:57:36.120+0200] {logging_mixin.py:188} INFO - [2024-01-14T15:57:36.120+0200] {example_kubernetes_executor.py:38} WARNING - The example_kubernetes_executor example DAG requires the kubernetes provider. Please install it with: pip install apache-airflow[cncf.kubernetes]
[2024-01-14T15:57:36.120+0200] {processor.py:842} WARNING - No viable dags retrieved from /home/mahmoud/airflow_env/lib/python3.10/site-packages/airflow/example_dags/example_kubernetes_executor.py
[2024-01-14T15:57:36.133+0200] {processor.py:183} INFO - Processing /home/mahmoud/airflow_env/lib/python3.10/site-packages/airflow/example_dags/example_kubernetes_executor.py took 0.025 seconds
