[2024-01-14T15:08:42.713+0200] {processor.py:161} INFO - Started process (PID=16245) to work on /home/mahmoud/airflow_env/lib/python3.10/site-packages/airflow/example_dags/example_sensors.py
[2024-01-14T15:08:42.713+0200] {processor.py:830} INFO - Processing file /home/mahmoud/airflow_env/lib/python3.10/site-packages/airflow/example_dags/example_sensors.py for tasks to queue
[2024-01-14T15:08:42.714+0200] {logging_mixin.py:188} INFO - [2024-01-14T15:08:42.714+0200] {dagbag.py:538} INFO - Filling up the DagBag from /home/mahmoud/airflow_env/lib/python3.10/site-packages/airflow/example_dags/example_sensors.py
[2024-01-14T15:08:42.723+0200] {processor.py:840} INFO - DAG(s) 'example_sensors' retrieved from /home/mahmoud/airflow_env/lib/python3.10/site-packages/airflow/example_dags/example_sensors.py
[2024-01-14T15:08:42.817+0200] {logging_mixin.py:188} INFO - [2024-01-14T15:08:42.816+0200] {override.py:1769} INFO - Created Permission View: can edit on DAG:example_sensors
[2024-01-14T15:08:42.831+0200] {logging_mixin.py:188} INFO - [2024-01-14T15:08:42.831+0200] {override.py:1769} INFO - Created Permission View: can delete on DAG:example_sensors
[2024-01-14T15:08:42.843+0200] {logging_mixin.py:188} INFO - [2024-01-14T15:08:42.842+0200] {override.py:1769} INFO - Created Permission View: can read on DAG:example_sensors
[2024-01-14T15:08:42.843+0200] {logging_mixin.py:188} INFO - [2024-01-14T15:08:42.843+0200] {dag.py:3033} INFO - Sync 1 DAGs
[2024-01-14T15:08:42.853+0200] {logging_mixin.py:188} INFO - [2024-01-14T15:08:42.853+0200] {dag.py:3055} INFO - Creating ORM DAG for example_sensors
[2024-01-14T15:08:42.854+0200] {logging_mixin.py:188} INFO - [2024-01-14T15:08:42.854+0200] {dag.py:3820} INFO - Setting next_dagrun for example_sensors to None, run_after=None
[2024-01-14T15:08:42.878+0200] {processor.py:183} INFO - Processing /home/mahmoud/airflow_env/lib/python3.10/site-packages/airflow/example_dags/example_sensors.py took 0.168 seconds
[2024-01-14T15:09:31.826+0200] {processor.py:161} INFO - Started process (PID=16556) to work on /home/mahmoud/airflow_env/lib/python3.10/site-packages/airflow/example_dags/example_sensors.py
[2024-01-14T15:09:31.827+0200] {processor.py:830} INFO - Processing file /home/mahmoud/airflow_env/lib/python3.10/site-packages/airflow/example_dags/example_sensors.py for tasks to queue
[2024-01-14T15:09:31.828+0200] {logging_mixin.py:188} INFO - [2024-01-14T15:09:31.828+0200] {dagbag.py:538} INFO - Filling up the DagBag from /home/mahmoud/airflow_env/lib/python3.10/site-packages/airflow/example_dags/example_sensors.py
[2024-01-14T15:09:31.840+0200] {processor.py:840} INFO - DAG(s) 'example_sensors' retrieved from /home/mahmoud/airflow_env/lib/python3.10/site-packages/airflow/example_dags/example_sensors.py
[2024-01-14T15:09:31.858+0200] {logging_mixin.py:188} INFO - [2024-01-14T15:09:31.858+0200] {dag.py:3033} INFO - Sync 1 DAGs
[2024-01-14T15:09:31.868+0200] {logging_mixin.py:188} INFO - [2024-01-14T15:09:31.868+0200] {dag.py:3820} INFO - Setting next_dagrun for example_sensors to None, run_after=None
[2024-01-14T15:09:31.892+0200] {processor.py:183} INFO - Processing /home/mahmoud/airflow_env/lib/python3.10/site-packages/airflow/example_dags/example_sensors.py took 0.069 seconds
[2024-01-14T15:10:29.903+0200] {processor.py:161} INFO - Started process (PID=16794) to work on /home/mahmoud/airflow_env/lib/python3.10/site-packages/airflow/example_dags/example_sensors.py
[2024-01-14T15:10:29.905+0200] {processor.py:830} INFO - Processing file /home/mahmoud/airflow_env/lib/python3.10/site-packages/airflow/example_dags/example_sensors.py for tasks to queue
[2024-01-14T15:10:29.906+0200] {logging_mixin.py:188} INFO - [2024-01-14T15:10:29.906+0200] {dagbag.py:538} INFO - Filling up the DagBag from /home/mahmoud/airflow_env/lib/python3.10/site-packages/airflow/example_dags/example_sensors.py
[2024-01-14T15:10:29.915+0200] {processor.py:840} INFO - DAG(s) 'example_sensors' retrieved from /home/mahmoud/airflow_env/lib/python3.10/site-packages/airflow/example_dags/example_sensors.py
[2024-01-14T15:10:29.932+0200] {logging_mixin.py:188} INFO - [2024-01-14T15:10:29.932+0200] {dag.py:3033} INFO - Sync 1 DAGs
[2024-01-14T15:10:29.942+0200] {logging_mixin.py:188} INFO - [2024-01-14T15:10:29.942+0200] {dag.py:3820} INFO - Setting next_dagrun for example_sensors to None, run_after=None
[2024-01-14T15:10:29.964+0200] {processor.py:183} INFO - Processing /home/mahmoud/airflow_env/lib/python3.10/site-packages/airflow/example_dags/example_sensors.py took 0.064 seconds
[2024-01-14T15:11:27.611+0200] {processor.py:161} INFO - Started process (PID=17023) to work on /home/mahmoud/airflow_env/lib/python3.10/site-packages/airflow/example_dags/example_sensors.py
[2024-01-14T15:11:27.613+0200] {processor.py:830} INFO - Processing file /home/mahmoud/airflow_env/lib/python3.10/site-packages/airflow/example_dags/example_sensors.py for tasks to queue
[2024-01-14T15:11:27.614+0200] {logging_mixin.py:188} INFO - [2024-01-14T15:11:27.613+0200] {dagbag.py:538} INFO - Filling up the DagBag from /home/mahmoud/airflow_env/lib/python3.10/site-packages/airflow/example_dags/example_sensors.py
[2024-01-14T15:11:27.625+0200] {processor.py:840} INFO - DAG(s) 'example_sensors' retrieved from /home/mahmoud/airflow_env/lib/python3.10/site-packages/airflow/example_dags/example_sensors.py
[2024-01-14T15:11:27.643+0200] {logging_mixin.py:188} INFO - [2024-01-14T15:11:27.643+0200] {dag.py:3033} INFO - Sync 1 DAGs
[2024-01-14T15:11:27.653+0200] {logging_mixin.py:188} INFO - [2024-01-14T15:11:27.653+0200] {dag.py:3820} INFO - Setting next_dagrun for example_sensors to None, run_after=None
[2024-01-14T15:11:27.676+0200] {processor.py:183} INFO - Processing /home/mahmoud/airflow_env/lib/python3.10/site-packages/airflow/example_dags/example_sensors.py took 0.069 seconds
[2024-01-14T15:12:22.504+0200] {processor.py:161} INFO - Started process (PID=17278) to work on /home/mahmoud/airflow_env/lib/python3.10/site-packages/airflow/example_dags/example_sensors.py
[2024-01-14T15:12:22.507+0200] {processor.py:830} INFO - Processing file /home/mahmoud/airflow_env/lib/python3.10/site-packages/airflow/example_dags/example_sensors.py for tasks to queue
[2024-01-14T15:12:22.508+0200] {logging_mixin.py:188} INFO - [2024-01-14T15:12:22.507+0200] {dagbag.py:538} INFO - Filling up the DagBag from /home/mahmoud/airflow_env/lib/python3.10/site-packages/airflow/example_dags/example_sensors.py
[2024-01-14T15:12:22.520+0200] {processor.py:840} INFO - DAG(s) 'example_sensors' retrieved from /home/mahmoud/airflow_env/lib/python3.10/site-packages/airflow/example_dags/example_sensors.py
[2024-01-14T15:12:22.538+0200] {logging_mixin.py:188} INFO - [2024-01-14T15:12:22.538+0200] {dag.py:3033} INFO - Sync 1 DAGs
[2024-01-14T15:12:22.548+0200] {logging_mixin.py:188} INFO - [2024-01-14T15:12:22.548+0200] {dag.py:3820} INFO - Setting next_dagrun for example_sensors to None, run_after=None
[2024-01-14T15:12:22.570+0200] {processor.py:183} INFO - Processing /home/mahmoud/airflow_env/lib/python3.10/site-packages/airflow/example_dags/example_sensors.py took 0.071 seconds
[2024-01-14T15:13:16.384+0200] {processor.py:161} INFO - Started process (PID=17515) to work on /home/mahmoud/airflow_env/lib/python3.10/site-packages/airflow/example_dags/example_sensors.py
[2024-01-14T15:13:16.386+0200] {processor.py:830} INFO - Processing file /home/mahmoud/airflow_env/lib/python3.10/site-packages/airflow/example_dags/example_sensors.py for tasks to queue
[2024-01-14T15:13:16.387+0200] {logging_mixin.py:188} INFO - [2024-01-14T15:13:16.387+0200] {dagbag.py:538} INFO - Filling up the DagBag from /home/mahmoud/airflow_env/lib/python3.10/site-packages/airflow/example_dags/example_sensors.py
[2024-01-14T15:13:16.398+0200] {processor.py:840} INFO - DAG(s) 'example_sensors' retrieved from /home/mahmoud/airflow_env/lib/python3.10/site-packages/airflow/example_dags/example_sensors.py
[2024-01-14T15:13:16.413+0200] {logging_mixin.py:188} INFO - [2024-01-14T15:13:16.412+0200] {dag.py:3033} INFO - Sync 1 DAGs
[2024-01-14T15:13:16.421+0200] {logging_mixin.py:188} INFO - [2024-01-14T15:13:16.421+0200] {dag.py:3820} INFO - Setting next_dagrun for example_sensors to None, run_after=None
[2024-01-14T15:13:16.439+0200] {processor.py:183} INFO - Processing /home/mahmoud/airflow_env/lib/python3.10/site-packages/airflow/example_dags/example_sensors.py took 0.062 seconds
[2024-01-14T15:20:29.808+0200] {processor.py:161} INFO - Started process (PID=19575) to work on /home/mahmoud/airflow_env/lib/python3.10/site-packages/airflow/example_dags/example_sensors.py
[2024-01-14T15:20:29.811+0200] {processor.py:830} INFO - Processing file /home/mahmoud/airflow_env/lib/python3.10/site-packages/airflow/example_dags/example_sensors.py for tasks to queue
[2024-01-14T15:20:29.812+0200] {logging_mixin.py:188} INFO - [2024-01-14T15:20:29.811+0200] {dagbag.py:538} INFO - Filling up the DagBag from /home/mahmoud/airflow_env/lib/python3.10/site-packages/airflow/example_dags/example_sensors.py
[2024-01-14T15:20:29.824+0200] {processor.py:840} INFO - DAG(s) 'example_sensors' retrieved from /home/mahmoud/airflow_env/lib/python3.10/site-packages/airflow/example_dags/example_sensors.py
[2024-01-14T15:20:29.839+0200] {logging_mixin.py:188} INFO - [2024-01-14T15:20:29.838+0200] {dag.py:3033} INFO - Sync 1 DAGs
[2024-01-14T15:20:29.847+0200] {logging_mixin.py:188} INFO - [2024-01-14T15:20:29.847+0200] {dag.py:3820} INFO - Setting next_dagrun for example_sensors to None, run_after=None
[2024-01-14T15:20:29.865+0200] {processor.py:183} INFO - Processing /home/mahmoud/airflow_env/lib/python3.10/site-packages/airflow/example_dags/example_sensors.py took 0.061 seconds
[2024-01-14T15:21:18.526+0200] {processor.py:161} INFO - Started process (PID=19768) to work on /home/mahmoud/airflow_env/lib/python3.10/site-packages/airflow/example_dags/example_sensors.py
[2024-01-14T15:21:18.527+0200] {processor.py:830} INFO - Processing file /home/mahmoud/airflow_env/lib/python3.10/site-packages/airflow/example_dags/example_sensors.py for tasks to queue
[2024-01-14T15:21:18.529+0200] {logging_mixin.py:188} INFO - [2024-01-14T15:21:18.528+0200] {dagbag.py:538} INFO - Filling up the DagBag from /home/mahmoud/airflow_env/lib/python3.10/site-packages/airflow/example_dags/example_sensors.py
[2024-01-14T15:21:18.540+0200] {processor.py:840} INFO - DAG(s) 'example_sensors' retrieved from /home/mahmoud/airflow_env/lib/python3.10/site-packages/airflow/example_dags/example_sensors.py
[2024-01-14T15:21:18.558+0200] {logging_mixin.py:188} INFO - [2024-01-14T15:21:18.558+0200] {dag.py:3033} INFO - Sync 1 DAGs
[2024-01-14T15:21:18.567+0200] {logging_mixin.py:188} INFO - [2024-01-14T15:21:18.567+0200] {dag.py:3820} INFO - Setting next_dagrun for example_sensors to None, run_after=None
[2024-01-14T15:21:18.590+0200] {processor.py:183} INFO - Processing /home/mahmoud/airflow_env/lib/python3.10/site-packages/airflow/example_dags/example_sensors.py took 0.068 seconds
[2024-01-14T15:22:15.601+0200] {processor.py:161} INFO - Started process (PID=19995) to work on /home/mahmoud/airflow_env/lib/python3.10/site-packages/airflow/example_dags/example_sensors.py
[2024-01-14T15:22:15.604+0200] {processor.py:830} INFO - Processing file /home/mahmoud/airflow_env/lib/python3.10/site-packages/airflow/example_dags/example_sensors.py for tasks to queue
[2024-01-14T15:22:15.606+0200] {logging_mixin.py:188} INFO - [2024-01-14T15:22:15.605+0200] {dagbag.py:538} INFO - Filling up the DagBag from /home/mahmoud/airflow_env/lib/python3.10/site-packages/airflow/example_dags/example_sensors.py
[2024-01-14T15:22:15.621+0200] {processor.py:840} INFO - DAG(s) 'example_sensors' retrieved from /home/mahmoud/airflow_env/lib/python3.10/site-packages/airflow/example_dags/example_sensors.py
[2024-01-14T15:22:15.641+0200] {logging_mixin.py:188} INFO - [2024-01-14T15:22:15.641+0200] {dag.py:3033} INFO - Sync 1 DAGs
[2024-01-14T15:22:15.651+0200] {logging_mixin.py:188} INFO - [2024-01-14T15:22:15.651+0200] {dag.py:3820} INFO - Setting next_dagrun for example_sensors to None, run_after=None
[2024-01-14T15:22:15.673+0200] {processor.py:183} INFO - Processing /home/mahmoud/airflow_env/lib/python3.10/site-packages/airflow/example_dags/example_sensors.py took 0.078 seconds
[2024-01-14T15:38:21.990+0200] {processor.py:161} INFO - Started process (PID=24707) to work on /home/mahmoud/airflow_env/lib/python3.10/site-packages/airflow/example_dags/example_sensors.py
[2024-01-14T15:38:21.992+0200] {processor.py:830} INFO - Processing file /home/mahmoud/airflow_env/lib/python3.10/site-packages/airflow/example_dags/example_sensors.py for tasks to queue
[2024-01-14T15:38:21.993+0200] {logging_mixin.py:188} INFO - [2024-01-14T15:38:21.992+0200] {dagbag.py:538} INFO - Filling up the DagBag from /home/mahmoud/airflow_env/lib/python3.10/site-packages/airflow/example_dags/example_sensors.py
[2024-01-14T15:38:22.002+0200] {processor.py:840} INFO - DAG(s) 'example_sensors' retrieved from /home/mahmoud/airflow_env/lib/python3.10/site-packages/airflow/example_dags/example_sensors.py
[2024-01-14T15:38:22.019+0200] {logging_mixin.py:188} INFO - [2024-01-14T15:38:22.019+0200] {dag.py:3033} INFO - Sync 1 DAGs
[2024-01-14T15:38:22.029+0200] {logging_mixin.py:188} INFO - [2024-01-14T15:38:22.029+0200] {dag.py:3820} INFO - Setting next_dagrun for example_sensors to None, run_after=None
[2024-01-14T15:38:22.053+0200] {processor.py:183} INFO - Processing /home/mahmoud/airflow_env/lib/python3.10/site-packages/airflow/example_dags/example_sensors.py took 0.066 seconds
[2024-01-14T15:39:10.667+0200] {processor.py:161} INFO - Started process (PID=25098) to work on /home/mahmoud/airflow_env/lib/python3.10/site-packages/airflow/example_dags/example_sensors.py
[2024-01-14T15:39:10.669+0200] {processor.py:830} INFO - Processing file /home/mahmoud/airflow_env/lib/python3.10/site-packages/airflow/example_dags/example_sensors.py for tasks to queue
[2024-01-14T15:39:10.670+0200] {logging_mixin.py:188} INFO - [2024-01-14T15:39:10.670+0200] {dagbag.py:538} INFO - Filling up the DagBag from /home/mahmoud/airflow_env/lib/python3.10/site-packages/airflow/example_dags/example_sensors.py
[2024-01-14T15:39:10.680+0200] {processor.py:840} INFO - DAG(s) 'example_sensors' retrieved from /home/mahmoud/airflow_env/lib/python3.10/site-packages/airflow/example_dags/example_sensors.py
[2024-01-14T15:39:10.698+0200] {logging_mixin.py:188} INFO - [2024-01-14T15:39:10.698+0200] {dag.py:3033} INFO - Sync 1 DAGs
[2024-01-14T15:39:10.709+0200] {logging_mixin.py:188} INFO - [2024-01-14T15:39:10.709+0200] {dag.py:3820} INFO - Setting next_dagrun for example_sensors to None, run_after=None
[2024-01-14T15:39:10.732+0200] {processor.py:183} INFO - Processing /home/mahmoud/airflow_env/lib/python3.10/site-packages/airflow/example_dags/example_sensors.py took 0.068 seconds
[2024-01-14T15:40:00.050+0200] {processor.py:161} INFO - Started process (PID=25295) to work on /home/mahmoud/airflow_env/lib/python3.10/site-packages/airflow/example_dags/example_sensors.py
[2024-01-14T15:40:00.051+0200] {processor.py:830} INFO - Processing file /home/mahmoud/airflow_env/lib/python3.10/site-packages/airflow/example_dags/example_sensors.py for tasks to queue
[2024-01-14T15:40:00.052+0200] {logging_mixin.py:188} INFO - [2024-01-14T15:40:00.052+0200] {dagbag.py:538} INFO - Filling up the DagBag from /home/mahmoud/airflow_env/lib/python3.10/site-packages/airflow/example_dags/example_sensors.py
[2024-01-14T15:40:00.062+0200] {processor.py:840} INFO - DAG(s) 'example_sensors' retrieved from /home/mahmoud/airflow_env/lib/python3.10/site-packages/airflow/example_dags/example_sensors.py
[2024-01-14T15:40:00.079+0200] {logging_mixin.py:188} INFO - [2024-01-14T15:40:00.079+0200] {dag.py:3033} INFO - Sync 1 DAGs
[2024-01-14T15:40:00.090+0200] {logging_mixin.py:188} INFO - [2024-01-14T15:40:00.090+0200] {dag.py:3820} INFO - Setting next_dagrun for example_sensors to None, run_after=None
[2024-01-14T15:40:00.115+0200] {processor.py:183} INFO - Processing /home/mahmoud/airflow_env/lib/python3.10/site-packages/airflow/example_dags/example_sensors.py took 0.068 seconds
[2024-01-14T15:40:56.473+0200] {processor.py:161} INFO - Started process (PID=25514) to work on /home/mahmoud/airflow_env/lib/python3.10/site-packages/airflow/example_dags/example_sensors.py
[2024-01-14T15:40:56.475+0200] {processor.py:830} INFO - Processing file /home/mahmoud/airflow_env/lib/python3.10/site-packages/airflow/example_dags/example_sensors.py for tasks to queue
[2024-01-14T15:40:56.476+0200] {logging_mixin.py:188} INFO - [2024-01-14T15:40:56.476+0200] {dagbag.py:538} INFO - Filling up the DagBag from /home/mahmoud/airflow_env/lib/python3.10/site-packages/airflow/example_dags/example_sensors.py
[2024-01-14T15:40:56.487+0200] {processor.py:840} INFO - DAG(s) 'example_sensors' retrieved from /home/mahmoud/airflow_env/lib/python3.10/site-packages/airflow/example_dags/example_sensors.py
[2024-01-14T15:40:56.507+0200] {logging_mixin.py:188} INFO - [2024-01-14T15:40:56.507+0200] {dag.py:3033} INFO - Sync 1 DAGs
[2024-01-14T15:40:56.517+0200] {logging_mixin.py:188} INFO - [2024-01-14T15:40:56.517+0200] {dag.py:3820} INFO - Setting next_dagrun for example_sensors to None, run_after=None
[2024-01-14T15:40:56.543+0200] {processor.py:183} INFO - Processing /home/mahmoud/airflow_env/lib/python3.10/site-packages/airflow/example_dags/example_sensors.py took 0.075 seconds
[2024-01-14T15:41:48.135+0200] {processor.py:161} INFO - Started process (PID=25780) to work on /home/mahmoud/airflow_env/lib/python3.10/site-packages/airflow/example_dags/example_sensors.py
[2024-01-14T15:41:48.137+0200] {processor.py:830} INFO - Processing file /home/mahmoud/airflow_env/lib/python3.10/site-packages/airflow/example_dags/example_sensors.py for tasks to queue
[2024-01-14T15:41:48.139+0200] {logging_mixin.py:188} INFO - [2024-01-14T15:41:48.138+0200] {dagbag.py:538} INFO - Filling up the DagBag from /home/mahmoud/airflow_env/lib/python3.10/site-packages/airflow/example_dags/example_sensors.py
[2024-01-14T15:41:48.148+0200] {processor.py:840} INFO - DAG(s) 'example_sensors' retrieved from /home/mahmoud/airflow_env/lib/python3.10/site-packages/airflow/example_dags/example_sensors.py
[2024-01-14T15:41:48.164+0200] {logging_mixin.py:188} INFO - [2024-01-14T15:41:48.164+0200] {dag.py:3033} INFO - Sync 1 DAGs
[2024-01-14T15:41:48.176+0200] {logging_mixin.py:188} INFO - [2024-01-14T15:41:48.175+0200] {dag.py:3820} INFO - Setting next_dagrun for example_sensors to None, run_after=None
[2024-01-14T15:41:48.208+0200] {processor.py:183} INFO - Processing /home/mahmoud/airflow_env/lib/python3.10/site-packages/airflow/example_dags/example_sensors.py took 0.076 seconds
[2024-01-14T15:42:56.043+0200] {processor.py:161} INFO - Started process (PID=26397) to work on /home/mahmoud/airflow_env/lib/python3.10/site-packages/airflow/example_dags/example_sensors.py
[2024-01-14T15:42:56.044+0200] {processor.py:830} INFO - Processing file /home/mahmoud/airflow_env/lib/python3.10/site-packages/airflow/example_dags/example_sensors.py for tasks to queue
[2024-01-14T15:42:56.045+0200] {logging_mixin.py:188} INFO - [2024-01-14T15:42:56.045+0200] {dagbag.py:538} INFO - Filling up the DagBag from /home/mahmoud/airflow_env/lib/python3.10/site-packages/airflow/example_dags/example_sensors.py
[2024-01-14T15:42:56.054+0200] {processor.py:840} INFO - DAG(s) 'example_sensors' retrieved from /home/mahmoud/airflow_env/lib/python3.10/site-packages/airflow/example_dags/example_sensors.py
[2024-01-14T15:42:56.072+0200] {logging_mixin.py:188} INFO - [2024-01-14T15:42:56.071+0200] {dag.py:3033} INFO - Sync 1 DAGs
[2024-01-14T15:42:56.081+0200] {logging_mixin.py:188} INFO - [2024-01-14T15:42:56.081+0200] {dag.py:3820} INFO - Setting next_dagrun for example_sensors to None, run_after=None
[2024-01-14T15:42:56.104+0200] {processor.py:183} INFO - Processing /home/mahmoud/airflow_env/lib/python3.10/site-packages/airflow/example_dags/example_sensors.py took 0.063 seconds
[2024-01-14T15:43:55.086+0200] {processor.py:161} INFO - Started process (PID=26876) to work on /home/mahmoud/airflow_env/lib/python3.10/site-packages/airflow/example_dags/example_sensors.py
[2024-01-14T15:43:55.088+0200] {processor.py:830} INFO - Processing file /home/mahmoud/airflow_env/lib/python3.10/site-packages/airflow/example_dags/example_sensors.py for tasks to queue
[2024-01-14T15:43:55.090+0200] {logging_mixin.py:188} INFO - [2024-01-14T15:43:55.089+0200] {dagbag.py:538} INFO - Filling up the DagBag from /home/mahmoud/airflow_env/lib/python3.10/site-packages/airflow/example_dags/example_sensors.py
[2024-01-14T15:43:55.105+0200] {processor.py:840} INFO - DAG(s) 'example_sensors' retrieved from /home/mahmoud/airflow_env/lib/python3.10/site-packages/airflow/example_dags/example_sensors.py
[2024-01-14T15:43:55.127+0200] {logging_mixin.py:188} INFO - [2024-01-14T15:43:55.127+0200] {dag.py:3033} INFO - Sync 1 DAGs
[2024-01-14T15:43:55.137+0200] {logging_mixin.py:188} INFO - [2024-01-14T15:43:55.137+0200] {dag.py:3820} INFO - Setting next_dagrun for example_sensors to None, run_after=None
[2024-01-14T15:43:55.159+0200] {processor.py:183} INFO - Processing /home/mahmoud/airflow_env/lib/python3.10/site-packages/airflow/example_dags/example_sensors.py took 0.079 seconds
[2024-01-14T15:45:08.549+0200] {processor.py:161} INFO - Started process (PID=27718) to work on /home/mahmoud/airflow_env/lib/python3.10/site-packages/airflow/example_dags/example_sensors.py
[2024-01-14T15:45:08.551+0200] {processor.py:830} INFO - Processing file /home/mahmoud/airflow_env/lib/python3.10/site-packages/airflow/example_dags/example_sensors.py for tasks to queue
[2024-01-14T15:45:08.552+0200] {logging_mixin.py:188} INFO - [2024-01-14T15:45:08.552+0200] {dagbag.py:538} INFO - Filling up the DagBag from /home/mahmoud/airflow_env/lib/python3.10/site-packages/airflow/example_dags/example_sensors.py
[2024-01-14T15:45:08.563+0200] {processor.py:840} INFO - DAG(s) 'example_sensors' retrieved from /home/mahmoud/airflow_env/lib/python3.10/site-packages/airflow/example_dags/example_sensors.py
[2024-01-14T15:45:08.582+0200] {logging_mixin.py:188} INFO - [2024-01-14T15:45:08.582+0200] {dag.py:3033} INFO - Sync 1 DAGs
[2024-01-14T15:45:08.593+0200] {logging_mixin.py:188} INFO - [2024-01-14T15:45:08.593+0200] {dag.py:3820} INFO - Setting next_dagrun for example_sensors to None, run_after=None
[2024-01-14T15:45:08.618+0200] {processor.py:183} INFO - Processing /home/mahmoud/airflow_env/lib/python3.10/site-packages/airflow/example_dags/example_sensors.py took 0.071 seconds
[2024-01-14T15:46:00.090+0200] {processor.py:161} INFO - Started process (PID=27922) to work on /home/mahmoud/airflow_env/lib/python3.10/site-packages/airflow/example_dags/example_sensors.py
[2024-01-14T15:46:00.092+0200] {processor.py:830} INFO - Processing file /home/mahmoud/airflow_env/lib/python3.10/site-packages/airflow/example_dags/example_sensors.py for tasks to queue
[2024-01-14T15:46:00.093+0200] {logging_mixin.py:188} INFO - [2024-01-14T15:46:00.093+0200] {dagbag.py:538} INFO - Filling up the DagBag from /home/mahmoud/airflow_env/lib/python3.10/site-packages/airflow/example_dags/example_sensors.py
[2024-01-14T15:46:00.102+0200] {processor.py:840} INFO - DAG(s) 'example_sensors' retrieved from /home/mahmoud/airflow_env/lib/python3.10/site-packages/airflow/example_dags/example_sensors.py
[2024-01-14T15:46:00.120+0200] {logging_mixin.py:188} INFO - [2024-01-14T15:46:00.120+0200] {dag.py:3033} INFO - Sync 1 DAGs
[2024-01-14T15:46:00.131+0200] {logging_mixin.py:188} INFO - [2024-01-14T15:46:00.131+0200] {dag.py:3820} INFO - Setting next_dagrun for example_sensors to None, run_after=None
[2024-01-14T15:46:00.152+0200] {processor.py:183} INFO - Processing /home/mahmoud/airflow_env/lib/python3.10/site-packages/airflow/example_dags/example_sensors.py took 0.066 seconds
[2024-01-14T15:46:54.932+0200] {processor.py:161} INFO - Started process (PID=28134) to work on /home/mahmoud/airflow_env/lib/python3.10/site-packages/airflow/example_dags/example_sensors.py
[2024-01-14T15:46:54.935+0200] {processor.py:830} INFO - Processing file /home/mahmoud/airflow_env/lib/python3.10/site-packages/airflow/example_dags/example_sensors.py for tasks to queue
[2024-01-14T15:46:54.936+0200] {logging_mixin.py:188} INFO - [2024-01-14T15:46:54.935+0200] {dagbag.py:538} INFO - Filling up the DagBag from /home/mahmoud/airflow_env/lib/python3.10/site-packages/airflow/example_dags/example_sensors.py
[2024-01-14T15:46:54.948+0200] {processor.py:840} INFO - DAG(s) 'example_sensors' retrieved from /home/mahmoud/airflow_env/lib/python3.10/site-packages/airflow/example_dags/example_sensors.py
[2024-01-14T15:46:54.968+0200] {logging_mixin.py:188} INFO - [2024-01-14T15:46:54.968+0200] {dag.py:3033} INFO - Sync 1 DAGs
[2024-01-14T15:46:54.978+0200] {logging_mixin.py:188} INFO - [2024-01-14T15:46:54.978+0200] {dag.py:3820} INFO - Setting next_dagrun for example_sensors to None, run_after=None
[2024-01-14T15:46:55.000+0200] {processor.py:183} INFO - Processing /home/mahmoud/airflow_env/lib/python3.10/site-packages/airflow/example_dags/example_sensors.py took 0.072 seconds
[2024-01-14T15:47:47.631+0200] {processor.py:161} INFO - Started process (PID=28438) to work on /home/mahmoud/airflow_env/lib/python3.10/site-packages/airflow/example_dags/example_sensors.py
[2024-01-14T15:47:47.633+0200] {processor.py:830} INFO - Processing file /home/mahmoud/airflow_env/lib/python3.10/site-packages/airflow/example_dags/example_sensors.py for tasks to queue
[2024-01-14T15:47:47.634+0200] {logging_mixin.py:188} INFO - [2024-01-14T15:47:47.634+0200] {dagbag.py:538} INFO - Filling up the DagBag from /home/mahmoud/airflow_env/lib/python3.10/site-packages/airflow/example_dags/example_sensors.py
[2024-01-14T15:47:47.643+0200] {processor.py:840} INFO - DAG(s) 'example_sensors' retrieved from /home/mahmoud/airflow_env/lib/python3.10/site-packages/airflow/example_dags/example_sensors.py
[2024-01-14T15:47:47.660+0200] {logging_mixin.py:188} INFO - [2024-01-14T15:47:47.660+0200] {dag.py:3033} INFO - Sync 1 DAGs
[2024-01-14T15:47:47.670+0200] {logging_mixin.py:188} INFO - [2024-01-14T15:47:47.670+0200] {dag.py:3820} INFO - Setting next_dagrun for example_sensors to None, run_after=None
[2024-01-14T15:47:47.692+0200] {processor.py:183} INFO - Processing /home/mahmoud/airflow_env/lib/python3.10/site-packages/airflow/example_dags/example_sensors.py took 0.064 seconds
[2024-01-14T15:48:40.181+0200] {processor.py:161} INFO - Started process (PID=28642) to work on /home/mahmoud/airflow_env/lib/python3.10/site-packages/airflow/example_dags/example_sensors.py
[2024-01-14T15:48:40.183+0200] {processor.py:830} INFO - Processing file /home/mahmoud/airflow_env/lib/python3.10/site-packages/airflow/example_dags/example_sensors.py for tasks to queue
[2024-01-14T15:48:40.184+0200] {logging_mixin.py:188} INFO - [2024-01-14T15:48:40.183+0200] {dagbag.py:538} INFO - Filling up the DagBag from /home/mahmoud/airflow_env/lib/python3.10/site-packages/airflow/example_dags/example_sensors.py
[2024-01-14T15:48:40.193+0200] {processor.py:840} INFO - DAG(s) 'example_sensors' retrieved from /home/mahmoud/airflow_env/lib/python3.10/site-packages/airflow/example_dags/example_sensors.py
[2024-01-14T15:48:40.210+0200] {logging_mixin.py:188} INFO - [2024-01-14T15:48:40.209+0200] {dag.py:3033} INFO - Sync 1 DAGs
[2024-01-14T15:48:40.218+0200] {logging_mixin.py:188} INFO - [2024-01-14T15:48:40.217+0200] {dag.py:3820} INFO - Setting next_dagrun for example_sensors to None, run_after=None
[2024-01-14T15:48:40.237+0200] {processor.py:183} INFO - Processing /home/mahmoud/airflow_env/lib/python3.10/site-packages/airflow/example_dags/example_sensors.py took 0.062 seconds
[2024-01-14T15:49:35.320+0200] {processor.py:161} INFO - Started process (PID=28860) to work on /home/mahmoud/airflow_env/lib/python3.10/site-packages/airflow/example_dags/example_sensors.py
[2024-01-14T15:49:35.322+0200] {processor.py:830} INFO - Processing file /home/mahmoud/airflow_env/lib/python3.10/site-packages/airflow/example_dags/example_sensors.py for tasks to queue
[2024-01-14T15:49:35.324+0200] {logging_mixin.py:188} INFO - [2024-01-14T15:49:35.323+0200] {dagbag.py:538} INFO - Filling up the DagBag from /home/mahmoud/airflow_env/lib/python3.10/site-packages/airflow/example_dags/example_sensors.py
[2024-01-14T15:49:35.344+0200] {processor.py:840} INFO - DAG(s) 'example_sensors' retrieved from /home/mahmoud/airflow_env/lib/python3.10/site-packages/airflow/example_dags/example_sensors.py
[2024-01-14T15:49:35.369+0200] {logging_mixin.py:188} INFO - [2024-01-14T15:49:35.369+0200] {dag.py:3033} INFO - Sync 1 DAGs
[2024-01-14T15:49:35.380+0200] {logging_mixin.py:188} INFO - [2024-01-14T15:49:35.379+0200] {dag.py:3820} INFO - Setting next_dagrun for example_sensors to None, run_after=None
[2024-01-14T15:49:35.402+0200] {processor.py:183} INFO - Processing /home/mahmoud/airflow_env/lib/python3.10/site-packages/airflow/example_dags/example_sensors.py took 0.087 seconds
[2024-01-14T15:50:25.563+0200] {processor.py:161} INFO - Started process (PID=29064) to work on /home/mahmoud/airflow_env/lib/python3.10/site-packages/airflow/example_dags/example_sensors.py
[2024-01-14T15:50:25.566+0200] {processor.py:830} INFO - Processing file /home/mahmoud/airflow_env/lib/python3.10/site-packages/airflow/example_dags/example_sensors.py for tasks to queue
[2024-01-14T15:50:25.568+0200] {logging_mixin.py:188} INFO - [2024-01-14T15:50:25.567+0200] {dagbag.py:538} INFO - Filling up the DagBag from /home/mahmoud/airflow_env/lib/python3.10/site-packages/airflow/example_dags/example_sensors.py
[2024-01-14T15:50:25.585+0200] {processor.py:840} INFO - DAG(s) 'example_sensors' retrieved from /home/mahmoud/airflow_env/lib/python3.10/site-packages/airflow/example_dags/example_sensors.py
[2024-01-14T15:50:25.608+0200] {logging_mixin.py:188} INFO - [2024-01-14T15:50:25.607+0200] {dag.py:3033} INFO - Sync 1 DAGs
[2024-01-14T15:50:25.618+0200] {logging_mixin.py:188} INFO - [2024-01-14T15:50:25.618+0200] {dag.py:3820} INFO - Setting next_dagrun for example_sensors to None, run_after=None
[2024-01-14T15:50:25.641+0200] {processor.py:183} INFO - Processing /home/mahmoud/airflow_env/lib/python3.10/site-packages/airflow/example_dags/example_sensors.py took 0.088 seconds
[2024-01-14T15:51:18.494+0200] {processor.py:161} INFO - Started process (PID=29268) to work on /home/mahmoud/airflow_env/lib/python3.10/site-packages/airflow/example_dags/example_sensors.py
[2024-01-14T15:51:18.496+0200] {processor.py:830} INFO - Processing file /home/mahmoud/airflow_env/lib/python3.10/site-packages/airflow/example_dags/example_sensors.py for tasks to queue
[2024-01-14T15:51:18.497+0200] {logging_mixin.py:188} INFO - [2024-01-14T15:51:18.497+0200] {dagbag.py:538} INFO - Filling up the DagBag from /home/mahmoud/airflow_env/lib/python3.10/site-packages/airflow/example_dags/example_sensors.py
[2024-01-14T15:51:18.506+0200] {processor.py:840} INFO - DAG(s) 'example_sensors' retrieved from /home/mahmoud/airflow_env/lib/python3.10/site-packages/airflow/example_dags/example_sensors.py
[2024-01-14T15:51:18.523+0200] {logging_mixin.py:188} INFO - [2024-01-14T15:51:18.523+0200] {dag.py:3033} INFO - Sync 1 DAGs
[2024-01-14T15:51:18.533+0200] {logging_mixin.py:188} INFO - [2024-01-14T15:51:18.533+0200] {dag.py:3820} INFO - Setting next_dagrun for example_sensors to None, run_after=None
[2024-01-14T15:51:18.556+0200] {processor.py:183} INFO - Processing /home/mahmoud/airflow_env/lib/python3.10/site-packages/airflow/example_dags/example_sensors.py took 0.065 seconds
[2024-01-14T15:52:11.176+0200] {processor.py:161} INFO - Started process (PID=29479) to work on /home/mahmoud/airflow_env/lib/python3.10/site-packages/airflow/example_dags/example_sensors.py
[2024-01-14T15:52:11.178+0200] {processor.py:830} INFO - Processing file /home/mahmoud/airflow_env/lib/python3.10/site-packages/airflow/example_dags/example_sensors.py for tasks to queue
[2024-01-14T15:52:11.179+0200] {logging_mixin.py:188} INFO - [2024-01-14T15:52:11.178+0200] {dagbag.py:538} INFO - Filling up the DagBag from /home/mahmoud/airflow_env/lib/python3.10/site-packages/airflow/example_dags/example_sensors.py
[2024-01-14T15:52:11.188+0200] {processor.py:840} INFO - DAG(s) 'example_sensors' retrieved from /home/mahmoud/airflow_env/lib/python3.10/site-packages/airflow/example_dags/example_sensors.py
[2024-01-14T15:52:11.205+0200] {logging_mixin.py:188} INFO - [2024-01-14T15:52:11.205+0200] {dag.py:3033} INFO - Sync 1 DAGs
[2024-01-14T15:52:11.215+0200] {logging_mixin.py:188} INFO - [2024-01-14T15:52:11.215+0200] {dag.py:3820} INFO - Setting next_dagrun for example_sensors to None, run_after=None
[2024-01-14T15:52:11.235+0200] {processor.py:183} INFO - Processing /home/mahmoud/airflow_env/lib/python3.10/site-packages/airflow/example_dags/example_sensors.py took 0.062 seconds
[2024-01-14T15:53:00.270+0200] {processor.py:161} INFO - Started process (PID=29703) to work on /home/mahmoud/airflow_env/lib/python3.10/site-packages/airflow/example_dags/example_sensors.py
[2024-01-14T15:53:00.272+0200] {processor.py:830} INFO - Processing file /home/mahmoud/airflow_env/lib/python3.10/site-packages/airflow/example_dags/example_sensors.py for tasks to queue
[2024-01-14T15:53:00.273+0200] {logging_mixin.py:188} INFO - [2024-01-14T15:53:00.272+0200] {dagbag.py:538} INFO - Filling up the DagBag from /home/mahmoud/airflow_env/lib/python3.10/site-packages/airflow/example_dags/example_sensors.py
[2024-01-14T15:53:00.282+0200] {processor.py:840} INFO - DAG(s) 'example_sensors' retrieved from /home/mahmoud/airflow_env/lib/python3.10/site-packages/airflow/example_dags/example_sensors.py
[2024-01-14T15:53:00.299+0200] {logging_mixin.py:188} INFO - [2024-01-14T15:53:00.298+0200] {dag.py:3033} INFO - Sync 1 DAGs
[2024-01-14T15:53:00.308+0200] {logging_mixin.py:188} INFO - [2024-01-14T15:53:00.308+0200] {dag.py:3820} INFO - Setting next_dagrun for example_sensors to None, run_after=None
[2024-01-14T15:53:00.326+0200] {processor.py:183} INFO - Processing /home/mahmoud/airflow_env/lib/python3.10/site-packages/airflow/example_dags/example_sensors.py took 0.059 seconds
[2024-01-14T15:53:54.560+0200] {processor.py:161} INFO - Started process (PID=29916) to work on /home/mahmoud/airflow_env/lib/python3.10/site-packages/airflow/example_dags/example_sensors.py
[2024-01-14T15:53:54.566+0200] {processor.py:830} INFO - Processing file /home/mahmoud/airflow_env/lib/python3.10/site-packages/airflow/example_dags/example_sensors.py for tasks to queue
[2024-01-14T15:53:54.571+0200] {logging_mixin.py:188} INFO - [2024-01-14T15:53:54.569+0200] {dagbag.py:538} INFO - Filling up the DagBag from /home/mahmoud/airflow_env/lib/python3.10/site-packages/airflow/example_dags/example_sensors.py
[2024-01-14T15:53:54.622+0200] {processor.py:840} INFO - DAG(s) 'example_sensors' retrieved from /home/mahmoud/airflow_env/lib/python3.10/site-packages/airflow/example_dags/example_sensors.py
[2024-01-14T15:53:54.720+0200] {logging_mixin.py:188} INFO - [2024-01-14T15:53:54.719+0200] {dag.py:3033} INFO - Sync 1 DAGs
[2024-01-14T15:53:54.781+0200] {logging_mixin.py:188} INFO - [2024-01-14T15:53:54.780+0200] {dag.py:3820} INFO - Setting next_dagrun for example_sensors to None, run_after=None
[2024-01-14T15:53:54.888+0200] {processor.py:183} INFO - Processing /home/mahmoud/airflow_env/lib/python3.10/site-packages/airflow/example_dags/example_sensors.py took 0.343 seconds
[2024-01-14T15:54:58.960+0200] {processor.py:161} INFO - Started process (PID=30130) to work on /home/mahmoud/airflow_env/lib/python3.10/site-packages/airflow/example_dags/example_sensors.py
[2024-01-14T15:54:58.965+0200] {processor.py:830} INFO - Processing file /home/mahmoud/airflow_env/lib/python3.10/site-packages/airflow/example_dags/example_sensors.py for tasks to queue
[2024-01-14T15:54:58.968+0200] {logging_mixin.py:188} INFO - [2024-01-14T15:54:58.967+0200] {dagbag.py:538} INFO - Filling up the DagBag from /home/mahmoud/airflow_env/lib/python3.10/site-packages/airflow/example_dags/example_sensors.py
[2024-01-14T15:54:59.006+0200] {processor.py:840} INFO - DAG(s) 'example_sensors' retrieved from /home/mahmoud/airflow_env/lib/python3.10/site-packages/airflow/example_dags/example_sensors.py
[2024-01-14T15:54:59.081+0200] {logging_mixin.py:188} INFO - [2024-01-14T15:54:59.080+0200] {dag.py:3033} INFO - Sync 1 DAGs
[2024-01-14T15:54:59.125+0200] {logging_mixin.py:188} INFO - [2024-01-14T15:54:59.125+0200] {dag.py:3820} INFO - Setting next_dagrun for example_sensors to None, run_after=None
[2024-01-14T15:54:59.206+0200] {processor.py:183} INFO - Processing /home/mahmoud/airflow_env/lib/python3.10/site-packages/airflow/example_dags/example_sensors.py took 0.257 seconds
[2024-01-14T15:56:04.619+0200] {processor.py:161} INFO - Started process (PID=30357) to work on /home/mahmoud/airflow_env/lib/python3.10/site-packages/airflow/example_dags/example_sensors.py
[2024-01-14T15:56:04.623+0200] {processor.py:830} INFO - Processing file /home/mahmoud/airflow_env/lib/python3.10/site-packages/airflow/example_dags/example_sensors.py for tasks to queue
[2024-01-14T15:56:04.626+0200] {logging_mixin.py:188} INFO - [2024-01-14T15:56:04.624+0200] {dagbag.py:538} INFO - Filling up the DagBag from /home/mahmoud/airflow_env/lib/python3.10/site-packages/airflow/example_dags/example_sensors.py
[2024-01-14T15:56:04.657+0200] {processor.py:840} INFO - DAG(s) 'example_sensors' retrieved from /home/mahmoud/airflow_env/lib/python3.10/site-packages/airflow/example_dags/example_sensors.py
[2024-01-14T15:56:04.721+0200] {logging_mixin.py:188} INFO - [2024-01-14T15:56:04.720+0200] {dag.py:3033} INFO - Sync 1 DAGs
[2024-01-14T15:56:04.760+0200] {logging_mixin.py:188} INFO - [2024-01-14T15:56:04.760+0200] {dag.py:3820} INFO - Setting next_dagrun for example_sensors to None, run_after=None
[2024-01-14T15:56:04.832+0200] {processor.py:183} INFO - Processing /home/mahmoud/airflow_env/lib/python3.10/site-packages/airflow/example_dags/example_sensors.py took 0.223 seconds
[2024-01-14T15:57:03.097+0200] {processor.py:161} INFO - Started process (PID=30568) to work on /home/mahmoud/airflow_env/lib/python3.10/site-packages/airflow/example_dags/example_sensors.py
[2024-01-14T15:57:03.102+0200] {processor.py:830} INFO - Processing file /home/mahmoud/airflow_env/lib/python3.10/site-packages/airflow/example_dags/example_sensors.py for tasks to queue
[2024-01-14T15:57:03.105+0200] {logging_mixin.py:188} INFO - [2024-01-14T15:57:03.103+0200] {dagbag.py:538} INFO - Filling up the DagBag from /home/mahmoud/airflow_env/lib/python3.10/site-packages/airflow/example_dags/example_sensors.py
[2024-01-14T15:57:03.138+0200] {processor.py:840} INFO - DAG(s) 'example_sensors' retrieved from /home/mahmoud/airflow_env/lib/python3.10/site-packages/airflow/example_dags/example_sensors.py
[2024-01-14T15:57:03.201+0200] {logging_mixin.py:188} INFO - [2024-01-14T15:57:03.200+0200] {dag.py:3033} INFO - Sync 1 DAGs
[2024-01-14T15:57:03.239+0200] {logging_mixin.py:188} INFO - [2024-01-14T15:57:03.239+0200] {dag.py:3820} INFO - Setting next_dagrun for example_sensors to None, run_after=None
[2024-01-14T15:57:03.306+0200] {processor.py:183} INFO - Processing /home/mahmoud/airflow_env/lib/python3.10/site-packages/airflow/example_dags/example_sensors.py took 0.218 seconds
[2024-01-14T15:57:55.466+0200] {processor.py:161} INFO - Started process (PID=30787) to work on /home/mahmoud/airflow_env/lib/python3.10/site-packages/airflow/example_dags/example_sensors.py
[2024-01-14T15:57:55.468+0200] {processor.py:830} INFO - Processing file /home/mahmoud/airflow_env/lib/python3.10/site-packages/airflow/example_dags/example_sensors.py for tasks to queue
[2024-01-14T15:57:55.469+0200] {logging_mixin.py:188} INFO - [2024-01-14T15:57:55.468+0200] {dagbag.py:538} INFO - Filling up the DagBag from /home/mahmoud/airflow_env/lib/python3.10/site-packages/airflow/example_dags/example_sensors.py
[2024-01-14T15:57:55.481+0200] {processor.py:840} INFO - DAG(s) 'example_sensors' retrieved from /home/mahmoud/airflow_env/lib/python3.10/site-packages/airflow/example_dags/example_sensors.py
[2024-01-14T15:57:55.501+0200] {logging_mixin.py:188} INFO - [2024-01-14T15:57:55.501+0200] {dag.py:3033} INFO - Sync 1 DAGs
[2024-01-14T15:57:55.512+0200] {logging_mixin.py:188} INFO - [2024-01-14T15:57:55.511+0200] {dag.py:3820} INFO - Setting next_dagrun for example_sensors to None, run_after=None
[2024-01-14T15:57:55.534+0200] {processor.py:183} INFO - Processing /home/mahmoud/airflow_env/lib/python3.10/site-packages/airflow/example_dags/example_sensors.py took 0.071 seconds
