[2024-01-14T15:08:32.355+0200] {processor.py:161} INFO - Started process (PID=16162) to work on /home/mahmoud/airflow_env/lib/python3.10/site-packages/airflow/example_dags/example_task_group_decorator.py
[2024-01-14T15:08:32.357+0200] {processor.py:830} INFO - Processing file /home/mahmoud/airflow_env/lib/python3.10/site-packages/airflow/example_dags/example_task_group_decorator.py for tasks to queue
[2024-01-14T15:08:32.358+0200] {logging_mixin.py:188} INFO - [2024-01-14T15:08:32.358+0200] {dagbag.py:538} INFO - Filling up the DagBag from /home/mahmoud/airflow_env/lib/python3.10/site-packages/airflow/example_dags/example_task_group_decorator.py
[2024-01-14T15:08:32.379+0200] {processor.py:840} INFO - DAG(s) 'example_task_group_decorator' retrieved from /home/mahmoud/airflow_env/lib/python3.10/site-packages/airflow/example_dags/example_task_group_decorator.py
[2024-01-14T15:08:32.548+0200] {logging_mixin.py:188} INFO - [2024-01-14T15:08:32.548+0200] {override.py:1769} INFO - Created Permission View: can edit on DAG:example_task_group_decorator
[2024-01-14T15:08:32.562+0200] {logging_mixin.py:188} INFO - [2024-01-14T15:08:32.562+0200] {override.py:1769} INFO - Created Permission View: can delete on DAG:example_task_group_decorator
[2024-01-14T15:08:32.574+0200] {logging_mixin.py:188} INFO - [2024-01-14T15:08:32.574+0200] {override.py:1769} INFO - Created Permission View: can read on DAG:example_task_group_decorator
[2024-01-14T15:08:32.574+0200] {logging_mixin.py:188} INFO - [2024-01-14T15:08:32.574+0200] {dag.py:3033} INFO - Sync 1 DAGs
[2024-01-14T15:08:32.582+0200] {logging_mixin.py:188} INFO - [2024-01-14T15:08:32.582+0200] {dag.py:3055} INFO - Creating ORM DAG for example_task_group_decorator
[2024-01-14T15:08:32.588+0200] {logging_mixin.py:188} INFO - [2024-01-14T15:08:32.588+0200] {dag.py:3820} INFO - Setting next_dagrun for example_task_group_decorator to 2024-01-13T00:00:00+00:00, run_after=2024-01-14T00:00:00+00:00
[2024-01-14T15:08:32.613+0200] {processor.py:183} INFO - Processing /home/mahmoud/airflow_env/lib/python3.10/site-packages/airflow/example_dags/example_task_group_decorator.py took 0.263 seconds
[2024-01-14T15:09:22.521+0200] {processor.py:161} INFO - Started process (PID=16514) to work on /home/mahmoud/airflow_env/lib/python3.10/site-packages/airflow/example_dags/example_task_group_decorator.py
[2024-01-14T15:09:22.523+0200] {processor.py:830} INFO - Processing file /home/mahmoud/airflow_env/lib/python3.10/site-packages/airflow/example_dags/example_task_group_decorator.py for tasks to queue
[2024-01-14T15:09:22.524+0200] {logging_mixin.py:188} INFO - [2024-01-14T15:09:22.523+0200] {dagbag.py:538} INFO - Filling up the DagBag from /home/mahmoud/airflow_env/lib/python3.10/site-packages/airflow/example_dags/example_task_group_decorator.py
[2024-01-14T15:09:22.539+0200] {processor.py:840} INFO - DAG(s) 'example_task_group_decorator' retrieved from /home/mahmoud/airflow_env/lib/python3.10/site-packages/airflow/example_dags/example_task_group_decorator.py
[2024-01-14T15:09:22.555+0200] {logging_mixin.py:188} INFO - [2024-01-14T15:09:22.555+0200] {dag.py:3033} INFO - Sync 1 DAGs
[2024-01-14T15:09:22.572+0200] {logging_mixin.py:188} INFO - [2024-01-14T15:09:22.572+0200] {dag.py:3820} INFO - Setting next_dagrun for example_task_group_decorator to 2024-01-13T00:00:00+00:00, run_after=2024-01-14T00:00:00+00:00
[2024-01-14T15:09:22.594+0200] {processor.py:183} INFO - Processing /home/mahmoud/airflow_env/lib/python3.10/site-packages/airflow/example_dags/example_task_group_decorator.py took 0.077 seconds
[2024-01-14T15:10:11.442+0200] {processor.py:161} INFO - Started process (PID=16718) to work on /home/mahmoud/airflow_env/lib/python3.10/site-packages/airflow/example_dags/example_task_group_decorator.py
[2024-01-14T15:10:11.446+0200] {processor.py:830} INFO - Processing file /home/mahmoud/airflow_env/lib/python3.10/site-packages/airflow/example_dags/example_task_group_decorator.py for tasks to queue
[2024-01-14T15:10:11.447+0200] {logging_mixin.py:188} INFO - [2024-01-14T15:10:11.447+0200] {dagbag.py:538} INFO - Filling up the DagBag from /home/mahmoud/airflow_env/lib/python3.10/site-packages/airflow/example_dags/example_task_group_decorator.py
[2024-01-14T15:10:11.467+0200] {processor.py:840} INFO - DAG(s) 'example_task_group_decorator' retrieved from /home/mahmoud/airflow_env/lib/python3.10/site-packages/airflow/example_dags/example_task_group_decorator.py
[2024-01-14T15:10:11.483+0200] {logging_mixin.py:188} INFO - [2024-01-14T15:10:11.482+0200] {dag.py:3033} INFO - Sync 1 DAGs
[2024-01-14T15:10:11.497+0200] {logging_mixin.py:188} INFO - [2024-01-14T15:10:11.497+0200] {dag.py:3820} INFO - Setting next_dagrun for example_task_group_decorator to 2024-01-13T00:00:00+00:00, run_after=2024-01-14T00:00:00+00:00
[2024-01-14T15:10:11.518+0200] {processor.py:183} INFO - Processing /home/mahmoud/airflow_env/lib/python3.10/site-packages/airflow/example_dags/example_task_group_decorator.py took 0.082 seconds
[2024-01-14T15:11:09.094+0200] {processor.py:161} INFO - Started process (PID=16951) to work on /home/mahmoud/airflow_env/lib/python3.10/site-packages/airflow/example_dags/example_task_group_decorator.py
[2024-01-14T15:11:09.096+0200] {processor.py:830} INFO - Processing file /home/mahmoud/airflow_env/lib/python3.10/site-packages/airflow/example_dags/example_task_group_decorator.py for tasks to queue
[2024-01-14T15:11:09.097+0200] {logging_mixin.py:188} INFO - [2024-01-14T15:11:09.096+0200] {dagbag.py:538} INFO - Filling up the DagBag from /home/mahmoud/airflow_env/lib/python3.10/site-packages/airflow/example_dags/example_task_group_decorator.py
[2024-01-14T15:11:09.117+0200] {processor.py:840} INFO - DAG(s) 'example_task_group_decorator' retrieved from /home/mahmoud/airflow_env/lib/python3.10/site-packages/airflow/example_dags/example_task_group_decorator.py
[2024-01-14T15:11:09.135+0200] {logging_mixin.py:188} INFO - [2024-01-14T15:11:09.135+0200] {dag.py:3033} INFO - Sync 1 DAGs
[2024-01-14T15:11:09.152+0200] {logging_mixin.py:188} INFO - [2024-01-14T15:11:09.152+0200] {dag.py:3820} INFO - Setting next_dagrun for example_task_group_decorator to 2024-01-13T00:00:00+00:00, run_after=2024-01-14T00:00:00+00:00
[2024-01-14T15:11:09.175+0200] {processor.py:183} INFO - Processing /home/mahmoud/airflow_env/lib/python3.10/site-packages/airflow/example_dags/example_task_group_decorator.py took 0.087 seconds
[2024-01-14T15:12:05.193+0200] {processor.py:161} INFO - Started process (PID=17212) to work on /home/mahmoud/airflow_env/lib/python3.10/site-packages/airflow/example_dags/example_task_group_decorator.py
[2024-01-14T15:12:05.195+0200] {processor.py:830} INFO - Processing file /home/mahmoud/airflow_env/lib/python3.10/site-packages/airflow/example_dags/example_task_group_decorator.py for tasks to queue
[2024-01-14T15:12:05.196+0200] {logging_mixin.py:188} INFO - [2024-01-14T15:12:05.195+0200] {dagbag.py:538} INFO - Filling up the DagBag from /home/mahmoud/airflow_env/lib/python3.10/site-packages/airflow/example_dags/example_task_group_decorator.py
[2024-01-14T15:12:05.211+0200] {processor.py:840} INFO - DAG(s) 'example_task_group_decorator' retrieved from /home/mahmoud/airflow_env/lib/python3.10/site-packages/airflow/example_dags/example_task_group_decorator.py
[2024-01-14T15:12:05.228+0200] {logging_mixin.py:188} INFO - [2024-01-14T15:12:05.228+0200] {dag.py:3033} INFO - Sync 1 DAGs
[2024-01-14T15:12:05.244+0200] {logging_mixin.py:188} INFO - [2024-01-14T15:12:05.244+0200] {dag.py:3820} INFO - Setting next_dagrun for example_task_group_decorator to 2024-01-13T00:00:00+00:00, run_after=2024-01-14T00:00:00+00:00
[2024-01-14T15:12:05.268+0200] {processor.py:183} INFO - Processing /home/mahmoud/airflow_env/lib/python3.10/site-packages/airflow/example_dags/example_task_group_decorator.py took 0.078 seconds
[2024-01-14T15:12:58.645+0200] {processor.py:161} INFO - Started process (PID=17422) to work on /home/mahmoud/airflow_env/lib/python3.10/site-packages/airflow/example_dags/example_task_group_decorator.py
[2024-01-14T15:12:58.647+0200] {processor.py:830} INFO - Processing file /home/mahmoud/airflow_env/lib/python3.10/site-packages/airflow/example_dags/example_task_group_decorator.py for tasks to queue
[2024-01-14T15:12:58.648+0200] {logging_mixin.py:188} INFO - [2024-01-14T15:12:58.648+0200] {dagbag.py:538} INFO - Filling up the DagBag from /home/mahmoud/airflow_env/lib/python3.10/site-packages/airflow/example_dags/example_task_group_decorator.py
[2024-01-14T15:12:58.665+0200] {processor.py:840} INFO - DAG(s) 'example_task_group_decorator' retrieved from /home/mahmoud/airflow_env/lib/python3.10/site-packages/airflow/example_dags/example_task_group_decorator.py
[2024-01-14T15:12:58.682+0200] {logging_mixin.py:188} INFO - [2024-01-14T15:12:58.681+0200] {dag.py:3033} INFO - Sync 1 DAGs
[2024-01-14T15:12:58.698+0200] {logging_mixin.py:188} INFO - [2024-01-14T15:12:58.698+0200] {dag.py:3820} INFO - Setting next_dagrun for example_task_group_decorator to 2024-01-13T00:00:00+00:00, run_after=2024-01-14T00:00:00+00:00
[2024-01-14T15:12:58.721+0200] {processor.py:183} INFO - Processing /home/mahmoud/airflow_env/lib/python3.10/site-packages/airflow/example_dags/example_task_group_decorator.py took 0.080 seconds
[2024-01-14T15:13:52.419+0200] {processor.py:161} INFO - Started process (PID=17685) to work on /home/mahmoud/airflow_env/lib/python3.10/site-packages/airflow/example_dags/example_task_group_decorator.py
[2024-01-14T15:13:52.421+0200] {processor.py:830} INFO - Processing file /home/mahmoud/airflow_env/lib/python3.10/site-packages/airflow/example_dags/example_task_group_decorator.py for tasks to queue
[2024-01-14T15:13:52.423+0200] {logging_mixin.py:188} INFO - [2024-01-14T15:13:52.422+0200] {dagbag.py:538} INFO - Filling up the DagBag from /home/mahmoud/airflow_env/lib/python3.10/site-packages/airflow/example_dags/example_task_group_decorator.py
[2024-01-14T15:13:52.439+0200] {processor.py:840} INFO - DAG(s) 'example_task_group_decorator' retrieved from /home/mahmoud/airflow_env/lib/python3.10/site-packages/airflow/example_dags/example_task_group_decorator.py
[2024-01-14T15:13:52.456+0200] {logging_mixin.py:188} INFO - [2024-01-14T15:13:52.456+0200] {dag.py:3033} INFO - Sync 1 DAGs
[2024-01-14T15:13:52.474+0200] {logging_mixin.py:188} INFO - [2024-01-14T15:13:52.474+0200] {dag.py:3820} INFO - Setting next_dagrun for example_task_group_decorator to 2024-01-13T00:00:00+00:00, run_after=2024-01-14T00:00:00+00:00
[2024-01-14T15:13:52.496+0200] {processor.py:183} INFO - Processing /home/mahmoud/airflow_env/lib/python3.10/site-packages/airflow/example_dags/example_task_group_decorator.py took 0.082 seconds
[2024-01-14T15:20:19.476+0200] {processor.py:161} INFO - Started process (PID=19537) to work on /home/mahmoud/airflow_env/lib/python3.10/site-packages/airflow/example_dags/example_task_group_decorator.py
[2024-01-14T15:20:19.477+0200] {processor.py:830} INFO - Processing file /home/mahmoud/airflow_env/lib/python3.10/site-packages/airflow/example_dags/example_task_group_decorator.py for tasks to queue
[2024-01-14T15:20:19.478+0200] {logging_mixin.py:188} INFO - [2024-01-14T15:20:19.478+0200] {dagbag.py:538} INFO - Filling up the DagBag from /home/mahmoud/airflow_env/lib/python3.10/site-packages/airflow/example_dags/example_task_group_decorator.py
[2024-01-14T15:20:19.492+0200] {processor.py:840} INFO - DAG(s) 'example_task_group_decorator' retrieved from /home/mahmoud/airflow_env/lib/python3.10/site-packages/airflow/example_dags/example_task_group_decorator.py
[2024-01-14T15:20:19.507+0200] {logging_mixin.py:188} INFO - [2024-01-14T15:20:19.507+0200] {dag.py:3033} INFO - Sync 1 DAGs
[2024-01-14T15:20:19.605+0200] {logging_mixin.py:188} INFO - [2024-01-14T15:20:19.604+0200] {dag.py:3820} INFO - Setting next_dagrun for example_task_group_decorator to 2024-01-13T00:00:00+00:00, run_after=2024-01-14T00:00:00+00:00
[2024-01-14T15:20:19.627+0200] {processor.py:183} INFO - Processing /home/mahmoud/airflow_env/lib/python3.10/site-packages/airflow/example_dags/example_task_group_decorator.py took 0.155 seconds
[2024-01-14T15:21:09.662+0200] {processor.py:161} INFO - Started process (PID=19735) to work on /home/mahmoud/airflow_env/lib/python3.10/site-packages/airflow/example_dags/example_task_group_decorator.py
[2024-01-14T15:21:09.663+0200] {processor.py:830} INFO - Processing file /home/mahmoud/airflow_env/lib/python3.10/site-packages/airflow/example_dags/example_task_group_decorator.py for tasks to queue
[2024-01-14T15:21:09.664+0200] {logging_mixin.py:188} INFO - [2024-01-14T15:21:09.664+0200] {dagbag.py:538} INFO - Filling up the DagBag from /home/mahmoud/airflow_env/lib/python3.10/site-packages/airflow/example_dags/example_task_group_decorator.py
[2024-01-14T15:21:09.680+0200] {processor.py:840} INFO - DAG(s) 'example_task_group_decorator' retrieved from /home/mahmoud/airflow_env/lib/python3.10/site-packages/airflow/example_dags/example_task_group_decorator.py
[2024-01-14T15:21:09.696+0200] {logging_mixin.py:188} INFO - [2024-01-14T15:21:09.695+0200] {dag.py:3033} INFO - Sync 1 DAGs
[2024-01-14T15:21:09.711+0200] {logging_mixin.py:188} INFO - [2024-01-14T15:21:09.711+0200] {dag.py:3820} INFO - Setting next_dagrun for example_task_group_decorator to 2024-01-13T00:00:00+00:00, run_after=2024-01-14T00:00:00+00:00
[2024-01-14T15:21:09.734+0200] {processor.py:183} INFO - Processing /home/mahmoud/airflow_env/lib/python3.10/site-packages/airflow/example_dags/example_task_group_decorator.py took 0.075 seconds
[2024-01-14T15:21:58.980+0200] {processor.py:161} INFO - Started process (PID=19928) to work on /home/mahmoud/airflow_env/lib/python3.10/site-packages/airflow/example_dags/example_task_group_decorator.py
[2024-01-14T15:21:58.982+0200] {processor.py:830} INFO - Processing file /home/mahmoud/airflow_env/lib/python3.10/site-packages/airflow/example_dags/example_task_group_decorator.py for tasks to queue
[2024-01-14T15:21:58.983+0200] {logging_mixin.py:188} INFO - [2024-01-14T15:21:58.982+0200] {dagbag.py:538} INFO - Filling up the DagBag from /home/mahmoud/airflow_env/lib/python3.10/site-packages/airflow/example_dags/example_task_group_decorator.py
[2024-01-14T15:21:59.001+0200] {processor.py:840} INFO - DAG(s) 'example_task_group_decorator' retrieved from /home/mahmoud/airflow_env/lib/python3.10/site-packages/airflow/example_dags/example_task_group_decorator.py
[2024-01-14T15:21:59.017+0200] {logging_mixin.py:188} INFO - [2024-01-14T15:21:59.017+0200] {dag.py:3033} INFO - Sync 1 DAGs
[2024-01-14T15:21:59.034+0200] {logging_mixin.py:188} INFO - [2024-01-14T15:21:59.034+0200] {dag.py:3820} INFO - Setting next_dagrun for example_task_group_decorator to 2024-01-13T00:00:00+00:00, run_after=2024-01-14T00:00:00+00:00
[2024-01-14T15:21:59.056+0200] {processor.py:183} INFO - Processing /home/mahmoud/airflow_env/lib/python3.10/site-packages/airflow/example_dags/example_task_group_decorator.py took 0.081 seconds
[2024-01-14T15:22:52.890+0200] {processor.py:161} INFO - Started process (PID=20141) to work on /home/mahmoud/airflow_env/lib/python3.10/site-packages/airflow/example_dags/example_task_group_decorator.py
[2024-01-14T15:22:52.892+0200] {processor.py:830} INFO - Processing file /home/mahmoud/airflow_env/lib/python3.10/site-packages/airflow/example_dags/example_task_group_decorator.py for tasks to queue
[2024-01-14T15:22:52.893+0200] {logging_mixin.py:188} INFO - [2024-01-14T15:22:52.892+0200] {dagbag.py:538} INFO - Filling up the DagBag from /home/mahmoud/airflow_env/lib/python3.10/site-packages/airflow/example_dags/example_task_group_decorator.py
[2024-01-14T15:22:52.906+0200] {processor.py:840} INFO - DAG(s) 'example_task_group_decorator' retrieved from /home/mahmoud/airflow_env/lib/python3.10/site-packages/airflow/example_dags/example_task_group_decorator.py
[2024-01-14T15:22:52.920+0200] {logging_mixin.py:188} INFO - [2024-01-14T15:22:52.920+0200] {dag.py:3033} INFO - Sync 1 DAGs
[2024-01-14T15:22:52.936+0200] {logging_mixin.py:188} INFO - [2024-01-14T15:22:52.936+0200] {dag.py:3820} INFO - Setting next_dagrun for example_task_group_decorator to 2024-01-13T00:00:00+00:00, run_after=2024-01-14T00:00:00+00:00
[2024-01-14T15:22:52.958+0200] {processor.py:183} INFO - Processing /home/mahmoud/airflow_env/lib/python3.10/site-packages/airflow/example_dags/example_task_group_decorator.py took 0.072 seconds
[2024-01-14T15:38:11.710+0200] {processor.py:161} INFO - Started process (PID=24629) to work on /home/mahmoud/airflow_env/lib/python3.10/site-packages/airflow/example_dags/example_task_group_decorator.py
[2024-01-14T15:38:11.713+0200] {processor.py:830} INFO - Processing file /home/mahmoud/airflow_env/lib/python3.10/site-packages/airflow/example_dags/example_task_group_decorator.py for tasks to queue
[2024-01-14T15:38:11.714+0200] {logging_mixin.py:188} INFO - [2024-01-14T15:38:11.713+0200] {dagbag.py:538} INFO - Filling up the DagBag from /home/mahmoud/airflow_env/lib/python3.10/site-packages/airflow/example_dags/example_task_group_decorator.py
[2024-01-14T15:38:11.729+0200] {processor.py:840} INFO - DAG(s) 'example_task_group_decorator' retrieved from /home/mahmoud/airflow_env/lib/python3.10/site-packages/airflow/example_dags/example_task_group_decorator.py
[2024-01-14T15:38:11.745+0200] {logging_mixin.py:188} INFO - [2024-01-14T15:38:11.745+0200] {dag.py:3033} INFO - Sync 1 DAGs
[2024-01-14T15:38:11.838+0200] {logging_mixin.py:188} INFO - [2024-01-14T15:38:11.838+0200] {dag.py:3820} INFO - Setting next_dagrun for example_task_group_decorator to 2024-01-13T00:00:00+00:00, run_after=2024-01-14T00:00:00+00:00
[2024-01-14T15:38:11.860+0200] {processor.py:183} INFO - Processing /home/mahmoud/airflow_env/lib/python3.10/site-packages/airflow/example_dags/example_task_group_decorator.py took 0.154 seconds
[2024-01-14T15:39:01.334+0200] {processor.py:161} INFO - Started process (PID=25029) to work on /home/mahmoud/airflow_env/lib/python3.10/site-packages/airflow/example_dags/example_task_group_decorator.py
[2024-01-14T15:39:01.335+0200] {processor.py:830} INFO - Processing file /home/mahmoud/airflow_env/lib/python3.10/site-packages/airflow/example_dags/example_task_group_decorator.py for tasks to queue
[2024-01-14T15:39:01.335+0200] {logging_mixin.py:188} INFO - [2024-01-14T15:39:01.335+0200] {dagbag.py:538} INFO - Filling up the DagBag from /home/mahmoud/airflow_env/lib/python3.10/site-packages/airflow/example_dags/example_task_group_decorator.py
[2024-01-14T15:39:01.350+0200] {processor.py:840} INFO - DAG(s) 'example_task_group_decorator' retrieved from /home/mahmoud/airflow_env/lib/python3.10/site-packages/airflow/example_dags/example_task_group_decorator.py
[2024-01-14T15:39:01.365+0200] {logging_mixin.py:188} INFO - [2024-01-14T15:39:01.365+0200] {dag.py:3033} INFO - Sync 1 DAGs
[2024-01-14T15:39:01.381+0200] {logging_mixin.py:188} INFO - [2024-01-14T15:39:01.380+0200] {dag.py:3820} INFO - Setting next_dagrun for example_task_group_decorator to 2024-01-13T00:00:00+00:00, run_after=2024-01-14T00:00:00+00:00
[2024-01-14T15:39:01.404+0200] {processor.py:183} INFO - Processing /home/mahmoud/airflow_env/lib/python3.10/site-packages/airflow/example_dags/example_task_group_decorator.py took 0.072 seconds
[2024-01-14T15:39:50.868+0200] {processor.py:161} INFO - Started process (PID=25256) to work on /home/mahmoud/airflow_env/lib/python3.10/site-packages/airflow/example_dags/example_task_group_decorator.py
[2024-01-14T15:39:50.869+0200] {processor.py:830} INFO - Processing file /home/mahmoud/airflow_env/lib/python3.10/site-packages/airflow/example_dags/example_task_group_decorator.py for tasks to queue
[2024-01-14T15:39:50.870+0200] {logging_mixin.py:188} INFO - [2024-01-14T15:39:50.870+0200] {dagbag.py:538} INFO - Filling up the DagBag from /home/mahmoud/airflow_env/lib/python3.10/site-packages/airflow/example_dags/example_task_group_decorator.py
[2024-01-14T15:39:50.885+0200] {processor.py:840} INFO - DAG(s) 'example_task_group_decorator' retrieved from /home/mahmoud/airflow_env/lib/python3.10/site-packages/airflow/example_dags/example_task_group_decorator.py
[2024-01-14T15:39:50.906+0200] {logging_mixin.py:188} INFO - [2024-01-14T15:39:50.905+0200] {dag.py:3033} INFO - Sync 1 DAGs
[2024-01-14T15:39:50.923+0200] {logging_mixin.py:188} INFO - [2024-01-14T15:39:50.923+0200] {dag.py:3820} INFO - Setting next_dagrun for example_task_group_decorator to 2024-01-13T00:00:00+00:00, run_after=2024-01-14T00:00:00+00:00
[2024-01-14T15:39:50.946+0200] {processor.py:183} INFO - Processing /home/mahmoud/airflow_env/lib/python3.10/site-packages/airflow/example_dags/example_task_group_decorator.py took 0.080 seconds
[2024-01-14T15:40:48.445+0200] {processor.py:161} INFO - Started process (PID=25481) to work on /home/mahmoud/airflow_env/lib/python3.10/site-packages/airflow/example_dags/example_task_group_decorator.py
[2024-01-14T15:40:48.461+0200] {processor.py:830} INFO - Processing file /home/mahmoud/airflow_env/lib/python3.10/site-packages/airflow/example_dags/example_task_group_decorator.py for tasks to queue
[2024-01-14T15:40:48.461+0200] {logging_mixin.py:188} INFO - [2024-01-14T15:40:48.461+0200] {dagbag.py:538} INFO - Filling up the DagBag from /home/mahmoud/airflow_env/lib/python3.10/site-packages/airflow/example_dags/example_task_group_decorator.py
[2024-01-14T15:40:48.475+0200] {processor.py:840} INFO - DAG(s) 'example_task_group_decorator' retrieved from /home/mahmoud/airflow_env/lib/python3.10/site-packages/airflow/example_dags/example_task_group_decorator.py
[2024-01-14T15:40:48.494+0200] {logging_mixin.py:188} INFO - [2024-01-14T15:40:48.494+0200] {dag.py:3033} INFO - Sync 1 DAGs
[2024-01-14T15:40:48.510+0200] {logging_mixin.py:188} INFO - [2024-01-14T15:40:48.510+0200] {dag.py:3820} INFO - Setting next_dagrun for example_task_group_decorator to 2024-01-13T00:00:00+00:00, run_after=2024-01-14T00:00:00+00:00
[2024-01-14T15:40:48.533+0200] {processor.py:183} INFO - Processing /home/mahmoud/airflow_env/lib/python3.10/site-packages/airflow/example_dags/example_task_group_decorator.py took 0.090 seconds
[2024-01-14T15:41:38.966+0200] {processor.py:161} INFO - Started process (PID=25747) to work on /home/mahmoud/airflow_env/lib/python3.10/site-packages/airflow/example_dags/example_task_group_decorator.py
[2024-01-14T15:41:38.971+0200] {processor.py:830} INFO - Processing file /home/mahmoud/airflow_env/lib/python3.10/site-packages/airflow/example_dags/example_task_group_decorator.py for tasks to queue
[2024-01-14T15:41:38.972+0200] {logging_mixin.py:188} INFO - [2024-01-14T15:41:38.972+0200] {dagbag.py:538} INFO - Filling up the DagBag from /home/mahmoud/airflow_env/lib/python3.10/site-packages/airflow/example_dags/example_task_group_decorator.py
[2024-01-14T15:41:38.988+0200] {processor.py:840} INFO - DAG(s) 'example_task_group_decorator' retrieved from /home/mahmoud/airflow_env/lib/python3.10/site-packages/airflow/example_dags/example_task_group_decorator.py
[2024-01-14T15:41:39.006+0200] {logging_mixin.py:188} INFO - [2024-01-14T15:41:39.005+0200] {dag.py:3033} INFO - Sync 1 DAGs
[2024-01-14T15:41:39.021+0200] {logging_mixin.py:188} INFO - [2024-01-14T15:41:39.020+0200] {dag.py:3820} INFO - Setting next_dagrun for example_task_group_decorator to 2024-01-13T00:00:00+00:00, run_after=2024-01-14T00:00:00+00:00
[2024-01-14T15:41:39.041+0200] {processor.py:183} INFO - Processing /home/mahmoud/airflow_env/lib/python3.10/site-packages/airflow/example_dags/example_task_group_decorator.py took 0.077 seconds
[2024-01-14T15:42:32.828+0200] {processor.py:161} INFO - Started process (PID=26021) to work on /home/mahmoud/airflow_env/lib/python3.10/site-packages/airflow/example_dags/example_task_group_decorator.py
[2024-01-14T15:42:32.831+0200] {processor.py:830} INFO - Processing file /home/mahmoud/airflow_env/lib/python3.10/site-packages/airflow/example_dags/example_task_group_decorator.py for tasks to queue
[2024-01-14T15:42:32.832+0200] {logging_mixin.py:188} INFO - [2024-01-14T15:42:32.831+0200] {dagbag.py:538} INFO - Filling up the DagBag from /home/mahmoud/airflow_env/lib/python3.10/site-packages/airflow/example_dags/example_task_group_decorator.py
[2024-01-14T15:42:32.848+0200] {processor.py:840} INFO - DAG(s) 'example_task_group_decorator' retrieved from /home/mahmoud/airflow_env/lib/python3.10/site-packages/airflow/example_dags/example_task_group_decorator.py
[2024-01-14T15:42:32.865+0200] {logging_mixin.py:188} INFO - [2024-01-14T15:42:32.865+0200] {dag.py:3033} INFO - Sync 1 DAGs
[2024-01-14T15:42:32.882+0200] {logging_mixin.py:188} INFO - [2024-01-14T15:42:32.882+0200] {dag.py:3820} INFO - Setting next_dagrun for example_task_group_decorator to 2024-01-13T00:00:00+00:00, run_after=2024-01-14T00:00:00+00:00
[2024-01-14T15:42:32.902+0200] {processor.py:183} INFO - Processing /home/mahmoud/airflow_env/lib/python3.10/site-packages/airflow/example_dags/example_task_group_decorator.py took 0.078 seconds
[2024-01-14T15:43:46.157+0200] {processor.py:161} INFO - Started process (PID=26811) to work on /home/mahmoud/airflow_env/lib/python3.10/site-packages/airflow/example_dags/example_task_group_decorator.py
[2024-01-14T15:43:46.159+0200] {processor.py:830} INFO - Processing file /home/mahmoud/airflow_env/lib/python3.10/site-packages/airflow/example_dags/example_task_group_decorator.py for tasks to queue
[2024-01-14T15:43:46.161+0200] {logging_mixin.py:188} INFO - [2024-01-14T15:43:46.160+0200] {dagbag.py:538} INFO - Filling up the DagBag from /home/mahmoud/airflow_env/lib/python3.10/site-packages/airflow/example_dags/example_task_group_decorator.py
[2024-01-14T15:43:46.182+0200] {processor.py:840} INFO - DAG(s) 'example_task_group_decorator' retrieved from /home/mahmoud/airflow_env/lib/python3.10/site-packages/airflow/example_dags/example_task_group_decorator.py
[2024-01-14T15:43:46.201+0200] {logging_mixin.py:188} INFO - [2024-01-14T15:43:46.201+0200] {dag.py:3033} INFO - Sync 1 DAGs
[2024-01-14T15:43:46.217+0200] {logging_mixin.py:188} INFO - [2024-01-14T15:43:46.217+0200] {dag.py:3820} INFO - Setting next_dagrun for example_task_group_decorator to 2024-01-13T00:00:00+00:00, run_after=2024-01-14T00:00:00+00:00
[2024-01-14T15:43:46.238+0200] {processor.py:183} INFO - Processing /home/mahmoud/airflow_env/lib/python3.10/site-packages/airflow/example_dags/example_task_group_decorator.py took 0.087 seconds
[2024-01-14T15:44:29.661+0200] {processor.py:161} INFO - Started process (PID=27303) to work on /home/mahmoud/airflow_env/lib/python3.10/site-packages/airflow/example_dags/example_task_group_decorator.py
[2024-01-14T15:44:29.663+0200] {processor.py:830} INFO - Processing file /home/mahmoud/airflow_env/lib/python3.10/site-packages/airflow/example_dags/example_task_group_decorator.py for tasks to queue
[2024-01-14T15:44:29.664+0200] {logging_mixin.py:188} INFO - [2024-01-14T15:44:29.663+0200] {dagbag.py:538} INFO - Filling up the DagBag from /home/mahmoud/airflow_env/lib/python3.10/site-packages/airflow/example_dags/example_task_group_decorator.py
[2024-01-14T15:44:29.679+0200] {processor.py:840} INFO - DAG(s) 'example_task_group_decorator' retrieved from /home/mahmoud/airflow_env/lib/python3.10/site-packages/airflow/example_dags/example_task_group_decorator.py
[2024-01-14T15:44:29.696+0200] {logging_mixin.py:188} INFO - [2024-01-14T15:44:29.696+0200] {dag.py:3033} INFO - Sync 1 DAGs
[2024-01-14T15:44:29.713+0200] {logging_mixin.py:188} INFO - [2024-01-14T15:44:29.713+0200] {dag.py:3820} INFO - Setting next_dagrun for example_task_group_decorator to 2024-01-13T00:00:00+00:00, run_after=2024-01-14T00:00:00+00:00
[2024-01-14T15:44:29.733+0200] {processor.py:183} INFO - Processing /home/mahmoud/airflow_env/lib/python3.10/site-packages/airflow/example_dags/example_task_group_decorator.py took 0.075 seconds
[2024-01-14T15:45:20.248+0200] {processor.py:161} INFO - Started process (PID=27761) to work on /home/mahmoud/airflow_env/lib/python3.10/site-packages/airflow/example_dags/example_task_group_decorator.py
[2024-01-14T15:45:20.250+0200] {processor.py:830} INFO - Processing file /home/mahmoud/airflow_env/lib/python3.10/site-packages/airflow/example_dags/example_task_group_decorator.py for tasks to queue
[2024-01-14T15:45:20.250+0200] {logging_mixin.py:188} INFO - [2024-01-14T15:45:20.250+0200] {dagbag.py:538} INFO - Filling up the DagBag from /home/mahmoud/airflow_env/lib/python3.10/site-packages/airflow/example_dags/example_task_group_decorator.py
[2024-01-14T15:45:20.263+0200] {processor.py:840} INFO - DAG(s) 'example_task_group_decorator' retrieved from /home/mahmoud/airflow_env/lib/python3.10/site-packages/airflow/example_dags/example_task_group_decorator.py
[2024-01-14T15:45:20.278+0200] {logging_mixin.py:188} INFO - [2024-01-14T15:45:20.278+0200] {dag.py:3033} INFO - Sync 1 DAGs
[2024-01-14T15:45:20.299+0200] {logging_mixin.py:188} INFO - [2024-01-14T15:45:20.299+0200] {dag.py:3820} INFO - Setting next_dagrun for example_task_group_decorator to 2024-01-13T00:00:00+00:00, run_after=2024-01-14T00:00:00+00:00
[2024-01-14T15:45:20.323+0200] {processor.py:183} INFO - Processing /home/mahmoud/airflow_env/lib/python3.10/site-packages/airflow/example_dags/example_task_group_decorator.py took 0.078 seconds
[2024-01-14T15:46:12.139+0200] {processor.py:161} INFO - Started process (PID=27970) to work on /home/mahmoud/airflow_env/lib/python3.10/site-packages/airflow/example_dags/example_task_group_decorator.py
[2024-01-14T15:46:12.141+0200] {processor.py:830} INFO - Processing file /home/mahmoud/airflow_env/lib/python3.10/site-packages/airflow/example_dags/example_task_group_decorator.py for tasks to queue
[2024-01-14T15:46:12.143+0200] {logging_mixin.py:188} INFO - [2024-01-14T15:46:12.142+0200] {dagbag.py:538} INFO - Filling up the DagBag from /home/mahmoud/airflow_env/lib/python3.10/site-packages/airflow/example_dags/example_task_group_decorator.py
[2024-01-14T15:46:12.159+0200] {processor.py:840} INFO - DAG(s) 'example_task_group_decorator' retrieved from /home/mahmoud/airflow_env/lib/python3.10/site-packages/airflow/example_dags/example_task_group_decorator.py
[2024-01-14T15:46:12.177+0200] {logging_mixin.py:188} INFO - [2024-01-14T15:46:12.177+0200] {dag.py:3033} INFO - Sync 1 DAGs
[2024-01-14T15:46:12.196+0200] {logging_mixin.py:188} INFO - [2024-01-14T15:46:12.195+0200] {dag.py:3820} INFO - Setting next_dagrun for example_task_group_decorator to 2024-01-13T00:00:00+00:00, run_after=2024-01-14T00:00:00+00:00
[2024-01-14T15:46:12.218+0200] {processor.py:183} INFO - Processing /home/mahmoud/airflow_env/lib/python3.10/site-packages/airflow/example_dags/example_task_group_decorator.py took 0.083 seconds
[2024-01-14T15:47:06.796+0200] {processor.py:161} INFO - Started process (PID=28218) to work on /home/mahmoud/airflow_env/lib/python3.10/site-packages/airflow/example_dags/example_task_group_decorator.py
[2024-01-14T15:47:06.797+0200] {processor.py:830} INFO - Processing file /home/mahmoud/airflow_env/lib/python3.10/site-packages/airflow/example_dags/example_task_group_decorator.py for tasks to queue
[2024-01-14T15:47:06.798+0200] {logging_mixin.py:188} INFO - [2024-01-14T15:47:06.798+0200] {dagbag.py:538} INFO - Filling up the DagBag from /home/mahmoud/airflow_env/lib/python3.10/site-packages/airflow/example_dags/example_task_group_decorator.py
[2024-01-14T15:47:06.813+0200] {processor.py:840} INFO - DAG(s) 'example_task_group_decorator' retrieved from /home/mahmoud/airflow_env/lib/python3.10/site-packages/airflow/example_dags/example_task_group_decorator.py
[2024-01-14T15:47:06.828+0200] {logging_mixin.py:188} INFO - [2024-01-14T15:47:06.828+0200] {dag.py:3033} INFO - Sync 1 DAGs
[2024-01-14T15:47:06.843+0200] {logging_mixin.py:188} INFO - [2024-01-14T15:47:06.843+0200] {dag.py:3820} INFO - Setting next_dagrun for example_task_group_decorator to 2024-01-13T00:00:00+00:00, run_after=2024-01-14T00:00:00+00:00
[2024-01-14T15:47:06.866+0200] {processor.py:183} INFO - Processing /home/mahmoud/airflow_env/lib/python3.10/site-packages/airflow/example_dags/example_task_group_decorator.py took 0.074 seconds
[2024-01-14T15:47:59.922+0200] {processor.py:161} INFO - Started process (PID=28486) to work on /home/mahmoud/airflow_env/lib/python3.10/site-packages/airflow/example_dags/example_task_group_decorator.py
[2024-01-14T15:47:59.923+0200] {processor.py:830} INFO - Processing file /home/mahmoud/airflow_env/lib/python3.10/site-packages/airflow/example_dags/example_task_group_decorator.py for tasks to queue
[2024-01-14T15:47:59.924+0200] {logging_mixin.py:188} INFO - [2024-01-14T15:47:59.924+0200] {dagbag.py:538} INFO - Filling up the DagBag from /home/mahmoud/airflow_env/lib/python3.10/site-packages/airflow/example_dags/example_task_group_decorator.py
[2024-01-14T15:47:59.940+0200] {processor.py:840} INFO - DAG(s) 'example_task_group_decorator' retrieved from /home/mahmoud/airflow_env/lib/python3.10/site-packages/airflow/example_dags/example_task_group_decorator.py
[2024-01-14T15:47:59.956+0200] {logging_mixin.py:188} INFO - [2024-01-14T15:47:59.956+0200] {dag.py:3033} INFO - Sync 1 DAGs
[2024-01-14T15:47:59.972+0200] {logging_mixin.py:188} INFO - [2024-01-14T15:47:59.972+0200] {dag.py:3820} INFO - Setting next_dagrun for example_task_group_decorator to 2024-01-13T00:00:00+00:00, run_after=2024-01-14T00:00:00+00:00
[2024-01-14T15:47:59.991+0200] {processor.py:183} INFO - Processing /home/mahmoud/airflow_env/lib/python3.10/site-packages/airflow/example_dags/example_task_group_decorator.py took 0.073 seconds
[2024-01-14T15:48:52.811+0200] {processor.py:161} INFO - Started process (PID=28697) to work on /home/mahmoud/airflow_env/lib/python3.10/site-packages/airflow/example_dags/example_task_group_decorator.py
[2024-01-14T15:48:52.813+0200] {processor.py:830} INFO - Processing file /home/mahmoud/airflow_env/lib/python3.10/site-packages/airflow/example_dags/example_task_group_decorator.py for tasks to queue
[2024-01-14T15:48:52.814+0200] {logging_mixin.py:188} INFO - [2024-01-14T15:48:52.813+0200] {dagbag.py:538} INFO - Filling up the DagBag from /home/mahmoud/airflow_env/lib/python3.10/site-packages/airflow/example_dags/example_task_group_decorator.py
[2024-01-14T15:48:52.829+0200] {processor.py:840} INFO - DAG(s) 'example_task_group_decorator' retrieved from /home/mahmoud/airflow_env/lib/python3.10/site-packages/airflow/example_dags/example_task_group_decorator.py
[2024-01-14T15:48:52.846+0200] {logging_mixin.py:188} INFO - [2024-01-14T15:48:52.846+0200] {dag.py:3033} INFO - Sync 1 DAGs
[2024-01-14T15:48:52.863+0200] {logging_mixin.py:188} INFO - [2024-01-14T15:48:52.863+0200] {dag.py:3820} INFO - Setting next_dagrun for example_task_group_decorator to 2024-01-13T00:00:00+00:00, run_after=2024-01-14T00:00:00+00:00
[2024-01-14T15:48:52.886+0200] {processor.py:183} INFO - Processing /home/mahmoud/airflow_env/lib/python3.10/site-packages/airflow/example_dags/example_task_group_decorator.py took 0.079 seconds
[2024-01-14T15:49:46.781+0200] {processor.py:161} INFO - Started process (PID=28909) to work on /home/mahmoud/airflow_env/lib/python3.10/site-packages/airflow/example_dags/example_task_group_decorator.py
[2024-01-14T15:49:46.784+0200] {processor.py:830} INFO - Processing file /home/mahmoud/airflow_env/lib/python3.10/site-packages/airflow/example_dags/example_task_group_decorator.py for tasks to queue
[2024-01-14T15:49:46.784+0200] {logging_mixin.py:188} INFO - [2024-01-14T15:49:46.784+0200] {dagbag.py:538} INFO - Filling up the DagBag from /home/mahmoud/airflow_env/lib/python3.10/site-packages/airflow/example_dags/example_task_group_decorator.py
[2024-01-14T15:49:46.800+0200] {processor.py:840} INFO - DAG(s) 'example_task_group_decorator' retrieved from /home/mahmoud/airflow_env/lib/python3.10/site-packages/airflow/example_dags/example_task_group_decorator.py
[2024-01-14T15:49:46.817+0200] {logging_mixin.py:188} INFO - [2024-01-14T15:49:46.816+0200] {dag.py:3033} INFO - Sync 1 DAGs
[2024-01-14T15:49:46.832+0200] {logging_mixin.py:188} INFO - [2024-01-14T15:49:46.832+0200] {dag.py:3820} INFO - Setting next_dagrun for example_task_group_decorator to 2024-01-13T00:00:00+00:00, run_after=2024-01-14T00:00:00+00:00
[2024-01-14T15:49:46.853+0200] {processor.py:183} INFO - Processing /home/mahmoud/airflow_env/lib/python3.10/site-packages/airflow/example_dags/example_task_group_decorator.py took 0.075 seconds
[2024-01-14T15:50:37.082+0200] {processor.py:161} INFO - Started process (PID=29106) to work on /home/mahmoud/airflow_env/lib/python3.10/site-packages/airflow/example_dags/example_task_group_decorator.py
[2024-01-14T15:50:37.084+0200] {processor.py:830} INFO - Processing file /home/mahmoud/airflow_env/lib/python3.10/site-packages/airflow/example_dags/example_task_group_decorator.py for tasks to queue
[2024-01-14T15:50:37.085+0200] {logging_mixin.py:188} INFO - [2024-01-14T15:50:37.085+0200] {dagbag.py:538} INFO - Filling up the DagBag from /home/mahmoud/airflow_env/lib/python3.10/site-packages/airflow/example_dags/example_task_group_decorator.py
[2024-01-14T15:50:37.099+0200] {processor.py:840} INFO - DAG(s) 'example_task_group_decorator' retrieved from /home/mahmoud/airflow_env/lib/python3.10/site-packages/airflow/example_dags/example_task_group_decorator.py
[2024-01-14T15:50:37.116+0200] {logging_mixin.py:188} INFO - [2024-01-14T15:50:37.116+0200] {dag.py:3033} INFO - Sync 1 DAGs
[2024-01-14T15:50:37.131+0200] {logging_mixin.py:188} INFO - [2024-01-14T15:50:37.131+0200] {dag.py:3820} INFO - Setting next_dagrun for example_task_group_decorator to 2024-01-13T00:00:00+00:00, run_after=2024-01-14T00:00:00+00:00
[2024-01-14T15:50:37.152+0200] {processor.py:183} INFO - Processing /home/mahmoud/airflow_env/lib/python3.10/site-packages/airflow/example_dags/example_task_group_decorator.py took 0.073 seconds
[2024-01-14T15:51:30.340+0200] {processor.py:161} INFO - Started process (PID=29316) to work on /home/mahmoud/airflow_env/lib/python3.10/site-packages/airflow/example_dags/example_task_group_decorator.py
[2024-01-14T15:51:30.342+0200] {processor.py:830} INFO - Processing file /home/mahmoud/airflow_env/lib/python3.10/site-packages/airflow/example_dags/example_task_group_decorator.py for tasks to queue
[2024-01-14T15:51:30.343+0200] {logging_mixin.py:188} INFO - [2024-01-14T15:51:30.342+0200] {dagbag.py:538} INFO - Filling up the DagBag from /home/mahmoud/airflow_env/lib/python3.10/site-packages/airflow/example_dags/example_task_group_decorator.py
[2024-01-14T15:51:30.379+0200] {processor.py:840} INFO - DAG(s) 'example_task_group_decorator' retrieved from /home/mahmoud/airflow_env/lib/python3.10/site-packages/airflow/example_dags/example_task_group_decorator.py
[2024-01-14T15:51:30.412+0200] {logging_mixin.py:188} INFO - [2024-01-14T15:51:30.412+0200] {dag.py:3033} INFO - Sync 1 DAGs
[2024-01-14T15:51:30.466+0200] {logging_mixin.py:188} INFO - [2024-01-14T15:51:30.466+0200] {dag.py:3820} INFO - Setting next_dagrun for example_task_group_decorator to 2024-01-13T00:00:00+00:00, run_after=2024-01-14T00:00:00+00:00
[2024-01-14T15:51:30.517+0200] {processor.py:183} INFO - Processing /home/mahmoud/airflow_env/lib/python3.10/site-packages/airflow/example_dags/example_task_group_decorator.py took 0.180 seconds
[2024-01-14T15:52:21.779+0200] {processor.py:161} INFO - Started process (PID=29520) to work on /home/mahmoud/airflow_env/lib/python3.10/site-packages/airflow/example_dags/example_task_group_decorator.py
[2024-01-14T15:52:21.780+0200] {processor.py:830} INFO - Processing file /home/mahmoud/airflow_env/lib/python3.10/site-packages/airflow/example_dags/example_task_group_decorator.py for tasks to queue
[2024-01-14T15:52:21.781+0200] {logging_mixin.py:188} INFO - [2024-01-14T15:52:21.781+0200] {dagbag.py:538} INFO - Filling up the DagBag from /home/mahmoud/airflow_env/lib/python3.10/site-packages/airflow/example_dags/example_task_group_decorator.py
[2024-01-14T15:52:21.794+0200] {processor.py:840} INFO - DAG(s) 'example_task_group_decorator' retrieved from /home/mahmoud/airflow_env/lib/python3.10/site-packages/airflow/example_dags/example_task_group_decorator.py
[2024-01-14T15:52:21.808+0200] {logging_mixin.py:188} INFO - [2024-01-14T15:52:21.808+0200] {dag.py:3033} INFO - Sync 1 DAGs
[2024-01-14T15:52:21.824+0200] {logging_mixin.py:188} INFO - [2024-01-14T15:52:21.823+0200] {dag.py:3820} INFO - Setting next_dagrun for example_task_group_decorator to 2024-01-13T00:00:00+00:00, run_after=2024-01-14T00:00:00+00:00
[2024-01-14T15:52:21.842+0200] {processor.py:183} INFO - Processing /home/mahmoud/airflow_env/lib/python3.10/site-packages/airflow/example_dags/example_task_group_decorator.py took 0.066 seconds
[2024-01-14T15:53:11.693+0200] {processor.py:161} INFO - Started process (PID=29746) to work on /home/mahmoud/airflow_env/lib/python3.10/site-packages/airflow/example_dags/example_task_group_decorator.py
[2024-01-14T15:53:11.694+0200] {processor.py:830} INFO - Processing file /home/mahmoud/airflow_env/lib/python3.10/site-packages/airflow/example_dags/example_task_group_decorator.py for tasks to queue
[2024-01-14T15:53:11.695+0200] {logging_mixin.py:188} INFO - [2024-01-14T15:53:11.695+0200] {dagbag.py:538} INFO - Filling up the DagBag from /home/mahmoud/airflow_env/lib/python3.10/site-packages/airflow/example_dags/example_task_group_decorator.py
[2024-01-14T15:53:11.710+0200] {processor.py:840} INFO - DAG(s) 'example_task_group_decorator' retrieved from /home/mahmoud/airflow_env/lib/python3.10/site-packages/airflow/example_dags/example_task_group_decorator.py
[2024-01-14T15:53:11.726+0200] {logging_mixin.py:188} INFO - [2024-01-14T15:53:11.726+0200] {dag.py:3033} INFO - Sync 1 DAGs
[2024-01-14T15:53:11.744+0200] {logging_mixin.py:188} INFO - [2024-01-14T15:53:11.743+0200] {dag.py:3820} INFO - Setting next_dagrun for example_task_group_decorator to 2024-01-13T00:00:00+00:00, run_after=2024-01-14T00:00:00+00:00
[2024-01-14T15:53:11.765+0200] {processor.py:183} INFO - Processing /home/mahmoud/airflow_env/lib/python3.10/site-packages/airflow/example_dags/example_task_group_decorator.py took 0.075 seconds
[2024-01-14T15:54:21.454+0200] {processor.py:161} INFO - Started process (PID=29998) to work on /home/mahmoud/airflow_env/lib/python3.10/site-packages/airflow/example_dags/example_task_group_decorator.py
[2024-01-14T15:54:21.458+0200] {processor.py:830} INFO - Processing file /home/mahmoud/airflow_env/lib/python3.10/site-packages/airflow/example_dags/example_task_group_decorator.py for tasks to queue
[2024-01-14T15:54:21.461+0200] {logging_mixin.py:188} INFO - [2024-01-14T15:54:21.460+0200] {dagbag.py:538} INFO - Filling up the DagBag from /home/mahmoud/airflow_env/lib/python3.10/site-packages/airflow/example_dags/example_task_group_decorator.py
[2024-01-14T15:54:21.508+0200] {processor.py:840} INFO - DAG(s) 'example_task_group_decorator' retrieved from /home/mahmoud/airflow_env/lib/python3.10/site-packages/airflow/example_dags/example_task_group_decorator.py
[2024-01-14T15:54:21.564+0200] {logging_mixin.py:188} INFO - [2024-01-14T15:54:21.564+0200] {dag.py:3033} INFO - Sync 1 DAGs
[2024-01-14T15:54:21.625+0200] {logging_mixin.py:188} INFO - [2024-01-14T15:54:21.624+0200] {dag.py:3820} INFO - Setting next_dagrun for example_task_group_decorator to 2024-01-13T00:00:00+00:00, run_after=2024-01-14T00:00:00+00:00
[2024-01-14T15:54:21.687+0200] {processor.py:183} INFO - Processing /home/mahmoud/airflow_env/lib/python3.10/site-packages/airflow/example_dags/example_task_group_decorator.py took 0.242 seconds
[2024-01-14T15:55:33.461+0200] {processor.py:161} INFO - Started process (PID=30246) to work on /home/mahmoud/airflow_env/lib/python3.10/site-packages/airflow/example_dags/example_task_group_decorator.py
[2024-01-14T15:55:33.465+0200] {processor.py:830} INFO - Processing file /home/mahmoud/airflow_env/lib/python3.10/site-packages/airflow/example_dags/example_task_group_decorator.py for tasks to queue
[2024-01-14T15:55:33.468+0200] {logging_mixin.py:188} INFO - [2024-01-14T15:55:33.467+0200] {dagbag.py:538} INFO - Filling up the DagBag from /home/mahmoud/airflow_env/lib/python3.10/site-packages/airflow/example_dags/example_task_group_decorator.py
[2024-01-14T15:55:33.516+0200] {processor.py:840} INFO - DAG(s) 'example_task_group_decorator' retrieved from /home/mahmoud/airflow_env/lib/python3.10/site-packages/airflow/example_dags/example_task_group_decorator.py
[2024-01-14T15:55:33.574+0200] {logging_mixin.py:188} INFO - [2024-01-14T15:55:33.574+0200] {dag.py:3033} INFO - Sync 1 DAGs
[2024-01-14T15:55:33.644+0200] {logging_mixin.py:188} INFO - [2024-01-14T15:55:33.644+0200] {dag.py:3820} INFO - Setting next_dagrun for example_task_group_decorator to 2024-01-13T00:00:00+00:00, run_after=2024-01-14T00:00:00+00:00
[2024-01-14T15:55:33.713+0200] {processor.py:183} INFO - Processing /home/mahmoud/airflow_env/lib/python3.10/site-packages/airflow/example_dags/example_task_group_decorator.py took 0.261 seconds
[2024-01-14T15:56:33.777+0200] {processor.py:161} INFO - Started process (PID=30464) to work on /home/mahmoud/airflow_env/lib/python3.10/site-packages/airflow/example_dags/example_task_group_decorator.py
[2024-01-14T15:56:33.781+0200] {processor.py:830} INFO - Processing file /home/mahmoud/airflow_env/lib/python3.10/site-packages/airflow/example_dags/example_task_group_decorator.py for tasks to queue
[2024-01-14T15:56:33.784+0200] {logging_mixin.py:188} INFO - [2024-01-14T15:56:33.783+0200] {dagbag.py:538} INFO - Filling up the DagBag from /home/mahmoud/airflow_env/lib/python3.10/site-packages/airflow/example_dags/example_task_group_decorator.py
[2024-01-14T15:56:33.831+0200] {processor.py:840} INFO - DAG(s) 'example_task_group_decorator' retrieved from /home/mahmoud/airflow_env/lib/python3.10/site-packages/airflow/example_dags/example_task_group_decorator.py
[2024-01-14T15:56:33.888+0200] {logging_mixin.py:188} INFO - [2024-01-14T15:56:33.887+0200] {dag.py:3033} INFO - Sync 1 DAGs
[2024-01-14T15:56:33.947+0200] {logging_mixin.py:188} INFO - [2024-01-14T15:56:33.946+0200] {dag.py:3820} INFO - Setting next_dagrun for example_task_group_decorator to 2024-01-13T00:00:00+00:00, run_after=2024-01-14T00:00:00+00:00
[2024-01-14T15:56:34.007+0200] {processor.py:183} INFO - Processing /home/mahmoud/airflow_env/lib/python3.10/site-packages/airflow/example_dags/example_task_group_decorator.py took 0.239 seconds
[2024-01-14T15:57:31.143+0200] {processor.py:161} INFO - Started process (PID=30666) to work on /home/mahmoud/airflow_env/lib/python3.10/site-packages/airflow/example_dags/example_task_group_decorator.py
[2024-01-14T15:57:31.147+0200] {processor.py:830} INFO - Processing file /home/mahmoud/airflow_env/lib/python3.10/site-packages/airflow/example_dags/example_task_group_decorator.py for tasks to queue
[2024-01-14T15:57:31.150+0200] {logging_mixin.py:188} INFO - [2024-01-14T15:57:31.149+0200] {dagbag.py:538} INFO - Filling up the DagBag from /home/mahmoud/airflow_env/lib/python3.10/site-packages/airflow/example_dags/example_task_group_decorator.py
[2024-01-14T15:57:31.205+0200] {processor.py:840} INFO - DAG(s) 'example_task_group_decorator' retrieved from /home/mahmoud/airflow_env/lib/python3.10/site-packages/airflow/example_dags/example_task_group_decorator.py
[2024-01-14T15:57:31.267+0200] {logging_mixin.py:188} INFO - [2024-01-14T15:57:31.266+0200] {dag.py:3033} INFO - Sync 1 DAGs
[2024-01-14T15:57:31.330+0200] {logging_mixin.py:188} INFO - [2024-01-14T15:57:31.329+0200] {dag.py:3820} INFO - Setting next_dagrun for example_task_group_decorator to 2024-01-13T00:00:00+00:00, run_after=2024-01-14T00:00:00+00:00
[2024-01-14T15:57:31.394+0200] {processor.py:183} INFO - Processing /home/mahmoud/airflow_env/lib/python3.10/site-packages/airflow/example_dags/example_task_group_decorator.py took 0.263 seconds
