[2024-01-14T15:08:27.851+0200] {processor.py:161} INFO - Started process (PID=16146) to work on /home/mahmoud/airflow_env/lib/python3.10/site-packages/airflow/example_dags/example_subdag_operator.py
[2024-01-14T15:08:27.852+0200] {processor.py:830} INFO - Processing file /home/mahmoud/airflow_env/lib/python3.10/site-packages/airflow/example_dags/example_subdag_operator.py for tasks to queue
[2024-01-14T15:08:27.853+0200] {logging_mixin.py:188} INFO - [2024-01-14T15:08:27.853+0200] {dagbag.py:538} INFO - Filling up the DagBag from /home/mahmoud/airflow_env/lib/python3.10/site-packages/airflow/example_dags/example_subdag_operator.py
[2024-01-14T15:08:27.870+0200] {processor.py:840} INFO - DAG(s) 'example_subdag_operator.section-1', 'example_subdag_operator.section-2', 'example_subdag_operator' retrieved from /home/mahmoud/airflow_env/lib/python3.10/site-packages/airflow/example_dags/example_subdag_operator.py
[2024-01-14T15:08:28.036+0200] {logging_mixin.py:188} INFO - [2024-01-14T15:08:28.036+0200] {override.py:1769} INFO - Created Permission View: can edit on DAG:example_subdag_operator
[2024-01-14T15:08:28.047+0200] {logging_mixin.py:188} INFO - [2024-01-14T15:08:28.047+0200] {override.py:1769} INFO - Created Permission View: can delete on DAG:example_subdag_operator
[2024-01-14T15:08:28.058+0200] {logging_mixin.py:188} INFO - [2024-01-14T15:08:28.057+0200] {override.py:1769} INFO - Created Permission View: can read on DAG:example_subdag_operator
[2024-01-14T15:08:28.058+0200] {logging_mixin.py:188} INFO - [2024-01-14T15:08:28.058+0200] {dag.py:3033} INFO - Sync 3 DAGs
[2024-01-14T15:08:28.066+0200] {logging_mixin.py:188} INFO - [2024-01-14T15:08:28.066+0200] {dag.py:3055} INFO - Creating ORM DAG for example_subdag_operator
[2024-01-14T15:08:28.066+0200] {logging_mixin.py:188} INFO - [2024-01-14T15:08:28.066+0200] {dag.py:3055} INFO - Creating ORM DAG for example_subdag_operator.section-2
[2024-01-14T15:08:28.067+0200] {logging_mixin.py:188} INFO - [2024-01-14T15:08:28.067+0200] {dag.py:3055} INFO - Creating ORM DAG for example_subdag_operator.section-1
[2024-01-14T15:08:28.073+0200] {logging_mixin.py:188} INFO - [2024-01-14T15:08:28.073+0200] {dag.py:3820} INFO - Setting next_dagrun for example_subdag_operator to 2022-01-01T00:00:00+00:00, run_after=2022-01-01T00:00:00+00:00
[2024-01-14T15:08:28.074+0200] {logging_mixin.py:188} INFO - [2024-01-14T15:08:28.074+0200] {dag.py:3820} INFO - Setting next_dagrun for example_subdag_operator.section-1 to None, run_after=None
[2024-01-14T15:08:28.074+0200] {logging_mixin.py:188} INFO - [2024-01-14T15:08:28.074+0200] {dag.py:3820} INFO - Setting next_dagrun for example_subdag_operator.section-2 to None, run_after=None
[2024-01-14T15:08:28.079+0200] {logging_mixin.py:188} INFO - [2024-01-14T15:08:28.078+0200] {dag.py:3033} INFO - Sync 2 DAGs
[2024-01-14T15:08:28.082+0200] {logging_mixin.py:188} INFO - [2024-01-14T15:08:28.082+0200] {dag.py:3820} INFO - Setting next_dagrun for example_subdag_operator.section-1 to None, run_after=None
[2024-01-14T15:08:28.084+0200] {logging_mixin.py:188} INFO - [2024-01-14T15:08:28.083+0200] {dag.py:3820} INFO - Setting next_dagrun for example_subdag_operator.section-2 to None, run_after=None
[2024-01-14T15:08:28.100+0200] {processor.py:183} INFO - Processing /home/mahmoud/airflow_env/lib/python3.10/site-packages/airflow/example_dags/example_subdag_operator.py took 0.252 seconds
[2024-01-14T15:09:18.693+0200] {processor.py:161} INFO - Started process (PID=16483) to work on /home/mahmoud/airflow_env/lib/python3.10/site-packages/airflow/example_dags/example_subdag_operator.py
[2024-01-14T15:09:18.695+0200] {processor.py:830} INFO - Processing file /home/mahmoud/airflow_env/lib/python3.10/site-packages/airflow/example_dags/example_subdag_operator.py for tasks to queue
[2024-01-14T15:09:18.696+0200] {logging_mixin.py:188} INFO - [2024-01-14T15:09:18.695+0200] {dagbag.py:538} INFO - Filling up the DagBag from /home/mahmoud/airflow_env/lib/python3.10/site-packages/airflow/example_dags/example_subdag_operator.py
[2024-01-14T15:09:18.715+0200] {processor.py:840} INFO - DAG(s) 'example_subdag_operator.section-1', 'example_subdag_operator.section-2', 'example_subdag_operator' retrieved from /home/mahmoud/airflow_env/lib/python3.10/site-packages/airflow/example_dags/example_subdag_operator.py
[2024-01-14T15:09:18.728+0200] {logging_mixin.py:188} INFO - [2024-01-14T15:09:18.728+0200] {dag.py:3033} INFO - Sync 3 DAGs
[2024-01-14T15:09:18.744+0200] {logging_mixin.py:188} INFO - [2024-01-14T15:09:18.744+0200] {dag.py:3820} INFO - Setting next_dagrun for example_subdag_operator to 2022-01-01T00:00:00+00:00, run_after=2022-01-01T00:00:00+00:00
[2024-01-14T15:09:18.747+0200] {logging_mixin.py:188} INFO - [2024-01-14T15:09:18.746+0200] {dag.py:3820} INFO - Setting next_dagrun for example_subdag_operator.section-1 to None, run_after=None
[2024-01-14T15:09:18.747+0200] {logging_mixin.py:188} INFO - [2024-01-14T15:09:18.747+0200] {dag.py:3820} INFO - Setting next_dagrun for example_subdag_operator.section-2 to None, run_after=None
[2024-01-14T15:09:18.751+0200] {logging_mixin.py:188} INFO - [2024-01-14T15:09:18.751+0200] {dag.py:3033} INFO - Sync 2 DAGs
[2024-01-14T15:09:18.754+0200] {logging_mixin.py:188} INFO - [2024-01-14T15:09:18.754+0200] {dag.py:3820} INFO - Setting next_dagrun for example_subdag_operator.section-1 to None, run_after=None
[2024-01-14T15:09:18.754+0200] {logging_mixin.py:188} INFO - [2024-01-14T15:09:18.754+0200] {dag.py:3820} INFO - Setting next_dagrun for example_subdag_operator.section-2 to None, run_after=None
[2024-01-14T15:09:18.770+0200] {processor.py:183} INFO - Processing /home/mahmoud/airflow_env/lib/python3.10/site-packages/airflow/example_dags/example_subdag_operator.py took 0.080 seconds
[2024-01-14T15:10:06.711+0200] {processor.py:161} INFO - Started process (PID=16702) to work on /home/mahmoud/airflow_env/lib/python3.10/site-packages/airflow/example_dags/example_subdag_operator.py
[2024-01-14T15:10:06.713+0200] {processor.py:830} INFO - Processing file /home/mahmoud/airflow_env/lib/python3.10/site-packages/airflow/example_dags/example_subdag_operator.py for tasks to queue
[2024-01-14T15:10:06.715+0200] {logging_mixin.py:188} INFO - [2024-01-14T15:10:06.714+0200] {dagbag.py:538} INFO - Filling up the DagBag from /home/mahmoud/airflow_env/lib/python3.10/site-packages/airflow/example_dags/example_subdag_operator.py
[2024-01-14T15:10:06.743+0200] {processor.py:840} INFO - DAG(s) 'example_subdag_operator.section-1', 'example_subdag_operator.section-2', 'example_subdag_operator' retrieved from /home/mahmoud/airflow_env/lib/python3.10/site-packages/airflow/example_dags/example_subdag_operator.py
[2024-01-14T15:10:06.758+0200] {logging_mixin.py:188} INFO - [2024-01-14T15:10:06.757+0200] {dag.py:3033} INFO - Sync 3 DAGs
[2024-01-14T15:10:06.774+0200] {logging_mixin.py:188} INFO - [2024-01-14T15:10:06.774+0200] {dag.py:3820} INFO - Setting next_dagrun for example_subdag_operator to 2022-01-01T00:00:00+00:00, run_after=2022-01-01T00:00:00+00:00
[2024-01-14T15:10:06.776+0200] {logging_mixin.py:188} INFO - [2024-01-14T15:10:06.776+0200] {dag.py:3820} INFO - Setting next_dagrun for example_subdag_operator.section-1 to None, run_after=None
[2024-01-14T15:10:06.777+0200] {logging_mixin.py:188} INFO - [2024-01-14T15:10:06.777+0200] {dag.py:3820} INFO - Setting next_dagrun for example_subdag_operator.section-2 to None, run_after=None
[2024-01-14T15:10:06.781+0200] {logging_mixin.py:188} INFO - [2024-01-14T15:10:06.781+0200] {dag.py:3033} INFO - Sync 2 DAGs
[2024-01-14T15:10:06.783+0200] {logging_mixin.py:188} INFO - [2024-01-14T15:10:06.783+0200] {dag.py:3820} INFO - Setting next_dagrun for example_subdag_operator.section-1 to None, run_after=None
[2024-01-14T15:10:06.783+0200] {logging_mixin.py:188} INFO - [2024-01-14T15:10:06.783+0200] {dag.py:3820} INFO - Setting next_dagrun for example_subdag_operator.section-2 to None, run_after=None
[2024-01-14T15:10:06.804+0200] {processor.py:183} INFO - Processing /home/mahmoud/airflow_env/lib/python3.10/site-packages/airflow/example_dags/example_subdag_operator.py took 0.099 seconds
[2024-01-14T15:11:04.920+0200] {processor.py:161} INFO - Started process (PID=16935) to work on /home/mahmoud/airflow_env/lib/python3.10/site-packages/airflow/example_dags/example_subdag_operator.py
[2024-01-14T15:11:04.923+0200] {processor.py:830} INFO - Processing file /home/mahmoud/airflow_env/lib/python3.10/site-packages/airflow/example_dags/example_subdag_operator.py for tasks to queue
[2024-01-14T15:11:04.925+0200] {logging_mixin.py:188} INFO - [2024-01-14T15:11:04.925+0200] {dagbag.py:538} INFO - Filling up the DagBag from /home/mahmoud/airflow_env/lib/python3.10/site-packages/airflow/example_dags/example_subdag_operator.py
[2024-01-14T15:11:04.952+0200] {processor.py:840} INFO - DAG(s) 'example_subdag_operator.section-1', 'example_subdag_operator.section-2', 'example_subdag_operator' retrieved from /home/mahmoud/airflow_env/lib/python3.10/site-packages/airflow/example_dags/example_subdag_operator.py
[2024-01-14T15:11:04.966+0200] {logging_mixin.py:188} INFO - [2024-01-14T15:11:04.966+0200] {dag.py:3033} INFO - Sync 3 DAGs
[2024-01-14T15:11:04.982+0200] {logging_mixin.py:188} INFO - [2024-01-14T15:11:04.982+0200] {dag.py:3820} INFO - Setting next_dagrun for example_subdag_operator to 2022-01-01T00:00:00+00:00, run_after=2022-01-01T00:00:00+00:00
[2024-01-14T15:11:04.984+0200] {logging_mixin.py:188} INFO - [2024-01-14T15:11:04.984+0200] {dag.py:3820} INFO - Setting next_dagrun for example_subdag_operator.section-1 to None, run_after=None
[2024-01-14T15:11:04.984+0200] {logging_mixin.py:188} INFO - [2024-01-14T15:11:04.984+0200] {dag.py:3820} INFO - Setting next_dagrun for example_subdag_operator.section-2 to None, run_after=None
[2024-01-14T15:11:04.988+0200] {logging_mixin.py:188} INFO - [2024-01-14T15:11:04.988+0200] {dag.py:3033} INFO - Sync 2 DAGs
[2024-01-14T15:11:04.991+0200] {logging_mixin.py:188} INFO - [2024-01-14T15:11:04.991+0200] {dag.py:3820} INFO - Setting next_dagrun for example_subdag_operator.section-1 to None, run_after=None
[2024-01-14T15:11:04.991+0200] {logging_mixin.py:188} INFO - [2024-01-14T15:11:04.991+0200] {dag.py:3820} INFO - Setting next_dagrun for example_subdag_operator.section-2 to None, run_after=None
[2024-01-14T15:11:05.008+0200] {processor.py:183} INFO - Processing /home/mahmoud/airflow_env/lib/python3.10/site-packages/airflow/example_dags/example_subdag_operator.py took 0.095 seconds
[2024-01-14T15:12:01.846+0200] {processor.py:161} INFO - Started process (PID=17196) to work on /home/mahmoud/airflow_env/lib/python3.10/site-packages/airflow/example_dags/example_subdag_operator.py
[2024-01-14T15:12:01.849+0200] {processor.py:830} INFO - Processing file /home/mahmoud/airflow_env/lib/python3.10/site-packages/airflow/example_dags/example_subdag_operator.py for tasks to queue
[2024-01-14T15:12:01.850+0200] {logging_mixin.py:188} INFO - [2024-01-14T15:12:01.849+0200] {dagbag.py:538} INFO - Filling up the DagBag from /home/mahmoud/airflow_env/lib/python3.10/site-packages/airflow/example_dags/example_subdag_operator.py
[2024-01-14T15:12:01.868+0200] {processor.py:840} INFO - DAG(s) 'example_subdag_operator.section-1', 'example_subdag_operator.section-2', 'example_subdag_operator' retrieved from /home/mahmoud/airflow_env/lib/python3.10/site-packages/airflow/example_dags/example_subdag_operator.py
[2024-01-14T15:12:01.881+0200] {logging_mixin.py:188} INFO - [2024-01-14T15:12:01.881+0200] {dag.py:3033} INFO - Sync 3 DAGs
[2024-01-14T15:12:01.898+0200] {logging_mixin.py:188} INFO - [2024-01-14T15:12:01.898+0200] {dag.py:3820} INFO - Setting next_dagrun for example_subdag_operator to 2022-01-01T00:00:00+00:00, run_after=2022-01-01T00:00:00+00:00
[2024-01-14T15:12:01.900+0200] {logging_mixin.py:188} INFO - [2024-01-14T15:12:01.900+0200] {dag.py:3820} INFO - Setting next_dagrun for example_subdag_operator.section-1 to None, run_after=None
[2024-01-14T15:12:01.901+0200] {logging_mixin.py:188} INFO - [2024-01-14T15:12:01.901+0200] {dag.py:3820} INFO - Setting next_dagrun for example_subdag_operator.section-2 to None, run_after=None
[2024-01-14T15:12:01.906+0200] {logging_mixin.py:188} INFO - [2024-01-14T15:12:01.905+0200] {dag.py:3033} INFO - Sync 2 DAGs
[2024-01-14T15:12:01.909+0200] {logging_mixin.py:188} INFO - [2024-01-14T15:12:01.909+0200] {dag.py:3820} INFO - Setting next_dagrun for example_subdag_operator.section-1 to None, run_after=None
[2024-01-14T15:12:01.909+0200] {logging_mixin.py:188} INFO - [2024-01-14T15:12:01.909+0200] {dag.py:3820} INFO - Setting next_dagrun for example_subdag_operator.section-2 to None, run_after=None
[2024-01-14T15:12:01.928+0200] {processor.py:183} INFO - Processing /home/mahmoud/airflow_env/lib/python3.10/site-packages/airflow/example_dags/example_subdag_operator.py took 0.085 seconds
[2024-01-14T15:12:54.648+0200] {processor.py:161} INFO - Started process (PID=17406) to work on /home/mahmoud/airflow_env/lib/python3.10/site-packages/airflow/example_dags/example_subdag_operator.py
[2024-01-14T15:12:54.651+0200] {processor.py:830} INFO - Processing file /home/mahmoud/airflow_env/lib/python3.10/site-packages/airflow/example_dags/example_subdag_operator.py for tasks to queue
[2024-01-14T15:12:54.652+0200] {logging_mixin.py:188} INFO - [2024-01-14T15:12:54.652+0200] {dagbag.py:538} INFO - Filling up the DagBag from /home/mahmoud/airflow_env/lib/python3.10/site-packages/airflow/example_dags/example_subdag_operator.py
[2024-01-14T15:12:54.677+0200] {processor.py:840} INFO - DAG(s) 'example_subdag_operator.section-1', 'example_subdag_operator.section-2', 'example_subdag_operator' retrieved from /home/mahmoud/airflow_env/lib/python3.10/site-packages/airflow/example_dags/example_subdag_operator.py
[2024-01-14T15:12:54.691+0200] {logging_mixin.py:188} INFO - [2024-01-14T15:12:54.691+0200] {dag.py:3033} INFO - Sync 3 DAGs
[2024-01-14T15:12:54.708+0200] {logging_mixin.py:188} INFO - [2024-01-14T15:12:54.708+0200] {dag.py:3820} INFO - Setting next_dagrun for example_subdag_operator to 2022-01-01T00:00:00+00:00, run_after=2022-01-01T00:00:00+00:00
[2024-01-14T15:12:54.711+0200] {logging_mixin.py:188} INFO - [2024-01-14T15:12:54.711+0200] {dag.py:3820} INFO - Setting next_dagrun for example_subdag_operator.section-1 to None, run_after=None
[2024-01-14T15:12:54.711+0200] {logging_mixin.py:188} INFO - [2024-01-14T15:12:54.711+0200] {dag.py:3820} INFO - Setting next_dagrun for example_subdag_operator.section-2 to None, run_after=None
[2024-01-14T15:12:54.716+0200] {logging_mixin.py:188} INFO - [2024-01-14T15:12:54.716+0200] {dag.py:3033} INFO - Sync 2 DAGs
[2024-01-14T15:12:54.720+0200] {logging_mixin.py:188} INFO - [2024-01-14T15:12:54.720+0200] {dag.py:3820} INFO - Setting next_dagrun for example_subdag_operator.section-1 to None, run_after=None
[2024-01-14T15:12:54.721+0200] {logging_mixin.py:188} INFO - [2024-01-14T15:12:54.720+0200] {dag.py:3820} INFO - Setting next_dagrun for example_subdag_operator.section-2 to None, run_after=None
[2024-01-14T15:12:54.738+0200] {processor.py:183} INFO - Processing /home/mahmoud/airflow_env/lib/python3.10/site-packages/airflow/example_dags/example_subdag_operator.py took 0.097 seconds
[2024-01-14T15:13:48.443+0200] {processor.py:161} INFO - Started process (PID=17669) to work on /home/mahmoud/airflow_env/lib/python3.10/site-packages/airflow/example_dags/example_subdag_operator.py
[2024-01-14T15:13:48.445+0200] {processor.py:830} INFO - Processing file /home/mahmoud/airflow_env/lib/python3.10/site-packages/airflow/example_dags/example_subdag_operator.py for tasks to queue
[2024-01-14T15:13:48.446+0200] {logging_mixin.py:188} INFO - [2024-01-14T15:13:48.445+0200] {dagbag.py:538} INFO - Filling up the DagBag from /home/mahmoud/airflow_env/lib/python3.10/site-packages/airflow/example_dags/example_subdag_operator.py
[2024-01-14T15:13:48.463+0200] {processor.py:840} INFO - DAG(s) 'example_subdag_operator.section-1', 'example_subdag_operator.section-2', 'example_subdag_operator' retrieved from /home/mahmoud/airflow_env/lib/python3.10/site-packages/airflow/example_dags/example_subdag_operator.py
[2024-01-14T15:13:48.476+0200] {logging_mixin.py:188} INFO - [2024-01-14T15:13:48.476+0200] {dag.py:3033} INFO - Sync 3 DAGs
[2024-01-14T15:13:48.492+0200] {logging_mixin.py:188} INFO - [2024-01-14T15:13:48.492+0200] {dag.py:3820} INFO - Setting next_dagrun for example_subdag_operator to 2022-01-01T00:00:00+00:00, run_after=2022-01-01T00:00:00+00:00
[2024-01-14T15:13:48.495+0200] {logging_mixin.py:188} INFO - [2024-01-14T15:13:48.494+0200] {dag.py:3820} INFO - Setting next_dagrun for example_subdag_operator.section-1 to None, run_after=None
[2024-01-14T15:13:48.495+0200] {logging_mixin.py:188} INFO - [2024-01-14T15:13:48.495+0200] {dag.py:3820} INFO - Setting next_dagrun for example_subdag_operator.section-2 to None, run_after=None
[2024-01-14T15:13:48.499+0200] {logging_mixin.py:188} INFO - [2024-01-14T15:13:48.499+0200] {dag.py:3033} INFO - Sync 2 DAGs
[2024-01-14T15:13:48.502+0200] {logging_mixin.py:188} INFO - [2024-01-14T15:13:48.502+0200] {dag.py:3820} INFO - Setting next_dagrun for example_subdag_operator.section-1 to None, run_after=None
[2024-01-14T15:13:48.502+0200] {logging_mixin.py:188} INFO - [2024-01-14T15:13:48.502+0200] {dag.py:3820} INFO - Setting next_dagrun for example_subdag_operator.section-2 to None, run_after=None
[2024-01-14T15:13:48.518+0200] {processor.py:183} INFO - Processing /home/mahmoud/airflow_env/lib/python3.10/site-packages/airflow/example_dags/example_subdag_operator.py took 0.079 seconds
[2024-01-14T15:20:15.452+0200] {processor.py:161} INFO - Started process (PID=19526) to work on /home/mahmoud/airflow_env/lib/python3.10/site-packages/airflow/example_dags/example_subdag_operator.py
[2024-01-14T15:20:15.454+0200] {processor.py:830} INFO - Processing file /home/mahmoud/airflow_env/lib/python3.10/site-packages/airflow/example_dags/example_subdag_operator.py for tasks to queue
[2024-01-14T15:20:15.455+0200] {logging_mixin.py:188} INFO - [2024-01-14T15:20:15.455+0200] {dagbag.py:538} INFO - Filling up the DagBag from /home/mahmoud/airflow_env/lib/python3.10/site-packages/airflow/example_dags/example_subdag_operator.py
[2024-01-14T15:20:15.476+0200] {processor.py:840} INFO - DAG(s) 'example_subdag_operator.section-1', 'example_subdag_operator.section-2', 'example_subdag_operator' retrieved from /home/mahmoud/airflow_env/lib/python3.10/site-packages/airflow/example_dags/example_subdag_operator.py
[2024-01-14T15:20:15.488+0200] {logging_mixin.py:188} INFO - [2024-01-14T15:20:15.488+0200] {dag.py:3033} INFO - Sync 3 DAGs
[2024-01-14T15:20:15.582+0200] {logging_mixin.py:188} INFO - [2024-01-14T15:20:15.581+0200] {dag.py:3820} INFO - Setting next_dagrun for example_subdag_operator to 2022-01-01T00:00:00+00:00, run_after=2022-01-01T00:00:00+00:00
[2024-01-14T15:20:15.584+0200] {logging_mixin.py:188} INFO - [2024-01-14T15:20:15.584+0200] {dag.py:3820} INFO - Setting next_dagrun for example_subdag_operator.section-1 to None, run_after=None
[2024-01-14T15:20:15.585+0200] {logging_mixin.py:188} INFO - [2024-01-14T15:20:15.585+0200] {dag.py:3820} INFO - Setting next_dagrun for example_subdag_operator.section-2 to None, run_after=None
[2024-01-14T15:20:15.590+0200] {logging_mixin.py:188} INFO - [2024-01-14T15:20:15.590+0200] {dag.py:3033} INFO - Sync 2 DAGs
[2024-01-14T15:20:15.593+0200] {logging_mixin.py:188} INFO - [2024-01-14T15:20:15.593+0200] {dag.py:3820} INFO - Setting next_dagrun for example_subdag_operator.section-1 to None, run_after=None
[2024-01-14T15:20:15.593+0200] {logging_mixin.py:188} INFO - [2024-01-14T15:20:15.593+0200] {dag.py:3820} INFO - Setting next_dagrun for example_subdag_operator.section-2 to None, run_after=None
[2024-01-14T15:20:15.610+0200] {processor.py:183} INFO - Processing /home/mahmoud/airflow_env/lib/python3.10/site-packages/airflow/example_dags/example_subdag_operator.py took 0.161 seconds
[2024-01-14T15:21:05.677+0200] {processor.py:161} INFO - Started process (PID=19719) to work on /home/mahmoud/airflow_env/lib/python3.10/site-packages/airflow/example_dags/example_subdag_operator.py
[2024-01-14T15:21:05.679+0200] {processor.py:830} INFO - Processing file /home/mahmoud/airflow_env/lib/python3.10/site-packages/airflow/example_dags/example_subdag_operator.py for tasks to queue
[2024-01-14T15:21:05.681+0200] {logging_mixin.py:188} INFO - [2024-01-14T15:21:05.680+0200] {dagbag.py:538} INFO - Filling up the DagBag from /home/mahmoud/airflow_env/lib/python3.10/site-packages/airflow/example_dags/example_subdag_operator.py
[2024-01-14T15:21:05.707+0200] {processor.py:840} INFO - DAG(s) 'example_subdag_operator.section-1', 'example_subdag_operator.section-2', 'example_subdag_operator' retrieved from /home/mahmoud/airflow_env/lib/python3.10/site-packages/airflow/example_dags/example_subdag_operator.py
[2024-01-14T15:21:05.721+0200] {logging_mixin.py:188} INFO - [2024-01-14T15:21:05.720+0200] {dag.py:3033} INFO - Sync 3 DAGs
[2024-01-14T15:21:05.740+0200] {logging_mixin.py:188} INFO - [2024-01-14T15:21:05.739+0200] {dag.py:3820} INFO - Setting next_dagrun for example_subdag_operator to 2022-01-01T00:00:00+00:00, run_after=2022-01-01T00:00:00+00:00
[2024-01-14T15:21:05.743+0200] {logging_mixin.py:188} INFO - [2024-01-14T15:21:05.743+0200] {dag.py:3820} INFO - Setting next_dagrun for example_subdag_operator.section-1 to None, run_after=None
[2024-01-14T15:21:05.743+0200] {logging_mixin.py:188} INFO - [2024-01-14T15:21:05.743+0200] {dag.py:3820} INFO - Setting next_dagrun for example_subdag_operator.section-2 to None, run_after=None
[2024-01-14T15:21:05.750+0200] {logging_mixin.py:188} INFO - [2024-01-14T15:21:05.750+0200] {dag.py:3033} INFO - Sync 2 DAGs
[2024-01-14T15:21:05.755+0200] {logging_mixin.py:188} INFO - [2024-01-14T15:21:05.754+0200] {dag.py:3820} INFO - Setting next_dagrun for example_subdag_operator.section-1 to None, run_after=None
[2024-01-14T15:21:05.757+0200] {logging_mixin.py:188} INFO - [2024-01-14T15:21:05.755+0200] {dag.py:3820} INFO - Setting next_dagrun for example_subdag_operator.section-2 to None, run_after=None
[2024-01-14T15:21:05.773+0200] {processor.py:183} INFO - Processing /home/mahmoud/airflow_env/lib/python3.10/site-packages/airflow/example_dags/example_subdag_operator.py took 0.103 seconds
[2024-01-14T15:21:55.119+0200] {processor.py:161} INFO - Started process (PID=19912) to work on /home/mahmoud/airflow_env/lib/python3.10/site-packages/airflow/example_dags/example_subdag_operator.py
[2024-01-14T15:21:55.122+0200] {processor.py:830} INFO - Processing file /home/mahmoud/airflow_env/lib/python3.10/site-packages/airflow/example_dags/example_subdag_operator.py for tasks to queue
[2024-01-14T15:21:55.123+0200] {logging_mixin.py:188} INFO - [2024-01-14T15:21:55.123+0200] {dagbag.py:538} INFO - Filling up the DagBag from /home/mahmoud/airflow_env/lib/python3.10/site-packages/airflow/example_dags/example_subdag_operator.py
[2024-01-14T15:21:55.146+0200] {processor.py:840} INFO - DAG(s) 'example_subdag_operator.section-1', 'example_subdag_operator.section-2', 'example_subdag_operator' retrieved from /home/mahmoud/airflow_env/lib/python3.10/site-packages/airflow/example_dags/example_subdag_operator.py
[2024-01-14T15:21:55.160+0200] {logging_mixin.py:188} INFO - [2024-01-14T15:21:55.160+0200] {dag.py:3033} INFO - Sync 3 DAGs
[2024-01-14T15:21:55.179+0200] {logging_mixin.py:188} INFO - [2024-01-14T15:21:55.179+0200] {dag.py:3820} INFO - Setting next_dagrun for example_subdag_operator to 2022-01-01T00:00:00+00:00, run_after=2022-01-01T00:00:00+00:00
[2024-01-14T15:21:55.182+0200] {logging_mixin.py:188} INFO - [2024-01-14T15:21:55.182+0200] {dag.py:3820} INFO - Setting next_dagrun for example_subdag_operator.section-1 to None, run_after=None
[2024-01-14T15:21:55.183+0200] {logging_mixin.py:188} INFO - [2024-01-14T15:21:55.182+0200] {dag.py:3820} INFO - Setting next_dagrun for example_subdag_operator.section-2 to None, run_after=None
[2024-01-14T15:21:55.188+0200] {logging_mixin.py:188} INFO - [2024-01-14T15:21:55.188+0200] {dag.py:3033} INFO - Sync 2 DAGs
[2024-01-14T15:21:55.192+0200] {logging_mixin.py:188} INFO - [2024-01-14T15:21:55.192+0200] {dag.py:3820} INFO - Setting next_dagrun for example_subdag_operator.section-1 to None, run_after=None
[2024-01-14T15:21:55.193+0200] {logging_mixin.py:188} INFO - [2024-01-14T15:21:55.192+0200] {dag.py:3820} INFO - Setting next_dagrun for example_subdag_operator.section-2 to None, run_after=None
[2024-01-14T15:21:55.208+0200] {processor.py:183} INFO - Processing /home/mahmoud/airflow_env/lib/python3.10/site-packages/airflow/example_dags/example_subdag_operator.py took 0.095 seconds
[2024-01-14T15:22:48.500+0200] {processor.py:161} INFO - Started process (PID=20125) to work on /home/mahmoud/airflow_env/lib/python3.10/site-packages/airflow/example_dags/example_subdag_operator.py
[2024-01-14T15:22:48.501+0200] {processor.py:830} INFO - Processing file /home/mahmoud/airflow_env/lib/python3.10/site-packages/airflow/example_dags/example_subdag_operator.py for tasks to queue
[2024-01-14T15:22:48.502+0200] {logging_mixin.py:188} INFO - [2024-01-14T15:22:48.501+0200] {dagbag.py:538} INFO - Filling up the DagBag from /home/mahmoud/airflow_env/lib/python3.10/site-packages/airflow/example_dags/example_subdag_operator.py
[2024-01-14T15:22:48.515+0200] {processor.py:840} INFO - DAG(s) 'example_subdag_operator.section-1', 'example_subdag_operator.section-2', 'example_subdag_operator' retrieved from /home/mahmoud/airflow_env/lib/python3.10/site-packages/airflow/example_dags/example_subdag_operator.py
[2024-01-14T15:22:48.528+0200] {logging_mixin.py:188} INFO - [2024-01-14T15:22:48.528+0200] {dag.py:3033} INFO - Sync 3 DAGs
[2024-01-14T15:22:48.544+0200] {logging_mixin.py:188} INFO - [2024-01-14T15:22:48.544+0200] {dag.py:3820} INFO - Setting next_dagrun for example_subdag_operator to 2022-01-01T00:00:00+00:00, run_after=2022-01-01T00:00:00+00:00
[2024-01-14T15:22:48.547+0200] {logging_mixin.py:188} INFO - [2024-01-14T15:22:48.546+0200] {dag.py:3820} INFO - Setting next_dagrun for example_subdag_operator.section-1 to None, run_after=None
[2024-01-14T15:22:48.547+0200] {logging_mixin.py:188} INFO - [2024-01-14T15:22:48.547+0200] {dag.py:3820} INFO - Setting next_dagrun for example_subdag_operator.section-2 to None, run_after=None
[2024-01-14T15:22:48.551+0200] {logging_mixin.py:188} INFO - [2024-01-14T15:22:48.551+0200] {dag.py:3033} INFO - Sync 2 DAGs
[2024-01-14T15:22:48.554+0200] {logging_mixin.py:188} INFO - [2024-01-14T15:22:48.554+0200] {dag.py:3820} INFO - Setting next_dagrun for example_subdag_operator.section-1 to None, run_after=None
[2024-01-14T15:22:48.554+0200] {logging_mixin.py:188} INFO - [2024-01-14T15:22:48.554+0200] {dag.py:3820} INFO - Setting next_dagrun for example_subdag_operator.section-2 to None, run_after=None
[2024-01-14T15:22:48.569+0200] {processor.py:183} INFO - Processing /home/mahmoud/airflow_env/lib/python3.10/site-packages/airflow/example_dags/example_subdag_operator.py took 0.072 seconds
[2024-01-14T15:38:07.743+0200] {processor.py:161} INFO - Started process (PID=24598) to work on /home/mahmoud/airflow_env/lib/python3.10/site-packages/airflow/example_dags/example_subdag_operator.py
[2024-01-14T15:38:07.745+0200] {processor.py:830} INFO - Processing file /home/mahmoud/airflow_env/lib/python3.10/site-packages/airflow/example_dags/example_subdag_operator.py for tasks to queue
[2024-01-14T15:38:07.746+0200] {logging_mixin.py:188} INFO - [2024-01-14T15:38:07.745+0200] {dagbag.py:538} INFO - Filling up the DagBag from /home/mahmoud/airflow_env/lib/python3.10/site-packages/airflow/example_dags/example_subdag_operator.py
[2024-01-14T15:38:07.767+0200] {processor.py:840} INFO - DAG(s) 'example_subdag_operator.section-1', 'example_subdag_operator.section-2', 'example_subdag_operator' retrieved from /home/mahmoud/airflow_env/lib/python3.10/site-packages/airflow/example_dags/example_subdag_operator.py
[2024-01-14T15:38:07.780+0200] {logging_mixin.py:188} INFO - [2024-01-14T15:38:07.779+0200] {dag.py:3033} INFO - Sync 3 DAGs
[2024-01-14T15:38:07.871+0200] {logging_mixin.py:188} INFO - [2024-01-14T15:38:07.871+0200] {dag.py:3820} INFO - Setting next_dagrun for example_subdag_operator to 2022-01-01T00:00:00+00:00, run_after=2022-01-01T00:00:00+00:00
[2024-01-14T15:38:07.873+0200] {logging_mixin.py:188} INFO - [2024-01-14T15:38:07.873+0200] {dag.py:3820} INFO - Setting next_dagrun for example_subdag_operator.section-1 to None, run_after=None
[2024-01-14T15:38:07.874+0200] {logging_mixin.py:188} INFO - [2024-01-14T15:38:07.874+0200] {dag.py:3820} INFO - Setting next_dagrun for example_subdag_operator.section-2 to None, run_after=None
[2024-01-14T15:38:07.879+0200] {logging_mixin.py:188} INFO - [2024-01-14T15:38:07.879+0200] {dag.py:3033} INFO - Sync 2 DAGs
[2024-01-14T15:38:07.882+0200] {logging_mixin.py:188} INFO - [2024-01-14T15:38:07.882+0200] {dag.py:3820} INFO - Setting next_dagrun for example_subdag_operator.section-1 to None, run_after=None
[2024-01-14T15:38:07.882+0200] {logging_mixin.py:188} INFO - [2024-01-14T15:38:07.882+0200] {dag.py:3820} INFO - Setting next_dagrun for example_subdag_operator.section-2 to None, run_after=None
[2024-01-14T15:38:07.901+0200] {processor.py:183} INFO - Processing /home/mahmoud/airflow_env/lib/python3.10/site-packages/airflow/example_dags/example_subdag_operator.py took 0.163 seconds
[2024-01-14T15:38:56.947+0200] {processor.py:161} INFO - Started process (PID=24982) to work on /home/mahmoud/airflow_env/lib/python3.10/site-packages/airflow/example_dags/example_subdag_operator.py
[2024-01-14T15:38:56.948+0200] {processor.py:830} INFO - Processing file /home/mahmoud/airflow_env/lib/python3.10/site-packages/airflow/example_dags/example_subdag_operator.py for tasks to queue
[2024-01-14T15:38:56.948+0200] {logging_mixin.py:188} INFO - [2024-01-14T15:38:56.948+0200] {dagbag.py:538} INFO - Filling up the DagBag from /home/mahmoud/airflow_env/lib/python3.10/site-packages/airflow/example_dags/example_subdag_operator.py
[2024-01-14T15:38:56.967+0200] {processor.py:840} INFO - DAG(s) 'example_subdag_operator.section-1', 'example_subdag_operator.section-2', 'example_subdag_operator' retrieved from /home/mahmoud/airflow_env/lib/python3.10/site-packages/airflow/example_dags/example_subdag_operator.py
[2024-01-14T15:38:56.982+0200] {logging_mixin.py:188} INFO - [2024-01-14T15:38:56.982+0200] {dag.py:3033} INFO - Sync 3 DAGs
[2024-01-14T15:38:57.002+0200] {logging_mixin.py:188} INFO - [2024-01-14T15:38:57.002+0200] {dag.py:3820} INFO - Setting next_dagrun for example_subdag_operator to 2022-01-01T00:00:00+00:00, run_after=2022-01-01T00:00:00+00:00
[2024-01-14T15:38:57.007+0200] {logging_mixin.py:188} INFO - [2024-01-14T15:38:57.007+0200] {dag.py:3820} INFO - Setting next_dagrun for example_subdag_operator.section-1 to None, run_after=None
[2024-01-14T15:38:57.008+0200] {logging_mixin.py:188} INFO - [2024-01-14T15:38:57.008+0200] {dag.py:3820} INFO - Setting next_dagrun for example_subdag_operator.section-2 to None, run_after=None
[2024-01-14T15:38:57.012+0200] {logging_mixin.py:188} INFO - [2024-01-14T15:38:57.012+0200] {dag.py:3033} INFO - Sync 2 DAGs
[2024-01-14T15:38:57.015+0200] {logging_mixin.py:188} INFO - [2024-01-14T15:38:57.015+0200] {dag.py:3820} INFO - Setting next_dagrun for example_subdag_operator.section-1 to None, run_after=None
[2024-01-14T15:38:57.015+0200] {logging_mixin.py:188} INFO - [2024-01-14T15:38:57.015+0200] {dag.py:3820} INFO - Setting next_dagrun for example_subdag_operator.section-2 to None, run_after=None
[2024-01-14T15:38:57.029+0200] {processor.py:183} INFO - Processing /home/mahmoud/airflow_env/lib/python3.10/site-packages/airflow/example_dags/example_subdag_operator.py took 0.086 seconds
[2024-01-14T15:39:43.043+0200] {processor.py:161} INFO - Started process (PID=25225) to work on /home/mahmoud/airflow_env/lib/python3.10/site-packages/airflow/example_dags/example_subdag_operator.py
[2024-01-14T15:39:43.044+0200] {processor.py:830} INFO - Processing file /home/mahmoud/airflow_env/lib/python3.10/site-packages/airflow/example_dags/example_subdag_operator.py for tasks to queue
[2024-01-14T15:39:43.045+0200] {logging_mixin.py:188} INFO - [2024-01-14T15:39:43.045+0200] {dagbag.py:538} INFO - Filling up the DagBag from /home/mahmoud/airflow_env/lib/python3.10/site-packages/airflow/example_dags/example_subdag_operator.py
[2024-01-14T15:39:43.061+0200] {processor.py:840} INFO - DAG(s) 'example_subdag_operator.section-1', 'example_subdag_operator.section-2', 'example_subdag_operator' retrieved from /home/mahmoud/airflow_env/lib/python3.10/site-packages/airflow/example_dags/example_subdag_operator.py
[2024-01-14T15:39:43.074+0200] {logging_mixin.py:188} INFO - [2024-01-14T15:39:43.074+0200] {dag.py:3033} INFO - Sync 3 DAGs
[2024-01-14T15:39:43.095+0200] {logging_mixin.py:188} INFO - [2024-01-14T15:39:43.095+0200] {dag.py:3820} INFO - Setting next_dagrun for example_subdag_operator to 2022-01-01T00:00:00+00:00, run_after=2022-01-01T00:00:00+00:00
[2024-01-14T15:39:43.098+0200] {logging_mixin.py:188} INFO - [2024-01-14T15:39:43.098+0200] {dag.py:3820} INFO - Setting next_dagrun for example_subdag_operator.section-1 to None, run_after=None
[2024-01-14T15:39:43.100+0200] {logging_mixin.py:188} INFO - [2024-01-14T15:39:43.099+0200] {dag.py:3820} INFO - Setting next_dagrun for example_subdag_operator.section-2 to None, run_after=None
[2024-01-14T15:39:43.105+0200] {logging_mixin.py:188} INFO - [2024-01-14T15:39:43.105+0200] {dag.py:3033} INFO - Sync 2 DAGs
[2024-01-14T15:39:43.108+0200] {logging_mixin.py:188} INFO - [2024-01-14T15:39:43.108+0200] {dag.py:3820} INFO - Setting next_dagrun for example_subdag_operator.section-1 to None, run_after=None
[2024-01-14T15:39:43.108+0200] {logging_mixin.py:188} INFO - [2024-01-14T15:39:43.108+0200] {dag.py:3820} INFO - Setting next_dagrun for example_subdag_operator.section-2 to None, run_after=None
[2024-01-14T15:39:43.122+0200] {processor.py:183} INFO - Processing /home/mahmoud/airflow_env/lib/python3.10/site-packages/airflow/example_dags/example_subdag_operator.py took 0.082 seconds
[2024-01-14T15:40:36.008+0200] {processor.py:161} INFO - Started process (PID=25433) to work on /home/mahmoud/airflow_env/lib/python3.10/site-packages/airflow/example_dags/example_subdag_operator.py
[2024-01-14T15:40:36.011+0200] {processor.py:830} INFO - Processing file /home/mahmoud/airflow_env/lib/python3.10/site-packages/airflow/example_dags/example_subdag_operator.py for tasks to queue
[2024-01-14T15:40:36.012+0200] {logging_mixin.py:188} INFO - [2024-01-14T15:40:36.011+0200] {dagbag.py:538} INFO - Filling up the DagBag from /home/mahmoud/airflow_env/lib/python3.10/site-packages/airflow/example_dags/example_subdag_operator.py
[2024-01-14T15:40:36.033+0200] {processor.py:840} INFO - DAG(s) 'example_subdag_operator.section-1', 'example_subdag_operator.section-2', 'example_subdag_operator' retrieved from /home/mahmoud/airflow_env/lib/python3.10/site-packages/airflow/example_dags/example_subdag_operator.py
[2024-01-14T15:40:36.046+0200] {logging_mixin.py:188} INFO - [2024-01-14T15:40:36.046+0200] {dag.py:3033} INFO - Sync 3 DAGs
[2024-01-14T15:40:36.064+0200] {logging_mixin.py:188} INFO - [2024-01-14T15:40:36.064+0200] {dag.py:3820} INFO - Setting next_dagrun for example_subdag_operator to 2022-01-01T00:00:00+00:00, run_after=2022-01-01T00:00:00+00:00
[2024-01-14T15:40:36.066+0200] {logging_mixin.py:188} INFO - [2024-01-14T15:40:36.066+0200] {dag.py:3820} INFO - Setting next_dagrun for example_subdag_operator.section-1 to None, run_after=None
[2024-01-14T15:40:36.067+0200] {logging_mixin.py:188} INFO - [2024-01-14T15:40:36.067+0200] {dag.py:3820} INFO - Setting next_dagrun for example_subdag_operator.section-2 to None, run_after=None
[2024-01-14T15:40:36.073+0200] {logging_mixin.py:188} INFO - [2024-01-14T15:40:36.073+0200] {dag.py:3033} INFO - Sync 2 DAGs
[2024-01-14T15:40:36.077+0200] {logging_mixin.py:188} INFO - [2024-01-14T15:40:36.077+0200] {dag.py:3820} INFO - Setting next_dagrun for example_subdag_operator.section-1 to None, run_after=None
[2024-01-14T15:40:36.077+0200] {logging_mixin.py:188} INFO - [2024-01-14T15:40:36.077+0200] {dag.py:3820} INFO - Setting next_dagrun for example_subdag_operator.section-2 to None, run_after=None
[2024-01-14T15:40:36.094+0200] {processor.py:183} INFO - Processing /home/mahmoud/airflow_env/lib/python3.10/site-packages/airflow/example_dags/example_subdag_operator.py took 0.089 seconds
[2024-01-14T15:41:29.934+0200] {processor.py:161} INFO - Started process (PID=25708) to work on /home/mahmoud/airflow_env/lib/python3.10/site-packages/airflow/example_dags/example_subdag_operator.py
[2024-01-14T15:41:29.936+0200] {processor.py:830} INFO - Processing file /home/mahmoud/airflow_env/lib/python3.10/site-packages/airflow/example_dags/example_subdag_operator.py for tasks to queue
[2024-01-14T15:41:29.937+0200] {logging_mixin.py:188} INFO - [2024-01-14T15:41:29.937+0200] {dagbag.py:538} INFO - Filling up the DagBag from /home/mahmoud/airflow_env/lib/python3.10/site-packages/airflow/example_dags/example_subdag_operator.py
[2024-01-14T15:41:29.964+0200] {processor.py:840} INFO - DAG(s) 'example_subdag_operator.section-1', 'example_subdag_operator.section-2', 'example_subdag_operator' retrieved from /home/mahmoud/airflow_env/lib/python3.10/site-packages/airflow/example_dags/example_subdag_operator.py
[2024-01-14T15:41:29.979+0200] {logging_mixin.py:188} INFO - [2024-01-14T15:41:29.979+0200] {dag.py:3033} INFO - Sync 3 DAGs
[2024-01-14T15:41:29.997+0200] {logging_mixin.py:188} INFO - [2024-01-14T15:41:29.997+0200] {dag.py:3820} INFO - Setting next_dagrun for example_subdag_operator to 2022-01-01T00:00:00+00:00, run_after=2022-01-01T00:00:00+00:00
[2024-01-14T15:41:30.000+0200] {logging_mixin.py:188} INFO - [2024-01-14T15:41:30.000+0200] {dag.py:3820} INFO - Setting next_dagrun for example_subdag_operator.section-1 to None, run_after=None
[2024-01-14T15:41:30.000+0200] {logging_mixin.py:188} INFO - [2024-01-14T15:41:30.000+0200] {dag.py:3820} INFO - Setting next_dagrun for example_subdag_operator.section-2 to None, run_after=None
[2024-01-14T15:41:30.006+0200] {logging_mixin.py:188} INFO - [2024-01-14T15:41:30.006+0200] {dag.py:3033} INFO - Sync 2 DAGs
[2024-01-14T15:41:30.009+0200] {logging_mixin.py:188} INFO - [2024-01-14T15:41:30.009+0200] {dag.py:3820} INFO - Setting next_dagrun for example_subdag_operator.section-1 to None, run_after=None
[2024-01-14T15:41:30.010+0200] {logging_mixin.py:188} INFO - [2024-01-14T15:41:30.010+0200] {dag.py:3820} INFO - Setting next_dagrun for example_subdag_operator.section-2 to None, run_after=None
[2024-01-14T15:41:30.025+0200] {processor.py:183} INFO - Processing /home/mahmoud/airflow_env/lib/python3.10/site-packages/airflow/example_dags/example_subdag_operator.py took 0.098 seconds
[2024-01-14T15:42:22.513+0200] {processor.py:161} INFO - Started process (PID=25918) to work on /home/mahmoud/airflow_env/lib/python3.10/site-packages/airflow/example_dags/example_subdag_operator.py
[2024-01-14T15:42:22.516+0200] {processor.py:830} INFO - Processing file /home/mahmoud/airflow_env/lib/python3.10/site-packages/airflow/example_dags/example_subdag_operator.py for tasks to queue
[2024-01-14T15:42:22.517+0200] {logging_mixin.py:188} INFO - [2024-01-14T15:42:22.517+0200] {dagbag.py:538} INFO - Filling up the DagBag from /home/mahmoud/airflow_env/lib/python3.10/site-packages/airflow/example_dags/example_subdag_operator.py
[2024-01-14T15:42:22.542+0200] {processor.py:840} INFO - DAG(s) 'example_subdag_operator.section-1', 'example_subdag_operator.section-2', 'example_subdag_operator' retrieved from /home/mahmoud/airflow_env/lib/python3.10/site-packages/airflow/example_dags/example_subdag_operator.py
[2024-01-14T15:42:22.556+0200] {logging_mixin.py:188} INFO - [2024-01-14T15:42:22.555+0200] {dag.py:3033} INFO - Sync 3 DAGs
[2024-01-14T15:42:22.572+0200] {logging_mixin.py:188} INFO - [2024-01-14T15:42:22.572+0200] {dag.py:3820} INFO - Setting next_dagrun for example_subdag_operator to 2022-01-01T00:00:00+00:00, run_after=2022-01-01T00:00:00+00:00
[2024-01-14T15:42:22.574+0200] {logging_mixin.py:188} INFO - [2024-01-14T15:42:22.574+0200] {dag.py:3820} INFO - Setting next_dagrun for example_subdag_operator.section-1 to None, run_after=None
[2024-01-14T15:42:22.575+0200] {logging_mixin.py:188} INFO - [2024-01-14T15:42:22.575+0200] {dag.py:3820} INFO - Setting next_dagrun for example_subdag_operator.section-2 to None, run_after=None
[2024-01-14T15:42:22.579+0200] {logging_mixin.py:188} INFO - [2024-01-14T15:42:22.579+0200] {dag.py:3033} INFO - Sync 2 DAGs
[2024-01-14T15:42:22.582+0200] {logging_mixin.py:188} INFO - [2024-01-14T15:42:22.582+0200] {dag.py:3820} INFO - Setting next_dagrun for example_subdag_operator.section-1 to None, run_after=None
[2024-01-14T15:42:22.583+0200] {logging_mixin.py:188} INFO - [2024-01-14T15:42:22.582+0200] {dag.py:3820} INFO - Setting next_dagrun for example_subdag_operator.section-2 to None, run_after=None
[2024-01-14T15:42:22.598+0200] {processor.py:183} INFO - Processing /home/mahmoud/airflow_env/lib/python3.10/site-packages/airflow/example_dags/example_subdag_operator.py took 0.091 seconds
[2024-01-14T15:43:25.287+0200] {processor.py:161} INFO - Started process (PID=26693) to work on /home/mahmoud/airflow_env/lib/python3.10/site-packages/airflow/example_dags/example_subdag_operator.py
[2024-01-14T15:43:25.288+0200] {processor.py:830} INFO - Processing file /home/mahmoud/airflow_env/lib/python3.10/site-packages/airflow/example_dags/example_subdag_operator.py for tasks to queue
[2024-01-14T15:43:25.289+0200] {logging_mixin.py:188} INFO - [2024-01-14T15:43:25.289+0200] {dagbag.py:538} INFO - Filling up the DagBag from /home/mahmoud/airflow_env/lib/python3.10/site-packages/airflow/example_dags/example_subdag_operator.py
[2024-01-14T15:43:25.306+0200] {processor.py:840} INFO - DAG(s) 'example_subdag_operator.section-1', 'example_subdag_operator.section-2', 'example_subdag_operator' retrieved from /home/mahmoud/airflow_env/lib/python3.10/site-packages/airflow/example_dags/example_subdag_operator.py
[2024-01-14T15:43:25.317+0200] {logging_mixin.py:188} INFO - [2024-01-14T15:43:25.317+0200] {dag.py:3033} INFO - Sync 3 DAGs
[2024-01-14T15:43:25.332+0200] {logging_mixin.py:188} INFO - [2024-01-14T15:43:25.332+0200] {dag.py:3820} INFO - Setting next_dagrun for example_subdag_operator to 2022-01-01T00:00:00+00:00, run_after=2022-01-01T00:00:00+00:00
[2024-01-14T15:43:25.334+0200] {logging_mixin.py:188} INFO - [2024-01-14T15:43:25.334+0200] {dag.py:3820} INFO - Setting next_dagrun for example_subdag_operator.section-1 to None, run_after=None
[2024-01-14T15:43:25.335+0200] {logging_mixin.py:188} INFO - [2024-01-14T15:43:25.335+0200] {dag.py:3820} INFO - Setting next_dagrun for example_subdag_operator.section-2 to None, run_after=None
[2024-01-14T15:43:25.340+0200] {logging_mixin.py:188} INFO - [2024-01-14T15:43:25.340+0200] {dag.py:3033} INFO - Sync 2 DAGs
[2024-01-14T15:43:25.343+0200] {logging_mixin.py:188} INFO - [2024-01-14T15:43:25.343+0200] {dag.py:3820} INFO - Setting next_dagrun for example_subdag_operator.section-1 to None, run_after=None
[2024-01-14T15:43:25.344+0200] {logging_mixin.py:188} INFO - [2024-01-14T15:43:25.344+0200] {dag.py:3820} INFO - Setting next_dagrun for example_subdag_operator.section-2 to None, run_after=None
[2024-01-14T15:43:25.361+0200] {processor.py:183} INFO - Processing /home/mahmoud/airflow_env/lib/python3.10/site-packages/airflow/example_dags/example_subdag_operator.py took 0.079 seconds
[2024-01-14T15:44:15.432+0200] {processor.py:161} INFO - Started process (PID=27106) to work on /home/mahmoud/airflow_env/lib/python3.10/site-packages/airflow/example_dags/example_subdag_operator.py
[2024-01-14T15:44:15.435+0200] {processor.py:830} INFO - Processing file /home/mahmoud/airflow_env/lib/python3.10/site-packages/airflow/example_dags/example_subdag_operator.py for tasks to queue
[2024-01-14T15:44:15.437+0200] {logging_mixin.py:188} INFO - [2024-01-14T15:44:15.436+0200] {dagbag.py:538} INFO - Filling up the DagBag from /home/mahmoud/airflow_env/lib/python3.10/site-packages/airflow/example_dags/example_subdag_operator.py
[2024-01-14T15:44:15.459+0200] {processor.py:840} INFO - DAG(s) 'example_subdag_operator.section-1', 'example_subdag_operator.section-2', 'example_subdag_operator' retrieved from /home/mahmoud/airflow_env/lib/python3.10/site-packages/airflow/example_dags/example_subdag_operator.py
[2024-01-14T15:44:15.472+0200] {logging_mixin.py:188} INFO - [2024-01-14T15:44:15.472+0200] {dag.py:3033} INFO - Sync 3 DAGs
[2024-01-14T15:44:15.489+0200] {logging_mixin.py:188} INFO - [2024-01-14T15:44:15.489+0200] {dag.py:3820} INFO - Setting next_dagrun for example_subdag_operator to 2022-01-01T00:00:00+00:00, run_after=2022-01-01T00:00:00+00:00
[2024-01-14T15:44:15.491+0200] {logging_mixin.py:188} INFO - [2024-01-14T15:44:15.491+0200] {dag.py:3820} INFO - Setting next_dagrun for example_subdag_operator.section-1 to None, run_after=None
[2024-01-14T15:44:15.492+0200] {logging_mixin.py:188} INFO - [2024-01-14T15:44:15.492+0200] {dag.py:3820} INFO - Setting next_dagrun for example_subdag_operator.section-2 to None, run_after=None
[2024-01-14T15:44:15.496+0200] {logging_mixin.py:188} INFO - [2024-01-14T15:44:15.496+0200] {dag.py:3033} INFO - Sync 2 DAGs
[2024-01-14T15:44:15.499+0200] {logging_mixin.py:188} INFO - [2024-01-14T15:44:15.499+0200] {dag.py:3820} INFO - Setting next_dagrun for example_subdag_operator.section-1 to None, run_after=None
[2024-01-14T15:44:15.500+0200] {logging_mixin.py:188} INFO - [2024-01-14T15:44:15.500+0200] {dag.py:3820} INFO - Setting next_dagrun for example_subdag_operator.section-2 to None, run_after=None
[2024-01-14T15:44:15.518+0200] {processor.py:183} INFO - Processing /home/mahmoud/airflow_env/lib/python3.10/site-packages/airflow/example_dags/example_subdag_operator.py took 0.093 seconds
[2024-01-14T15:45:17.200+0200] {processor.py:161} INFO - Started process (PID=27751) to work on /home/mahmoud/airflow_env/lib/python3.10/site-packages/airflow/example_dags/example_subdag_operator.py
[2024-01-14T15:45:17.201+0200] {processor.py:830} INFO - Processing file /home/mahmoud/airflow_env/lib/python3.10/site-packages/airflow/example_dags/example_subdag_operator.py for tasks to queue
[2024-01-14T15:45:17.202+0200] {logging_mixin.py:188} INFO - [2024-01-14T15:45:17.202+0200] {dagbag.py:538} INFO - Filling up the DagBag from /home/mahmoud/airflow_env/lib/python3.10/site-packages/airflow/example_dags/example_subdag_operator.py
[2024-01-14T15:45:17.217+0200] {processor.py:840} INFO - DAG(s) 'example_subdag_operator.section-1', 'example_subdag_operator.section-2', 'example_subdag_operator' retrieved from /home/mahmoud/airflow_env/lib/python3.10/site-packages/airflow/example_dags/example_subdag_operator.py
[2024-01-14T15:45:17.235+0200] {logging_mixin.py:188} INFO - [2024-01-14T15:45:17.235+0200] {dag.py:3033} INFO - Sync 3 DAGs
[2024-01-14T15:45:17.252+0200] {logging_mixin.py:188} INFO - [2024-01-14T15:45:17.252+0200] {dag.py:3820} INFO - Setting next_dagrun for example_subdag_operator to 2022-01-01T00:00:00+00:00, run_after=2022-01-01T00:00:00+00:00
[2024-01-14T15:45:17.254+0200] {logging_mixin.py:188} INFO - [2024-01-14T15:45:17.254+0200] {dag.py:3820} INFO - Setting next_dagrun for example_subdag_operator.section-1 to None, run_after=None
[2024-01-14T15:45:17.255+0200] {logging_mixin.py:188} INFO - [2024-01-14T15:45:17.255+0200] {dag.py:3820} INFO - Setting next_dagrun for example_subdag_operator.section-2 to None, run_after=None
[2024-01-14T15:45:17.261+0200] {logging_mixin.py:188} INFO - [2024-01-14T15:45:17.261+0200] {dag.py:3033} INFO - Sync 2 DAGs
[2024-01-14T15:45:17.264+0200] {logging_mixin.py:188} INFO - [2024-01-14T15:45:17.264+0200] {dag.py:3820} INFO - Setting next_dagrun for example_subdag_operator.section-1 to None, run_after=None
[2024-01-14T15:45:17.264+0200] {logging_mixin.py:188} INFO - [2024-01-14T15:45:17.264+0200] {dag.py:3820} INFO - Setting next_dagrun for example_subdag_operator.section-2 to None, run_after=None
[2024-01-14T15:45:17.281+0200] {processor.py:183} INFO - Processing /home/mahmoud/airflow_env/lib/python3.10/site-packages/airflow/example_dags/example_subdag_operator.py took 0.084 seconds
[2024-01-14T15:46:08.673+0200] {processor.py:161} INFO - Started process (PID=27954) to work on /home/mahmoud/airflow_env/lib/python3.10/site-packages/airflow/example_dags/example_subdag_operator.py
[2024-01-14T15:46:08.675+0200] {processor.py:830} INFO - Processing file /home/mahmoud/airflow_env/lib/python3.10/site-packages/airflow/example_dags/example_subdag_operator.py for tasks to queue
[2024-01-14T15:46:08.677+0200] {logging_mixin.py:188} INFO - [2024-01-14T15:46:08.676+0200] {dagbag.py:538} INFO - Filling up the DagBag from /home/mahmoud/airflow_env/lib/python3.10/site-packages/airflow/example_dags/example_subdag_operator.py
[2024-01-14T15:46:08.697+0200] {processor.py:840} INFO - DAG(s) 'example_subdag_operator.section-1', 'example_subdag_operator.section-2', 'example_subdag_operator' retrieved from /home/mahmoud/airflow_env/lib/python3.10/site-packages/airflow/example_dags/example_subdag_operator.py
[2024-01-14T15:46:08.722+0200] {logging_mixin.py:188} INFO - [2024-01-14T15:46:08.722+0200] {dag.py:3033} INFO - Sync 3 DAGs
[2024-01-14T15:46:08.739+0200] {logging_mixin.py:188} INFO - [2024-01-14T15:46:08.739+0200] {dag.py:3820} INFO - Setting next_dagrun for example_subdag_operator to 2022-01-01T00:00:00+00:00, run_after=2022-01-01T00:00:00+00:00
[2024-01-14T15:46:08.744+0200] {logging_mixin.py:188} INFO - [2024-01-14T15:46:08.744+0200] {dag.py:3820} INFO - Setting next_dagrun for example_subdag_operator.section-1 to None, run_after=None
[2024-01-14T15:46:08.745+0200] {logging_mixin.py:188} INFO - [2024-01-14T15:46:08.745+0200] {dag.py:3820} INFO - Setting next_dagrun for example_subdag_operator.section-2 to None, run_after=None
[2024-01-14T15:46:08.750+0200] {logging_mixin.py:188} INFO - [2024-01-14T15:46:08.750+0200] {dag.py:3033} INFO - Sync 2 DAGs
[2024-01-14T15:46:08.753+0200] {logging_mixin.py:188} INFO - [2024-01-14T15:46:08.752+0200] {dag.py:3820} INFO - Setting next_dagrun for example_subdag_operator.section-1 to None, run_after=None
[2024-01-14T15:46:08.753+0200] {logging_mixin.py:188} INFO - [2024-01-14T15:46:08.753+0200] {dag.py:3820} INFO - Setting next_dagrun for example_subdag_operator.section-2 to None, run_after=None
[2024-01-14T15:46:08.769+0200] {processor.py:183} INFO - Processing /home/mahmoud/airflow_env/lib/python3.10/site-packages/airflow/example_dags/example_subdag_operator.py took 0.098 seconds
[2024-01-14T15:46:46.329+0200] {processor.py:161} INFO - Started process (PID=28102) to work on /home/mahmoud/airflow_env/lib/python3.10/site-packages/airflow/example_dags/example_subdag_operator.py
[2024-01-14T15:46:46.330+0200] {processor.py:830} INFO - Processing file /home/mahmoud/airflow_env/lib/python3.10/site-packages/airflow/example_dags/example_subdag_operator.py for tasks to queue
[2024-01-14T15:46:46.331+0200] {logging_mixin.py:188} INFO - [2024-01-14T15:46:46.330+0200] {dagbag.py:538} INFO - Filling up the DagBag from /home/mahmoud/airflow_env/lib/python3.10/site-packages/airflow/example_dags/example_subdag_operator.py
[2024-01-14T15:46:46.346+0200] {processor.py:840} INFO - DAG(s) 'example_subdag_operator.section-1', 'example_subdag_operator.section-2', 'example_subdag_operator' retrieved from /home/mahmoud/airflow_env/lib/python3.10/site-packages/airflow/example_dags/example_subdag_operator.py
[2024-01-14T15:46:46.357+0200] {logging_mixin.py:188} INFO - [2024-01-14T15:46:46.356+0200] {dag.py:3033} INFO - Sync 3 DAGs
[2024-01-14T15:46:46.372+0200] {logging_mixin.py:188} INFO - [2024-01-14T15:46:46.372+0200] {dag.py:3820} INFO - Setting next_dagrun for example_subdag_operator to 2022-01-01T00:00:00+00:00, run_after=2022-01-01T00:00:00+00:00
[2024-01-14T15:46:46.384+0200] {logging_mixin.py:188} INFO - [2024-01-14T15:46:46.384+0200] {dag.py:3820} INFO - Setting next_dagrun for example_subdag_operator.section-1 to None, run_after=None
[2024-01-14T15:46:46.386+0200] {logging_mixin.py:188} INFO - [2024-01-14T15:46:46.385+0200] {dag.py:3820} INFO - Setting next_dagrun for example_subdag_operator.section-2 to None, run_after=None
[2024-01-14T15:46:46.394+0200] {logging_mixin.py:188} INFO - [2024-01-14T15:46:46.394+0200] {dag.py:3033} INFO - Sync 2 DAGs
[2024-01-14T15:46:46.397+0200] {logging_mixin.py:188} INFO - [2024-01-14T15:46:46.397+0200] {dag.py:3820} INFO - Setting next_dagrun for example_subdag_operator.section-1 to None, run_after=None
[2024-01-14T15:46:46.397+0200] {logging_mixin.py:188} INFO - [2024-01-14T15:46:46.397+0200] {dag.py:3820} INFO - Setting next_dagrun for example_subdag_operator.section-2 to None, run_after=None
[2024-01-14T15:46:46.413+0200] {processor.py:183} INFO - Processing /home/mahmoud/airflow_env/lib/python3.10/site-packages/airflow/example_dags/example_subdag_operator.py took 0.087 seconds
[2024-01-14T15:47:39.990+0200] {processor.py:161} INFO - Started process (PID=28379) to work on /home/mahmoud/airflow_env/lib/python3.10/site-packages/airflow/example_dags/example_subdag_operator.py
[2024-01-14T15:47:39.992+0200] {processor.py:830} INFO - Processing file /home/mahmoud/airflow_env/lib/python3.10/site-packages/airflow/example_dags/example_subdag_operator.py for tasks to queue
[2024-01-14T15:47:39.992+0200] {logging_mixin.py:188} INFO - [2024-01-14T15:47:39.992+0200] {dagbag.py:538} INFO - Filling up the DagBag from /home/mahmoud/airflow_env/lib/python3.10/site-packages/airflow/example_dags/example_subdag_operator.py
[2024-01-14T15:47:40.010+0200] {processor.py:840} INFO - DAG(s) 'example_subdag_operator.section-1', 'example_subdag_operator.section-2', 'example_subdag_operator' retrieved from /home/mahmoud/airflow_env/lib/python3.10/site-packages/airflow/example_dags/example_subdag_operator.py
[2024-01-14T15:47:40.022+0200] {logging_mixin.py:188} INFO - [2024-01-14T15:47:40.022+0200] {dag.py:3033} INFO - Sync 3 DAGs
[2024-01-14T15:47:40.038+0200] {logging_mixin.py:188} INFO - [2024-01-14T15:47:40.038+0200] {dag.py:3820} INFO - Setting next_dagrun for example_subdag_operator to 2022-01-01T00:00:00+00:00, run_after=2022-01-01T00:00:00+00:00
[2024-01-14T15:47:40.040+0200] {logging_mixin.py:188} INFO - [2024-01-14T15:47:40.040+0200] {dag.py:3820} INFO - Setting next_dagrun for example_subdag_operator.section-1 to None, run_after=None
[2024-01-14T15:47:40.041+0200] {logging_mixin.py:188} INFO - [2024-01-14T15:47:40.041+0200] {dag.py:3820} INFO - Setting next_dagrun for example_subdag_operator.section-2 to None, run_after=None
[2024-01-14T15:47:40.045+0200] {logging_mixin.py:188} INFO - [2024-01-14T15:47:40.045+0200] {dag.py:3033} INFO - Sync 2 DAGs
[2024-01-14T15:47:40.047+0200] {logging_mixin.py:188} INFO - [2024-01-14T15:47:40.047+0200] {dag.py:3820} INFO - Setting next_dagrun for example_subdag_operator.section-1 to None, run_after=None
[2024-01-14T15:47:40.047+0200] {logging_mixin.py:188} INFO - [2024-01-14T15:47:40.047+0200] {dag.py:3820} INFO - Setting next_dagrun for example_subdag_operator.section-2 to None, run_after=None
[2024-01-14T15:47:40.063+0200] {processor.py:183} INFO - Processing /home/mahmoud/airflow_env/lib/python3.10/site-packages/airflow/example_dags/example_subdag_operator.py took 0.076 seconds
[2024-01-14T15:48:32.840+0200] {processor.py:161} INFO - Started process (PID=28616) to work on /home/mahmoud/airflow_env/lib/python3.10/site-packages/airflow/example_dags/example_subdag_operator.py
[2024-01-14T15:48:32.842+0200] {processor.py:830} INFO - Processing file /home/mahmoud/airflow_env/lib/python3.10/site-packages/airflow/example_dags/example_subdag_operator.py for tasks to queue
[2024-01-14T15:48:32.843+0200] {logging_mixin.py:188} INFO - [2024-01-14T15:48:32.842+0200] {dagbag.py:538} INFO - Filling up the DagBag from /home/mahmoud/airflow_env/lib/python3.10/site-packages/airflow/example_dags/example_subdag_operator.py
[2024-01-14T15:48:32.861+0200] {processor.py:840} INFO - DAG(s) 'example_subdag_operator.section-1', 'example_subdag_operator.section-2', 'example_subdag_operator' retrieved from /home/mahmoud/airflow_env/lib/python3.10/site-packages/airflow/example_dags/example_subdag_operator.py
[2024-01-14T15:48:32.874+0200] {logging_mixin.py:188} INFO - [2024-01-14T15:48:32.873+0200] {dag.py:3033} INFO - Sync 3 DAGs
[2024-01-14T15:48:32.889+0200] {logging_mixin.py:188} INFO - [2024-01-14T15:48:32.889+0200] {dag.py:3820} INFO - Setting next_dagrun for example_subdag_operator to 2022-01-01T00:00:00+00:00, run_after=2022-01-01T00:00:00+00:00
[2024-01-14T15:48:32.892+0200] {logging_mixin.py:188} INFO - [2024-01-14T15:48:32.891+0200] {dag.py:3820} INFO - Setting next_dagrun for example_subdag_operator.section-1 to None, run_after=None
[2024-01-14T15:48:32.892+0200] {logging_mixin.py:188} INFO - [2024-01-14T15:48:32.892+0200] {dag.py:3820} INFO - Setting next_dagrun for example_subdag_operator.section-2 to None, run_after=None
[2024-01-14T15:48:32.896+0200] {logging_mixin.py:188} INFO - [2024-01-14T15:48:32.896+0200] {dag.py:3033} INFO - Sync 2 DAGs
[2024-01-14T15:48:32.899+0200] {logging_mixin.py:188} INFO - [2024-01-14T15:48:32.899+0200] {dag.py:3820} INFO - Setting next_dagrun for example_subdag_operator.section-1 to None, run_after=None
[2024-01-14T15:48:32.899+0200] {logging_mixin.py:188} INFO - [2024-01-14T15:48:32.899+0200] {dag.py:3820} INFO - Setting next_dagrun for example_subdag_operator.section-2 to None, run_after=None
[2024-01-14T15:48:32.914+0200] {processor.py:183} INFO - Processing /home/mahmoud/airflow_env/lib/python3.10/site-packages/airflow/example_dags/example_subdag_operator.py took 0.078 seconds
[2024-01-14T15:49:27.630+0200] {processor.py:161} INFO - Started process (PID=28828) to work on /home/mahmoud/airflow_env/lib/python3.10/site-packages/airflow/example_dags/example_subdag_operator.py
[2024-01-14T15:49:27.633+0200] {processor.py:830} INFO - Processing file /home/mahmoud/airflow_env/lib/python3.10/site-packages/airflow/example_dags/example_subdag_operator.py for tasks to queue
[2024-01-14T15:49:27.634+0200] {logging_mixin.py:188} INFO - [2024-01-14T15:49:27.633+0200] {dagbag.py:538} INFO - Filling up the DagBag from /home/mahmoud/airflow_env/lib/python3.10/site-packages/airflow/example_dags/example_subdag_operator.py
[2024-01-14T15:49:27.654+0200] {processor.py:840} INFO - DAG(s) 'example_subdag_operator.section-1', 'example_subdag_operator.section-2', 'example_subdag_operator' retrieved from /home/mahmoud/airflow_env/lib/python3.10/site-packages/airflow/example_dags/example_subdag_operator.py
[2024-01-14T15:49:27.667+0200] {logging_mixin.py:188} INFO - [2024-01-14T15:49:27.667+0200] {dag.py:3033} INFO - Sync 3 DAGs
[2024-01-14T15:49:27.684+0200] {logging_mixin.py:188} INFO - [2024-01-14T15:49:27.684+0200] {dag.py:3820} INFO - Setting next_dagrun for example_subdag_operator to 2022-01-01T00:00:00+00:00, run_after=2022-01-01T00:00:00+00:00
[2024-01-14T15:49:27.686+0200] {logging_mixin.py:188} INFO - [2024-01-14T15:49:27.686+0200] {dag.py:3820} INFO - Setting next_dagrun for example_subdag_operator.section-1 to None, run_after=None
[2024-01-14T15:49:27.687+0200] {logging_mixin.py:188} INFO - [2024-01-14T15:49:27.687+0200] {dag.py:3820} INFO - Setting next_dagrun for example_subdag_operator.section-2 to None, run_after=None
[2024-01-14T15:49:27.691+0200] {logging_mixin.py:188} INFO - [2024-01-14T15:49:27.691+0200] {dag.py:3033} INFO - Sync 2 DAGs
[2024-01-14T15:49:27.694+0200] {logging_mixin.py:188} INFO - [2024-01-14T15:49:27.694+0200] {dag.py:3820} INFO - Setting next_dagrun for example_subdag_operator.section-1 to None, run_after=None
[2024-01-14T15:49:27.694+0200] {logging_mixin.py:188} INFO - [2024-01-14T15:49:27.694+0200] {dag.py:3820} INFO - Setting next_dagrun for example_subdag_operator.section-2 to None, run_after=None
[2024-01-14T15:49:27.706+0200] {processor.py:183} INFO - Processing /home/mahmoud/airflow_env/lib/python3.10/site-packages/airflow/example_dags/example_subdag_operator.py took 0.079 seconds
[2024-01-14T15:50:18.101+0200] {processor.py:161} INFO - Started process (PID=29032) to work on /home/mahmoud/airflow_env/lib/python3.10/site-packages/airflow/example_dags/example_subdag_operator.py
[2024-01-14T15:50:18.103+0200] {processor.py:830} INFO - Processing file /home/mahmoud/airflow_env/lib/python3.10/site-packages/airflow/example_dags/example_subdag_operator.py for tasks to queue
[2024-01-14T15:50:18.104+0200] {logging_mixin.py:188} INFO - [2024-01-14T15:50:18.104+0200] {dagbag.py:538} INFO - Filling up the DagBag from /home/mahmoud/airflow_env/lib/python3.10/site-packages/airflow/example_dags/example_subdag_operator.py
[2024-01-14T15:50:18.127+0200] {processor.py:840} INFO - DAG(s) 'example_subdag_operator.section-1', 'example_subdag_operator.section-2', 'example_subdag_operator' retrieved from /home/mahmoud/airflow_env/lib/python3.10/site-packages/airflow/example_dags/example_subdag_operator.py
[2024-01-14T15:50:18.141+0200] {logging_mixin.py:188} INFO - [2024-01-14T15:50:18.141+0200] {dag.py:3033} INFO - Sync 3 DAGs
[2024-01-14T15:50:18.156+0200] {logging_mixin.py:188} INFO - [2024-01-14T15:50:18.156+0200] {dag.py:3820} INFO - Setting next_dagrun for example_subdag_operator to 2022-01-01T00:00:00+00:00, run_after=2022-01-01T00:00:00+00:00
[2024-01-14T15:50:18.158+0200] {logging_mixin.py:188} INFO - [2024-01-14T15:50:18.158+0200] {dag.py:3820} INFO - Setting next_dagrun for example_subdag_operator.section-1 to None, run_after=None
[2024-01-14T15:50:18.159+0200] {logging_mixin.py:188} INFO - [2024-01-14T15:50:18.158+0200] {dag.py:3820} INFO - Setting next_dagrun for example_subdag_operator.section-2 to None, run_after=None
[2024-01-14T15:50:18.162+0200] {logging_mixin.py:188} INFO - [2024-01-14T15:50:18.162+0200] {dag.py:3033} INFO - Sync 2 DAGs
[2024-01-14T15:50:18.165+0200] {logging_mixin.py:188} INFO - [2024-01-14T15:50:18.165+0200] {dag.py:3820} INFO - Setting next_dagrun for example_subdag_operator.section-1 to None, run_after=None
[2024-01-14T15:50:18.165+0200] {logging_mixin.py:188} INFO - [2024-01-14T15:50:18.165+0200] {dag.py:3820} INFO - Setting next_dagrun for example_subdag_operator.section-2 to None, run_after=None
[2024-01-14T15:50:18.181+0200] {processor.py:183} INFO - Processing /home/mahmoud/airflow_env/lib/python3.10/site-packages/airflow/example_dags/example_subdag_operator.py took 0.084 seconds
[2024-01-14T15:51:09.872+0200] {processor.py:161} INFO - Started process (PID=29236) to work on /home/mahmoud/airflow_env/lib/python3.10/site-packages/airflow/example_dags/example_subdag_operator.py
[2024-01-14T15:51:09.874+0200] {processor.py:830} INFO - Processing file /home/mahmoud/airflow_env/lib/python3.10/site-packages/airflow/example_dags/example_subdag_operator.py for tasks to queue
[2024-01-14T15:51:09.875+0200] {logging_mixin.py:188} INFO - [2024-01-14T15:51:09.874+0200] {dagbag.py:538} INFO - Filling up the DagBag from /home/mahmoud/airflow_env/lib/python3.10/site-packages/airflow/example_dags/example_subdag_operator.py
[2024-01-14T15:51:09.894+0200] {processor.py:840} INFO - DAG(s) 'example_subdag_operator.section-1', 'example_subdag_operator.section-2', 'example_subdag_operator' retrieved from /home/mahmoud/airflow_env/lib/python3.10/site-packages/airflow/example_dags/example_subdag_operator.py
[2024-01-14T15:51:09.907+0200] {logging_mixin.py:188} INFO - [2024-01-14T15:51:09.907+0200] {dag.py:3033} INFO - Sync 3 DAGs
[2024-01-14T15:51:09.924+0200] {logging_mixin.py:188} INFO - [2024-01-14T15:51:09.924+0200] {dag.py:3820} INFO - Setting next_dagrun for example_subdag_operator to 2022-01-01T00:00:00+00:00, run_after=2022-01-01T00:00:00+00:00
[2024-01-14T15:51:09.926+0200] {logging_mixin.py:188} INFO - [2024-01-14T15:51:09.926+0200] {dag.py:3820} INFO - Setting next_dagrun for example_subdag_operator.section-1 to None, run_after=None
[2024-01-14T15:51:09.927+0200] {logging_mixin.py:188} INFO - [2024-01-14T15:51:09.927+0200] {dag.py:3820} INFO - Setting next_dagrun for example_subdag_operator.section-2 to None, run_after=None
[2024-01-14T15:51:09.931+0200] {logging_mixin.py:188} INFO - [2024-01-14T15:51:09.931+0200] {dag.py:3033} INFO - Sync 2 DAGs
[2024-01-14T15:51:09.934+0200] {logging_mixin.py:188} INFO - [2024-01-14T15:51:09.934+0200] {dag.py:3820} INFO - Setting next_dagrun for example_subdag_operator.section-1 to None, run_after=None
[2024-01-14T15:51:09.934+0200] {logging_mixin.py:188} INFO - [2024-01-14T15:51:09.934+0200] {dag.py:3820} INFO - Setting next_dagrun for example_subdag_operator.section-2 to None, run_after=None
[2024-01-14T15:51:09.949+0200] {processor.py:183} INFO - Processing /home/mahmoud/airflow_env/lib/python3.10/site-packages/airflow/example_dags/example_subdag_operator.py took 0.080 seconds
[2024-01-14T15:52:03.591+0200] {processor.py:161} INFO - Started process (PID=29447) to work on /home/mahmoud/airflow_env/lib/python3.10/site-packages/airflow/example_dags/example_subdag_operator.py
[2024-01-14T15:52:03.593+0200] {processor.py:830} INFO - Processing file /home/mahmoud/airflow_env/lib/python3.10/site-packages/airflow/example_dags/example_subdag_operator.py for tasks to queue
[2024-01-14T15:52:03.594+0200] {logging_mixin.py:188} INFO - [2024-01-14T15:52:03.594+0200] {dagbag.py:538} INFO - Filling up the DagBag from /home/mahmoud/airflow_env/lib/python3.10/site-packages/airflow/example_dags/example_subdag_operator.py
[2024-01-14T15:52:03.612+0200] {processor.py:840} INFO - DAG(s) 'example_subdag_operator.section-1', 'example_subdag_operator.section-2', 'example_subdag_operator' retrieved from /home/mahmoud/airflow_env/lib/python3.10/site-packages/airflow/example_dags/example_subdag_operator.py
[2024-01-14T15:52:03.625+0200] {logging_mixin.py:188} INFO - [2024-01-14T15:52:03.625+0200] {dag.py:3033} INFO - Sync 3 DAGs
[2024-01-14T15:52:03.642+0200] {logging_mixin.py:188} INFO - [2024-01-14T15:52:03.642+0200] {dag.py:3820} INFO - Setting next_dagrun for example_subdag_operator to 2022-01-01T00:00:00+00:00, run_after=2022-01-01T00:00:00+00:00
[2024-01-14T15:52:03.644+0200] {logging_mixin.py:188} INFO - [2024-01-14T15:52:03.644+0200] {dag.py:3820} INFO - Setting next_dagrun for example_subdag_operator.section-1 to None, run_after=None
[2024-01-14T15:52:03.645+0200] {logging_mixin.py:188} INFO - [2024-01-14T15:52:03.645+0200] {dag.py:3820} INFO - Setting next_dagrun for example_subdag_operator.section-2 to None, run_after=None
[2024-01-14T15:52:03.650+0200] {logging_mixin.py:188} INFO - [2024-01-14T15:52:03.650+0200] {dag.py:3033} INFO - Sync 2 DAGs
[2024-01-14T15:52:03.653+0200] {logging_mixin.py:188} INFO - [2024-01-14T15:52:03.653+0200] {dag.py:3820} INFO - Setting next_dagrun for example_subdag_operator.section-1 to None, run_after=None
[2024-01-14T15:52:03.653+0200] {logging_mixin.py:188} INFO - [2024-01-14T15:52:03.653+0200] {dag.py:3820} INFO - Setting next_dagrun for example_subdag_operator.section-2 to None, run_after=None
[2024-01-14T15:52:03.668+0200] {processor.py:183} INFO - Processing /home/mahmoud/airflow_env/lib/python3.10/site-packages/airflow/example_dags/example_subdag_operator.py took 0.080 seconds
[2024-01-14T15:52:52.850+0200] {processor.py:161} INFO - Started process (PID=29671) to work on /home/mahmoud/airflow_env/lib/python3.10/site-packages/airflow/example_dags/example_subdag_operator.py
[2024-01-14T15:52:52.852+0200] {processor.py:830} INFO - Processing file /home/mahmoud/airflow_env/lib/python3.10/site-packages/airflow/example_dags/example_subdag_operator.py for tasks to queue
[2024-01-14T15:52:52.853+0200] {logging_mixin.py:188} INFO - [2024-01-14T15:52:52.853+0200] {dagbag.py:538} INFO - Filling up the DagBag from /home/mahmoud/airflow_env/lib/python3.10/site-packages/airflow/example_dags/example_subdag_operator.py
[2024-01-14T15:52:52.871+0200] {processor.py:840} INFO - DAG(s) 'example_subdag_operator.section-1', 'example_subdag_operator.section-2', 'example_subdag_operator' retrieved from /home/mahmoud/airflow_env/lib/python3.10/site-packages/airflow/example_dags/example_subdag_operator.py
[2024-01-14T15:52:52.884+0200] {logging_mixin.py:188} INFO - [2024-01-14T15:52:52.884+0200] {dag.py:3033} INFO - Sync 3 DAGs
[2024-01-14T15:52:52.901+0200] {logging_mixin.py:188} INFO - [2024-01-14T15:52:52.901+0200] {dag.py:3820} INFO - Setting next_dagrun for example_subdag_operator to 2022-01-01T00:00:00+00:00, run_after=2022-01-01T00:00:00+00:00
[2024-01-14T15:52:52.904+0200] {logging_mixin.py:188} INFO - [2024-01-14T15:52:52.904+0200] {dag.py:3820} INFO - Setting next_dagrun for example_subdag_operator.section-1 to None, run_after=None
[2024-01-14T15:52:52.904+0200] {logging_mixin.py:188} INFO - [2024-01-14T15:52:52.904+0200] {dag.py:3820} INFO - Setting next_dagrun for example_subdag_operator.section-2 to None, run_after=None
[2024-01-14T15:52:52.909+0200] {logging_mixin.py:188} INFO - [2024-01-14T15:52:52.909+0200] {dag.py:3033} INFO - Sync 2 DAGs
[2024-01-14T15:52:52.912+0200] {logging_mixin.py:188} INFO - [2024-01-14T15:52:52.912+0200] {dag.py:3820} INFO - Setting next_dagrun for example_subdag_operator.section-1 to None, run_after=None
[2024-01-14T15:52:52.912+0200] {logging_mixin.py:188} INFO - [2024-01-14T15:52:52.912+0200] {dag.py:3820} INFO - Setting next_dagrun for example_subdag_operator.section-2 to None, run_after=None
[2024-01-14T15:52:52.927+0200] {processor.py:183} INFO - Processing /home/mahmoud/airflow_env/lib/python3.10/site-packages/airflow/example_dags/example_subdag_operator.py took 0.080 seconds
[2024-01-14T15:53:46.113+0200] {processor.py:161} INFO - Started process (PID=29884) to work on /home/mahmoud/airflow_env/lib/python3.10/site-packages/airflow/example_dags/example_subdag_operator.py
[2024-01-14T15:53:46.115+0200] {processor.py:830} INFO - Processing file /home/mahmoud/airflow_env/lib/python3.10/site-packages/airflow/example_dags/example_subdag_operator.py for tasks to queue
[2024-01-14T15:53:46.116+0200] {logging_mixin.py:188} INFO - [2024-01-14T15:53:46.116+0200] {dagbag.py:538} INFO - Filling up the DagBag from /home/mahmoud/airflow_env/lib/python3.10/site-packages/airflow/example_dags/example_subdag_operator.py
[2024-01-14T15:53:46.133+0200] {processor.py:840} INFO - DAG(s) 'example_subdag_operator.section-1', 'example_subdag_operator.section-2', 'example_subdag_operator' retrieved from /home/mahmoud/airflow_env/lib/python3.10/site-packages/airflow/example_dags/example_subdag_operator.py
[2024-01-14T15:53:46.145+0200] {logging_mixin.py:188} INFO - [2024-01-14T15:53:46.144+0200] {dag.py:3033} INFO - Sync 3 DAGs
[2024-01-14T15:53:46.161+0200] {logging_mixin.py:188} INFO - [2024-01-14T15:53:46.161+0200] {dag.py:3820} INFO - Setting next_dagrun for example_subdag_operator to 2022-01-01T00:00:00+00:00, run_after=2022-01-01T00:00:00+00:00
[2024-01-14T15:53:46.163+0200] {logging_mixin.py:188} INFO - [2024-01-14T15:53:46.163+0200] {dag.py:3820} INFO - Setting next_dagrun for example_subdag_operator.section-1 to None, run_after=None
[2024-01-14T15:53:46.164+0200] {logging_mixin.py:188} INFO - [2024-01-14T15:53:46.164+0200] {dag.py:3820} INFO - Setting next_dagrun for example_subdag_operator.section-2 to None, run_after=None
[2024-01-14T15:53:46.169+0200] {logging_mixin.py:188} INFO - [2024-01-14T15:53:46.169+0200] {dag.py:3033} INFO - Sync 2 DAGs
[2024-01-14T15:53:46.172+0200] {logging_mixin.py:188} INFO - [2024-01-14T15:53:46.172+0200] {dag.py:3820} INFO - Setting next_dagrun for example_subdag_operator.section-1 to None, run_after=None
[2024-01-14T15:53:46.172+0200] {logging_mixin.py:188} INFO - [2024-01-14T15:53:46.172+0200] {dag.py:3820} INFO - Setting next_dagrun for example_subdag_operator.section-2 to None, run_after=None
[2024-01-14T15:53:46.186+0200] {processor.py:183} INFO - Processing /home/mahmoud/airflow_env/lib/python3.10/site-packages/airflow/example_dags/example_subdag_operator.py took 0.075 seconds
[2024-01-14T15:54:46.546+0200] {processor.py:161} INFO - Started process (PID=30092) to work on /home/mahmoud/airflow_env/lib/python3.10/site-packages/airflow/example_dags/example_subdag_operator.py
[2024-01-14T15:54:46.550+0200] {processor.py:830} INFO - Processing file /home/mahmoud/airflow_env/lib/python3.10/site-packages/airflow/example_dags/example_subdag_operator.py for tasks to queue
[2024-01-14T15:54:46.553+0200] {logging_mixin.py:188} INFO - [2024-01-14T15:54:46.552+0200] {dagbag.py:538} INFO - Filling up the DagBag from /home/mahmoud/airflow_env/lib/python3.10/site-packages/airflow/example_dags/example_subdag_operator.py
[2024-01-14T15:54:46.629+0200] {processor.py:840} INFO - DAG(s) 'example_subdag_operator.section-1', 'example_subdag_operator.section-2', 'example_subdag_operator' retrieved from /home/mahmoud/airflow_env/lib/python3.10/site-packages/airflow/example_dags/example_subdag_operator.py
[2024-01-14T15:54:46.686+0200] {logging_mixin.py:188} INFO - [2024-01-14T15:54:46.685+0200] {dag.py:3033} INFO - Sync 3 DAGs
[2024-01-14T15:54:46.761+0200] {logging_mixin.py:188} INFO - [2024-01-14T15:54:46.761+0200] {dag.py:3820} INFO - Setting next_dagrun for example_subdag_operator to 2022-01-01T00:00:00+00:00, run_after=2022-01-01T00:00:00+00:00
[2024-01-14T15:54:46.773+0200] {logging_mixin.py:188} INFO - [2024-01-14T15:54:46.772+0200] {dag.py:3820} INFO - Setting next_dagrun for example_subdag_operator.section-1 to None, run_after=None
[2024-01-14T15:54:46.776+0200] {logging_mixin.py:188} INFO - [2024-01-14T15:54:46.776+0200] {dag.py:3820} INFO - Setting next_dagrun for example_subdag_operator.section-2 to None, run_after=None
[2024-01-14T15:54:46.797+0200] {logging_mixin.py:188} INFO - [2024-01-14T15:54:46.797+0200] {dag.py:3033} INFO - Sync 2 DAGs
[2024-01-14T15:54:46.812+0200] {logging_mixin.py:188} INFO - [2024-01-14T15:54:46.811+0200] {dag.py:3820} INFO - Setting next_dagrun for example_subdag_operator.section-1 to None, run_after=None
[2024-01-14T15:54:46.813+0200] {logging_mixin.py:188} INFO - [2024-01-14T15:54:46.812+0200] {dag.py:3820} INFO - Setting next_dagrun for example_subdag_operator.section-2 to None, run_after=None
[2024-01-14T15:54:46.865+0200] {processor.py:183} INFO - Processing /home/mahmoud/airflow_env/lib/python3.10/site-packages/airflow/example_dags/example_subdag_operator.py took 0.330 seconds
[2024-01-14T15:55:54.223+0200] {processor.py:161} INFO - Started process (PID=30325) to work on /home/mahmoud/airflow_env/lib/python3.10/site-packages/airflow/example_dags/example_subdag_operator.py
[2024-01-14T15:55:54.225+0200] {processor.py:830} INFO - Processing file /home/mahmoud/airflow_env/lib/python3.10/site-packages/airflow/example_dags/example_subdag_operator.py for tasks to queue
[2024-01-14T15:55:54.228+0200] {logging_mixin.py:188} INFO - [2024-01-14T15:55:54.227+0200] {dagbag.py:538} INFO - Filling up the DagBag from /home/mahmoud/airflow_env/lib/python3.10/site-packages/airflow/example_dags/example_subdag_operator.py
[2024-01-14T15:55:54.285+0200] {processor.py:840} INFO - DAG(s) 'example_subdag_operator.section-1', 'example_subdag_operator.section-2', 'example_subdag_operator' retrieved from /home/mahmoud/airflow_env/lib/python3.10/site-packages/airflow/example_dags/example_subdag_operator.py
[2024-01-14T15:55:54.329+0200] {logging_mixin.py:188} INFO - [2024-01-14T15:55:54.328+0200] {dag.py:3033} INFO - Sync 3 DAGs
[2024-01-14T15:55:54.392+0200] {logging_mixin.py:188} INFO - [2024-01-14T15:55:54.392+0200] {dag.py:3820} INFO - Setting next_dagrun for example_subdag_operator to 2022-01-01T00:00:00+00:00, run_after=2022-01-01T00:00:00+00:00
[2024-01-14T15:55:54.402+0200] {logging_mixin.py:188} INFO - [2024-01-14T15:55:54.402+0200] {dag.py:3820} INFO - Setting next_dagrun for example_subdag_operator.section-1 to None, run_after=None
[2024-01-14T15:55:54.405+0200] {logging_mixin.py:188} INFO - [2024-01-14T15:55:54.404+0200] {dag.py:3820} INFO - Setting next_dagrun for example_subdag_operator.section-2 to None, run_after=None
[2024-01-14T15:55:54.424+0200] {logging_mixin.py:188} INFO - [2024-01-14T15:55:54.424+0200] {dag.py:3033} INFO - Sync 2 DAGs
[2024-01-14T15:55:54.437+0200] {logging_mixin.py:188} INFO - [2024-01-14T15:55:54.437+0200] {dag.py:3820} INFO - Setting next_dagrun for example_subdag_operator.section-1 to None, run_after=None
[2024-01-14T15:55:54.438+0200] {logging_mixin.py:188} INFO - [2024-01-14T15:55:54.438+0200] {dag.py:3820} INFO - Setting next_dagrun for example_subdag_operator.section-2 to None, run_after=None
[2024-01-14T15:55:54.483+0200] {processor.py:183} INFO - Processing /home/mahmoud/airflow_env/lib/python3.10/site-packages/airflow/example_dags/example_subdag_operator.py took 0.269 seconds
[2024-01-14T15:56:53.685+0200] {processor.py:161} INFO - Started process (PID=30536) to work on /home/mahmoud/airflow_env/lib/python3.10/site-packages/airflow/example_dags/example_subdag_operator.py
[2024-01-14T15:56:53.689+0200] {processor.py:830} INFO - Processing file /home/mahmoud/airflow_env/lib/python3.10/site-packages/airflow/example_dags/example_subdag_operator.py for tasks to queue
[2024-01-14T15:56:53.692+0200] {logging_mixin.py:188} INFO - [2024-01-14T15:56:53.691+0200] {dagbag.py:538} INFO - Filling up the DagBag from /home/mahmoud/airflow_env/lib/python3.10/site-packages/airflow/example_dags/example_subdag_operator.py
[2024-01-14T15:56:53.756+0200] {processor.py:840} INFO - DAG(s) 'example_subdag_operator.section-1', 'example_subdag_operator.section-2', 'example_subdag_operator' retrieved from /home/mahmoud/airflow_env/lib/python3.10/site-packages/airflow/example_dags/example_subdag_operator.py
[2024-01-14T15:56:53.805+0200] {logging_mixin.py:188} INFO - [2024-01-14T15:56:53.804+0200] {dag.py:3033} INFO - Sync 3 DAGs
[2024-01-14T15:56:53.872+0200] {logging_mixin.py:188} INFO - [2024-01-14T15:56:53.872+0200] {dag.py:3820} INFO - Setting next_dagrun for example_subdag_operator to 2022-01-01T00:00:00+00:00, run_after=2022-01-01T00:00:00+00:00
[2024-01-14T15:56:53.882+0200] {logging_mixin.py:188} INFO - [2024-01-14T15:56:53.882+0200] {dag.py:3820} INFO - Setting next_dagrun for example_subdag_operator.section-1 to None, run_after=None
[2024-01-14T15:56:53.885+0200] {logging_mixin.py:188} INFO - [2024-01-14T15:56:53.884+0200] {dag.py:3820} INFO - Setting next_dagrun for example_subdag_operator.section-2 to None, run_after=None
[2024-01-14T15:56:53.904+0200] {logging_mixin.py:188} INFO - [2024-01-14T15:56:53.903+0200] {dag.py:3033} INFO - Sync 2 DAGs
[2024-01-14T15:56:53.916+0200] {logging_mixin.py:188} INFO - [2024-01-14T15:56:53.916+0200] {dag.py:3820} INFO - Setting next_dagrun for example_subdag_operator.section-1 to None, run_after=None
[2024-01-14T15:56:53.917+0200] {logging_mixin.py:188} INFO - [2024-01-14T15:56:53.917+0200] {dag.py:3820} INFO - Setting next_dagrun for example_subdag_operator.section-2 to None, run_after=None
[2024-01-14T15:56:53.961+0200] {processor.py:183} INFO - Processing /home/mahmoud/airflow_env/lib/python3.10/site-packages/airflow/example_dags/example_subdag_operator.py took 0.287 seconds
[2024-01-14T15:57:46.839+0200] {processor.py:161} INFO - Started process (PID=30755) to work on /home/mahmoud/airflow_env/lib/python3.10/site-packages/airflow/example_dags/example_subdag_operator.py
[2024-01-14T15:57:46.841+0200] {processor.py:830} INFO - Processing file /home/mahmoud/airflow_env/lib/python3.10/site-packages/airflow/example_dags/example_subdag_operator.py for tasks to queue
[2024-01-14T15:57:46.842+0200] {logging_mixin.py:188} INFO - [2024-01-14T15:57:46.841+0200] {dagbag.py:538} INFO - Filling up the DagBag from /home/mahmoud/airflow_env/lib/python3.10/site-packages/airflow/example_dags/example_subdag_operator.py
[2024-01-14T15:57:46.862+0200] {processor.py:840} INFO - DAG(s) 'example_subdag_operator.section-1', 'example_subdag_operator.section-2', 'example_subdag_operator' retrieved from /home/mahmoud/airflow_env/lib/python3.10/site-packages/airflow/example_dags/example_subdag_operator.py
[2024-01-14T15:57:46.875+0200] {logging_mixin.py:188} INFO - [2024-01-14T15:57:46.875+0200] {dag.py:3033} INFO - Sync 3 DAGs
[2024-01-14T15:57:46.892+0200] {logging_mixin.py:188} INFO - [2024-01-14T15:57:46.891+0200] {dag.py:3820} INFO - Setting next_dagrun for example_subdag_operator to 2022-01-01T00:00:00+00:00, run_after=2022-01-01T00:00:00+00:00
[2024-01-14T15:57:46.894+0200] {logging_mixin.py:188} INFO - [2024-01-14T15:57:46.894+0200] {dag.py:3820} INFO - Setting next_dagrun for example_subdag_operator.section-1 to None, run_after=None
[2024-01-14T15:57:46.894+0200] {logging_mixin.py:188} INFO - [2024-01-14T15:57:46.894+0200] {dag.py:3820} INFO - Setting next_dagrun for example_subdag_operator.section-2 to None, run_after=None
[2024-01-14T15:57:46.899+0200] {logging_mixin.py:188} INFO - [2024-01-14T15:57:46.899+0200] {dag.py:3033} INFO - Sync 2 DAGs
[2024-01-14T15:57:46.901+0200] {logging_mixin.py:188} INFO - [2024-01-14T15:57:46.901+0200] {dag.py:3820} INFO - Setting next_dagrun for example_subdag_operator.section-1 to None, run_after=None
[2024-01-14T15:57:46.902+0200] {logging_mixin.py:188} INFO - [2024-01-14T15:57:46.902+0200] {dag.py:3820} INFO - Setting next_dagrun for example_subdag_operator.section-2 to None, run_after=None
[2024-01-14T15:57:46.919+0200] {processor.py:183} INFO - Processing /home/mahmoud/airflow_env/lib/python3.10/site-packages/airflow/example_dags/example_subdag_operator.py took 0.084 seconds
