[2024-01-14T15:08:42.221+0200] {processor.py:161} INFO - Started process (PID=16244) to work on /home/mahmoud/airflow_env/lib/python3.10/site-packages/airflow/example_dags/example_branch_operator.py
[2024-01-14T15:08:42.223+0200] {processor.py:830} INFO - Processing file /home/mahmoud/airflow_env/lib/python3.10/site-packages/airflow/example_dags/example_branch_operator.py for tasks to queue
[2024-01-14T15:08:42.225+0200] {logging_mixin.py:188} INFO - [2024-01-14T15:08:42.224+0200] {dagbag.py:538} INFO - Filling up the DagBag from /home/mahmoud/airflow_env/lib/python3.10/site-packages/airflow/example_dags/example_branch_operator.py
[2024-01-14T15:08:42.249+0200] {processor.py:840} INFO - DAG(s) 'example_branch_operator' retrieved from /home/mahmoud/airflow_env/lib/python3.10/site-packages/airflow/example_dags/example_branch_operator.py
[2024-01-14T15:08:42.343+0200] {logging_mixin.py:188} INFO - [2024-01-14T15:08:42.343+0200] {override.py:1769} INFO - Created Permission View: can edit on DAG:example_branch_operator
[2024-01-14T15:08:42.356+0200] {logging_mixin.py:188} INFO - [2024-01-14T15:08:42.356+0200] {override.py:1769} INFO - Created Permission View: can delete on DAG:example_branch_operator
[2024-01-14T15:08:42.368+0200] {logging_mixin.py:188} INFO - [2024-01-14T15:08:42.368+0200] {override.py:1769} INFO - Created Permission View: can read on DAG:example_branch_operator
[2024-01-14T15:08:42.368+0200] {logging_mixin.py:188} INFO - [2024-01-14T15:08:42.368+0200] {dag.py:3033} INFO - Sync 1 DAGs
[2024-01-14T15:08:42.378+0200] {logging_mixin.py:188} INFO - [2024-01-14T15:08:42.378+0200] {dag.py:3055} INFO - Creating ORM DAG for example_branch_operator
[2024-01-14T15:08:42.387+0200] {logging_mixin.py:188} INFO - [2024-01-14T15:08:42.386+0200] {dag.py:3820} INFO - Setting next_dagrun for example_branch_operator to 2024-01-13T00:00:00+00:00, run_after=2024-01-14T00:00:00+00:00
[2024-01-14T15:08:42.411+0200] {processor.py:183} INFO - Processing /home/mahmoud/airflow_env/lib/python3.10/site-packages/airflow/example_dags/example_branch_operator.py took 0.196 seconds
[2024-01-14T15:09:30.548+0200] {processor.py:161} INFO - Started process (PID=16549) to work on /home/mahmoud/airflow_env/lib/python3.10/site-packages/airflow/example_dags/example_branch_operator.py
[2024-01-14T15:09:30.552+0200] {processor.py:830} INFO - Processing file /home/mahmoud/airflow_env/lib/python3.10/site-packages/airflow/example_dags/example_branch_operator.py for tasks to queue
[2024-01-14T15:09:30.553+0200] {logging_mixin.py:188} INFO - [2024-01-14T15:09:30.553+0200] {dagbag.py:538} INFO - Filling up the DagBag from /home/mahmoud/airflow_env/lib/python3.10/site-packages/airflow/example_dags/example_branch_operator.py
[2024-01-14T15:09:30.579+0200] {processor.py:840} INFO - DAG(s) 'example_branch_operator' retrieved from /home/mahmoud/airflow_env/lib/python3.10/site-packages/airflow/example_dags/example_branch_operator.py
[2024-01-14T15:09:30.601+0200] {logging_mixin.py:188} INFO - [2024-01-14T15:09:30.601+0200] {dag.py:3033} INFO - Sync 1 DAGs
[2024-01-14T15:09:30.616+0200] {logging_mixin.py:188} INFO - [2024-01-14T15:09:30.616+0200] {dag.py:3820} INFO - Setting next_dagrun for example_branch_operator to 2024-01-13T00:00:00+00:00, run_after=2024-01-14T00:00:00+00:00
[2024-01-14T15:09:30.638+0200] {processor.py:183} INFO - Processing /home/mahmoud/airflow_env/lib/python3.10/site-packages/airflow/example_dags/example_branch_operator.py took 0.096 seconds
[2024-01-14T15:10:28.760+0200] {processor.py:161} INFO - Started process (PID=16787) to work on /home/mahmoud/airflow_env/lib/python3.10/site-packages/airflow/example_dags/example_branch_operator.py
[2024-01-14T15:10:28.763+0200] {processor.py:830} INFO - Processing file /home/mahmoud/airflow_env/lib/python3.10/site-packages/airflow/example_dags/example_branch_operator.py for tasks to queue
[2024-01-14T15:10:28.764+0200] {logging_mixin.py:188} INFO - [2024-01-14T15:10:28.763+0200] {dagbag.py:538} INFO - Filling up the DagBag from /home/mahmoud/airflow_env/lib/python3.10/site-packages/airflow/example_dags/example_branch_operator.py
[2024-01-14T15:10:28.785+0200] {processor.py:840} INFO - DAG(s) 'example_branch_operator' retrieved from /home/mahmoud/airflow_env/lib/python3.10/site-packages/airflow/example_dags/example_branch_operator.py
[2024-01-14T15:10:28.805+0200] {logging_mixin.py:188} INFO - [2024-01-14T15:10:28.804+0200] {dag.py:3033} INFO - Sync 1 DAGs
[2024-01-14T15:10:28.820+0200] {logging_mixin.py:188} INFO - [2024-01-14T15:10:28.820+0200] {dag.py:3820} INFO - Setting next_dagrun for example_branch_operator to 2024-01-13T00:00:00+00:00, run_after=2024-01-14T00:00:00+00:00
[2024-01-14T15:10:28.841+0200] {processor.py:183} INFO - Processing /home/mahmoud/airflow_env/lib/python3.10/site-packages/airflow/example_dags/example_branch_operator.py took 0.087 seconds
[2024-01-14T15:11:26.477+0200] {processor.py:161} INFO - Started process (PID=17016) to work on /home/mahmoud/airflow_env/lib/python3.10/site-packages/airflow/example_dags/example_branch_operator.py
[2024-01-14T15:11:26.479+0200] {processor.py:830} INFO - Processing file /home/mahmoud/airflow_env/lib/python3.10/site-packages/airflow/example_dags/example_branch_operator.py for tasks to queue
[2024-01-14T15:11:26.481+0200] {logging_mixin.py:188} INFO - [2024-01-14T15:11:26.480+0200] {dagbag.py:538} INFO - Filling up the DagBag from /home/mahmoud/airflow_env/lib/python3.10/site-packages/airflow/example_dags/example_branch_operator.py
[2024-01-14T15:11:26.500+0200] {processor.py:840} INFO - DAG(s) 'example_branch_operator' retrieved from /home/mahmoud/airflow_env/lib/python3.10/site-packages/airflow/example_dags/example_branch_operator.py
[2024-01-14T15:11:26.519+0200] {logging_mixin.py:188} INFO - [2024-01-14T15:11:26.519+0200] {dag.py:3033} INFO - Sync 1 DAGs
[2024-01-14T15:11:26.536+0200] {logging_mixin.py:188} INFO - [2024-01-14T15:11:26.536+0200] {dag.py:3820} INFO - Setting next_dagrun for example_branch_operator to 2024-01-13T00:00:00+00:00, run_after=2024-01-14T00:00:00+00:00
[2024-01-14T15:11:26.559+0200] {processor.py:183} INFO - Processing /home/mahmoud/airflow_env/lib/python3.10/site-packages/airflow/example_dags/example_branch_operator.py took 0.087 seconds
[2024-01-14T15:12:21.326+0200] {processor.py:161} INFO - Started process (PID=17277) to work on /home/mahmoud/airflow_env/lib/python3.10/site-packages/airflow/example_dags/example_branch_operator.py
[2024-01-14T15:12:21.327+0200] {processor.py:830} INFO - Processing file /home/mahmoud/airflow_env/lib/python3.10/site-packages/airflow/example_dags/example_branch_operator.py for tasks to queue
[2024-01-14T15:12:21.328+0200] {logging_mixin.py:188} INFO - [2024-01-14T15:12:21.328+0200] {dagbag.py:538} INFO - Filling up the DagBag from /home/mahmoud/airflow_env/lib/python3.10/site-packages/airflow/example_dags/example_branch_operator.py
[2024-01-14T15:12:21.343+0200] {processor.py:840} INFO - DAG(s) 'example_branch_operator' retrieved from /home/mahmoud/airflow_env/lib/python3.10/site-packages/airflow/example_dags/example_branch_operator.py
[2024-01-14T15:12:21.359+0200] {logging_mixin.py:188} INFO - [2024-01-14T15:12:21.359+0200] {dag.py:3033} INFO - Sync 1 DAGs
[2024-01-14T15:12:21.373+0200] {logging_mixin.py:188} INFO - [2024-01-14T15:12:21.373+0200] {dag.py:3820} INFO - Setting next_dagrun for example_branch_operator to 2024-01-13T00:00:00+00:00, run_after=2024-01-14T00:00:00+00:00
[2024-01-14T15:12:21.390+0200] {processor.py:183} INFO - Processing /home/mahmoud/airflow_env/lib/python3.10/site-packages/airflow/example_dags/example_branch_operator.py took 0.067 seconds
[2024-01-14T15:13:15.231+0200] {processor.py:161} INFO - Started process (PID=17514) to work on /home/mahmoud/airflow_env/lib/python3.10/site-packages/airflow/example_dags/example_branch_operator.py
[2024-01-14T15:13:15.233+0200] {processor.py:830} INFO - Processing file /home/mahmoud/airflow_env/lib/python3.10/site-packages/airflow/example_dags/example_branch_operator.py for tasks to queue
[2024-01-14T15:13:15.234+0200] {logging_mixin.py:188} INFO - [2024-01-14T15:13:15.234+0200] {dagbag.py:538} INFO - Filling up the DagBag from /home/mahmoud/airflow_env/lib/python3.10/site-packages/airflow/example_dags/example_branch_operator.py
[2024-01-14T15:13:15.255+0200] {processor.py:840} INFO - DAG(s) 'example_branch_operator' retrieved from /home/mahmoud/airflow_env/lib/python3.10/site-packages/airflow/example_dags/example_branch_operator.py
[2024-01-14T15:13:15.275+0200] {logging_mixin.py:188} INFO - [2024-01-14T15:13:15.275+0200] {dag.py:3033} INFO - Sync 1 DAGs
[2024-01-14T15:13:15.291+0200] {logging_mixin.py:188} INFO - [2024-01-14T15:13:15.291+0200] {dag.py:3820} INFO - Setting next_dagrun for example_branch_operator to 2024-01-13T00:00:00+00:00, run_after=2024-01-14T00:00:00+00:00
[2024-01-14T15:13:15.312+0200] {processor.py:183} INFO - Processing /home/mahmoud/airflow_env/lib/python3.10/site-packages/airflow/example_dags/example_branch_operator.py took 0.087 seconds
[2024-01-14T15:20:28.558+0200] {processor.py:161} INFO - Started process (PID=19574) to work on /home/mahmoud/airflow_env/lib/python3.10/site-packages/airflow/example_dags/example_branch_operator.py
[2024-01-14T15:20:28.561+0200] {processor.py:830} INFO - Processing file /home/mahmoud/airflow_env/lib/python3.10/site-packages/airflow/example_dags/example_branch_operator.py for tasks to queue
[2024-01-14T15:20:28.563+0200] {logging_mixin.py:188} INFO - [2024-01-14T15:20:28.562+0200] {dagbag.py:538} INFO - Filling up the DagBag from /home/mahmoud/airflow_env/lib/python3.10/site-packages/airflow/example_dags/example_branch_operator.py
[2024-01-14T15:20:28.586+0200] {processor.py:840} INFO - DAG(s) 'example_branch_operator' retrieved from /home/mahmoud/airflow_env/lib/python3.10/site-packages/airflow/example_dags/example_branch_operator.py
[2024-01-14T15:20:28.660+0200] {logging_mixin.py:188} INFO - [2024-01-14T15:20:28.660+0200] {dag.py:3033} INFO - Sync 1 DAGs
[2024-01-14T15:20:28.674+0200] {logging_mixin.py:188} INFO - [2024-01-14T15:20:28.674+0200] {dag.py:3820} INFO - Setting next_dagrun for example_branch_operator to 2024-01-13T00:00:00+00:00, run_after=2024-01-14T00:00:00+00:00
[2024-01-14T15:20:28.694+0200] {processor.py:183} INFO - Processing /home/mahmoud/airflow_env/lib/python3.10/site-packages/airflow/example_dags/example_branch_operator.py took 0.142 seconds
[2024-01-14T15:21:17.385+0200] {processor.py:161} INFO - Started process (PID=19767) to work on /home/mahmoud/airflow_env/lib/python3.10/site-packages/airflow/example_dags/example_branch_operator.py
[2024-01-14T15:21:17.387+0200] {processor.py:830} INFO - Processing file /home/mahmoud/airflow_env/lib/python3.10/site-packages/airflow/example_dags/example_branch_operator.py for tasks to queue
[2024-01-14T15:21:17.388+0200] {logging_mixin.py:188} INFO - [2024-01-14T15:21:17.388+0200] {dagbag.py:538} INFO - Filling up the DagBag from /home/mahmoud/airflow_env/lib/python3.10/site-packages/airflow/example_dags/example_branch_operator.py
[2024-01-14T15:21:17.407+0200] {processor.py:840} INFO - DAG(s) 'example_branch_operator' retrieved from /home/mahmoud/airflow_env/lib/python3.10/site-packages/airflow/example_dags/example_branch_operator.py
[2024-01-14T15:21:17.424+0200] {logging_mixin.py:188} INFO - [2024-01-14T15:21:17.424+0200] {dag.py:3033} INFO - Sync 1 DAGs
[2024-01-14T15:21:17.441+0200] {logging_mixin.py:188} INFO - [2024-01-14T15:21:17.441+0200] {dag.py:3820} INFO - Setting next_dagrun for example_branch_operator to 2024-01-13T00:00:00+00:00, run_after=2024-01-14T00:00:00+00:00
[2024-01-14T15:21:17.462+0200] {processor.py:183} INFO - Processing /home/mahmoud/airflow_env/lib/python3.10/site-packages/airflow/example_dags/example_branch_operator.py took 0.083 seconds
[2024-01-14T15:22:15.038+0200] {processor.py:161} INFO - Started process (PID=19994) to work on /home/mahmoud/airflow_env/lib/python3.10/site-packages/airflow/example_dags/example_branch_operator.py
[2024-01-14T15:22:15.041+0200] {processor.py:830} INFO - Processing file /home/mahmoud/airflow_env/lib/python3.10/site-packages/airflow/example_dags/example_branch_operator.py for tasks to queue
[2024-01-14T15:22:15.042+0200] {logging_mixin.py:188} INFO - [2024-01-14T15:22:15.042+0200] {dagbag.py:538} INFO - Filling up the DagBag from /home/mahmoud/airflow_env/lib/python3.10/site-packages/airflow/example_dags/example_branch_operator.py
[2024-01-14T15:22:15.071+0200] {processor.py:840} INFO - DAG(s) 'example_branch_operator' retrieved from /home/mahmoud/airflow_env/lib/python3.10/site-packages/airflow/example_dags/example_branch_operator.py
[2024-01-14T15:22:15.091+0200] {logging_mixin.py:188} INFO - [2024-01-14T15:22:15.090+0200] {dag.py:3033} INFO - Sync 1 DAGs
[2024-01-14T15:22:15.105+0200] {logging_mixin.py:188} INFO - [2024-01-14T15:22:15.105+0200] {dag.py:3820} INFO - Setting next_dagrun for example_branch_operator to 2024-01-13T00:00:00+00:00, run_after=2024-01-14T00:00:00+00:00
[2024-01-14T15:22:15.124+0200] {processor.py:183} INFO - Processing /home/mahmoud/airflow_env/lib/python3.10/site-packages/airflow/example_dags/example_branch_operator.py took 0.093 seconds
[2024-01-14T15:38:20.724+0200] {processor.py:161} INFO - Started process (PID=24697) to work on /home/mahmoud/airflow_env/lib/python3.10/site-packages/airflow/example_dags/example_branch_operator.py
[2024-01-14T15:38:20.727+0200] {processor.py:830} INFO - Processing file /home/mahmoud/airflow_env/lib/python3.10/site-packages/airflow/example_dags/example_branch_operator.py for tasks to queue
[2024-01-14T15:38:20.729+0200] {logging_mixin.py:188} INFO - [2024-01-14T15:38:20.728+0200] {dagbag.py:538} INFO - Filling up the DagBag from /home/mahmoud/airflow_env/lib/python3.10/site-packages/airflow/example_dags/example_branch_operator.py
[2024-01-14T15:38:20.749+0200] {processor.py:840} INFO - DAG(s) 'example_branch_operator' retrieved from /home/mahmoud/airflow_env/lib/python3.10/site-packages/airflow/example_dags/example_branch_operator.py
[2024-01-14T15:38:20.816+0200] {logging_mixin.py:188} INFO - [2024-01-14T15:38:20.816+0200] {dag.py:3033} INFO - Sync 1 DAGs
[2024-01-14T15:38:20.829+0200] {logging_mixin.py:188} INFO - [2024-01-14T15:38:20.829+0200] {dag.py:3820} INFO - Setting next_dagrun for example_branch_operator to 2024-01-13T00:00:00+00:00, run_after=2024-01-14T00:00:00+00:00
[2024-01-14T15:38:20.851+0200] {processor.py:183} INFO - Processing /home/mahmoud/airflow_env/lib/python3.10/site-packages/airflow/example_dags/example_branch_operator.py took 0.134 seconds
[2024-01-14T15:39:09.530+0200] {processor.py:161} INFO - Started process (PID=25091) to work on /home/mahmoud/airflow_env/lib/python3.10/site-packages/airflow/example_dags/example_branch_operator.py
[2024-01-14T15:39:09.531+0200] {processor.py:830} INFO - Processing file /home/mahmoud/airflow_env/lib/python3.10/site-packages/airflow/example_dags/example_branch_operator.py for tasks to queue
[2024-01-14T15:39:09.532+0200] {logging_mixin.py:188} INFO - [2024-01-14T15:39:09.531+0200] {dagbag.py:538} INFO - Filling up the DagBag from /home/mahmoud/airflow_env/lib/python3.10/site-packages/airflow/example_dags/example_branch_operator.py
[2024-01-14T15:39:09.547+0200] {processor.py:840} INFO - DAG(s) 'example_branch_operator' retrieved from /home/mahmoud/airflow_env/lib/python3.10/site-packages/airflow/example_dags/example_branch_operator.py
[2024-01-14T15:39:09.565+0200] {logging_mixin.py:188} INFO - [2024-01-14T15:39:09.565+0200] {dag.py:3033} INFO - Sync 1 DAGs
[2024-01-14T15:39:09.584+0200] {logging_mixin.py:188} INFO - [2024-01-14T15:39:09.584+0200] {dag.py:3820} INFO - Setting next_dagrun for example_branch_operator to 2024-01-13T00:00:00+00:00, run_after=2024-01-14T00:00:00+00:00
[2024-01-14T15:39:09.610+0200] {processor.py:183} INFO - Processing /home/mahmoud/airflow_env/lib/python3.10/site-packages/airflow/example_dags/example_branch_operator.py took 0.083 seconds
[2024-01-14T15:39:58.886+0200] {processor.py:161} INFO - Started process (PID=25288) to work on /home/mahmoud/airflow_env/lib/python3.10/site-packages/airflow/example_dags/example_branch_operator.py
[2024-01-14T15:39:58.888+0200] {processor.py:830} INFO - Processing file /home/mahmoud/airflow_env/lib/python3.10/site-packages/airflow/example_dags/example_branch_operator.py for tasks to queue
[2024-01-14T15:39:58.888+0200] {logging_mixin.py:188} INFO - [2024-01-14T15:39:58.888+0200] {dagbag.py:538} INFO - Filling up the DagBag from /home/mahmoud/airflow_env/lib/python3.10/site-packages/airflow/example_dags/example_branch_operator.py
[2024-01-14T15:39:58.903+0200] {processor.py:840} INFO - DAG(s) 'example_branch_operator' retrieved from /home/mahmoud/airflow_env/lib/python3.10/site-packages/airflow/example_dags/example_branch_operator.py
[2024-01-14T15:39:58.921+0200] {logging_mixin.py:188} INFO - [2024-01-14T15:39:58.920+0200] {dag.py:3033} INFO - Sync 1 DAGs
[2024-01-14T15:39:58.936+0200] {logging_mixin.py:188} INFO - [2024-01-14T15:39:58.936+0200] {dag.py:3820} INFO - Setting next_dagrun for example_branch_operator to 2024-01-13T00:00:00+00:00, run_after=2024-01-14T00:00:00+00:00
[2024-01-14T15:39:58.957+0200] {processor.py:183} INFO - Processing /home/mahmoud/airflow_env/lib/python3.10/site-packages/airflow/example_dags/example_branch_operator.py took 0.074 seconds
[2024-01-14T15:40:55.317+0200] {processor.py:161} INFO - Started process (PID=25513) to work on /home/mahmoud/airflow_env/lib/python3.10/site-packages/airflow/example_dags/example_branch_operator.py
[2024-01-14T15:40:55.318+0200] {processor.py:830} INFO - Processing file /home/mahmoud/airflow_env/lib/python3.10/site-packages/airflow/example_dags/example_branch_operator.py for tasks to queue
[2024-01-14T15:40:55.319+0200] {logging_mixin.py:188} INFO - [2024-01-14T15:40:55.319+0200] {dagbag.py:538} INFO - Filling up the DagBag from /home/mahmoud/airflow_env/lib/python3.10/site-packages/airflow/example_dags/example_branch_operator.py
[2024-01-14T15:40:55.334+0200] {processor.py:840} INFO - DAG(s) 'example_branch_operator' retrieved from /home/mahmoud/airflow_env/lib/python3.10/site-packages/airflow/example_dags/example_branch_operator.py
[2024-01-14T15:40:55.355+0200] {logging_mixin.py:188} INFO - [2024-01-14T15:40:55.355+0200] {dag.py:3033} INFO - Sync 1 DAGs
[2024-01-14T15:40:55.374+0200] {logging_mixin.py:188} INFO - [2024-01-14T15:40:55.374+0200] {dag.py:3820} INFO - Setting next_dagrun for example_branch_operator to 2024-01-13T00:00:00+00:00, run_after=2024-01-14T00:00:00+00:00
[2024-01-14T15:40:55.395+0200] {processor.py:183} INFO - Processing /home/mahmoud/airflow_env/lib/python3.10/site-packages/airflow/example_dags/example_branch_operator.py took 0.081 seconds
[2024-01-14T15:41:46.979+0200] {processor.py:161} INFO - Started process (PID=25779) to work on /home/mahmoud/airflow_env/lib/python3.10/site-packages/airflow/example_dags/example_branch_operator.py
[2024-01-14T15:41:46.981+0200] {processor.py:830} INFO - Processing file /home/mahmoud/airflow_env/lib/python3.10/site-packages/airflow/example_dags/example_branch_operator.py for tasks to queue
[2024-01-14T15:41:46.981+0200] {logging_mixin.py:188} INFO - [2024-01-14T15:41:46.981+0200] {dagbag.py:538} INFO - Filling up the DagBag from /home/mahmoud/airflow_env/lib/python3.10/site-packages/airflow/example_dags/example_branch_operator.py
[2024-01-14T15:41:46.997+0200] {processor.py:840} INFO - DAG(s) 'example_branch_operator' retrieved from /home/mahmoud/airflow_env/lib/python3.10/site-packages/airflow/example_dags/example_branch_operator.py
[2024-01-14T15:41:47.015+0200] {logging_mixin.py:188} INFO - [2024-01-14T15:41:47.015+0200] {dag.py:3033} INFO - Sync 1 DAGs
[2024-01-14T15:41:47.031+0200] {logging_mixin.py:188} INFO - [2024-01-14T15:41:47.031+0200] {dag.py:3820} INFO - Setting next_dagrun for example_branch_operator to 2024-01-13T00:00:00+00:00, run_after=2024-01-14T00:00:00+00:00
[2024-01-14T15:41:47.052+0200] {processor.py:183} INFO - Processing /home/mahmoud/airflow_env/lib/python3.10/site-packages/airflow/example_dags/example_branch_operator.py took 0.075 seconds
[2024-01-14T15:42:50.501+0200] {processor.py:161} INFO - Started process (PID=26298) to work on /home/mahmoud/airflow_env/lib/python3.10/site-packages/airflow/example_dags/example_branch_operator.py
[2024-01-14T15:42:50.502+0200] {processor.py:830} INFO - Processing file /home/mahmoud/airflow_env/lib/python3.10/site-packages/airflow/example_dags/example_branch_operator.py for tasks to queue
[2024-01-14T15:42:50.503+0200] {logging_mixin.py:188} INFO - [2024-01-14T15:42:50.502+0200] {dagbag.py:538} INFO - Filling up the DagBag from /home/mahmoud/airflow_env/lib/python3.10/site-packages/airflow/example_dags/example_branch_operator.py
[2024-01-14T15:42:50.520+0200] {processor.py:840} INFO - DAG(s) 'example_branch_operator' retrieved from /home/mahmoud/airflow_env/lib/python3.10/site-packages/airflow/example_dags/example_branch_operator.py
[2024-01-14T15:42:50.540+0200] {logging_mixin.py:188} INFO - [2024-01-14T15:42:50.540+0200] {dag.py:3033} INFO - Sync 1 DAGs
[2024-01-14T15:42:50.559+0200] {logging_mixin.py:188} INFO - [2024-01-14T15:42:50.559+0200] {dag.py:3820} INFO - Setting next_dagrun for example_branch_operator to 2024-01-14T00:00:00+00:00, run_after=2024-01-15T00:00:00+00:00
[2024-01-14T15:42:50.582+0200] {processor.py:183} INFO - Processing /home/mahmoud/airflow_env/lib/python3.10/site-packages/airflow/example_dags/example_branch_operator.py took 0.084 seconds
[2024-01-14T15:43:53.939+0200] {processor.py:161} INFO - Started process (PID=26844) to work on /home/mahmoud/airflow_env/lib/python3.10/site-packages/airflow/example_dags/example_branch_operator.py
[2024-01-14T15:43:53.941+0200] {processor.py:830} INFO - Processing file /home/mahmoud/airflow_env/lib/python3.10/site-packages/airflow/example_dags/example_branch_operator.py for tasks to queue
[2024-01-14T15:43:53.941+0200] {logging_mixin.py:188} INFO - [2024-01-14T15:43:53.941+0200] {dagbag.py:538} INFO - Filling up the DagBag from /home/mahmoud/airflow_env/lib/python3.10/site-packages/airflow/example_dags/example_branch_operator.py
[2024-01-14T15:43:53.957+0200] {processor.py:840} INFO - DAG(s) 'example_branch_operator' retrieved from /home/mahmoud/airflow_env/lib/python3.10/site-packages/airflow/example_dags/example_branch_operator.py
[2024-01-14T15:43:53.975+0200] {logging_mixin.py:188} INFO - [2024-01-14T15:43:53.975+0200] {dag.py:3033} INFO - Sync 1 DAGs
[2024-01-14T15:43:53.993+0200] {logging_mixin.py:188} INFO - [2024-01-14T15:43:53.993+0200] {dag.py:3820} INFO - Setting next_dagrun for example_branch_operator to 2024-01-14T00:00:00+00:00, run_after=2024-01-15T00:00:00+00:00
[2024-01-14T15:43:54.014+0200] {processor.py:183} INFO - Processing /home/mahmoud/airflow_env/lib/python3.10/site-packages/airflow/example_dags/example_branch_operator.py took 0.079 seconds
[2024-01-14T15:45:07.981+0200] {processor.py:161} INFO - Started process (PID=27711) to work on /home/mahmoud/airflow_env/lib/python3.10/site-packages/airflow/example_dags/example_branch_operator.py
[2024-01-14T15:45:07.982+0200] {processor.py:830} INFO - Processing file /home/mahmoud/airflow_env/lib/python3.10/site-packages/airflow/example_dags/example_branch_operator.py for tasks to queue
[2024-01-14T15:45:07.983+0200] {logging_mixin.py:188} INFO - [2024-01-14T15:45:07.983+0200] {dagbag.py:538} INFO - Filling up the DagBag from /home/mahmoud/airflow_env/lib/python3.10/site-packages/airflow/example_dags/example_branch_operator.py
[2024-01-14T15:45:08.000+0200] {processor.py:840} INFO - DAG(s) 'example_branch_operator' retrieved from /home/mahmoud/airflow_env/lib/python3.10/site-packages/airflow/example_dags/example_branch_operator.py
[2024-01-14T15:45:08.016+0200] {logging_mixin.py:188} INFO - [2024-01-14T15:45:08.016+0200] {dag.py:3033} INFO - Sync 1 DAGs
[2024-01-14T15:45:08.033+0200] {logging_mixin.py:188} INFO - [2024-01-14T15:45:08.033+0200] {dag.py:3820} INFO - Setting next_dagrun for example_branch_operator to 2024-01-14T00:00:00+00:00, run_after=2024-01-15T00:00:00+00:00
[2024-01-14T15:45:08.069+0200] {processor.py:183} INFO - Processing /home/mahmoud/airflow_env/lib/python3.10/site-packages/airflow/example_dags/example_branch_operator.py took 0.090 seconds
[2024-01-14T15:45:59.505+0200] {processor.py:161} INFO - Started process (PID=27915) to work on /home/mahmoud/airflow_env/lib/python3.10/site-packages/airflow/example_dags/example_branch_operator.py
[2024-01-14T15:45:59.507+0200] {processor.py:830} INFO - Processing file /home/mahmoud/airflow_env/lib/python3.10/site-packages/airflow/example_dags/example_branch_operator.py for tasks to queue
[2024-01-14T15:45:59.508+0200] {logging_mixin.py:188} INFO - [2024-01-14T15:45:59.508+0200] {dagbag.py:538} INFO - Filling up the DagBag from /home/mahmoud/airflow_env/lib/python3.10/site-packages/airflow/example_dags/example_branch_operator.py
[2024-01-14T15:45:59.525+0200] {processor.py:840} INFO - DAG(s) 'example_branch_operator' retrieved from /home/mahmoud/airflow_env/lib/python3.10/site-packages/airflow/example_dags/example_branch_operator.py
[2024-01-14T15:45:59.544+0200] {logging_mixin.py:188} INFO - [2024-01-14T15:45:59.544+0200] {dag.py:3033} INFO - Sync 1 DAGs
[2024-01-14T15:45:59.563+0200] {logging_mixin.py:188} INFO - [2024-01-14T15:45:59.563+0200] {dag.py:3820} INFO - Setting next_dagrun for example_branch_operator to 2024-01-14T00:00:00+00:00, run_after=2024-01-15T00:00:00+00:00
[2024-01-14T15:45:59.587+0200] {processor.py:183} INFO - Processing /home/mahmoud/airflow_env/lib/python3.10/site-packages/airflow/example_dags/example_branch_operator.py took 0.085 seconds
[2024-01-14T15:46:53.777+0200] {processor.py:161} INFO - Started process (PID=28133) to work on /home/mahmoud/airflow_env/lib/python3.10/site-packages/airflow/example_dags/example_branch_operator.py
[2024-01-14T15:46:53.779+0200] {processor.py:830} INFO - Processing file /home/mahmoud/airflow_env/lib/python3.10/site-packages/airflow/example_dags/example_branch_operator.py for tasks to queue
[2024-01-14T15:46:53.779+0200] {logging_mixin.py:188} INFO - [2024-01-14T15:46:53.779+0200] {dagbag.py:538} INFO - Filling up the DagBag from /home/mahmoud/airflow_env/lib/python3.10/site-packages/airflow/example_dags/example_branch_operator.py
[2024-01-14T15:46:53.794+0200] {processor.py:840} INFO - DAG(s) 'example_branch_operator' retrieved from /home/mahmoud/airflow_env/lib/python3.10/site-packages/airflow/example_dags/example_branch_operator.py
[2024-01-14T15:46:53.811+0200] {logging_mixin.py:188} INFO - [2024-01-14T15:46:53.811+0200] {dag.py:3033} INFO - Sync 1 DAGs
[2024-01-14T15:46:53.833+0200] {logging_mixin.py:188} INFO - [2024-01-14T15:46:53.832+0200] {dag.py:3820} INFO - Setting next_dagrun for example_branch_operator to 2024-01-14T00:00:00+00:00, run_after=2024-01-15T00:00:00+00:00
[2024-01-14T15:46:53.852+0200] {processor.py:183} INFO - Processing /home/mahmoud/airflow_env/lib/python3.10/site-packages/airflow/example_dags/example_branch_operator.py took 0.078 seconds
[2024-01-14T15:47:46.498+0200] {processor.py:161} INFO - Started process (PID=28431) to work on /home/mahmoud/airflow_env/lib/python3.10/site-packages/airflow/example_dags/example_branch_operator.py
[2024-01-14T15:47:46.500+0200] {processor.py:830} INFO - Processing file /home/mahmoud/airflow_env/lib/python3.10/site-packages/airflow/example_dags/example_branch_operator.py for tasks to queue
[2024-01-14T15:47:46.501+0200] {logging_mixin.py:188} INFO - [2024-01-14T15:47:46.500+0200] {dagbag.py:538} INFO - Filling up the DagBag from /home/mahmoud/airflow_env/lib/python3.10/site-packages/airflow/example_dags/example_branch_operator.py
[2024-01-14T15:47:46.516+0200] {processor.py:840} INFO - DAG(s) 'example_branch_operator' retrieved from /home/mahmoud/airflow_env/lib/python3.10/site-packages/airflow/example_dags/example_branch_operator.py
[2024-01-14T15:47:46.535+0200] {logging_mixin.py:188} INFO - [2024-01-14T15:47:46.535+0200] {dag.py:3033} INFO - Sync 1 DAGs
[2024-01-14T15:47:46.551+0200] {logging_mixin.py:188} INFO - [2024-01-14T15:47:46.551+0200] {dag.py:3820} INFO - Setting next_dagrun for example_branch_operator to 2024-01-14T00:00:00+00:00, run_after=2024-01-15T00:00:00+00:00
[2024-01-14T15:47:46.571+0200] {processor.py:183} INFO - Processing /home/mahmoud/airflow_env/lib/python3.10/site-packages/airflow/example_dags/example_branch_operator.py took 0.076 seconds
[2024-01-14T15:48:39.605+0200] {processor.py:161} INFO - Started process (PID=28641) to work on /home/mahmoud/airflow_env/lib/python3.10/site-packages/airflow/example_dags/example_branch_operator.py
[2024-01-14T15:48:39.607+0200] {processor.py:830} INFO - Processing file /home/mahmoud/airflow_env/lib/python3.10/site-packages/airflow/example_dags/example_branch_operator.py for tasks to queue
[2024-01-14T15:48:39.608+0200] {logging_mixin.py:188} INFO - [2024-01-14T15:48:39.608+0200] {dagbag.py:538} INFO - Filling up the DagBag from /home/mahmoud/airflow_env/lib/python3.10/site-packages/airflow/example_dags/example_branch_operator.py
[2024-01-14T15:48:39.628+0200] {processor.py:840} INFO - DAG(s) 'example_branch_operator' retrieved from /home/mahmoud/airflow_env/lib/python3.10/site-packages/airflow/example_dags/example_branch_operator.py
[2024-01-14T15:48:39.647+0200] {logging_mixin.py:188} INFO - [2024-01-14T15:48:39.647+0200] {dag.py:3033} INFO - Sync 1 DAGs
[2024-01-14T15:48:39.663+0200] {logging_mixin.py:188} INFO - [2024-01-14T15:48:39.663+0200] {dag.py:3820} INFO - Setting next_dagrun for example_branch_operator to 2024-01-14T00:00:00+00:00, run_after=2024-01-15T00:00:00+00:00
[2024-01-14T15:48:39.684+0200] {processor.py:183} INFO - Processing /home/mahmoud/airflow_env/lib/python3.10/site-packages/airflow/example_dags/example_branch_operator.py took 0.082 seconds
[2024-01-14T15:49:34.882+0200] {processor.py:161} INFO - Started process (PID=28859) to work on /home/mahmoud/airflow_env/lib/python3.10/site-packages/airflow/example_dags/example_branch_operator.py
[2024-01-14T15:49:34.884+0200] {processor.py:830} INFO - Processing file /home/mahmoud/airflow_env/lib/python3.10/site-packages/airflow/example_dags/example_branch_operator.py for tasks to queue
[2024-01-14T15:49:34.885+0200] {logging_mixin.py:188} INFO - [2024-01-14T15:49:34.885+0200] {dagbag.py:538} INFO - Filling up the DagBag from /home/mahmoud/airflow_env/lib/python3.10/site-packages/airflow/example_dags/example_branch_operator.py
[2024-01-14T15:49:34.901+0200] {processor.py:840} INFO - DAG(s) 'example_branch_operator' retrieved from /home/mahmoud/airflow_env/lib/python3.10/site-packages/airflow/example_dags/example_branch_operator.py
[2024-01-14T15:49:34.920+0200] {logging_mixin.py:188} INFO - [2024-01-14T15:49:34.920+0200] {dag.py:3033} INFO - Sync 1 DAGs
[2024-01-14T15:49:34.937+0200] {logging_mixin.py:188} INFO - [2024-01-14T15:49:34.937+0200] {dag.py:3820} INFO - Setting next_dagrun for example_branch_operator to 2024-01-14T00:00:00+00:00, run_after=2024-01-15T00:00:00+00:00
[2024-01-14T15:49:34.958+0200] {processor.py:183} INFO - Processing /home/mahmoud/airflow_env/lib/python3.10/site-packages/airflow/example_dags/example_branch_operator.py took 0.079 seconds
[2024-01-14T15:50:24.399+0200] {processor.py:161} INFO - Started process (PID=29057) to work on /home/mahmoud/airflow_env/lib/python3.10/site-packages/airflow/example_dags/example_branch_operator.py
[2024-01-14T15:50:24.400+0200] {processor.py:830} INFO - Processing file /home/mahmoud/airflow_env/lib/python3.10/site-packages/airflow/example_dags/example_branch_operator.py for tasks to queue
[2024-01-14T15:50:24.401+0200] {logging_mixin.py:188} INFO - [2024-01-14T15:50:24.401+0200] {dagbag.py:538} INFO - Filling up the DagBag from /home/mahmoud/airflow_env/lib/python3.10/site-packages/airflow/example_dags/example_branch_operator.py
[2024-01-14T15:50:24.419+0200] {processor.py:840} INFO - DAG(s) 'example_branch_operator' retrieved from /home/mahmoud/airflow_env/lib/python3.10/site-packages/airflow/example_dags/example_branch_operator.py
[2024-01-14T15:50:24.439+0200] {logging_mixin.py:188} INFO - [2024-01-14T15:50:24.438+0200] {dag.py:3033} INFO - Sync 1 DAGs
[2024-01-14T15:50:24.456+0200] {logging_mixin.py:188} INFO - [2024-01-14T15:50:24.456+0200] {dag.py:3820} INFO - Setting next_dagrun for example_branch_operator to 2024-01-14T00:00:00+00:00, run_after=2024-01-15T00:00:00+00:00
[2024-01-14T15:50:24.475+0200] {processor.py:183} INFO - Processing /home/mahmoud/airflow_env/lib/python3.10/site-packages/airflow/example_dags/example_branch_operator.py took 0.080 seconds
[2024-01-14T15:51:17.346+0200] {processor.py:161} INFO - Started process (PID=29267) to work on /home/mahmoud/airflow_env/lib/python3.10/site-packages/airflow/example_dags/example_branch_operator.py
[2024-01-14T15:51:17.349+0200] {processor.py:830} INFO - Processing file /home/mahmoud/airflow_env/lib/python3.10/site-packages/airflow/example_dags/example_branch_operator.py for tasks to queue
[2024-01-14T15:51:17.350+0200] {logging_mixin.py:188} INFO - [2024-01-14T15:51:17.350+0200] {dagbag.py:538} INFO - Filling up the DagBag from /home/mahmoud/airflow_env/lib/python3.10/site-packages/airflow/example_dags/example_branch_operator.py
[2024-01-14T15:51:17.370+0200] {processor.py:840} INFO - DAG(s) 'example_branch_operator' retrieved from /home/mahmoud/airflow_env/lib/python3.10/site-packages/airflow/example_dags/example_branch_operator.py
[2024-01-14T15:51:17.388+0200] {logging_mixin.py:188} INFO - [2024-01-14T15:51:17.388+0200] {dag.py:3033} INFO - Sync 1 DAGs
[2024-01-14T15:51:17.405+0200] {logging_mixin.py:188} INFO - [2024-01-14T15:51:17.405+0200] {dag.py:3820} INFO - Setting next_dagrun for example_branch_operator to 2024-01-14T00:00:00+00:00, run_after=2024-01-15T00:00:00+00:00
[2024-01-14T15:51:17.425+0200] {processor.py:183} INFO - Processing /home/mahmoud/airflow_env/lib/python3.10/site-packages/airflow/example_dags/example_branch_operator.py took 0.083 seconds
[2024-01-14T15:52:10.043+0200] {processor.py:161} INFO - Started process (PID=29472) to work on /home/mahmoud/airflow_env/lib/python3.10/site-packages/airflow/example_dags/example_branch_operator.py
[2024-01-14T15:52:10.045+0200] {processor.py:830} INFO - Processing file /home/mahmoud/airflow_env/lib/python3.10/site-packages/airflow/example_dags/example_branch_operator.py for tasks to queue
[2024-01-14T15:52:10.045+0200] {logging_mixin.py:188} INFO - [2024-01-14T15:52:10.045+0200] {dagbag.py:538} INFO - Filling up the DagBag from /home/mahmoud/airflow_env/lib/python3.10/site-packages/airflow/example_dags/example_branch_operator.py
[2024-01-14T15:52:10.062+0200] {processor.py:840} INFO - DAG(s) 'example_branch_operator' retrieved from /home/mahmoud/airflow_env/lib/python3.10/site-packages/airflow/example_dags/example_branch_operator.py
[2024-01-14T15:52:10.081+0200] {logging_mixin.py:188} INFO - [2024-01-14T15:52:10.081+0200] {dag.py:3033} INFO - Sync 1 DAGs
[2024-01-14T15:52:10.100+0200] {logging_mixin.py:188} INFO - [2024-01-14T15:52:10.099+0200] {dag.py:3820} INFO - Setting next_dagrun for example_branch_operator to 2024-01-14T00:00:00+00:00, run_after=2024-01-15T00:00:00+00:00
[2024-01-14T15:52:10.121+0200] {processor.py:183} INFO - Processing /home/mahmoud/airflow_env/lib/python3.10/site-packages/airflow/example_dags/example_branch_operator.py took 0.081 seconds
[2024-01-14T15:52:59.137+0200] {processor.py:161} INFO - Started process (PID=29696) to work on /home/mahmoud/airflow_env/lib/python3.10/site-packages/airflow/example_dags/example_branch_operator.py
[2024-01-14T15:52:59.139+0200] {processor.py:830} INFO - Processing file /home/mahmoud/airflow_env/lib/python3.10/site-packages/airflow/example_dags/example_branch_operator.py for tasks to queue
[2024-01-14T15:52:59.140+0200] {logging_mixin.py:188} INFO - [2024-01-14T15:52:59.140+0200] {dagbag.py:538} INFO - Filling up the DagBag from /home/mahmoud/airflow_env/lib/python3.10/site-packages/airflow/example_dags/example_branch_operator.py
[2024-01-14T15:52:59.157+0200] {processor.py:840} INFO - DAG(s) 'example_branch_operator' retrieved from /home/mahmoud/airflow_env/lib/python3.10/site-packages/airflow/example_dags/example_branch_operator.py
[2024-01-14T15:52:59.177+0200] {logging_mixin.py:188} INFO - [2024-01-14T15:52:59.177+0200] {dag.py:3033} INFO - Sync 1 DAGs
[2024-01-14T15:52:59.196+0200] {logging_mixin.py:188} INFO - [2024-01-14T15:52:59.195+0200] {dag.py:3820} INFO - Setting next_dagrun for example_branch_operator to 2024-01-14T00:00:00+00:00, run_after=2024-01-15T00:00:00+00:00
[2024-01-14T15:52:59.217+0200] {processor.py:183} INFO - Processing /home/mahmoud/airflow_env/lib/python3.10/site-packages/airflow/example_dags/example_branch_operator.py took 0.082 seconds
[2024-01-14T15:53:53.817+0200] {processor.py:161} INFO - Started process (PID=29915) to work on /home/mahmoud/airflow_env/lib/python3.10/site-packages/airflow/example_dags/example_branch_operator.py
[2024-01-14T15:53:53.822+0200] {processor.py:830} INFO - Processing file /home/mahmoud/airflow_env/lib/python3.10/site-packages/airflow/example_dags/example_branch_operator.py for tasks to queue
[2024-01-14T15:53:53.825+0200] {logging_mixin.py:188} INFO - [2024-01-14T15:53:53.824+0200] {dagbag.py:538} INFO - Filling up the DagBag from /home/mahmoud/airflow_env/lib/python3.10/site-packages/airflow/example_dags/example_branch_operator.py
[2024-01-14T15:53:53.892+0200] {processor.py:840} INFO - DAG(s) 'example_branch_operator' retrieved from /home/mahmoud/airflow_env/lib/python3.10/site-packages/airflow/example_dags/example_branch_operator.py
[2024-01-14T15:53:53.976+0200] {logging_mixin.py:188} INFO - [2024-01-14T15:53:53.975+0200] {dag.py:3033} INFO - Sync 1 DAGs
[2024-01-14T15:53:54.069+0200] {logging_mixin.py:188} INFO - [2024-01-14T15:53:54.068+0200] {dag.py:3820} INFO - Setting next_dagrun for example_branch_operator to 2024-01-14T00:00:00+00:00, run_after=2024-01-15T00:00:00+00:00
[2024-01-14T15:53:54.158+0200] {processor.py:183} INFO - Processing /home/mahmoud/airflow_env/lib/python3.10/site-packages/airflow/example_dags/example_branch_operator.py took 0.352 seconds
[2024-01-14T15:54:57.361+0200] {processor.py:161} INFO - Started process (PID=30123) to work on /home/mahmoud/airflow_env/lib/python3.10/site-packages/airflow/example_dags/example_branch_operator.py
[2024-01-14T15:54:57.366+0200] {processor.py:830} INFO - Processing file /home/mahmoud/airflow_env/lib/python3.10/site-packages/airflow/example_dags/example_branch_operator.py for tasks to queue
[2024-01-14T15:54:57.369+0200] {logging_mixin.py:188} INFO - [2024-01-14T15:54:57.368+0200] {dagbag.py:538} INFO - Filling up the DagBag from /home/mahmoud/airflow_env/lib/python3.10/site-packages/airflow/example_dags/example_branch_operator.py
[2024-01-14T15:54:57.449+0200] {processor.py:840} INFO - DAG(s) 'example_branch_operator' retrieved from /home/mahmoud/airflow_env/lib/python3.10/site-packages/airflow/example_dags/example_branch_operator.py
[2024-01-14T15:54:57.550+0200] {logging_mixin.py:188} INFO - [2024-01-14T15:54:57.549+0200] {dag.py:3033} INFO - Sync 1 DAGs
[2024-01-14T15:54:57.650+0200] {logging_mixin.py:188} INFO - [2024-01-14T15:54:57.649+0200] {dag.py:3820} INFO - Setting next_dagrun for example_branch_operator to 2024-01-14T00:00:00+00:00, run_after=2024-01-15T00:00:00+00:00
[2024-01-14T15:54:57.741+0200] {processor.py:183} INFO - Processing /home/mahmoud/airflow_env/lib/python3.10/site-packages/airflow/example_dags/example_branch_operator.py took 0.393 seconds
[2024-01-14T15:56:03.229+0200] {processor.py:161} INFO - Started process (PID=30356) to work on /home/mahmoud/airflow_env/lib/python3.10/site-packages/airflow/example_dags/example_branch_operator.py
[2024-01-14T15:56:03.233+0200] {processor.py:830} INFO - Processing file /home/mahmoud/airflow_env/lib/python3.10/site-packages/airflow/example_dags/example_branch_operator.py for tasks to queue
[2024-01-14T15:56:03.236+0200] {logging_mixin.py:188} INFO - [2024-01-14T15:56:03.234+0200] {dagbag.py:538} INFO - Filling up the DagBag from /home/mahmoud/airflow_env/lib/python3.10/site-packages/airflow/example_dags/example_branch_operator.py
[2024-01-14T15:56:03.295+0200] {processor.py:840} INFO - DAG(s) 'example_branch_operator' retrieved from /home/mahmoud/airflow_env/lib/python3.10/site-packages/airflow/example_dags/example_branch_operator.py
[2024-01-14T15:56:03.366+0200] {logging_mixin.py:188} INFO - [2024-01-14T15:56:03.366+0200] {dag.py:3033} INFO - Sync 1 DAGs
[2024-01-14T15:56:03.436+0200] {logging_mixin.py:188} INFO - [2024-01-14T15:56:03.436+0200] {dag.py:3820} INFO - Setting next_dagrun for example_branch_operator to 2024-01-14T00:00:00+00:00, run_after=2024-01-15T00:00:00+00:00
[2024-01-14T15:56:03.503+0200] {processor.py:183} INFO - Processing /home/mahmoud/airflow_env/lib/python3.10/site-packages/airflow/example_dags/example_branch_operator.py took 0.284 seconds
[2024-01-14T15:57:01.717+0200] {processor.py:161} INFO - Started process (PID=30561) to work on /home/mahmoud/airflow_env/lib/python3.10/site-packages/airflow/example_dags/example_branch_operator.py
[2024-01-14T15:57:01.721+0200] {processor.py:830} INFO - Processing file /home/mahmoud/airflow_env/lib/python3.10/site-packages/airflow/example_dags/example_branch_operator.py for tasks to queue
[2024-01-14T15:57:01.724+0200] {logging_mixin.py:188} INFO - [2024-01-14T15:57:01.723+0200] {dagbag.py:538} INFO - Filling up the DagBag from /home/mahmoud/airflow_env/lib/python3.10/site-packages/airflow/example_dags/example_branch_operator.py
[2024-01-14T15:57:01.782+0200] {processor.py:840} INFO - DAG(s) 'example_branch_operator' retrieved from /home/mahmoud/airflow_env/lib/python3.10/site-packages/airflow/example_dags/example_branch_operator.py
[2024-01-14T15:57:01.851+0200] {logging_mixin.py:188} INFO - [2024-01-14T15:57:01.851+0200] {dag.py:3033} INFO - Sync 1 DAGs
[2024-01-14T15:57:01.922+0200] {logging_mixin.py:188} INFO - [2024-01-14T15:57:01.921+0200] {dag.py:3820} INFO - Setting next_dagrun for example_branch_operator to 2024-01-14T00:00:00+00:00, run_after=2024-01-15T00:00:00+00:00
[2024-01-14T15:57:01.988+0200] {processor.py:183} INFO - Processing /home/mahmoud/airflow_env/lib/python3.10/site-packages/airflow/example_dags/example_branch_operator.py took 0.281 seconds
[2024-01-14T15:57:54.331+0200] {processor.py:161} INFO - Started process (PID=30780) to work on /home/mahmoud/airflow_env/lib/python3.10/site-packages/airflow/example_dags/example_branch_operator.py
[2024-01-14T15:57:54.332+0200] {processor.py:830} INFO - Processing file /home/mahmoud/airflow_env/lib/python3.10/site-packages/airflow/example_dags/example_branch_operator.py for tasks to queue
[2024-01-14T15:57:54.333+0200] {logging_mixin.py:188} INFO - [2024-01-14T15:57:54.333+0200] {dagbag.py:538} INFO - Filling up the DagBag from /home/mahmoud/airflow_env/lib/python3.10/site-packages/airflow/example_dags/example_branch_operator.py
[2024-01-14T15:57:54.353+0200] {processor.py:840} INFO - DAG(s) 'example_branch_operator' retrieved from /home/mahmoud/airflow_env/lib/python3.10/site-packages/airflow/example_dags/example_branch_operator.py
[2024-01-14T15:57:54.373+0200] {logging_mixin.py:188} INFO - [2024-01-14T15:57:54.373+0200] {dag.py:3033} INFO - Sync 1 DAGs
[2024-01-14T15:57:54.391+0200] {logging_mixin.py:188} INFO - [2024-01-14T15:57:54.391+0200] {dag.py:3820} INFO - Setting next_dagrun for example_branch_operator to 2024-01-14T00:00:00+00:00, run_after=2024-01-15T00:00:00+00:00
[2024-01-14T15:57:54.411+0200] {processor.py:183} INFO - Processing /home/mahmoud/airflow_env/lib/python3.10/site-packages/airflow/example_dags/example_branch_operator.py took 0.085 seconds
