[2024-01-14T14:40:28.522+0200] {processor.py:161} INFO - Started process (PID=9681) to work on /home/mahmoud/airflow_env/lib/python3.10/site-packages/airflow/example_dags/tutorial_dag.py
[2024-01-14T14:40:28.523+0200] {processor.py:830} INFO - Processing file /home/mahmoud/airflow_env/lib/python3.10/site-packages/airflow/example_dags/tutorial_dag.py for tasks to queue
[2024-01-14T14:40:28.527+0200] {logging_mixin.py:188} INFO - [2024-01-14T14:40:28.524+0200] {dagbag.py:538} INFO - Filling up the DagBag from /home/mahmoud/airflow_env/lib/python3.10/site-packages/airflow/example_dags/tutorial_dag.py
[2024-01-14T14:40:28.543+0200] {processor.py:840} INFO - DAG(s) 'tutorial_dag' retrieved from /home/mahmoud/airflow_env/lib/python3.10/site-packages/airflow/example_dags/tutorial_dag.py
[2024-01-14T14:40:28.851+0200] {logging_mixin.py:188} INFO - [2024-01-14T14:40:28.850+0200] {override.py:1769} INFO - Created Permission View: can edit on DAG:tutorial_dag
[2024-01-14T14:40:28.863+0200] {logging_mixin.py:188} INFO - [2024-01-14T14:40:28.863+0200] {override.py:1769} INFO - Created Permission View: can read on DAG:tutorial_dag
[2024-01-14T14:40:28.871+0200] {logging_mixin.py:188} INFO - [2024-01-14T14:40:28.870+0200] {override.py:1769} INFO - Created Permission View: can delete on DAG:tutorial_dag
[2024-01-14T14:40:28.871+0200] {logging_mixin.py:188} INFO - [2024-01-14T14:40:28.871+0200] {dag.py:3033} INFO - Sync 1 DAGs
[2024-01-14T14:40:28.880+0200] {logging_mixin.py:188} INFO - [2024-01-14T14:40:28.880+0200] {dag.py:3055} INFO - Creating ORM DAG for tutorial_dag
[2024-01-14T14:40:28.880+0200] {logging_mixin.py:188} INFO - [2024-01-14T14:40:28.880+0200] {dag.py:3820} INFO - Setting next_dagrun for tutorial_dag to None, run_after=None
[2024-01-14T14:40:28.899+0200] {processor.py:183} INFO - Processing /home/mahmoud/airflow_env/lib/python3.10/site-packages/airflow/example_dags/tutorial_dag.py took 0.380 seconds
[2024-01-14T15:08:06.604+0200] {processor.py:161} INFO - Started process (PID=16048) to work on /home/mahmoud/airflow_env/lib/python3.10/site-packages/airflow/example_dags/tutorial_dag.py
[2024-01-14T15:08:06.607+0200] {processor.py:830} INFO - Processing file /home/mahmoud/airflow_env/lib/python3.10/site-packages/airflow/example_dags/tutorial_dag.py for tasks to queue
[2024-01-14T15:08:06.608+0200] {logging_mixin.py:188} INFO - [2024-01-14T15:08:06.607+0200] {dagbag.py:538} INFO - Filling up the DagBag from /home/mahmoud/airflow_env/lib/python3.10/site-packages/airflow/example_dags/tutorial_dag.py
[2024-01-14T15:08:06.617+0200] {processor.py:840} INFO - DAG(s) 'tutorial_dag' retrieved from /home/mahmoud/airflow_env/lib/python3.10/site-packages/airflow/example_dags/tutorial_dag.py
[2024-01-14T15:08:06.628+0200] {logging_mixin.py:188} INFO - [2024-01-14T15:08:06.628+0200] {dag.py:3033} INFO - Sync 1 DAGs
[2024-01-14T15:08:06.636+0200] {logging_mixin.py:188} INFO - [2024-01-14T15:08:06.636+0200] {dag.py:3820} INFO - Setting next_dagrun for tutorial_dag to None, run_after=None
[2024-01-14T15:08:06.655+0200] {processor.py:183} INFO - Processing /home/mahmoud/airflow_env/lib/python3.10/site-packages/airflow/example_dags/tutorial_dag.py took 0.056 seconds
[2024-01-14T15:08:59.568+0200] {processor.py:161} INFO - Started process (PID=16323) to work on /home/mahmoud/airflow_env/lib/python3.10/site-packages/airflow/example_dags/tutorial_dag.py
[2024-01-14T15:08:59.570+0200] {processor.py:830} INFO - Processing file /home/mahmoud/airflow_env/lib/python3.10/site-packages/airflow/example_dags/tutorial_dag.py for tasks to queue
[2024-01-14T15:08:59.571+0200] {logging_mixin.py:188} INFO - [2024-01-14T15:08:59.571+0200] {dagbag.py:538} INFO - Filling up the DagBag from /home/mahmoud/airflow_env/lib/python3.10/site-packages/airflow/example_dags/tutorial_dag.py
[2024-01-14T15:08:59.580+0200] {processor.py:840} INFO - DAG(s) 'tutorial_dag' retrieved from /home/mahmoud/airflow_env/lib/python3.10/site-packages/airflow/example_dags/tutorial_dag.py
[2024-01-14T15:08:59.600+0200] {logging_mixin.py:188} INFO - [2024-01-14T15:08:59.600+0200] {dag.py:3033} INFO - Sync 1 DAGs
[2024-01-14T15:08:59.613+0200] {logging_mixin.py:188} INFO - [2024-01-14T15:08:59.612+0200] {dag.py:3820} INFO - Setting next_dagrun for tutorial_dag to None, run_after=None
[2024-01-14T15:08:59.635+0200] {processor.py:183} INFO - Processing /home/mahmoud/airflow_env/lib/python3.10/site-packages/airflow/example_dags/tutorial_dag.py took 0.073 seconds
[2024-01-14T15:09:41.002+0200] {processor.py:161} INFO - Started process (PID=16591) to work on /home/mahmoud/airflow_env/lib/python3.10/site-packages/airflow/example_dags/tutorial_dag.py
[2024-01-14T15:09:41.004+0200] {processor.py:830} INFO - Processing file /home/mahmoud/airflow_env/lib/python3.10/site-packages/airflow/example_dags/tutorial_dag.py for tasks to queue
[2024-01-14T15:09:41.005+0200] {logging_mixin.py:188} INFO - [2024-01-14T15:09:41.005+0200] {dagbag.py:538} INFO - Filling up the DagBag from /home/mahmoud/airflow_env/lib/python3.10/site-packages/airflow/example_dags/tutorial_dag.py
[2024-01-14T15:09:41.011+0200] {processor.py:840} INFO - DAG(s) 'tutorial_dag' retrieved from /home/mahmoud/airflow_env/lib/python3.10/site-packages/airflow/example_dags/tutorial_dag.py
[2024-01-14T15:09:41.027+0200] {logging_mixin.py:188} INFO - [2024-01-14T15:09:41.027+0200] {dag.py:3033} INFO - Sync 1 DAGs
[2024-01-14T15:09:41.038+0200] {logging_mixin.py:188} INFO - [2024-01-14T15:09:41.038+0200] {dag.py:3820} INFO - Setting next_dagrun for tutorial_dag to None, run_after=None
[2024-01-14T15:09:41.060+0200] {processor.py:183} INFO - Processing /home/mahmoud/airflow_env/lib/python3.10/site-packages/airflow/example_dags/tutorial_dag.py took 0.064 seconds
[2024-01-14T15:10:19.296+0200] {processor.py:161} INFO - Started process (PID=16750) to work on /home/mahmoud/airflow_env/lib/python3.10/site-packages/airflow/example_dags/tutorial_dag.py
[2024-01-14T15:10:19.299+0200] {processor.py:830} INFO - Processing file /home/mahmoud/airflow_env/lib/python3.10/site-packages/airflow/example_dags/tutorial_dag.py for tasks to queue
[2024-01-14T15:10:19.300+0200] {logging_mixin.py:188} INFO - [2024-01-14T15:10:19.299+0200] {dagbag.py:538} INFO - Filling up the DagBag from /home/mahmoud/airflow_env/lib/python3.10/site-packages/airflow/example_dags/tutorial_dag.py
[2024-01-14T15:10:19.306+0200] {processor.py:840} INFO - DAG(s) 'tutorial_dag' retrieved from /home/mahmoud/airflow_env/lib/python3.10/site-packages/airflow/example_dags/tutorial_dag.py
[2024-01-14T15:10:19.321+0200] {logging_mixin.py:188} INFO - [2024-01-14T15:10:19.321+0200] {dag.py:3033} INFO - Sync 1 DAGs
[2024-01-14T15:10:19.331+0200] {logging_mixin.py:188} INFO - [2024-01-14T15:10:19.331+0200] {dag.py:3820} INFO - Setting next_dagrun for tutorial_dag to None, run_after=None
[2024-01-14T15:10:19.356+0200] {processor.py:183} INFO - Processing /home/mahmoud/airflow_env/lib/python3.10/site-packages/airflow/example_dags/tutorial_dag.py took 0.064 seconds
[2024-01-14T15:10:58.762+0200] {processor.py:161} INFO - Started process (PID=16910) to work on /home/mahmoud/airflow_env/lib/python3.10/site-packages/airflow/example_dags/tutorial_dag.py
[2024-01-14T15:10:58.764+0200] {processor.py:830} INFO - Processing file /home/mahmoud/airflow_env/lib/python3.10/site-packages/airflow/example_dags/tutorial_dag.py for tasks to queue
[2024-01-14T15:10:58.765+0200] {logging_mixin.py:188} INFO - [2024-01-14T15:10:58.765+0200] {dagbag.py:538} INFO - Filling up the DagBag from /home/mahmoud/airflow_env/lib/python3.10/site-packages/airflow/example_dags/tutorial_dag.py
[2024-01-14T15:10:58.772+0200] {processor.py:840} INFO - DAG(s) 'tutorial_dag' retrieved from /home/mahmoud/airflow_env/lib/python3.10/site-packages/airflow/example_dags/tutorial_dag.py
[2024-01-14T15:10:58.787+0200] {logging_mixin.py:188} INFO - [2024-01-14T15:10:58.787+0200] {dag.py:3033} INFO - Sync 1 DAGs
[2024-01-14T15:10:58.797+0200] {logging_mixin.py:188} INFO - [2024-01-14T15:10:58.797+0200] {dag.py:3820} INFO - Setting next_dagrun for tutorial_dag to None, run_after=None
[2024-01-14T15:10:58.824+0200] {processor.py:183} INFO - Processing /home/mahmoud/airflow_env/lib/python3.10/site-packages/airflow/example_dags/tutorial_dag.py took 0.066 seconds
[2024-01-14T15:11:36.627+0200] {processor.py:161} INFO - Started process (PID=17056) to work on /home/mahmoud/airflow_env/lib/python3.10/site-packages/airflow/example_dags/tutorial_dag.py
[2024-01-14T15:11:36.628+0200] {processor.py:830} INFO - Processing file /home/mahmoud/airflow_env/lib/python3.10/site-packages/airflow/example_dags/tutorial_dag.py for tasks to queue
[2024-01-14T15:11:36.630+0200] {logging_mixin.py:188} INFO - [2024-01-14T15:11:36.629+0200] {dagbag.py:538} INFO - Filling up the DagBag from /home/mahmoud/airflow_env/lib/python3.10/site-packages/airflow/example_dags/tutorial_dag.py
[2024-01-14T15:11:36.639+0200] {processor.py:840} INFO - DAG(s) 'tutorial_dag' retrieved from /home/mahmoud/airflow_env/lib/python3.10/site-packages/airflow/example_dags/tutorial_dag.py
[2024-01-14T15:11:36.659+0200] {logging_mixin.py:188} INFO - [2024-01-14T15:11:36.659+0200] {dag.py:3033} INFO - Sync 1 DAGs
[2024-01-14T15:11:36.670+0200] {logging_mixin.py:188} INFO - [2024-01-14T15:11:36.670+0200] {dag.py:3820} INFO - Setting next_dagrun for tutorial_dag to None, run_after=None
[2024-01-14T15:11:36.695+0200] {processor.py:183} INFO - Processing /home/mahmoud/airflow_env/lib/python3.10/site-packages/airflow/example_dags/tutorial_dag.py took 0.074 seconds
[2024-01-14T15:12:14.470+0200] {processor.py:161} INFO - Started process (PID=17245) to work on /home/mahmoud/airflow_env/lib/python3.10/site-packages/airflow/example_dags/tutorial_dag.py
[2024-01-14T15:12:14.473+0200] {processor.py:830} INFO - Processing file /home/mahmoud/airflow_env/lib/python3.10/site-packages/airflow/example_dags/tutorial_dag.py for tasks to queue
[2024-01-14T15:12:14.474+0200] {logging_mixin.py:188} INFO - [2024-01-14T15:12:14.473+0200] {dagbag.py:538} INFO - Filling up the DagBag from /home/mahmoud/airflow_env/lib/python3.10/site-packages/airflow/example_dags/tutorial_dag.py
[2024-01-14T15:12:14.479+0200] {processor.py:840} INFO - DAG(s) 'tutorial_dag' retrieved from /home/mahmoud/airflow_env/lib/python3.10/site-packages/airflow/example_dags/tutorial_dag.py
[2024-01-14T15:12:14.494+0200] {logging_mixin.py:188} INFO - [2024-01-14T15:12:14.494+0200] {dag.py:3033} INFO - Sync 1 DAGs
[2024-01-14T15:12:14.505+0200] {logging_mixin.py:188} INFO - [2024-01-14T15:12:14.504+0200] {dag.py:3820} INFO - Setting next_dagrun for tutorial_dag to None, run_after=None
[2024-01-14T15:12:14.527+0200] {processor.py:183} INFO - Processing /home/mahmoud/airflow_env/lib/python3.10/site-packages/airflow/example_dags/tutorial_dag.py took 0.060 seconds
[2024-01-14T15:12:49.439+0200] {processor.py:161} INFO - Started process (PID=17383) to work on /home/mahmoud/airflow_env/lib/python3.10/site-packages/airflow/example_dags/tutorial_dag.py
[2024-01-14T15:12:49.440+0200] {processor.py:830} INFO - Processing file /home/mahmoud/airflow_env/lib/python3.10/site-packages/airflow/example_dags/tutorial_dag.py for tasks to queue
[2024-01-14T15:12:49.441+0200] {logging_mixin.py:188} INFO - [2024-01-14T15:12:49.440+0200] {dagbag.py:538} INFO - Filling up the DagBag from /home/mahmoud/airflow_env/lib/python3.10/site-packages/airflow/example_dags/tutorial_dag.py
[2024-01-14T15:12:49.445+0200] {processor.py:840} INFO - DAG(s) 'tutorial_dag' retrieved from /home/mahmoud/airflow_env/lib/python3.10/site-packages/airflow/example_dags/tutorial_dag.py
[2024-01-14T15:12:49.458+0200] {logging_mixin.py:188} INFO - [2024-01-14T15:12:49.458+0200] {dag.py:3033} INFO - Sync 1 DAGs
[2024-01-14T15:12:49.467+0200] {logging_mixin.py:188} INFO - [2024-01-14T15:12:49.467+0200] {dag.py:3820} INFO - Setting next_dagrun for tutorial_dag to None, run_after=None
[2024-01-14T15:12:49.492+0200] {processor.py:183} INFO - Processing /home/mahmoud/airflow_env/lib/python3.10/site-packages/airflow/example_dags/tutorial_dag.py took 0.055 seconds
[2024-01-14T15:13:25.608+0200] {processor.py:161} INFO - Started process (PID=17554) to work on /home/mahmoud/airflow_env/lib/python3.10/site-packages/airflow/example_dags/tutorial_dag.py
[2024-01-14T15:13:25.610+0200] {processor.py:830} INFO - Processing file /home/mahmoud/airflow_env/lib/python3.10/site-packages/airflow/example_dags/tutorial_dag.py for tasks to queue
[2024-01-14T15:13:25.612+0200] {logging_mixin.py:188} INFO - [2024-01-14T15:13:25.611+0200] {dagbag.py:538} INFO - Filling up the DagBag from /home/mahmoud/airflow_env/lib/python3.10/site-packages/airflow/example_dags/tutorial_dag.py
[2024-01-14T15:13:25.619+0200] {processor.py:840} INFO - DAG(s) 'tutorial_dag' retrieved from /home/mahmoud/airflow_env/lib/python3.10/site-packages/airflow/example_dags/tutorial_dag.py
[2024-01-14T15:13:25.636+0200] {logging_mixin.py:188} INFO - [2024-01-14T15:13:25.635+0200] {dag.py:3033} INFO - Sync 1 DAGs
[2024-01-14T15:13:25.648+0200] {logging_mixin.py:188} INFO - [2024-01-14T15:13:25.648+0200] {dag.py:3820} INFO - Setting next_dagrun for tutorial_dag to None, run_after=None
[2024-01-14T15:13:25.674+0200] {processor.py:183} INFO - Processing /home/mahmoud/airflow_env/lib/python3.10/site-packages/airflow/example_dags/tutorial_dag.py took 0.071 seconds
[2024-01-14T15:19:51.377+0200] {processor.py:161} INFO - Started process (PID=19405) to work on /home/mahmoud/airflow_env/lib/python3.10/site-packages/airflow/example_dags/tutorial_dag.py
[2024-01-14T15:19:51.380+0200] {processor.py:830} INFO - Processing file /home/mahmoud/airflow_env/lib/python3.10/site-packages/airflow/example_dags/tutorial_dag.py for tasks to queue
[2024-01-14T15:19:51.381+0200] {logging_mixin.py:188} INFO - [2024-01-14T15:19:51.381+0200] {dagbag.py:538} INFO - Filling up the DagBag from /home/mahmoud/airflow_env/lib/python3.10/site-packages/airflow/example_dags/tutorial_dag.py
[2024-01-14T15:19:51.395+0200] {processor.py:840} INFO - DAG(s) 'tutorial_dag' retrieved from /home/mahmoud/airflow_env/lib/python3.10/site-packages/airflow/example_dags/tutorial_dag.py
[2024-01-14T15:19:51.414+0200] {logging_mixin.py:188} INFO - [2024-01-14T15:19:51.414+0200] {dag.py:3033} INFO - Sync 1 DAGs
[2024-01-14T15:19:51.425+0200] {logging_mixin.py:188} INFO - [2024-01-14T15:19:51.425+0200] {dag.py:3820} INFO - Setting next_dagrun for tutorial_dag to None, run_after=None
[2024-01-14T15:19:51.447+0200] {processor.py:183} INFO - Processing /home/mahmoud/airflow_env/lib/python3.10/site-packages/airflow/example_dags/tutorial_dag.py took 0.076 seconds
[2024-01-14T15:20:46.316+0200] {processor.py:161} INFO - Started process (PID=19642) to work on /home/mahmoud/airflow_env/lib/python3.10/site-packages/airflow/example_dags/tutorial_dag.py
[2024-01-14T15:20:46.318+0200] {processor.py:830} INFO - Processing file /home/mahmoud/airflow_env/lib/python3.10/site-packages/airflow/example_dags/tutorial_dag.py for tasks to queue
[2024-01-14T15:20:46.318+0200] {logging_mixin.py:188} INFO - [2024-01-14T15:20:46.318+0200] {dagbag.py:538} INFO - Filling up the DagBag from /home/mahmoud/airflow_env/lib/python3.10/site-packages/airflow/example_dags/tutorial_dag.py
[2024-01-14T15:20:46.323+0200] {processor.py:840} INFO - DAG(s) 'tutorial_dag' retrieved from /home/mahmoud/airflow_env/lib/python3.10/site-packages/airflow/example_dags/tutorial_dag.py
[2024-01-14T15:20:46.334+0200] {logging_mixin.py:188} INFO - [2024-01-14T15:20:46.334+0200] {dag.py:3033} INFO - Sync 1 DAGs
[2024-01-14T15:20:46.344+0200] {logging_mixin.py:188} INFO - [2024-01-14T15:20:46.344+0200] {dag.py:3820} INFO - Setting next_dagrun for tutorial_dag to None, run_after=None
[2024-01-14T15:20:46.367+0200] {processor.py:183} INFO - Processing /home/mahmoud/airflow_env/lib/python3.10/site-packages/airflow/example_dags/tutorial_dag.py took 0.053 seconds
[2024-01-14T15:21:26.387+0200] {processor.py:161} INFO - Started process (PID=19800) to work on /home/mahmoud/airflow_env/lib/python3.10/site-packages/airflow/example_dags/tutorial_dag.py
[2024-01-14T15:21:26.389+0200] {processor.py:830} INFO - Processing file /home/mahmoud/airflow_env/lib/python3.10/site-packages/airflow/example_dags/tutorial_dag.py for tasks to queue
[2024-01-14T15:21:26.391+0200] {logging_mixin.py:188} INFO - [2024-01-14T15:21:26.390+0200] {dagbag.py:538} INFO - Filling up the DagBag from /home/mahmoud/airflow_env/lib/python3.10/site-packages/airflow/example_dags/tutorial_dag.py
[2024-01-14T15:21:26.399+0200] {processor.py:840} INFO - DAG(s) 'tutorial_dag' retrieved from /home/mahmoud/airflow_env/lib/python3.10/site-packages/airflow/example_dags/tutorial_dag.py
[2024-01-14T15:21:26.415+0200] {logging_mixin.py:188} INFO - [2024-01-14T15:21:26.415+0200] {dag.py:3033} INFO - Sync 1 DAGs
[2024-01-14T15:21:26.425+0200] {logging_mixin.py:188} INFO - [2024-01-14T15:21:26.425+0200] {dag.py:3820} INFO - Setting next_dagrun for tutorial_dag to None, run_after=None
[2024-01-14T15:21:26.450+0200] {processor.py:183} INFO - Processing /home/mahmoud/airflow_env/lib/python3.10/site-packages/airflow/example_dags/tutorial_dag.py took 0.068 seconds
[2024-01-14T15:22:05.111+0200] {processor.py:161} INFO - Started process (PID=19953) to work on /home/mahmoud/airflow_env/lib/python3.10/site-packages/airflow/example_dags/tutorial_dag.py
[2024-01-14T15:22:05.113+0200] {processor.py:830} INFO - Processing file /home/mahmoud/airflow_env/lib/python3.10/site-packages/airflow/example_dags/tutorial_dag.py for tasks to queue
[2024-01-14T15:22:05.114+0200] {logging_mixin.py:188} INFO - [2024-01-14T15:22:05.113+0200] {dagbag.py:538} INFO - Filling up the DagBag from /home/mahmoud/airflow_env/lib/python3.10/site-packages/airflow/example_dags/tutorial_dag.py
[2024-01-14T15:22:05.120+0200] {processor.py:840} INFO - DAG(s) 'tutorial_dag' retrieved from /home/mahmoud/airflow_env/lib/python3.10/site-packages/airflow/example_dags/tutorial_dag.py
[2024-01-14T15:22:05.133+0200] {logging_mixin.py:188} INFO - [2024-01-14T15:22:05.133+0200] {dag.py:3033} INFO - Sync 1 DAGs
[2024-01-14T15:22:05.143+0200] {logging_mixin.py:188} INFO - [2024-01-14T15:22:05.143+0200] {dag.py:3820} INFO - Setting next_dagrun for tutorial_dag to None, run_after=None
[2024-01-14T15:22:05.166+0200] {processor.py:183} INFO - Processing /home/mahmoud/airflow_env/lib/python3.10/site-packages/airflow/example_dags/tutorial_dag.py took 0.059 seconds
[2024-01-14T15:22:41.411+0200] {processor.py:161} INFO - Started process (PID=20093) to work on /home/mahmoud/airflow_env/lib/python3.10/site-packages/airflow/example_dags/tutorial_dag.py
[2024-01-14T15:22:41.414+0200] {processor.py:830} INFO - Processing file /home/mahmoud/airflow_env/lib/python3.10/site-packages/airflow/example_dags/tutorial_dag.py for tasks to queue
[2024-01-14T15:22:41.415+0200] {logging_mixin.py:188} INFO - [2024-01-14T15:22:41.414+0200] {dagbag.py:538} INFO - Filling up the DagBag from /home/mahmoud/airflow_env/lib/python3.10/site-packages/airflow/example_dags/tutorial_dag.py
[2024-01-14T15:22:41.421+0200] {processor.py:840} INFO - DAG(s) 'tutorial_dag' retrieved from /home/mahmoud/airflow_env/lib/python3.10/site-packages/airflow/example_dags/tutorial_dag.py
[2024-01-14T15:22:41.437+0200] {logging_mixin.py:188} INFO - [2024-01-14T15:22:41.437+0200] {dag.py:3033} INFO - Sync 1 DAGs
[2024-01-14T15:22:41.449+0200] {logging_mixin.py:188} INFO - [2024-01-14T15:22:41.449+0200] {dag.py:3820} INFO - Setting next_dagrun for tutorial_dag to None, run_after=None
[2024-01-14T15:22:41.473+0200] {processor.py:183} INFO - Processing /home/mahmoud/airflow_env/lib/python3.10/site-packages/airflow/example_dags/tutorial_dag.py took 0.066 seconds
[2024-01-14T15:23:23.661+0200] {processor.py:161} INFO - Started process (PID=20368) to work on /home/mahmoud/airflow_env/lib/python3.10/site-packages/airflow/example_dags/tutorial_dag.py
[2024-01-14T15:23:23.663+0200] {processor.py:830} INFO - Processing file /home/mahmoud/airflow_env/lib/python3.10/site-packages/airflow/example_dags/tutorial_dag.py for tasks to queue
[2024-01-14T15:23:23.664+0200] {logging_mixin.py:188} INFO - [2024-01-14T15:23:23.664+0200] {dagbag.py:538} INFO - Filling up the DagBag from /home/mahmoud/airflow_env/lib/python3.10/site-packages/airflow/example_dags/tutorial_dag.py
[2024-01-14T15:23:23.672+0200] {processor.py:840} INFO - DAG(s) 'tutorial_dag' retrieved from /home/mahmoud/airflow_env/lib/python3.10/site-packages/airflow/example_dags/tutorial_dag.py
[2024-01-14T15:23:23.686+0200] {logging_mixin.py:188} INFO - [2024-01-14T15:23:23.686+0200] {dag.py:3033} INFO - Sync 1 DAGs
[2024-01-14T15:23:23.696+0200] {logging_mixin.py:188} INFO - [2024-01-14T15:23:23.696+0200] {dag.py:3820} INFO - Setting next_dagrun for tutorial_dag to None, run_after=None
[2024-01-14T15:23:23.716+0200] {processor.py:183} INFO - Processing /home/mahmoud/airflow_env/lib/python3.10/site-packages/airflow/example_dags/tutorial_dag.py took 0.059 seconds
[2024-01-14T15:37:44.702+0200] {processor.py:161} INFO - Started process (PID=24394) to work on /home/mahmoud/airflow_env/lib/python3.10/site-packages/airflow/example_dags/tutorial_dag.py
[2024-01-14T15:37:44.706+0200] {processor.py:830} INFO - Processing file /home/mahmoud/airflow_env/lib/python3.10/site-packages/airflow/example_dags/tutorial_dag.py for tasks to queue
[2024-01-14T15:37:44.707+0200] {logging_mixin.py:188} INFO - [2024-01-14T15:37:44.706+0200] {dagbag.py:538} INFO - Filling up the DagBag from /home/mahmoud/airflow_env/lib/python3.10/site-packages/airflow/example_dags/tutorial_dag.py
[2024-01-14T15:37:44.718+0200] {processor.py:840} INFO - DAG(s) 'tutorial_dag' retrieved from /home/mahmoud/airflow_env/lib/python3.10/site-packages/airflow/example_dags/tutorial_dag.py
[2024-01-14T15:37:44.733+0200] {logging_mixin.py:188} INFO - [2024-01-14T15:37:44.733+0200] {dag.py:3033} INFO - Sync 1 DAGs
[2024-01-14T15:37:44.743+0200] {logging_mixin.py:188} INFO - [2024-01-14T15:37:44.743+0200] {dag.py:3820} INFO - Setting next_dagrun for tutorial_dag to None, run_after=None
[2024-01-14T15:37:44.766+0200] {processor.py:183} INFO - Processing /home/mahmoud/airflow_env/lib/python3.10/site-packages/airflow/example_dags/tutorial_dag.py took 0.071 seconds
[2024-01-14T15:38:37.496+0200] {processor.py:161} INFO - Started process (PID=24835) to work on /home/mahmoud/airflow_env/lib/python3.10/site-packages/airflow/example_dags/tutorial_dag.py
[2024-01-14T15:38:37.500+0200] {processor.py:830} INFO - Processing file /home/mahmoud/airflow_env/lib/python3.10/site-packages/airflow/example_dags/tutorial_dag.py for tasks to queue
[2024-01-14T15:38:37.501+0200] {logging_mixin.py:188} INFO - [2024-01-14T15:38:37.500+0200] {dagbag.py:538} INFO - Filling up the DagBag from /home/mahmoud/airflow_env/lib/python3.10/site-packages/airflow/example_dags/tutorial_dag.py
[2024-01-14T15:38:37.509+0200] {processor.py:840} INFO - DAG(s) 'tutorial_dag' retrieved from /home/mahmoud/airflow_env/lib/python3.10/site-packages/airflow/example_dags/tutorial_dag.py
[2024-01-14T15:38:37.528+0200] {logging_mixin.py:188} INFO - [2024-01-14T15:38:37.528+0200] {dag.py:3033} INFO - Sync 1 DAGs
[2024-01-14T15:38:37.540+0200] {logging_mixin.py:188} INFO - [2024-01-14T15:38:37.540+0200] {dag.py:3820} INFO - Setting next_dagrun for tutorial_dag to None, run_after=None
[2024-01-14T15:38:37.562+0200] {processor.py:183} INFO - Processing /home/mahmoud/airflow_env/lib/python3.10/site-packages/airflow/example_dags/tutorial_dag.py took 0.072 seconds
[2024-01-14T15:39:15.805+0200] {processor.py:161} INFO - Started process (PID=25116) to work on /home/mahmoud/airflow_env/lib/python3.10/site-packages/airflow/example_dags/tutorial_dag.py
[2024-01-14T15:39:15.807+0200] {processor.py:830} INFO - Processing file /home/mahmoud/airflow_env/lib/python3.10/site-packages/airflow/example_dags/tutorial_dag.py for tasks to queue
[2024-01-14T15:39:15.808+0200] {logging_mixin.py:188} INFO - [2024-01-14T15:39:15.808+0200] {dagbag.py:538} INFO - Filling up the DagBag from /home/mahmoud/airflow_env/lib/python3.10/site-packages/airflow/example_dags/tutorial_dag.py
[2024-01-14T15:39:15.813+0200] {processor.py:840} INFO - DAG(s) 'tutorial_dag' retrieved from /home/mahmoud/airflow_env/lib/python3.10/site-packages/airflow/example_dags/tutorial_dag.py
[2024-01-14T15:39:15.826+0200] {logging_mixin.py:188} INFO - [2024-01-14T15:39:15.826+0200] {dag.py:3033} INFO - Sync 1 DAGs
[2024-01-14T15:39:15.837+0200] {logging_mixin.py:188} INFO - [2024-01-14T15:39:15.836+0200] {dag.py:3820} INFO - Setting next_dagrun for tutorial_dag to None, run_after=None
[2024-01-14T15:39:15.860+0200] {processor.py:183} INFO - Processing /home/mahmoud/airflow_env/lib/python3.10/site-packages/airflow/example_dags/tutorial_dag.py took 0.060 seconds
[2024-01-14T15:40:02.163+0200] {processor.py:161} INFO - Started process (PID=25303) to work on /home/mahmoud/airflow_env/lib/python3.10/site-packages/airflow/example_dags/tutorial_dag.py
[2024-01-14T15:40:02.165+0200] {processor.py:830} INFO - Processing file /home/mahmoud/airflow_env/lib/python3.10/site-packages/airflow/example_dags/tutorial_dag.py for tasks to queue
[2024-01-14T15:40:02.166+0200] {logging_mixin.py:188} INFO - [2024-01-14T15:40:02.165+0200] {dagbag.py:538} INFO - Filling up the DagBag from /home/mahmoud/airflow_env/lib/python3.10/site-packages/airflow/example_dags/tutorial_dag.py
[2024-01-14T15:40:02.171+0200] {processor.py:840} INFO - DAG(s) 'tutorial_dag' retrieved from /home/mahmoud/airflow_env/lib/python3.10/site-packages/airflow/example_dags/tutorial_dag.py
[2024-01-14T15:40:02.185+0200] {logging_mixin.py:188} INFO - [2024-01-14T15:40:02.185+0200] {dag.py:3033} INFO - Sync 1 DAGs
[2024-01-14T15:40:02.201+0200] {logging_mixin.py:188} INFO - [2024-01-14T15:40:02.201+0200] {dag.py:3820} INFO - Setting next_dagrun for tutorial_dag to None, run_after=None
[2024-01-14T15:40:02.222+0200] {processor.py:183} INFO - Processing /home/mahmoud/airflow_env/lib/python3.10/site-packages/airflow/example_dags/tutorial_dag.py took 0.063 seconds
[2024-01-14T15:40:39.417+0200] {processor.py:161} INFO - Started process (PID=25448) to work on /home/mahmoud/airflow_env/lib/python3.10/site-packages/airflow/example_dags/tutorial_dag.py
[2024-01-14T15:40:39.419+0200] {processor.py:830} INFO - Processing file /home/mahmoud/airflow_env/lib/python3.10/site-packages/airflow/example_dags/tutorial_dag.py for tasks to queue
[2024-01-14T15:40:39.420+0200] {logging_mixin.py:188} INFO - [2024-01-14T15:40:39.420+0200] {dagbag.py:538} INFO - Filling up the DagBag from /home/mahmoud/airflow_env/lib/python3.10/site-packages/airflow/example_dags/tutorial_dag.py
[2024-01-14T15:40:39.426+0200] {processor.py:840} INFO - DAG(s) 'tutorial_dag' retrieved from /home/mahmoud/airflow_env/lib/python3.10/site-packages/airflow/example_dags/tutorial_dag.py
[2024-01-14T15:40:39.442+0200] {logging_mixin.py:188} INFO - [2024-01-14T15:40:39.442+0200] {dag.py:3033} INFO - Sync 1 DAGs
[2024-01-14T15:40:39.453+0200] {logging_mixin.py:188} INFO - [2024-01-14T15:40:39.453+0200] {dag.py:3820} INFO - Setting next_dagrun for tutorial_dag to None, run_after=None
[2024-01-14T15:40:39.477+0200] {processor.py:183} INFO - Processing /home/mahmoud/airflow_env/lib/python3.10/site-packages/airflow/example_dags/tutorial_dag.py took 0.065 seconds
[2024-01-14T15:41:15.935+0200] {processor.py:161} INFO - Started process (PID=25658) to work on /home/mahmoud/airflow_env/lib/python3.10/site-packages/airflow/example_dags/tutorial_dag.py
[2024-01-14T15:41:15.938+0200] {processor.py:830} INFO - Processing file /home/mahmoud/airflow_env/lib/python3.10/site-packages/airflow/example_dags/tutorial_dag.py for tasks to queue
[2024-01-14T15:41:15.940+0200] {logging_mixin.py:188} INFO - [2024-01-14T15:41:15.939+0200] {dagbag.py:538} INFO - Filling up the DagBag from /home/mahmoud/airflow_env/lib/python3.10/site-packages/airflow/example_dags/tutorial_dag.py
[2024-01-14T15:41:15.945+0200] {processor.py:840} INFO - DAG(s) 'tutorial_dag' retrieved from /home/mahmoud/airflow_env/lib/python3.10/site-packages/airflow/example_dags/tutorial_dag.py
[2024-01-14T15:41:15.961+0200] {logging_mixin.py:188} INFO - [2024-01-14T15:41:15.961+0200] {dag.py:3033} INFO - Sync 1 DAGs
[2024-01-14T15:41:15.973+0200] {logging_mixin.py:188} INFO - [2024-01-14T15:41:15.973+0200] {dag.py:3820} INFO - Setting next_dagrun for tutorial_dag to None, run_after=None
[2024-01-14T15:41:15.997+0200] {processor.py:183} INFO - Processing /home/mahmoud/airflow_env/lib/python3.10/site-packages/airflow/example_dags/tutorial_dag.py took 0.066 seconds
[2024-01-14T15:41:50.520+0200] {processor.py:161} INFO - Started process (PID=25788) to work on /home/mahmoud/airflow_env/lib/python3.10/site-packages/airflow/example_dags/tutorial_dag.py
[2024-01-14T15:41:50.521+0200] {processor.py:830} INFO - Processing file /home/mahmoud/airflow_env/lib/python3.10/site-packages/airflow/example_dags/tutorial_dag.py for tasks to queue
[2024-01-14T15:41:50.523+0200] {logging_mixin.py:188} INFO - [2024-01-14T15:41:50.522+0200] {dagbag.py:538} INFO - Filling up the DagBag from /home/mahmoud/airflow_env/lib/python3.10/site-packages/airflow/example_dags/tutorial_dag.py
[2024-01-14T15:41:50.528+0200] {processor.py:840} INFO - DAG(s) 'tutorial_dag' retrieved from /home/mahmoud/airflow_env/lib/python3.10/site-packages/airflow/example_dags/tutorial_dag.py
[2024-01-14T15:41:50.543+0200] {logging_mixin.py:188} INFO - [2024-01-14T15:41:50.543+0200] {dag.py:3033} INFO - Sync 1 DAGs
[2024-01-14T15:41:50.553+0200] {logging_mixin.py:188} INFO - [2024-01-14T15:41:50.553+0200] {dag.py:3820} INFO - Setting next_dagrun for tutorial_dag to None, run_after=None
[2024-01-14T15:41:50.580+0200] {processor.py:183} INFO - Processing /home/mahmoud/airflow_env/lib/python3.10/site-packages/airflow/example_dags/tutorial_dag.py took 0.064 seconds
[2024-01-14T15:42:25.274+0200] {processor.py:161} INFO - Started process (PID=25929) to work on /home/mahmoud/airflow_env/lib/python3.10/site-packages/airflow/example_dags/tutorial_dag.py
[2024-01-14T15:42:25.276+0200] {processor.py:830} INFO - Processing file /home/mahmoud/airflow_env/lib/python3.10/site-packages/airflow/example_dags/tutorial_dag.py for tasks to queue
[2024-01-14T15:42:25.277+0200] {logging_mixin.py:188} INFO - [2024-01-14T15:42:25.276+0200] {dagbag.py:538} INFO - Filling up the DagBag from /home/mahmoud/airflow_env/lib/python3.10/site-packages/airflow/example_dags/tutorial_dag.py
[2024-01-14T15:42:25.284+0200] {processor.py:840} INFO - DAG(s) 'tutorial_dag' retrieved from /home/mahmoud/airflow_env/lib/python3.10/site-packages/airflow/example_dags/tutorial_dag.py
[2024-01-14T15:42:25.302+0200] {logging_mixin.py:188} INFO - [2024-01-14T15:42:25.302+0200] {dag.py:3033} INFO - Sync 1 DAGs
[2024-01-14T15:42:25.315+0200] {logging_mixin.py:188} INFO - [2024-01-14T15:42:25.315+0200] {dag.py:3820} INFO - Setting next_dagrun for tutorial_dag to None, run_after=None
[2024-01-14T15:42:25.340+0200] {processor.py:183} INFO - Processing /home/mahmoud/airflow_env/lib/python3.10/site-packages/airflow/example_dags/tutorial_dag.py took 0.072 seconds
[2024-01-14T15:43:06.001+0200] {processor.py:161} INFO - Started process (PID=26560) to work on /home/mahmoud/airflow_env/lib/python3.10/site-packages/airflow/example_dags/tutorial_dag.py
[2024-01-14T15:43:06.004+0200] {processor.py:830} INFO - Processing file /home/mahmoud/airflow_env/lib/python3.10/site-packages/airflow/example_dags/tutorial_dag.py for tasks to queue
[2024-01-14T15:43:06.005+0200] {logging_mixin.py:188} INFO - [2024-01-14T15:43:06.004+0200] {dagbag.py:538} INFO - Filling up the DagBag from /home/mahmoud/airflow_env/lib/python3.10/site-packages/airflow/example_dags/tutorial_dag.py
[2024-01-14T15:43:06.013+0200] {processor.py:840} INFO - DAG(s) 'tutorial_dag' retrieved from /home/mahmoud/airflow_env/lib/python3.10/site-packages/airflow/example_dags/tutorial_dag.py
[2024-01-14T15:43:06.032+0200] {logging_mixin.py:188} INFO - [2024-01-14T15:43:06.032+0200] {dag.py:3033} INFO - Sync 1 DAGs
[2024-01-14T15:43:06.044+0200] {logging_mixin.py:188} INFO - [2024-01-14T15:43:06.043+0200] {dag.py:3820} INFO - Setting next_dagrun for tutorial_dag to None, run_after=None
[2024-01-14T15:43:06.068+0200] {processor.py:183} INFO - Processing /home/mahmoud/airflow_env/lib/python3.10/site-packages/airflow/example_dags/tutorial_dag.py took 0.072 seconds
[2024-01-14T15:43:42.478+0200] {processor.py:161} INFO - Started process (PID=26795) to work on /home/mahmoud/airflow_env/lib/python3.10/site-packages/airflow/example_dags/tutorial_dag.py
[2024-01-14T15:43:42.481+0200] {processor.py:830} INFO - Processing file /home/mahmoud/airflow_env/lib/python3.10/site-packages/airflow/example_dags/tutorial_dag.py for tasks to queue
[2024-01-14T15:43:42.483+0200] {logging_mixin.py:188} INFO - [2024-01-14T15:43:42.482+0200] {dagbag.py:538} INFO - Filling up the DagBag from /home/mahmoud/airflow_env/lib/python3.10/site-packages/airflow/example_dags/tutorial_dag.py
[2024-01-14T15:43:42.494+0200] {processor.py:840} INFO - DAG(s) 'tutorial_dag' retrieved from /home/mahmoud/airflow_env/lib/python3.10/site-packages/airflow/example_dags/tutorial_dag.py
[2024-01-14T15:43:42.515+0200] {logging_mixin.py:188} INFO - [2024-01-14T15:43:42.514+0200] {dag.py:3033} INFO - Sync 1 DAGs
[2024-01-14T15:43:42.526+0200] {logging_mixin.py:188} INFO - [2024-01-14T15:43:42.526+0200] {dag.py:3820} INFO - Setting next_dagrun for tutorial_dag to None, run_after=None
[2024-01-14T15:43:42.550+0200] {processor.py:183} INFO - Processing /home/mahmoud/airflow_env/lib/python3.10/site-packages/airflow/example_dags/tutorial_dag.py took 0.079 seconds
[2024-01-14T15:44:20.610+0200] {processor.py:161} INFO - Started process (PID=27154) to work on /home/mahmoud/airflow_env/lib/python3.10/site-packages/airflow/example_dags/tutorial_dag.py
[2024-01-14T15:44:20.612+0200] {processor.py:830} INFO - Processing file /home/mahmoud/airflow_env/lib/python3.10/site-packages/airflow/example_dags/tutorial_dag.py for tasks to queue
[2024-01-14T15:44:20.612+0200] {logging_mixin.py:188} INFO - [2024-01-14T15:44:20.612+0200] {dagbag.py:538} INFO - Filling up the DagBag from /home/mahmoud/airflow_env/lib/python3.10/site-packages/airflow/example_dags/tutorial_dag.py
[2024-01-14T15:44:20.616+0200] {processor.py:840} INFO - DAG(s) 'tutorial_dag' retrieved from /home/mahmoud/airflow_env/lib/python3.10/site-packages/airflow/example_dags/tutorial_dag.py
[2024-01-14T15:44:20.634+0200] {logging_mixin.py:188} INFO - [2024-01-14T15:44:20.634+0200] {dag.py:3033} INFO - Sync 1 DAGs
[2024-01-14T15:44:20.646+0200] {logging_mixin.py:188} INFO - [2024-01-14T15:44:20.646+0200] {dag.py:3820} INFO - Setting next_dagrun for tutorial_dag to None, run_after=None
[2024-01-14T15:44:20.668+0200] {processor.py:183} INFO - Processing /home/mahmoud/airflow_env/lib/python3.10/site-packages/airflow/example_dags/tutorial_dag.py took 0.060 seconds
[2024-01-14T15:45:13.709+0200] {processor.py:161} INFO - Started process (PID=27736) to work on /home/mahmoud/airflow_env/lib/python3.10/site-packages/airflow/example_dags/tutorial_dag.py
[2024-01-14T15:45:13.711+0200] {processor.py:830} INFO - Processing file /home/mahmoud/airflow_env/lib/python3.10/site-packages/airflow/example_dags/tutorial_dag.py for tasks to queue
[2024-01-14T15:45:13.712+0200] {logging_mixin.py:188} INFO - [2024-01-14T15:45:13.712+0200] {dagbag.py:538} INFO - Filling up the DagBag from /home/mahmoud/airflow_env/lib/python3.10/site-packages/airflow/example_dags/tutorial_dag.py
[2024-01-14T15:45:13.718+0200] {processor.py:840} INFO - DAG(s) 'tutorial_dag' retrieved from /home/mahmoud/airflow_env/lib/python3.10/site-packages/airflow/example_dags/tutorial_dag.py
[2024-01-14T15:45:13.733+0200] {logging_mixin.py:188} INFO - [2024-01-14T15:45:13.733+0200] {dag.py:3033} INFO - Sync 1 DAGs
[2024-01-14T15:45:13.745+0200] {logging_mixin.py:188} INFO - [2024-01-14T15:45:13.744+0200] {dag.py:3820} INFO - Setting next_dagrun for tutorial_dag to None, run_after=None
[2024-01-14T15:45:13.769+0200] {processor.py:183} INFO - Processing /home/mahmoud/airflow_env/lib/python3.10/site-packages/airflow/example_dags/tutorial_dag.py took 0.065 seconds
[2024-01-14T15:45:49.117+0200] {processor.py:161} INFO - Started process (PID=27875) to work on /home/mahmoud/airflow_env/lib/python3.10/site-packages/airflow/example_dags/tutorial_dag.py
[2024-01-14T15:45:49.118+0200] {processor.py:830} INFO - Processing file /home/mahmoud/airflow_env/lib/python3.10/site-packages/airflow/example_dags/tutorial_dag.py for tasks to queue
[2024-01-14T15:45:49.119+0200] {logging_mixin.py:188} INFO - [2024-01-14T15:45:49.119+0200] {dagbag.py:538} INFO - Filling up the DagBag from /home/mahmoud/airflow_env/lib/python3.10/site-packages/airflow/example_dags/tutorial_dag.py
[2024-01-14T15:45:49.127+0200] {processor.py:840} INFO - DAG(s) 'tutorial_dag' retrieved from /home/mahmoud/airflow_env/lib/python3.10/site-packages/airflow/example_dags/tutorial_dag.py
[2024-01-14T15:45:49.142+0200] {logging_mixin.py:188} INFO - [2024-01-14T15:45:49.142+0200] {dag.py:3033} INFO - Sync 1 DAGs
[2024-01-14T15:45:49.152+0200] {logging_mixin.py:188} INFO - [2024-01-14T15:45:49.152+0200] {dag.py:3820} INFO - Setting next_dagrun for tutorial_dag to None, run_after=None
[2024-01-14T15:45:49.202+0200] {processor.py:183} INFO - Processing /home/mahmoud/airflow_env/lib/python3.10/site-packages/airflow/example_dags/tutorial_dag.py took 0.089 seconds
[2024-01-14T15:46:23.414+0200] {processor.py:161} INFO - Started process (PID=28012) to work on /home/mahmoud/airflow_env/lib/python3.10/site-packages/airflow/example_dags/tutorial_dag.py
[2024-01-14T15:46:23.417+0200] {processor.py:830} INFO - Processing file /home/mahmoud/airflow_env/lib/python3.10/site-packages/airflow/example_dags/tutorial_dag.py for tasks to queue
[2024-01-14T15:46:23.418+0200] {logging_mixin.py:188} INFO - [2024-01-14T15:46:23.417+0200] {dagbag.py:538} INFO - Filling up the DagBag from /home/mahmoud/airflow_env/lib/python3.10/site-packages/airflow/example_dags/tutorial_dag.py
[2024-01-14T15:46:23.424+0200] {processor.py:840} INFO - DAG(s) 'tutorial_dag' retrieved from /home/mahmoud/airflow_env/lib/python3.10/site-packages/airflow/example_dags/tutorial_dag.py
[2024-01-14T15:46:23.440+0200] {logging_mixin.py:188} INFO - [2024-01-14T15:46:23.440+0200] {dag.py:3033} INFO - Sync 1 DAGs
[2024-01-14T15:46:23.451+0200] {logging_mixin.py:188} INFO - [2024-01-14T15:46:23.451+0200] {dag.py:3820} INFO - Setting next_dagrun for tutorial_dag to None, run_after=None
[2024-01-14T15:46:23.476+0200] {processor.py:183} INFO - Processing /home/mahmoud/airflow_env/lib/python3.10/site-packages/airflow/example_dags/tutorial_dag.py took 0.065 seconds
[2024-01-14T15:47:01.181+0200] {processor.py:161} INFO - Started process (PID=28158) to work on /home/mahmoud/airflow_env/lib/python3.10/site-packages/airflow/example_dags/tutorial_dag.py
[2024-01-14T15:47:01.182+0200] {processor.py:830} INFO - Processing file /home/mahmoud/airflow_env/lib/python3.10/site-packages/airflow/example_dags/tutorial_dag.py for tasks to queue
[2024-01-14T15:47:01.183+0200] {logging_mixin.py:188} INFO - [2024-01-14T15:47:01.182+0200] {dagbag.py:538} INFO - Filling up the DagBag from /home/mahmoud/airflow_env/lib/python3.10/site-packages/airflow/example_dags/tutorial_dag.py
[2024-01-14T15:47:01.188+0200] {processor.py:840} INFO - DAG(s) 'tutorial_dag' retrieved from /home/mahmoud/airflow_env/lib/python3.10/site-packages/airflow/example_dags/tutorial_dag.py
[2024-01-14T15:47:01.202+0200] {logging_mixin.py:188} INFO - [2024-01-14T15:47:01.202+0200] {dag.py:3033} INFO - Sync 1 DAGs
[2024-01-14T15:47:01.213+0200] {logging_mixin.py:188} INFO - [2024-01-14T15:47:01.213+0200] {dag.py:3820} INFO - Setting next_dagrun for tutorial_dag to None, run_after=None
[2024-01-14T15:47:01.237+0200] {processor.py:183} INFO - Processing /home/mahmoud/airflow_env/lib/python3.10/site-packages/airflow/example_dags/tutorial_dag.py took 0.059 seconds
[2024-01-14T15:47:36.292+0200] {processor.py:161} INFO - Started process (PID=28369) to work on /home/mahmoud/airflow_env/lib/python3.10/site-packages/airflow/example_dags/tutorial_dag.py
[2024-01-14T15:47:36.293+0200] {processor.py:830} INFO - Processing file /home/mahmoud/airflow_env/lib/python3.10/site-packages/airflow/example_dags/tutorial_dag.py for tasks to queue
[2024-01-14T15:47:36.294+0200] {logging_mixin.py:188} INFO - [2024-01-14T15:47:36.293+0200] {dagbag.py:538} INFO - Filling up the DagBag from /home/mahmoud/airflow_env/lib/python3.10/site-packages/airflow/example_dags/tutorial_dag.py
[2024-01-14T15:47:36.299+0200] {processor.py:840} INFO - DAG(s) 'tutorial_dag' retrieved from /home/mahmoud/airflow_env/lib/python3.10/site-packages/airflow/example_dags/tutorial_dag.py
[2024-01-14T15:47:36.313+0200] {logging_mixin.py:188} INFO - [2024-01-14T15:47:36.313+0200] {dag.py:3033} INFO - Sync 1 DAGs
[2024-01-14T15:47:36.323+0200] {logging_mixin.py:188} INFO - [2024-01-14T15:47:36.323+0200] {dag.py:3820} INFO - Setting next_dagrun for tutorial_dag to None, run_after=None
[2024-01-14T15:47:36.347+0200] {processor.py:183} INFO - Processing /home/mahmoud/airflow_env/lib/python3.10/site-packages/airflow/example_dags/tutorial_dag.py took 0.058 seconds
[2024-01-14T15:48:10.244+0200] {processor.py:161} INFO - Started process (PID=28528) to work on /home/mahmoud/airflow_env/lib/python3.10/site-packages/airflow/example_dags/tutorial_dag.py
[2024-01-14T15:48:10.246+0200] {processor.py:830} INFO - Processing file /home/mahmoud/airflow_env/lib/python3.10/site-packages/airflow/example_dags/tutorial_dag.py for tasks to queue
[2024-01-14T15:48:10.247+0200] {logging_mixin.py:188} INFO - [2024-01-14T15:48:10.246+0200] {dagbag.py:538} INFO - Filling up the DagBag from /home/mahmoud/airflow_env/lib/python3.10/site-packages/airflow/example_dags/tutorial_dag.py
[2024-01-14T15:48:10.253+0200] {processor.py:840} INFO - DAG(s) 'tutorial_dag' retrieved from /home/mahmoud/airflow_env/lib/python3.10/site-packages/airflow/example_dags/tutorial_dag.py
[2024-01-14T15:48:10.267+0200] {logging_mixin.py:188} INFO - [2024-01-14T15:48:10.267+0200] {dag.py:3033} INFO - Sync 1 DAGs
[2024-01-14T15:48:10.277+0200] {logging_mixin.py:188} INFO - [2024-01-14T15:48:10.277+0200] {dag.py:3820} INFO - Setting next_dagrun for tutorial_dag to None, run_after=None
[2024-01-14T15:48:10.300+0200] {processor.py:183} INFO - Processing /home/mahmoud/airflow_env/lib/python3.10/site-packages/airflow/example_dags/tutorial_dag.py took 0.060 seconds
[2024-01-14T15:48:45.337+0200] {processor.py:161} INFO - Started process (PID=28666) to work on /home/mahmoud/airflow_env/lib/python3.10/site-packages/airflow/example_dags/tutorial_dag.py
[2024-01-14T15:48:45.339+0200] {processor.py:830} INFO - Processing file /home/mahmoud/airflow_env/lib/python3.10/site-packages/airflow/example_dags/tutorial_dag.py for tasks to queue
[2024-01-14T15:48:45.340+0200] {logging_mixin.py:188} INFO - [2024-01-14T15:48:45.339+0200] {dagbag.py:538} INFO - Filling up the DagBag from /home/mahmoud/airflow_env/lib/python3.10/site-packages/airflow/example_dags/tutorial_dag.py
[2024-01-14T15:48:45.345+0200] {processor.py:840} INFO - DAG(s) 'tutorial_dag' retrieved from /home/mahmoud/airflow_env/lib/python3.10/site-packages/airflow/example_dags/tutorial_dag.py
[2024-01-14T15:48:45.360+0200] {logging_mixin.py:188} INFO - [2024-01-14T15:48:45.359+0200] {dag.py:3033} INFO - Sync 1 DAGs
[2024-01-14T15:48:45.370+0200] {logging_mixin.py:188} INFO - [2024-01-14T15:48:45.370+0200] {dag.py:3820} INFO - Setting next_dagrun for tutorial_dag to None, run_after=None
[2024-01-14T15:48:45.393+0200] {processor.py:183} INFO - Processing /home/mahmoud/airflow_env/lib/python3.10/site-packages/airflow/example_dags/tutorial_dag.py took 0.060 seconds
[2024-01-14T15:49:22.464+0200] {processor.py:161} INFO - Started process (PID=28811) to work on /home/mahmoud/airflow_env/lib/python3.10/site-packages/airflow/example_dags/tutorial_dag.py
[2024-01-14T15:49:22.466+0200] {processor.py:830} INFO - Processing file /home/mahmoud/airflow_env/lib/python3.10/site-packages/airflow/example_dags/tutorial_dag.py for tasks to queue
[2024-01-14T15:49:22.467+0200] {logging_mixin.py:188} INFO - [2024-01-14T15:49:22.466+0200] {dagbag.py:538} INFO - Filling up the DagBag from /home/mahmoud/airflow_env/lib/python3.10/site-packages/airflow/example_dags/tutorial_dag.py
[2024-01-14T15:49:22.472+0200] {processor.py:840} INFO - DAG(s) 'tutorial_dag' retrieved from /home/mahmoud/airflow_env/lib/python3.10/site-packages/airflow/example_dags/tutorial_dag.py
[2024-01-14T15:49:22.486+0200] {logging_mixin.py:188} INFO - [2024-01-14T15:49:22.486+0200] {dag.py:3033} INFO - Sync 1 DAGs
[2024-01-14T15:49:22.496+0200] {logging_mixin.py:188} INFO - [2024-01-14T15:49:22.496+0200] {dag.py:3820} INFO - Setting next_dagrun for tutorial_dag to None, run_after=None
[2024-01-14T15:49:22.517+0200] {processor.py:183} INFO - Processing /home/mahmoud/airflow_env/lib/python3.10/site-packages/airflow/example_dags/tutorial_dag.py took 0.056 seconds
[2024-01-14T15:49:58.633+0200] {processor.py:161} INFO - Started process (PID=28951) to work on /home/mahmoud/airflow_env/lib/python3.10/site-packages/airflow/example_dags/tutorial_dag.py
[2024-01-14T15:49:58.635+0200] {processor.py:830} INFO - Processing file /home/mahmoud/airflow_env/lib/python3.10/site-packages/airflow/example_dags/tutorial_dag.py for tasks to queue
[2024-01-14T15:49:58.636+0200] {logging_mixin.py:188} INFO - [2024-01-14T15:49:58.636+0200] {dagbag.py:538} INFO - Filling up the DagBag from /home/mahmoud/airflow_env/lib/python3.10/site-packages/airflow/example_dags/tutorial_dag.py
[2024-01-14T15:49:58.641+0200] {processor.py:840} INFO - DAG(s) 'tutorial_dag' retrieved from /home/mahmoud/airflow_env/lib/python3.10/site-packages/airflow/example_dags/tutorial_dag.py
[2024-01-14T15:49:58.654+0200] {logging_mixin.py:188} INFO - [2024-01-14T15:49:58.653+0200] {dag.py:3033} INFO - Sync 1 DAGs
[2024-01-14T15:49:58.662+0200] {logging_mixin.py:188} INFO - [2024-01-14T15:49:58.662+0200] {dag.py:3820} INFO - Setting next_dagrun for tutorial_dag to None, run_after=None
[2024-01-14T15:49:58.681+0200] {processor.py:183} INFO - Processing /home/mahmoud/airflow_env/lib/python3.10/site-packages/airflow/example_dags/tutorial_dag.py took 0.051 seconds
[2024-01-14T15:50:44.651+0200] {processor.py:161} INFO - Started process (PID=29138) to work on /home/mahmoud/airflow_env/lib/python3.10/site-packages/airflow/example_dags/tutorial_dag.py
[2024-01-14T15:50:44.654+0200] {processor.py:830} INFO - Processing file /home/mahmoud/airflow_env/lib/python3.10/site-packages/airflow/example_dags/tutorial_dag.py for tasks to queue
[2024-01-14T15:50:44.656+0200] {logging_mixin.py:188} INFO - [2024-01-14T15:50:44.655+0200] {dagbag.py:538} INFO - Filling up the DagBag from /home/mahmoud/airflow_env/lib/python3.10/site-packages/airflow/example_dags/tutorial_dag.py
[2024-01-14T15:50:44.665+0200] {processor.py:840} INFO - DAG(s) 'tutorial_dag' retrieved from /home/mahmoud/airflow_env/lib/python3.10/site-packages/airflow/example_dags/tutorial_dag.py
[2024-01-14T15:50:44.684+0200] {logging_mixin.py:188} INFO - [2024-01-14T15:50:44.684+0200] {dag.py:3033} INFO - Sync 1 DAGs
[2024-01-14T15:50:44.696+0200] {logging_mixin.py:188} INFO - [2024-01-14T15:50:44.695+0200] {dag.py:3820} INFO - Setting next_dagrun for tutorial_dag to None, run_after=None
[2024-01-14T15:50:44.717+0200] {processor.py:183} INFO - Processing /home/mahmoud/airflow_env/lib/python3.10/site-packages/airflow/example_dags/tutorial_dag.py took 0.072 seconds
[2024-01-14T15:51:20.186+0200] {processor.py:161} INFO - Started process (PID=29276) to work on /home/mahmoud/airflow_env/lib/python3.10/site-packages/airflow/example_dags/tutorial_dag.py
[2024-01-14T15:51:20.188+0200] {processor.py:830} INFO - Processing file /home/mahmoud/airflow_env/lib/python3.10/site-packages/airflow/example_dags/tutorial_dag.py for tasks to queue
[2024-01-14T15:51:20.189+0200] {logging_mixin.py:188} INFO - [2024-01-14T15:51:20.188+0200] {dagbag.py:538} INFO - Filling up the DagBag from /home/mahmoud/airflow_env/lib/python3.10/site-packages/airflow/example_dags/tutorial_dag.py
[2024-01-14T15:51:20.195+0200] {processor.py:840} INFO - DAG(s) 'tutorial_dag' retrieved from /home/mahmoud/airflow_env/lib/python3.10/site-packages/airflow/example_dags/tutorial_dag.py
[2024-01-14T15:51:20.212+0200] {logging_mixin.py:188} INFO - [2024-01-14T15:51:20.212+0200] {dag.py:3033} INFO - Sync 1 DAGs
[2024-01-14T15:51:20.223+0200] {logging_mixin.py:188} INFO - [2024-01-14T15:51:20.223+0200] {dag.py:3820} INFO - Setting next_dagrun for tutorial_dag to None, run_after=None
[2024-01-14T15:51:20.246+0200] {processor.py:183} INFO - Processing /home/mahmoud/airflow_env/lib/python3.10/site-packages/airflow/example_dags/tutorial_dag.py took 0.064 seconds
[2024-01-14T15:51:55.605+0200] {processor.py:161} INFO - Started process (PID=29415) to work on /home/mahmoud/airflow_env/lib/python3.10/site-packages/airflow/example_dags/tutorial_dag.py
[2024-01-14T15:51:55.607+0200] {processor.py:830} INFO - Processing file /home/mahmoud/airflow_env/lib/python3.10/site-packages/airflow/example_dags/tutorial_dag.py for tasks to queue
[2024-01-14T15:51:55.607+0200] {logging_mixin.py:188} INFO - [2024-01-14T15:51:55.607+0200] {dagbag.py:538} INFO - Filling up the DagBag from /home/mahmoud/airflow_env/lib/python3.10/site-packages/airflow/example_dags/tutorial_dag.py
[2024-01-14T15:51:55.612+0200] {processor.py:840} INFO - DAG(s) 'tutorial_dag' retrieved from /home/mahmoud/airflow_env/lib/python3.10/site-packages/airflow/example_dags/tutorial_dag.py
[2024-01-14T15:51:55.625+0200] {logging_mixin.py:188} INFO - [2024-01-14T15:51:55.625+0200] {dag.py:3033} INFO - Sync 1 DAGs
[2024-01-14T15:51:55.635+0200] {logging_mixin.py:188} INFO - [2024-01-14T15:51:55.635+0200] {dag.py:3820} INFO - Setting next_dagrun for tutorial_dag to None, run_after=None
[2024-01-14T15:51:55.655+0200] {processor.py:183} INFO - Processing /home/mahmoud/airflow_env/lib/python3.10/site-packages/airflow/example_dags/tutorial_dag.py took 0.053 seconds
[2024-01-14T15:52:29.408+0200] {processor.py:161} INFO - Started process (PID=29552) to work on /home/mahmoud/airflow_env/lib/python3.10/site-packages/airflow/example_dags/tutorial_dag.py
[2024-01-14T15:52:29.410+0200] {processor.py:830} INFO - Processing file /home/mahmoud/airflow_env/lib/python3.10/site-packages/airflow/example_dags/tutorial_dag.py for tasks to queue
[2024-01-14T15:52:29.411+0200] {logging_mixin.py:188} INFO - [2024-01-14T15:52:29.411+0200] {dagbag.py:538} INFO - Filling up the DagBag from /home/mahmoud/airflow_env/lib/python3.10/site-packages/airflow/example_dags/tutorial_dag.py
[2024-01-14T15:52:29.416+0200] {processor.py:840} INFO - DAG(s) 'tutorial_dag' retrieved from /home/mahmoud/airflow_env/lib/python3.10/site-packages/airflow/example_dags/tutorial_dag.py
[2024-01-14T15:52:29.430+0200] {logging_mixin.py:188} INFO - [2024-01-14T15:52:29.430+0200] {dag.py:3033} INFO - Sync 1 DAGs
[2024-01-14T15:52:29.440+0200] {logging_mixin.py:188} INFO - [2024-01-14T15:52:29.440+0200] {dag.py:3820} INFO - Setting next_dagrun for tutorial_dag to None, run_after=None
[2024-01-14T15:52:29.461+0200] {processor.py:183} INFO - Processing /home/mahmoud/airflow_env/lib/python3.10/site-packages/airflow/example_dags/tutorial_dag.py took 0.055 seconds
[2024-01-14T15:53:02.635+0200] {processor.py:161} INFO - Started process (PID=29711) to work on /home/mahmoud/airflow_env/lib/python3.10/site-packages/airflow/example_dags/tutorial_dag.py
[2024-01-14T15:53:02.636+0200] {processor.py:830} INFO - Processing file /home/mahmoud/airflow_env/lib/python3.10/site-packages/airflow/example_dags/tutorial_dag.py for tasks to queue
[2024-01-14T15:53:02.637+0200] {logging_mixin.py:188} INFO - [2024-01-14T15:53:02.637+0200] {dagbag.py:538} INFO - Filling up the DagBag from /home/mahmoud/airflow_env/lib/python3.10/site-packages/airflow/example_dags/tutorial_dag.py
[2024-01-14T15:53:02.642+0200] {processor.py:840} INFO - DAG(s) 'tutorial_dag' retrieved from /home/mahmoud/airflow_env/lib/python3.10/site-packages/airflow/example_dags/tutorial_dag.py
[2024-01-14T15:53:02.656+0200] {logging_mixin.py:188} INFO - [2024-01-14T15:53:02.656+0200] {dag.py:3033} INFO - Sync 1 DAGs
[2024-01-14T15:53:02.667+0200] {logging_mixin.py:188} INFO - [2024-01-14T15:53:02.667+0200] {dag.py:3820} INFO - Setting next_dagrun for tutorial_dag to None, run_after=None
[2024-01-14T15:53:02.689+0200] {processor.py:183} INFO - Processing /home/mahmoud/airflow_env/lib/python3.10/site-packages/airflow/example_dags/tutorial_dag.py took 0.057 seconds
[2024-01-14T15:53:37.461+0200] {processor.py:161} INFO - Started process (PID=29851) to work on /home/mahmoud/airflow_env/lib/python3.10/site-packages/airflow/example_dags/tutorial_dag.py
[2024-01-14T15:53:37.463+0200] {processor.py:830} INFO - Processing file /home/mahmoud/airflow_env/lib/python3.10/site-packages/airflow/example_dags/tutorial_dag.py for tasks to queue
[2024-01-14T15:53:37.463+0200] {logging_mixin.py:188} INFO - [2024-01-14T15:53:37.463+0200] {dagbag.py:538} INFO - Filling up the DagBag from /home/mahmoud/airflow_env/lib/python3.10/site-packages/airflow/example_dags/tutorial_dag.py
[2024-01-14T15:53:37.469+0200] {processor.py:840} INFO - DAG(s) 'tutorial_dag' retrieved from /home/mahmoud/airflow_env/lib/python3.10/site-packages/airflow/example_dags/tutorial_dag.py
[2024-01-14T15:53:37.483+0200] {logging_mixin.py:188} INFO - [2024-01-14T15:53:37.483+0200] {dag.py:3033} INFO - Sync 1 DAGs
[2024-01-14T15:53:37.493+0200] {logging_mixin.py:188} INFO - [2024-01-14T15:53:37.493+0200] {dag.py:3820} INFO - Setting next_dagrun for tutorial_dag to None, run_after=None
[2024-01-14T15:53:37.515+0200] {processor.py:183} INFO - Processing /home/mahmoud/airflow_env/lib/python3.10/site-packages/airflow/example_dags/tutorial_dag.py took 0.058 seconds
[2024-01-14T15:54:31.432+0200] {processor.py:161} INFO - Started process (PID=30037) to work on /home/mahmoud/airflow_env/lib/python3.10/site-packages/airflow/example_dags/tutorial_dag.py
[2024-01-14T15:54:31.435+0200] {processor.py:830} INFO - Processing file /home/mahmoud/airflow_env/lib/python3.10/site-packages/airflow/example_dags/tutorial_dag.py for tasks to queue
[2024-01-14T15:54:31.438+0200] {logging_mixin.py:188} INFO - [2024-01-14T15:54:31.437+0200] {dagbag.py:538} INFO - Filling up the DagBag from /home/mahmoud/airflow_env/lib/python3.10/site-packages/airflow/example_dags/tutorial_dag.py
[2024-01-14T15:54:31.451+0200] {processor.py:840} INFO - DAG(s) 'tutorial_dag' retrieved from /home/mahmoud/airflow_env/lib/python3.10/site-packages/airflow/example_dags/tutorial_dag.py
[2024-01-14T15:54:31.492+0200] {logging_mixin.py:188} INFO - [2024-01-14T15:54:31.492+0200] {dag.py:3033} INFO - Sync 1 DAGs
[2024-01-14T15:54:31.523+0200] {logging_mixin.py:188} INFO - [2024-01-14T15:54:31.522+0200] {dag.py:3820} INFO - Setting next_dagrun for tutorial_dag to None, run_after=None
[2024-01-14T15:54:31.579+0200] {processor.py:183} INFO - Processing /home/mahmoud/airflow_env/lib/python3.10/site-packages/airflow/example_dags/tutorial_dag.py took 0.156 seconds
[2024-01-14T15:55:12.050+0200] {processor.py:161} INFO - Started process (PID=30176) to work on /home/mahmoud/airflow_env/lib/python3.10/site-packages/airflow/example_dags/tutorial_dag.py
[2024-01-14T15:55:12.053+0200] {processor.py:830} INFO - Processing file /home/mahmoud/airflow_env/lib/python3.10/site-packages/airflow/example_dags/tutorial_dag.py for tasks to queue
[2024-01-14T15:55:12.056+0200] {logging_mixin.py:188} INFO - [2024-01-14T15:55:12.055+0200] {dagbag.py:538} INFO - Filling up the DagBag from /home/mahmoud/airflow_env/lib/python3.10/site-packages/airflow/example_dags/tutorial_dag.py
[2024-01-14T15:55:12.075+0200] {processor.py:840} INFO - DAG(s) 'tutorial_dag' retrieved from /home/mahmoud/airflow_env/lib/python3.10/site-packages/airflow/example_dags/tutorial_dag.py
[2024-01-14T15:55:12.125+0200] {logging_mixin.py:188} INFO - [2024-01-14T15:55:12.124+0200] {dag.py:3033} INFO - Sync 1 DAGs
[2024-01-14T15:55:12.163+0200] {logging_mixin.py:188} INFO - [2024-01-14T15:55:12.162+0200] {dag.py:3820} INFO - Setting next_dagrun for tutorial_dag to None, run_after=None
[2024-01-14T15:55:12.235+0200] {processor.py:183} INFO - Processing /home/mahmoud/airflow_env/lib/python3.10/site-packages/airflow/example_dags/tutorial_dag.py took 0.196 seconds
[2024-01-14T15:56:13.614+0200] {processor.py:161} INFO - Started process (PID=30388) to work on /home/mahmoud/airflow_env/lib/python3.10/site-packages/airflow/example_dags/tutorial_dag.py
[2024-01-14T15:56:13.618+0200] {processor.py:830} INFO - Processing file /home/mahmoud/airflow_env/lib/python3.10/site-packages/airflow/example_dags/tutorial_dag.py for tasks to queue
[2024-01-14T15:56:13.621+0200] {logging_mixin.py:188} INFO - [2024-01-14T15:56:13.620+0200] {dagbag.py:538} INFO - Filling up the DagBag from /home/mahmoud/airflow_env/lib/python3.10/site-packages/airflow/example_dags/tutorial_dag.py
[2024-01-14T15:56:13.637+0200] {processor.py:840} INFO - DAG(s) 'tutorial_dag' retrieved from /home/mahmoud/airflow_env/lib/python3.10/site-packages/airflow/example_dags/tutorial_dag.py
[2024-01-14T15:56:13.682+0200] {logging_mixin.py:188} INFO - [2024-01-14T15:56:13.681+0200] {dag.py:3033} INFO - Sync 1 DAGs
[2024-01-14T15:56:13.715+0200] {logging_mixin.py:188} INFO - [2024-01-14T15:56:13.715+0200] {dag.py:3820} INFO - Setting next_dagrun for tutorial_dag to None, run_after=None
[2024-01-14T15:56:13.781+0200] {processor.py:183} INFO - Processing /home/mahmoud/airflow_env/lib/python3.10/site-packages/airflow/example_dags/tutorial_dag.py took 0.176 seconds
[2024-01-14T15:57:11.483+0200] {processor.py:161} INFO - Started process (PID=30599) to work on /home/mahmoud/airflow_env/lib/python3.10/site-packages/airflow/example_dags/tutorial_dag.py
[2024-01-14T15:57:11.486+0200] {processor.py:830} INFO - Processing file /home/mahmoud/airflow_env/lib/python3.10/site-packages/airflow/example_dags/tutorial_dag.py for tasks to queue
[2024-01-14T15:57:11.489+0200] {logging_mixin.py:188} INFO - [2024-01-14T15:57:11.488+0200] {dagbag.py:538} INFO - Filling up the DagBag from /home/mahmoud/airflow_env/lib/python3.10/site-packages/airflow/example_dags/tutorial_dag.py
[2024-01-14T15:57:11.505+0200] {processor.py:840} INFO - DAG(s) 'tutorial_dag' retrieved from /home/mahmoud/airflow_env/lib/python3.10/site-packages/airflow/example_dags/tutorial_dag.py
[2024-01-14T15:57:11.550+0200] {logging_mixin.py:188} INFO - [2024-01-14T15:57:11.549+0200] {dag.py:3033} INFO - Sync 1 DAGs
[2024-01-14T15:57:11.585+0200] {logging_mixin.py:188} INFO - [2024-01-14T15:57:11.584+0200] {dag.py:3820} INFO - Setting next_dagrun for tutorial_dag to None, run_after=None
[2024-01-14T15:57:11.645+0200] {processor.py:183} INFO - Processing /home/mahmoud/airflow_env/lib/python3.10/site-packages/airflow/example_dags/tutorial_dag.py took 0.172 seconds
[2024-01-14T15:58:02.328+0200] {processor.py:161} INFO - Started process (PID=30829) to work on /home/mahmoud/airflow_env/lib/python3.10/site-packages/airflow/example_dags/tutorial_dag.py
[2024-01-14T15:58:02.331+0200] {processor.py:830} INFO - Processing file /home/mahmoud/airflow_env/lib/python3.10/site-packages/airflow/example_dags/tutorial_dag.py for tasks to queue
[2024-01-14T15:58:02.332+0200] {logging_mixin.py:188} INFO - [2024-01-14T15:58:02.332+0200] {dagbag.py:538} INFO - Filling up the DagBag from /home/mahmoud/airflow_env/lib/python3.10/site-packages/airflow/example_dags/tutorial_dag.py
[2024-01-14T15:58:02.343+0200] {processor.py:840} INFO - DAG(s) 'tutorial_dag' retrieved from /home/mahmoud/airflow_env/lib/python3.10/site-packages/airflow/example_dags/tutorial_dag.py
[2024-01-14T15:58:02.364+0200] {logging_mixin.py:188} INFO - [2024-01-14T15:58:02.364+0200] {dag.py:3033} INFO - Sync 1 DAGs
[2024-01-14T15:58:02.377+0200] {logging_mixin.py:188} INFO - [2024-01-14T15:58:02.377+0200] {dag.py:3820} INFO - Setting next_dagrun for tutorial_dag to None, run_after=None
[2024-01-14T15:58:02.400+0200] {processor.py:183} INFO - Processing /home/mahmoud/airflow_env/lib/python3.10/site-packages/airflow/example_dags/tutorial_dag.py took 0.079 seconds
