[2024-01-14T15:08:29.213+0200] {processor.py:161} INFO - Started process (PID=16147) to work on /home/mahmoud/airflow_env/lib/python3.10/site-packages/airflow/example_dags/tutorial_taskflow_api_virtualenv.py
[2024-01-14T15:08:29.214+0200] {processor.py:830} INFO - Processing file /home/mahmoud/airflow_env/lib/python3.10/site-packages/airflow/example_dags/tutorial_taskflow_api_virtualenv.py for tasks to queue
[2024-01-14T15:08:29.215+0200] {logging_mixin.py:188} INFO - [2024-01-14T15:08:29.215+0200] {dagbag.py:538} INFO - Filling up the DagBag from /home/mahmoud/airflow_env/lib/python3.10/site-packages/airflow/example_dags/tutorial_taskflow_api_virtualenv.py
[2024-01-14T15:08:29.223+0200] {processor.py:840} INFO - DAG(s) 'tutorial_taskflow_api_virtualenv' retrieved from /home/mahmoud/airflow_env/lib/python3.10/site-packages/airflow/example_dags/tutorial_taskflow_api_virtualenv.py
[2024-01-14T15:08:29.385+0200] {logging_mixin.py:188} INFO - [2024-01-14T15:08:29.385+0200] {override.py:1769} INFO - Created Permission View: can edit on DAG:tutorial_taskflow_api_virtualenv
[2024-01-14T15:08:29.400+0200] {logging_mixin.py:188} INFO - [2024-01-14T15:08:29.400+0200] {override.py:1769} INFO - Created Permission View: can delete on DAG:tutorial_taskflow_api_virtualenv
[2024-01-14T15:08:29.410+0200] {logging_mixin.py:188} INFO - [2024-01-14T15:08:29.410+0200] {override.py:1769} INFO - Created Permission View: can read on DAG:tutorial_taskflow_api_virtualenv
[2024-01-14T15:08:29.411+0200] {logging_mixin.py:188} INFO - [2024-01-14T15:08:29.411+0200] {dag.py:3033} INFO - Sync 1 DAGs
[2024-01-14T15:08:29.419+0200] {logging_mixin.py:188} INFO - [2024-01-14T15:08:29.419+0200] {dag.py:3055} INFO - Creating ORM DAG for tutorial_taskflow_api_virtualenv
[2024-01-14T15:08:29.419+0200] {logging_mixin.py:188} INFO - [2024-01-14T15:08:29.419+0200] {dag.py:3820} INFO - Setting next_dagrun for tutorial_taskflow_api_virtualenv to None, run_after=None
[2024-01-14T15:08:29.440+0200] {processor.py:183} INFO - Processing /home/mahmoud/airflow_env/lib/python3.10/site-packages/airflow/example_dags/tutorial_taskflow_api_virtualenv.py took 0.231 seconds
[2024-01-14T15:09:19.842+0200] {processor.py:161} INFO - Started process (PID=16493) to work on /home/mahmoud/airflow_env/lib/python3.10/site-packages/airflow/example_dags/tutorial_taskflow_api_virtualenv.py
[2024-01-14T15:09:19.844+0200] {processor.py:830} INFO - Processing file /home/mahmoud/airflow_env/lib/python3.10/site-packages/airflow/example_dags/tutorial_taskflow_api_virtualenv.py for tasks to queue
[2024-01-14T15:09:19.846+0200] {logging_mixin.py:188} INFO - [2024-01-14T15:09:19.845+0200] {dagbag.py:538} INFO - Filling up the DagBag from /home/mahmoud/airflow_env/lib/python3.10/site-packages/airflow/example_dags/tutorial_taskflow_api_virtualenv.py
[2024-01-14T15:09:19.856+0200] {processor.py:840} INFO - DAG(s) 'tutorial_taskflow_api_virtualenv' retrieved from /home/mahmoud/airflow_env/lib/python3.10/site-packages/airflow/example_dags/tutorial_taskflow_api_virtualenv.py
[2024-01-14T15:09:19.872+0200] {logging_mixin.py:188} INFO - [2024-01-14T15:09:19.872+0200] {dag.py:3033} INFO - Sync 1 DAGs
[2024-01-14T15:09:19.883+0200] {logging_mixin.py:188} INFO - [2024-01-14T15:09:19.882+0200] {dag.py:3820} INFO - Setting next_dagrun for tutorial_taskflow_api_virtualenv to None, run_after=None
[2024-01-14T15:09:19.905+0200] {processor.py:183} INFO - Processing /home/mahmoud/airflow_env/lib/python3.10/site-packages/airflow/example_dags/tutorial_taskflow_api_virtualenv.py took 0.068 seconds
[2024-01-14T15:10:07.988+0200] {processor.py:161} INFO - Started process (PID=16703) to work on /home/mahmoud/airflow_env/lib/python3.10/site-packages/airflow/example_dags/tutorial_taskflow_api_virtualenv.py
[2024-01-14T15:10:07.989+0200] {processor.py:830} INFO - Processing file /home/mahmoud/airflow_env/lib/python3.10/site-packages/airflow/example_dags/tutorial_taskflow_api_virtualenv.py for tasks to queue
[2024-01-14T15:10:07.990+0200] {logging_mixin.py:188} INFO - [2024-01-14T15:10:07.990+0200] {dagbag.py:538} INFO - Filling up the DagBag from /home/mahmoud/airflow_env/lib/python3.10/site-packages/airflow/example_dags/tutorial_taskflow_api_virtualenv.py
[2024-01-14T15:10:08.000+0200] {processor.py:840} INFO - DAG(s) 'tutorial_taskflow_api_virtualenv' retrieved from /home/mahmoud/airflow_env/lib/python3.10/site-packages/airflow/example_dags/tutorial_taskflow_api_virtualenv.py
[2024-01-14T15:10:08.017+0200] {logging_mixin.py:188} INFO - [2024-01-14T15:10:08.017+0200] {dag.py:3033} INFO - Sync 1 DAGs
[2024-01-14T15:10:08.028+0200] {logging_mixin.py:188} INFO - [2024-01-14T15:10:08.028+0200] {dag.py:3820} INFO - Setting next_dagrun for tutorial_taskflow_api_virtualenv to None, run_after=None
[2024-01-14T15:10:08.053+0200] {processor.py:183} INFO - Processing /home/mahmoud/airflow_env/lib/python3.10/site-packages/airflow/example_dags/tutorial_taskflow_api_virtualenv.py took 0.068 seconds
[2024-01-14T15:11:06.196+0200] {processor.py:161} INFO - Started process (PID=16936) to work on /home/mahmoud/airflow_env/lib/python3.10/site-packages/airflow/example_dags/tutorial_taskflow_api_virtualenv.py
[2024-01-14T15:11:06.199+0200] {processor.py:830} INFO - Processing file /home/mahmoud/airflow_env/lib/python3.10/site-packages/airflow/example_dags/tutorial_taskflow_api_virtualenv.py for tasks to queue
[2024-01-14T15:11:06.202+0200] {logging_mixin.py:188} INFO - [2024-01-14T15:11:06.201+0200] {dagbag.py:538} INFO - Filling up the DagBag from /home/mahmoud/airflow_env/lib/python3.10/site-packages/airflow/example_dags/tutorial_taskflow_api_virtualenv.py
[2024-01-14T15:11:06.215+0200] {processor.py:840} INFO - DAG(s) 'tutorial_taskflow_api_virtualenv' retrieved from /home/mahmoud/airflow_env/lib/python3.10/site-packages/airflow/example_dags/tutorial_taskflow_api_virtualenv.py
[2024-01-14T15:11:06.232+0200] {logging_mixin.py:188} INFO - [2024-01-14T15:11:06.232+0200] {dag.py:3033} INFO - Sync 1 DAGs
[2024-01-14T15:11:06.243+0200] {logging_mixin.py:188} INFO - [2024-01-14T15:11:06.243+0200] {dag.py:3820} INFO - Setting next_dagrun for tutorial_taskflow_api_virtualenv to None, run_after=None
[2024-01-14T15:11:06.266+0200] {processor.py:183} INFO - Processing /home/mahmoud/airflow_env/lib/python3.10/site-packages/airflow/example_dags/tutorial_taskflow_api_virtualenv.py took 0.078 seconds
[2024-01-14T15:12:02.135+0200] {processor.py:161} INFO - Started process (PID=17197) to work on /home/mahmoud/airflow_env/lib/python3.10/site-packages/airflow/example_dags/tutorial_taskflow_api_virtualenv.py
[2024-01-14T15:12:02.136+0200] {processor.py:830} INFO - Processing file /home/mahmoud/airflow_env/lib/python3.10/site-packages/airflow/example_dags/tutorial_taskflow_api_virtualenv.py for tasks to queue
[2024-01-14T15:12:02.137+0200] {logging_mixin.py:188} INFO - [2024-01-14T15:12:02.137+0200] {dagbag.py:538} INFO - Filling up the DagBag from /home/mahmoud/airflow_env/lib/python3.10/site-packages/airflow/example_dags/tutorial_taskflow_api_virtualenv.py
[2024-01-14T15:12:02.144+0200] {processor.py:840} INFO - DAG(s) 'tutorial_taskflow_api_virtualenv' retrieved from /home/mahmoud/airflow_env/lib/python3.10/site-packages/airflow/example_dags/tutorial_taskflow_api_virtualenv.py
[2024-01-14T15:12:02.159+0200] {logging_mixin.py:188} INFO - [2024-01-14T15:12:02.159+0200] {dag.py:3033} INFO - Sync 1 DAGs
[2024-01-14T15:12:02.168+0200] {logging_mixin.py:188} INFO - [2024-01-14T15:12:02.168+0200] {dag.py:3820} INFO - Setting next_dagrun for tutorial_taskflow_api_virtualenv to None, run_after=None
[2024-01-14T15:12:02.185+0200] {processor.py:183} INFO - Processing /home/mahmoud/airflow_env/lib/python3.10/site-packages/airflow/example_dags/tutorial_taskflow_api_virtualenv.py took 0.053 seconds
[2024-01-14T15:12:55.899+0200] {processor.py:161} INFO - Started process (PID=17413) to work on /home/mahmoud/airflow_env/lib/python3.10/site-packages/airflow/example_dags/tutorial_taskflow_api_virtualenv.py
[2024-01-14T15:12:55.902+0200] {processor.py:830} INFO - Processing file /home/mahmoud/airflow_env/lib/python3.10/site-packages/airflow/example_dags/tutorial_taskflow_api_virtualenv.py for tasks to queue
[2024-01-14T15:12:55.903+0200] {logging_mixin.py:188} INFO - [2024-01-14T15:12:55.903+0200] {dagbag.py:538} INFO - Filling up the DagBag from /home/mahmoud/airflow_env/lib/python3.10/site-packages/airflow/example_dags/tutorial_taskflow_api_virtualenv.py
[2024-01-14T15:12:55.912+0200] {processor.py:840} INFO - DAG(s) 'tutorial_taskflow_api_virtualenv' retrieved from /home/mahmoud/airflow_env/lib/python3.10/site-packages/airflow/example_dags/tutorial_taskflow_api_virtualenv.py
[2024-01-14T15:12:55.927+0200] {logging_mixin.py:188} INFO - [2024-01-14T15:12:55.927+0200] {dag.py:3033} INFO - Sync 1 DAGs
[2024-01-14T15:12:55.937+0200] {logging_mixin.py:188} INFO - [2024-01-14T15:12:55.937+0200] {dag.py:3820} INFO - Setting next_dagrun for tutorial_taskflow_api_virtualenv to None, run_after=None
[2024-01-14T15:12:55.961+0200] {processor.py:183} INFO - Processing /home/mahmoud/airflow_env/lib/python3.10/site-packages/airflow/example_dags/tutorial_taskflow_api_virtualenv.py took 0.067 seconds
[2024-01-14T15:13:49.132+0200] {processor.py:161} INFO - Started process (PID=17670) to work on /home/mahmoud/airflow_env/lib/python3.10/site-packages/airflow/example_dags/tutorial_taskflow_api_virtualenv.py
[2024-01-14T15:13:49.134+0200] {processor.py:830} INFO - Processing file /home/mahmoud/airflow_env/lib/python3.10/site-packages/airflow/example_dags/tutorial_taskflow_api_virtualenv.py for tasks to queue
[2024-01-14T15:13:49.135+0200] {logging_mixin.py:188} INFO - [2024-01-14T15:13:49.134+0200] {dagbag.py:538} INFO - Filling up the DagBag from /home/mahmoud/airflow_env/lib/python3.10/site-packages/airflow/example_dags/tutorial_taskflow_api_virtualenv.py
[2024-01-14T15:13:49.143+0200] {processor.py:840} INFO - DAG(s) 'tutorial_taskflow_api_virtualenv' retrieved from /home/mahmoud/airflow_env/lib/python3.10/site-packages/airflow/example_dags/tutorial_taskflow_api_virtualenv.py
[2024-01-14T15:13:49.160+0200] {logging_mixin.py:188} INFO - [2024-01-14T15:13:49.159+0200] {dag.py:3033} INFO - Sync 1 DAGs
[2024-01-14T15:13:49.170+0200] {logging_mixin.py:188} INFO - [2024-01-14T15:13:49.170+0200] {dag.py:3820} INFO - Setting next_dagrun for tutorial_taskflow_api_virtualenv to None, run_after=None
[2024-01-14T15:13:49.193+0200] {processor.py:183} INFO - Processing /home/mahmoud/airflow_env/lib/python3.10/site-packages/airflow/example_dags/tutorial_taskflow_api_virtualenv.py took 0.064 seconds
[2024-01-14T15:20:16.680+0200] {processor.py:161} INFO - Started process (PID=19527) to work on /home/mahmoud/airflow_env/lib/python3.10/site-packages/airflow/example_dags/tutorial_taskflow_api_virtualenv.py
[2024-01-14T15:20:16.681+0200] {processor.py:830} INFO - Processing file /home/mahmoud/airflow_env/lib/python3.10/site-packages/airflow/example_dags/tutorial_taskflow_api_virtualenv.py for tasks to queue
[2024-01-14T15:20:16.682+0200] {logging_mixin.py:188} INFO - [2024-01-14T15:20:16.682+0200] {dagbag.py:538} INFO - Filling up the DagBag from /home/mahmoud/airflow_env/lib/python3.10/site-packages/airflow/example_dags/tutorial_taskflow_api_virtualenv.py
[2024-01-14T15:20:16.688+0200] {processor.py:840} INFO - DAG(s) 'tutorial_taskflow_api_virtualenv' retrieved from /home/mahmoud/airflow_env/lib/python3.10/site-packages/airflow/example_dags/tutorial_taskflow_api_virtualenv.py
[2024-01-14T15:20:16.702+0200] {logging_mixin.py:188} INFO - [2024-01-14T15:20:16.702+0200] {dag.py:3033} INFO - Sync 1 DAGs
[2024-01-14T15:20:16.792+0200] {logging_mixin.py:188} INFO - [2024-01-14T15:20:16.792+0200] {dag.py:3820} INFO - Setting next_dagrun for tutorial_taskflow_api_virtualenv to None, run_after=None
[2024-01-14T15:20:16.818+0200] {processor.py:183} INFO - Processing /home/mahmoud/airflow_env/lib/python3.10/site-packages/airflow/example_dags/tutorial_taskflow_api_virtualenv.py took 0.140 seconds
[2024-01-14T15:21:06.905+0200] {processor.py:161} INFO - Started process (PID=19726) to work on /home/mahmoud/airflow_env/lib/python3.10/site-packages/airflow/example_dags/tutorial_taskflow_api_virtualenv.py
[2024-01-14T15:21:06.907+0200] {processor.py:830} INFO - Processing file /home/mahmoud/airflow_env/lib/python3.10/site-packages/airflow/example_dags/tutorial_taskflow_api_virtualenv.py for tasks to queue
[2024-01-14T15:21:06.908+0200] {logging_mixin.py:188} INFO - [2024-01-14T15:21:06.908+0200] {dagbag.py:538} INFO - Filling up the DagBag from /home/mahmoud/airflow_env/lib/python3.10/site-packages/airflow/example_dags/tutorial_taskflow_api_virtualenv.py
[2024-01-14T15:21:06.916+0200] {processor.py:840} INFO - DAG(s) 'tutorial_taskflow_api_virtualenv' retrieved from /home/mahmoud/airflow_env/lib/python3.10/site-packages/airflow/example_dags/tutorial_taskflow_api_virtualenv.py
[2024-01-14T15:21:06.931+0200] {logging_mixin.py:188} INFO - [2024-01-14T15:21:06.931+0200] {dag.py:3033} INFO - Sync 1 DAGs
[2024-01-14T15:21:06.941+0200] {logging_mixin.py:188} INFO - [2024-01-14T15:21:06.941+0200] {dag.py:3820} INFO - Setting next_dagrun for tutorial_taskflow_api_virtualenv to None, run_after=None
[2024-01-14T15:21:06.963+0200] {processor.py:183} INFO - Processing /home/mahmoud/airflow_env/lib/python3.10/site-packages/airflow/example_dags/tutorial_taskflow_api_virtualenv.py took 0.060 seconds
[2024-01-14T15:21:56.278+0200] {processor.py:161} INFO - Started process (PID=19913) to work on /home/mahmoud/airflow_env/lib/python3.10/site-packages/airflow/example_dags/tutorial_taskflow_api_virtualenv.py
[2024-01-14T15:21:56.281+0200] {processor.py:830} INFO - Processing file /home/mahmoud/airflow_env/lib/python3.10/site-packages/airflow/example_dags/tutorial_taskflow_api_virtualenv.py for tasks to queue
[2024-01-14T15:21:56.282+0200] {logging_mixin.py:188} INFO - [2024-01-14T15:21:56.281+0200] {dagbag.py:538} INFO - Filling up the DagBag from /home/mahmoud/airflow_env/lib/python3.10/site-packages/airflow/example_dags/tutorial_taskflow_api_virtualenv.py
[2024-01-14T15:21:56.292+0200] {processor.py:840} INFO - DAG(s) 'tutorial_taskflow_api_virtualenv' retrieved from /home/mahmoud/airflow_env/lib/python3.10/site-packages/airflow/example_dags/tutorial_taskflow_api_virtualenv.py
[2024-01-14T15:21:56.305+0200] {logging_mixin.py:188} INFO - [2024-01-14T15:21:56.305+0200] {dag.py:3033} INFO - Sync 1 DAGs
[2024-01-14T15:21:56.315+0200] {logging_mixin.py:188} INFO - [2024-01-14T15:21:56.315+0200] {dag.py:3820} INFO - Setting next_dagrun for tutorial_taskflow_api_virtualenv to None, run_after=None
[2024-01-14T15:21:56.335+0200] {processor.py:183} INFO - Processing /home/mahmoud/airflow_env/lib/python3.10/site-packages/airflow/example_dags/tutorial_taskflow_api_virtualenv.py took 0.063 seconds
[2024-01-14T15:22:49.661+0200] {processor.py:161} INFO - Started process (PID=20126) to work on /home/mahmoud/airflow_env/lib/python3.10/site-packages/airflow/example_dags/tutorial_taskflow_api_virtualenv.py
[2024-01-14T15:22:49.665+0200] {processor.py:830} INFO - Processing file /home/mahmoud/airflow_env/lib/python3.10/site-packages/airflow/example_dags/tutorial_taskflow_api_virtualenv.py for tasks to queue
[2024-01-14T15:22:49.666+0200] {logging_mixin.py:188} INFO - [2024-01-14T15:22:49.666+0200] {dagbag.py:538} INFO - Filling up the DagBag from /home/mahmoud/airflow_env/lib/python3.10/site-packages/airflow/example_dags/tutorial_taskflow_api_virtualenv.py
[2024-01-14T15:22:49.678+0200] {processor.py:840} INFO - DAG(s) 'tutorial_taskflow_api_virtualenv' retrieved from /home/mahmoud/airflow_env/lib/python3.10/site-packages/airflow/example_dags/tutorial_taskflow_api_virtualenv.py
[2024-01-14T15:22:49.695+0200] {logging_mixin.py:188} INFO - [2024-01-14T15:22:49.695+0200] {dag.py:3033} INFO - Sync 1 DAGs
[2024-01-14T15:22:49.705+0200] {logging_mixin.py:188} INFO - [2024-01-14T15:22:49.705+0200] {dag.py:3820} INFO - Setting next_dagrun for tutorial_taskflow_api_virtualenv to None, run_after=None
[2024-01-14T15:22:49.726+0200] {processor.py:183} INFO - Processing /home/mahmoud/airflow_env/lib/python3.10/site-packages/airflow/example_dags/tutorial_taskflow_api_virtualenv.py took 0.072 seconds
[2024-01-14T15:38:08.983+0200] {processor.py:161} INFO - Started process (PID=24608) to work on /home/mahmoud/airflow_env/lib/python3.10/site-packages/airflow/example_dags/tutorial_taskflow_api_virtualenv.py
[2024-01-14T15:38:08.986+0200] {processor.py:830} INFO - Processing file /home/mahmoud/airflow_env/lib/python3.10/site-packages/airflow/example_dags/tutorial_taskflow_api_virtualenv.py for tasks to queue
[2024-01-14T15:38:08.987+0200] {logging_mixin.py:188} INFO - [2024-01-14T15:38:08.987+0200] {dagbag.py:538} INFO - Filling up the DagBag from /home/mahmoud/airflow_env/lib/python3.10/site-packages/airflow/example_dags/tutorial_taskflow_api_virtualenv.py
[2024-01-14T15:38:08.995+0200] {processor.py:840} INFO - DAG(s) 'tutorial_taskflow_api_virtualenv' retrieved from /home/mahmoud/airflow_env/lib/python3.10/site-packages/airflow/example_dags/tutorial_taskflow_api_virtualenv.py
[2024-01-14T15:38:09.011+0200] {logging_mixin.py:188} INFO - [2024-01-14T15:38:09.011+0200] {dag.py:3033} INFO - Sync 1 DAGs
[2024-01-14T15:38:09.108+0200] {logging_mixin.py:188} INFO - [2024-01-14T15:38:09.107+0200] {dag.py:3820} INFO - Setting next_dagrun for tutorial_taskflow_api_virtualenv to None, run_after=None
[2024-01-14T15:38:09.132+0200] {processor.py:183} INFO - Processing /home/mahmoud/airflow_env/lib/python3.10/site-packages/airflow/example_dags/tutorial_taskflow_api_virtualenv.py took 0.154 seconds
[2024-01-14T15:38:58.105+0200] {processor.py:161} INFO - Started process (PID=24990) to work on /home/mahmoud/airflow_env/lib/python3.10/site-packages/airflow/example_dags/tutorial_taskflow_api_virtualenv.py
[2024-01-14T15:38:58.107+0200] {processor.py:830} INFO - Processing file /home/mahmoud/airflow_env/lib/python3.10/site-packages/airflow/example_dags/tutorial_taskflow_api_virtualenv.py for tasks to queue
[2024-01-14T15:38:58.108+0200] {logging_mixin.py:188} INFO - [2024-01-14T15:38:58.108+0200] {dagbag.py:538} INFO - Filling up the DagBag from /home/mahmoud/airflow_env/lib/python3.10/site-packages/airflow/example_dags/tutorial_taskflow_api_virtualenv.py
[2024-01-14T15:38:58.119+0200] {processor.py:840} INFO - DAG(s) 'tutorial_taskflow_api_virtualenv' retrieved from /home/mahmoud/airflow_env/lib/python3.10/site-packages/airflow/example_dags/tutorial_taskflow_api_virtualenv.py
[2024-01-14T15:38:58.142+0200] {logging_mixin.py:188} INFO - [2024-01-14T15:38:58.142+0200] {dag.py:3033} INFO - Sync 1 DAGs
[2024-01-14T15:38:58.152+0200] {logging_mixin.py:188} INFO - [2024-01-14T15:38:58.151+0200] {dag.py:3820} INFO - Setting next_dagrun for tutorial_taskflow_api_virtualenv to None, run_after=None
[2024-01-14T15:38:58.178+0200] {processor.py:183} INFO - Processing /home/mahmoud/airflow_env/lib/python3.10/site-packages/airflow/example_dags/tutorial_taskflow_api_virtualenv.py took 0.078 seconds
[2024-01-14T15:39:43.423+0200] {processor.py:161} INFO - Started process (PID=25231) to work on /home/mahmoud/airflow_env/lib/python3.10/site-packages/airflow/example_dags/tutorial_taskflow_api_virtualenv.py
[2024-01-14T15:39:43.425+0200] {processor.py:830} INFO - Processing file /home/mahmoud/airflow_env/lib/python3.10/site-packages/airflow/example_dags/tutorial_taskflow_api_virtualenv.py for tasks to queue
[2024-01-14T15:39:43.426+0200] {logging_mixin.py:188} INFO - [2024-01-14T15:39:43.425+0200] {dagbag.py:538} INFO - Filling up the DagBag from /home/mahmoud/airflow_env/lib/python3.10/site-packages/airflow/example_dags/tutorial_taskflow_api_virtualenv.py
[2024-01-14T15:39:43.433+0200] {processor.py:840} INFO - DAG(s) 'tutorial_taskflow_api_virtualenv' retrieved from /home/mahmoud/airflow_env/lib/python3.10/site-packages/airflow/example_dags/tutorial_taskflow_api_virtualenv.py
[2024-01-14T15:39:43.446+0200] {logging_mixin.py:188} INFO - [2024-01-14T15:39:43.446+0200] {dag.py:3033} INFO - Sync 1 DAGs
[2024-01-14T15:39:43.457+0200] {logging_mixin.py:188} INFO - [2024-01-14T15:39:43.457+0200] {dag.py:3820} INFO - Setting next_dagrun for tutorial_taskflow_api_virtualenv to None, run_after=None
[2024-01-14T15:39:43.480+0200] {processor.py:183} INFO - Processing /home/mahmoud/airflow_env/lib/python3.10/site-packages/airflow/example_dags/tutorial_taskflow_api_virtualenv.py took 0.062 seconds
[2024-01-14T15:40:37.138+0200] {processor.py:161} INFO - Started process (PID=25440) to work on /home/mahmoud/airflow_env/lib/python3.10/site-packages/airflow/example_dags/tutorial_taskflow_api_virtualenv.py
[2024-01-14T15:40:37.141+0200] {processor.py:830} INFO - Processing file /home/mahmoud/airflow_env/lib/python3.10/site-packages/airflow/example_dags/tutorial_taskflow_api_virtualenv.py for tasks to queue
[2024-01-14T15:40:37.142+0200] {logging_mixin.py:188} INFO - [2024-01-14T15:40:37.142+0200] {dagbag.py:538} INFO - Filling up the DagBag from /home/mahmoud/airflow_env/lib/python3.10/site-packages/airflow/example_dags/tutorial_taskflow_api_virtualenv.py
[2024-01-14T15:40:37.148+0200] {processor.py:840} INFO - DAG(s) 'tutorial_taskflow_api_virtualenv' retrieved from /home/mahmoud/airflow_env/lib/python3.10/site-packages/airflow/example_dags/tutorial_taskflow_api_virtualenv.py
[2024-01-14T15:40:37.161+0200] {logging_mixin.py:188} INFO - [2024-01-14T15:40:37.161+0200] {dag.py:3033} INFO - Sync 1 DAGs
[2024-01-14T15:40:37.171+0200] {logging_mixin.py:188} INFO - [2024-01-14T15:40:37.171+0200] {dag.py:3820} INFO - Setting next_dagrun for tutorial_taskflow_api_virtualenv to None, run_after=None
[2024-01-14T15:40:37.195+0200] {processor.py:183} INFO - Processing /home/mahmoud/airflow_env/lib/python3.10/site-packages/airflow/example_dags/tutorial_taskflow_api_virtualenv.py took 0.060 seconds
[2024-01-14T15:41:31.179+0200] {processor.py:161} INFO - Started process (PID=25715) to work on /home/mahmoud/airflow_env/lib/python3.10/site-packages/airflow/example_dags/tutorial_taskflow_api_virtualenv.py
[2024-01-14T15:41:31.181+0200] {processor.py:830} INFO - Processing file /home/mahmoud/airflow_env/lib/python3.10/site-packages/airflow/example_dags/tutorial_taskflow_api_virtualenv.py for tasks to queue
[2024-01-14T15:41:31.181+0200] {logging_mixin.py:188} INFO - [2024-01-14T15:41:31.181+0200] {dagbag.py:538} INFO - Filling up the DagBag from /home/mahmoud/airflow_env/lib/python3.10/site-packages/airflow/example_dags/tutorial_taskflow_api_virtualenv.py
[2024-01-14T15:41:31.187+0200] {processor.py:840} INFO - DAG(s) 'tutorial_taskflow_api_virtualenv' retrieved from /home/mahmoud/airflow_env/lib/python3.10/site-packages/airflow/example_dags/tutorial_taskflow_api_virtualenv.py
[2024-01-14T15:41:31.199+0200] {logging_mixin.py:188} INFO - [2024-01-14T15:41:31.199+0200] {dag.py:3033} INFO - Sync 1 DAGs
[2024-01-14T15:41:31.209+0200] {logging_mixin.py:188} INFO - [2024-01-14T15:41:31.209+0200] {dag.py:3820} INFO - Setting next_dagrun for tutorial_taskflow_api_virtualenv to None, run_after=None
[2024-01-14T15:41:31.246+0200] {processor.py:183} INFO - Processing /home/mahmoud/airflow_env/lib/python3.10/site-packages/airflow/example_dags/tutorial_taskflow_api_virtualenv.py took 0.070 seconds
[2024-01-14T15:42:23.059+0200] {processor.py:161} INFO - Started process (PID=25919) to work on /home/mahmoud/airflow_env/lib/python3.10/site-packages/airflow/example_dags/tutorial_taskflow_api_virtualenv.py
[2024-01-14T15:42:23.062+0200] {processor.py:830} INFO - Processing file /home/mahmoud/airflow_env/lib/python3.10/site-packages/airflow/example_dags/tutorial_taskflow_api_virtualenv.py for tasks to queue
[2024-01-14T15:42:23.063+0200] {logging_mixin.py:188} INFO - [2024-01-14T15:42:23.062+0200] {dagbag.py:538} INFO - Filling up the DagBag from /home/mahmoud/airflow_env/lib/python3.10/site-packages/airflow/example_dags/tutorial_taskflow_api_virtualenv.py
[2024-01-14T15:42:23.080+0200] {processor.py:840} INFO - DAG(s) 'tutorial_taskflow_api_virtualenv' retrieved from /home/mahmoud/airflow_env/lib/python3.10/site-packages/airflow/example_dags/tutorial_taskflow_api_virtualenv.py
[2024-01-14T15:42:23.102+0200] {logging_mixin.py:188} INFO - [2024-01-14T15:42:23.102+0200] {dag.py:3033} INFO - Sync 1 DAGs
[2024-01-14T15:42:23.114+0200] {logging_mixin.py:188} INFO - [2024-01-14T15:42:23.114+0200] {dag.py:3820} INFO - Setting next_dagrun for tutorial_taskflow_api_virtualenv to None, run_after=None
[2024-01-14T15:42:23.140+0200] {processor.py:183} INFO - Processing /home/mahmoud/airflow_env/lib/python3.10/site-packages/airflow/example_dags/tutorial_taskflow_api_virtualenv.py took 0.087 seconds
[2024-01-14T15:43:26.225+0200] {processor.py:161} INFO - Started process (PID=26701) to work on /home/mahmoud/airflow_env/lib/python3.10/site-packages/airflow/example_dags/tutorial_taskflow_api_virtualenv.py
[2024-01-14T15:43:26.227+0200] {processor.py:830} INFO - Processing file /home/mahmoud/airflow_env/lib/python3.10/site-packages/airflow/example_dags/tutorial_taskflow_api_virtualenv.py for tasks to queue
[2024-01-14T15:43:26.227+0200] {logging_mixin.py:188} INFO - [2024-01-14T15:43:26.227+0200] {dagbag.py:538} INFO - Filling up the DagBag from /home/mahmoud/airflow_env/lib/python3.10/site-packages/airflow/example_dags/tutorial_taskflow_api_virtualenv.py
[2024-01-14T15:43:26.233+0200] {processor.py:840} INFO - DAG(s) 'tutorial_taskflow_api_virtualenv' retrieved from /home/mahmoud/airflow_env/lib/python3.10/site-packages/airflow/example_dags/tutorial_taskflow_api_virtualenv.py
[2024-01-14T15:43:26.245+0200] {logging_mixin.py:188} INFO - [2024-01-14T15:43:26.245+0200] {dag.py:3033} INFO - Sync 1 DAGs
[2024-01-14T15:43:26.254+0200] {logging_mixin.py:188} INFO - [2024-01-14T15:43:26.254+0200] {dag.py:3820} INFO - Setting next_dagrun for tutorial_taskflow_api_virtualenv to None, run_after=None
[2024-01-14T15:43:26.285+0200] {processor.py:183} INFO - Processing /home/mahmoud/airflow_env/lib/python3.10/site-packages/airflow/example_dags/tutorial_taskflow_api_virtualenv.py took 0.062 seconds
[2024-01-14T15:44:16.575+0200] {processor.py:161} INFO - Started process (PID=27107) to work on /home/mahmoud/airflow_env/lib/python3.10/site-packages/airflow/example_dags/tutorial_taskflow_api_virtualenv.py
[2024-01-14T15:44:16.578+0200] {processor.py:830} INFO - Processing file /home/mahmoud/airflow_env/lib/python3.10/site-packages/airflow/example_dags/tutorial_taskflow_api_virtualenv.py for tasks to queue
[2024-01-14T15:44:16.580+0200] {logging_mixin.py:188} INFO - [2024-01-14T15:44:16.579+0200] {dagbag.py:538} INFO - Filling up the DagBag from /home/mahmoud/airflow_env/lib/python3.10/site-packages/airflow/example_dags/tutorial_taskflow_api_virtualenv.py
[2024-01-14T15:44:16.591+0200] {processor.py:840} INFO - DAG(s) 'tutorial_taskflow_api_virtualenv' retrieved from /home/mahmoud/airflow_env/lib/python3.10/site-packages/airflow/example_dags/tutorial_taskflow_api_virtualenv.py
[2024-01-14T15:44:16.609+0200] {logging_mixin.py:188} INFO - [2024-01-14T15:44:16.608+0200] {dag.py:3033} INFO - Sync 1 DAGs
[2024-01-14T15:44:16.619+0200] {logging_mixin.py:188} INFO - [2024-01-14T15:44:16.619+0200] {dag.py:3820} INFO - Setting next_dagrun for tutorial_taskflow_api_virtualenv to None, run_after=None
[2024-01-14T15:44:16.641+0200] {processor.py:183} INFO - Processing /home/mahmoud/airflow_env/lib/python3.10/site-packages/airflow/example_dags/tutorial_taskflow_api_virtualenv.py took 0.072 seconds
[2024-01-14T15:45:17.681+0200] {processor.py:161} INFO - Started process (PID=27752) to work on /home/mahmoud/airflow_env/lib/python3.10/site-packages/airflow/example_dags/tutorial_taskflow_api_virtualenv.py
[2024-01-14T15:45:17.682+0200] {processor.py:830} INFO - Processing file /home/mahmoud/airflow_env/lib/python3.10/site-packages/airflow/example_dags/tutorial_taskflow_api_virtualenv.py for tasks to queue
[2024-01-14T15:45:17.683+0200] {logging_mixin.py:188} INFO - [2024-01-14T15:45:17.682+0200] {dagbag.py:538} INFO - Filling up the DagBag from /home/mahmoud/airflow_env/lib/python3.10/site-packages/airflow/example_dags/tutorial_taskflow_api_virtualenv.py
[2024-01-14T15:45:17.691+0200] {processor.py:840} INFO - DAG(s) 'tutorial_taskflow_api_virtualenv' retrieved from /home/mahmoud/airflow_env/lib/python3.10/site-packages/airflow/example_dags/tutorial_taskflow_api_virtualenv.py
[2024-01-14T15:45:17.707+0200] {logging_mixin.py:188} INFO - [2024-01-14T15:45:17.706+0200] {dag.py:3033} INFO - Sync 1 DAGs
[2024-01-14T15:45:17.718+0200] {logging_mixin.py:188} INFO - [2024-01-14T15:45:17.718+0200] {dag.py:3820} INFO - Setting next_dagrun for tutorial_taskflow_api_virtualenv to None, run_after=None
[2024-01-14T15:45:17.744+0200] {processor.py:183} INFO - Processing /home/mahmoud/airflow_env/lib/python3.10/site-packages/airflow/example_dags/tutorial_taskflow_api_virtualenv.py took 0.066 seconds
[2024-01-14T15:46:09.912+0200] {processor.py:161} INFO - Started process (PID=27955) to work on /home/mahmoud/airflow_env/lib/python3.10/site-packages/airflow/example_dags/tutorial_taskflow_api_virtualenv.py
[2024-01-14T15:46:09.913+0200] {processor.py:830} INFO - Processing file /home/mahmoud/airflow_env/lib/python3.10/site-packages/airflow/example_dags/tutorial_taskflow_api_virtualenv.py for tasks to queue
[2024-01-14T15:46:09.914+0200] {logging_mixin.py:188} INFO - [2024-01-14T15:46:09.914+0200] {dagbag.py:538} INFO - Filling up the DagBag from /home/mahmoud/airflow_env/lib/python3.10/site-packages/airflow/example_dags/tutorial_taskflow_api_virtualenv.py
[2024-01-14T15:46:09.920+0200] {processor.py:840} INFO - DAG(s) 'tutorial_taskflow_api_virtualenv' retrieved from /home/mahmoud/airflow_env/lib/python3.10/site-packages/airflow/example_dags/tutorial_taskflow_api_virtualenv.py
[2024-01-14T15:46:09.932+0200] {logging_mixin.py:188} INFO - [2024-01-14T15:46:09.932+0200] {dag.py:3033} INFO - Sync 1 DAGs
[2024-01-14T15:46:09.941+0200] {logging_mixin.py:188} INFO - [2024-01-14T15:46:09.941+0200] {dag.py:3820} INFO - Setting next_dagrun for tutorial_taskflow_api_virtualenv to None, run_after=None
[2024-01-14T15:46:09.982+0200] {processor.py:183} INFO - Processing /home/mahmoud/airflow_env/lib/python3.10/site-packages/airflow/example_dags/tutorial_taskflow_api_virtualenv.py took 0.075 seconds
[2024-01-14T15:47:03.742+0200] {processor.py:161} INFO - Started process (PID=28209) to work on /home/mahmoud/airflow_env/lib/python3.10/site-packages/airflow/example_dags/tutorial_taskflow_api_virtualenv.py
[2024-01-14T15:47:03.744+0200] {processor.py:830} INFO - Processing file /home/mahmoud/airflow_env/lib/python3.10/site-packages/airflow/example_dags/tutorial_taskflow_api_virtualenv.py for tasks to queue
[2024-01-14T15:47:03.745+0200] {logging_mixin.py:188} INFO - [2024-01-14T15:47:03.745+0200] {dagbag.py:538} INFO - Filling up the DagBag from /home/mahmoud/airflow_env/lib/python3.10/site-packages/airflow/example_dags/tutorial_taskflow_api_virtualenv.py
[2024-01-14T15:47:03.750+0200] {processor.py:840} INFO - DAG(s) 'tutorial_taskflow_api_virtualenv' retrieved from /home/mahmoud/airflow_env/lib/python3.10/site-packages/airflow/example_dags/tutorial_taskflow_api_virtualenv.py
[2024-01-14T15:47:03.762+0200] {logging_mixin.py:188} INFO - [2024-01-14T15:47:03.762+0200] {dag.py:3033} INFO - Sync 1 DAGs
[2024-01-14T15:47:03.771+0200] {logging_mixin.py:188} INFO - [2024-01-14T15:47:03.771+0200] {dag.py:3820} INFO - Setting next_dagrun for tutorial_taskflow_api_virtualenv to None, run_after=None
[2024-01-14T15:47:03.791+0200] {processor.py:183} INFO - Processing /home/mahmoud/airflow_env/lib/python3.10/site-packages/airflow/example_dags/tutorial_taskflow_api_virtualenv.py took 0.052 seconds
[2024-01-14T15:47:56.925+0200] {processor.py:161} INFO - Started process (PID=28472) to work on /home/mahmoud/airflow_env/lib/python3.10/site-packages/airflow/example_dags/tutorial_taskflow_api_virtualenv.py
[2024-01-14T15:47:56.927+0200] {processor.py:830} INFO - Processing file /home/mahmoud/airflow_env/lib/python3.10/site-packages/airflow/example_dags/tutorial_taskflow_api_virtualenv.py for tasks to queue
[2024-01-14T15:47:56.928+0200] {logging_mixin.py:188} INFO - [2024-01-14T15:47:56.927+0200] {dagbag.py:538} INFO - Filling up the DagBag from /home/mahmoud/airflow_env/lib/python3.10/site-packages/airflow/example_dags/tutorial_taskflow_api_virtualenv.py
[2024-01-14T15:47:56.934+0200] {processor.py:840} INFO - DAG(s) 'tutorial_taskflow_api_virtualenv' retrieved from /home/mahmoud/airflow_env/lib/python3.10/site-packages/airflow/example_dags/tutorial_taskflow_api_virtualenv.py
[2024-01-14T15:47:56.946+0200] {logging_mixin.py:188} INFO - [2024-01-14T15:47:56.945+0200] {dag.py:3033} INFO - Sync 1 DAGs
[2024-01-14T15:47:56.954+0200] {logging_mixin.py:188} INFO - [2024-01-14T15:47:56.954+0200] {dag.py:3820} INFO - Setting next_dagrun for tutorial_taskflow_api_virtualenv to None, run_after=None
[2024-01-14T15:47:56.972+0200] {processor.py:183} INFO - Processing /home/mahmoud/airflow_env/lib/python3.10/site-packages/airflow/example_dags/tutorial_taskflow_api_virtualenv.py took 0.050 seconds
[2024-01-14T15:48:49.844+0200] {processor.py:161} INFO - Started process (PID=28682) to work on /home/mahmoud/airflow_env/lib/python3.10/site-packages/airflow/example_dags/tutorial_taskflow_api_virtualenv.py
[2024-01-14T15:48:49.846+0200] {processor.py:830} INFO - Processing file /home/mahmoud/airflow_env/lib/python3.10/site-packages/airflow/example_dags/tutorial_taskflow_api_virtualenv.py for tasks to queue
[2024-01-14T15:48:49.847+0200] {logging_mixin.py:188} INFO - [2024-01-14T15:48:49.847+0200] {dagbag.py:538} INFO - Filling up the DagBag from /home/mahmoud/airflow_env/lib/python3.10/site-packages/airflow/example_dags/tutorial_taskflow_api_virtualenv.py
[2024-01-14T15:48:49.854+0200] {processor.py:840} INFO - DAG(s) 'tutorial_taskflow_api_virtualenv' retrieved from /home/mahmoud/airflow_env/lib/python3.10/site-packages/airflow/example_dags/tutorial_taskflow_api_virtualenv.py
[2024-01-14T15:48:49.868+0200] {logging_mixin.py:188} INFO - [2024-01-14T15:48:49.868+0200] {dag.py:3033} INFO - Sync 1 DAGs
[2024-01-14T15:48:49.878+0200] {logging_mixin.py:188} INFO - [2024-01-14T15:48:49.878+0200] {dag.py:3820} INFO - Setting next_dagrun for tutorial_taskflow_api_virtualenv to None, run_after=None
[2024-01-14T15:48:49.903+0200] {processor.py:183} INFO - Processing /home/mahmoud/airflow_env/lib/python3.10/site-packages/airflow/example_dags/tutorial_taskflow_api_virtualenv.py took 0.062 seconds
[2024-01-14T15:49:43.884+0200] {processor.py:161} INFO - Started process (PID=28894) to work on /home/mahmoud/airflow_env/lib/python3.10/site-packages/airflow/example_dags/tutorial_taskflow_api_virtualenv.py
[2024-01-14T15:49:43.886+0200] {processor.py:830} INFO - Processing file /home/mahmoud/airflow_env/lib/python3.10/site-packages/airflow/example_dags/tutorial_taskflow_api_virtualenv.py for tasks to queue
[2024-01-14T15:49:43.887+0200] {logging_mixin.py:188} INFO - [2024-01-14T15:49:43.886+0200] {dagbag.py:538} INFO - Filling up the DagBag from /home/mahmoud/airflow_env/lib/python3.10/site-packages/airflow/example_dags/tutorial_taskflow_api_virtualenv.py
[2024-01-14T15:49:43.896+0200] {processor.py:840} INFO - DAG(s) 'tutorial_taskflow_api_virtualenv' retrieved from /home/mahmoud/airflow_env/lib/python3.10/site-packages/airflow/example_dags/tutorial_taskflow_api_virtualenv.py
[2024-01-14T15:49:43.910+0200] {logging_mixin.py:188} INFO - [2024-01-14T15:49:43.910+0200] {dag.py:3033} INFO - Sync 1 DAGs
[2024-01-14T15:49:43.920+0200] {logging_mixin.py:188} INFO - [2024-01-14T15:49:43.920+0200] {dag.py:3820} INFO - Setting next_dagrun for tutorial_taskflow_api_virtualenv to None, run_after=None
[2024-01-14T15:49:43.940+0200] {processor.py:183} INFO - Processing /home/mahmoud/airflow_env/lib/python3.10/site-packages/airflow/example_dags/tutorial_taskflow_api_virtualenv.py took 0.060 seconds
[2024-01-14T15:50:34.540+0200] {processor.py:161} INFO - Started process (PID=29097) to work on /home/mahmoud/airflow_env/lib/python3.10/site-packages/airflow/example_dags/tutorial_taskflow_api_virtualenv.py
[2024-01-14T15:50:34.542+0200] {processor.py:830} INFO - Processing file /home/mahmoud/airflow_env/lib/python3.10/site-packages/airflow/example_dags/tutorial_taskflow_api_virtualenv.py for tasks to queue
[2024-01-14T15:50:34.543+0200] {logging_mixin.py:188} INFO - [2024-01-14T15:50:34.542+0200] {dagbag.py:538} INFO - Filling up the DagBag from /home/mahmoud/airflow_env/lib/python3.10/site-packages/airflow/example_dags/tutorial_taskflow_api_virtualenv.py
[2024-01-14T15:50:34.550+0200] {processor.py:840} INFO - DAG(s) 'tutorial_taskflow_api_virtualenv' retrieved from /home/mahmoud/airflow_env/lib/python3.10/site-packages/airflow/example_dags/tutorial_taskflow_api_virtualenv.py
[2024-01-14T15:50:34.564+0200] {logging_mixin.py:188} INFO - [2024-01-14T15:50:34.564+0200] {dag.py:3033} INFO - Sync 1 DAGs
[2024-01-14T15:50:34.574+0200] {logging_mixin.py:188} INFO - [2024-01-14T15:50:34.574+0200] {dag.py:3820} INFO - Setting next_dagrun for tutorial_taskflow_api_virtualenv to None, run_after=None
[2024-01-14T15:50:34.596+0200] {processor.py:183} INFO - Processing /home/mahmoud/airflow_env/lib/python3.10/site-packages/airflow/example_dags/tutorial_taskflow_api_virtualenv.py took 0.060 seconds
[2024-01-14T15:51:27.478+0200] {processor.py:161} INFO - Started process (PID=29307) to work on /home/mahmoud/airflow_env/lib/python3.10/site-packages/airflow/example_dags/tutorial_taskflow_api_virtualenv.py
[2024-01-14T15:51:27.480+0200] {processor.py:830} INFO - Processing file /home/mahmoud/airflow_env/lib/python3.10/site-packages/airflow/example_dags/tutorial_taskflow_api_virtualenv.py for tasks to queue
[2024-01-14T15:51:27.481+0200] {logging_mixin.py:188} INFO - [2024-01-14T15:51:27.481+0200] {dagbag.py:538} INFO - Filling up the DagBag from /home/mahmoud/airflow_env/lib/python3.10/site-packages/airflow/example_dags/tutorial_taskflow_api_virtualenv.py
[2024-01-14T15:51:27.488+0200] {processor.py:840} INFO - DAG(s) 'tutorial_taskflow_api_virtualenv' retrieved from /home/mahmoud/airflow_env/lib/python3.10/site-packages/airflow/example_dags/tutorial_taskflow_api_virtualenv.py
[2024-01-14T15:51:27.502+0200] {logging_mixin.py:188} INFO - [2024-01-14T15:51:27.502+0200] {dag.py:3033} INFO - Sync 1 DAGs
[2024-01-14T15:51:27.512+0200] {logging_mixin.py:188} INFO - [2024-01-14T15:51:27.512+0200] {dag.py:3820} INFO - Setting next_dagrun for tutorial_taskflow_api_virtualenv to None, run_after=None
[2024-01-14T15:51:27.535+0200] {processor.py:183} INFO - Processing /home/mahmoud/airflow_env/lib/python3.10/site-packages/airflow/example_dags/tutorial_taskflow_api_virtualenv.py took 0.060 seconds
[2024-01-14T15:52:19.122+0200] {processor.py:161} INFO - Started process (PID=29511) to work on /home/mahmoud/airflow_env/lib/python3.10/site-packages/airflow/example_dags/tutorial_taskflow_api_virtualenv.py
[2024-01-14T15:52:19.124+0200] {processor.py:830} INFO - Processing file /home/mahmoud/airflow_env/lib/python3.10/site-packages/airflow/example_dags/tutorial_taskflow_api_virtualenv.py for tasks to queue
[2024-01-14T15:52:19.125+0200] {logging_mixin.py:188} INFO - [2024-01-14T15:52:19.125+0200] {dagbag.py:538} INFO - Filling up the DagBag from /home/mahmoud/airflow_env/lib/python3.10/site-packages/airflow/example_dags/tutorial_taskflow_api_virtualenv.py
[2024-01-14T15:52:19.131+0200] {processor.py:840} INFO - DAG(s) 'tutorial_taskflow_api_virtualenv' retrieved from /home/mahmoud/airflow_env/lib/python3.10/site-packages/airflow/example_dags/tutorial_taskflow_api_virtualenv.py
[2024-01-14T15:52:19.145+0200] {logging_mixin.py:188} INFO - [2024-01-14T15:52:19.145+0200] {dag.py:3033} INFO - Sync 1 DAGs
[2024-01-14T15:52:19.155+0200] {logging_mixin.py:188} INFO - [2024-01-14T15:52:19.155+0200] {dag.py:3820} INFO - Setting next_dagrun for tutorial_taskflow_api_virtualenv to None, run_after=None
[2024-01-14T15:52:19.176+0200] {processor.py:183} INFO - Processing /home/mahmoud/airflow_env/lib/python3.10/site-packages/airflow/example_dags/tutorial_taskflow_api_virtualenv.py took 0.057 seconds
[2024-01-14T15:53:08.281+0200] {processor.py:161} INFO - Started process (PID=29737) to work on /home/mahmoud/airflow_env/lib/python3.10/site-packages/airflow/example_dags/tutorial_taskflow_api_virtualenv.py
[2024-01-14T15:53:08.283+0200] {processor.py:830} INFO - Processing file /home/mahmoud/airflow_env/lib/python3.10/site-packages/airflow/example_dags/tutorial_taskflow_api_virtualenv.py for tasks to queue
[2024-01-14T15:53:08.284+0200] {logging_mixin.py:188} INFO - [2024-01-14T15:53:08.283+0200] {dagbag.py:538} INFO - Filling up the DagBag from /home/mahmoud/airflow_env/lib/python3.10/site-packages/airflow/example_dags/tutorial_taskflow_api_virtualenv.py
[2024-01-14T15:53:08.290+0200] {processor.py:840} INFO - DAG(s) 'tutorial_taskflow_api_virtualenv' retrieved from /home/mahmoud/airflow_env/lib/python3.10/site-packages/airflow/example_dags/tutorial_taskflow_api_virtualenv.py
[2024-01-14T15:53:08.304+0200] {logging_mixin.py:188} INFO - [2024-01-14T15:53:08.304+0200] {dag.py:3033} INFO - Sync 1 DAGs
[2024-01-14T15:53:08.315+0200] {logging_mixin.py:188} INFO - [2024-01-14T15:53:08.314+0200] {dag.py:3820} INFO - Setting next_dagrun for tutorial_taskflow_api_virtualenv to None, run_after=None
[2024-01-14T15:53:08.337+0200] {processor.py:183} INFO - Processing /home/mahmoud/airflow_env/lib/python3.10/site-packages/airflow/example_dags/tutorial_taskflow_api_virtualenv.py took 0.059 seconds
[2024-01-14T15:54:17.317+0200] {processor.py:161} INFO - Started process (PID=29986) to work on /home/mahmoud/airflow_env/lib/python3.10/site-packages/airflow/example_dags/tutorial_taskflow_api_virtualenv.py
[2024-01-14T15:54:17.322+0200] {processor.py:830} INFO - Processing file /home/mahmoud/airflow_env/lib/python3.10/site-packages/airflow/example_dags/tutorial_taskflow_api_virtualenv.py for tasks to queue
[2024-01-14T15:54:17.326+0200] {logging_mixin.py:188} INFO - [2024-01-14T15:54:17.324+0200] {dagbag.py:538} INFO - Filling up the DagBag from /home/mahmoud/airflow_env/lib/python3.10/site-packages/airflow/example_dags/tutorial_taskflow_api_virtualenv.py
[2024-01-14T15:54:17.356+0200] {processor.py:840} INFO - DAG(s) 'tutorial_taskflow_api_virtualenv' retrieved from /home/mahmoud/airflow_env/lib/python3.10/site-packages/airflow/example_dags/tutorial_taskflow_api_virtualenv.py
[2024-01-14T15:54:17.417+0200] {logging_mixin.py:188} INFO - [2024-01-14T15:54:17.416+0200] {dag.py:3033} INFO - Sync 1 DAGs
[2024-01-14T15:54:17.463+0200] {logging_mixin.py:188} INFO - [2024-01-14T15:54:17.462+0200] {dag.py:3820} INFO - Setting next_dagrun for tutorial_taskflow_api_virtualenv to None, run_after=None
[2024-01-14T15:54:17.540+0200] {processor.py:183} INFO - Processing /home/mahmoud/airflow_env/lib/python3.10/site-packages/airflow/example_dags/tutorial_taskflow_api_virtualenv.py took 0.235 seconds
[2024-01-14T15:55:29.707+0200] {processor.py:161} INFO - Started process (PID=30237) to work on /home/mahmoud/airflow_env/lib/python3.10/site-packages/airflow/example_dags/tutorial_taskflow_api_virtualenv.py
[2024-01-14T15:55:29.710+0200] {processor.py:830} INFO - Processing file /home/mahmoud/airflow_env/lib/python3.10/site-packages/airflow/example_dags/tutorial_taskflow_api_virtualenv.py for tasks to queue
[2024-01-14T15:55:29.713+0200] {logging_mixin.py:188} INFO - [2024-01-14T15:55:29.712+0200] {dagbag.py:538} INFO - Filling up the DagBag from /home/mahmoud/airflow_env/lib/python3.10/site-packages/airflow/example_dags/tutorial_taskflow_api_virtualenv.py
[2024-01-14T15:55:29.736+0200] {processor.py:840} INFO - DAG(s) 'tutorial_taskflow_api_virtualenv' retrieved from /home/mahmoud/airflow_env/lib/python3.10/site-packages/airflow/example_dags/tutorial_taskflow_api_virtualenv.py
[2024-01-14T15:55:29.786+0200] {logging_mixin.py:188} INFO - [2024-01-14T15:55:29.785+0200] {dag.py:3033} INFO - Sync 1 DAGs
[2024-01-14T15:55:29.825+0200] {logging_mixin.py:188} INFO - [2024-01-14T15:55:29.825+0200] {dag.py:3820} INFO - Setting next_dagrun for tutorial_taskflow_api_virtualenv to None, run_after=None
[2024-01-14T15:55:29.896+0200] {processor.py:183} INFO - Processing /home/mahmoud/airflow_env/lib/python3.10/site-packages/airflow/example_dags/tutorial_taskflow_api_virtualenv.py took 0.199 seconds
[2024-01-14T15:56:29.866+0200] {processor.py:161} INFO - Started process (PID=30449) to work on /home/mahmoud/airflow_env/lib/python3.10/site-packages/airflow/example_dags/tutorial_taskflow_api_virtualenv.py
[2024-01-14T15:56:29.871+0200] {processor.py:830} INFO - Processing file /home/mahmoud/airflow_env/lib/python3.10/site-packages/airflow/example_dags/tutorial_taskflow_api_virtualenv.py for tasks to queue
[2024-01-14T15:56:29.873+0200] {logging_mixin.py:188} INFO - [2024-01-14T15:56:29.872+0200] {dagbag.py:538} INFO - Filling up the DagBag from /home/mahmoud/airflow_env/lib/python3.10/site-packages/airflow/example_dags/tutorial_taskflow_api_virtualenv.py
[2024-01-14T15:56:29.897+0200] {processor.py:840} INFO - DAG(s) 'tutorial_taskflow_api_virtualenv' retrieved from /home/mahmoud/airflow_env/lib/python3.10/site-packages/airflow/example_dags/tutorial_taskflow_api_virtualenv.py
[2024-01-14T15:56:29.947+0200] {logging_mixin.py:188} INFO - [2024-01-14T15:56:29.946+0200] {dag.py:3033} INFO - Sync 1 DAGs
[2024-01-14T15:56:29.985+0200] {logging_mixin.py:188} INFO - [2024-01-14T15:56:29.984+0200] {dag.py:3820} INFO - Setting next_dagrun for tutorial_taskflow_api_virtualenv to None, run_after=None
[2024-01-14T15:56:30.053+0200] {processor.py:183} INFO - Processing /home/mahmoud/airflow_env/lib/python3.10/site-packages/airflow/example_dags/tutorial_taskflow_api_virtualenv.py took 0.196 seconds
[2024-01-14T15:57:27.940+0200] {processor.py:161} INFO - Started process (PID=30654) to work on /home/mahmoud/airflow_env/lib/python3.10/site-packages/airflow/example_dags/tutorial_taskflow_api_virtualenv.py
[2024-01-14T15:57:27.944+0200] {processor.py:830} INFO - Processing file /home/mahmoud/airflow_env/lib/python3.10/site-packages/airflow/example_dags/tutorial_taskflow_api_virtualenv.py for tasks to queue
[2024-01-14T15:57:27.947+0200] {logging_mixin.py:188} INFO - [2024-01-14T15:57:27.946+0200] {dagbag.py:538} INFO - Filling up the DagBag from /home/mahmoud/airflow_env/lib/python3.10/site-packages/airflow/example_dags/tutorial_taskflow_api_virtualenv.py
[2024-01-14T15:57:27.971+0200] {processor.py:840} INFO - DAG(s) 'tutorial_taskflow_api_virtualenv' retrieved from /home/mahmoud/airflow_env/lib/python3.10/site-packages/airflow/example_dags/tutorial_taskflow_api_virtualenv.py
[2024-01-14T15:57:28.022+0200] {logging_mixin.py:188} INFO - [2024-01-14T15:57:28.021+0200] {dag.py:3033} INFO - Sync 1 DAGs
[2024-01-14T15:57:28.061+0200] {logging_mixin.py:188} INFO - [2024-01-14T15:57:28.060+0200] {dag.py:3820} INFO - Setting next_dagrun for tutorial_taskflow_api_virtualenv to None, run_after=None
[2024-01-14T15:57:28.128+0200] {processor.py:183} INFO - Processing /home/mahmoud/airflow_env/lib/python3.10/site-packages/airflow/example_dags/tutorial_taskflow_api_virtualenv.py took 0.198 seconds
