[2024-01-14T14:40:25.733+0200] {processor.py:161} INFO - Started process (PID=9645) to work on /home/mahmoud/airflow_env/lib/python3.10/site-packages/airflow/example_dags/tutorial_taskflow_api.py
[2024-01-14T14:40:25.735+0200] {processor.py:830} INFO - Processing file /home/mahmoud/airflow_env/lib/python3.10/site-packages/airflow/example_dags/tutorial_taskflow_api.py for tasks to queue
[2024-01-14T14:40:25.736+0200] {logging_mixin.py:188} INFO - [2024-01-14T14:40:25.735+0200] {dagbag.py:538} INFO - Filling up the DagBag from /home/mahmoud/airflow_env/lib/python3.10/site-packages/airflow/example_dags/tutorial_taskflow_api.py
[2024-01-14T14:40:25.747+0200] {processor.py:840} INFO - DAG(s) 'tutorial_taskflow_api' retrieved from /home/mahmoud/airflow_env/lib/python3.10/site-packages/airflow/example_dags/tutorial_taskflow_api.py
[2024-01-14T14:40:25.915+0200] {logging_mixin.py:188} INFO - [2024-01-14T14:40:25.914+0200] {override.py:1769} INFO - Created Permission View: can edit on DAG:tutorial_taskflow_api
[2024-01-14T14:40:25.928+0200] {logging_mixin.py:188} INFO - [2024-01-14T14:40:25.928+0200] {override.py:1769} INFO - Created Permission View: can read on DAG:tutorial_taskflow_api
[2024-01-14T14:40:25.940+0200] {logging_mixin.py:188} INFO - [2024-01-14T14:40:25.940+0200] {override.py:1769} INFO - Created Permission View: can delete on DAG:tutorial_taskflow_api
[2024-01-14T14:40:25.941+0200] {logging_mixin.py:188} INFO - [2024-01-14T14:40:25.941+0200] {dag.py:3033} INFO - Sync 1 DAGs
[2024-01-14T14:40:25.948+0200] {logging_mixin.py:188} INFO - [2024-01-14T14:40:25.948+0200] {dag.py:3055} INFO - Creating ORM DAG for tutorial_taskflow_api
[2024-01-14T14:40:25.948+0200] {logging_mixin.py:188} INFO - [2024-01-14T14:40:25.948+0200] {dag.py:3820} INFO - Setting next_dagrun for tutorial_taskflow_api to None, run_after=None
[2024-01-14T14:40:25.971+0200] {processor.py:183} INFO - Processing /home/mahmoud/airflow_env/lib/python3.10/site-packages/airflow/example_dags/tutorial_taskflow_api.py took 0.244 seconds
[2024-01-14T15:08:04.301+0200] {processor.py:161} INFO - Started process (PID=16025) to work on /home/mahmoud/airflow_env/lib/python3.10/site-packages/airflow/example_dags/tutorial_taskflow_api.py
[2024-01-14T15:08:04.303+0200] {processor.py:830} INFO - Processing file /home/mahmoud/airflow_env/lib/python3.10/site-packages/airflow/example_dags/tutorial_taskflow_api.py for tasks to queue
[2024-01-14T15:08:04.304+0200] {logging_mixin.py:188} INFO - [2024-01-14T15:08:04.304+0200] {dagbag.py:538} INFO - Filling up the DagBag from /home/mahmoud/airflow_env/lib/python3.10/site-packages/airflow/example_dags/tutorial_taskflow_api.py
[2024-01-14T15:08:04.314+0200] {processor.py:840} INFO - DAG(s) 'tutorial_taskflow_api' retrieved from /home/mahmoud/airflow_env/lib/python3.10/site-packages/airflow/example_dags/tutorial_taskflow_api.py
[2024-01-14T15:08:04.335+0200] {logging_mixin.py:188} INFO - [2024-01-14T15:08:04.335+0200] {dag.py:3033} INFO - Sync 1 DAGs
[2024-01-14T15:08:04.344+0200] {logging_mixin.py:188} INFO - [2024-01-14T15:08:04.343+0200] {dag.py:3820} INFO - Setting next_dagrun for tutorial_taskflow_api to None, run_after=None
[2024-01-14T15:08:04.364+0200] {processor.py:183} INFO - Processing /home/mahmoud/airflow_env/lib/python3.10/site-packages/airflow/example_dags/tutorial_taskflow_api.py took 0.067 seconds
[2024-01-14T15:08:57.834+0200] {processor.py:161} INFO - Started process (PID=16315) to work on /home/mahmoud/airflow_env/lib/python3.10/site-packages/airflow/example_dags/tutorial_taskflow_api.py
[2024-01-14T15:08:57.836+0200] {processor.py:830} INFO - Processing file /home/mahmoud/airflow_env/lib/python3.10/site-packages/airflow/example_dags/tutorial_taskflow_api.py for tasks to queue
[2024-01-14T15:08:57.837+0200] {logging_mixin.py:188} INFO - [2024-01-14T15:08:57.836+0200] {dagbag.py:538} INFO - Filling up the DagBag from /home/mahmoud/airflow_env/lib/python3.10/site-packages/airflow/example_dags/tutorial_taskflow_api.py
[2024-01-14T15:08:57.843+0200] {processor.py:840} INFO - DAG(s) 'tutorial_taskflow_api' retrieved from /home/mahmoud/airflow_env/lib/python3.10/site-packages/airflow/example_dags/tutorial_taskflow_api.py
[2024-01-14T15:08:57.857+0200] {logging_mixin.py:188} INFO - [2024-01-14T15:08:57.857+0200] {dag.py:3033} INFO - Sync 1 DAGs
[2024-01-14T15:08:57.867+0200] {logging_mixin.py:188} INFO - [2024-01-14T15:08:57.867+0200] {dag.py:3820} INFO - Setting next_dagrun for tutorial_taskflow_api to None, run_after=None
[2024-01-14T15:08:57.892+0200] {processor.py:183} INFO - Processing /home/mahmoud/airflow_env/lib/python3.10/site-packages/airflow/example_dags/tutorial_taskflow_api.py took 0.061 seconds
[2024-01-14T15:09:39.329+0200] {processor.py:161} INFO - Started process (PID=16581) to work on /home/mahmoud/airflow_env/lib/python3.10/site-packages/airflow/example_dags/tutorial_taskflow_api.py
[2024-01-14T15:09:39.331+0200] {processor.py:830} INFO - Processing file /home/mahmoud/airflow_env/lib/python3.10/site-packages/airflow/example_dags/tutorial_taskflow_api.py for tasks to queue
[2024-01-14T15:09:39.333+0200] {logging_mixin.py:188} INFO - [2024-01-14T15:09:39.332+0200] {dagbag.py:538} INFO - Filling up the DagBag from /home/mahmoud/airflow_env/lib/python3.10/site-packages/airflow/example_dags/tutorial_taskflow_api.py
[2024-01-14T15:09:39.340+0200] {processor.py:840} INFO - DAG(s) 'tutorial_taskflow_api' retrieved from /home/mahmoud/airflow_env/lib/python3.10/site-packages/airflow/example_dags/tutorial_taskflow_api.py
[2024-01-14T15:09:39.357+0200] {logging_mixin.py:188} INFO - [2024-01-14T15:09:39.356+0200] {dag.py:3033} INFO - Sync 1 DAGs
[2024-01-14T15:09:39.368+0200] {logging_mixin.py:188} INFO - [2024-01-14T15:09:39.367+0200] {dag.py:3820} INFO - Setting next_dagrun for tutorial_taskflow_api to None, run_after=None
[2024-01-14T15:09:39.389+0200] {processor.py:183} INFO - Processing /home/mahmoud/airflow_env/lib/python3.10/site-packages/airflow/example_dags/tutorial_taskflow_api.py took 0.064 seconds
[2024-01-14T15:10:17.160+0200] {processor.py:161} INFO - Started process (PID=16742) to work on /home/mahmoud/airflow_env/lib/python3.10/site-packages/airflow/example_dags/tutorial_taskflow_api.py
[2024-01-14T15:10:17.162+0200] {processor.py:830} INFO - Processing file /home/mahmoud/airflow_env/lib/python3.10/site-packages/airflow/example_dags/tutorial_taskflow_api.py for tasks to queue
[2024-01-14T15:10:17.163+0200] {logging_mixin.py:188} INFO - [2024-01-14T15:10:17.162+0200] {dagbag.py:538} INFO - Filling up the DagBag from /home/mahmoud/airflow_env/lib/python3.10/site-packages/airflow/example_dags/tutorial_taskflow_api.py
[2024-01-14T15:10:17.170+0200] {processor.py:840} INFO - DAG(s) 'tutorial_taskflow_api' retrieved from /home/mahmoud/airflow_env/lib/python3.10/site-packages/airflow/example_dags/tutorial_taskflow_api.py
[2024-01-14T15:10:17.184+0200] {logging_mixin.py:188} INFO - [2024-01-14T15:10:17.184+0200] {dag.py:3033} INFO - Sync 1 DAGs
[2024-01-14T15:10:17.194+0200] {logging_mixin.py:188} INFO - [2024-01-14T15:10:17.194+0200] {dag.py:3820} INFO - Setting next_dagrun for tutorial_taskflow_api to None, run_after=None
[2024-01-14T15:10:17.220+0200] {processor.py:183} INFO - Processing /home/mahmoud/airflow_env/lib/python3.10/site-packages/airflow/example_dags/tutorial_taskflow_api.py took 0.065 seconds
[2024-01-14T15:10:57.057+0200] {processor.py:161} INFO - Started process (PID=16902) to work on /home/mahmoud/airflow_env/lib/python3.10/site-packages/airflow/example_dags/tutorial_taskflow_api.py
[2024-01-14T15:10:57.059+0200] {processor.py:830} INFO - Processing file /home/mahmoud/airflow_env/lib/python3.10/site-packages/airflow/example_dags/tutorial_taskflow_api.py for tasks to queue
[2024-01-14T15:10:57.060+0200] {logging_mixin.py:188} INFO - [2024-01-14T15:10:57.059+0200] {dagbag.py:538} INFO - Filling up the DagBag from /home/mahmoud/airflow_env/lib/python3.10/site-packages/airflow/example_dags/tutorial_taskflow_api.py
[2024-01-14T15:10:57.068+0200] {processor.py:840} INFO - DAG(s) 'tutorial_taskflow_api' retrieved from /home/mahmoud/airflow_env/lib/python3.10/site-packages/airflow/example_dags/tutorial_taskflow_api.py
[2024-01-14T15:10:57.085+0200] {logging_mixin.py:188} INFO - [2024-01-14T15:10:57.085+0200] {dag.py:3033} INFO - Sync 1 DAGs
[2024-01-14T15:10:57.097+0200] {logging_mixin.py:188} INFO - [2024-01-14T15:10:57.096+0200] {dag.py:3820} INFO - Setting next_dagrun for tutorial_taskflow_api to None, run_after=None
[2024-01-14T15:10:57.123+0200] {processor.py:183} INFO - Processing /home/mahmoud/airflow_env/lib/python3.10/site-packages/airflow/example_dags/tutorial_taskflow_api.py took 0.072 seconds
[2024-01-14T15:11:34.921+0200] {processor.py:161} INFO - Started process (PID=17048) to work on /home/mahmoud/airflow_env/lib/python3.10/site-packages/airflow/example_dags/tutorial_taskflow_api.py
[2024-01-14T15:11:34.923+0200] {processor.py:830} INFO - Processing file /home/mahmoud/airflow_env/lib/python3.10/site-packages/airflow/example_dags/tutorial_taskflow_api.py for tasks to queue
[2024-01-14T15:11:34.924+0200] {logging_mixin.py:188} INFO - [2024-01-14T15:11:34.924+0200] {dagbag.py:538} INFO - Filling up the DagBag from /home/mahmoud/airflow_env/lib/python3.10/site-packages/airflow/example_dags/tutorial_taskflow_api.py
[2024-01-14T15:11:34.934+0200] {processor.py:840} INFO - DAG(s) 'tutorial_taskflow_api' retrieved from /home/mahmoud/airflow_env/lib/python3.10/site-packages/airflow/example_dags/tutorial_taskflow_api.py
[2024-01-14T15:11:34.952+0200] {logging_mixin.py:188} INFO - [2024-01-14T15:11:34.952+0200] {dag.py:3033} INFO - Sync 1 DAGs
[2024-01-14T15:11:34.963+0200] {logging_mixin.py:188} INFO - [2024-01-14T15:11:34.963+0200] {dag.py:3820} INFO - Setting next_dagrun for tutorial_taskflow_api to None, run_after=None
[2024-01-14T15:11:34.987+0200] {processor.py:183} INFO - Processing /home/mahmoud/airflow_env/lib/python3.10/site-packages/airflow/example_dags/tutorial_taskflow_api.py took 0.073 seconds
[2024-01-14T15:12:12.185+0200] {processor.py:161} INFO - Started process (PID=17237) to work on /home/mahmoud/airflow_env/lib/python3.10/site-packages/airflow/example_dags/tutorial_taskflow_api.py
[2024-01-14T15:12:12.187+0200] {processor.py:830} INFO - Processing file /home/mahmoud/airflow_env/lib/python3.10/site-packages/airflow/example_dags/tutorial_taskflow_api.py for tasks to queue
[2024-01-14T15:12:12.188+0200] {logging_mixin.py:188} INFO - [2024-01-14T15:12:12.188+0200] {dagbag.py:538} INFO - Filling up the DagBag from /home/mahmoud/airflow_env/lib/python3.10/site-packages/airflow/example_dags/tutorial_taskflow_api.py
[2024-01-14T15:12:12.195+0200] {processor.py:840} INFO - DAG(s) 'tutorial_taskflow_api' retrieved from /home/mahmoud/airflow_env/lib/python3.10/site-packages/airflow/example_dags/tutorial_taskflow_api.py
[2024-01-14T15:12:12.209+0200] {logging_mixin.py:188} INFO - [2024-01-14T15:12:12.209+0200] {dag.py:3033} INFO - Sync 1 DAGs
[2024-01-14T15:12:12.219+0200] {logging_mixin.py:188} INFO - [2024-01-14T15:12:12.219+0200] {dag.py:3820} INFO - Setting next_dagrun for tutorial_taskflow_api to None, run_after=None
[2024-01-14T15:12:12.241+0200] {processor.py:183} INFO - Processing /home/mahmoud/airflow_env/lib/python3.10/site-packages/airflow/example_dags/tutorial_taskflow_api.py took 0.059 seconds
[2024-01-14T15:12:47.148+0200] {processor.py:161} INFO - Started process (PID=17375) to work on /home/mahmoud/airflow_env/lib/python3.10/site-packages/airflow/example_dags/tutorial_taskflow_api.py
[2024-01-14T15:12:47.149+0200] {processor.py:830} INFO - Processing file /home/mahmoud/airflow_env/lib/python3.10/site-packages/airflow/example_dags/tutorial_taskflow_api.py for tasks to queue
[2024-01-14T15:12:47.150+0200] {logging_mixin.py:188} INFO - [2024-01-14T15:12:47.150+0200] {dagbag.py:538} INFO - Filling up the DagBag from /home/mahmoud/airflow_env/lib/python3.10/site-packages/airflow/example_dags/tutorial_taskflow_api.py
[2024-01-14T15:12:47.157+0200] {processor.py:840} INFO - DAG(s) 'tutorial_taskflow_api' retrieved from /home/mahmoud/airflow_env/lib/python3.10/site-packages/airflow/example_dags/tutorial_taskflow_api.py
[2024-01-14T15:12:47.171+0200] {logging_mixin.py:188} INFO - [2024-01-14T15:12:47.171+0200] {dag.py:3033} INFO - Sync 1 DAGs
[2024-01-14T15:12:47.181+0200] {logging_mixin.py:188} INFO - [2024-01-14T15:12:47.181+0200] {dag.py:3820} INFO - Setting next_dagrun for tutorial_taskflow_api to None, run_after=None
[2024-01-14T15:12:47.205+0200] {processor.py:183} INFO - Processing /home/mahmoud/airflow_env/lib/python3.10/site-packages/airflow/example_dags/tutorial_taskflow_api.py took 0.061 seconds
[2024-01-14T15:13:23.297+0200] {processor.py:161} INFO - Started process (PID=17546) to work on /home/mahmoud/airflow_env/lib/python3.10/site-packages/airflow/example_dags/tutorial_taskflow_api.py
[2024-01-14T15:13:23.300+0200] {processor.py:830} INFO - Processing file /home/mahmoud/airflow_env/lib/python3.10/site-packages/airflow/example_dags/tutorial_taskflow_api.py for tasks to queue
[2024-01-14T15:13:23.301+0200] {logging_mixin.py:188} INFO - [2024-01-14T15:13:23.300+0200] {dagbag.py:538} INFO - Filling up the DagBag from /home/mahmoud/airflow_env/lib/python3.10/site-packages/airflow/example_dags/tutorial_taskflow_api.py
[2024-01-14T15:13:23.309+0200] {processor.py:840} INFO - DAG(s) 'tutorial_taskflow_api' retrieved from /home/mahmoud/airflow_env/lib/python3.10/site-packages/airflow/example_dags/tutorial_taskflow_api.py
[2024-01-14T15:13:23.323+0200] {logging_mixin.py:188} INFO - [2024-01-14T15:13:23.323+0200] {dag.py:3033} INFO - Sync 1 DAGs
[2024-01-14T15:13:23.333+0200] {logging_mixin.py:188} INFO - [2024-01-14T15:13:23.332+0200] {dag.py:3820} INFO - Setting next_dagrun for tutorial_taskflow_api to None, run_after=None
[2024-01-14T15:13:23.354+0200] {processor.py:183} INFO - Processing /home/mahmoud/airflow_env/lib/python3.10/site-packages/airflow/example_dags/tutorial_taskflow_api.py took 0.062 seconds
[2024-01-14T15:19:48.973+0200] {processor.py:161} INFO - Started process (PID=19381) to work on /home/mahmoud/airflow_env/lib/python3.10/site-packages/airflow/example_dags/tutorial_taskflow_api.py
[2024-01-14T15:19:48.975+0200] {processor.py:830} INFO - Processing file /home/mahmoud/airflow_env/lib/python3.10/site-packages/airflow/example_dags/tutorial_taskflow_api.py for tasks to queue
[2024-01-14T15:19:48.977+0200] {logging_mixin.py:188} INFO - [2024-01-14T15:19:48.976+0200] {dagbag.py:538} INFO - Filling up the DagBag from /home/mahmoud/airflow_env/lib/python3.10/site-packages/airflow/example_dags/tutorial_taskflow_api.py
[2024-01-14T15:19:48.987+0200] {processor.py:840} INFO - DAG(s) 'tutorial_taskflow_api' retrieved from /home/mahmoud/airflow_env/lib/python3.10/site-packages/airflow/example_dags/tutorial_taskflow_api.py
[2024-01-14T15:19:49.006+0200] {logging_mixin.py:188} INFO - [2024-01-14T15:19:49.006+0200] {dag.py:3033} INFO - Sync 1 DAGs
[2024-01-14T15:19:49.015+0200] {logging_mixin.py:188} INFO - [2024-01-14T15:19:49.015+0200] {dag.py:3820} INFO - Setting next_dagrun for tutorial_taskflow_api to None, run_after=None
[2024-01-14T15:19:49.037+0200] {processor.py:183} INFO - Processing /home/mahmoud/airflow_env/lib/python3.10/site-packages/airflow/example_dags/tutorial_taskflow_api.py took 0.069 seconds
[2024-01-14T15:20:44.033+0200] {processor.py:161} INFO - Started process (PID=19631) to work on /home/mahmoud/airflow_env/lib/python3.10/site-packages/airflow/example_dags/tutorial_taskflow_api.py
[2024-01-14T15:20:44.035+0200] {processor.py:830} INFO - Processing file /home/mahmoud/airflow_env/lib/python3.10/site-packages/airflow/example_dags/tutorial_taskflow_api.py for tasks to queue
[2024-01-14T15:20:44.037+0200] {logging_mixin.py:188} INFO - [2024-01-14T15:20:44.036+0200] {dagbag.py:538} INFO - Filling up the DagBag from /home/mahmoud/airflow_env/lib/python3.10/site-packages/airflow/example_dags/tutorial_taskflow_api.py
[2024-01-14T15:20:44.045+0200] {processor.py:840} INFO - DAG(s) 'tutorial_taskflow_api' retrieved from /home/mahmoud/airflow_env/lib/python3.10/site-packages/airflow/example_dags/tutorial_taskflow_api.py
[2024-01-14T15:20:44.060+0200] {logging_mixin.py:188} INFO - [2024-01-14T15:20:44.060+0200] {dag.py:3033} INFO - Sync 1 DAGs
[2024-01-14T15:20:44.071+0200] {logging_mixin.py:188} INFO - [2024-01-14T15:20:44.071+0200] {dag.py:3820} INFO - Setting next_dagrun for tutorial_taskflow_api to None, run_after=None
[2024-01-14T15:20:44.096+0200] {processor.py:183} INFO - Processing /home/mahmoud/airflow_env/lib/python3.10/site-packages/airflow/example_dags/tutorial_taskflow_api.py took 0.068 seconds
[2024-01-14T15:21:24.075+0200] {processor.py:161} INFO - Started process (PID=19792) to work on /home/mahmoud/airflow_env/lib/python3.10/site-packages/airflow/example_dags/tutorial_taskflow_api.py
[2024-01-14T15:21:24.077+0200] {processor.py:830} INFO - Processing file /home/mahmoud/airflow_env/lib/python3.10/site-packages/airflow/example_dags/tutorial_taskflow_api.py for tasks to queue
[2024-01-14T15:21:24.078+0200] {logging_mixin.py:188} INFO - [2024-01-14T15:21:24.077+0200] {dagbag.py:538} INFO - Filling up the DagBag from /home/mahmoud/airflow_env/lib/python3.10/site-packages/airflow/example_dags/tutorial_taskflow_api.py
[2024-01-14T15:21:24.086+0200] {processor.py:840} INFO - DAG(s) 'tutorial_taskflow_api' retrieved from /home/mahmoud/airflow_env/lib/python3.10/site-packages/airflow/example_dags/tutorial_taskflow_api.py
[2024-01-14T15:21:24.101+0200] {logging_mixin.py:188} INFO - [2024-01-14T15:21:24.101+0200] {dag.py:3033} INFO - Sync 1 DAGs
[2024-01-14T15:21:24.111+0200] {logging_mixin.py:188} INFO - [2024-01-14T15:21:24.111+0200] {dag.py:3820} INFO - Setting next_dagrun for tutorial_taskflow_api to None, run_after=None
[2024-01-14T15:21:24.134+0200] {processor.py:183} INFO - Processing /home/mahmoud/airflow_env/lib/python3.10/site-packages/airflow/example_dags/tutorial_taskflow_api.py took 0.062 seconds
[2024-01-14T15:22:02.833+0200] {processor.py:161} INFO - Started process (PID=19945) to work on /home/mahmoud/airflow_env/lib/python3.10/site-packages/airflow/example_dags/tutorial_taskflow_api.py
[2024-01-14T15:22:02.836+0200] {processor.py:830} INFO - Processing file /home/mahmoud/airflow_env/lib/python3.10/site-packages/airflow/example_dags/tutorial_taskflow_api.py for tasks to queue
[2024-01-14T15:22:02.837+0200] {logging_mixin.py:188} INFO - [2024-01-14T15:22:02.837+0200] {dagbag.py:538} INFO - Filling up the DagBag from /home/mahmoud/airflow_env/lib/python3.10/site-packages/airflow/example_dags/tutorial_taskflow_api.py
[2024-01-14T15:22:02.849+0200] {processor.py:840} INFO - DAG(s) 'tutorial_taskflow_api' retrieved from /home/mahmoud/airflow_env/lib/python3.10/site-packages/airflow/example_dags/tutorial_taskflow_api.py
[2024-01-14T15:22:02.867+0200] {logging_mixin.py:188} INFO - [2024-01-14T15:22:02.867+0200] {dag.py:3033} INFO - Sync 1 DAGs
[2024-01-14T15:22:02.878+0200] {logging_mixin.py:188} INFO - [2024-01-14T15:22:02.878+0200] {dag.py:3820} INFO - Setting next_dagrun for tutorial_taskflow_api to None, run_after=None
[2024-01-14T15:22:02.901+0200] {processor.py:183} INFO - Processing /home/mahmoud/airflow_env/lib/python3.10/site-packages/airflow/example_dags/tutorial_taskflow_api.py took 0.076 seconds
[2024-01-14T15:22:39.519+0200] {processor.py:161} INFO - Started process (PID=20085) to work on /home/mahmoud/airflow_env/lib/python3.10/site-packages/airflow/example_dags/tutorial_taskflow_api.py
[2024-01-14T15:22:39.520+0200] {processor.py:830} INFO - Processing file /home/mahmoud/airflow_env/lib/python3.10/site-packages/airflow/example_dags/tutorial_taskflow_api.py for tasks to queue
[2024-01-14T15:22:39.521+0200] {logging_mixin.py:188} INFO - [2024-01-14T15:22:39.521+0200] {dagbag.py:538} INFO - Filling up the DagBag from /home/mahmoud/airflow_env/lib/python3.10/site-packages/airflow/example_dags/tutorial_taskflow_api.py
[2024-01-14T15:22:39.527+0200] {processor.py:840} INFO - DAG(s) 'tutorial_taskflow_api' retrieved from /home/mahmoud/airflow_env/lib/python3.10/site-packages/airflow/example_dags/tutorial_taskflow_api.py
[2024-01-14T15:22:39.541+0200] {logging_mixin.py:188} INFO - [2024-01-14T15:22:39.541+0200] {dag.py:3033} INFO - Sync 1 DAGs
[2024-01-14T15:22:39.551+0200] {logging_mixin.py:188} INFO - [2024-01-14T15:22:39.551+0200] {dag.py:3820} INFO - Setting next_dagrun for tutorial_taskflow_api to None, run_after=None
[2024-01-14T15:22:39.568+0200] {processor.py:183} INFO - Processing /home/mahmoud/airflow_env/lib/python3.10/site-packages/airflow/example_dags/tutorial_taskflow_api.py took 0.053 seconds
[2024-01-14T15:23:21.355+0200] {processor.py:161} INFO - Started process (PID=20360) to work on /home/mahmoud/airflow_env/lib/python3.10/site-packages/airflow/example_dags/tutorial_taskflow_api.py
[2024-01-14T15:23:21.357+0200] {processor.py:830} INFO - Processing file /home/mahmoud/airflow_env/lib/python3.10/site-packages/airflow/example_dags/tutorial_taskflow_api.py for tasks to queue
[2024-01-14T15:23:21.358+0200] {logging_mixin.py:188} INFO - [2024-01-14T15:23:21.357+0200] {dagbag.py:538} INFO - Filling up the DagBag from /home/mahmoud/airflow_env/lib/python3.10/site-packages/airflow/example_dags/tutorial_taskflow_api.py
[2024-01-14T15:23:21.371+0200] {processor.py:840} INFO - DAG(s) 'tutorial_taskflow_api' retrieved from /home/mahmoud/airflow_env/lib/python3.10/site-packages/airflow/example_dags/tutorial_taskflow_api.py
[2024-01-14T15:23:21.393+0200] {logging_mixin.py:188} INFO - [2024-01-14T15:23:21.393+0200] {dag.py:3033} INFO - Sync 1 DAGs
[2024-01-14T15:23:21.403+0200] {logging_mixin.py:188} INFO - [2024-01-14T15:23:21.403+0200] {dag.py:3820} INFO - Setting next_dagrun for tutorial_taskflow_api to None, run_after=None
[2024-01-14T15:23:21.425+0200] {processor.py:183} INFO - Processing /home/mahmoud/airflow_env/lib/python3.10/site-packages/airflow/example_dags/tutorial_taskflow_api.py took 0.075 seconds
[2024-01-14T15:37:42.393+0200] {processor.py:161} INFO - Started process (PID=24372) to work on /home/mahmoud/airflow_env/lib/python3.10/site-packages/airflow/example_dags/tutorial_taskflow_api.py
[2024-01-14T15:37:42.395+0200] {processor.py:830} INFO - Processing file /home/mahmoud/airflow_env/lib/python3.10/site-packages/airflow/example_dags/tutorial_taskflow_api.py for tasks to queue
[2024-01-14T15:37:42.397+0200] {logging_mixin.py:188} INFO - [2024-01-14T15:37:42.396+0200] {dagbag.py:538} INFO - Filling up the DagBag from /home/mahmoud/airflow_env/lib/python3.10/site-packages/airflow/example_dags/tutorial_taskflow_api.py
[2024-01-14T15:37:42.407+0200] {processor.py:840} INFO - DAG(s) 'tutorial_taskflow_api' retrieved from /home/mahmoud/airflow_env/lib/python3.10/site-packages/airflow/example_dags/tutorial_taskflow_api.py
[2024-01-14T15:37:42.427+0200] {logging_mixin.py:188} INFO - [2024-01-14T15:37:42.426+0200] {dag.py:3033} INFO - Sync 1 DAGs
[2024-01-14T15:37:42.436+0200] {logging_mixin.py:188} INFO - [2024-01-14T15:37:42.436+0200] {dag.py:3820} INFO - Setting next_dagrun for tutorial_taskflow_api to None, run_after=None
[2024-01-14T15:37:42.459+0200] {processor.py:183} INFO - Processing /home/mahmoud/airflow_env/lib/python3.10/site-packages/airflow/example_dags/tutorial_taskflow_api.py took 0.071 seconds
[2024-01-14T15:38:35.780+0200] {processor.py:161} INFO - Started process (PID=24816) to work on /home/mahmoud/airflow_env/lib/python3.10/site-packages/airflow/example_dags/tutorial_taskflow_api.py
[2024-01-14T15:38:35.782+0200] {processor.py:830} INFO - Processing file /home/mahmoud/airflow_env/lib/python3.10/site-packages/airflow/example_dags/tutorial_taskflow_api.py for tasks to queue
[2024-01-14T15:38:35.783+0200] {logging_mixin.py:188} INFO - [2024-01-14T15:38:35.782+0200] {dagbag.py:538} INFO - Filling up the DagBag from /home/mahmoud/airflow_env/lib/python3.10/site-packages/airflow/example_dags/tutorial_taskflow_api.py
[2024-01-14T15:38:35.789+0200] {processor.py:840} INFO - DAG(s) 'tutorial_taskflow_api' retrieved from /home/mahmoud/airflow_env/lib/python3.10/site-packages/airflow/example_dags/tutorial_taskflow_api.py
[2024-01-14T15:38:35.803+0200] {logging_mixin.py:188} INFO - [2024-01-14T15:38:35.803+0200] {dag.py:3033} INFO - Sync 1 DAGs
[2024-01-14T15:38:35.814+0200] {logging_mixin.py:188} INFO - [2024-01-14T15:38:35.813+0200] {dag.py:3820} INFO - Setting next_dagrun for tutorial_taskflow_api to None, run_after=None
[2024-01-14T15:38:35.838+0200] {processor.py:183} INFO - Processing /home/mahmoud/airflow_env/lib/python3.10/site-packages/airflow/example_dags/tutorial_taskflow_api.py took 0.060 seconds
[2024-01-14T15:39:13.528+0200] {processor.py:161} INFO - Started process (PID=25108) to work on /home/mahmoud/airflow_env/lib/python3.10/site-packages/airflow/example_dags/tutorial_taskflow_api.py
[2024-01-14T15:39:13.530+0200] {processor.py:830} INFO - Processing file /home/mahmoud/airflow_env/lib/python3.10/site-packages/airflow/example_dags/tutorial_taskflow_api.py for tasks to queue
[2024-01-14T15:39:13.530+0200] {logging_mixin.py:188} INFO - [2024-01-14T15:39:13.530+0200] {dagbag.py:538} INFO - Filling up the DagBag from /home/mahmoud/airflow_env/lib/python3.10/site-packages/airflow/example_dags/tutorial_taskflow_api.py
[2024-01-14T15:39:13.535+0200] {processor.py:840} INFO - DAG(s) 'tutorial_taskflow_api' retrieved from /home/mahmoud/airflow_env/lib/python3.10/site-packages/airflow/example_dags/tutorial_taskflow_api.py
[2024-01-14T15:39:13.556+0200] {logging_mixin.py:188} INFO - [2024-01-14T15:39:13.555+0200] {dag.py:3033} INFO - Sync 1 DAGs
[2024-01-14T15:39:13.567+0200] {logging_mixin.py:188} INFO - [2024-01-14T15:39:13.567+0200] {dag.py:3820} INFO - Setting next_dagrun for tutorial_taskflow_api to None, run_after=None
[2024-01-14T15:39:13.592+0200] {processor.py:183} INFO - Processing /home/mahmoud/airflow_env/lib/python3.10/site-packages/airflow/example_dags/tutorial_taskflow_api.py took 0.067 seconds
[2024-01-14T15:39:48.014+0200] {processor.py:161} INFO - Started process (PID=25247) to work on /home/mahmoud/airflow_env/lib/python3.10/site-packages/airflow/example_dags/tutorial_taskflow_api.py
[2024-01-14T15:39:48.016+0200] {processor.py:830} INFO - Processing file /home/mahmoud/airflow_env/lib/python3.10/site-packages/airflow/example_dags/tutorial_taskflow_api.py for tasks to queue
[2024-01-14T15:39:48.017+0200] {logging_mixin.py:188} INFO - [2024-01-14T15:39:48.017+0200] {dagbag.py:538} INFO - Filling up the DagBag from /home/mahmoud/airflow_env/lib/python3.10/site-packages/airflow/example_dags/tutorial_taskflow_api.py
[2024-01-14T15:39:48.025+0200] {processor.py:840} INFO - DAG(s) 'tutorial_taskflow_api' retrieved from /home/mahmoud/airflow_env/lib/python3.10/site-packages/airflow/example_dags/tutorial_taskflow_api.py
[2024-01-14T15:39:48.041+0200] {logging_mixin.py:188} INFO - [2024-01-14T15:39:48.041+0200] {dag.py:3033} INFO - Sync 1 DAGs
[2024-01-14T15:39:48.051+0200] {logging_mixin.py:188} INFO - [2024-01-14T15:39:48.051+0200] {dag.py:3820} INFO - Setting next_dagrun for tutorial_taskflow_api to None, run_after=None
[2024-01-14T15:39:48.076+0200] {processor.py:183} INFO - Processing /home/mahmoud/airflow_env/lib/python3.10/site-packages/airflow/example_dags/tutorial_taskflow_api.py took 0.065 seconds
[2024-01-14T15:40:21.785+0200] {processor.py:161} INFO - Started process (PID=25377) to work on /home/mahmoud/airflow_env/lib/python3.10/site-packages/airflow/example_dags/tutorial_taskflow_api.py
[2024-01-14T15:40:21.786+0200] {processor.py:830} INFO - Processing file /home/mahmoud/airflow_env/lib/python3.10/site-packages/airflow/example_dags/tutorial_taskflow_api.py for tasks to queue
[2024-01-14T15:40:21.787+0200] {logging_mixin.py:188} INFO - [2024-01-14T15:40:21.787+0200] {dagbag.py:538} INFO - Filling up the DagBag from /home/mahmoud/airflow_env/lib/python3.10/site-packages/airflow/example_dags/tutorial_taskflow_api.py
[2024-01-14T15:40:21.794+0200] {processor.py:840} INFO - DAG(s) 'tutorial_taskflow_api' retrieved from /home/mahmoud/airflow_env/lib/python3.10/site-packages/airflow/example_dags/tutorial_taskflow_api.py
[2024-01-14T15:40:21.805+0200] {logging_mixin.py:188} INFO - [2024-01-14T15:40:21.805+0200] {dag.py:3033} INFO - Sync 1 DAGs
[2024-01-14T15:40:21.814+0200] {logging_mixin.py:188} INFO - [2024-01-14T15:40:21.814+0200] {dag.py:3820} INFO - Setting next_dagrun for tutorial_taskflow_api to None, run_after=None
[2024-01-14T15:40:21.839+0200] {processor.py:183} INFO - Processing /home/mahmoud/airflow_env/lib/python3.10/site-packages/airflow/example_dags/tutorial_taskflow_api.py took 0.057 seconds
[2024-01-14T15:41:00.456+0200] {processor.py:161} INFO - Started process (PID=25532) to work on /home/mahmoud/airflow_env/lib/python3.10/site-packages/airflow/example_dags/tutorial_taskflow_api.py
[2024-01-14T15:41:00.458+0200] {processor.py:830} INFO - Processing file /home/mahmoud/airflow_env/lib/python3.10/site-packages/airflow/example_dags/tutorial_taskflow_api.py for tasks to queue
[2024-01-14T15:41:00.459+0200] {logging_mixin.py:188} INFO - [2024-01-14T15:41:00.459+0200] {dagbag.py:538} INFO - Filling up the DagBag from /home/mahmoud/airflow_env/lib/python3.10/site-packages/airflow/example_dags/tutorial_taskflow_api.py
[2024-01-14T15:41:00.467+0200] {processor.py:840} INFO - DAG(s) 'tutorial_taskflow_api' retrieved from /home/mahmoud/airflow_env/lib/python3.10/site-packages/airflow/example_dags/tutorial_taskflow_api.py
[2024-01-14T15:41:00.498+0200] {logging_mixin.py:188} INFO - [2024-01-14T15:41:00.497+0200] {dag.py:3033} INFO - Sync 1 DAGs
[2024-01-14T15:41:00.514+0200] {logging_mixin.py:188} INFO - [2024-01-14T15:41:00.514+0200] {dag.py:3820} INFO - Setting next_dagrun for tutorial_taskflow_api to None, run_after=None
[2024-01-14T15:41:00.540+0200] {processor.py:183} INFO - Processing /home/mahmoud/airflow_env/lib/python3.10/site-packages/airflow/example_dags/tutorial_taskflow_api.py took 0.088 seconds
[2024-01-14T15:41:34.560+0200] {processor.py:161} INFO - Started process (PID=25731) to work on /home/mahmoud/airflow_env/lib/python3.10/site-packages/airflow/example_dags/tutorial_taskflow_api.py
[2024-01-14T15:41:34.561+0200] {processor.py:830} INFO - Processing file /home/mahmoud/airflow_env/lib/python3.10/site-packages/airflow/example_dags/tutorial_taskflow_api.py for tasks to queue
[2024-01-14T15:41:34.561+0200] {logging_mixin.py:188} INFO - [2024-01-14T15:41:34.561+0200] {dagbag.py:538} INFO - Filling up the DagBag from /home/mahmoud/airflow_env/lib/python3.10/site-packages/airflow/example_dags/tutorial_taskflow_api.py
[2024-01-14T15:41:34.567+0200] {processor.py:840} INFO - DAG(s) 'tutorial_taskflow_api' retrieved from /home/mahmoud/airflow_env/lib/python3.10/site-packages/airflow/example_dags/tutorial_taskflow_api.py
[2024-01-14T15:41:34.581+0200] {logging_mixin.py:188} INFO - [2024-01-14T15:41:34.580+0200] {dag.py:3033} INFO - Sync 1 DAGs
[2024-01-14T15:41:34.592+0200] {logging_mixin.py:188} INFO - [2024-01-14T15:41:34.592+0200] {dag.py:3820} INFO - Setting next_dagrun for tutorial_taskflow_api to None, run_after=None
[2024-01-14T15:41:34.615+0200] {processor.py:183} INFO - Processing /home/mahmoud/airflow_env/lib/python3.10/site-packages/airflow/example_dags/tutorial_taskflow_api.py took 0.058 seconds
[2024-01-14T15:42:09.883+0200] {processor.py:161} INFO - Started process (PID=25869) to work on /home/mahmoud/airflow_env/lib/python3.10/site-packages/airflow/example_dags/tutorial_taskflow_api.py
[2024-01-14T15:42:09.886+0200] {processor.py:830} INFO - Processing file /home/mahmoud/airflow_env/lib/python3.10/site-packages/airflow/example_dags/tutorial_taskflow_api.py for tasks to queue
[2024-01-14T15:42:09.887+0200] {logging_mixin.py:188} INFO - [2024-01-14T15:42:09.887+0200] {dagbag.py:538} INFO - Filling up the DagBag from /home/mahmoud/airflow_env/lib/python3.10/site-packages/airflow/example_dags/tutorial_taskflow_api.py
[2024-01-14T15:42:09.898+0200] {processor.py:840} INFO - DAG(s) 'tutorial_taskflow_api' retrieved from /home/mahmoud/airflow_env/lib/python3.10/site-packages/airflow/example_dags/tutorial_taskflow_api.py
[2024-01-14T15:42:09.917+0200] {logging_mixin.py:188} INFO - [2024-01-14T15:42:09.917+0200] {dag.py:3033} INFO - Sync 1 DAGs
[2024-01-14T15:42:09.928+0200] {logging_mixin.py:188} INFO - [2024-01-14T15:42:09.928+0200] {dag.py:3820} INFO - Setting next_dagrun for tutorial_taskflow_api to None, run_after=None
[2024-01-14T15:42:09.953+0200] {processor.py:183} INFO - Processing /home/mahmoud/airflow_env/lib/python3.10/site-packages/airflow/example_dags/tutorial_taskflow_api.py took 0.075 seconds
[2024-01-14T15:43:03.676+0200] {processor.py:161} INFO - Started process (PID=26523) to work on /home/mahmoud/airflow_env/lib/python3.10/site-packages/airflow/example_dags/tutorial_taskflow_api.py
[2024-01-14T15:43:03.678+0200] {processor.py:830} INFO - Processing file /home/mahmoud/airflow_env/lib/python3.10/site-packages/airflow/example_dags/tutorial_taskflow_api.py for tasks to queue
[2024-01-14T15:43:03.679+0200] {logging_mixin.py:188} INFO - [2024-01-14T15:43:03.679+0200] {dagbag.py:538} INFO - Filling up the DagBag from /home/mahmoud/airflow_env/lib/python3.10/site-packages/airflow/example_dags/tutorial_taskflow_api.py
[2024-01-14T15:43:03.686+0200] {processor.py:840} INFO - DAG(s) 'tutorial_taskflow_api' retrieved from /home/mahmoud/airflow_env/lib/python3.10/site-packages/airflow/example_dags/tutorial_taskflow_api.py
[2024-01-14T15:43:03.700+0200] {logging_mixin.py:188} INFO - [2024-01-14T15:43:03.700+0200] {dag.py:3033} INFO - Sync 1 DAGs
[2024-01-14T15:43:03.711+0200] {logging_mixin.py:188} INFO - [2024-01-14T15:43:03.711+0200] {dag.py:3820} INFO - Setting next_dagrun for tutorial_taskflow_api to None, run_after=None
[2024-01-14T15:43:03.737+0200] {processor.py:183} INFO - Processing /home/mahmoud/airflow_env/lib/python3.10/site-packages/airflow/example_dags/tutorial_taskflow_api.py took 0.065 seconds
[2024-01-14T15:43:40.204+0200] {processor.py:161} INFO - Started process (PID=26787) to work on /home/mahmoud/airflow_env/lib/python3.10/site-packages/airflow/example_dags/tutorial_taskflow_api.py
[2024-01-14T15:43:40.206+0200] {processor.py:830} INFO - Processing file /home/mahmoud/airflow_env/lib/python3.10/site-packages/airflow/example_dags/tutorial_taskflow_api.py for tasks to queue
[2024-01-14T15:43:40.207+0200] {logging_mixin.py:188} INFO - [2024-01-14T15:43:40.207+0200] {dagbag.py:538} INFO - Filling up the DagBag from /home/mahmoud/airflow_env/lib/python3.10/site-packages/airflow/example_dags/tutorial_taskflow_api.py
[2024-01-14T15:43:40.214+0200] {processor.py:840} INFO - DAG(s) 'tutorial_taskflow_api' retrieved from /home/mahmoud/airflow_env/lib/python3.10/site-packages/airflow/example_dags/tutorial_taskflow_api.py
[2024-01-14T15:43:40.228+0200] {logging_mixin.py:188} INFO - [2024-01-14T15:43:40.227+0200] {dag.py:3033} INFO - Sync 1 DAGs
[2024-01-14T15:43:40.237+0200] {logging_mixin.py:188} INFO - [2024-01-14T15:43:40.237+0200] {dag.py:3820} INFO - Setting next_dagrun for tutorial_taskflow_api to None, run_after=None
[2024-01-14T15:43:40.261+0200] {processor.py:183} INFO - Processing /home/mahmoud/airflow_env/lib/python3.10/site-packages/airflow/example_dags/tutorial_taskflow_api.py took 0.061 seconds
[2024-01-14T15:44:18.290+0200] {processor.py:161} INFO - Started process (PID=27116) to work on /home/mahmoud/airflow_env/lib/python3.10/site-packages/airflow/example_dags/tutorial_taskflow_api.py
[2024-01-14T15:44:18.292+0200] {processor.py:830} INFO - Processing file /home/mahmoud/airflow_env/lib/python3.10/site-packages/airflow/example_dags/tutorial_taskflow_api.py for tasks to queue
[2024-01-14T15:44:18.294+0200] {logging_mixin.py:188} INFO - [2024-01-14T15:44:18.293+0200] {dagbag.py:538} INFO - Filling up the DagBag from /home/mahmoud/airflow_env/lib/python3.10/site-packages/airflow/example_dags/tutorial_taskflow_api.py
[2024-01-14T15:44:18.304+0200] {processor.py:840} INFO - DAG(s) 'tutorial_taskflow_api' retrieved from /home/mahmoud/airflow_env/lib/python3.10/site-packages/airflow/example_dags/tutorial_taskflow_api.py
[2024-01-14T15:44:18.319+0200] {logging_mixin.py:188} INFO - [2024-01-14T15:44:18.318+0200] {dag.py:3033} INFO - Sync 1 DAGs
[2024-01-14T15:44:18.330+0200] {logging_mixin.py:188} INFO - [2024-01-14T15:44:18.330+0200] {dag.py:3820} INFO - Setting next_dagrun for tutorial_taskflow_api to None, run_after=None
[2024-01-14T15:44:18.352+0200] {processor.py:183} INFO - Processing /home/mahmoud/airflow_env/lib/python3.10/site-packages/airflow/example_dags/tutorial_taskflow_api.py took 0.070 seconds
[2024-01-14T15:45:12.386+0200] {processor.py:161} INFO - Started process (PID=27728) to work on /home/mahmoud/airflow_env/lib/python3.10/site-packages/airflow/example_dags/tutorial_taskflow_api.py
[2024-01-14T15:45:12.388+0200] {processor.py:830} INFO - Processing file /home/mahmoud/airflow_env/lib/python3.10/site-packages/airflow/example_dags/tutorial_taskflow_api.py for tasks to queue
[2024-01-14T15:45:12.390+0200] {logging_mixin.py:188} INFO - [2024-01-14T15:45:12.389+0200] {dagbag.py:538} INFO - Filling up the DagBag from /home/mahmoud/airflow_env/lib/python3.10/site-packages/airflow/example_dags/tutorial_taskflow_api.py
[2024-01-14T15:45:12.398+0200] {processor.py:840} INFO - DAG(s) 'tutorial_taskflow_api' retrieved from /home/mahmoud/airflow_env/lib/python3.10/site-packages/airflow/example_dags/tutorial_taskflow_api.py
[2024-01-14T15:45:12.415+0200] {logging_mixin.py:188} INFO - [2024-01-14T15:45:12.415+0200] {dag.py:3033} INFO - Sync 1 DAGs
[2024-01-14T15:45:12.426+0200] {logging_mixin.py:188} INFO - [2024-01-14T15:45:12.426+0200] {dag.py:3820} INFO - Setting next_dagrun for tutorial_taskflow_api to None, run_after=None
[2024-01-14T15:45:12.447+0200] {processor.py:183} INFO - Processing /home/mahmoud/airflow_env/lib/python3.10/site-packages/airflow/example_dags/tutorial_taskflow_api.py took 0.066 seconds
[2024-01-14T15:45:46.943+0200] {processor.py:161} INFO - Started process (PID=27867) to work on /home/mahmoud/airflow_env/lib/python3.10/site-packages/airflow/example_dags/tutorial_taskflow_api.py
[2024-01-14T15:45:46.946+0200] {processor.py:830} INFO - Processing file /home/mahmoud/airflow_env/lib/python3.10/site-packages/airflow/example_dags/tutorial_taskflow_api.py for tasks to queue
[2024-01-14T15:45:46.947+0200] {logging_mixin.py:188} INFO - [2024-01-14T15:45:46.947+0200] {dagbag.py:538} INFO - Filling up the DagBag from /home/mahmoud/airflow_env/lib/python3.10/site-packages/airflow/example_dags/tutorial_taskflow_api.py
[2024-01-14T15:45:46.955+0200] {processor.py:840} INFO - DAG(s) 'tutorial_taskflow_api' retrieved from /home/mahmoud/airflow_env/lib/python3.10/site-packages/airflow/example_dags/tutorial_taskflow_api.py
[2024-01-14T15:45:46.971+0200] {logging_mixin.py:188} INFO - [2024-01-14T15:45:46.971+0200] {dag.py:3033} INFO - Sync 1 DAGs
[2024-01-14T15:45:46.982+0200] {logging_mixin.py:188} INFO - [2024-01-14T15:45:46.982+0200] {dag.py:3820} INFO - Setting next_dagrun for tutorial_taskflow_api to None, run_after=None
[2024-01-14T15:45:47.006+0200] {processor.py:183} INFO - Processing /home/mahmoud/airflow_env/lib/python3.10/site-packages/airflow/example_dags/tutorial_taskflow_api.py took 0.068 seconds
[2024-01-14T15:46:21.132+0200] {processor.py:161} INFO - Started process (PID=28004) to work on /home/mahmoud/airflow_env/lib/python3.10/site-packages/airflow/example_dags/tutorial_taskflow_api.py
[2024-01-14T15:46:21.134+0200] {processor.py:830} INFO - Processing file /home/mahmoud/airflow_env/lib/python3.10/site-packages/airflow/example_dags/tutorial_taskflow_api.py for tasks to queue
[2024-01-14T15:46:21.135+0200] {logging_mixin.py:188} INFO - [2024-01-14T15:46:21.135+0200] {dagbag.py:538} INFO - Filling up the DagBag from /home/mahmoud/airflow_env/lib/python3.10/site-packages/airflow/example_dags/tutorial_taskflow_api.py
[2024-01-14T15:46:21.141+0200] {processor.py:840} INFO - DAG(s) 'tutorial_taskflow_api' retrieved from /home/mahmoud/airflow_env/lib/python3.10/site-packages/airflow/example_dags/tutorial_taskflow_api.py
[2024-01-14T15:46:21.160+0200] {logging_mixin.py:188} INFO - [2024-01-14T15:46:21.160+0200] {dag.py:3033} INFO - Sync 1 DAGs
[2024-01-14T15:46:21.178+0200] {logging_mixin.py:188} INFO - [2024-01-14T15:46:21.178+0200] {dag.py:3820} INFO - Setting next_dagrun for tutorial_taskflow_api to None, run_after=None
[2024-01-14T15:46:21.198+0200] {processor.py:183} INFO - Processing /home/mahmoud/airflow_env/lib/python3.10/site-packages/airflow/example_dags/tutorial_taskflow_api.py took 0.069 seconds
[2024-01-14T15:46:58.917+0200] {processor.py:161} INFO - Started process (PID=28150) to work on /home/mahmoud/airflow_env/lib/python3.10/site-packages/airflow/example_dags/tutorial_taskflow_api.py
[2024-01-14T15:46:58.919+0200] {processor.py:830} INFO - Processing file /home/mahmoud/airflow_env/lib/python3.10/site-packages/airflow/example_dags/tutorial_taskflow_api.py for tasks to queue
[2024-01-14T15:46:58.920+0200] {logging_mixin.py:188} INFO - [2024-01-14T15:46:58.920+0200] {dagbag.py:538} INFO - Filling up the DagBag from /home/mahmoud/airflow_env/lib/python3.10/site-packages/airflow/example_dags/tutorial_taskflow_api.py
[2024-01-14T15:46:58.928+0200] {processor.py:840} INFO - DAG(s) 'tutorial_taskflow_api' retrieved from /home/mahmoud/airflow_env/lib/python3.10/site-packages/airflow/example_dags/tutorial_taskflow_api.py
[2024-01-14T15:46:58.943+0200] {logging_mixin.py:188} INFO - [2024-01-14T15:46:58.943+0200] {dag.py:3033} INFO - Sync 1 DAGs
[2024-01-14T15:46:58.957+0200] {logging_mixin.py:188} INFO - [2024-01-14T15:46:58.957+0200] {dag.py:3820} INFO - Setting next_dagrun for tutorial_taskflow_api to None, run_after=None
[2024-01-14T15:46:58.993+0200] {processor.py:183} INFO - Processing /home/mahmoud/airflow_env/lib/python3.10/site-packages/airflow/example_dags/tutorial_taskflow_api.py took 0.080 seconds
[2024-01-14T15:47:34.013+0200] {processor.py:161} INFO - Started process (PID=28355) to work on /home/mahmoud/airflow_env/lib/python3.10/site-packages/airflow/example_dags/tutorial_taskflow_api.py
[2024-01-14T15:47:34.014+0200] {processor.py:830} INFO - Processing file /home/mahmoud/airflow_env/lib/python3.10/site-packages/airflow/example_dags/tutorial_taskflow_api.py for tasks to queue
[2024-01-14T15:47:34.015+0200] {logging_mixin.py:188} INFO - [2024-01-14T15:47:34.015+0200] {dagbag.py:538} INFO - Filling up the DagBag from /home/mahmoud/airflow_env/lib/python3.10/site-packages/airflow/example_dags/tutorial_taskflow_api.py
[2024-01-14T15:47:34.021+0200] {processor.py:840} INFO - DAG(s) 'tutorial_taskflow_api' retrieved from /home/mahmoud/airflow_env/lib/python3.10/site-packages/airflow/example_dags/tutorial_taskflow_api.py
[2024-01-14T15:47:34.035+0200] {logging_mixin.py:188} INFO - [2024-01-14T15:47:34.035+0200] {dag.py:3033} INFO - Sync 1 DAGs
[2024-01-14T15:47:34.045+0200] {logging_mixin.py:188} INFO - [2024-01-14T15:47:34.045+0200] {dag.py:3820} INFO - Setting next_dagrun for tutorial_taskflow_api to None, run_after=None
[2024-01-14T15:47:34.070+0200] {processor.py:183} INFO - Processing /home/mahmoud/airflow_env/lib/python3.10/site-packages/airflow/example_dags/tutorial_taskflow_api.py took 0.060 seconds
[2024-01-14T15:48:08.922+0200] {processor.py:161} INFO - Started process (PID=28520) to work on /home/mahmoud/airflow_env/lib/python3.10/site-packages/airflow/example_dags/tutorial_taskflow_api.py
[2024-01-14T15:48:08.923+0200] {processor.py:830} INFO - Processing file /home/mahmoud/airflow_env/lib/python3.10/site-packages/airflow/example_dags/tutorial_taskflow_api.py for tasks to queue
[2024-01-14T15:48:08.924+0200] {logging_mixin.py:188} INFO - [2024-01-14T15:48:08.924+0200] {dagbag.py:538} INFO - Filling up the DagBag from /home/mahmoud/airflow_env/lib/python3.10/site-packages/airflow/example_dags/tutorial_taskflow_api.py
[2024-01-14T15:48:08.930+0200] {processor.py:840} INFO - DAG(s) 'tutorial_taskflow_api' retrieved from /home/mahmoud/airflow_env/lib/python3.10/site-packages/airflow/example_dags/tutorial_taskflow_api.py
[2024-01-14T15:48:08.944+0200] {logging_mixin.py:188} INFO - [2024-01-14T15:48:08.944+0200] {dag.py:3033} INFO - Sync 1 DAGs
[2024-01-14T15:48:08.954+0200] {logging_mixin.py:188} INFO - [2024-01-14T15:48:08.954+0200] {dag.py:3820} INFO - Setting next_dagrun for tutorial_taskflow_api to None, run_after=None
[2024-01-14T15:48:08.976+0200] {processor.py:183} INFO - Processing /home/mahmoud/airflow_env/lib/python3.10/site-packages/airflow/example_dags/tutorial_taskflow_api.py took 0.058 seconds
[2024-01-14T15:48:44.127+0200] {processor.py:161} INFO - Started process (PID=28658) to work on /home/mahmoud/airflow_env/lib/python3.10/site-packages/airflow/example_dags/tutorial_taskflow_api.py
[2024-01-14T15:48:44.129+0200] {processor.py:830} INFO - Processing file /home/mahmoud/airflow_env/lib/python3.10/site-packages/airflow/example_dags/tutorial_taskflow_api.py for tasks to queue
[2024-01-14T15:48:44.130+0200] {logging_mixin.py:188} INFO - [2024-01-14T15:48:44.129+0200] {dagbag.py:538} INFO - Filling up the DagBag from /home/mahmoud/airflow_env/lib/python3.10/site-packages/airflow/example_dags/tutorial_taskflow_api.py
[2024-01-14T15:48:44.137+0200] {processor.py:840} INFO - DAG(s) 'tutorial_taskflow_api' retrieved from /home/mahmoud/airflow_env/lib/python3.10/site-packages/airflow/example_dags/tutorial_taskflow_api.py
[2024-01-14T15:48:44.151+0200] {logging_mixin.py:188} INFO - [2024-01-14T15:48:44.151+0200] {dag.py:3033} INFO - Sync 1 DAGs
[2024-01-14T15:48:44.161+0200] {logging_mixin.py:188} INFO - [2024-01-14T15:48:44.161+0200] {dag.py:3820} INFO - Setting next_dagrun for tutorial_taskflow_api to None, run_after=None
[2024-01-14T15:48:44.184+0200] {processor.py:183} INFO - Processing /home/mahmoud/airflow_env/lib/python3.10/site-packages/airflow/example_dags/tutorial_taskflow_api.py took 0.060 seconds
[2024-01-14T15:49:20.161+0200] {processor.py:161} INFO - Started process (PID=28803) to work on /home/mahmoud/airflow_env/lib/python3.10/site-packages/airflow/example_dags/tutorial_taskflow_api.py
[2024-01-14T15:49:20.164+0200] {processor.py:830} INFO - Processing file /home/mahmoud/airflow_env/lib/python3.10/site-packages/airflow/example_dags/tutorial_taskflow_api.py for tasks to queue
[2024-01-14T15:49:20.166+0200] {logging_mixin.py:188} INFO - [2024-01-14T15:49:20.165+0200] {dagbag.py:538} INFO - Filling up the DagBag from /home/mahmoud/airflow_env/lib/python3.10/site-packages/airflow/example_dags/tutorial_taskflow_api.py
[2024-01-14T15:49:20.176+0200] {processor.py:840} INFO - DAG(s) 'tutorial_taskflow_api' retrieved from /home/mahmoud/airflow_env/lib/python3.10/site-packages/airflow/example_dags/tutorial_taskflow_api.py
[2024-01-14T15:49:20.191+0200] {logging_mixin.py:188} INFO - [2024-01-14T15:49:20.191+0200] {dag.py:3033} INFO - Sync 1 DAGs
[2024-01-14T15:49:20.201+0200] {logging_mixin.py:188} INFO - [2024-01-14T15:49:20.201+0200] {dag.py:3820} INFO - Setting next_dagrun for tutorial_taskflow_api to None, run_after=None
[2024-01-14T15:49:20.225+0200] {processor.py:183} INFO - Processing /home/mahmoud/airflow_env/lib/python3.10/site-packages/airflow/example_dags/tutorial_taskflow_api.py took 0.071 seconds
[2024-01-14T15:49:56.327+0200] {processor.py:161} INFO - Started process (PID=28943) to work on /home/mahmoud/airflow_env/lib/python3.10/site-packages/airflow/example_dags/tutorial_taskflow_api.py
[2024-01-14T15:49:56.329+0200] {processor.py:830} INFO - Processing file /home/mahmoud/airflow_env/lib/python3.10/site-packages/airflow/example_dags/tutorial_taskflow_api.py for tasks to queue
[2024-01-14T15:49:56.330+0200] {logging_mixin.py:188} INFO - [2024-01-14T15:49:56.329+0200] {dagbag.py:538} INFO - Filling up the DagBag from /home/mahmoud/airflow_env/lib/python3.10/site-packages/airflow/example_dags/tutorial_taskflow_api.py
[2024-01-14T15:49:56.337+0200] {processor.py:840} INFO - DAG(s) 'tutorial_taskflow_api' retrieved from /home/mahmoud/airflow_env/lib/python3.10/site-packages/airflow/example_dags/tutorial_taskflow_api.py
[2024-01-14T15:49:56.351+0200] {logging_mixin.py:188} INFO - [2024-01-14T15:49:56.351+0200] {dag.py:3033} INFO - Sync 1 DAGs
[2024-01-14T15:49:56.361+0200] {logging_mixin.py:188} INFO - [2024-01-14T15:49:56.361+0200] {dag.py:3820} INFO - Setting next_dagrun for tutorial_taskflow_api to None, run_after=None
[2024-01-14T15:49:56.386+0200] {processor.py:183} INFO - Processing /home/mahmoud/airflow_env/lib/python3.10/site-packages/airflow/example_dags/tutorial_taskflow_api.py took 0.063 seconds
[2024-01-14T15:50:29.566+0200] {processor.py:161} INFO - Started process (PID=29077) to work on /home/mahmoud/airflow_env/lib/python3.10/site-packages/airflow/example_dags/tutorial_taskflow_api.py
[2024-01-14T15:50:29.568+0200] {processor.py:830} INFO - Processing file /home/mahmoud/airflow_env/lib/python3.10/site-packages/airflow/example_dags/tutorial_taskflow_api.py for tasks to queue
[2024-01-14T15:50:29.569+0200] {logging_mixin.py:188} INFO - [2024-01-14T15:50:29.569+0200] {dagbag.py:538} INFO - Filling up the DagBag from /home/mahmoud/airflow_env/lib/python3.10/site-packages/airflow/example_dags/tutorial_taskflow_api.py
[2024-01-14T15:50:29.575+0200] {processor.py:840} INFO - DAG(s) 'tutorial_taskflow_api' retrieved from /home/mahmoud/airflow_env/lib/python3.10/site-packages/airflow/example_dags/tutorial_taskflow_api.py
[2024-01-14T15:50:29.586+0200] {logging_mixin.py:188} INFO - [2024-01-14T15:50:29.585+0200] {dag.py:3033} INFO - Sync 1 DAGs
[2024-01-14T15:50:29.595+0200] {logging_mixin.py:188} INFO - [2024-01-14T15:50:29.595+0200] {dag.py:3820} INFO - Setting next_dagrun for tutorial_taskflow_api to None, run_after=None
[2024-01-14T15:50:29.613+0200] {processor.py:183} INFO - Processing /home/mahmoud/airflow_env/lib/python3.10/site-packages/airflow/example_dags/tutorial_taskflow_api.py took 0.049 seconds
[2024-01-14T15:51:04.711+0200] {processor.py:161} INFO - Started process (PID=29215) to work on /home/mahmoud/airflow_env/lib/python3.10/site-packages/airflow/example_dags/tutorial_taskflow_api.py
[2024-01-14T15:51:04.714+0200] {processor.py:830} INFO - Processing file /home/mahmoud/airflow_env/lib/python3.10/site-packages/airflow/example_dags/tutorial_taskflow_api.py for tasks to queue
[2024-01-14T15:51:04.715+0200] {logging_mixin.py:188} INFO - [2024-01-14T15:51:04.715+0200] {dagbag.py:538} INFO - Filling up the DagBag from /home/mahmoud/airflow_env/lib/python3.10/site-packages/airflow/example_dags/tutorial_taskflow_api.py
[2024-01-14T15:51:04.722+0200] {processor.py:840} INFO - DAG(s) 'tutorial_taskflow_api' retrieved from /home/mahmoud/airflow_env/lib/python3.10/site-packages/airflow/example_dags/tutorial_taskflow_api.py
[2024-01-14T15:51:04.733+0200] {logging_mixin.py:188} INFO - [2024-01-14T15:51:04.733+0200] {dag.py:3033} INFO - Sync 1 DAGs
[2024-01-14T15:51:04.742+0200] {logging_mixin.py:188} INFO - [2024-01-14T15:51:04.742+0200] {dag.py:3820} INFO - Setting next_dagrun for tutorial_taskflow_api to None, run_after=None
[2024-01-14T15:51:04.764+0200] {processor.py:183} INFO - Processing /home/mahmoud/airflow_env/lib/python3.10/site-packages/airflow/example_dags/tutorial_taskflow_api.py took 0.058 seconds
[2024-01-14T15:51:39.773+0200] {processor.py:161} INFO - Started process (PID=29356) to work on /home/mahmoud/airflow_env/lib/python3.10/site-packages/airflow/example_dags/tutorial_taskflow_api.py
[2024-01-14T15:51:39.775+0200] {processor.py:830} INFO - Processing file /home/mahmoud/airflow_env/lib/python3.10/site-packages/airflow/example_dags/tutorial_taskflow_api.py for tasks to queue
[2024-01-14T15:51:39.776+0200] {logging_mixin.py:188} INFO - [2024-01-14T15:51:39.776+0200] {dagbag.py:538} INFO - Filling up the DagBag from /home/mahmoud/airflow_env/lib/python3.10/site-packages/airflow/example_dags/tutorial_taskflow_api.py
[2024-01-14T15:51:39.782+0200] {processor.py:840} INFO - DAG(s) 'tutorial_taskflow_api' retrieved from /home/mahmoud/airflow_env/lib/python3.10/site-packages/airflow/example_dags/tutorial_taskflow_api.py
[2024-01-14T15:51:39.796+0200] {logging_mixin.py:188} INFO - [2024-01-14T15:51:39.795+0200] {dag.py:3033} INFO - Sync 1 DAGs
[2024-01-14T15:51:39.806+0200] {logging_mixin.py:188} INFO - [2024-01-14T15:51:39.806+0200] {dag.py:3820} INFO - Setting next_dagrun for tutorial_taskflow_api to None, run_after=None
[2024-01-14T15:51:39.828+0200] {processor.py:183} INFO - Processing /home/mahmoud/airflow_env/lib/python3.10/site-packages/airflow/example_dags/tutorial_taskflow_api.py took 0.058 seconds
[2024-01-14T15:52:15.107+0200] {processor.py:161} INFO - Started process (PID=29495) to work on /home/mahmoud/airflow_env/lib/python3.10/site-packages/airflow/example_dags/tutorial_taskflow_api.py
[2024-01-14T15:52:15.109+0200] {processor.py:830} INFO - Processing file /home/mahmoud/airflow_env/lib/python3.10/site-packages/airflow/example_dags/tutorial_taskflow_api.py for tasks to queue
[2024-01-14T15:52:15.110+0200] {logging_mixin.py:188} INFO - [2024-01-14T15:52:15.110+0200] {dagbag.py:538} INFO - Filling up the DagBag from /home/mahmoud/airflow_env/lib/python3.10/site-packages/airflow/example_dags/tutorial_taskflow_api.py
[2024-01-14T15:52:15.116+0200] {processor.py:840} INFO - DAG(s) 'tutorial_taskflow_api' retrieved from /home/mahmoud/airflow_env/lib/python3.10/site-packages/airflow/example_dags/tutorial_taskflow_api.py
[2024-01-14T15:52:15.129+0200] {logging_mixin.py:188} INFO - [2024-01-14T15:52:15.129+0200] {dag.py:3033} INFO - Sync 1 DAGs
[2024-01-14T15:52:15.139+0200] {logging_mixin.py:188} INFO - [2024-01-14T15:52:15.139+0200] {dag.py:3820} INFO - Setting next_dagrun for tutorial_taskflow_api to None, run_after=None
[2024-01-14T15:52:15.160+0200] {processor.py:183} INFO - Processing /home/mahmoud/airflow_env/lib/python3.10/site-packages/airflow/example_dags/tutorial_taskflow_api.py took 0.056 seconds
[2024-01-14T15:52:47.535+0200] {processor.py:161} INFO - Started process (PID=29653) to work on /home/mahmoud/airflow_env/lib/python3.10/site-packages/airflow/example_dags/tutorial_taskflow_api.py
[2024-01-14T15:52:47.537+0200] {processor.py:830} INFO - Processing file /home/mahmoud/airflow_env/lib/python3.10/site-packages/airflow/example_dags/tutorial_taskflow_api.py for tasks to queue
[2024-01-14T15:52:47.538+0200] {logging_mixin.py:188} INFO - [2024-01-14T15:52:47.537+0200] {dagbag.py:538} INFO - Filling up the DagBag from /home/mahmoud/airflow_env/lib/python3.10/site-packages/airflow/example_dags/tutorial_taskflow_api.py
[2024-01-14T15:52:47.544+0200] {processor.py:840} INFO - DAG(s) 'tutorial_taskflow_api' retrieved from /home/mahmoud/airflow_env/lib/python3.10/site-packages/airflow/example_dags/tutorial_taskflow_api.py
[2024-01-14T15:52:47.558+0200] {logging_mixin.py:188} INFO - [2024-01-14T15:52:47.558+0200] {dag.py:3033} INFO - Sync 1 DAGs
[2024-01-14T15:52:47.569+0200] {logging_mixin.py:188} INFO - [2024-01-14T15:52:47.569+0200] {dag.py:3820} INFO - Setting next_dagrun for tutorial_taskflow_api to None, run_after=None
[2024-01-14T15:52:47.592+0200] {processor.py:183} INFO - Processing /home/mahmoud/airflow_env/lib/python3.10/site-packages/airflow/example_dags/tutorial_taskflow_api.py took 0.060 seconds
[2024-01-14T15:53:21.976+0200] {processor.py:161} INFO - Started process (PID=29786) to work on /home/mahmoud/airflow_env/lib/python3.10/site-packages/airflow/example_dags/tutorial_taskflow_api.py
[2024-01-14T15:53:21.977+0200] {processor.py:830} INFO - Processing file /home/mahmoud/airflow_env/lib/python3.10/site-packages/airflow/example_dags/tutorial_taskflow_api.py for tasks to queue
[2024-01-14T15:53:21.978+0200] {logging_mixin.py:188} INFO - [2024-01-14T15:53:21.978+0200] {dagbag.py:538} INFO - Filling up the DagBag from /home/mahmoud/airflow_env/lib/python3.10/site-packages/airflow/example_dags/tutorial_taskflow_api.py
[2024-01-14T15:53:21.984+0200] {processor.py:840} INFO - DAG(s) 'tutorial_taskflow_api' retrieved from /home/mahmoud/airflow_env/lib/python3.10/site-packages/airflow/example_dags/tutorial_taskflow_api.py
[2024-01-14T15:53:21.998+0200] {logging_mixin.py:188} INFO - [2024-01-14T15:53:21.998+0200] {dag.py:3033} INFO - Sync 1 DAGs
[2024-01-14T15:53:22.008+0200] {logging_mixin.py:188} INFO - [2024-01-14T15:53:22.008+0200] {dag.py:3820} INFO - Setting next_dagrun for tutorial_taskflow_api to None, run_after=None
[2024-01-14T15:53:22.030+0200] {processor.py:183} INFO - Processing /home/mahmoud/airflow_env/lib/python3.10/site-packages/airflow/example_dags/tutorial_taskflow_api.py took 0.057 seconds
[2024-01-14T15:54:02.251+0200] {processor.py:161} INFO - Started process (PID=29938) to work on /home/mahmoud/airflow_env/lib/python3.10/site-packages/airflow/example_dags/tutorial_taskflow_api.py
[2024-01-14T15:54:02.260+0200] {processor.py:830} INFO - Processing file /home/mahmoud/airflow_env/lib/python3.10/site-packages/airflow/example_dags/tutorial_taskflow_api.py for tasks to queue
[2024-01-14T15:54:02.267+0200] {logging_mixin.py:188} INFO - [2024-01-14T15:54:02.264+0200] {dagbag.py:538} INFO - Filling up the DagBag from /home/mahmoud/airflow_env/lib/python3.10/site-packages/airflow/example_dags/tutorial_taskflow_api.py
[2024-01-14T15:54:02.328+0200] {processor.py:840} INFO - DAG(s) 'tutorial_taskflow_api' retrieved from /home/mahmoud/airflow_env/lib/python3.10/site-packages/airflow/example_dags/tutorial_taskflow_api.py
[2024-01-14T15:54:02.461+0200] {logging_mixin.py:188} INFO - [2024-01-14T15:54:02.460+0200] {dag.py:3033} INFO - Sync 1 DAGs
[2024-01-14T15:54:02.579+0200] {logging_mixin.py:188} INFO - [2024-01-14T15:54:02.578+0200] {dag.py:3820} INFO - Setting next_dagrun for tutorial_taskflow_api to None, run_after=None
[2024-01-14T15:54:02.767+0200] {processor.py:183} INFO - Processing /home/mahmoud/airflow_env/lib/python3.10/site-packages/airflow/example_dags/tutorial_taskflow_api.py took 0.544 seconds
[2024-01-14T15:55:09.996+0200] {processor.py:161} INFO - Started process (PID=30168) to work on /home/mahmoud/airflow_env/lib/python3.10/site-packages/airflow/example_dags/tutorial_taskflow_api.py
[2024-01-14T15:55:09.999+0200] {processor.py:830} INFO - Processing file /home/mahmoud/airflow_env/lib/python3.10/site-packages/airflow/example_dags/tutorial_taskflow_api.py for tasks to queue
[2024-01-14T15:55:10.002+0200] {logging_mixin.py:188} INFO - [2024-01-14T15:55:10.001+0200] {dagbag.py:538} INFO - Filling up the DagBag from /home/mahmoud/airflow_env/lib/python3.10/site-packages/airflow/example_dags/tutorial_taskflow_api.py
[2024-01-14T15:55:10.024+0200] {processor.py:840} INFO - DAG(s) 'tutorial_taskflow_api' retrieved from /home/mahmoud/airflow_env/lib/python3.10/site-packages/airflow/example_dags/tutorial_taskflow_api.py
[2024-01-14T15:55:10.073+0200] {logging_mixin.py:188} INFO - [2024-01-14T15:55:10.072+0200] {dag.py:3033} INFO - Sync 1 DAGs
[2024-01-14T15:55:10.111+0200] {logging_mixin.py:188} INFO - [2024-01-14T15:55:10.111+0200] {dag.py:3820} INFO - Setting next_dagrun for tutorial_taskflow_api to None, run_after=None
[2024-01-14T15:55:10.178+0200] {processor.py:183} INFO - Processing /home/mahmoud/airflow_env/lib/python3.10/site-packages/airflow/example_dags/tutorial_taskflow_api.py took 0.193 seconds
[2024-01-14T15:55:43.835+0200] {processor.py:161} INFO - Started process (PID=30286) to work on /home/mahmoud/airflow_env/lib/python3.10/site-packages/airflow/example_dags/tutorial_taskflow_api.py
[2024-01-14T15:55:43.837+0200] {processor.py:830} INFO - Processing file /home/mahmoud/airflow_env/lib/python3.10/site-packages/airflow/example_dags/tutorial_taskflow_api.py for tasks to queue
[2024-01-14T15:55:43.839+0200] {logging_mixin.py:188} INFO - [2024-01-14T15:55:43.839+0200] {dagbag.py:538} INFO - Filling up the DagBag from /home/mahmoud/airflow_env/lib/python3.10/site-packages/airflow/example_dags/tutorial_taskflow_api.py
[2024-01-14T15:55:43.858+0200] {processor.py:840} INFO - DAG(s) 'tutorial_taskflow_api' retrieved from /home/mahmoud/airflow_env/lib/python3.10/site-packages/airflow/example_dags/tutorial_taskflow_api.py
[2024-01-14T15:55:43.900+0200] {logging_mixin.py:188} INFO - [2024-01-14T15:55:43.899+0200] {dag.py:3033} INFO - Sync 1 DAGs
[2024-01-14T15:55:43.931+0200] {logging_mixin.py:188} INFO - [2024-01-14T15:55:43.931+0200] {dag.py:3820} INFO - Setting next_dagrun for tutorial_taskflow_api to None, run_after=None
[2024-01-14T15:55:43.988+0200] {processor.py:183} INFO - Processing /home/mahmoud/airflow_env/lib/python3.10/site-packages/airflow/example_dags/tutorial_taskflow_api.py took 0.161 seconds
[2024-01-14T15:56:42.984+0200] {processor.py:161} INFO - Started process (PID=30497) to work on /home/mahmoud/airflow_env/lib/python3.10/site-packages/airflow/example_dags/tutorial_taskflow_api.py
[2024-01-14T15:56:42.988+0200] {processor.py:830} INFO - Processing file /home/mahmoud/airflow_env/lib/python3.10/site-packages/airflow/example_dags/tutorial_taskflow_api.py for tasks to queue
[2024-01-14T15:56:42.991+0200] {logging_mixin.py:188} INFO - [2024-01-14T15:56:42.990+0200] {dagbag.py:538} INFO - Filling up the DagBag from /home/mahmoud/airflow_env/lib/python3.10/site-packages/airflow/example_dags/tutorial_taskflow_api.py
[2024-01-14T15:56:43.009+0200] {processor.py:840} INFO - DAG(s) 'tutorial_taskflow_api' retrieved from /home/mahmoud/airflow_env/lib/python3.10/site-packages/airflow/example_dags/tutorial_taskflow_api.py
[2024-01-14T15:56:43.052+0200] {logging_mixin.py:188} INFO - [2024-01-14T15:56:43.052+0200] {dag.py:3033} INFO - Sync 1 DAGs
[2024-01-14T15:56:43.086+0200] {logging_mixin.py:188} INFO - [2024-01-14T15:56:43.086+0200] {dag.py:3820} INFO - Setting next_dagrun for tutorial_taskflow_api to None, run_after=None
[2024-01-14T15:56:43.147+0200] {processor.py:183} INFO - Processing /home/mahmoud/airflow_env/lib/python3.10/site-packages/airflow/example_dags/tutorial_taskflow_api.py took 0.172 seconds
[2024-01-14T15:57:39.918+0200] {processor.py:161} INFO - Started process (PID=30701) to work on /home/mahmoud/airflow_env/lib/python3.10/site-packages/airflow/example_dags/tutorial_taskflow_api.py
[2024-01-14T15:57:39.920+0200] {processor.py:830} INFO - Processing file /home/mahmoud/airflow_env/lib/python3.10/site-packages/airflow/example_dags/tutorial_taskflow_api.py for tasks to queue
[2024-01-14T15:57:39.921+0200] {logging_mixin.py:188} INFO - [2024-01-14T15:57:39.920+0200] {dagbag.py:538} INFO - Filling up the DagBag from /home/mahmoud/airflow_env/lib/python3.10/site-packages/airflow/example_dags/tutorial_taskflow_api.py
[2024-01-14T15:57:39.926+0200] {processor.py:840} INFO - DAG(s) 'tutorial_taskflow_api' retrieved from /home/mahmoud/airflow_env/lib/python3.10/site-packages/airflow/example_dags/tutorial_taskflow_api.py
[2024-01-14T15:57:39.937+0200] {logging_mixin.py:188} INFO - [2024-01-14T15:57:39.936+0200] {dag.py:3033} INFO - Sync 1 DAGs
[2024-01-14T15:57:39.944+0200] {logging_mixin.py:188} INFO - [2024-01-14T15:57:39.944+0200] {dag.py:3820} INFO - Setting next_dagrun for tutorial_taskflow_api to None, run_after=None
[2024-01-14T15:57:39.965+0200] {processor.py:183} INFO - Processing /home/mahmoud/airflow_env/lib/python3.10/site-packages/airflow/example_dags/tutorial_taskflow_api.py took 0.049 seconds
