[2024-01-14T15:08:36.050+0200] {processor.py:161} INFO - Started process (PID=16191) to work on /home/mahmoud/airflow_env/lib/python3.10/site-packages/airflow/example_dags/tutorial_objectstorage.py
[2024-01-14T15:08:36.051+0200] {processor.py:830} INFO - Processing file /home/mahmoud/airflow_env/lib/python3.10/site-packages/airflow/example_dags/tutorial_objectstorage.py for tasks to queue
[2024-01-14T15:08:36.052+0200] {logging_mixin.py:188} INFO - [2024-01-14T15:08:36.051+0200] {dagbag.py:538} INFO - Filling up the DagBag from /home/mahmoud/airflow_env/lib/python3.10/site-packages/airflow/example_dags/tutorial_objectstorage.py
[2024-01-14T15:08:36.058+0200] {processor.py:840} INFO - DAG(s) 'tutorial_objectstorage' retrieved from /home/mahmoud/airflow_env/lib/python3.10/site-packages/airflow/example_dags/tutorial_objectstorage.py
[2024-01-14T15:08:36.143+0200] {logging_mixin.py:188} INFO - [2024-01-14T15:08:36.143+0200] {override.py:1769} INFO - Created Permission View: can edit on DAG:tutorial_objectstorage
[2024-01-14T15:08:36.155+0200] {logging_mixin.py:188} INFO - [2024-01-14T15:08:36.155+0200] {override.py:1769} INFO - Created Permission View: can delete on DAG:tutorial_objectstorage
[2024-01-14T15:08:36.164+0200] {logging_mixin.py:188} INFO - [2024-01-14T15:08:36.163+0200] {override.py:1769} INFO - Created Permission View: can read on DAG:tutorial_objectstorage
[2024-01-14T15:08:36.164+0200] {logging_mixin.py:188} INFO - [2024-01-14T15:08:36.164+0200] {dag.py:3033} INFO - Sync 1 DAGs
[2024-01-14T15:08:36.171+0200] {logging_mixin.py:188} INFO - [2024-01-14T15:08:36.171+0200] {dag.py:3055} INFO - Creating ORM DAG for tutorial_objectstorage
[2024-01-14T15:08:36.171+0200] {logging_mixin.py:188} INFO - [2024-01-14T15:08:36.171+0200] {dag.py:3820} INFO - Setting next_dagrun for tutorial_objectstorage to None, run_after=None
[2024-01-14T15:08:36.197+0200] {processor.py:183} INFO - Processing /home/mahmoud/airflow_env/lib/python3.10/site-packages/airflow/example_dags/tutorial_objectstorage.py took 0.150 seconds
[2024-01-14T15:09:25.384+0200] {processor.py:161} INFO - Started process (PID=16529) to work on /home/mahmoud/airflow_env/lib/python3.10/site-packages/airflow/example_dags/tutorial_objectstorage.py
[2024-01-14T15:09:25.385+0200] {processor.py:830} INFO - Processing file /home/mahmoud/airflow_env/lib/python3.10/site-packages/airflow/example_dags/tutorial_objectstorage.py for tasks to queue
[2024-01-14T15:09:25.386+0200] {logging_mixin.py:188} INFO - [2024-01-14T15:09:25.386+0200] {dagbag.py:538} INFO - Filling up the DagBag from /home/mahmoud/airflow_env/lib/python3.10/site-packages/airflow/example_dags/tutorial_objectstorage.py
[2024-01-14T15:09:25.394+0200] {processor.py:840} INFO - DAG(s) 'tutorial_objectstorage' retrieved from /home/mahmoud/airflow_env/lib/python3.10/site-packages/airflow/example_dags/tutorial_objectstorage.py
[2024-01-14T15:09:25.410+0200] {logging_mixin.py:188} INFO - [2024-01-14T15:09:25.410+0200] {dag.py:3033} INFO - Sync 1 DAGs
[2024-01-14T15:09:25.421+0200] {logging_mixin.py:188} INFO - [2024-01-14T15:09:25.421+0200] {dag.py:3820} INFO - Setting next_dagrun for tutorial_objectstorage to None, run_after=None
[2024-01-14T15:09:25.444+0200] {processor.py:183} INFO - Processing /home/mahmoud/airflow_env/lib/python3.10/site-packages/airflow/example_dags/tutorial_objectstorage.py took 0.065 seconds
[2024-01-14T15:10:14.182+0200] {processor.py:161} INFO - Started process (PID=16727) to work on /home/mahmoud/airflow_env/lib/python3.10/site-packages/airflow/example_dags/tutorial_objectstorage.py
[2024-01-14T15:10:14.183+0200] {processor.py:830} INFO - Processing file /home/mahmoud/airflow_env/lib/python3.10/site-packages/airflow/example_dags/tutorial_objectstorage.py for tasks to queue
[2024-01-14T15:10:14.185+0200] {logging_mixin.py:188} INFO - [2024-01-14T15:10:14.184+0200] {dagbag.py:538} INFO - Filling up the DagBag from /home/mahmoud/airflow_env/lib/python3.10/site-packages/airflow/example_dags/tutorial_objectstorage.py
[2024-01-14T15:10:14.194+0200] {processor.py:840} INFO - DAG(s) 'tutorial_objectstorage' retrieved from /home/mahmoud/airflow_env/lib/python3.10/site-packages/airflow/example_dags/tutorial_objectstorage.py
[2024-01-14T15:10:14.210+0200] {logging_mixin.py:188} INFO - [2024-01-14T15:10:14.210+0200] {dag.py:3033} INFO - Sync 1 DAGs
[2024-01-14T15:10:14.220+0200] {logging_mixin.py:188} INFO - [2024-01-14T15:10:14.220+0200] {dag.py:3820} INFO - Setting next_dagrun for tutorial_objectstorage to None, run_after=None
[2024-01-14T15:10:14.242+0200] {processor.py:183} INFO - Processing /home/mahmoud/airflow_env/lib/python3.10/site-packages/airflow/example_dags/tutorial_objectstorage.py took 0.066 seconds
[2024-01-14T15:11:12.547+0200] {processor.py:161} INFO - Started process (PID=16963) to work on /home/mahmoud/airflow_env/lib/python3.10/site-packages/airflow/example_dags/tutorial_objectstorage.py
[2024-01-14T15:11:12.549+0200] {processor.py:830} INFO - Processing file /home/mahmoud/airflow_env/lib/python3.10/site-packages/airflow/example_dags/tutorial_objectstorage.py for tasks to queue
[2024-01-14T15:11:12.550+0200] {logging_mixin.py:188} INFO - [2024-01-14T15:11:12.550+0200] {dagbag.py:538} INFO - Filling up the DagBag from /home/mahmoud/airflow_env/lib/python3.10/site-packages/airflow/example_dags/tutorial_objectstorage.py
[2024-01-14T15:11:12.558+0200] {processor.py:840} INFO - DAG(s) 'tutorial_objectstorage' retrieved from /home/mahmoud/airflow_env/lib/python3.10/site-packages/airflow/example_dags/tutorial_objectstorage.py
[2024-01-14T15:11:12.569+0200] {logging_mixin.py:188} INFO - [2024-01-14T15:11:12.569+0200] {dag.py:3033} INFO - Sync 1 DAGs
[2024-01-14T15:11:12.577+0200] {logging_mixin.py:188} INFO - [2024-01-14T15:11:12.577+0200] {dag.py:3820} INFO - Setting next_dagrun for tutorial_objectstorage to None, run_after=None
[2024-01-14T15:11:12.596+0200] {processor.py:183} INFO - Processing /home/mahmoud/airflow_env/lib/python3.10/site-packages/airflow/example_dags/tutorial_objectstorage.py took 0.055 seconds
[2024-01-14T15:12:08.154+0200] {processor.py:161} INFO - Started process (PID=17221) to work on /home/mahmoud/airflow_env/lib/python3.10/site-packages/airflow/example_dags/tutorial_objectstorage.py
[2024-01-14T15:12:08.156+0200] {processor.py:830} INFO - Processing file /home/mahmoud/airflow_env/lib/python3.10/site-packages/airflow/example_dags/tutorial_objectstorage.py for tasks to queue
[2024-01-14T15:12:08.157+0200] {logging_mixin.py:188} INFO - [2024-01-14T15:12:08.156+0200] {dagbag.py:538} INFO - Filling up the DagBag from /home/mahmoud/airflow_env/lib/python3.10/site-packages/airflow/example_dags/tutorial_objectstorage.py
[2024-01-14T15:12:08.163+0200] {processor.py:840} INFO - DAG(s) 'tutorial_objectstorage' retrieved from /home/mahmoud/airflow_env/lib/python3.10/site-packages/airflow/example_dags/tutorial_objectstorage.py
[2024-01-14T15:12:08.177+0200] {logging_mixin.py:188} INFO - [2024-01-14T15:12:08.177+0200] {dag.py:3033} INFO - Sync 1 DAGs
[2024-01-14T15:12:08.187+0200] {logging_mixin.py:188} INFO - [2024-01-14T15:12:08.187+0200] {dag.py:3820} INFO - Setting next_dagrun for tutorial_objectstorage to None, run_after=None
[2024-01-14T15:12:08.210+0200] {processor.py:183} INFO - Processing /home/mahmoud/airflow_env/lib/python3.10/site-packages/airflow/example_dags/tutorial_objectstorage.py took 0.059 seconds
[2024-01-14T15:13:01.865+0200] {processor.py:161} INFO - Started process (PID=17431) to work on /home/mahmoud/airflow_env/lib/python3.10/site-packages/airflow/example_dags/tutorial_objectstorage.py
[2024-01-14T15:13:01.867+0200] {processor.py:830} INFO - Processing file /home/mahmoud/airflow_env/lib/python3.10/site-packages/airflow/example_dags/tutorial_objectstorage.py for tasks to queue
[2024-01-14T15:13:01.868+0200] {logging_mixin.py:188} INFO - [2024-01-14T15:13:01.867+0200] {dagbag.py:538} INFO - Filling up the DagBag from /home/mahmoud/airflow_env/lib/python3.10/site-packages/airflow/example_dags/tutorial_objectstorage.py
[2024-01-14T15:13:01.874+0200] {processor.py:840} INFO - DAG(s) 'tutorial_objectstorage' retrieved from /home/mahmoud/airflow_env/lib/python3.10/site-packages/airflow/example_dags/tutorial_objectstorage.py
[2024-01-14T15:13:01.887+0200] {logging_mixin.py:188} INFO - [2024-01-14T15:13:01.887+0200] {dag.py:3033} INFO - Sync 1 DAGs
[2024-01-14T15:13:01.897+0200] {logging_mixin.py:188} INFO - [2024-01-14T15:13:01.896+0200] {dag.py:3820} INFO - Setting next_dagrun for tutorial_objectstorage to None, run_after=None
[2024-01-14T15:13:01.920+0200] {processor.py:183} INFO - Processing /home/mahmoud/airflow_env/lib/python3.10/site-packages/airflow/example_dags/tutorial_objectstorage.py took 0.058 seconds
[2024-01-14T15:13:55.468+0200] {processor.py:161} INFO - Started process (PID=17694) to work on /home/mahmoud/airflow_env/lib/python3.10/site-packages/airflow/example_dags/tutorial_objectstorage.py
[2024-01-14T15:13:55.470+0200] {processor.py:830} INFO - Processing file /home/mahmoud/airflow_env/lib/python3.10/site-packages/airflow/example_dags/tutorial_objectstorage.py for tasks to queue
[2024-01-14T15:13:55.472+0200] {logging_mixin.py:188} INFO - [2024-01-14T15:13:55.471+0200] {dagbag.py:538} INFO - Filling up the DagBag from /home/mahmoud/airflow_env/lib/python3.10/site-packages/airflow/example_dags/tutorial_objectstorage.py
[2024-01-14T15:13:55.479+0200] {processor.py:840} INFO - DAG(s) 'tutorial_objectstorage' retrieved from /home/mahmoud/airflow_env/lib/python3.10/site-packages/airflow/example_dags/tutorial_objectstorage.py
[2024-01-14T15:13:55.494+0200] {logging_mixin.py:188} INFO - [2024-01-14T15:13:55.494+0200] {dag.py:3033} INFO - Sync 1 DAGs
[2024-01-14T15:13:55.505+0200] {logging_mixin.py:188} INFO - [2024-01-14T15:13:55.505+0200] {dag.py:3820} INFO - Setting next_dagrun for tutorial_objectstorage to None, run_after=None
[2024-01-14T15:13:55.529+0200] {processor.py:183} INFO - Processing /home/mahmoud/airflow_env/lib/python3.10/site-packages/airflow/example_dags/tutorial_objectstorage.py took 0.065 seconds
[2024-01-14T15:20:23.463+0200] {processor.py:161} INFO - Started process (PID=19551) to work on /home/mahmoud/airflow_env/lib/python3.10/site-packages/airflow/example_dags/tutorial_objectstorage.py
[2024-01-14T15:20:23.464+0200] {processor.py:830} INFO - Processing file /home/mahmoud/airflow_env/lib/python3.10/site-packages/airflow/example_dags/tutorial_objectstorage.py for tasks to queue
[2024-01-14T15:20:23.464+0200] {logging_mixin.py:188} INFO - [2024-01-14T15:20:23.464+0200] {dagbag.py:538} INFO - Filling up the DagBag from /home/mahmoud/airflow_env/lib/python3.10/site-packages/airflow/example_dags/tutorial_objectstorage.py
[2024-01-14T15:20:23.470+0200] {processor.py:840} INFO - DAG(s) 'tutorial_objectstorage' retrieved from /home/mahmoud/airflow_env/lib/python3.10/site-packages/airflow/example_dags/tutorial_objectstorage.py
[2024-01-14T15:20:23.483+0200] {logging_mixin.py:188} INFO - [2024-01-14T15:20:23.483+0200] {dag.py:3033} INFO - Sync 1 DAGs
[2024-01-14T15:20:23.493+0200] {logging_mixin.py:188} INFO - [2024-01-14T15:20:23.493+0200] {dag.py:3820} INFO - Setting next_dagrun for tutorial_objectstorage to None, run_after=None
[2024-01-14T15:20:23.516+0200] {processor.py:183} INFO - Processing /home/mahmoud/airflow_env/lib/python3.10/site-packages/airflow/example_dags/tutorial_objectstorage.py took 0.056 seconds
[2024-01-14T15:21:13.079+0200] {processor.py:161} INFO - Started process (PID=19750) to work on /home/mahmoud/airflow_env/lib/python3.10/site-packages/airflow/example_dags/tutorial_objectstorage.py
[2024-01-14T15:21:13.081+0200] {processor.py:830} INFO - Processing file /home/mahmoud/airflow_env/lib/python3.10/site-packages/airflow/example_dags/tutorial_objectstorage.py for tasks to queue
[2024-01-14T15:21:13.081+0200] {logging_mixin.py:188} INFO - [2024-01-14T15:21:13.081+0200] {dagbag.py:538} INFO - Filling up the DagBag from /home/mahmoud/airflow_env/lib/python3.10/site-packages/airflow/example_dags/tutorial_objectstorage.py
[2024-01-14T15:21:13.088+0200] {processor.py:840} INFO - DAG(s) 'tutorial_objectstorage' retrieved from /home/mahmoud/airflow_env/lib/python3.10/site-packages/airflow/example_dags/tutorial_objectstorage.py
[2024-01-14T15:21:13.099+0200] {logging_mixin.py:188} INFO - [2024-01-14T15:21:13.099+0200] {dag.py:3033} INFO - Sync 1 DAGs
[2024-01-14T15:21:13.108+0200] {logging_mixin.py:188} INFO - [2024-01-14T15:21:13.107+0200] {dag.py:3820} INFO - Setting next_dagrun for tutorial_objectstorage to None, run_after=None
[2024-01-14T15:21:13.129+0200] {processor.py:183} INFO - Processing /home/mahmoud/airflow_env/lib/python3.10/site-packages/airflow/example_dags/tutorial_objectstorage.py took 0.053 seconds
[2024-01-14T15:22:10.265+0200] {processor.py:161} INFO - Started process (PID=19971) to work on /home/mahmoud/airflow_env/lib/python3.10/site-packages/airflow/example_dags/tutorial_objectstorage.py
[2024-01-14T15:22:10.267+0200] {processor.py:830} INFO - Processing file /home/mahmoud/airflow_env/lib/python3.10/site-packages/airflow/example_dags/tutorial_objectstorage.py for tasks to queue
[2024-01-14T15:22:10.268+0200] {logging_mixin.py:188} INFO - [2024-01-14T15:22:10.268+0200] {dagbag.py:538} INFO - Filling up the DagBag from /home/mahmoud/airflow_env/lib/python3.10/site-packages/airflow/example_dags/tutorial_objectstorage.py
[2024-01-14T15:22:10.276+0200] {processor.py:840} INFO - DAG(s) 'tutorial_objectstorage' retrieved from /home/mahmoud/airflow_env/lib/python3.10/site-packages/airflow/example_dags/tutorial_objectstorage.py
[2024-01-14T15:22:10.290+0200] {logging_mixin.py:188} INFO - [2024-01-14T15:22:10.289+0200] {dag.py:3033} INFO - Sync 1 DAGs
[2024-01-14T15:22:10.300+0200] {logging_mixin.py:188} INFO - [2024-01-14T15:22:10.300+0200] {dag.py:3820} INFO - Setting next_dagrun for tutorial_objectstorage to None, run_after=None
[2024-01-14T15:22:10.323+0200] {processor.py:183} INFO - Processing /home/mahmoud/airflow_env/lib/python3.10/site-packages/airflow/example_dags/tutorial_objectstorage.py took 0.062 seconds
[2024-01-14T15:38:15.564+0200] {processor.py:161} INFO - Started process (PID=24644) to work on /home/mahmoud/airflow_env/lib/python3.10/site-packages/airflow/example_dags/tutorial_objectstorage.py
[2024-01-14T15:38:15.566+0200] {processor.py:830} INFO - Processing file /home/mahmoud/airflow_env/lib/python3.10/site-packages/airflow/example_dags/tutorial_objectstorage.py for tasks to queue
[2024-01-14T15:38:15.567+0200] {logging_mixin.py:188} INFO - [2024-01-14T15:38:15.567+0200] {dagbag.py:538} INFO - Filling up the DagBag from /home/mahmoud/airflow_env/lib/python3.10/site-packages/airflow/example_dags/tutorial_objectstorage.py
[2024-01-14T15:38:15.573+0200] {processor.py:840} INFO - DAG(s) 'tutorial_objectstorage' retrieved from /home/mahmoud/airflow_env/lib/python3.10/site-packages/airflow/example_dags/tutorial_objectstorage.py
[2024-01-14T15:38:15.586+0200] {logging_mixin.py:188} INFO - [2024-01-14T15:38:15.586+0200] {dag.py:3033} INFO - Sync 1 DAGs
[2024-01-14T15:38:15.596+0200] {logging_mixin.py:188} INFO - [2024-01-14T15:38:15.596+0200] {dag.py:3820} INFO - Setting next_dagrun for tutorial_objectstorage to None, run_after=None
[2024-01-14T15:38:15.620+0200] {processor.py:183} INFO - Processing /home/mahmoud/airflow_env/lib/python3.10/site-packages/airflow/example_dags/tutorial_objectstorage.py took 0.059 seconds
[2024-01-14T15:39:04.376+0200] {processor.py:161} INFO - Started process (PID=25059) to work on /home/mahmoud/airflow_env/lib/python3.10/site-packages/airflow/example_dags/tutorial_objectstorage.py
[2024-01-14T15:39:04.378+0200] {processor.py:830} INFO - Processing file /home/mahmoud/airflow_env/lib/python3.10/site-packages/airflow/example_dags/tutorial_objectstorage.py for tasks to queue
[2024-01-14T15:39:04.379+0200] {logging_mixin.py:188} INFO - [2024-01-14T15:39:04.379+0200] {dagbag.py:538} INFO - Filling up the DagBag from /home/mahmoud/airflow_env/lib/python3.10/site-packages/airflow/example_dags/tutorial_objectstorage.py
[2024-01-14T15:39:04.387+0200] {processor.py:840} INFO - DAG(s) 'tutorial_objectstorage' retrieved from /home/mahmoud/airflow_env/lib/python3.10/site-packages/airflow/example_dags/tutorial_objectstorage.py
[2024-01-14T15:39:04.401+0200] {logging_mixin.py:188} INFO - [2024-01-14T15:39:04.400+0200] {dag.py:3033} INFO - Sync 1 DAGs
[2024-01-14T15:39:04.412+0200] {logging_mixin.py:188} INFO - [2024-01-14T15:39:04.412+0200] {dag.py:3820} INFO - Setting next_dagrun for tutorial_objectstorage to None, run_after=None
[2024-01-14T15:39:04.434+0200] {processor.py:183} INFO - Processing /home/mahmoud/airflow_env/lib/python3.10/site-packages/airflow/example_dags/tutorial_objectstorage.py took 0.061 seconds
[2024-01-14T15:39:53.737+0200] {processor.py:161} INFO - Started process (PID=25271) to work on /home/mahmoud/airflow_env/lib/python3.10/site-packages/airflow/example_dags/tutorial_objectstorage.py
[2024-01-14T15:39:53.742+0200] {processor.py:830} INFO - Processing file /home/mahmoud/airflow_env/lib/python3.10/site-packages/airflow/example_dags/tutorial_objectstorage.py for tasks to queue
[2024-01-14T15:39:53.743+0200] {logging_mixin.py:188} INFO - [2024-01-14T15:39:53.742+0200] {dagbag.py:538} INFO - Filling up the DagBag from /home/mahmoud/airflow_env/lib/python3.10/site-packages/airflow/example_dags/tutorial_objectstorage.py
[2024-01-14T15:39:53.748+0200] {processor.py:840} INFO - DAG(s) 'tutorial_objectstorage' retrieved from /home/mahmoud/airflow_env/lib/python3.10/site-packages/airflow/example_dags/tutorial_objectstorage.py
[2024-01-14T15:39:53.762+0200] {logging_mixin.py:188} INFO - [2024-01-14T15:39:53.762+0200] {dag.py:3033} INFO - Sync 1 DAGs
[2024-01-14T15:39:53.773+0200] {logging_mixin.py:188} INFO - [2024-01-14T15:39:53.773+0200] {dag.py:3820} INFO - Setting next_dagrun for tutorial_objectstorage to None, run_after=None
[2024-01-14T15:39:53.792+0200] {processor.py:183} INFO - Processing /home/mahmoud/airflow_env/lib/python3.10/site-packages/airflow/example_dags/tutorial_objectstorage.py took 0.058 seconds
[2024-01-14T15:40:51.325+0200] {processor.py:161} INFO - Started process (PID=25496) to work on /home/mahmoud/airflow_env/lib/python3.10/site-packages/airflow/example_dags/tutorial_objectstorage.py
[2024-01-14T15:40:51.327+0200] {processor.py:830} INFO - Processing file /home/mahmoud/airflow_env/lib/python3.10/site-packages/airflow/example_dags/tutorial_objectstorage.py for tasks to queue
[2024-01-14T15:40:51.328+0200] {logging_mixin.py:188} INFO - [2024-01-14T15:40:51.328+0200] {dagbag.py:538} INFO - Filling up the DagBag from /home/mahmoud/airflow_env/lib/python3.10/site-packages/airflow/example_dags/tutorial_objectstorage.py
[2024-01-14T15:40:51.336+0200] {processor.py:840} INFO - DAG(s) 'tutorial_objectstorage' retrieved from /home/mahmoud/airflow_env/lib/python3.10/site-packages/airflow/example_dags/tutorial_objectstorage.py
[2024-01-14T15:40:51.351+0200] {logging_mixin.py:188} INFO - [2024-01-14T15:40:51.351+0200] {dag.py:3033} INFO - Sync 1 DAGs
[2024-01-14T15:40:51.362+0200] {logging_mixin.py:188} INFO - [2024-01-14T15:40:51.362+0200] {dag.py:3820} INFO - Setting next_dagrun for tutorial_objectstorage to None, run_after=None
[2024-01-14T15:40:51.384+0200] {processor.py:183} INFO - Processing /home/mahmoud/airflow_env/lib/python3.10/site-packages/airflow/example_dags/tutorial_objectstorage.py took 0.065 seconds
[2024-01-14T15:41:41.828+0200] {processor.py:161} INFO - Started process (PID=25756) to work on /home/mahmoud/airflow_env/lib/python3.10/site-packages/airflow/example_dags/tutorial_objectstorage.py
[2024-01-14T15:41:41.830+0200] {processor.py:830} INFO - Processing file /home/mahmoud/airflow_env/lib/python3.10/site-packages/airflow/example_dags/tutorial_objectstorage.py for tasks to queue
[2024-01-14T15:41:41.831+0200] {logging_mixin.py:188} INFO - [2024-01-14T15:41:41.830+0200] {dagbag.py:538} INFO - Filling up the DagBag from /home/mahmoud/airflow_env/lib/python3.10/site-packages/airflow/example_dags/tutorial_objectstorage.py
[2024-01-14T15:41:41.837+0200] {processor.py:840} INFO - DAG(s) 'tutorial_objectstorage' retrieved from /home/mahmoud/airflow_env/lib/python3.10/site-packages/airflow/example_dags/tutorial_objectstorage.py
[2024-01-14T15:41:41.850+0200] {logging_mixin.py:188} INFO - [2024-01-14T15:41:41.850+0200] {dag.py:3033} INFO - Sync 1 DAGs
[2024-01-14T15:41:41.861+0200] {logging_mixin.py:188} INFO - [2024-01-14T15:41:41.861+0200] {dag.py:3820} INFO - Setting next_dagrun for tutorial_objectstorage to None, run_after=None
[2024-01-14T15:41:41.884+0200] {processor.py:183} INFO - Processing /home/mahmoud/airflow_env/lib/python3.10/site-packages/airflow/example_dags/tutorial_objectstorage.py took 0.059 seconds
[2024-01-14T15:42:35.553+0200] {processor.py:161} INFO - Started process (PID=26047) to work on /home/mahmoud/airflow_env/lib/python3.10/site-packages/airflow/example_dags/tutorial_objectstorage.py
[2024-01-14T15:42:35.554+0200] {processor.py:830} INFO - Processing file /home/mahmoud/airflow_env/lib/python3.10/site-packages/airflow/example_dags/tutorial_objectstorage.py for tasks to queue
[2024-01-14T15:42:35.557+0200] {logging_mixin.py:188} INFO - [2024-01-14T15:42:35.557+0200] {dagbag.py:538} INFO - Filling up the DagBag from /home/mahmoud/airflow_env/lib/python3.10/site-packages/airflow/example_dags/tutorial_objectstorage.py
[2024-01-14T15:42:35.567+0200] {processor.py:840} INFO - DAG(s) 'tutorial_objectstorage' retrieved from /home/mahmoud/airflow_env/lib/python3.10/site-packages/airflow/example_dags/tutorial_objectstorage.py
[2024-01-14T15:42:35.586+0200] {logging_mixin.py:188} INFO - [2024-01-14T15:42:35.586+0200] {dag.py:3033} INFO - Sync 1 DAGs
[2024-01-14T15:42:35.601+0200] {logging_mixin.py:188} INFO - [2024-01-14T15:42:35.601+0200] {dag.py:3820} INFO - Setting next_dagrun for tutorial_objectstorage to None, run_after=None
[2024-01-14T15:42:35.628+0200] {processor.py:183} INFO - Processing /home/mahmoud/airflow_env/lib/python3.10/site-packages/airflow/example_dags/tutorial_objectstorage.py took 0.079 seconds
[2024-01-14T15:43:48.790+0200] {processor.py:161} INFO - Started process (PID=26820) to work on /home/mahmoud/airflow_env/lib/python3.10/site-packages/airflow/example_dags/tutorial_objectstorage.py
[2024-01-14T15:43:48.793+0200] {processor.py:830} INFO - Processing file /home/mahmoud/airflow_env/lib/python3.10/site-packages/airflow/example_dags/tutorial_objectstorage.py for tasks to queue
[2024-01-14T15:43:48.794+0200] {logging_mixin.py:188} INFO - [2024-01-14T15:43:48.794+0200] {dagbag.py:538} INFO - Filling up the DagBag from /home/mahmoud/airflow_env/lib/python3.10/site-packages/airflow/example_dags/tutorial_objectstorage.py
[2024-01-14T15:43:48.803+0200] {processor.py:840} INFO - DAG(s) 'tutorial_objectstorage' retrieved from /home/mahmoud/airflow_env/lib/python3.10/site-packages/airflow/example_dags/tutorial_objectstorage.py
[2024-01-14T15:43:48.817+0200] {logging_mixin.py:188} INFO - [2024-01-14T15:43:48.817+0200] {dag.py:3033} INFO - Sync 1 DAGs
[2024-01-14T15:43:48.827+0200] {logging_mixin.py:188} INFO - [2024-01-14T15:43:48.826+0200] {dag.py:3820} INFO - Setting next_dagrun for tutorial_objectstorage to None, run_after=None
[2024-01-14T15:43:48.845+0200] {processor.py:183} INFO - Processing /home/mahmoud/airflow_env/lib/python3.10/site-packages/airflow/example_dags/tutorial_objectstorage.py took 0.060 seconds
[2024-01-14T15:45:02.544+0200] {processor.py:161} INFO - Started process (PID=27664) to work on /home/mahmoud/airflow_env/lib/python3.10/site-packages/airflow/example_dags/tutorial_objectstorage.py
[2024-01-14T15:45:02.546+0200] {processor.py:830} INFO - Processing file /home/mahmoud/airflow_env/lib/python3.10/site-packages/airflow/example_dags/tutorial_objectstorage.py for tasks to queue
[2024-01-14T15:45:02.547+0200] {logging_mixin.py:188} INFO - [2024-01-14T15:45:02.547+0200] {dagbag.py:538} INFO - Filling up the DagBag from /home/mahmoud/airflow_env/lib/python3.10/site-packages/airflow/example_dags/tutorial_objectstorage.py
[2024-01-14T15:45:02.554+0200] {processor.py:840} INFO - DAG(s) 'tutorial_objectstorage' retrieved from /home/mahmoud/airflow_env/lib/python3.10/site-packages/airflow/example_dags/tutorial_objectstorage.py
[2024-01-14T15:45:02.571+0200] {logging_mixin.py:188} INFO - [2024-01-14T15:45:02.571+0200] {dag.py:3033} INFO - Sync 1 DAGs
[2024-01-14T15:45:02.581+0200] {logging_mixin.py:188} INFO - [2024-01-14T15:45:02.581+0200] {dag.py:3820} INFO - Setting next_dagrun for tutorial_objectstorage to None, run_after=None
[2024-01-14T15:45:02.602+0200] {processor.py:183} INFO - Processing /home/mahmoud/airflow_env/lib/python3.10/site-packages/airflow/example_dags/tutorial_objectstorage.py took 0.061 seconds
[2024-01-14T15:45:53.909+0200] {processor.py:161} INFO - Started process (PID=27898) to work on /home/mahmoud/airflow_env/lib/python3.10/site-packages/airflow/example_dags/tutorial_objectstorage.py
[2024-01-14T15:45:53.916+0200] {processor.py:830} INFO - Processing file /home/mahmoud/airflow_env/lib/python3.10/site-packages/airflow/example_dags/tutorial_objectstorage.py for tasks to queue
[2024-01-14T15:45:53.917+0200] {logging_mixin.py:188} INFO - [2024-01-14T15:45:53.916+0200] {dagbag.py:538} INFO - Filling up the DagBag from /home/mahmoud/airflow_env/lib/python3.10/site-packages/airflow/example_dags/tutorial_objectstorage.py
[2024-01-14T15:45:53.922+0200] {processor.py:840} INFO - DAG(s) 'tutorial_objectstorage' retrieved from /home/mahmoud/airflow_env/lib/python3.10/site-packages/airflow/example_dags/tutorial_objectstorage.py
[2024-01-14T15:45:53.934+0200] {logging_mixin.py:188} INFO - [2024-01-14T15:45:53.934+0200] {dag.py:3033} INFO - Sync 1 DAGs
[2024-01-14T15:45:53.946+0200] {logging_mixin.py:188} INFO - [2024-01-14T15:45:53.945+0200] {dag.py:3820} INFO - Setting next_dagrun for tutorial_objectstorage to None, run_after=None
[2024-01-14T15:45:53.968+0200] {processor.py:183} INFO - Processing /home/mahmoud/airflow_env/lib/python3.10/site-packages/airflow/example_dags/tutorial_objectstorage.py took 0.063 seconds
[2024-01-14T15:46:48.603+0200] {processor.py:161} INFO - Started process (PID=28110) to work on /home/mahmoud/airflow_env/lib/python3.10/site-packages/airflow/example_dags/tutorial_objectstorage.py
[2024-01-14T15:46:48.604+0200] {processor.py:830} INFO - Processing file /home/mahmoud/airflow_env/lib/python3.10/site-packages/airflow/example_dags/tutorial_objectstorage.py for tasks to queue
[2024-01-14T15:46:48.605+0200] {logging_mixin.py:188} INFO - [2024-01-14T15:46:48.605+0200] {dagbag.py:538} INFO - Filling up the DagBag from /home/mahmoud/airflow_env/lib/python3.10/site-packages/airflow/example_dags/tutorial_objectstorage.py
[2024-01-14T15:46:48.614+0200] {processor.py:840} INFO - DAG(s) 'tutorial_objectstorage' retrieved from /home/mahmoud/airflow_env/lib/python3.10/site-packages/airflow/example_dags/tutorial_objectstorage.py
[2024-01-14T15:46:48.629+0200] {logging_mixin.py:188} INFO - [2024-01-14T15:46:48.629+0200] {dag.py:3033} INFO - Sync 1 DAGs
[2024-01-14T15:46:48.640+0200] {logging_mixin.py:188} INFO - [2024-01-14T15:46:48.640+0200] {dag.py:3820} INFO - Setting next_dagrun for tutorial_objectstorage to None, run_after=None
[2024-01-14T15:46:48.665+0200] {processor.py:183} INFO - Processing /home/mahmoud/airflow_env/lib/python3.10/site-packages/airflow/example_dags/tutorial_objectstorage.py took 0.064 seconds
[2024-01-14T15:47:41.641+0200] {processor.py:161} INFO - Started process (PID=28401) to work on /home/mahmoud/airflow_env/lib/python3.10/site-packages/airflow/example_dags/tutorial_objectstorage.py
[2024-01-14T15:47:41.643+0200] {processor.py:830} INFO - Processing file /home/mahmoud/airflow_env/lib/python3.10/site-packages/airflow/example_dags/tutorial_objectstorage.py for tasks to queue
[2024-01-14T15:47:41.644+0200] {logging_mixin.py:188} INFO - [2024-01-14T15:47:41.643+0200] {dagbag.py:538} INFO - Filling up the DagBag from /home/mahmoud/airflow_env/lib/python3.10/site-packages/airflow/example_dags/tutorial_objectstorage.py
[2024-01-14T15:47:41.651+0200] {processor.py:840} INFO - DAG(s) 'tutorial_objectstorage' retrieved from /home/mahmoud/airflow_env/lib/python3.10/site-packages/airflow/example_dags/tutorial_objectstorage.py
[2024-01-14T15:47:41.665+0200] {logging_mixin.py:188} INFO - [2024-01-14T15:47:41.665+0200] {dag.py:3033} INFO - Sync 1 DAGs
[2024-01-14T15:47:41.675+0200] {logging_mixin.py:188} INFO - [2024-01-14T15:47:41.675+0200] {dag.py:3820} INFO - Setting next_dagrun for tutorial_objectstorage to None, run_after=None
[2024-01-14T15:47:41.698+0200] {processor.py:183} INFO - Processing /home/mahmoud/airflow_env/lib/python3.10/site-packages/airflow/example_dags/tutorial_objectstorage.py took 0.061 seconds
[2024-01-14T15:48:34.693+0200] {processor.py:161} INFO - Started process (PID=28624) to work on /home/mahmoud/airflow_env/lib/python3.10/site-packages/airflow/example_dags/tutorial_objectstorage.py
[2024-01-14T15:48:34.695+0200] {processor.py:830} INFO - Processing file /home/mahmoud/airflow_env/lib/python3.10/site-packages/airflow/example_dags/tutorial_objectstorage.py for tasks to queue
[2024-01-14T15:48:34.696+0200] {logging_mixin.py:188} INFO - [2024-01-14T15:48:34.695+0200] {dagbag.py:538} INFO - Filling up the DagBag from /home/mahmoud/airflow_env/lib/python3.10/site-packages/airflow/example_dags/tutorial_objectstorage.py
[2024-01-14T15:48:34.702+0200] {processor.py:840} INFO - DAG(s) 'tutorial_objectstorage' retrieved from /home/mahmoud/airflow_env/lib/python3.10/site-packages/airflow/example_dags/tutorial_objectstorage.py
[2024-01-14T15:48:34.716+0200] {logging_mixin.py:188} INFO - [2024-01-14T15:48:34.716+0200] {dag.py:3033} INFO - Sync 1 DAGs
[2024-01-14T15:48:34.726+0200] {logging_mixin.py:188} INFO - [2024-01-14T15:48:34.726+0200] {dag.py:3820} INFO - Setting next_dagrun for tutorial_objectstorage to None, run_after=None
[2024-01-14T15:48:34.750+0200] {processor.py:183} INFO - Processing /home/mahmoud/airflow_env/lib/python3.10/site-packages/airflow/example_dags/tutorial_objectstorage.py took 0.061 seconds
[2024-01-14T15:49:29.905+0200] {processor.py:161} INFO - Started process (PID=28842) to work on /home/mahmoud/airflow_env/lib/python3.10/site-packages/airflow/example_dags/tutorial_objectstorage.py
[2024-01-14T15:49:29.906+0200] {processor.py:830} INFO - Processing file /home/mahmoud/airflow_env/lib/python3.10/site-packages/airflow/example_dags/tutorial_objectstorage.py for tasks to queue
[2024-01-14T15:49:29.907+0200] {logging_mixin.py:188} INFO - [2024-01-14T15:49:29.906+0200] {dagbag.py:538} INFO - Filling up the DagBag from /home/mahmoud/airflow_env/lib/python3.10/site-packages/airflow/example_dags/tutorial_objectstorage.py
[2024-01-14T15:49:29.914+0200] {processor.py:840} INFO - DAG(s) 'tutorial_objectstorage' retrieved from /home/mahmoud/airflow_env/lib/python3.10/site-packages/airflow/example_dags/tutorial_objectstorage.py
[2024-01-14T15:49:29.928+0200] {logging_mixin.py:188} INFO - [2024-01-14T15:49:29.927+0200] {dag.py:3033} INFO - Sync 1 DAGs
[2024-01-14T15:49:29.938+0200] {logging_mixin.py:188} INFO - [2024-01-14T15:49:29.937+0200] {dag.py:3820} INFO - Setting next_dagrun for tutorial_objectstorage to None, run_after=None
[2024-01-14T15:49:29.963+0200] {processor.py:183} INFO - Processing /home/mahmoud/airflow_env/lib/python3.10/site-packages/airflow/example_dags/tutorial_objectstorage.py took 0.061 seconds
[2024-01-14T15:50:20.407+0200] {processor.py:161} INFO - Started process (PID=29040) to work on /home/mahmoud/airflow_env/lib/python3.10/site-packages/airflow/example_dags/tutorial_objectstorage.py
[2024-01-14T15:50:20.408+0200] {processor.py:830} INFO - Processing file /home/mahmoud/airflow_env/lib/python3.10/site-packages/airflow/example_dags/tutorial_objectstorage.py for tasks to queue
[2024-01-14T15:50:20.409+0200] {logging_mixin.py:188} INFO - [2024-01-14T15:50:20.408+0200] {dagbag.py:538} INFO - Filling up the DagBag from /home/mahmoud/airflow_env/lib/python3.10/site-packages/airflow/example_dags/tutorial_objectstorage.py
[2024-01-14T15:50:20.416+0200] {processor.py:840} INFO - DAG(s) 'tutorial_objectstorage' retrieved from /home/mahmoud/airflow_env/lib/python3.10/site-packages/airflow/example_dags/tutorial_objectstorage.py
[2024-01-14T15:50:20.430+0200] {logging_mixin.py:188} INFO - [2024-01-14T15:50:20.430+0200] {dag.py:3033} INFO - Sync 1 DAGs
[2024-01-14T15:50:20.440+0200] {logging_mixin.py:188} INFO - [2024-01-14T15:50:20.440+0200] {dag.py:3820} INFO - Setting next_dagrun for tutorial_objectstorage to None, run_after=None
[2024-01-14T15:50:20.465+0200] {processor.py:183} INFO - Processing /home/mahmoud/airflow_env/lib/python3.10/site-packages/airflow/example_dags/tutorial_objectstorage.py took 0.062 seconds
[2024-01-14T15:51:12.171+0200] {processor.py:161} INFO - Started process (PID=29244) to work on /home/mahmoud/airflow_env/lib/python3.10/site-packages/airflow/example_dags/tutorial_objectstorage.py
[2024-01-14T15:51:12.172+0200] {processor.py:830} INFO - Processing file /home/mahmoud/airflow_env/lib/python3.10/site-packages/airflow/example_dags/tutorial_objectstorage.py for tasks to queue
[2024-01-14T15:51:12.172+0200] {logging_mixin.py:188} INFO - [2024-01-14T15:51:12.172+0200] {dagbag.py:538} INFO - Filling up the DagBag from /home/mahmoud/airflow_env/lib/python3.10/site-packages/airflow/example_dags/tutorial_objectstorage.py
[2024-01-14T15:51:12.178+0200] {processor.py:840} INFO - DAG(s) 'tutorial_objectstorage' retrieved from /home/mahmoud/airflow_env/lib/python3.10/site-packages/airflow/example_dags/tutorial_objectstorage.py
[2024-01-14T15:51:12.192+0200] {logging_mixin.py:188} INFO - [2024-01-14T15:51:12.191+0200] {dag.py:3033} INFO - Sync 1 DAGs
[2024-01-14T15:51:12.202+0200] {logging_mixin.py:188} INFO - [2024-01-14T15:51:12.201+0200] {dag.py:3820} INFO - Setting next_dagrun for tutorial_objectstorage to None, run_after=None
[2024-01-14T15:51:12.224+0200] {processor.py:183} INFO - Processing /home/mahmoud/airflow_env/lib/python3.10/site-packages/airflow/example_dags/tutorial_objectstorage.py took 0.056 seconds
[2024-01-14T15:52:05.739+0200] {processor.py:161} INFO - Started process (PID=29455) to work on /home/mahmoud/airflow_env/lib/python3.10/site-packages/airflow/example_dags/tutorial_objectstorage.py
[2024-01-14T15:52:05.741+0200] {processor.py:830} INFO - Processing file /home/mahmoud/airflow_env/lib/python3.10/site-packages/airflow/example_dags/tutorial_objectstorage.py for tasks to queue
[2024-01-14T15:52:05.742+0200] {logging_mixin.py:188} INFO - [2024-01-14T15:52:05.741+0200] {dagbag.py:538} INFO - Filling up the DagBag from /home/mahmoud/airflow_env/lib/python3.10/site-packages/airflow/example_dags/tutorial_objectstorage.py
[2024-01-14T15:52:05.748+0200] {processor.py:840} INFO - DAG(s) 'tutorial_objectstorage' retrieved from /home/mahmoud/airflow_env/lib/python3.10/site-packages/airflow/example_dags/tutorial_objectstorage.py
[2024-01-14T15:52:05.761+0200] {logging_mixin.py:188} INFO - [2024-01-14T15:52:05.761+0200] {dag.py:3033} INFO - Sync 1 DAGs
[2024-01-14T15:52:05.771+0200] {logging_mixin.py:188} INFO - [2024-01-14T15:52:05.771+0200] {dag.py:3820} INFO - Setting next_dagrun for tutorial_objectstorage to None, run_after=None
[2024-01-14T15:52:05.793+0200] {processor.py:183} INFO - Processing /home/mahmoud/airflow_env/lib/python3.10/site-packages/airflow/example_dags/tutorial_objectstorage.py took 0.057 seconds
[2024-01-14T15:52:55.128+0200] {processor.py:161} INFO - Started process (PID=29679) to work on /home/mahmoud/airflow_env/lib/python3.10/site-packages/airflow/example_dags/tutorial_objectstorage.py
[2024-01-14T15:52:55.130+0200] {processor.py:830} INFO - Processing file /home/mahmoud/airflow_env/lib/python3.10/site-packages/airflow/example_dags/tutorial_objectstorage.py for tasks to queue
[2024-01-14T15:52:55.130+0200] {logging_mixin.py:188} INFO - [2024-01-14T15:52:55.130+0200] {dagbag.py:538} INFO - Filling up the DagBag from /home/mahmoud/airflow_env/lib/python3.10/site-packages/airflow/example_dags/tutorial_objectstorage.py
[2024-01-14T15:52:55.137+0200] {processor.py:840} INFO - DAG(s) 'tutorial_objectstorage' retrieved from /home/mahmoud/airflow_env/lib/python3.10/site-packages/airflow/example_dags/tutorial_objectstorage.py
[2024-01-14T15:52:55.151+0200] {logging_mixin.py:188} INFO - [2024-01-14T15:52:55.151+0200] {dag.py:3033} INFO - Sync 1 DAGs
[2024-01-14T15:52:55.160+0200] {logging_mixin.py:188} INFO - [2024-01-14T15:52:55.160+0200] {dag.py:3820} INFO - Setting next_dagrun for tutorial_objectstorage to None, run_after=None
[2024-01-14T15:52:55.179+0200] {processor.py:183} INFO - Processing /home/mahmoud/airflow_env/lib/python3.10/site-packages/airflow/example_dags/tutorial_objectstorage.py took 0.054 seconds
[2024-01-14T15:53:48.226+0200] {processor.py:161} INFO - Started process (PID=29892) to work on /home/mahmoud/airflow_env/lib/python3.10/site-packages/airflow/example_dags/tutorial_objectstorage.py
[2024-01-14T15:53:48.228+0200] {processor.py:830} INFO - Processing file /home/mahmoud/airflow_env/lib/python3.10/site-packages/airflow/example_dags/tutorial_objectstorage.py for tasks to queue
[2024-01-14T15:53:48.229+0200] {logging_mixin.py:188} INFO - [2024-01-14T15:53:48.228+0200] {dagbag.py:538} INFO - Filling up the DagBag from /home/mahmoud/airflow_env/lib/python3.10/site-packages/airflow/example_dags/tutorial_objectstorage.py
[2024-01-14T15:53:48.235+0200] {processor.py:840} INFO - DAG(s) 'tutorial_objectstorage' retrieved from /home/mahmoud/airflow_env/lib/python3.10/site-packages/airflow/example_dags/tutorial_objectstorage.py
[2024-01-14T15:53:48.249+0200] {logging_mixin.py:188} INFO - [2024-01-14T15:53:48.249+0200] {dag.py:3033} INFO - Sync 1 DAGs
[2024-01-14T15:53:48.260+0200] {logging_mixin.py:188} INFO - [2024-01-14T15:53:48.259+0200] {dag.py:3820} INFO - Setting next_dagrun for tutorial_objectstorage to None, run_after=None
[2024-01-14T15:53:48.281+0200] {processor.py:183} INFO - Processing /home/mahmoud/airflow_env/lib/python3.10/site-packages/airflow/example_dags/tutorial_objectstorage.py took 0.059 seconds
[2024-01-14T15:54:49.525+0200] {processor.py:161} INFO - Started process (PID=30100) to work on /home/mahmoud/airflow_env/lib/python3.10/site-packages/airflow/example_dags/tutorial_objectstorage.py
[2024-01-14T15:54:49.529+0200] {processor.py:830} INFO - Processing file /home/mahmoud/airflow_env/lib/python3.10/site-packages/airflow/example_dags/tutorial_objectstorage.py for tasks to queue
[2024-01-14T15:54:49.532+0200] {logging_mixin.py:188} INFO - [2024-01-14T15:54:49.531+0200] {dagbag.py:538} INFO - Filling up the DagBag from /home/mahmoud/airflow_env/lib/python3.10/site-packages/airflow/example_dags/tutorial_objectstorage.py
[2024-01-14T15:54:49.564+0200] {processor.py:840} INFO - DAG(s) 'tutorial_objectstorage' retrieved from /home/mahmoud/airflow_env/lib/python3.10/site-packages/airflow/example_dags/tutorial_objectstorage.py
[2024-01-14T15:54:49.618+0200] {logging_mixin.py:188} INFO - [2024-01-14T15:54:49.618+0200] {dag.py:3033} INFO - Sync 1 DAGs
[2024-01-14T15:54:49.661+0200] {logging_mixin.py:188} INFO - [2024-01-14T15:54:49.661+0200] {dag.py:3820} INFO - Setting next_dagrun for tutorial_objectstorage to None, run_after=None
[2024-01-14T15:54:49.741+0200] {processor.py:183} INFO - Processing /home/mahmoud/airflow_env/lib/python3.10/site-packages/airflow/example_dags/tutorial_objectstorage.py took 0.225 seconds
[2024-01-14T15:55:57.184+0200] {processor.py:161} INFO - Started process (PID=30333) to work on /home/mahmoud/airflow_env/lib/python3.10/site-packages/airflow/example_dags/tutorial_objectstorage.py
[2024-01-14T15:55:57.189+0200] {processor.py:830} INFO - Processing file /home/mahmoud/airflow_env/lib/python3.10/site-packages/airflow/example_dags/tutorial_objectstorage.py for tasks to queue
[2024-01-14T15:55:57.193+0200] {logging_mixin.py:188} INFO - [2024-01-14T15:55:57.191+0200] {dagbag.py:538} INFO - Filling up the DagBag from /home/mahmoud/airflow_env/lib/python3.10/site-packages/airflow/example_dags/tutorial_objectstorage.py
[2024-01-14T15:55:57.222+0200] {processor.py:840} INFO - DAG(s) 'tutorial_objectstorage' retrieved from /home/mahmoud/airflow_env/lib/python3.10/site-packages/airflow/example_dags/tutorial_objectstorage.py
[2024-01-14T15:55:57.295+0200] {logging_mixin.py:188} INFO - [2024-01-14T15:55:57.294+0200] {dag.py:3033} INFO - Sync 1 DAGs
[2024-01-14T15:55:57.357+0200] {logging_mixin.py:188} INFO - [2024-01-14T15:55:57.356+0200] {dag.py:3820} INFO - Setting next_dagrun for tutorial_objectstorage to None, run_after=None
[2024-01-14T15:55:57.464+0200] {processor.py:183} INFO - Processing /home/mahmoud/airflow_env/lib/python3.10/site-packages/airflow/example_dags/tutorial_objectstorage.py took 0.294 seconds
[2024-01-14T15:56:56.338+0200] {processor.py:161} INFO - Started process (PID=30544) to work on /home/mahmoud/airflow_env/lib/python3.10/site-packages/airflow/example_dags/tutorial_objectstorage.py
[2024-01-14T15:56:56.342+0200] {processor.py:830} INFO - Processing file /home/mahmoud/airflow_env/lib/python3.10/site-packages/airflow/example_dags/tutorial_objectstorage.py for tasks to queue
[2024-01-14T15:56:56.345+0200] {logging_mixin.py:188} INFO - [2024-01-14T15:56:56.344+0200] {dagbag.py:538} INFO - Filling up the DagBag from /home/mahmoud/airflow_env/lib/python3.10/site-packages/airflow/example_dags/tutorial_objectstorage.py
[2024-01-14T15:56:56.369+0200] {processor.py:840} INFO - DAG(s) 'tutorial_objectstorage' retrieved from /home/mahmoud/airflow_env/lib/python3.10/site-packages/airflow/example_dags/tutorial_objectstorage.py
[2024-01-14T15:56:56.412+0200] {logging_mixin.py:188} INFO - [2024-01-14T15:56:56.411+0200] {dag.py:3033} INFO - Sync 1 DAGs
[2024-01-14T15:56:56.446+0200] {logging_mixin.py:188} INFO - [2024-01-14T15:56:56.445+0200] {dag.py:3820} INFO - Setting next_dagrun for tutorial_objectstorage to None, run_after=None
[2024-01-14T15:56:56.507+0200] {processor.py:183} INFO - Processing /home/mahmoud/airflow_env/lib/python3.10/site-packages/airflow/example_dags/tutorial_objectstorage.py took 0.180 seconds
[2024-01-14T15:57:49.153+0200] {processor.py:161} INFO - Started process (PID=30763) to work on /home/mahmoud/airflow_env/lib/python3.10/site-packages/airflow/example_dags/tutorial_objectstorage.py
[2024-01-14T15:57:49.156+0200] {processor.py:830} INFO - Processing file /home/mahmoud/airflow_env/lib/python3.10/site-packages/airflow/example_dags/tutorial_objectstorage.py for tasks to queue
[2024-01-14T15:57:49.157+0200] {logging_mixin.py:188} INFO - [2024-01-14T15:57:49.156+0200] {dagbag.py:538} INFO - Filling up the DagBag from /home/mahmoud/airflow_env/lib/python3.10/site-packages/airflow/example_dags/tutorial_objectstorage.py
[2024-01-14T15:57:49.167+0200] {processor.py:840} INFO - DAG(s) 'tutorial_objectstorage' retrieved from /home/mahmoud/airflow_env/lib/python3.10/site-packages/airflow/example_dags/tutorial_objectstorage.py
[2024-01-14T15:57:49.183+0200] {logging_mixin.py:188} INFO - [2024-01-14T15:57:49.183+0200] {dag.py:3033} INFO - Sync 1 DAGs
[2024-01-14T15:57:49.193+0200] {logging_mixin.py:188} INFO - [2024-01-14T15:57:49.193+0200] {dag.py:3820} INFO - Setting next_dagrun for tutorial_objectstorage to None, run_after=None
[2024-01-14T15:57:49.217+0200] {processor.py:183} INFO - Processing /home/mahmoud/airflow_env/lib/python3.10/site-packages/airflow/example_dags/tutorial_objectstorage.py took 0.070 seconds
