[2024-01-14T14:40:40.023+0200] {processor.py:161} INFO - Started process (PID=9758) to work on /home/mahmoud/airflow_env/lib/python3.10/site-packages/airflow/example_dags/tutorial.py
[2024-01-14T14:40:40.024+0200] {processor.py:830} INFO - Processing file /home/mahmoud/airflow_env/lib/python3.10/site-packages/airflow/example_dags/tutorial.py for tasks to queue
[2024-01-14T14:40:40.025+0200] {logging_mixin.py:188} INFO - [2024-01-14T14:40:40.024+0200] {dagbag.py:538} INFO - Filling up the DagBag from /home/mahmoud/airflow_env/lib/python3.10/site-packages/airflow/example_dags/tutorial.py
[2024-01-14T14:40:40.031+0200] {processor.py:840} INFO - DAG(s) 'tutorial' retrieved from /home/mahmoud/airflow_env/lib/python3.10/site-packages/airflow/example_dags/tutorial.py
[2024-01-14T14:40:40.177+0200] {logging_mixin.py:188} INFO - [2024-01-14T14:40:40.176+0200] {override.py:1769} INFO - Created Permission View: can edit on DAG:tutorial
[2024-01-14T14:40:40.186+0200] {logging_mixin.py:188} INFO - [2024-01-14T14:40:40.186+0200] {override.py:1769} INFO - Created Permission View: can read on DAG:tutorial
[2024-01-14T14:40:40.195+0200] {logging_mixin.py:188} INFO - [2024-01-14T14:40:40.195+0200] {override.py:1769} INFO - Created Permission View: can delete on DAG:tutorial
[2024-01-14T14:40:40.195+0200] {logging_mixin.py:188} INFO - [2024-01-14T14:40:40.195+0200] {dag.py:3033} INFO - Sync 1 DAGs
[2024-01-14T14:40:40.203+0200] {logging_mixin.py:188} INFO - [2024-01-14T14:40:40.203+0200] {dag.py:3055} INFO - Creating ORM DAG for tutorial
[2024-01-14T14:40:40.208+0200] {logging_mixin.py:188} INFO - [2024-01-14T14:40:40.208+0200] {dag.py:3820} INFO - Setting next_dagrun for tutorial to 2024-01-13T00:00:00+00:00, run_after=2024-01-14T00:00:00+00:00
[2024-01-14T14:40:40.226+0200] {processor.py:183} INFO - Processing /home/mahmoud/airflow_env/lib/python3.10/site-packages/airflow/example_dags/tutorial.py took 0.205 seconds
[2024-01-14T15:08:17.377+0200] {processor.py:161} INFO - Started process (PID=16107) to work on /home/mahmoud/airflow_env/lib/python3.10/site-packages/airflow/example_dags/tutorial.py
[2024-01-14T15:08:17.379+0200] {processor.py:830} INFO - Processing file /home/mahmoud/airflow_env/lib/python3.10/site-packages/airflow/example_dags/tutorial.py for tasks to queue
[2024-01-14T15:08:17.380+0200] {logging_mixin.py:188} INFO - [2024-01-14T15:08:17.379+0200] {dagbag.py:538} INFO - Filling up the DagBag from /home/mahmoud/airflow_env/lib/python3.10/site-packages/airflow/example_dags/tutorial.py
[2024-01-14T15:08:17.387+0200] {processor.py:840} INFO - DAG(s) 'tutorial' retrieved from /home/mahmoud/airflow_env/lib/python3.10/site-packages/airflow/example_dags/tutorial.py
[2024-01-14T15:08:17.400+0200] {logging_mixin.py:188} INFO - [2024-01-14T15:08:17.399+0200] {dag.py:3033} INFO - Sync 1 DAGs
[2024-01-14T15:08:17.497+0200] {logging_mixin.py:188} INFO - [2024-01-14T15:08:17.496+0200] {dag.py:3820} INFO - Setting next_dagrun for tutorial to 2024-01-13T00:00:00+00:00, run_after=2024-01-14T00:00:00+00:00
[2024-01-14T15:08:17.521+0200] {processor.py:183} INFO - Processing /home/mahmoud/airflow_env/lib/python3.10/site-packages/airflow/example_dags/tutorial.py took 0.147 seconds
[2024-01-14T15:09:09.894+0200] {processor.py:161} INFO - Started process (PID=16390) to work on /home/mahmoud/airflow_env/lib/python3.10/site-packages/airflow/example_dags/tutorial.py
[2024-01-14T15:09:09.896+0200] {processor.py:830} INFO - Processing file /home/mahmoud/airflow_env/lib/python3.10/site-packages/airflow/example_dags/tutorial.py for tasks to queue
[2024-01-14T15:09:09.897+0200] {logging_mixin.py:188} INFO - [2024-01-14T15:09:09.897+0200] {dagbag.py:538} INFO - Filling up the DagBag from /home/mahmoud/airflow_env/lib/python3.10/site-packages/airflow/example_dags/tutorial.py
[2024-01-14T15:09:09.903+0200] {processor.py:840} INFO - DAG(s) 'tutorial' retrieved from /home/mahmoud/airflow_env/lib/python3.10/site-packages/airflow/example_dags/tutorial.py
[2024-01-14T15:09:09.918+0200] {logging_mixin.py:188} INFO - [2024-01-14T15:09:09.918+0200] {dag.py:3033} INFO - Sync 1 DAGs
[2024-01-14T15:09:09.934+0200] {logging_mixin.py:188} INFO - [2024-01-14T15:09:09.934+0200] {dag.py:3820} INFO - Setting next_dagrun for tutorial to 2024-01-13T00:00:00+00:00, run_after=2024-01-14T00:00:00+00:00
[2024-01-14T15:09:09.956+0200] {processor.py:183} INFO - Processing /home/mahmoud/airflow_env/lib/python3.10/site-packages/airflow/example_dags/tutorial.py took 0.065 seconds
[2024-01-14T15:09:58.683+0200] {processor.py:161} INFO - Started process (PID=16666) to work on /home/mahmoud/airflow_env/lib/python3.10/site-packages/airflow/example_dags/tutorial.py
[2024-01-14T15:09:58.685+0200] {processor.py:830} INFO - Processing file /home/mahmoud/airflow_env/lib/python3.10/site-packages/airflow/example_dags/tutorial.py for tasks to queue
[2024-01-14T15:09:58.686+0200] {logging_mixin.py:188} INFO - [2024-01-14T15:09:58.686+0200] {dagbag.py:538} INFO - Filling up the DagBag from /home/mahmoud/airflow_env/lib/python3.10/site-packages/airflow/example_dags/tutorial.py
[2024-01-14T15:09:58.693+0200] {processor.py:840} INFO - DAG(s) 'tutorial' retrieved from /home/mahmoud/airflow_env/lib/python3.10/site-packages/airflow/example_dags/tutorial.py
[2024-01-14T15:09:58.707+0200] {logging_mixin.py:188} INFO - [2024-01-14T15:09:58.706+0200] {dag.py:3033} INFO - Sync 1 DAGs
[2024-01-14T15:09:58.723+0200] {logging_mixin.py:188} INFO - [2024-01-14T15:09:58.723+0200] {dag.py:3820} INFO - Setting next_dagrun for tutorial to 2024-01-13T00:00:00+00:00, run_after=2024-01-14T00:00:00+00:00
[2024-01-14T15:09:58.745+0200] {processor.py:183} INFO - Processing /home/mahmoud/airflow_env/lib/python3.10/site-packages/airflow/example_dags/tutorial.py took 0.064 seconds
[2024-01-14T15:10:41.320+0200] {processor.py:161} INFO - Started process (PID=16838) to work on /home/mahmoud/airflow_env/lib/python3.10/site-packages/airflow/example_dags/tutorial.py
[2024-01-14T15:10:41.322+0200] {processor.py:830} INFO - Processing file /home/mahmoud/airflow_env/lib/python3.10/site-packages/airflow/example_dags/tutorial.py for tasks to queue
[2024-01-14T15:10:41.323+0200] {logging_mixin.py:188} INFO - [2024-01-14T15:10:41.323+0200] {dagbag.py:538} INFO - Filling up the DagBag from /home/mahmoud/airflow_env/lib/python3.10/site-packages/airflow/example_dags/tutorial.py
[2024-01-14T15:10:41.332+0200] {processor.py:840} INFO - DAG(s) 'tutorial' retrieved from /home/mahmoud/airflow_env/lib/python3.10/site-packages/airflow/example_dags/tutorial.py
[2024-01-14T15:10:41.347+0200] {logging_mixin.py:188} INFO - [2024-01-14T15:10:41.347+0200] {dag.py:3033} INFO - Sync 1 DAGs
[2024-01-14T15:10:41.364+0200] {logging_mixin.py:188} INFO - [2024-01-14T15:10:41.364+0200] {dag.py:3820} INFO - Setting next_dagrun for tutorial to 2024-01-13T00:00:00+00:00, run_after=2024-01-14T00:00:00+00:00
[2024-01-14T15:10:41.386+0200] {processor.py:183} INFO - Processing /home/mahmoud/airflow_env/lib/python3.10/site-packages/airflow/example_dags/tutorial.py took 0.073 seconds
[2024-01-14T15:11:20.653+0200] {processor.py:161} INFO - Started process (PID=16992) to work on /home/mahmoud/airflow_env/lib/python3.10/site-packages/airflow/example_dags/tutorial.py
[2024-01-14T15:11:20.655+0200] {processor.py:830} INFO - Processing file /home/mahmoud/airflow_env/lib/python3.10/site-packages/airflow/example_dags/tutorial.py for tasks to queue
[2024-01-14T15:11:20.656+0200] {logging_mixin.py:188} INFO - [2024-01-14T15:11:20.655+0200] {dagbag.py:538} INFO - Filling up the DagBag from /home/mahmoud/airflow_env/lib/python3.10/site-packages/airflow/example_dags/tutorial.py
[2024-01-14T15:11:20.662+0200] {processor.py:840} INFO - DAG(s) 'tutorial' retrieved from /home/mahmoud/airflow_env/lib/python3.10/site-packages/airflow/example_dags/tutorial.py
[2024-01-14T15:11:20.675+0200] {logging_mixin.py:188} INFO - [2024-01-14T15:11:20.675+0200] {dag.py:3033} INFO - Sync 1 DAGs
[2024-01-14T15:11:20.692+0200] {logging_mixin.py:188} INFO - [2024-01-14T15:11:20.692+0200] {dag.py:3820} INFO - Setting next_dagrun for tutorial to 2024-01-13T00:00:00+00:00, run_after=2024-01-14T00:00:00+00:00
[2024-01-14T15:11:20.717+0200] {processor.py:183} INFO - Processing /home/mahmoud/airflow_env/lib/python3.10/site-packages/airflow/example_dags/tutorial.py took 0.067 seconds
[2024-01-14T15:11:58.043+0200] {processor.py:161} INFO - Started process (PID=17183) to work on /home/mahmoud/airflow_env/lib/python3.10/site-packages/airflow/example_dags/tutorial.py
[2024-01-14T15:11:58.045+0200] {processor.py:830} INFO - Processing file /home/mahmoud/airflow_env/lib/python3.10/site-packages/airflow/example_dags/tutorial.py for tasks to queue
[2024-01-14T15:11:58.046+0200] {logging_mixin.py:188} INFO - [2024-01-14T15:11:58.046+0200] {dagbag.py:538} INFO - Filling up the DagBag from /home/mahmoud/airflow_env/lib/python3.10/site-packages/airflow/example_dags/tutorial.py
[2024-01-14T15:11:58.051+0200] {processor.py:840} INFO - DAG(s) 'tutorial' retrieved from /home/mahmoud/airflow_env/lib/python3.10/site-packages/airflow/example_dags/tutorial.py
[2024-01-14T15:11:58.062+0200] {logging_mixin.py:188} INFO - [2024-01-14T15:11:58.061+0200] {dag.py:3033} INFO - Sync 1 DAGs
[2024-01-14T15:11:58.076+0200] {logging_mixin.py:188} INFO - [2024-01-14T15:11:58.076+0200] {dag.py:3820} INFO - Setting next_dagrun for tutorial to 2024-01-13T00:00:00+00:00, run_after=2024-01-14T00:00:00+00:00
[2024-01-14T15:11:58.097+0200] {processor.py:183} INFO - Processing /home/mahmoud/airflow_env/lib/python3.10/site-packages/airflow/example_dags/tutorial.py took 0.059 seconds
[2024-01-14T15:12:50.577+0200] {processor.py:161} INFO - Started process (PID=17390) to work on /home/mahmoud/airflow_env/lib/python3.10/site-packages/airflow/example_dags/tutorial.py
[2024-01-14T15:12:50.579+0200] {processor.py:830} INFO - Processing file /home/mahmoud/airflow_env/lib/python3.10/site-packages/airflow/example_dags/tutorial.py for tasks to queue
[2024-01-14T15:12:50.580+0200] {logging_mixin.py:188} INFO - [2024-01-14T15:12:50.580+0200] {dagbag.py:538} INFO - Filling up the DagBag from /home/mahmoud/airflow_env/lib/python3.10/site-packages/airflow/example_dags/tutorial.py
[2024-01-14T15:12:50.587+0200] {processor.py:840} INFO - DAG(s) 'tutorial' retrieved from /home/mahmoud/airflow_env/lib/python3.10/site-packages/airflow/example_dags/tutorial.py
[2024-01-14T15:12:50.600+0200] {logging_mixin.py:188} INFO - [2024-01-14T15:12:50.600+0200] {dag.py:3033} INFO - Sync 1 DAGs
[2024-01-14T15:12:50.619+0200] {logging_mixin.py:188} INFO - [2024-01-14T15:12:50.618+0200] {dag.py:3820} INFO - Setting next_dagrun for tutorial to 2024-01-13T00:00:00+00:00, run_after=2024-01-14T00:00:00+00:00
[2024-01-14T15:12:50.641+0200] {processor.py:183} INFO - Processing /home/mahmoud/airflow_env/lib/python3.10/site-packages/airflow/example_dags/tutorial.py took 0.067 seconds
[2024-01-14T15:13:28.162+0200] {processor.py:161} INFO - Started process (PID=17563) to work on /home/mahmoud/airflow_env/lib/python3.10/site-packages/airflow/example_dags/tutorial.py
[2024-01-14T15:13:28.165+0200] {processor.py:830} INFO - Processing file /home/mahmoud/airflow_env/lib/python3.10/site-packages/airflow/example_dags/tutorial.py for tasks to queue
[2024-01-14T15:13:28.167+0200] {logging_mixin.py:188} INFO - [2024-01-14T15:13:28.166+0200] {dagbag.py:538} INFO - Filling up the DagBag from /home/mahmoud/airflow_env/lib/python3.10/site-packages/airflow/example_dags/tutorial.py
[2024-01-14T15:13:28.177+0200] {processor.py:840} INFO - DAG(s) 'tutorial' retrieved from /home/mahmoud/airflow_env/lib/python3.10/site-packages/airflow/example_dags/tutorial.py
[2024-01-14T15:13:28.194+0200] {logging_mixin.py:188} INFO - [2024-01-14T15:13:28.194+0200] {dag.py:3033} INFO - Sync 1 DAGs
[2024-01-14T15:13:28.211+0200] {logging_mixin.py:188} INFO - [2024-01-14T15:13:28.211+0200] {dag.py:3820} INFO - Setting next_dagrun for tutorial to 2024-01-13T00:00:00+00:00, run_after=2024-01-14T00:00:00+00:00
[2024-01-14T15:13:28.235+0200] {processor.py:183} INFO - Processing /home/mahmoud/airflow_env/lib/python3.10/site-packages/airflow/example_dags/tutorial.py took 0.079 seconds
[2024-01-14T15:20:05.184+0200] {processor.py:161} INFO - Started process (PID=19487) to work on /home/mahmoud/airflow_env/lib/python3.10/site-packages/airflow/example_dags/tutorial.py
[2024-01-14T15:20:05.186+0200] {processor.py:830} INFO - Processing file /home/mahmoud/airflow_env/lib/python3.10/site-packages/airflow/example_dags/tutorial.py for tasks to queue
[2024-01-14T15:20:05.187+0200] {logging_mixin.py:188} INFO - [2024-01-14T15:20:05.187+0200] {dagbag.py:538} INFO - Filling up the DagBag from /home/mahmoud/airflow_env/lib/python3.10/site-packages/airflow/example_dags/tutorial.py
[2024-01-14T15:20:05.194+0200] {processor.py:840} INFO - DAG(s) 'tutorial' retrieved from /home/mahmoud/airflow_env/lib/python3.10/site-packages/airflow/example_dags/tutorial.py
[2024-01-14T15:20:05.207+0200] {logging_mixin.py:188} INFO - [2024-01-14T15:20:05.207+0200] {dag.py:3033} INFO - Sync 1 DAGs
[2024-01-14T15:20:05.298+0200] {logging_mixin.py:188} INFO - [2024-01-14T15:20:05.297+0200] {dag.py:3820} INFO - Setting next_dagrun for tutorial to 2024-01-13T00:00:00+00:00, run_after=2024-01-14T00:00:00+00:00
[2024-01-14T15:20:05.320+0200] {processor.py:183} INFO - Processing /home/mahmoud/airflow_env/lib/python3.10/site-packages/airflow/example_dags/tutorial.py took 0.139 seconds
[2024-01-14T15:20:56.599+0200] {processor.py:161} INFO - Started process (PID=19684) to work on /home/mahmoud/airflow_env/lib/python3.10/site-packages/airflow/example_dags/tutorial.py
[2024-01-14T15:20:56.601+0200] {processor.py:830} INFO - Processing file /home/mahmoud/airflow_env/lib/python3.10/site-packages/airflow/example_dags/tutorial.py for tasks to queue
[2024-01-14T15:20:56.602+0200] {logging_mixin.py:188} INFO - [2024-01-14T15:20:56.601+0200] {dagbag.py:538} INFO - Filling up the DagBag from /home/mahmoud/airflow_env/lib/python3.10/site-packages/airflow/example_dags/tutorial.py
[2024-01-14T15:20:56.607+0200] {processor.py:840} INFO - DAG(s) 'tutorial' retrieved from /home/mahmoud/airflow_env/lib/python3.10/site-packages/airflow/example_dags/tutorial.py
[2024-01-14T15:20:56.618+0200] {logging_mixin.py:188} INFO - [2024-01-14T15:20:56.618+0200] {dag.py:3033} INFO - Sync 1 DAGs
[2024-01-14T15:20:56.636+0200] {logging_mixin.py:188} INFO - [2024-01-14T15:20:56.636+0200] {dag.py:3820} INFO - Setting next_dagrun for tutorial to 2024-01-13T00:00:00+00:00, run_after=2024-01-14T00:00:00+00:00
[2024-01-14T15:20:56.658+0200] {processor.py:183} INFO - Processing /home/mahmoud/airflow_env/lib/python3.10/site-packages/airflow/example_dags/tutorial.py took 0.062 seconds
[2024-01-14T15:21:46.023+0200] {processor.py:161} INFO - Started process (PID=19876) to work on /home/mahmoud/airflow_env/lib/python3.10/site-packages/airflow/example_dags/tutorial.py
[2024-01-14T15:21:46.024+0200] {processor.py:830} INFO - Processing file /home/mahmoud/airflow_env/lib/python3.10/site-packages/airflow/example_dags/tutorial.py for tasks to queue
[2024-01-14T15:21:46.025+0200] {logging_mixin.py:188} INFO - [2024-01-14T15:21:46.025+0200] {dagbag.py:538} INFO - Filling up the DagBag from /home/mahmoud/airflow_env/lib/python3.10/site-packages/airflow/example_dags/tutorial.py
[2024-01-14T15:21:46.030+0200] {processor.py:840} INFO - DAG(s) 'tutorial' retrieved from /home/mahmoud/airflow_env/lib/python3.10/site-packages/airflow/example_dags/tutorial.py
[2024-01-14T15:21:46.041+0200] {logging_mixin.py:188} INFO - [2024-01-14T15:21:46.040+0200] {dag.py:3033} INFO - Sync 1 DAGs
[2024-01-14T15:21:46.056+0200] {logging_mixin.py:188} INFO - [2024-01-14T15:21:46.056+0200] {dag.py:3820} INFO - Setting next_dagrun for tutorial to 2024-01-13T00:00:00+00:00, run_after=2024-01-14T00:00:00+00:00
[2024-01-14T15:21:46.077+0200] {processor.py:183} INFO - Processing /home/mahmoud/airflow_env/lib/python3.10/site-packages/airflow/example_dags/tutorial.py took 0.057 seconds
[2024-01-14T15:22:25.355+0200] {processor.py:161} INFO - Started process (PID=20035) to work on /home/mahmoud/airflow_env/lib/python3.10/site-packages/airflow/example_dags/tutorial.py
[2024-01-14T15:22:25.357+0200] {processor.py:830} INFO - Processing file /home/mahmoud/airflow_env/lib/python3.10/site-packages/airflow/example_dags/tutorial.py for tasks to queue
[2024-01-14T15:22:25.359+0200] {logging_mixin.py:188} INFO - [2024-01-14T15:22:25.358+0200] {dagbag.py:538} INFO - Filling up the DagBag from /home/mahmoud/airflow_env/lib/python3.10/site-packages/airflow/example_dags/tutorial.py
[2024-01-14T15:22:25.366+0200] {processor.py:840} INFO - DAG(s) 'tutorial' retrieved from /home/mahmoud/airflow_env/lib/python3.10/site-packages/airflow/example_dags/tutorial.py
[2024-01-14T15:22:25.379+0200] {logging_mixin.py:188} INFO - [2024-01-14T15:22:25.379+0200] {dag.py:3033} INFO - Sync 1 DAGs
[2024-01-14T15:22:25.396+0200] {logging_mixin.py:188} INFO - [2024-01-14T15:22:25.396+0200] {dag.py:3820} INFO - Setting next_dagrun for tutorial to 2024-01-13T00:00:00+00:00, run_after=2024-01-14T00:00:00+00:00
[2024-01-14T15:22:25.418+0200] {processor.py:183} INFO - Processing /home/mahmoud/airflow_env/lib/python3.10/site-packages/airflow/example_dags/tutorial.py took 0.067 seconds
[2024-01-14T15:23:34.372+0200] {processor.py:161} INFO - Started process (PID=20465) to work on /home/mahmoud/airflow_env/lib/python3.10/site-packages/airflow/example_dags/tutorial.py
[2024-01-14T15:23:34.374+0200] {processor.py:830} INFO - Processing file /home/mahmoud/airflow_env/lib/python3.10/site-packages/airflow/example_dags/tutorial.py for tasks to queue
[2024-01-14T15:23:34.375+0200] {logging_mixin.py:188} INFO - [2024-01-14T15:23:34.374+0200] {dagbag.py:538} INFO - Filling up the DagBag from /home/mahmoud/airflow_env/lib/python3.10/site-packages/airflow/example_dags/tutorial.py
[2024-01-14T15:23:34.383+0200] {processor.py:840} INFO - DAG(s) 'tutorial' retrieved from /home/mahmoud/airflow_env/lib/python3.10/site-packages/airflow/example_dags/tutorial.py
[2024-01-14T15:23:34.395+0200] {logging_mixin.py:188} INFO - [2024-01-14T15:23:34.395+0200] {dag.py:3033} INFO - Sync 1 DAGs
[2024-01-14T15:23:34.493+0200] {logging_mixin.py:188} INFO - [2024-01-14T15:23:34.493+0200] {dag.py:3820} INFO - Setting next_dagrun for tutorial to 2024-01-13T00:00:00+00:00, run_after=2024-01-14T00:00:00+00:00
[2024-01-14T15:23:34.518+0200] {processor.py:183} INFO - Processing /home/mahmoud/airflow_env/lib/python3.10/site-packages/airflow/example_dags/tutorial.py took 0.150 seconds
[2024-01-14T15:37:56.446+0200] {processor.py:161} INFO - Started process (PID=24524) to work on /home/mahmoud/airflow_env/lib/python3.10/site-packages/airflow/example_dags/tutorial.py
[2024-01-14T15:37:56.449+0200] {processor.py:830} INFO - Processing file /home/mahmoud/airflow_env/lib/python3.10/site-packages/airflow/example_dags/tutorial.py for tasks to queue
[2024-01-14T15:37:56.450+0200] {logging_mixin.py:188} INFO - [2024-01-14T15:37:56.449+0200] {dagbag.py:538} INFO - Filling up the DagBag from /home/mahmoud/airflow_env/lib/python3.10/site-packages/airflow/example_dags/tutorial.py
[2024-01-14T15:37:56.460+0200] {processor.py:840} INFO - DAG(s) 'tutorial' retrieved from /home/mahmoud/airflow_env/lib/python3.10/site-packages/airflow/example_dags/tutorial.py
[2024-01-14T15:37:56.473+0200] {logging_mixin.py:188} INFO - [2024-01-14T15:37:56.473+0200] {dag.py:3033} INFO - Sync 1 DAGs
[2024-01-14T15:37:56.570+0200] {logging_mixin.py:188} INFO - [2024-01-14T15:37:56.570+0200] {dag.py:3820} INFO - Setting next_dagrun for tutorial to 2024-01-13T00:00:00+00:00, run_after=2024-01-14T00:00:00+00:00
[2024-01-14T15:37:56.593+0200] {processor.py:183} INFO - Processing /home/mahmoud/airflow_env/lib/python3.10/site-packages/airflow/example_dags/tutorial.py took 0.151 seconds
[2024-01-14T15:38:47.821+0200] {processor.py:161} INFO - Started process (PID=24891) to work on /home/mahmoud/airflow_env/lib/python3.10/site-packages/airflow/example_dags/tutorial.py
[2024-01-14T15:38:47.825+0200] {processor.py:830} INFO - Processing file /home/mahmoud/airflow_env/lib/python3.10/site-packages/airflow/example_dags/tutorial.py for tasks to queue
[2024-01-14T15:38:47.826+0200] {logging_mixin.py:188} INFO - [2024-01-14T15:38:47.826+0200] {dagbag.py:538} INFO - Filling up the DagBag from /home/mahmoud/airflow_env/lib/python3.10/site-packages/airflow/example_dags/tutorial.py
[2024-01-14T15:38:47.836+0200] {processor.py:840} INFO - DAG(s) 'tutorial' retrieved from /home/mahmoud/airflow_env/lib/python3.10/site-packages/airflow/example_dags/tutorial.py
[2024-01-14T15:38:47.851+0200] {logging_mixin.py:188} INFO - [2024-01-14T15:38:47.851+0200] {dag.py:3033} INFO - Sync 1 DAGs
[2024-01-14T15:38:47.867+0200] {logging_mixin.py:188} INFO - [2024-01-14T15:38:47.867+0200] {dag.py:3820} INFO - Setting next_dagrun for tutorial to 2024-01-13T00:00:00+00:00, run_after=2024-01-14T00:00:00+00:00
[2024-01-14T15:38:47.888+0200] {processor.py:183} INFO - Processing /home/mahmoud/airflow_env/lib/python3.10/site-packages/airflow/example_dags/tutorial.py took 0.073 seconds
[2024-01-14T15:39:35.400+0200] {processor.py:161} INFO - Started process (PID=25197) to work on /home/mahmoud/airflow_env/lib/python3.10/site-packages/airflow/example_dags/tutorial.py
[2024-01-14T15:39:35.401+0200] {processor.py:830} INFO - Processing file /home/mahmoud/airflow_env/lib/python3.10/site-packages/airflow/example_dags/tutorial.py for tasks to queue
[2024-01-14T15:39:35.401+0200] {logging_mixin.py:188} INFO - [2024-01-14T15:39:35.401+0200] {dagbag.py:538} INFO - Filling up the DagBag from /home/mahmoud/airflow_env/lib/python3.10/site-packages/airflow/example_dags/tutorial.py
[2024-01-14T15:39:35.407+0200] {processor.py:840} INFO - DAG(s) 'tutorial' retrieved from /home/mahmoud/airflow_env/lib/python3.10/site-packages/airflow/example_dags/tutorial.py
[2024-01-14T15:39:35.419+0200] {logging_mixin.py:188} INFO - [2024-01-14T15:39:35.418+0200] {dag.py:3033} INFO - Sync 1 DAGs
[2024-01-14T15:39:35.438+0200] {logging_mixin.py:188} INFO - [2024-01-14T15:39:35.437+0200] {dag.py:3820} INFO - Setting next_dagrun for tutorial to 2024-01-13T00:00:00+00:00, run_after=2024-01-14T00:00:00+00:00
[2024-01-14T15:39:35.461+0200] {processor.py:183} INFO - Processing /home/mahmoud/airflow_env/lib/python3.10/site-packages/airflow/example_dags/tutorial.py took 0.063 seconds
[2024-01-14T15:40:26.938+0200] {processor.py:161} INFO - Started process (PID=25400) to work on /home/mahmoud/airflow_env/lib/python3.10/site-packages/airflow/example_dags/tutorial.py
[2024-01-14T15:40:26.940+0200] {processor.py:830} INFO - Processing file /home/mahmoud/airflow_env/lib/python3.10/site-packages/airflow/example_dags/tutorial.py for tasks to queue
[2024-01-14T15:40:26.941+0200] {logging_mixin.py:188} INFO - [2024-01-14T15:40:26.941+0200] {dagbag.py:538} INFO - Filling up the DagBag from /home/mahmoud/airflow_env/lib/python3.10/site-packages/airflow/example_dags/tutorial.py
[2024-01-14T15:40:26.945+0200] {processor.py:840} INFO - DAG(s) 'tutorial' retrieved from /home/mahmoud/airflow_env/lib/python3.10/site-packages/airflow/example_dags/tutorial.py
[2024-01-14T15:40:26.960+0200] {logging_mixin.py:188} INFO - [2024-01-14T15:40:26.960+0200] {dag.py:3033} INFO - Sync 1 DAGs
[2024-01-14T15:40:26.976+0200] {logging_mixin.py:188} INFO - [2024-01-14T15:40:26.976+0200] {dag.py:3820} INFO - Setting next_dagrun for tutorial to 2024-01-13T00:00:00+00:00, run_after=2024-01-14T00:00:00+00:00
[2024-01-14T15:40:26.994+0200] {processor.py:183} INFO - Processing /home/mahmoud/airflow_env/lib/python3.10/site-packages/airflow/example_dags/tutorial.py took 0.059 seconds
[2024-01-14T15:41:05.298+0200] {processor.py:161} INFO - Started process (PID=25580) to work on /home/mahmoud/airflow_env/lib/python3.10/site-packages/airflow/example_dags/tutorial.py
[2024-01-14T15:41:05.300+0200] {processor.py:830} INFO - Processing file /home/mahmoud/airflow_env/lib/python3.10/site-packages/airflow/example_dags/tutorial.py for tasks to queue
[2024-01-14T15:41:05.301+0200] {logging_mixin.py:188} INFO - [2024-01-14T15:41:05.301+0200] {dagbag.py:538} INFO - Filling up the DagBag from /home/mahmoud/airflow_env/lib/python3.10/site-packages/airflow/example_dags/tutorial.py
[2024-01-14T15:41:05.310+0200] {processor.py:840} INFO - DAG(s) 'tutorial' retrieved from /home/mahmoud/airflow_env/lib/python3.10/site-packages/airflow/example_dags/tutorial.py
[2024-01-14T15:41:05.324+0200] {logging_mixin.py:188} INFO - [2024-01-14T15:41:05.324+0200] {dag.py:3033} INFO - Sync 1 DAGs
[2024-01-14T15:41:05.342+0200] {logging_mixin.py:188} INFO - [2024-01-14T15:41:05.342+0200] {dag.py:3820} INFO - Setting next_dagrun for tutorial to 2024-01-13T00:00:00+00:00, run_after=2024-01-14T00:00:00+00:00
[2024-01-14T15:41:05.361+0200] {processor.py:183} INFO - Processing /home/mahmoud/airflow_env/lib/python3.10/site-packages/airflow/example_dags/tutorial.py took 0.067 seconds
[2024-01-14T15:41:57.117+0200] {processor.py:161} INFO - Started process (PID=25819) to work on /home/mahmoud/airflow_env/lib/python3.10/site-packages/airflow/example_dags/tutorial.py
[2024-01-14T15:41:57.119+0200] {processor.py:830} INFO - Processing file /home/mahmoud/airflow_env/lib/python3.10/site-packages/airflow/example_dags/tutorial.py for tasks to queue
[2024-01-14T15:41:57.120+0200] {logging_mixin.py:188} INFO - [2024-01-14T15:41:57.119+0200] {dagbag.py:538} INFO - Filling up the DagBag from /home/mahmoud/airflow_env/lib/python3.10/site-packages/airflow/example_dags/tutorial.py
[2024-01-14T15:41:57.124+0200] {processor.py:840} INFO - DAG(s) 'tutorial' retrieved from /home/mahmoud/airflow_env/lib/python3.10/site-packages/airflow/example_dags/tutorial.py
[2024-01-14T15:41:57.142+0200] {logging_mixin.py:188} INFO - [2024-01-14T15:41:57.142+0200] {dag.py:3033} INFO - Sync 1 DAGs
[2024-01-14T15:41:57.163+0200] {logging_mixin.py:188} INFO - [2024-01-14T15:41:57.163+0200] {dag.py:3820} INFO - Setting next_dagrun for tutorial to 2024-01-13T00:00:00+00:00, run_after=2024-01-14T00:00:00+00:00
[2024-01-14T15:41:57.185+0200] {processor.py:183} INFO - Processing /home/mahmoud/airflow_env/lib/python3.10/site-packages/airflow/example_dags/tutorial.py took 0.070 seconds
[2024-01-14T15:43:16.323+0200] {processor.py:161} INFO - Started process (PID=26659) to work on /home/mahmoud/airflow_env/lib/python3.10/site-packages/airflow/example_dags/tutorial.py
[2024-01-14T15:43:16.325+0200] {processor.py:830} INFO - Processing file /home/mahmoud/airflow_env/lib/python3.10/site-packages/airflow/example_dags/tutorial.py for tasks to queue
[2024-01-14T15:43:16.326+0200] {logging_mixin.py:188} INFO - [2024-01-14T15:43:16.326+0200] {dagbag.py:538} INFO - Filling up the DagBag from /home/mahmoud/airflow_env/lib/python3.10/site-packages/airflow/example_dags/tutorial.py
[2024-01-14T15:43:16.332+0200] {processor.py:840} INFO - DAG(s) 'tutorial' retrieved from /home/mahmoud/airflow_env/lib/python3.10/site-packages/airflow/example_dags/tutorial.py
[2024-01-14T15:43:16.347+0200] {logging_mixin.py:188} INFO - [2024-01-14T15:43:16.347+0200] {dag.py:3033} INFO - Sync 1 DAGs
[2024-01-14T15:43:16.365+0200] {logging_mixin.py:188} INFO - [2024-01-14T15:43:16.365+0200] {dag.py:3820} INFO - Setting next_dagrun for tutorial to 2024-01-13T00:00:00+00:00, run_after=2024-01-14T00:00:00+00:00
[2024-01-14T15:43:16.387+0200] {processor.py:183} INFO - Processing /home/mahmoud/airflow_env/lib/python3.10/site-packages/airflow/example_dags/tutorial.py took 0.068 seconds
[2024-01-14T15:44:05.985+0200] {processor.py:161} INFO - Started process (PID=26996) to work on /home/mahmoud/airflow_env/lib/python3.10/site-packages/airflow/example_dags/tutorial.py
[2024-01-14T15:44:05.987+0200] {processor.py:830} INFO - Processing file /home/mahmoud/airflow_env/lib/python3.10/site-packages/airflow/example_dags/tutorial.py for tasks to queue
[2024-01-14T15:44:05.988+0200] {logging_mixin.py:188} INFO - [2024-01-14T15:44:05.988+0200] {dagbag.py:538} INFO - Filling up the DagBag from /home/mahmoud/airflow_env/lib/python3.10/site-packages/airflow/example_dags/tutorial.py
[2024-01-14T15:44:05.994+0200] {processor.py:840} INFO - DAG(s) 'tutorial' retrieved from /home/mahmoud/airflow_env/lib/python3.10/site-packages/airflow/example_dags/tutorial.py
[2024-01-14T15:44:06.008+0200] {logging_mixin.py:188} INFO - [2024-01-14T15:44:06.007+0200] {dag.py:3033} INFO - Sync 1 DAGs
[2024-01-14T15:44:06.024+0200] {logging_mixin.py:188} INFO - [2024-01-14T15:44:06.024+0200] {dag.py:3820} INFO - Setting next_dagrun for tutorial to 2024-01-13T00:00:00+00:00, run_after=2024-01-14T00:00:00+00:00
[2024-01-14T15:44:06.045+0200] {processor.py:183} INFO - Processing /home/mahmoud/airflow_env/lib/python3.10/site-packages/airflow/example_dags/tutorial.py took 0.067 seconds
[2024-01-14T15:44:53.043+0200] {processor.py:161} INFO - Started process (PID=27592) to work on /home/mahmoud/airflow_env/lib/python3.10/site-packages/airflow/example_dags/tutorial.py
[2024-01-14T15:44:53.044+0200] {processor.py:830} INFO - Processing file /home/mahmoud/airflow_env/lib/python3.10/site-packages/airflow/example_dags/tutorial.py for tasks to queue
[2024-01-14T15:44:53.044+0200] {logging_mixin.py:188} INFO - [2024-01-14T15:44:53.044+0200] {dagbag.py:538} INFO - Filling up the DagBag from /home/mahmoud/airflow_env/lib/python3.10/site-packages/airflow/example_dags/tutorial.py
[2024-01-14T15:44:53.051+0200] {processor.py:840} INFO - DAG(s) 'tutorial' retrieved from /home/mahmoud/airflow_env/lib/python3.10/site-packages/airflow/example_dags/tutorial.py
[2024-01-14T15:44:53.066+0200] {logging_mixin.py:188} INFO - [2024-01-14T15:44:53.066+0200] {dag.py:3033} INFO - Sync 1 DAGs
[2024-01-14T15:44:53.083+0200] {logging_mixin.py:188} INFO - [2024-01-14T15:44:53.083+0200] {dag.py:3820} INFO - Setting next_dagrun for tutorial to 2024-01-13T00:00:00+00:00, run_after=2024-01-14T00:00:00+00:00
[2024-01-14T15:44:53.111+0200] {processor.py:183} INFO - Processing /home/mahmoud/airflow_env/lib/python3.10/site-packages/airflow/example_dags/tutorial.py took 0.072 seconds
[2024-01-14T15:45:35.467+0200] {processor.py:161} INFO - Started process (PID=27825) to work on /home/mahmoud/airflow_env/lib/python3.10/site-packages/airflow/example_dags/tutorial.py
[2024-01-14T15:45:35.469+0200] {processor.py:830} INFO - Processing file /home/mahmoud/airflow_env/lib/python3.10/site-packages/airflow/example_dags/tutorial.py for tasks to queue
[2024-01-14T15:45:35.470+0200] {logging_mixin.py:188} INFO - [2024-01-14T15:45:35.470+0200] {dagbag.py:538} INFO - Filling up the DagBag from /home/mahmoud/airflow_env/lib/python3.10/site-packages/airflow/example_dags/tutorial.py
[2024-01-14T15:45:35.476+0200] {processor.py:840} INFO - DAG(s) 'tutorial' retrieved from /home/mahmoud/airflow_env/lib/python3.10/site-packages/airflow/example_dags/tutorial.py
[2024-01-14T15:45:35.489+0200] {logging_mixin.py:188} INFO - [2024-01-14T15:45:35.489+0200] {dag.py:3033} INFO - Sync 1 DAGs
[2024-01-14T15:45:35.507+0200] {logging_mixin.py:188} INFO - [2024-01-14T15:45:35.506+0200] {dag.py:3820} INFO - Setting next_dagrun for tutorial to 2024-01-13T00:00:00+00:00, run_after=2024-01-14T00:00:00+00:00
[2024-01-14T15:45:35.532+0200] {processor.py:183} INFO - Processing /home/mahmoud/airflow_env/lib/python3.10/site-packages/airflow/example_dags/tutorial.py took 0.067 seconds
[2024-01-14T15:46:29.143+0200] {processor.py:161} INFO - Started process (PID=28035) to work on /home/mahmoud/airflow_env/lib/python3.10/site-packages/airflow/example_dags/tutorial.py
[2024-01-14T15:46:29.155+0200] {processor.py:830} INFO - Processing file /home/mahmoud/airflow_env/lib/python3.10/site-packages/airflow/example_dags/tutorial.py for tasks to queue
[2024-01-14T15:46:29.155+0200] {logging_mixin.py:188} INFO - [2024-01-14T15:46:29.155+0200] {dagbag.py:538} INFO - Filling up the DagBag from /home/mahmoud/airflow_env/lib/python3.10/site-packages/airflow/example_dags/tutorial.py
[2024-01-14T15:46:29.163+0200] {processor.py:840} INFO - DAG(s) 'tutorial' retrieved from /home/mahmoud/airflow_env/lib/python3.10/site-packages/airflow/example_dags/tutorial.py
[2024-01-14T15:46:29.174+0200] {logging_mixin.py:188} INFO - [2024-01-14T15:46:29.174+0200] {dag.py:3033} INFO - Sync 1 DAGs
[2024-01-14T15:46:29.194+0200] {logging_mixin.py:188} INFO - [2024-01-14T15:46:29.193+0200] {dag.py:3820} INFO - Setting next_dagrun for tutorial to 2024-01-13T00:00:00+00:00, run_after=2024-01-14T00:00:00+00:00
[2024-01-14T15:46:29.221+0200] {processor.py:183} INFO - Processing /home/mahmoud/airflow_env/lib/python3.10/site-packages/airflow/example_dags/tutorial.py took 0.082 seconds
[2024-01-14T15:47:21.935+0200] {processor.py:161} INFO - Started process (PID=28312) to work on /home/mahmoud/airflow_env/lib/python3.10/site-packages/airflow/example_dags/tutorial.py
[2024-01-14T15:47:21.936+0200] {processor.py:830} INFO - Processing file /home/mahmoud/airflow_env/lib/python3.10/site-packages/airflow/example_dags/tutorial.py for tasks to queue
[2024-01-14T15:47:21.938+0200] {logging_mixin.py:188} INFO - [2024-01-14T15:47:21.937+0200] {dagbag.py:538} INFO - Filling up the DagBag from /home/mahmoud/airflow_env/lib/python3.10/site-packages/airflow/example_dags/tutorial.py
[2024-01-14T15:47:21.946+0200] {processor.py:840} INFO - DAG(s) 'tutorial' retrieved from /home/mahmoud/airflow_env/lib/python3.10/site-packages/airflow/example_dags/tutorial.py
[2024-01-14T15:47:21.961+0200] {logging_mixin.py:188} INFO - [2024-01-14T15:47:21.960+0200] {dag.py:3033} INFO - Sync 1 DAGs
[2024-01-14T15:47:21.979+0200] {logging_mixin.py:188} INFO - [2024-01-14T15:47:21.979+0200] {dag.py:3820} INFO - Setting next_dagrun for tutorial to 2024-01-13T00:00:00+00:00, run_after=2024-01-14T00:00:00+00:00
[2024-01-14T15:47:22.002+0200] {processor.py:183} INFO - Processing /home/mahmoud/airflow_env/lib/python3.10/site-packages/airflow/example_dags/tutorial.py took 0.072 seconds
[2024-01-14T15:48:13.680+0200] {processor.py:161} INFO - Started process (PID=28543) to work on /home/mahmoud/airflow_env/lib/python3.10/site-packages/airflow/example_dags/tutorial.py
[2024-01-14T15:48:13.682+0200] {processor.py:830} INFO - Processing file /home/mahmoud/airflow_env/lib/python3.10/site-packages/airflow/example_dags/tutorial.py for tasks to queue
[2024-01-14T15:48:13.683+0200] {logging_mixin.py:188} INFO - [2024-01-14T15:48:13.683+0200] {dagbag.py:538} INFO - Filling up the DagBag from /home/mahmoud/airflow_env/lib/python3.10/site-packages/airflow/example_dags/tutorial.py
[2024-01-14T15:48:13.689+0200] {processor.py:840} INFO - DAG(s) 'tutorial' retrieved from /home/mahmoud/airflow_env/lib/python3.10/site-packages/airflow/example_dags/tutorial.py
[2024-01-14T15:48:13.703+0200] {logging_mixin.py:188} INFO - [2024-01-14T15:48:13.702+0200] {dag.py:3033} INFO - Sync 1 DAGs
[2024-01-14T15:48:13.719+0200] {logging_mixin.py:188} INFO - [2024-01-14T15:48:13.719+0200] {dag.py:3820} INFO - Setting next_dagrun for tutorial to 2024-01-13T00:00:00+00:00, run_after=2024-01-14T00:00:00+00:00
[2024-01-14T15:48:13.739+0200] {processor.py:183} INFO - Processing /home/mahmoud/airflow_env/lib/python3.10/site-packages/airflow/example_dags/tutorial.py took 0.062 seconds
[2024-01-14T15:49:07.165+0200] {processor.py:161} INFO - Started process (PID=28754) to work on /home/mahmoud/airflow_env/lib/python3.10/site-packages/airflow/example_dags/tutorial.py
[2024-01-14T15:49:07.167+0200] {processor.py:830} INFO - Processing file /home/mahmoud/airflow_env/lib/python3.10/site-packages/airflow/example_dags/tutorial.py for tasks to queue
[2024-01-14T15:49:07.168+0200] {logging_mixin.py:188} INFO - [2024-01-14T15:49:07.168+0200] {dagbag.py:538} INFO - Filling up the DagBag from /home/mahmoud/airflow_env/lib/python3.10/site-packages/airflow/example_dags/tutorial.py
[2024-01-14T15:49:07.175+0200] {processor.py:840} INFO - DAG(s) 'tutorial' retrieved from /home/mahmoud/airflow_env/lib/python3.10/site-packages/airflow/example_dags/tutorial.py
[2024-01-14T15:49:07.189+0200] {logging_mixin.py:188} INFO - [2024-01-14T15:49:07.189+0200] {dag.py:3033} INFO - Sync 1 DAGs
[2024-01-14T15:49:07.206+0200] {logging_mixin.py:188} INFO - [2024-01-14T15:49:07.206+0200] {dag.py:3820} INFO - Setting next_dagrun for tutorial to 2024-01-13T00:00:00+00:00, run_after=2024-01-14T00:00:00+00:00
[2024-01-14T15:49:07.229+0200] {processor.py:183} INFO - Processing /home/mahmoud/airflow_env/lib/python3.10/site-packages/airflow/example_dags/tutorial.py took 0.068 seconds
[2024-01-14T15:50:00.943+0200] {processor.py:161} INFO - Started process (PID=28965) to work on /home/mahmoud/airflow_env/lib/python3.10/site-packages/airflow/example_dags/tutorial.py
[2024-01-14T15:50:00.946+0200] {processor.py:830} INFO - Processing file /home/mahmoud/airflow_env/lib/python3.10/site-packages/airflow/example_dags/tutorial.py for tasks to queue
[2024-01-14T15:50:00.947+0200] {logging_mixin.py:188} INFO - [2024-01-14T15:50:00.947+0200] {dagbag.py:538} INFO - Filling up the DagBag from /home/mahmoud/airflow_env/lib/python3.10/site-packages/airflow/example_dags/tutorial.py
[2024-01-14T15:50:00.959+0200] {processor.py:840} INFO - DAG(s) 'tutorial' retrieved from /home/mahmoud/airflow_env/lib/python3.10/site-packages/airflow/example_dags/tutorial.py
[2024-01-14T15:50:00.978+0200] {logging_mixin.py:188} INFO - [2024-01-14T15:50:00.977+0200] {dag.py:3033} INFO - Sync 1 DAGs
[2024-01-14T15:50:00.995+0200] {logging_mixin.py:188} INFO - [2024-01-14T15:50:00.995+0200] {dag.py:3820} INFO - Setting next_dagrun for tutorial to 2024-01-13T00:00:00+00:00, run_after=2024-01-14T00:00:00+00:00
[2024-01-14T15:50:01.017+0200] {processor.py:183} INFO - Processing /home/mahmoud/airflow_env/lib/python3.10/site-packages/airflow/example_dags/tutorial.py took 0.081 seconds
[2024-01-14T15:50:52.248+0200] {processor.py:161} INFO - Started process (PID=29163) to work on /home/mahmoud/airflow_env/lib/python3.10/site-packages/airflow/example_dags/tutorial.py
[2024-01-14T15:50:52.251+0200] {processor.py:830} INFO - Processing file /home/mahmoud/airflow_env/lib/python3.10/site-packages/airflow/example_dags/tutorial.py for tasks to queue
[2024-01-14T15:50:52.253+0200] {logging_mixin.py:188} INFO - [2024-01-14T15:50:52.252+0200] {dagbag.py:538} INFO - Filling up the DagBag from /home/mahmoud/airflow_env/lib/python3.10/site-packages/airflow/example_dags/tutorial.py
[2024-01-14T15:50:52.261+0200] {processor.py:840} INFO - DAG(s) 'tutorial' retrieved from /home/mahmoud/airflow_env/lib/python3.10/site-packages/airflow/example_dags/tutorial.py
[2024-01-14T15:50:52.273+0200] {logging_mixin.py:188} INFO - [2024-01-14T15:50:52.272+0200] {dag.py:3033} INFO - Sync 1 DAGs
[2024-01-14T15:50:52.287+0200] {logging_mixin.py:188} INFO - [2024-01-14T15:50:52.287+0200] {dag.py:3820} INFO - Setting next_dagrun for tutorial to 2024-01-13T00:00:00+00:00, run_after=2024-01-14T00:00:00+00:00
[2024-01-14T15:50:52.305+0200] {processor.py:183} INFO - Processing /home/mahmoud/airflow_env/lib/python3.10/site-packages/airflow/example_dags/tutorial.py took 0.066 seconds
[2024-01-14T15:51:45.471+0200] {processor.py:161} INFO - Started process (PID=29374) to work on /home/mahmoud/airflow_env/lib/python3.10/site-packages/airflow/example_dags/tutorial.py
[2024-01-14T15:51:45.473+0200] {processor.py:830} INFO - Processing file /home/mahmoud/airflow_env/lib/python3.10/site-packages/airflow/example_dags/tutorial.py for tasks to queue
[2024-01-14T15:51:45.474+0200] {logging_mixin.py:188} INFO - [2024-01-14T15:51:45.473+0200] {dagbag.py:538} INFO - Filling up the DagBag from /home/mahmoud/airflow_env/lib/python3.10/site-packages/airflow/example_dags/tutorial.py
[2024-01-14T15:51:45.480+0200] {processor.py:840} INFO - DAG(s) 'tutorial' retrieved from /home/mahmoud/airflow_env/lib/python3.10/site-packages/airflow/example_dags/tutorial.py
[2024-01-14T15:51:45.493+0200] {logging_mixin.py:188} INFO - [2024-01-14T15:51:45.493+0200] {dag.py:3033} INFO - Sync 1 DAGs
[2024-01-14T15:51:45.510+0200] {logging_mixin.py:188} INFO - [2024-01-14T15:51:45.510+0200] {dag.py:3820} INFO - Setting next_dagrun for tutorial to 2024-01-13T00:00:00+00:00, run_after=2024-01-14T00:00:00+00:00
[2024-01-14T15:51:45.531+0200] {processor.py:183} INFO - Processing /home/mahmoud/airflow_env/lib/python3.10/site-packages/airflow/example_dags/tutorial.py took 0.062 seconds
[2024-01-14T15:52:36.144+0200] {processor.py:161} INFO - Started process (PID=29577) to work on /home/mahmoud/airflow_env/lib/python3.10/site-packages/airflow/example_dags/tutorial.py
[2024-01-14T15:52:36.151+0200] {processor.py:830} INFO - Processing file /home/mahmoud/airflow_env/lib/python3.10/site-packages/airflow/example_dags/tutorial.py for tasks to queue
[2024-01-14T15:52:36.152+0200] {logging_mixin.py:188} INFO - [2024-01-14T15:52:36.151+0200] {dagbag.py:538} INFO - Filling up the DagBag from /home/mahmoud/airflow_env/lib/python3.10/site-packages/airflow/example_dags/tutorial.py
[2024-01-14T15:52:36.172+0200] {processor.py:840} INFO - DAG(s) 'tutorial' retrieved from /home/mahmoud/airflow_env/lib/python3.10/site-packages/airflow/example_dags/tutorial.py
[2024-01-14T15:52:36.197+0200] {logging_mixin.py:188} INFO - [2024-01-14T15:52:36.197+0200] {dag.py:3033} INFO - Sync 1 DAGs
[2024-01-14T15:52:36.235+0200] {logging_mixin.py:188} INFO - [2024-01-14T15:52:36.235+0200] {dag.py:3820} INFO - Setting next_dagrun for tutorial to 2024-01-13T00:00:00+00:00, run_after=2024-01-14T00:00:00+00:00
[2024-01-14T15:52:36.274+0200] {processor.py:183} INFO - Processing /home/mahmoud/airflow_env/lib/python3.10/site-packages/airflow/example_dags/tutorial.py took 0.134 seconds
[2024-01-14T15:53:26.816+0200] {processor.py:161} INFO - Started process (PID=29810) to work on /home/mahmoud/airflow_env/lib/python3.10/site-packages/airflow/example_dags/tutorial.py
[2024-01-14T15:53:26.818+0200] {processor.py:830} INFO - Processing file /home/mahmoud/airflow_env/lib/python3.10/site-packages/airflow/example_dags/tutorial.py for tasks to queue
[2024-01-14T15:53:26.819+0200] {logging_mixin.py:188} INFO - [2024-01-14T15:53:26.819+0200] {dagbag.py:538} INFO - Filling up the DagBag from /home/mahmoud/airflow_env/lib/python3.10/site-packages/airflow/example_dags/tutorial.py
[2024-01-14T15:53:26.825+0200] {processor.py:840} INFO - DAG(s) 'tutorial' retrieved from /home/mahmoud/airflow_env/lib/python3.10/site-packages/airflow/example_dags/tutorial.py
[2024-01-14T15:53:26.838+0200] {logging_mixin.py:188} INFO - [2024-01-14T15:53:26.838+0200] {dag.py:3033} INFO - Sync 1 DAGs
[2024-01-14T15:53:26.856+0200] {logging_mixin.py:188} INFO - [2024-01-14T15:53:26.856+0200] {dag.py:3820} INFO - Setting next_dagrun for tutorial to 2024-01-13T00:00:00+00:00, run_after=2024-01-14T00:00:00+00:00
[2024-01-14T15:53:26.878+0200] {processor.py:183} INFO - Processing /home/mahmoud/airflow_env/lib/python3.10/site-packages/airflow/example_dags/tutorial.py took 0.064 seconds
[2024-01-14T15:54:13.356+0200] {processor.py:161} INFO - Started process (PID=29974) to work on /home/mahmoud/airflow_env/lib/python3.10/site-packages/airflow/example_dags/tutorial.py
[2024-01-14T15:54:13.363+0200] {processor.py:830} INFO - Processing file /home/mahmoud/airflow_env/lib/python3.10/site-packages/airflow/example_dags/tutorial.py for tasks to queue
[2024-01-14T15:54:13.370+0200] {logging_mixin.py:188} INFO - [2024-01-14T15:54:13.367+0200] {dagbag.py:538} INFO - Filling up the DagBag from /home/mahmoud/airflow_env/lib/python3.10/site-packages/airflow/example_dags/tutorial.py
[2024-01-14T15:54:13.419+0200] {processor.py:840} INFO - DAG(s) 'tutorial' retrieved from /home/mahmoud/airflow_env/lib/python3.10/site-packages/airflow/example_dags/tutorial.py
[2024-01-14T15:54:13.523+0200] {logging_mixin.py:188} INFO - [2024-01-14T15:54:13.522+0200] {dag.py:3033} INFO - Sync 1 DAGs
[2024-01-14T15:54:13.664+0200] {logging_mixin.py:188} INFO - [2024-01-14T15:54:13.663+0200] {dag.py:3820} INFO - Setting next_dagrun for tutorial to 2024-01-13T00:00:00+00:00, run_after=2024-01-14T00:00:00+00:00
[2024-01-14T15:54:13.786+0200] {processor.py:183} INFO - Processing /home/mahmoud/airflow_env/lib/python3.10/site-packages/airflow/example_dags/tutorial.py took 0.453 seconds
[2024-01-14T15:55:25.388+0200] {processor.py:161} INFO - Started process (PID=30222) to work on /home/mahmoud/airflow_env/lib/python3.10/site-packages/airflow/example_dags/tutorial.py
[2024-01-14T15:55:25.391+0200] {processor.py:830} INFO - Processing file /home/mahmoud/airflow_env/lib/python3.10/site-packages/airflow/example_dags/tutorial.py for tasks to queue
[2024-01-14T15:55:25.394+0200] {logging_mixin.py:188} INFO - [2024-01-14T15:55:25.393+0200] {dagbag.py:538} INFO - Filling up the DagBag from /home/mahmoud/airflow_env/lib/python3.10/site-packages/airflow/example_dags/tutorial.py
[2024-01-14T15:55:25.418+0200] {processor.py:840} INFO - DAG(s) 'tutorial' retrieved from /home/mahmoud/airflow_env/lib/python3.10/site-packages/airflow/example_dags/tutorial.py
[2024-01-14T15:55:25.472+0200] {logging_mixin.py:188} INFO - [2024-01-14T15:55:25.471+0200] {dag.py:3033} INFO - Sync 1 DAGs
[2024-01-14T15:55:25.545+0200] {logging_mixin.py:188} INFO - [2024-01-14T15:55:25.544+0200] {dag.py:3820} INFO - Setting next_dagrun for tutorial to 2024-01-13T00:00:00+00:00, run_after=2024-01-14T00:00:00+00:00
[2024-01-14T15:55:25.621+0200] {processor.py:183} INFO - Processing /home/mahmoud/airflow_env/lib/python3.10/site-packages/airflow/example_dags/tutorial.py took 0.244 seconds
[2024-01-14T15:56:26.476+0200] {processor.py:161} INFO - Started process (PID=30434) to work on /home/mahmoud/airflow_env/lib/python3.10/site-packages/airflow/example_dags/tutorial.py
[2024-01-14T15:56:26.480+0200] {processor.py:830} INFO - Processing file /home/mahmoud/airflow_env/lib/python3.10/site-packages/airflow/example_dags/tutorial.py for tasks to queue
[2024-01-14T15:56:26.482+0200] {logging_mixin.py:188} INFO - [2024-01-14T15:56:26.481+0200] {dagbag.py:538} INFO - Filling up the DagBag from /home/mahmoud/airflow_env/lib/python3.10/site-packages/airflow/example_dags/tutorial.py
[2024-01-14T15:56:26.501+0200] {processor.py:840} INFO - DAG(s) 'tutorial' retrieved from /home/mahmoud/airflow_env/lib/python3.10/site-packages/airflow/example_dags/tutorial.py
[2024-01-14T15:56:26.544+0200] {logging_mixin.py:188} INFO - [2024-01-14T15:56:26.543+0200] {dag.py:3033} INFO - Sync 1 DAGs
[2024-01-14T15:56:26.601+0200] {logging_mixin.py:188} INFO - [2024-01-14T15:56:26.600+0200] {dag.py:3820} INFO - Setting next_dagrun for tutorial to 2024-01-13T00:00:00+00:00, run_after=2024-01-14T00:00:00+00:00
[2024-01-14T15:56:26.659+0200] {processor.py:183} INFO - Processing /home/mahmoud/airflow_env/lib/python3.10/site-packages/airflow/example_dags/tutorial.py took 0.192 seconds
[2024-01-14T15:57:24.596+0200] {processor.py:161} INFO - Started process (PID=30645) to work on /home/mahmoud/airflow_env/lib/python3.10/site-packages/airflow/example_dags/tutorial.py
[2024-01-14T15:57:24.601+0200] {processor.py:830} INFO - Processing file /home/mahmoud/airflow_env/lib/python3.10/site-packages/airflow/example_dags/tutorial.py for tasks to queue
[2024-01-14T15:57:24.604+0200] {logging_mixin.py:188} INFO - [2024-01-14T15:57:24.602+0200] {dagbag.py:538} INFO - Filling up the DagBag from /home/mahmoud/airflow_env/lib/python3.10/site-packages/airflow/example_dags/tutorial.py
[2024-01-14T15:57:24.625+0200] {processor.py:840} INFO - DAG(s) 'tutorial' retrieved from /home/mahmoud/airflow_env/lib/python3.10/site-packages/airflow/example_dags/tutorial.py
[2024-01-14T15:57:24.668+0200] {logging_mixin.py:188} INFO - [2024-01-14T15:57:24.668+0200] {dag.py:3033} INFO - Sync 1 DAGs
[2024-01-14T15:57:24.725+0200] {logging_mixin.py:188} INFO - [2024-01-14T15:57:24.724+0200] {dag.py:3820} INFO - Setting next_dagrun for tutorial to 2024-01-13T00:00:00+00:00, run_after=2024-01-14T00:00:00+00:00
[2024-01-14T15:57:24.783+0200] {processor.py:183} INFO - Processing /home/mahmoud/airflow_env/lib/python3.10/site-packages/airflow/example_dags/tutorial.py took 0.197 seconds
