[2024-01-14T15:08:01.853+0200] {processor.py:161} INFO - Started process (PID=16011) to work on /home/mahmoud/airflow/dags/first_dag.py
[2024-01-14T15:08:01.854+0200] {processor.py:830} INFO - Processing file /home/mahmoud/airflow/dags/first_dag.py for tasks to queue
[2024-01-14T15:08:01.855+0200] {logging_mixin.py:188} INFO - [2024-01-14T15:08:01.854+0200] {dagbag.py:538} INFO - Filling up the DagBag from /home/mahmoud/airflow/dags/first_dag.py
[2024-01-14T15:08:01.857+0200] {processor.py:842} WARNING - No viable dags retrieved from /home/mahmoud/airflow/dags/first_dag.py
[2024-01-14T15:08:01.866+0200] {processor.py:183} INFO - Processing /home/mahmoud/airflow/dags/first_dag.py took 0.015 seconds
[2024-01-14T15:08:55.554+0200] {processor.py:161} INFO - Started process (PID=16307) to work on /home/mahmoud/airflow/dags/first_dag.py
[2024-01-14T15:08:55.555+0200] {processor.py:830} INFO - Processing file /home/mahmoud/airflow/dags/first_dag.py for tasks to queue
[2024-01-14T15:08:55.556+0200] {logging_mixin.py:188} INFO - [2024-01-14T15:08:55.556+0200] {dagbag.py:538} INFO - Filling up the DagBag from /home/mahmoud/airflow/dags/first_dag.py
[2024-01-14T15:08:55.558+0200] {processor.py:842} WARNING - No viable dags retrieved from /home/mahmoud/airflow/dags/first_dag.py
[2024-01-14T15:08:55.568+0200] {processor.py:183} INFO - Processing /home/mahmoud/airflow/dags/first_dag.py took 0.017 seconds
[2024-01-14T15:09:37.006+0200] {processor.py:161} INFO - Started process (PID=16573) to work on /home/mahmoud/airflow/dags/first_dag.py
[2024-01-14T15:09:37.009+0200] {processor.py:830} INFO - Processing file /home/mahmoud/airflow/dags/first_dag.py for tasks to queue
[2024-01-14T15:09:37.010+0200] {logging_mixin.py:188} INFO - [2024-01-14T15:09:37.010+0200] {dagbag.py:538} INFO - Filling up the DagBag from /home/mahmoud/airflow/dags/first_dag.py
[2024-01-14T15:09:37.013+0200] {processor.py:842} WARNING - No viable dags retrieved from /home/mahmoud/airflow/dags/first_dag.py
[2024-01-14T15:09:37.022+0200] {processor.py:183} INFO - Processing /home/mahmoud/airflow/dags/first_dag.py took 0.020 seconds
[2024-01-14T15:10:15.316+0200] {processor.py:161} INFO - Started process (PID=16734) to work on /home/mahmoud/airflow/dags/first_dag.py
[2024-01-14T15:10:15.320+0200] {processor.py:830} INFO - Processing file /home/mahmoud/airflow/dags/first_dag.py for tasks to queue
[2024-01-14T15:10:15.321+0200] {logging_mixin.py:188} INFO - [2024-01-14T15:10:15.320+0200] {dagbag.py:538} INFO - Filling up the DagBag from /home/mahmoud/airflow/dags/first_dag.py
[2024-01-14T15:10:15.328+0200] {processor.py:842} WARNING - No viable dags retrieved from /home/mahmoud/airflow/dags/first_dag.py
[2024-01-14T15:10:15.338+0200] {processor.py:183} INFO - Processing /home/mahmoud/airflow/dags/first_dag.py took 0.025 seconds
[2024-01-14T15:10:54.755+0200] {processor.py:161} INFO - Started process (PID=16894) to work on /home/mahmoud/airflow/dags/first_dag.py
[2024-01-14T15:10:54.758+0200] {processor.py:830} INFO - Processing file /home/mahmoud/airflow/dags/first_dag.py for tasks to queue
[2024-01-14T15:10:54.759+0200] {logging_mixin.py:188} INFO - [2024-01-14T15:10:54.759+0200] {dagbag.py:538} INFO - Filling up the DagBag from /home/mahmoud/airflow/dags/first_dag.py
[2024-01-14T15:10:54.763+0200] {processor.py:842} WARNING - No viable dags retrieved from /home/mahmoud/airflow/dags/first_dag.py
[2024-01-14T15:10:54.775+0200] {processor.py:183} INFO - Processing /home/mahmoud/airflow/dags/first_dag.py took 0.027 seconds
[2024-01-14T15:11:33.247+0200] {processor.py:161} INFO - Started process (PID=17043) to work on /home/mahmoud/airflow/dags/first_dag.py
[2024-01-14T15:11:33.249+0200] {processor.py:830} INFO - Processing file /home/mahmoud/airflow/dags/first_dag.py for tasks to queue
[2024-01-14T15:11:33.250+0200] {logging_mixin.py:188} INFO - [2024-01-14T15:11:33.249+0200] {dagbag.py:538} INFO - Filling up the DagBag from /home/mahmoud/airflow/dags/first_dag.py
[2024-01-14T15:11:33.251+0200] {processor.py:842} WARNING - No viable dags retrieved from /home/mahmoud/airflow/dags/first_dag.py
[2024-01-14T15:11:33.259+0200] {processor.py:183} INFO - Processing /home/mahmoud/airflow/dags/first_dag.py took 0.014 seconds
[2024-01-14T15:12:10.441+0200] {processor.py:161} INFO - Started process (PID=17232) to work on /home/mahmoud/airflow/dags/first_dag.py
[2024-01-14T15:12:10.443+0200] {processor.py:830} INFO - Processing file /home/mahmoud/airflow/dags/first_dag.py for tasks to queue
[2024-01-14T15:12:10.444+0200] {logging_mixin.py:188} INFO - [2024-01-14T15:12:10.444+0200] {dagbag.py:538} INFO - Filling up the DagBag from /home/mahmoud/airflow/dags/first_dag.py
[2024-01-14T15:12:10.445+0200] {processor.py:842} WARNING - No viable dags retrieved from /home/mahmoud/airflow/dags/first_dag.py
[2024-01-14T15:12:10.454+0200] {processor.py:183} INFO - Processing /home/mahmoud/airflow/dags/first_dag.py took 0.015 seconds
[2024-01-14T15:12:45.427+0200] {processor.py:161} INFO - Started process (PID=17367) to work on /home/mahmoud/airflow/dags/first_dag.py
[2024-01-14T15:12:45.428+0200] {processor.py:830} INFO - Processing file /home/mahmoud/airflow/dags/first_dag.py for tasks to queue
[2024-01-14T15:12:45.429+0200] {logging_mixin.py:188} INFO - [2024-01-14T15:12:45.429+0200] {dagbag.py:538} INFO - Filling up the DagBag from /home/mahmoud/airflow/dags/first_dag.py
[2024-01-14T15:12:45.432+0200] {processor.py:842} WARNING - No viable dags retrieved from /home/mahmoud/airflow/dags/first_dag.py
[2024-01-14T15:12:45.442+0200] {processor.py:183} INFO - Processing /home/mahmoud/airflow/dags/first_dag.py took 0.019 seconds
[2024-01-14T15:13:20.999+0200] {processor.py:161} INFO - Started process (PID=17538) to work on /home/mahmoud/airflow/dags/first_dag.py
[2024-01-14T15:13:21.001+0200] {processor.py:830} INFO - Processing file /home/mahmoud/airflow/dags/first_dag.py for tasks to queue
[2024-01-14T15:13:21.002+0200] {logging_mixin.py:188} INFO - [2024-01-14T15:13:21.001+0200] {dagbag.py:538} INFO - Filling up the DagBag from /home/mahmoud/airflow/dags/first_dag.py
[2024-01-14T15:13:21.003+0200] {processor.py:842} WARNING - No viable dags retrieved from /home/mahmoud/airflow/dags/first_dag.py
[2024-01-14T15:13:21.012+0200] {processor.py:183} INFO - Processing /home/mahmoud/airflow/dags/first_dag.py took 0.017 seconds
[2024-01-14T15:19:46.547+0200] {processor.py:161} INFO - Started process (PID=19353) to work on /home/mahmoud/airflow/dags/first_dag.py
[2024-01-14T15:19:46.548+0200] {processor.py:830} INFO - Processing file /home/mahmoud/airflow/dags/first_dag.py for tasks to queue
[2024-01-14T15:19:46.549+0200] {logging_mixin.py:188} INFO - [2024-01-14T15:19:46.549+0200] {dagbag.py:538} INFO - Filling up the DagBag from /home/mahmoud/airflow/dags/first_dag.py
[2024-01-14T15:19:46.551+0200] {processor.py:842} WARNING - No viable dags retrieved from /home/mahmoud/airflow/dags/first_dag.py
[2024-01-14T15:19:46.561+0200] {processor.py:183} INFO - Processing /home/mahmoud/airflow/dags/first_dag.py took 0.016 seconds
[2024-01-14T15:20:42.410+0200] {processor.py:161} INFO - Started process (PID=19629) to work on /home/mahmoud/airflow/dags/first_dag.py
[2024-01-14T15:20:42.412+0200] {processor.py:830} INFO - Processing file /home/mahmoud/airflow/dags/first_dag.py for tasks to queue
[2024-01-14T15:20:42.413+0200] {logging_mixin.py:188} INFO - [2024-01-14T15:20:42.413+0200] {dagbag.py:538} INFO - Filling up the DagBag from /home/mahmoud/airflow/dags/first_dag.py
[2024-01-14T15:20:42.415+0200] {processor.py:842} WARNING - No viable dags retrieved from /home/mahmoud/airflow/dags/first_dag.py
[2024-01-14T15:20:42.427+0200] {processor.py:183} INFO - Processing /home/mahmoud/airflow/dags/first_dag.py took 0.022 seconds
[2024-01-14T15:21:22.346+0200] {processor.py:161} INFO - Started process (PID=19784) to work on /home/mahmoud/airflow/dags/first_dag.py
[2024-01-14T15:21:22.348+0200] {processor.py:830} INFO - Processing file /home/mahmoud/airflow/dags/first_dag.py for tasks to queue
[2024-01-14T15:21:22.349+0200] {logging_mixin.py:188} INFO - [2024-01-14T15:21:22.349+0200] {dagbag.py:538} INFO - Filling up the DagBag from /home/mahmoud/airflow/dags/first_dag.py
[2024-01-14T15:21:22.351+0200] {processor.py:842} WARNING - No viable dags retrieved from /home/mahmoud/airflow/dags/first_dag.py
[2024-01-14T15:21:22.361+0200] {processor.py:183} INFO - Processing /home/mahmoud/airflow/dags/first_dag.py took 0.018 seconds
[2024-01-14T15:22:01.287+0200] {processor.py:161} INFO - Started process (PID=19936) to work on /home/mahmoud/airflow/dags/first_dag.py
[2024-01-14T15:22:01.290+0200] {processor.py:830} INFO - Processing file /home/mahmoud/airflow/dags/first_dag.py for tasks to queue
[2024-01-14T15:22:01.292+0200] {logging_mixin.py:188} INFO - [2024-01-14T15:22:01.291+0200] {dagbag.py:538} INFO - Filling up the DagBag from /home/mahmoud/airflow/dags/first_dag.py
[2024-01-14T15:22:01.295+0200] {processor.py:842} WARNING - No viable dags retrieved from /home/mahmoud/airflow/dags/first_dag.py
[2024-01-14T15:22:01.308+0200] {processor.py:183} INFO - Processing /home/mahmoud/airflow/dags/first_dag.py took 0.026 seconds
[2024-01-14T15:22:37.409+0200] {processor.py:161} INFO - Started process (PID=20077) to work on /home/mahmoud/airflow/dags/first_dag.py
[2024-01-14T15:22:37.411+0200] {processor.py:830} INFO - Processing file /home/mahmoud/airflow/dags/first_dag.py for tasks to queue
[2024-01-14T15:22:37.412+0200] {logging_mixin.py:188} INFO - [2024-01-14T15:22:37.412+0200] {dagbag.py:538} INFO - Filling up the DagBag from /home/mahmoud/airflow/dags/first_dag.py
[2024-01-14T15:22:37.414+0200] {processor.py:842} WARNING - No viable dags retrieved from /home/mahmoud/airflow/dags/first_dag.py
[2024-01-14T15:22:37.423+0200] {processor.py:183} INFO - Processing /home/mahmoud/airflow/dags/first_dag.py took 0.017 seconds
[2024-01-14T15:23:18.893+0200] {processor.py:161} INFO - Started process (PID=20324) to work on /home/mahmoud/airflow/dags/first_dag.py
[2024-01-14T15:23:18.894+0200] {processor.py:830} INFO - Processing file /home/mahmoud/airflow/dags/first_dag.py for tasks to queue
[2024-01-14T15:23:18.895+0200] {logging_mixin.py:188} INFO - [2024-01-14T15:23:18.895+0200] {dagbag.py:538} INFO - Filling up the DagBag from /home/mahmoud/airflow/dags/first_dag.py
[2024-01-14T15:23:18.897+0200] {processor.py:842} WARNING - No viable dags retrieved from /home/mahmoud/airflow/dags/first_dag.py
[2024-01-14T15:23:18.907+0200] {processor.py:183} INFO - Processing /home/mahmoud/airflow/dags/first_dag.py took 0.017 seconds
[2024-01-14T15:37:39.939+0200] {processor.py:161} INFO - Started process (PID=24359) to work on /home/mahmoud/airflow/dags/first_dag.py
[2024-01-14T15:37:39.940+0200] {processor.py:830} INFO - Processing file /home/mahmoud/airflow/dags/first_dag.py for tasks to queue
[2024-01-14T15:37:39.941+0200] {logging_mixin.py:188} INFO - [2024-01-14T15:37:39.941+0200] {dagbag.py:538} INFO - Filling up the DagBag from /home/mahmoud/airflow/dags/first_dag.py
[2024-01-14T15:37:39.943+0200] {processor.py:842} WARNING - No viable dags retrieved from /home/mahmoud/airflow/dags/first_dag.py
[2024-01-14T15:37:39.956+0200] {processor.py:183} INFO - Processing /home/mahmoud/airflow/dags/first_dag.py took 0.020 seconds
[2024-01-14T15:38:33.485+0200] {processor.py:161} INFO - Started process (PID=24808) to work on /home/mahmoud/airflow/dags/first_dag.py
[2024-01-14T15:38:33.488+0200] {processor.py:830} INFO - Processing file /home/mahmoud/airflow/dags/first_dag.py for tasks to queue
[2024-01-14T15:38:33.489+0200] {logging_mixin.py:188} INFO - [2024-01-14T15:38:33.489+0200] {dagbag.py:538} INFO - Filling up the DagBag from /home/mahmoud/airflow/dags/first_dag.py
[2024-01-14T15:38:33.492+0200] {processor.py:842} WARNING - No viable dags retrieved from /home/mahmoud/airflow/dags/first_dag.py
[2024-01-14T15:38:33.504+0200] {processor.py:183} INFO - Processing /home/mahmoud/airflow/dags/first_dag.py took 0.026 seconds
[2024-01-14T15:39:11.472+0200] {processor.py:161} INFO - Started process (PID=25100) to work on /home/mahmoud/airflow/dags/first_dag.py
[2024-01-14T15:39:11.474+0200] {processor.py:830} INFO - Processing file /home/mahmoud/airflow/dags/first_dag.py for tasks to queue
[2024-01-14T15:39:11.475+0200] {logging_mixin.py:188} INFO - [2024-01-14T15:39:11.475+0200] {dagbag.py:538} INFO - Filling up the DagBag from /home/mahmoud/airflow/dags/first_dag.py
[2024-01-14T15:39:11.476+0200] {processor.py:842} WARNING - No viable dags retrieved from /home/mahmoud/airflow/dags/first_dag.py
[2024-01-14T15:39:11.485+0200] {processor.py:183} INFO - Processing /home/mahmoud/airflow/dags/first_dag.py took 0.016 seconds
[2024-01-14T15:39:45.721+0200] {processor.py:161} INFO - Started process (PID=25239) to work on /home/mahmoud/airflow/dags/first_dag.py
[2024-01-14T15:39:45.722+0200] {processor.py:830} INFO - Processing file /home/mahmoud/airflow/dags/first_dag.py for tasks to queue
[2024-01-14T15:39:45.723+0200] {logging_mixin.py:188} INFO - [2024-01-14T15:39:45.723+0200] {dagbag.py:538} INFO - Filling up the DagBag from /home/mahmoud/airflow/dags/first_dag.py
[2024-01-14T15:39:45.725+0200] {processor.py:842} WARNING - No viable dags retrieved from /home/mahmoud/airflow/dags/first_dag.py
[2024-01-14T15:39:45.732+0200] {processor.py:183} INFO - Processing /home/mahmoud/airflow/dags/first_dag.py took 0.015 seconds
[2024-01-14T15:40:19.501+0200] {processor.py:161} INFO - Started process (PID=25369) to work on /home/mahmoud/airflow/dags/first_dag.py
[2024-01-14T15:40:19.501+0200] {processor.py:830} INFO - Processing file /home/mahmoud/airflow/dags/first_dag.py for tasks to queue
[2024-01-14T15:40:19.502+0200] {logging_mixin.py:188} INFO - [2024-01-14T15:40:19.502+0200] {dagbag.py:538} INFO - Filling up the DagBag from /home/mahmoud/airflow/dags/first_dag.py
[2024-01-14T15:40:19.505+0200] {processor.py:842} WARNING - No viable dags retrieved from /home/mahmoud/airflow/dags/first_dag.py
[2024-01-14T15:40:19.515+0200] {processor.py:183} INFO - Processing /home/mahmoud/airflow/dags/first_dag.py took 0.018 seconds
[2024-01-14T15:40:58.462+0200] {processor.py:161} INFO - Started process (PID=25522) to work on /home/mahmoud/airflow/dags/first_dag.py
[2024-01-14T15:40:58.464+0200] {processor.py:830} INFO - Processing file /home/mahmoud/airflow/dags/first_dag.py for tasks to queue
[2024-01-14T15:40:58.465+0200] {logging_mixin.py:188} INFO - [2024-01-14T15:40:58.464+0200] {dagbag.py:538} INFO - Filling up the DagBag from /home/mahmoud/airflow/dags/first_dag.py
[2024-01-14T15:40:58.466+0200] {processor.py:842} WARNING - No viable dags retrieved from /home/mahmoud/airflow/dags/first_dag.py
[2024-01-14T15:40:58.474+0200] {processor.py:183} INFO - Processing /home/mahmoud/airflow/dags/first_dag.py took 0.014 seconds
[2024-01-14T15:41:32.685+0200] {processor.py:161} INFO - Started process (PID=25723) to work on /home/mahmoud/airflow/dags/first_dag.py
[2024-01-14T15:41:32.686+0200] {processor.py:830} INFO - Processing file /home/mahmoud/airflow/dags/first_dag.py for tasks to queue
[2024-01-14T15:41:32.687+0200] {logging_mixin.py:188} INFO - [2024-01-14T15:41:32.687+0200] {dagbag.py:538} INFO - Filling up the DagBag from /home/mahmoud/airflow/dags/first_dag.py
[2024-01-14T15:41:32.690+0200] {processor.py:842} WARNING - No viable dags retrieved from /home/mahmoud/airflow/dags/first_dag.py
[2024-01-14T15:41:32.700+0200] {processor.py:183} INFO - Processing /home/mahmoud/airflow/dags/first_dag.py took 0.019 seconds
[2024-01-14T15:42:07.580+0200] {processor.py:161} INFO - Started process (PID=25861) to work on /home/mahmoud/airflow/dags/first_dag.py
[2024-01-14T15:42:07.581+0200] {processor.py:830} INFO - Processing file /home/mahmoud/airflow/dags/first_dag.py for tasks to queue
[2024-01-14T15:42:07.582+0200] {logging_mixin.py:188} INFO - [2024-01-14T15:42:07.582+0200] {dagbag.py:538} INFO - Filling up the DagBag from /home/mahmoud/airflow/dags/first_dag.py
[2024-01-14T15:42:07.583+0200] {processor.py:842} WARNING - No viable dags retrieved from /home/mahmoud/airflow/dags/first_dag.py
[2024-01-14T15:42:07.593+0200] {processor.py:183} INFO - Processing /home/mahmoud/airflow/dags/first_dag.py took 0.015 seconds
[2024-01-14T15:43:01.324+0200] {processor.py:161} INFO - Started process (PID=26484) to work on /home/mahmoud/airflow/dags/first_dag.py
[2024-01-14T15:43:01.325+0200] {processor.py:830} INFO - Processing file /home/mahmoud/airflow/dags/first_dag.py for tasks to queue
[2024-01-14T15:43:01.326+0200] {logging_mixin.py:188} INFO - [2024-01-14T15:43:01.326+0200] {dagbag.py:538} INFO - Filling up the DagBag from /home/mahmoud/airflow/dags/first_dag.py
[2024-01-14T15:43:01.328+0200] {processor.py:842} WARNING - No viable dags retrieved from /home/mahmoud/airflow/dags/first_dag.py
[2024-01-14T15:43:01.338+0200] {processor.py:183} INFO - Processing /home/mahmoud/airflow/dags/first_dag.py took 0.017 seconds
[2024-01-14T15:43:38.475+0200] {processor.py:161} INFO - Started process (PID=26779) to work on /home/mahmoud/airflow/dags/first_dag.py
[2024-01-14T15:43:38.477+0200] {processor.py:830} INFO - Processing file /home/mahmoud/airflow/dags/first_dag.py for tasks to queue
[2024-01-14T15:43:38.478+0200] {logging_mixin.py:188} INFO - [2024-01-14T15:43:38.478+0200] {dagbag.py:538} INFO - Filling up the DagBag from /home/mahmoud/airflow/dags/first_dag.py
[2024-01-14T15:43:38.481+0200] {processor.py:842} WARNING - No viable dags retrieved from /home/mahmoud/airflow/dags/first_dag.py
[2024-01-14T15:43:38.492+0200] {processor.py:183} INFO - Processing /home/mahmoud/airflow/dags/first_dag.py took 0.022 seconds
[2024-01-14T15:44:16.825+0200] {processor.py:161} INFO - Started process (PID=27109) to work on /home/mahmoud/airflow/dags/first_dag.py
[2024-01-14T15:44:16.826+0200] {processor.py:830} INFO - Processing file /home/mahmoud/airflow/dags/first_dag.py for tasks to queue
[2024-01-14T15:44:16.827+0200] {logging_mixin.py:188} INFO - [2024-01-14T15:44:16.827+0200] {dagbag.py:538} INFO - Filling up the DagBag from /home/mahmoud/airflow/dags/first_dag.py
[2024-01-14T15:44:16.828+0200] {processor.py:842} WARNING - No viable dags retrieved from /home/mahmoud/airflow/dags/first_dag.py
[2024-01-14T15:44:16.837+0200] {processor.py:183} INFO - Processing /home/mahmoud/airflow/dags/first_dag.py took 0.014 seconds
[2024-01-14T15:45:10.099+0200] {processor.py:161} INFO - Started process (PID=27720) to work on /home/mahmoud/airflow/dags/first_dag.py
[2024-01-14T15:45:10.100+0200] {processor.py:830} INFO - Processing file /home/mahmoud/airflow/dags/first_dag.py for tasks to queue
[2024-01-14T15:45:10.101+0200] {logging_mixin.py:188} INFO - [2024-01-14T15:45:10.101+0200] {dagbag.py:538} INFO - Filling up the DagBag from /home/mahmoud/airflow/dags/first_dag.py
[2024-01-14T15:45:10.102+0200] {processor.py:842} WARNING - No viable dags retrieved from /home/mahmoud/airflow/dags/first_dag.py
[2024-01-14T15:45:10.112+0200] {processor.py:183} INFO - Processing /home/mahmoud/airflow/dags/first_dag.py took 0.015 seconds
[2024-01-14T15:45:44.632+0200] {processor.py:161} INFO - Started process (PID=27859) to work on /home/mahmoud/airflow/dags/first_dag.py
[2024-01-14T15:45:44.634+0200] {processor.py:830} INFO - Processing file /home/mahmoud/airflow/dags/first_dag.py for tasks to queue
[2024-01-14T15:45:44.634+0200] {logging_mixin.py:188} INFO - [2024-01-14T15:45:44.634+0200] {dagbag.py:538} INFO - Filling up the DagBag from /home/mahmoud/airflow/dags/first_dag.py
[2024-01-14T15:45:44.636+0200] {processor.py:842} WARNING - No viable dags retrieved from /home/mahmoud/airflow/dags/first_dag.py
[2024-01-14T15:45:44.646+0200] {processor.py:183} INFO - Processing /home/mahmoud/airflow/dags/first_dag.py took 0.017 seconds
[2024-01-14T15:46:20.526+0200] {processor.py:161} INFO - Started process (PID=28002) to work on /home/mahmoud/airflow/dags/first_dag.py
[2024-01-14T15:46:20.528+0200] {processor.py:830} INFO - Processing file /home/mahmoud/airflow/dags/first_dag.py for tasks to queue
[2024-01-14T15:46:20.529+0200] {logging_mixin.py:188} INFO - [2024-01-14T15:46:20.529+0200] {dagbag.py:538} INFO - Filling up the DagBag from /home/mahmoud/airflow/dags/first_dag.py
[2024-01-14T15:46:20.531+0200] {processor.py:842} WARNING - No viable dags retrieved from /home/mahmoud/airflow/dags/first_dag.py
[2024-01-14T15:46:20.538+0200] {processor.py:183} INFO - Processing /home/mahmoud/airflow/dags/first_dag.py took 0.015 seconds
[2024-01-14T15:46:56.628+0200] {processor.py:161} INFO - Started process (PID=28142) to work on /home/mahmoud/airflow/dags/first_dag.py
[2024-01-14T15:46:56.630+0200] {processor.py:830} INFO - Processing file /home/mahmoud/airflow/dags/first_dag.py for tasks to queue
[2024-01-14T15:46:56.631+0200] {logging_mixin.py:188} INFO - [2024-01-14T15:46:56.630+0200] {dagbag.py:538} INFO - Filling up the DagBag from /home/mahmoud/airflow/dags/first_dag.py
[2024-01-14T15:46:56.632+0200] {processor.py:842} WARNING - No viable dags retrieved from /home/mahmoud/airflow/dags/first_dag.py
[2024-01-14T15:46:56.640+0200] {processor.py:183} INFO - Processing /home/mahmoud/airflow/dags/first_dag.py took 0.014 seconds
[2024-01-14T15:47:32.713+0200] {processor.py:161} INFO - Started process (PID=28353) to work on /home/mahmoud/airflow/dags/first_dag.py
[2024-01-14T15:47:32.715+0200] {processor.py:830} INFO - Processing file /home/mahmoud/airflow/dags/first_dag.py for tasks to queue
[2024-01-14T15:47:32.717+0200] {logging_mixin.py:188} INFO - [2024-01-14T15:47:32.716+0200] {dagbag.py:538} INFO - Filling up the DagBag from /home/mahmoud/airflow/dags/first_dag.py
[2024-01-14T15:47:32.720+0200] {processor.py:842} WARNING - No viable dags retrieved from /home/mahmoud/airflow/dags/first_dag.py
[2024-01-14T15:47:32.734+0200] {processor.py:183} INFO - Processing /home/mahmoud/airflow/dags/first_dag.py took 0.028 seconds
[2024-01-14T15:48:06.644+0200] {processor.py:161} INFO - Started process (PID=28512) to work on /home/mahmoud/airflow/dags/first_dag.py
[2024-01-14T15:48:06.648+0200] {processor.py:830} INFO - Processing file /home/mahmoud/airflow/dags/first_dag.py for tasks to queue
[2024-01-14T15:48:06.650+0200] {logging_mixin.py:188} INFO - [2024-01-14T15:48:06.649+0200] {dagbag.py:538} INFO - Filling up the DagBag from /home/mahmoud/airflow/dags/first_dag.py
[2024-01-14T15:48:06.654+0200] {processor.py:842} WARNING - No viable dags retrieved from /home/mahmoud/airflow/dags/first_dag.py
[2024-01-14T15:48:06.672+0200] {processor.py:183} INFO - Processing /home/mahmoud/airflow/dags/first_dag.py took 0.038 seconds
[2024-01-14T15:48:42.580+0200] {processor.py:161} INFO - Started process (PID=28656) to work on /home/mahmoud/airflow/dags/first_dag.py
[2024-01-14T15:48:42.582+0200] {processor.py:830} INFO - Processing file /home/mahmoud/airflow/dags/first_dag.py for tasks to queue
[2024-01-14T15:48:42.583+0200] {logging_mixin.py:188} INFO - [2024-01-14T15:48:42.583+0200] {dagbag.py:538} INFO - Filling up the DagBag from /home/mahmoud/airflow/dags/first_dag.py
[2024-01-14T15:48:42.586+0200] {processor.py:842} WARNING - No viable dags retrieved from /home/mahmoud/airflow/dags/first_dag.py
[2024-01-14T15:48:42.595+0200] {processor.py:183} INFO - Processing /home/mahmoud/airflow/dags/first_dag.py took 0.018 seconds
[2024-01-14T15:49:18.593+0200] {processor.py:161} INFO - Started process (PID=28795) to work on /home/mahmoud/airflow/dags/first_dag.py
[2024-01-14T15:49:18.594+0200] {processor.py:830} INFO - Processing file /home/mahmoud/airflow/dags/first_dag.py for tasks to queue
[2024-01-14T15:49:18.595+0200] {logging_mixin.py:188} INFO - [2024-01-14T15:49:18.594+0200] {dagbag.py:538} INFO - Filling up the DagBag from /home/mahmoud/airflow/dags/first_dag.py
[2024-01-14T15:49:18.596+0200] {processor.py:842} WARNING - No viable dags retrieved from /home/mahmoud/airflow/dags/first_dag.py
[2024-01-14T15:49:18.606+0200] {processor.py:183} INFO - Processing /home/mahmoud/airflow/dags/first_dag.py took 0.016 seconds
[2024-01-14T15:49:54.038+0200] {processor.py:161} INFO - Started process (PID=28935) to work on /home/mahmoud/airflow/dags/first_dag.py
[2024-01-14T15:49:54.040+0200] {processor.py:830} INFO - Processing file /home/mahmoud/airflow/dags/first_dag.py for tasks to queue
[2024-01-14T15:49:54.042+0200] {logging_mixin.py:188} INFO - [2024-01-14T15:49:54.041+0200] {dagbag.py:538} INFO - Filling up the DagBag from /home/mahmoud/airflow/dags/first_dag.py
[2024-01-14T15:49:54.045+0200] {processor.py:842} WARNING - No viable dags retrieved from /home/mahmoud/airflow/dags/first_dag.py
[2024-01-14T15:49:54.057+0200] {processor.py:183} INFO - Processing /home/mahmoud/airflow/dags/first_dag.py took 0.025 seconds
[2024-01-14T15:50:27.956+0200] {processor.py:161} INFO - Started process (PID=29072) to work on /home/mahmoud/airflow/dags/first_dag.py
[2024-01-14T15:50:27.958+0200] {processor.py:830} INFO - Processing file /home/mahmoud/airflow/dags/first_dag.py for tasks to queue
[2024-01-14T15:50:27.959+0200] {logging_mixin.py:188} INFO - [2024-01-14T15:50:27.958+0200] {dagbag.py:538} INFO - Filling up the DagBag from /home/mahmoud/airflow/dags/first_dag.py
[2024-01-14T15:50:27.961+0200] {processor.py:842} WARNING - No viable dags retrieved from /home/mahmoud/airflow/dags/first_dag.py
[2024-01-14T15:50:27.970+0200] {processor.py:183} INFO - Processing /home/mahmoud/airflow/dags/first_dag.py took 0.017 seconds
[2024-01-14T15:51:02.973+0200] {processor.py:161} INFO - Started process (PID=29210) to work on /home/mahmoud/airflow/dags/first_dag.py
[2024-01-14T15:51:02.975+0200] {processor.py:830} INFO - Processing file /home/mahmoud/airflow/dags/first_dag.py for tasks to queue
[2024-01-14T15:51:02.976+0200] {logging_mixin.py:188} INFO - [2024-01-14T15:51:02.976+0200] {dagbag.py:538} INFO - Filling up the DagBag from /home/mahmoud/airflow/dags/first_dag.py
[2024-01-14T15:51:02.978+0200] {processor.py:842} WARNING - No viable dags retrieved from /home/mahmoud/airflow/dags/first_dag.py
[2024-01-14T15:51:02.988+0200] {processor.py:183} INFO - Processing /home/mahmoud/airflow/dags/first_dag.py took 0.017 seconds
[2024-01-14T15:51:37.509+0200] {processor.py:161} INFO - Started process (PID=29342) to work on /home/mahmoud/airflow/dags/first_dag.py
[2024-01-14T15:51:37.511+0200] {processor.py:830} INFO - Processing file /home/mahmoud/airflow/dags/first_dag.py for tasks to queue
[2024-01-14T15:51:37.512+0200] {logging_mixin.py:188} INFO - [2024-01-14T15:51:37.511+0200] {dagbag.py:538} INFO - Filling up the DagBag from /home/mahmoud/airflow/dags/first_dag.py
[2024-01-14T15:51:37.514+0200] {processor.py:842} WARNING - No viable dags retrieved from /home/mahmoud/airflow/dags/first_dag.py
[2024-01-14T15:51:37.522+0200] {processor.py:183} INFO - Processing /home/mahmoud/airflow/dags/first_dag.py took 0.016 seconds
[2024-01-14T15:52:12.844+0200] {processor.py:161} INFO - Started process (PID=29487) to work on /home/mahmoud/airflow/dags/first_dag.py
[2024-01-14T15:52:12.846+0200] {processor.py:830} INFO - Processing file /home/mahmoud/airflow/dags/first_dag.py for tasks to queue
[2024-01-14T15:52:12.847+0200] {logging_mixin.py:188} INFO - [2024-01-14T15:52:12.846+0200] {dagbag.py:538} INFO - Filling up the DagBag from /home/mahmoud/airflow/dags/first_dag.py
[2024-01-14T15:52:12.849+0200] {processor.py:842} WARNING - No viable dags retrieved from /home/mahmoud/airflow/dags/first_dag.py
[2024-01-14T15:52:12.857+0200] {processor.py:183} INFO - Processing /home/mahmoud/airflow/dags/first_dag.py took 0.016 seconds
[2024-01-14T15:52:45.980+0200] {processor.py:161} INFO - Started process (PID=29645) to work on /home/mahmoud/airflow/dags/first_dag.py
[2024-01-14T15:52:45.982+0200] {processor.py:830} INFO - Processing file /home/mahmoud/airflow/dags/first_dag.py for tasks to queue
[2024-01-14T15:52:45.983+0200] {logging_mixin.py:188} INFO - [2024-01-14T15:52:45.983+0200] {dagbag.py:538} INFO - Filling up the DagBag from /home/mahmoud/airflow/dags/first_dag.py
[2024-01-14T15:52:45.985+0200] {processor.py:842} WARNING - No viable dags retrieved from /home/mahmoud/airflow/dags/first_dag.py
[2024-01-14T15:52:45.994+0200] {processor.py:183} INFO - Processing /home/mahmoud/airflow/dags/first_dag.py took 0.017 seconds
[2024-01-14T15:53:19.711+0200] {processor.py:161} INFO - Started process (PID=29778) to work on /home/mahmoud/airflow/dags/first_dag.py
[2024-01-14T15:53:19.713+0200] {processor.py:830} INFO - Processing file /home/mahmoud/airflow/dags/first_dag.py for tasks to queue
[2024-01-14T15:53:19.714+0200] {logging_mixin.py:188} INFO - [2024-01-14T15:53:19.714+0200] {dagbag.py:538} INFO - Filling up the DagBag from /home/mahmoud/airflow/dags/first_dag.py
[2024-01-14T15:53:19.716+0200] {processor.py:842} WARNING - No viable dags retrieved from /home/mahmoud/airflow/dags/first_dag.py
[2024-01-14T15:53:19.725+0200] {processor.py:183} INFO - Processing /home/mahmoud/airflow/dags/first_dag.py took 0.017 seconds
[2024-01-14T15:53:59.326+0200] {processor.py:161} INFO - Started process (PID=29930) to work on /home/mahmoud/airflow/dags/first_dag.py
[2024-01-14T15:53:59.334+0200] {processor.py:830} INFO - Processing file /home/mahmoud/airflow/dags/first_dag.py for tasks to queue
[2024-01-14T15:53:59.341+0200] {logging_mixin.py:188} INFO - [2024-01-14T15:53:59.338+0200] {dagbag.py:538} INFO - Filling up the DagBag from /home/mahmoud/airflow/dags/first_dag.py
[2024-01-14T15:53:59.358+0200] {processor.py:842} WARNING - No viable dags retrieved from /home/mahmoud/airflow/dags/first_dag.py
[2024-01-14T15:53:59.441+0200] {processor.py:183} INFO - Processing /home/mahmoud/airflow/dags/first_dag.py took 0.140 seconds
[2024-01-14T15:54:30.262+0200] {processor.py:161} INFO - Started process (PID=30030) to work on /home/mahmoud/airflow/dags/first_dag.py
[2024-01-14T15:54:30.266+0200] {processor.py:830} INFO - Processing file /home/mahmoud/airflow/dags/first_dag.py for tasks to queue
[2024-01-14T15:54:30.268+0200] {logging_mixin.py:188} INFO - [2024-01-14T15:54:30.267+0200] {dagbag.py:538} INFO - Filling up the DagBag from /home/mahmoud/airflow/dags/first_dag.py
[2024-01-14T15:54:30.274+0200] {processor.py:842} WARNING - No viable dags retrieved from /home/mahmoud/airflow/dags/first_dag.py
[2024-01-14T15:54:30.304+0200] {processor.py:183} INFO - Processing /home/mahmoud/airflow/dags/first_dag.py took 0.051 seconds
[2024-01-14T15:55:08.054+0200] {processor.py:161} INFO - Started process (PID=30160) to work on /home/mahmoud/airflow/dags/first_dag.py
[2024-01-14T15:55:08.058+0200] {processor.py:830} INFO - Processing file /home/mahmoud/airflow/dags/first_dag.py for tasks to queue
[2024-01-14T15:55:08.061+0200] {logging_mixin.py:188} INFO - [2024-01-14T15:55:08.060+0200] {dagbag.py:538} INFO - Filling up the DagBag from /home/mahmoud/airflow/dags/first_dag.py
[2024-01-14T15:55:08.069+0200] {processor.py:842} WARNING - No viable dags retrieved from /home/mahmoud/airflow/dags/first_dag.py
[2024-01-14T15:55:08.109+0200] {processor.py:183} INFO - Processing /home/mahmoud/airflow/dags/first_dag.py took 0.066 seconds
[2024-01-14T15:55:42.225+0200] {processor.py:161} INFO - Started process (PID=30278) to work on /home/mahmoud/airflow/dags/first_dag.py
[2024-01-14T15:55:42.228+0200] {processor.py:830} INFO - Processing file /home/mahmoud/airflow/dags/first_dag.py for tasks to queue
[2024-01-14T15:55:42.231+0200] {logging_mixin.py:188} INFO - [2024-01-14T15:55:42.230+0200] {dagbag.py:538} INFO - Filling up the DagBag from /home/mahmoud/airflow/dags/first_dag.py
[2024-01-14T15:55:42.236+0200] {processor.py:842} WARNING - No viable dags retrieved from /home/mahmoud/airflow/dags/first_dag.py
[2024-01-14T15:55:42.264+0200] {processor.py:183} INFO - Processing /home/mahmoud/airflow/dags/first_dag.py took 0.048 seconds
[2024-01-14T15:56:12.477+0200] {processor.py:161} INFO - Started process (PID=30387) to work on /home/mahmoud/airflow/dags/first_dag.py
[2024-01-14T15:56:12.479+0200] {processor.py:830} INFO - Processing file /home/mahmoud/airflow/dags/first_dag.py for tasks to queue
[2024-01-14T15:56:12.482+0200] {logging_mixin.py:188} INFO - [2024-01-14T15:56:12.481+0200] {dagbag.py:538} INFO - Filling up the DagBag from /home/mahmoud/airflow/dags/first_dag.py
[2024-01-14T15:56:12.488+0200] {processor.py:842} WARNING - No viable dags retrieved from /home/mahmoud/airflow/dags/first_dag.py
[2024-01-14T15:56:12.517+0200] {processor.py:183} INFO - Processing /home/mahmoud/airflow/dags/first_dag.py took 0.049 seconds
[2024-01-14T15:57:10.285+0200] {processor.py:161} INFO - Started process (PID=30592) to work on /home/mahmoud/airflow/dags/first_dag.py
[2024-01-14T15:57:10.288+0200] {processor.py:830} INFO - Processing file /home/mahmoud/airflow/dags/first_dag.py for tasks to queue
[2024-01-14T15:57:10.291+0200] {logging_mixin.py:188} INFO - [2024-01-14T15:57:10.290+0200] {dagbag.py:538} INFO - Filling up the DagBag from /home/mahmoud/airflow/dags/first_dag.py
[2024-01-14T15:57:10.297+0200] {processor.py:842} WARNING - No viable dags retrieved from /home/mahmoud/airflow/dags/first_dag.py
[2024-01-14T15:57:10.327+0200] {processor.py:183} INFO - Processing /home/mahmoud/airflow/dags/first_dag.py took 0.051 seconds
[2024-01-14T15:58:01.857+0200] {processor.py:161} INFO - Started process (PID=30828) to work on /home/mahmoud/airflow/dags/first_dag.py
[2024-01-14T15:58:01.859+0200] {processor.py:830} INFO - Processing file /home/mahmoud/airflow/dags/first_dag.py for tasks to queue
[2024-01-14T15:58:01.860+0200] {logging_mixin.py:188} INFO - [2024-01-14T15:58:01.859+0200] {dagbag.py:538} INFO - Filling up the DagBag from /home/mahmoud/airflow/dags/first_dag.py
[2024-01-14T15:58:01.861+0200] {processor.py:842} WARNING - No viable dags retrieved from /home/mahmoud/airflow/dags/first_dag.py
[2024-01-14T15:58:01.870+0200] {processor.py:183} INFO - Processing /home/mahmoud/airflow/dags/first_dag.py took 0.015 seconds
[2024-01-14T16:00:34.922+0200] {processor.py:161} INFO - Started process (PID=32929) to work on /home/mahmoud/airflow/dags/first_dag.py
[2024-01-14T16:00:34.923+0200] {processor.py:830} INFO - Processing file /home/mahmoud/airflow/dags/first_dag.py for tasks to queue
[2024-01-14T16:00:34.924+0200] {logging_mixin.py:188} INFO - [2024-01-14T16:00:34.924+0200] {dagbag.py:538} INFO - Filling up the DagBag from /home/mahmoud/airflow/dags/first_dag.py
[2024-01-14T16:00:34.926+0200] {processor.py:842} WARNING - No viable dags retrieved from /home/mahmoud/airflow/dags/first_dag.py
[2024-01-14T16:00:34.936+0200] {processor.py:183} INFO - Processing /home/mahmoud/airflow/dags/first_dag.py took 0.018 seconds
[2024-01-14T16:01:05.290+0200] {processor.py:161} INFO - Started process (PID=33167) to work on /home/mahmoud/airflow/dags/first_dag.py
[2024-01-14T16:01:05.292+0200] {processor.py:830} INFO - Processing file /home/mahmoud/airflow/dags/first_dag.py for tasks to queue
[2024-01-14T16:01:05.294+0200] {logging_mixin.py:188} INFO - [2024-01-14T16:01:05.293+0200] {dagbag.py:538} INFO - Filling up the DagBag from /home/mahmoud/airflow/dags/first_dag.py
[2024-01-14T16:01:05.297+0200] {processor.py:842} WARNING - No viable dags retrieved from /home/mahmoud/airflow/dags/first_dag.py
[2024-01-14T16:01:05.311+0200] {processor.py:183} INFO - Processing /home/mahmoud/airflow/dags/first_dag.py took 0.029 seconds
[2024-01-14T16:01:35.694+0200] {processor.py:161} INFO - Started process (PID=33321) to work on /home/mahmoud/airflow/dags/first_dag.py
[2024-01-14T16:01:35.695+0200] {processor.py:830} INFO - Processing file /home/mahmoud/airflow/dags/first_dag.py for tasks to queue
[2024-01-14T16:01:35.696+0200] {logging_mixin.py:188} INFO - [2024-01-14T16:01:35.696+0200] {dagbag.py:538} INFO - Filling up the DagBag from /home/mahmoud/airflow/dags/first_dag.py
[2024-01-14T16:01:35.698+0200] {processor.py:842} WARNING - No viable dags retrieved from /home/mahmoud/airflow/dags/first_dag.py
[2024-01-14T16:01:35.706+0200] {processor.py:183} INFO - Processing /home/mahmoud/airflow/dags/first_dag.py took 0.014 seconds
[2024-01-14T16:02:06.143+0200] {processor.py:161} INFO - Started process (PID=33412) to work on /home/mahmoud/airflow/dags/first_dag.py
[2024-01-14T16:02:06.145+0200] {processor.py:830} INFO - Processing file /home/mahmoud/airflow/dags/first_dag.py for tasks to queue
[2024-01-14T16:02:06.145+0200] {logging_mixin.py:188} INFO - [2024-01-14T16:02:06.145+0200] {dagbag.py:538} INFO - Filling up the DagBag from /home/mahmoud/airflow/dags/first_dag.py
[2024-01-14T16:02:06.147+0200] {processor.py:842} WARNING - No viable dags retrieved from /home/mahmoud/airflow/dags/first_dag.py
[2024-01-14T16:02:06.155+0200] {processor.py:183} INFO - Processing /home/mahmoud/airflow/dags/first_dag.py took 0.014 seconds
[2024-01-14T16:07:20.925+0200] {processor.py:161} INFO - Started process (PID=34689) to work on /home/mahmoud/airflow/dags/first_dag.py
[2024-01-14T16:07:20.927+0200] {processor.py:830} INFO - Processing file /home/mahmoud/airflow/dags/first_dag.py for tasks to queue
[2024-01-14T16:07:20.928+0200] {logging_mixin.py:188} INFO - [2024-01-14T16:07:20.927+0200] {dagbag.py:538} INFO - Filling up the DagBag from /home/mahmoud/airflow/dags/first_dag.py
[2024-01-14T16:07:20.931+0200] {logging_mixin.py:188} INFO - [2024-01-14T16:07:20.930+0200] {dagbag.py:348} ERROR - Failed to import: /home/mahmoud/airflow/dags/first_dag.py
Traceback (most recent call last):
  File "/home/mahmoud/airflow_env/lib/python3.10/site-packages/airflow/models/dagbag.py", line 344, in parse
    loader.exec_module(new_module)
  File "<frozen importlib._bootstrap_external>", line 883, in exec_module
  File "<frozen importlib._bootstrap>", line 241, in _call_with_frames_removed
  File "/home/mahmoud/airflow/dags/first_dag.py", line 9, in <module>
    with DAG(
TypeError: DAG.__init__() got an unexpected keyword argument 'scedule_interval'
[2024-01-14T16:07:20.931+0200] {processor.py:842} WARNING - No viable dags retrieved from /home/mahmoud/airflow/dags/first_dag.py
[2024-01-14T16:07:20.949+0200] {processor.py:183} INFO - Processing /home/mahmoud/airflow/dags/first_dag.py took 0.026 seconds
[2024-01-14T16:07:51.303+0200] {processor.py:161} INFO - Started process (PID=34894) to work on /home/mahmoud/airflow/dags/first_dag.py
[2024-01-14T16:07:51.304+0200] {processor.py:830} INFO - Processing file /home/mahmoud/airflow/dags/first_dag.py for tasks to queue
[2024-01-14T16:07:51.305+0200] {logging_mixin.py:188} INFO - [2024-01-14T16:07:51.305+0200] {dagbag.py:538} INFO - Filling up the DagBag from /home/mahmoud/airflow/dags/first_dag.py
[2024-01-14T16:07:51.308+0200] {logging_mixin.py:188} INFO - [2024-01-14T16:07:51.307+0200] {dagbag.py:348} ERROR - Failed to import: /home/mahmoud/airflow/dags/first_dag.py
Traceback (most recent call last):
  File "/home/mahmoud/airflow_env/lib/python3.10/site-packages/airflow/models/dagbag.py", line 344, in parse
    loader.exec_module(new_module)
  File "<frozen importlib._bootstrap_external>", line 883, in exec_module
  File "<frozen importlib._bootstrap>", line 241, in _call_with_frames_removed
  File "/home/mahmoud/airflow/dags/first_dag.py", line 9, in <module>
    with DAG(
TypeError: DAG.__init__() got an unexpected keyword argument 'scedule_interval'
[2024-01-14T16:07:51.309+0200] {processor.py:842} WARNING - No viable dags retrieved from /home/mahmoud/airflow/dags/first_dag.py
[2024-01-14T16:07:51.380+0200] {processor.py:183} INFO - Processing /home/mahmoud/airflow/dags/first_dag.py took 0.082 seconds
[2024-01-14T16:08:21.805+0200] {processor.py:161} INFO - Started process (PID=34979) to work on /home/mahmoud/airflow/dags/first_dag.py
[2024-01-14T16:08:21.807+0200] {processor.py:830} INFO - Processing file /home/mahmoud/airflow/dags/first_dag.py for tasks to queue
[2024-01-14T16:08:21.808+0200] {logging_mixin.py:188} INFO - [2024-01-14T16:08:21.808+0200] {dagbag.py:538} INFO - Filling up the DagBag from /home/mahmoud/airflow/dags/first_dag.py
[2024-01-14T16:08:21.812+0200] {logging_mixin.py:188} INFO - [2024-01-14T16:08:21.810+0200] {dagbag.py:348} ERROR - Failed to import: /home/mahmoud/airflow/dags/first_dag.py
Traceback (most recent call last):
  File "/home/mahmoud/airflow_env/lib/python3.10/site-packages/airflow/models/dagbag.py", line 344, in parse
    loader.exec_module(new_module)
  File "<frozen importlib._bootstrap_external>", line 883, in exec_module
  File "<frozen importlib._bootstrap>", line 241, in _call_with_frames_removed
  File "/home/mahmoud/airflow/dags/first_dag.py", line 9, in <module>
    with DAG(
TypeError: DAG.__init__() got an unexpected keyword argument 'scedule_interval'
[2024-01-14T16:08:21.813+0200] {processor.py:842} WARNING - No viable dags retrieved from /home/mahmoud/airflow/dags/first_dag.py
[2024-01-14T16:08:21.836+0200] {processor.py:183} INFO - Processing /home/mahmoud/airflow/dags/first_dag.py took 0.034 seconds
[2024-01-14T16:08:46.346+0200] {processor.py:161} INFO - Started process (PID=35052) to work on /home/mahmoud/airflow/dags/first_dag.py
[2024-01-14T16:08:46.349+0200] {processor.py:830} INFO - Processing file /home/mahmoud/airflow/dags/first_dag.py for tasks to queue
[2024-01-14T16:08:46.351+0200] {logging_mixin.py:188} INFO - [2024-01-14T16:08:46.350+0200] {dagbag.py:538} INFO - Filling up the DagBag from /home/mahmoud/airflow/dags/first_dag.py
[2024-01-14T16:08:46.366+0200] {logging_mixin.py:188} INFO - [2024-01-14T16:08:46.363+0200] {dagbag.py:348} ERROR - Failed to import: /home/mahmoud/airflow/dags/first_dag.py
Traceback (most recent call last):
  File "/home/mahmoud/airflow_env/lib/python3.10/site-packages/airflow/models/dagbag.py", line 344, in parse
    loader.exec_module(new_module)
  File "<frozen importlib._bootstrap_external>", line 883, in exec_module
  File "<frozen importlib._bootstrap>", line 241, in _call_with_frames_removed
  File "/home/mahmoud/airflow/dags/first_dag.py", line 15, in <module>
    task1=PythonOperator(
  File "/home/mahmoud/airflow_env/lib/python3.10/site-packages/airflow/models/baseoperator.py", line 437, in apply_defaults
    result = func(self, **kwargs, default_args=default_args)
  File "/home/mahmoud/airflow_env/lib/python3.10/site-packages/airflow/operators/python.py", line 184, in __init__
    super().__init__(**kwargs)
  File "/home/mahmoud/airflow_env/lib/python3.10/site-packages/airflow/models/baseoperator.py", line 437, in apply_defaults
    result = func(self, **kwargs, default_args=default_args)
  File "/home/mahmoud/airflow_env/lib/python3.10/site-packages/airflow/models/baseoperator.py", line 809, in __init__
    validate_key(task_id)
  File "/home/mahmoud/airflow_env/lib/python3.10/site-packages/airflow/utils/helpers.py", line 57, in validate_key
    raise AirflowException(
airflow.exceptions.AirflowException: The key 'print a word' has to be made of alphanumeric characters, dashes, dots and underscores exclusively
[2024-01-14T16:08:46.366+0200] {processor.py:842} WARNING - No viable dags retrieved from /home/mahmoud/airflow/dags/first_dag.py
[2024-01-14T16:08:46.392+0200] {processor.py:183} INFO - Processing /home/mahmoud/airflow/dags/first_dag.py took 0.054 seconds
[2024-01-14T16:09:16.691+0200] {processor.py:161} INFO - Started process (PID=35146) to work on /home/mahmoud/airflow/dags/first_dag.py
[2024-01-14T16:09:16.694+0200] {processor.py:830} INFO - Processing file /home/mahmoud/airflow/dags/first_dag.py for tasks to queue
[2024-01-14T16:09:16.694+0200] {logging_mixin.py:188} INFO - [2024-01-14T16:09:16.694+0200] {dagbag.py:538} INFO - Filling up the DagBag from /home/mahmoud/airflow/dags/first_dag.py
[2024-01-14T16:09:16.704+0200] {logging_mixin.py:188} INFO - [2024-01-14T16:09:16.703+0200] {dagbag.py:348} ERROR - Failed to import: /home/mahmoud/airflow/dags/first_dag.py
Traceback (most recent call last):
  File "/home/mahmoud/airflow_env/lib/python3.10/site-packages/airflow/models/dagbag.py", line 344, in parse
    loader.exec_module(new_module)
  File "<frozen importlib._bootstrap_external>", line 883, in exec_module
  File "<frozen importlib._bootstrap>", line 241, in _call_with_frames_removed
  File "/home/mahmoud/airflow/dags/first_dag.py", line 15, in <module>
    task1=PythonOperator(
  File "/home/mahmoud/airflow_env/lib/python3.10/site-packages/airflow/models/baseoperator.py", line 437, in apply_defaults
    result = func(self, **kwargs, default_args=default_args)
  File "/home/mahmoud/airflow_env/lib/python3.10/site-packages/airflow/operators/python.py", line 184, in __init__
    super().__init__(**kwargs)
  File "/home/mahmoud/airflow_env/lib/python3.10/site-packages/airflow/models/baseoperator.py", line 437, in apply_defaults
    result = func(self, **kwargs, default_args=default_args)
  File "/home/mahmoud/airflow_env/lib/python3.10/site-packages/airflow/models/baseoperator.py", line 809, in __init__
    validate_key(task_id)
  File "/home/mahmoud/airflow_env/lib/python3.10/site-packages/airflow/utils/helpers.py", line 57, in validate_key
    raise AirflowException(
airflow.exceptions.AirflowException: The key 'print a word' has to be made of alphanumeric characters, dashes, dots and underscores exclusively
[2024-01-14T16:09:16.704+0200] {processor.py:842} WARNING - No viable dags retrieved from /home/mahmoud/airflow/dags/first_dag.py
[2024-01-14T16:09:16.723+0200] {processor.py:183} INFO - Processing /home/mahmoud/airflow/dags/first_dag.py took 0.035 seconds
[2024-01-14T16:09:26.766+0200] {processor.py:161} INFO - Started process (PID=35177) to work on /home/mahmoud/airflow/dags/first_dag.py
[2024-01-14T16:09:26.767+0200] {processor.py:830} INFO - Processing file /home/mahmoud/airflow/dags/first_dag.py for tasks to queue
[2024-01-14T16:09:26.768+0200] {logging_mixin.py:188} INFO - [2024-01-14T16:09:26.768+0200] {dagbag.py:538} INFO - Filling up the DagBag from /home/mahmoud/airflow/dags/first_dag.py
[2024-01-14T16:09:26.783+0200] {processor.py:840} INFO - DAG(s) 'first_dag' retrieved from /home/mahmoud/airflow/dags/first_dag.py
[2024-01-14T16:09:26.964+0200] {logging_mixin.py:188} INFO - [2024-01-14T16:09:26.963+0200] {override.py:1769} INFO - Created Permission View: can read on DAG:first_dag
[2024-01-14T16:09:26.979+0200] {logging_mixin.py:188} INFO - [2024-01-14T16:09:26.978+0200] {override.py:1769} INFO - Created Permission View: can delete on DAG:first_dag
[2024-01-14T16:09:26.992+0200] {logging_mixin.py:188} INFO - [2024-01-14T16:09:26.991+0200] {override.py:1769} INFO - Created Permission View: can edit on DAG:first_dag
[2024-01-14T16:09:26.992+0200] {logging_mixin.py:188} INFO - [2024-01-14T16:09:26.992+0200] {dag.py:3033} INFO - Sync 1 DAGs
[2024-01-14T16:09:27.000+0200] {logging_mixin.py:188} INFO - [2024-01-14T16:09:27.000+0200] {dag.py:3055} INFO - Creating ORM DAG for first_dag
[2024-01-14T16:09:27.008+0200] {logging_mixin.py:188} INFO - [2024-01-14T16:09:27.008+0200] {dag.py:3820} INFO - Setting next_dagrun for first_dag to 2024-01-14T14:00:00+00:00, run_after=2024-01-14T14:05:00+00:00
[2024-01-14T16:09:27.035+0200] {processor.py:183} INFO - Processing /home/mahmoud/airflow/dags/first_dag.py took 0.273 seconds
[2024-01-14T16:09:57.213+0200] {processor.py:161} INFO - Started process (PID=35294) to work on /home/mahmoud/airflow/dags/first_dag.py
[2024-01-14T16:09:57.216+0200] {processor.py:830} INFO - Processing file /home/mahmoud/airflow/dags/first_dag.py for tasks to queue
[2024-01-14T16:09:57.217+0200] {logging_mixin.py:188} INFO - [2024-01-14T16:09:57.217+0200] {dagbag.py:538} INFO - Filling up the DagBag from /home/mahmoud/airflow/dags/first_dag.py
[2024-01-14T16:09:57.231+0200] {processor.py:840} INFO - DAG(s) 'first_dag' retrieved from /home/mahmoud/airflow/dags/first_dag.py
[2024-01-14T16:09:57.250+0200] {logging_mixin.py:188} INFO - [2024-01-14T16:09:57.250+0200] {dag.py:3033} INFO - Sync 1 DAGs
[2024-01-14T16:09:57.351+0200] {logging_mixin.py:188} INFO - [2024-01-14T16:09:57.351+0200] {dag.py:3820} INFO - Setting next_dagrun for first_dag to 2024-01-14T14:00:00+00:00, run_after=2024-01-14T14:05:00+00:00
[2024-01-14T16:09:57.373+0200] {processor.py:183} INFO - Processing /home/mahmoud/airflow/dags/first_dag.py took 0.164 seconds
[2024-01-14T16:10:27.995+0200] {processor.py:161} INFO - Started process (PID=35460) to work on /home/mahmoud/airflow/dags/first_dag.py
[2024-01-14T16:10:27.996+0200] {processor.py:830} INFO - Processing file /home/mahmoud/airflow/dags/first_dag.py for tasks to queue
[2024-01-14T16:10:27.997+0200] {logging_mixin.py:188} INFO - [2024-01-14T16:10:27.997+0200] {dagbag.py:538} INFO - Filling up the DagBag from /home/mahmoud/airflow/dags/first_dag.py
[2024-01-14T16:10:28.008+0200] {processor.py:840} INFO - DAG(s) 'first_dag' retrieved from /home/mahmoud/airflow/dags/first_dag.py
[2024-01-14T16:10:28.104+0200] {logging_mixin.py:188} INFO - [2024-01-14T16:10:28.103+0200] {dag.py:3033} INFO - Sync 1 DAGs
[2024-01-14T16:10:28.124+0200] {logging_mixin.py:188} INFO - [2024-01-14T16:10:28.124+0200] {dag.py:3820} INFO - Setting next_dagrun for first_dag to 2024-01-14T14:10:00+00:00, run_after=2024-01-14T14:15:00+00:00
[2024-01-14T16:10:28.142+0200] {processor.py:183} INFO - Processing /home/mahmoud/airflow/dags/first_dag.py took 0.150 seconds
[2024-01-14T16:10:58.387+0200] {processor.py:161} INFO - Started process (PID=35551) to work on /home/mahmoud/airflow/dags/first_dag.py
[2024-01-14T16:10:58.390+0200] {processor.py:830} INFO - Processing file /home/mahmoud/airflow/dags/first_dag.py for tasks to queue
[2024-01-14T16:10:58.391+0200] {logging_mixin.py:188} INFO - [2024-01-14T16:10:58.390+0200] {dagbag.py:538} INFO - Filling up the DagBag from /home/mahmoud/airflow/dags/first_dag.py
[2024-01-14T16:10:58.485+0200] {processor.py:840} INFO - DAG(s) 'first_dag' retrieved from /home/mahmoud/airflow/dags/first_dag.py
[2024-01-14T16:10:58.501+0200] {logging_mixin.py:188} INFO - [2024-01-14T16:10:58.500+0200] {dag.py:3033} INFO - Sync 1 DAGs
[2024-01-14T16:10:58.518+0200] {logging_mixin.py:188} INFO - [2024-01-14T16:10:58.518+0200] {dag.py:3820} INFO - Setting next_dagrun for first_dag to 2024-01-14T14:10:00+00:00, run_after=2024-01-14T14:15:00+00:00
[2024-01-14T16:10:58.540+0200] {processor.py:183} INFO - Processing /home/mahmoud/airflow/dags/first_dag.py took 0.159 seconds
[2024-01-14T16:11:28.837+0200] {processor.py:161} INFO - Started process (PID=35649) to work on /home/mahmoud/airflow/dags/first_dag.py
[2024-01-14T16:11:28.838+0200] {processor.py:830} INFO - Processing file /home/mahmoud/airflow/dags/first_dag.py for tasks to queue
[2024-01-14T16:11:28.839+0200] {logging_mixin.py:188} INFO - [2024-01-14T16:11:28.839+0200] {dagbag.py:538} INFO - Filling up the DagBag from /home/mahmoud/airflow/dags/first_dag.py
[2024-01-14T16:11:28.853+0200] {processor.py:840} INFO - DAG(s) 'first_dag' retrieved from /home/mahmoud/airflow/dags/first_dag.py
[2024-01-14T16:11:28.873+0200] {logging_mixin.py:188} INFO - [2024-01-14T16:11:28.873+0200] {dag.py:3033} INFO - Sync 1 DAGs
[2024-01-14T16:11:28.895+0200] {logging_mixin.py:188} INFO - [2024-01-14T16:11:28.894+0200] {dag.py:3820} INFO - Setting next_dagrun for first_dag to 2024-01-14T14:10:00+00:00, run_after=2024-01-14T14:15:00+00:00
[2024-01-14T16:11:28.918+0200] {processor.py:183} INFO - Processing /home/mahmoud/airflow/dags/first_dag.py took 0.084 seconds
[2024-01-14T16:11:59.224+0200] {processor.py:161} INFO - Started process (PID=35737) to work on /home/mahmoud/airflow/dags/first_dag.py
[2024-01-14T16:11:59.226+0200] {processor.py:830} INFO - Processing file /home/mahmoud/airflow/dags/first_dag.py for tasks to queue
[2024-01-14T16:11:59.227+0200] {logging_mixin.py:188} INFO - [2024-01-14T16:11:59.227+0200] {dagbag.py:538} INFO - Filling up the DagBag from /home/mahmoud/airflow/dags/first_dag.py
[2024-01-14T16:11:59.239+0200] {processor.py:840} INFO - DAG(s) 'first_dag' retrieved from /home/mahmoud/airflow/dags/first_dag.py
[2024-01-14T16:11:59.258+0200] {logging_mixin.py:188} INFO - [2024-01-14T16:11:59.258+0200] {dag.py:3033} INFO - Sync 1 DAGs
[2024-01-14T16:11:59.278+0200] {logging_mixin.py:188} INFO - [2024-01-14T16:11:59.278+0200] {dag.py:3820} INFO - Setting next_dagrun for first_dag to 2024-01-14T14:10:00+00:00, run_after=2024-01-14T14:15:00+00:00
[2024-01-14T16:11:59.299+0200] {processor.py:183} INFO - Processing /home/mahmoud/airflow/dags/first_dag.py took 0.080 seconds
[2024-01-14T16:12:29.550+0200] {processor.py:161} INFO - Started process (PID=35849) to work on /home/mahmoud/airflow/dags/first_dag.py
[2024-01-14T16:12:29.552+0200] {processor.py:830} INFO - Processing file /home/mahmoud/airflow/dags/first_dag.py for tasks to queue
[2024-01-14T16:12:29.553+0200] {logging_mixin.py:188} INFO - [2024-01-14T16:12:29.553+0200] {dagbag.py:538} INFO - Filling up the DagBag from /home/mahmoud/airflow/dags/first_dag.py
[2024-01-14T16:12:29.568+0200] {processor.py:840} INFO - DAG(s) 'first_dag' retrieved from /home/mahmoud/airflow/dags/first_dag.py
[2024-01-14T16:12:29.588+0200] {logging_mixin.py:188} INFO - [2024-01-14T16:12:29.587+0200] {dag.py:3033} INFO - Sync 1 DAGs
[2024-01-14T16:12:29.609+0200] {logging_mixin.py:188} INFO - [2024-01-14T16:12:29.609+0200] {dag.py:3820} INFO - Setting next_dagrun for first_dag to 2024-01-14T14:10:00+00:00, run_after=2024-01-14T14:15:00+00:00
[2024-01-14T16:12:29.633+0200] {processor.py:183} INFO - Processing /home/mahmoud/airflow/dags/first_dag.py took 0.089 seconds
[2024-01-14T16:12:59.884+0200] {processor.py:161} INFO - Started process (PID=35943) to work on /home/mahmoud/airflow/dags/first_dag.py
[2024-01-14T16:12:59.887+0200] {processor.py:830} INFO - Processing file /home/mahmoud/airflow/dags/first_dag.py for tasks to queue
[2024-01-14T16:12:59.890+0200] {logging_mixin.py:188} INFO - [2024-01-14T16:12:59.889+0200] {dagbag.py:538} INFO - Filling up the DagBag from /home/mahmoud/airflow/dags/first_dag.py
[2024-01-14T16:12:59.910+0200] {processor.py:840} INFO - DAG(s) 'first_dag' retrieved from /home/mahmoud/airflow/dags/first_dag.py
[2024-01-14T16:12:59.932+0200] {logging_mixin.py:188} INFO - [2024-01-14T16:12:59.932+0200] {dag.py:3033} INFO - Sync 1 DAGs
[2024-01-14T16:12:59.951+0200] {logging_mixin.py:188} INFO - [2024-01-14T16:12:59.951+0200] {dag.py:3820} INFO - Setting next_dagrun for first_dag to 2024-01-14T14:10:00+00:00, run_after=2024-01-14T14:15:00+00:00
[2024-01-14T16:12:59.972+0200] {processor.py:183} INFO - Processing /home/mahmoud/airflow/dags/first_dag.py took 0.100 seconds
[2024-01-14T16:13:30.226+0200] {processor.py:161} INFO - Started process (PID=36037) to work on /home/mahmoud/airflow/dags/first_dag.py
[2024-01-14T16:13:30.227+0200] {processor.py:830} INFO - Processing file /home/mahmoud/airflow/dags/first_dag.py for tasks to queue
[2024-01-14T16:13:30.228+0200] {logging_mixin.py:188} INFO - [2024-01-14T16:13:30.227+0200] {dagbag.py:538} INFO - Filling up the DagBag from /home/mahmoud/airflow/dags/first_dag.py
[2024-01-14T16:13:30.240+0200] {processor.py:840} INFO - DAG(s) 'first_dag' retrieved from /home/mahmoud/airflow/dags/first_dag.py
[2024-01-14T16:13:30.266+0200] {logging_mixin.py:188} INFO - [2024-01-14T16:13:30.265+0200] {dag.py:3033} INFO - Sync 1 DAGs
[2024-01-14T16:13:30.295+0200] {logging_mixin.py:188} INFO - [2024-01-14T16:13:30.295+0200] {dag.py:3820} INFO - Setting next_dagrun for first_dag to 2024-01-14T14:10:00+00:00, run_after=2024-01-14T14:15:00+00:00
[2024-01-14T16:13:30.320+0200] {processor.py:183} INFO - Processing /home/mahmoud/airflow/dags/first_dag.py took 0.096 seconds
[2024-01-14T16:14:00.582+0200] {processor.py:161} INFO - Started process (PID=36128) to work on /home/mahmoud/airflow/dags/first_dag.py
[2024-01-14T16:14:00.585+0200] {processor.py:830} INFO - Processing file /home/mahmoud/airflow/dags/first_dag.py for tasks to queue
[2024-01-14T16:14:00.587+0200] {logging_mixin.py:188} INFO - [2024-01-14T16:14:00.586+0200] {dagbag.py:538} INFO - Filling up the DagBag from /home/mahmoud/airflow/dags/first_dag.py
[2024-01-14T16:14:00.609+0200] {processor.py:840} INFO - DAG(s) 'first_dag' retrieved from /home/mahmoud/airflow/dags/first_dag.py
[2024-01-14T16:14:00.633+0200] {logging_mixin.py:188} INFO - [2024-01-14T16:14:00.633+0200] {dag.py:3033} INFO - Sync 1 DAGs
[2024-01-14T16:14:00.653+0200] {logging_mixin.py:188} INFO - [2024-01-14T16:14:00.653+0200] {dag.py:3820} INFO - Setting next_dagrun for first_dag to 2024-01-14T14:10:00+00:00, run_after=2024-01-14T14:15:00+00:00
[2024-01-14T16:14:00.674+0200] {processor.py:183} INFO - Processing /home/mahmoud/airflow/dags/first_dag.py took 0.099 seconds
[2024-01-14T16:14:30.935+0200] {processor.py:161} INFO - Started process (PID=36219) to work on /home/mahmoud/airflow/dags/first_dag.py
[2024-01-14T16:14:30.936+0200] {processor.py:830} INFO - Processing file /home/mahmoud/airflow/dags/first_dag.py for tasks to queue
[2024-01-14T16:14:30.938+0200] {logging_mixin.py:188} INFO - [2024-01-14T16:14:30.937+0200] {dagbag.py:538} INFO - Filling up the DagBag from /home/mahmoud/airflow/dags/first_dag.py
[2024-01-14T16:14:30.951+0200] {processor.py:840} INFO - DAG(s) 'first_dag' retrieved from /home/mahmoud/airflow/dags/first_dag.py
[2024-01-14T16:14:30.971+0200] {logging_mixin.py:188} INFO - [2024-01-14T16:14:30.971+0200] {dag.py:3033} INFO - Sync 1 DAGs
[2024-01-14T16:14:30.991+0200] {logging_mixin.py:188} INFO - [2024-01-14T16:14:30.991+0200] {dag.py:3820} INFO - Setting next_dagrun for first_dag to 2024-01-14T14:10:00+00:00, run_after=2024-01-14T14:15:00+00:00
[2024-01-14T16:14:31.012+0200] {processor.py:183} INFO - Processing /home/mahmoud/airflow/dags/first_dag.py took 0.080 seconds
[2024-01-14T16:15:01.302+0200] {processor.py:161} INFO - Started process (PID=36304) to work on /home/mahmoud/airflow/dags/first_dag.py
[2024-01-14T16:15:01.303+0200] {processor.py:830} INFO - Processing file /home/mahmoud/airflow/dags/first_dag.py for tasks to queue
[2024-01-14T16:15:01.304+0200] {logging_mixin.py:188} INFO - [2024-01-14T16:15:01.304+0200] {dagbag.py:538} INFO - Filling up the DagBag from /home/mahmoud/airflow/dags/first_dag.py
[2024-01-14T16:15:01.318+0200] {processor.py:840} INFO - DAG(s) 'first_dag' retrieved from /home/mahmoud/airflow/dags/first_dag.py
[2024-01-14T16:15:01.337+0200] {logging_mixin.py:188} INFO - [2024-01-14T16:15:01.337+0200] {dag.py:3033} INFO - Sync 1 DAGs
[2024-01-14T16:15:01.358+0200] {logging_mixin.py:188} INFO - [2024-01-14T16:15:01.357+0200] {dag.py:3820} INFO - Setting next_dagrun for first_dag to 2024-01-14T14:10:00+00:00, run_after=2024-01-14T14:15:00+00:00
[2024-01-14T16:15:01.379+0200] {processor.py:183} INFO - Processing /home/mahmoud/airflow/dags/first_dag.py took 0.081 seconds
[2024-01-14T16:15:31.647+0200] {processor.py:161} INFO - Started process (PID=36441) to work on /home/mahmoud/airflow/dags/first_dag.py
[2024-01-14T16:15:31.649+0200] {processor.py:830} INFO - Processing file /home/mahmoud/airflow/dags/first_dag.py for tasks to queue
[2024-01-14T16:15:31.650+0200] {logging_mixin.py:188} INFO - [2024-01-14T16:15:31.650+0200] {dagbag.py:538} INFO - Filling up the DagBag from /home/mahmoud/airflow/dags/first_dag.py
[2024-01-14T16:15:31.662+0200] {processor.py:840} INFO - DAG(s) 'first_dag' retrieved from /home/mahmoud/airflow/dags/first_dag.py
[2024-01-14T16:15:31.682+0200] {logging_mixin.py:188} INFO - [2024-01-14T16:15:31.682+0200] {dag.py:3033} INFO - Sync 1 DAGs
[2024-01-14T16:15:31.703+0200] {logging_mixin.py:188} INFO - [2024-01-14T16:15:31.703+0200] {dag.py:3820} INFO - Setting next_dagrun for first_dag to 2024-01-14T14:15:00+00:00, run_after=2024-01-14T14:20:00+00:00
[2024-01-14T16:15:31.724+0200] {processor.py:183} INFO - Processing /home/mahmoud/airflow/dags/first_dag.py took 0.081 seconds
[2024-01-14T16:16:02.046+0200] {processor.py:161} INFO - Started process (PID=36535) to work on /home/mahmoud/airflow/dags/first_dag.py
[2024-01-14T16:16:02.048+0200] {processor.py:830} INFO - Processing file /home/mahmoud/airflow/dags/first_dag.py for tasks to queue
[2024-01-14T16:16:02.050+0200] {logging_mixin.py:188} INFO - [2024-01-14T16:16:02.049+0200] {dagbag.py:538} INFO - Filling up the DagBag from /home/mahmoud/airflow/dags/first_dag.py
[2024-01-14T16:16:02.069+0200] {processor.py:840} INFO - DAG(s) 'first_dag' retrieved from /home/mahmoud/airflow/dags/first_dag.py
[2024-01-14T16:16:02.091+0200] {logging_mixin.py:188} INFO - [2024-01-14T16:16:02.090+0200] {dag.py:3033} INFO - Sync 1 DAGs
[2024-01-14T16:16:02.110+0200] {logging_mixin.py:188} INFO - [2024-01-14T16:16:02.110+0200] {dag.py:3820} INFO - Setting next_dagrun for first_dag to 2024-01-14T14:15:00+00:00, run_after=2024-01-14T14:20:00+00:00
[2024-01-14T16:16:02.133+0200] {processor.py:183} INFO - Processing /home/mahmoud/airflow/dags/first_dag.py took 0.096 seconds
[2024-01-14T16:16:32.373+0200] {processor.py:161} INFO - Started process (PID=36620) to work on /home/mahmoud/airflow/dags/first_dag.py
[2024-01-14T16:16:32.377+0200] {processor.py:830} INFO - Processing file /home/mahmoud/airflow/dags/first_dag.py for tasks to queue
[2024-01-14T16:16:32.379+0200] {logging_mixin.py:188} INFO - [2024-01-14T16:16:32.378+0200] {dagbag.py:538} INFO - Filling up the DagBag from /home/mahmoud/airflow/dags/first_dag.py
[2024-01-14T16:16:32.392+0200] {processor.py:840} INFO - DAG(s) 'first_dag' retrieved from /home/mahmoud/airflow/dags/first_dag.py
[2024-01-14T16:16:32.412+0200] {logging_mixin.py:188} INFO - [2024-01-14T16:16:32.412+0200] {dag.py:3033} INFO - Sync 1 DAGs
[2024-01-14T16:16:32.432+0200] {logging_mixin.py:188} INFO - [2024-01-14T16:16:32.432+0200] {dag.py:3820} INFO - Setting next_dagrun for first_dag to 2024-01-14T14:15:00+00:00, run_after=2024-01-14T14:20:00+00:00
[2024-01-14T16:16:32.454+0200] {processor.py:183} INFO - Processing /home/mahmoud/airflow/dags/first_dag.py took 0.089 seconds
[2024-01-14T16:17:02.708+0200] {processor.py:161} INFO - Started process (PID=36714) to work on /home/mahmoud/airflow/dags/first_dag.py
[2024-01-14T16:17:02.708+0200] {processor.py:830} INFO - Processing file /home/mahmoud/airflow/dags/first_dag.py for tasks to queue
[2024-01-14T16:17:02.709+0200] {logging_mixin.py:188} INFO - [2024-01-14T16:17:02.709+0200] {dagbag.py:538} INFO - Filling up the DagBag from /home/mahmoud/airflow/dags/first_dag.py
[2024-01-14T16:17:02.721+0200] {processor.py:840} INFO - DAG(s) 'first_dag' retrieved from /home/mahmoud/airflow/dags/first_dag.py
[2024-01-14T16:17:02.740+0200] {logging_mixin.py:188} INFO - [2024-01-14T16:17:02.740+0200] {dag.py:3033} INFO - Sync 1 DAGs
[2024-01-14T16:17:02.760+0200] {logging_mixin.py:188} INFO - [2024-01-14T16:17:02.759+0200] {dag.py:3820} INFO - Setting next_dagrun for first_dag to 2024-01-14T14:15:00+00:00, run_after=2024-01-14T14:20:00+00:00
[2024-01-14T16:17:02.781+0200] {processor.py:183} INFO - Processing /home/mahmoud/airflow/dags/first_dag.py took 0.076 seconds
[2024-01-14T16:17:33.058+0200] {processor.py:161} INFO - Started process (PID=36826) to work on /home/mahmoud/airflow/dags/first_dag.py
[2024-01-14T16:17:33.060+0200] {processor.py:830} INFO - Processing file /home/mahmoud/airflow/dags/first_dag.py for tasks to queue
[2024-01-14T16:17:33.061+0200] {logging_mixin.py:188} INFO - [2024-01-14T16:17:33.061+0200] {dagbag.py:538} INFO - Filling up the DagBag from /home/mahmoud/airflow/dags/first_dag.py
[2024-01-14T16:17:33.073+0200] {processor.py:840} INFO - DAG(s) 'first_dag' retrieved from /home/mahmoud/airflow/dags/first_dag.py
[2024-01-14T16:17:33.092+0200] {logging_mixin.py:188} INFO - [2024-01-14T16:17:33.092+0200] {dag.py:3033} INFO - Sync 1 DAGs
[2024-01-14T16:17:33.111+0200] {logging_mixin.py:188} INFO - [2024-01-14T16:17:33.111+0200] {dag.py:3820} INFO - Setting next_dagrun for first_dag to 2024-01-14T14:15:00+00:00, run_after=2024-01-14T14:20:00+00:00
[2024-01-14T16:17:33.131+0200] {processor.py:183} INFO - Processing /home/mahmoud/airflow/dags/first_dag.py took 0.076 seconds
[2024-01-14T16:18:03.437+0200] {processor.py:161} INFO - Started process (PID=36911) to work on /home/mahmoud/airflow/dags/first_dag.py
[2024-01-14T16:18:03.439+0200] {processor.py:830} INFO - Processing file /home/mahmoud/airflow/dags/first_dag.py for tasks to queue
[2024-01-14T16:18:03.440+0200] {logging_mixin.py:188} INFO - [2024-01-14T16:18:03.440+0200] {dagbag.py:538} INFO - Filling up the DagBag from /home/mahmoud/airflow/dags/first_dag.py
[2024-01-14T16:18:03.453+0200] {processor.py:840} INFO - DAG(s) 'first_dag' retrieved from /home/mahmoud/airflow/dags/first_dag.py
[2024-01-14T16:18:03.472+0200] {logging_mixin.py:188} INFO - [2024-01-14T16:18:03.472+0200] {dag.py:3033} INFO - Sync 1 DAGs
[2024-01-14T16:18:03.492+0200] {logging_mixin.py:188} INFO - [2024-01-14T16:18:03.491+0200] {dag.py:3820} INFO - Setting next_dagrun for first_dag to 2024-01-14T14:15:00+00:00, run_after=2024-01-14T14:20:00+00:00
[2024-01-14T16:18:03.513+0200] {processor.py:183} INFO - Processing /home/mahmoud/airflow/dags/first_dag.py took 0.080 seconds
[2024-01-14T16:18:33.683+0200] {processor.py:161} INFO - Started process (PID=37002) to work on /home/mahmoud/airflow/dags/first_dag.py
[2024-01-14T16:18:33.684+0200] {processor.py:830} INFO - Processing file /home/mahmoud/airflow/dags/first_dag.py for tasks to queue
[2024-01-14T16:18:33.684+0200] {logging_mixin.py:188} INFO - [2024-01-14T16:18:33.684+0200] {dagbag.py:538} INFO - Filling up the DagBag from /home/mahmoud/airflow/dags/first_dag.py
[2024-01-14T16:18:33.697+0200] {processor.py:840} INFO - DAG(s) 'first_dag' retrieved from /home/mahmoud/airflow/dags/first_dag.py
[2024-01-14T16:18:33.717+0200] {logging_mixin.py:188} INFO - [2024-01-14T16:18:33.717+0200] {dag.py:3033} INFO - Sync 1 DAGs
[2024-01-14T16:18:33.738+0200] {logging_mixin.py:188} INFO - [2024-01-14T16:18:33.738+0200] {dag.py:3820} INFO - Setting next_dagrun for first_dag to 2024-01-14T14:15:00+00:00, run_after=2024-01-14T14:20:00+00:00
[2024-01-14T16:18:33.757+0200] {processor.py:183} INFO - Processing /home/mahmoud/airflow/dags/first_dag.py took 0.078 seconds
[2024-01-14T16:19:03.916+0200] {processor.py:161} INFO - Started process (PID=37093) to work on /home/mahmoud/airflow/dags/first_dag.py
[2024-01-14T16:19:03.918+0200] {processor.py:830} INFO - Processing file /home/mahmoud/airflow/dags/first_dag.py for tasks to queue
[2024-01-14T16:19:03.918+0200] {logging_mixin.py:188} INFO - [2024-01-14T16:19:03.918+0200] {dagbag.py:538} INFO - Filling up the DagBag from /home/mahmoud/airflow/dags/first_dag.py
[2024-01-14T16:19:03.931+0200] {processor.py:840} INFO - DAG(s) 'first_dag' retrieved from /home/mahmoud/airflow/dags/first_dag.py
[2024-01-14T16:19:03.948+0200] {logging_mixin.py:188} INFO - [2024-01-14T16:19:03.948+0200] {dag.py:3033} INFO - Sync 1 DAGs
[2024-01-14T16:19:03.965+0200] {logging_mixin.py:188} INFO - [2024-01-14T16:19:03.965+0200] {dag.py:3820} INFO - Setting next_dagrun for first_dag to 2024-01-14T14:15:00+00:00, run_after=2024-01-14T14:20:00+00:00
[2024-01-14T16:19:03.984+0200] {processor.py:183} INFO - Processing /home/mahmoud/airflow/dags/first_dag.py took 0.071 seconds
[2024-01-14T16:19:34.137+0200] {processor.py:161} INFO - Started process (PID=37178) to work on /home/mahmoud/airflow/dags/first_dag.py
[2024-01-14T16:19:34.138+0200] {processor.py:830} INFO - Processing file /home/mahmoud/airflow/dags/first_dag.py for tasks to queue
[2024-01-14T16:19:34.139+0200] {logging_mixin.py:188} INFO - [2024-01-14T16:19:34.139+0200] {dagbag.py:538} INFO - Filling up the DagBag from /home/mahmoud/airflow/dags/first_dag.py
[2024-01-14T16:19:34.152+0200] {processor.py:840} INFO - DAG(s) 'first_dag' retrieved from /home/mahmoud/airflow/dags/first_dag.py
[2024-01-14T16:19:34.171+0200] {logging_mixin.py:188} INFO - [2024-01-14T16:19:34.171+0200] {dag.py:3033} INFO - Sync 1 DAGs
[2024-01-14T16:19:34.191+0200] {logging_mixin.py:188} INFO - [2024-01-14T16:19:34.191+0200] {dag.py:3820} INFO - Setting next_dagrun for first_dag to 2024-01-14T14:15:00+00:00, run_after=2024-01-14T14:20:00+00:00
[2024-01-14T16:19:34.211+0200] {processor.py:183} INFO - Processing /home/mahmoud/airflow/dags/first_dag.py took 0.078 seconds
[2024-01-14T16:20:04.353+0200] {processor.py:161} INFO - Started process (PID=37297) to work on /home/mahmoud/airflow/dags/first_dag.py
[2024-01-14T16:20:04.355+0200] {processor.py:830} INFO - Processing file /home/mahmoud/airflow/dags/first_dag.py for tasks to queue
[2024-01-14T16:20:04.356+0200] {logging_mixin.py:188} INFO - [2024-01-14T16:20:04.356+0200] {dagbag.py:538} INFO - Filling up the DagBag from /home/mahmoud/airflow/dags/first_dag.py
[2024-01-14T16:20:04.369+0200] {processor.py:840} INFO - DAG(s) 'first_dag' retrieved from /home/mahmoud/airflow/dags/first_dag.py
[2024-01-14T16:20:04.389+0200] {logging_mixin.py:188} INFO - [2024-01-14T16:20:04.388+0200] {dag.py:3033} INFO - Sync 1 DAGs
[2024-01-14T16:20:04.409+0200] {logging_mixin.py:188} INFO - [2024-01-14T16:20:04.409+0200] {dag.py:3820} INFO - Setting next_dagrun for first_dag to 2024-01-14T14:20:00+00:00, run_after=2024-01-14T14:25:00+00:00
[2024-01-14T16:20:04.431+0200] {processor.py:183} INFO - Processing /home/mahmoud/airflow/dags/first_dag.py took 0.082 seconds
[2024-01-14T16:20:34.589+0200] {processor.py:161} INFO - Started process (PID=37403) to work on /home/mahmoud/airflow/dags/first_dag.py
[2024-01-14T16:20:34.592+0200] {processor.py:830} INFO - Processing file /home/mahmoud/airflow/dags/first_dag.py for tasks to queue
[2024-01-14T16:20:34.594+0200] {logging_mixin.py:188} INFO - [2024-01-14T16:20:34.593+0200] {dagbag.py:538} INFO - Filling up the DagBag from /home/mahmoud/airflow/dags/first_dag.py
[2024-01-14T16:20:34.617+0200] {processor.py:840} INFO - DAG(s) 'first_dag' retrieved from /home/mahmoud/airflow/dags/first_dag.py
[2024-01-14T16:20:34.639+0200] {logging_mixin.py:188} INFO - [2024-01-14T16:20:34.639+0200] {dag.py:3033} INFO - Sync 1 DAGs
[2024-01-14T16:20:34.659+0200] {logging_mixin.py:188} INFO - [2024-01-14T16:20:34.659+0200] {dag.py:3820} INFO - Setting next_dagrun for first_dag to 2024-01-14T14:20:00+00:00, run_after=2024-01-14T14:25:00+00:00
[2024-01-14T16:20:34.679+0200] {processor.py:183} INFO - Processing /home/mahmoud/airflow/dags/first_dag.py took 0.098 seconds
[2024-01-14T16:21:04.920+0200] {processor.py:161} INFO - Started process (PID=37496) to work on /home/mahmoud/airflow/dags/first_dag.py
[2024-01-14T16:21:04.923+0200] {processor.py:830} INFO - Processing file /home/mahmoud/airflow/dags/first_dag.py for tasks to queue
[2024-01-14T16:21:04.924+0200] {logging_mixin.py:188} INFO - [2024-01-14T16:21:04.924+0200] {dagbag.py:538} INFO - Filling up the DagBag from /home/mahmoud/airflow/dags/first_dag.py
[2024-01-14T16:21:04.943+0200] {processor.py:840} INFO - DAG(s) 'first_dag' retrieved from /home/mahmoud/airflow/dags/first_dag.py
[2024-01-14T16:21:04.966+0200] {logging_mixin.py:188} INFO - [2024-01-14T16:21:04.966+0200] {dag.py:3033} INFO - Sync 1 DAGs
[2024-01-14T16:21:04.995+0200] {logging_mixin.py:188} INFO - [2024-01-14T16:21:04.994+0200] {dag.py:3820} INFO - Setting next_dagrun for first_dag to 2024-01-14T14:20:00+00:00, run_after=2024-01-14T14:25:00+00:00
[2024-01-14T16:21:05.023+0200] {processor.py:183} INFO - Processing /home/mahmoud/airflow/dags/first_dag.py took 0.109 seconds
[2024-01-14T16:21:35.236+0200] {processor.py:161} INFO - Started process (PID=37587) to work on /home/mahmoud/airflow/dags/first_dag.py
[2024-01-14T16:21:35.238+0200] {processor.py:830} INFO - Processing file /home/mahmoud/airflow/dags/first_dag.py for tasks to queue
[2024-01-14T16:21:35.239+0200] {logging_mixin.py:188} INFO - [2024-01-14T16:21:35.239+0200] {dagbag.py:538} INFO - Filling up the DagBag from /home/mahmoud/airflow/dags/first_dag.py
[2024-01-14T16:21:35.251+0200] {processor.py:840} INFO - DAG(s) 'first_dag' retrieved from /home/mahmoud/airflow/dags/first_dag.py
[2024-01-14T16:21:35.271+0200] {logging_mixin.py:188} INFO - [2024-01-14T16:21:35.271+0200] {dag.py:3033} INFO - Sync 1 DAGs
[2024-01-14T16:21:35.291+0200] {logging_mixin.py:188} INFO - [2024-01-14T16:21:35.291+0200] {dag.py:3820} INFO - Setting next_dagrun for first_dag to 2024-01-14T14:20:00+00:00, run_after=2024-01-14T14:25:00+00:00
[2024-01-14T16:21:35.313+0200] {processor.py:183} INFO - Processing /home/mahmoud/airflow/dags/first_dag.py took 0.082 seconds
[2024-01-14T16:22:05.466+0200] {processor.py:161} INFO - Started process (PID=37673) to work on /home/mahmoud/airflow/dags/first_dag.py
[2024-01-14T16:22:05.469+0200] {processor.py:830} INFO - Processing file /home/mahmoud/airflow/dags/first_dag.py for tasks to queue
[2024-01-14T16:22:05.471+0200] {logging_mixin.py:188} INFO - [2024-01-14T16:22:05.471+0200] {dagbag.py:538} INFO - Filling up the DagBag from /home/mahmoud/airflow/dags/first_dag.py
[2024-01-14T16:22:05.492+0200] {processor.py:840} INFO - DAG(s) 'first_dag' retrieved from /home/mahmoud/airflow/dags/first_dag.py
[2024-01-14T16:22:05.515+0200] {logging_mixin.py:188} INFO - [2024-01-14T16:22:05.514+0200] {dag.py:3033} INFO - Sync 1 DAGs
[2024-01-14T16:22:05.534+0200] {logging_mixin.py:188} INFO - [2024-01-14T16:22:05.534+0200] {dag.py:3820} INFO - Setting next_dagrun for first_dag to 2024-01-14T14:20:00+00:00, run_after=2024-01-14T14:25:00+00:00
[2024-01-14T16:22:05.552+0200] {processor.py:183} INFO - Processing /home/mahmoud/airflow/dags/first_dag.py took 0.093 seconds
[2024-01-14T16:22:35.789+0200] {processor.py:161} INFO - Started process (PID=37785) to work on /home/mahmoud/airflow/dags/first_dag.py
[2024-01-14T16:22:35.792+0200] {processor.py:830} INFO - Processing file /home/mahmoud/airflow/dags/first_dag.py for tasks to queue
[2024-01-14T16:22:35.793+0200] {logging_mixin.py:188} INFO - [2024-01-14T16:22:35.792+0200] {dagbag.py:538} INFO - Filling up the DagBag from /home/mahmoud/airflow/dags/first_dag.py
[2024-01-14T16:22:35.805+0200] {processor.py:840} INFO - DAG(s) 'first_dag' retrieved from /home/mahmoud/airflow/dags/first_dag.py
[2024-01-14T16:22:35.824+0200] {logging_mixin.py:188} INFO - [2024-01-14T16:22:35.824+0200] {dag.py:3033} INFO - Sync 1 DAGs
[2024-01-14T16:22:35.843+0200] {logging_mixin.py:188} INFO - [2024-01-14T16:22:35.843+0200] {dag.py:3820} INFO - Setting next_dagrun for first_dag to 2024-01-14T14:20:00+00:00, run_after=2024-01-14T14:25:00+00:00
[2024-01-14T16:22:35.864+0200] {processor.py:183} INFO - Processing /home/mahmoud/airflow/dags/first_dag.py took 0.078 seconds
[2024-01-14T16:23:06.017+0200] {processor.py:161} INFO - Started process (PID=37876) to work on /home/mahmoud/airflow/dags/first_dag.py
[2024-01-14T16:23:06.021+0200] {processor.py:830} INFO - Processing file /home/mahmoud/airflow/dags/first_dag.py for tasks to queue
[2024-01-14T16:23:06.023+0200] {logging_mixin.py:188} INFO - [2024-01-14T16:23:06.022+0200] {dagbag.py:538} INFO - Filling up the DagBag from /home/mahmoud/airflow/dags/first_dag.py
[2024-01-14T16:23:06.042+0200] {processor.py:840} INFO - DAG(s) 'first_dag' retrieved from /home/mahmoud/airflow/dags/first_dag.py
[2024-01-14T16:23:06.064+0200] {logging_mixin.py:188} INFO - [2024-01-14T16:23:06.064+0200] {dag.py:3033} INFO - Sync 1 DAGs
[2024-01-14T16:23:06.082+0200] {logging_mixin.py:188} INFO - [2024-01-14T16:23:06.082+0200] {dag.py:3820} INFO - Setting next_dagrun for first_dag to 2024-01-14T14:20:00+00:00, run_after=2024-01-14T14:25:00+00:00
[2024-01-14T16:23:06.103+0200] {processor.py:183} INFO - Processing /home/mahmoud/airflow/dags/first_dag.py took 0.096 seconds
[2024-01-14T16:23:36.350+0200] {processor.py:161} INFO - Started process (PID=37961) to work on /home/mahmoud/airflow/dags/first_dag.py
[2024-01-14T16:23:36.353+0200] {processor.py:830} INFO - Processing file /home/mahmoud/airflow/dags/first_dag.py for tasks to queue
[2024-01-14T16:23:36.354+0200] {logging_mixin.py:188} INFO - [2024-01-14T16:23:36.353+0200] {dagbag.py:538} INFO - Filling up the DagBag from /home/mahmoud/airflow/dags/first_dag.py
[2024-01-14T16:23:36.365+0200] {processor.py:840} INFO - DAG(s) 'first_dag' retrieved from /home/mahmoud/airflow/dags/first_dag.py
[2024-01-14T16:23:36.384+0200] {logging_mixin.py:188} INFO - [2024-01-14T16:23:36.384+0200] {dag.py:3033} INFO - Sync 1 DAGs
[2024-01-14T16:23:36.403+0200] {logging_mixin.py:188} INFO - [2024-01-14T16:23:36.403+0200] {dag.py:3820} INFO - Setting next_dagrun for first_dag to 2024-01-14T14:20:00+00:00, run_after=2024-01-14T14:25:00+00:00
[2024-01-14T16:23:36.424+0200] {processor.py:183} INFO - Processing /home/mahmoud/airflow/dags/first_dag.py took 0.078 seconds
[2024-01-14T16:24:06.627+0200] {processor.py:161} INFO - Started process (PID=38052) to work on /home/mahmoud/airflow/dags/first_dag.py
[2024-01-14T16:24:06.631+0200] {processor.py:830} INFO - Processing file /home/mahmoud/airflow/dags/first_dag.py for tasks to queue
[2024-01-14T16:24:06.633+0200] {logging_mixin.py:188} INFO - [2024-01-14T16:24:06.633+0200] {dagbag.py:538} INFO - Filling up the DagBag from /home/mahmoud/airflow/dags/first_dag.py
[2024-01-14T16:24:06.654+0200] {processor.py:840} INFO - DAG(s) 'first_dag' retrieved from /home/mahmoud/airflow/dags/first_dag.py
[2024-01-14T16:24:06.678+0200] {logging_mixin.py:188} INFO - [2024-01-14T16:24:06.677+0200] {dag.py:3033} INFO - Sync 1 DAGs
[2024-01-14T16:24:06.697+0200] {logging_mixin.py:188} INFO - [2024-01-14T16:24:06.697+0200] {dag.py:3820} INFO - Setting next_dagrun for first_dag to 2024-01-14T14:20:00+00:00, run_after=2024-01-14T14:25:00+00:00
[2024-01-14T16:24:06.718+0200] {processor.py:183} INFO - Processing /home/mahmoud/airflow/dags/first_dag.py took 0.102 seconds
[2024-01-14T16:24:36.960+0200] {processor.py:161} INFO - Started process (PID=38143) to work on /home/mahmoud/airflow/dags/first_dag.py
[2024-01-14T16:24:36.962+0200] {processor.py:830} INFO - Processing file /home/mahmoud/airflow/dags/first_dag.py for tasks to queue
[2024-01-14T16:24:36.963+0200] {logging_mixin.py:188} INFO - [2024-01-14T16:24:36.963+0200] {dagbag.py:538} INFO - Filling up the DagBag from /home/mahmoud/airflow/dags/first_dag.py
[2024-01-14T16:24:36.975+0200] {processor.py:840} INFO - DAG(s) 'first_dag' retrieved from /home/mahmoud/airflow/dags/first_dag.py
[2024-01-14T16:24:36.995+0200] {logging_mixin.py:188} INFO - [2024-01-14T16:24:36.994+0200] {dag.py:3033} INFO - Sync 1 DAGs
[2024-01-14T16:24:37.014+0200] {logging_mixin.py:188} INFO - [2024-01-14T16:24:37.014+0200] {dag.py:3820} INFO - Setting next_dagrun for first_dag to 2024-01-14T14:20:00+00:00, run_after=2024-01-14T14:25:00+00:00
[2024-01-14T16:24:37.035+0200] {processor.py:183} INFO - Processing /home/mahmoud/airflow/dags/first_dag.py took 0.079 seconds
[2024-01-14T16:25:07.231+0200] {processor.py:161} INFO - Started process (PID=38228) to work on /home/mahmoud/airflow/dags/first_dag.py
[2024-01-14T16:25:07.232+0200] {processor.py:830} INFO - Processing file /home/mahmoud/airflow/dags/first_dag.py for tasks to queue
[2024-01-14T16:25:07.234+0200] {logging_mixin.py:188} INFO - [2024-01-14T16:25:07.233+0200] {dagbag.py:538} INFO - Filling up the DagBag from /home/mahmoud/airflow/dags/first_dag.py
[2024-01-14T16:25:07.251+0200] {processor.py:840} INFO - DAG(s) 'first_dag' retrieved from /home/mahmoud/airflow/dags/first_dag.py
[2024-01-14T16:25:07.273+0200] {logging_mixin.py:188} INFO - [2024-01-14T16:25:07.273+0200] {dag.py:3033} INFO - Sync 1 DAGs
[2024-01-14T16:25:07.291+0200] {logging_mixin.py:188} INFO - [2024-01-14T16:25:07.291+0200] {dag.py:3820} INFO - Setting next_dagrun for first_dag to 2024-01-14T14:20:00+00:00, run_after=2024-01-14T14:25:00+00:00
[2024-01-14T16:25:07.316+0200] {processor.py:183} INFO - Processing /home/mahmoud/airflow/dags/first_dag.py took 0.092 seconds
[2024-01-14T16:25:37.369+0200] {processor.py:161} INFO - Started process (PID=38319) to work on /home/mahmoud/airflow/dags/first_dag.py
[2024-01-14T16:25:37.383+0200] {processor.py:830} INFO - Processing file /home/mahmoud/airflow/dags/first_dag.py for tasks to queue
[2024-01-14T16:25:37.384+0200] {logging_mixin.py:188} INFO - [2024-01-14T16:25:37.384+0200] {dagbag.py:538} INFO - Filling up the DagBag from /home/mahmoud/airflow/dags/first_dag.py
[2024-01-14T16:25:37.397+0200] {processor.py:840} INFO - DAG(s) 'first_dag' retrieved from /home/mahmoud/airflow/dags/first_dag.py
[2024-01-14T16:25:37.417+0200] {logging_mixin.py:188} INFO - [2024-01-14T16:25:37.416+0200] {dag.py:3033} INFO - Sync 1 DAGs
[2024-01-14T16:25:37.436+0200] {logging_mixin.py:188} INFO - [2024-01-14T16:25:37.436+0200] {dag.py:3820} INFO - Setting next_dagrun for first_dag to 2024-01-14T14:20:00+00:00, run_after=2024-01-14T14:25:00+00:00
[2024-01-14T16:25:37.456+0200] {processor.py:183} INFO - Processing /home/mahmoud/airflow/dags/first_dag.py took 0.091 seconds
[2024-01-14T16:26:07.684+0200] {processor.py:161} INFO - Started process (PID=38413) to work on /home/mahmoud/airflow/dags/first_dag.py
[2024-01-14T16:26:07.685+0200] {processor.py:830} INFO - Processing file /home/mahmoud/airflow/dags/first_dag.py for tasks to queue
[2024-01-14T16:26:07.686+0200] {logging_mixin.py:188} INFO - [2024-01-14T16:26:07.686+0200] {dagbag.py:538} INFO - Filling up the DagBag from /home/mahmoud/airflow/dags/first_dag.py
[2024-01-14T16:26:07.700+0200] {processor.py:840} INFO - DAG(s) 'first_dag' retrieved from /home/mahmoud/airflow/dags/first_dag.py
[2024-01-14T16:26:07.718+0200] {logging_mixin.py:188} INFO - [2024-01-14T16:26:07.718+0200] {dag.py:3033} INFO - Sync 1 DAGs
[2024-01-14T16:26:07.737+0200] {logging_mixin.py:188} INFO - [2024-01-14T16:26:07.737+0200] {dag.py:3820} INFO - Setting next_dagrun for first_dag to 2024-01-14T14:20:00+00:00, run_after=2024-01-14T14:25:00+00:00
[2024-01-14T16:26:07.757+0200] {processor.py:183} INFO - Processing /home/mahmoud/airflow/dags/first_dag.py took 0.080 seconds
[2024-01-14T16:26:37.923+0200] {processor.py:161} INFO - Started process (PID=38500) to work on /home/mahmoud/airflow/dags/first_dag.py
[2024-01-14T16:26:37.926+0200] {processor.py:830} INFO - Processing file /home/mahmoud/airflow/dags/first_dag.py for tasks to queue
[2024-01-14T16:26:37.928+0200] {logging_mixin.py:188} INFO - [2024-01-14T16:26:37.927+0200] {dagbag.py:538} INFO - Filling up the DagBag from /home/mahmoud/airflow/dags/first_dag.py
[2024-01-14T16:26:37.944+0200] {processor.py:840} INFO - DAG(s) 'first_dag' retrieved from /home/mahmoud/airflow/dags/first_dag.py
[2024-01-14T16:26:37.964+0200] {logging_mixin.py:188} INFO - [2024-01-14T16:26:37.963+0200] {dag.py:3033} INFO - Sync 1 DAGs
[2024-01-14T16:26:37.983+0200] {logging_mixin.py:188} INFO - [2024-01-14T16:26:37.983+0200] {dag.py:3820} INFO - Setting next_dagrun for first_dag to 2024-01-14T14:20:00+00:00, run_after=2024-01-14T14:25:00+00:00
[2024-01-14T16:26:38.004+0200] {processor.py:183} INFO - Processing /home/mahmoud/airflow/dags/first_dag.py took 0.086 seconds
[2024-01-14T16:27:08.156+0200] {processor.py:161} INFO - Started process (PID=38591) to work on /home/mahmoud/airflow/dags/first_dag.py
[2024-01-14T16:27:08.158+0200] {processor.py:830} INFO - Processing file /home/mahmoud/airflow/dags/first_dag.py for tasks to queue
[2024-01-14T16:27:08.159+0200] {logging_mixin.py:188} INFO - [2024-01-14T16:27:08.159+0200] {dagbag.py:538} INFO - Filling up the DagBag from /home/mahmoud/airflow/dags/first_dag.py
[2024-01-14T16:27:08.176+0200] {processor.py:840} INFO - DAG(s) 'first_dag' retrieved from /home/mahmoud/airflow/dags/first_dag.py
[2024-01-14T16:27:08.202+0200] {logging_mixin.py:188} INFO - [2024-01-14T16:27:08.202+0200] {dag.py:3033} INFO - Sync 1 DAGs
[2024-01-14T16:27:08.221+0200] {logging_mixin.py:188} INFO - [2024-01-14T16:27:08.220+0200] {dag.py:3820} INFO - Setting next_dagrun for first_dag to 2024-01-14T14:20:00+00:00, run_after=2024-01-14T14:25:00+00:00
[2024-01-14T16:27:08.244+0200] {processor.py:183} INFO - Processing /home/mahmoud/airflow/dags/first_dag.py took 0.091 seconds
[2024-01-14T16:27:38.374+0200] {processor.py:161} INFO - Started process (PID=38703) to work on /home/mahmoud/airflow/dags/first_dag.py
[2024-01-14T16:27:38.379+0200] {processor.py:830} INFO - Processing file /home/mahmoud/airflow/dags/first_dag.py for tasks to queue
[2024-01-14T16:27:38.380+0200] {logging_mixin.py:188} INFO - [2024-01-14T16:27:38.380+0200] {dagbag.py:538} INFO - Filling up the DagBag from /home/mahmoud/airflow/dags/first_dag.py
[2024-01-14T16:27:38.393+0200] {processor.py:840} INFO - DAG(s) 'first_dag' retrieved from /home/mahmoud/airflow/dags/first_dag.py
[2024-01-14T16:27:38.413+0200] {logging_mixin.py:188} INFO - [2024-01-14T16:27:38.413+0200] {dag.py:3033} INFO - Sync 1 DAGs
[2024-01-14T16:27:38.439+0200] {logging_mixin.py:188} INFO - [2024-01-14T16:27:38.439+0200] {dag.py:3820} INFO - Setting next_dagrun for first_dag to 2024-01-14T14:20:00+00:00, run_after=2024-01-14T14:25:00+00:00
[2024-01-14T16:27:38.471+0200] {processor.py:183} INFO - Processing /home/mahmoud/airflow/dags/first_dag.py took 0.114 seconds
[2024-01-14T16:28:08.669+0200] {processor.py:161} INFO - Started process (PID=38788) to work on /home/mahmoud/airflow/dags/first_dag.py
[2024-01-14T16:28:08.672+0200] {processor.py:830} INFO - Processing file /home/mahmoud/airflow/dags/first_dag.py for tasks to queue
[2024-01-14T16:28:08.673+0200] {logging_mixin.py:188} INFO - [2024-01-14T16:28:08.673+0200] {dagbag.py:538} INFO - Filling up the DagBag from /home/mahmoud/airflow/dags/first_dag.py
[2024-01-14T16:28:08.689+0200] {processor.py:840} INFO - DAG(s) 'first_dag' retrieved from /home/mahmoud/airflow/dags/first_dag.py
[2024-01-14T16:28:08.708+0200] {logging_mixin.py:188} INFO - [2024-01-14T16:28:08.708+0200] {dag.py:3033} INFO - Sync 1 DAGs
[2024-01-14T16:28:08.730+0200] {logging_mixin.py:188} INFO - [2024-01-14T16:28:08.730+0200] {dag.py:3820} INFO - Setting next_dagrun for first_dag to 2024-01-14T14:20:00+00:00, run_after=2024-01-14T14:25:00+00:00
[2024-01-14T16:28:08.753+0200] {processor.py:183} INFO - Processing /home/mahmoud/airflow/dags/first_dag.py took 0.090 seconds
[2024-01-14T16:28:38.905+0200] {processor.py:161} INFO - Started process (PID=38882) to work on /home/mahmoud/airflow/dags/first_dag.py
[2024-01-14T16:28:38.907+0200] {processor.py:830} INFO - Processing file /home/mahmoud/airflow/dags/first_dag.py for tasks to queue
[2024-01-14T16:28:38.907+0200] {logging_mixin.py:188} INFO - [2024-01-14T16:28:38.907+0200] {dagbag.py:538} INFO - Filling up the DagBag from /home/mahmoud/airflow/dags/first_dag.py
[2024-01-14T16:28:38.920+0200] {processor.py:840} INFO - DAG(s) 'first_dag' retrieved from /home/mahmoud/airflow/dags/first_dag.py
[2024-01-14T16:28:38.939+0200] {logging_mixin.py:188} INFO - [2024-01-14T16:28:38.938+0200] {dag.py:3033} INFO - Sync 1 DAGs
[2024-01-14T16:28:38.958+0200] {logging_mixin.py:188} INFO - [2024-01-14T16:28:38.958+0200] {dag.py:3820} INFO - Setting next_dagrun for first_dag to 2024-01-14T14:20:00+00:00, run_after=2024-01-14T14:25:00+00:00
[2024-01-14T16:28:39.004+0200] {processor.py:183} INFO - Processing /home/mahmoud/airflow/dags/first_dag.py took 0.102 seconds
[2024-01-14T16:29:09.194+0200] {processor.py:161} INFO - Started process (PID=38975) to work on /home/mahmoud/airflow/dags/first_dag.py
[2024-01-14T16:29:09.196+0200] {processor.py:830} INFO - Processing file /home/mahmoud/airflow/dags/first_dag.py for tasks to queue
[2024-01-14T16:29:09.198+0200] {logging_mixin.py:188} INFO - [2024-01-14T16:29:09.197+0200] {dagbag.py:538} INFO - Filling up the DagBag from /home/mahmoud/airflow/dags/first_dag.py
[2024-01-14T16:29:09.212+0200] {processor.py:840} INFO - DAG(s) 'first_dag' retrieved from /home/mahmoud/airflow/dags/first_dag.py
[2024-01-14T16:29:09.232+0200] {logging_mixin.py:188} INFO - [2024-01-14T16:29:09.232+0200] {dag.py:3033} INFO - Sync 1 DAGs
[2024-01-14T16:29:09.253+0200] {logging_mixin.py:188} INFO - [2024-01-14T16:29:09.253+0200] {dag.py:3820} INFO - Setting next_dagrun for first_dag to 2024-01-14T14:20:00+00:00, run_after=2024-01-14T14:25:00+00:00
[2024-01-14T16:29:09.273+0200] {processor.py:183} INFO - Processing /home/mahmoud/airflow/dags/first_dag.py took 0.083 seconds
[2024-01-14T16:29:39.437+0200] {processor.py:161} INFO - Started process (PID=39067) to work on /home/mahmoud/airflow/dags/first_dag.py
[2024-01-14T16:29:39.439+0200] {processor.py:830} INFO - Processing file /home/mahmoud/airflow/dags/first_dag.py for tasks to queue
[2024-01-14T16:29:39.440+0200] {logging_mixin.py:188} INFO - [2024-01-14T16:29:39.439+0200] {dagbag.py:538} INFO - Filling up the DagBag from /home/mahmoud/airflow/dags/first_dag.py
[2024-01-14T16:29:39.450+0200] {processor.py:840} INFO - DAG(s) 'first_dag' retrieved from /home/mahmoud/airflow/dags/first_dag.py
[2024-01-14T16:29:39.468+0200] {logging_mixin.py:188} INFO - [2024-01-14T16:29:39.468+0200] {dag.py:3033} INFO - Sync 1 DAGs
[2024-01-14T16:29:39.485+0200] {logging_mixin.py:188} INFO - [2024-01-14T16:29:39.484+0200] {dag.py:3820} INFO - Setting next_dagrun for first_dag to 2024-01-14T14:20:00+00:00, run_after=2024-01-14T14:25:00+00:00
[2024-01-14T16:29:39.504+0200] {processor.py:183} INFO - Processing /home/mahmoud/airflow/dags/first_dag.py took 0.070 seconds
[2024-01-14T16:30:09.660+0200] {processor.py:161} INFO - Started process (PID=39161) to work on /home/mahmoud/airflow/dags/first_dag.py
[2024-01-14T16:30:09.663+0200] {processor.py:830} INFO - Processing file /home/mahmoud/airflow/dags/first_dag.py for tasks to queue
[2024-01-14T16:30:09.664+0200] {logging_mixin.py:188} INFO - [2024-01-14T16:30:09.664+0200] {dagbag.py:538} INFO - Filling up the DagBag from /home/mahmoud/airflow/dags/first_dag.py
[2024-01-14T16:30:09.678+0200] {processor.py:840} INFO - DAG(s) 'first_dag' retrieved from /home/mahmoud/airflow/dags/first_dag.py
[2024-01-14T16:30:09.697+0200] {logging_mixin.py:188} INFO - [2024-01-14T16:30:09.697+0200] {dag.py:3033} INFO - Sync 1 DAGs
[2024-01-14T16:30:09.717+0200] {logging_mixin.py:188} INFO - [2024-01-14T16:30:09.716+0200] {dag.py:3820} INFO - Setting next_dagrun for first_dag to 2024-01-14T14:25:00+00:00, run_after=2024-01-14T14:30:00+00:00
[2024-01-14T16:30:09.737+0200] {processor.py:183} INFO - Processing /home/mahmoud/airflow/dags/first_dag.py took 0.081 seconds
[2024-01-14T16:30:39.822+0200] {processor.py:161} INFO - Started process (PID=39246) to work on /home/mahmoud/airflow/dags/first_dag.py
[2024-01-14T16:30:39.823+0200] {processor.py:830} INFO - Processing file /home/mahmoud/airflow/dags/first_dag.py for tasks to queue
[2024-01-14T16:30:39.824+0200] {logging_mixin.py:188} INFO - [2024-01-14T16:30:39.823+0200] {dagbag.py:538} INFO - Filling up the DagBag from /home/mahmoud/airflow/dags/first_dag.py
[2024-01-14T16:30:39.833+0200] {processor.py:840} INFO - DAG(s) 'first_dag' retrieved from /home/mahmoud/airflow/dags/first_dag.py
[2024-01-14T16:30:39.852+0200] {logging_mixin.py:188} INFO - [2024-01-14T16:30:39.851+0200] {dag.py:3033} INFO - Sync 1 DAGs
[2024-01-14T16:30:39.875+0200] {logging_mixin.py:188} INFO - [2024-01-14T16:30:39.875+0200] {dag.py:3820} INFO - Setting next_dagrun for first_dag to 2024-01-14T14:25:00+00:00, run_after=2024-01-14T14:30:00+00:00
[2024-01-14T16:30:39.903+0200] {processor.py:183} INFO - Processing /home/mahmoud/airflow/dags/first_dag.py took 0.084 seconds
[2024-01-14T16:31:10.003+0200] {processor.py:161} INFO - Started process (PID=39337) to work on /home/mahmoud/airflow/dags/first_dag.py
[2024-01-14T16:31:10.004+0200] {processor.py:830} INFO - Processing file /home/mahmoud/airflow/dags/first_dag.py for tasks to queue
[2024-01-14T16:31:10.005+0200] {logging_mixin.py:188} INFO - [2024-01-14T16:31:10.005+0200] {dagbag.py:538} INFO - Filling up the DagBag from /home/mahmoud/airflow/dags/first_dag.py
[2024-01-14T16:31:10.016+0200] {processor.py:840} INFO - DAG(s) 'first_dag' retrieved from /home/mahmoud/airflow/dags/first_dag.py
[2024-01-14T16:31:10.036+0200] {logging_mixin.py:188} INFO - [2024-01-14T16:31:10.036+0200] {dag.py:3033} INFO - Sync 1 DAGs
[2024-01-14T16:31:10.058+0200] {logging_mixin.py:188} INFO - [2024-01-14T16:31:10.058+0200] {dag.py:3820} INFO - Setting next_dagrun for first_dag to 2024-01-14T14:25:00+00:00, run_after=2024-01-14T14:30:00+00:00
[2024-01-14T16:31:10.079+0200] {processor.py:183} INFO - Processing /home/mahmoud/airflow/dags/first_dag.py took 0.078 seconds
[2024-01-14T16:31:40.176+0200] {processor.py:161} INFO - Started process (PID=39430) to work on /home/mahmoud/airflow/dags/first_dag.py
[2024-01-14T16:31:40.178+0200] {processor.py:830} INFO - Processing file /home/mahmoud/airflow/dags/first_dag.py for tasks to queue
[2024-01-14T16:31:40.179+0200] {logging_mixin.py:188} INFO - [2024-01-14T16:31:40.178+0200] {dagbag.py:538} INFO - Filling up the DagBag from /home/mahmoud/airflow/dags/first_dag.py
[2024-01-14T16:31:40.191+0200] {processor.py:840} INFO - DAG(s) 'first_dag' retrieved from /home/mahmoud/airflow/dags/first_dag.py
[2024-01-14T16:31:40.210+0200] {logging_mixin.py:188} INFO - [2024-01-14T16:31:40.210+0200] {dag.py:3033} INFO - Sync 1 DAGs
[2024-01-14T16:31:40.233+0200] {logging_mixin.py:188} INFO - [2024-01-14T16:31:40.233+0200] {dag.py:3820} INFO - Setting next_dagrun for first_dag to 2024-01-14T14:25:00+00:00, run_after=2024-01-14T14:30:00+00:00
[2024-01-14T16:31:40.258+0200] {processor.py:183} INFO - Processing /home/mahmoud/airflow/dags/first_dag.py took 0.085 seconds
[2024-01-14T16:32:10.337+0200] {processor.py:161} INFO - Started process (PID=39518) to work on /home/mahmoud/airflow/dags/first_dag.py
[2024-01-14T16:32:10.339+0200] {processor.py:830} INFO - Processing file /home/mahmoud/airflow/dags/first_dag.py for tasks to queue
[2024-01-14T16:32:10.340+0200] {logging_mixin.py:188} INFO - [2024-01-14T16:32:10.340+0200] {dagbag.py:538} INFO - Filling up the DagBag from /home/mahmoud/airflow/dags/first_dag.py
[2024-01-14T16:32:10.355+0200] {processor.py:840} INFO - DAG(s) 'first_dag' retrieved from /home/mahmoud/airflow/dags/first_dag.py
[2024-01-14T16:32:10.379+0200] {logging_mixin.py:188} INFO - [2024-01-14T16:32:10.379+0200] {dag.py:3033} INFO - Sync 1 DAGs
[2024-01-14T16:32:10.403+0200] {logging_mixin.py:188} INFO - [2024-01-14T16:32:10.403+0200] {dag.py:3820} INFO - Setting next_dagrun for first_dag to 2024-01-14T14:25:00+00:00, run_after=2024-01-14T14:30:00+00:00
[2024-01-14T16:32:10.424+0200] {processor.py:183} INFO - Processing /home/mahmoud/airflow/dags/first_dag.py took 0.090 seconds
[2024-01-14T16:32:40.504+0200] {processor.py:161} INFO - Started process (PID=39645) to work on /home/mahmoud/airflow/dags/first_dag.py
[2024-01-14T16:32:40.505+0200] {processor.py:830} INFO - Processing file /home/mahmoud/airflow/dags/first_dag.py for tasks to queue
[2024-01-14T16:32:40.506+0200] {logging_mixin.py:188} INFO - [2024-01-14T16:32:40.505+0200] {dagbag.py:538} INFO - Filling up the DagBag from /home/mahmoud/airflow/dags/first_dag.py
[2024-01-14T16:32:40.518+0200] {processor.py:840} INFO - DAG(s) 'first_dag' retrieved from /home/mahmoud/airflow/dags/first_dag.py
[2024-01-14T16:32:40.537+0200] {logging_mixin.py:188} INFO - [2024-01-14T16:32:40.537+0200] {dag.py:3033} INFO - Sync 1 DAGs
[2024-01-14T16:32:40.557+0200] {logging_mixin.py:188} INFO - [2024-01-14T16:32:40.557+0200] {dag.py:3820} INFO - Setting next_dagrun for first_dag to 2024-01-14T14:25:00+00:00, run_after=2024-01-14T14:30:00+00:00
[2024-01-14T16:32:40.579+0200] {processor.py:183} INFO - Processing /home/mahmoud/airflow/dags/first_dag.py took 0.079 seconds
